<?xml version="1.0" encoding="UTF-8"?>
<testsuites name="Test1" time="56.915" tests="2" failures="0" errors="0">
   <testsuite name="Test1" tests="2" failures="0" errors="0" time="56.915" timestamp="2020-02-17 17:30:54" hostname="Dell - DESKTOP-8FKLJ50" id="Test Suites/Test1">
      <properties>
         <property name="deviceName" value=""/>
         <property name="devicePlatform" value=""/>
         <property name="logFolder" value="C:\\Users\\Dell\\git\\GSMProject\\Reports\\20200217_173040\\Test1\\20200217_173040"/>
         <property name="logFiles" value="C:\\Users\\Dell\\git\\GSMProject\\Reports\\20200217_173040\\Test1\\20200217_173040\\execution0.log"/>
         <property name="attachments" value=""/>
         <property name="hostName" value="Dell - DESKTOP-8FKLJ50"/>
         <property name="os" value="Windows 10 64bit"/>
         <property name="katalonVersion" value="7.2.1.1"/>
         <property name="browser" value="Chrome 79.0.3945.130"/>
         <property name="dbServerInfo" value="MySQL 5.7.22-log"/>
         <property name="hostAddress" value="10.0.75.1"/>
         <property name="sessionId" value="ab1bb0737c970946266f897deb3105fa"/>
         <property name="seleniumVersion" value="3.141.59"/>
         <property name="proxyInformation" value="ProxyInformation{proxyOption=NO_PROXY, proxyServerType=HTTP, password=, proxyServerAddress=, proxyServerPort=0, executionList=}"/>
         <property name="platform" value="Windows 10"/>
      </properties>
      <testcase name="Test Cases/Atlas Platform/OnBoard/Swicther/TC_000_Common_Browser_WithLogin" time="51.794" classname="Test Cases/Atlas Platform/OnBoard/Swicther/TC_000_Common_Browser_WithLogin" status="PASSED">
         <system-out><![CDATA[2020-02-17 17:30:55 - [TEST_CASE][PASSED] - Test Cases/Atlas Platform/OnBoard/Swicther/TC_000_Common_Browser_WithLogin: Test Cases/Atlas Platform/OnBoard/Swicther/TC_000_Common_Browser_WithLogin

2020-02-17 17:30:55 - [TEST_STEP][PASSED] - callTestCase(findTestCase("Atlas Platform/OnBoard/Login/LoginWithRootAdmin"), [:], STOP_ON_FAILURE): Call Test Case 'Test Cases/Atlas Platform/OnBoard/Login/LoginWithRootAdmin' successfully

2020-02-17 17:30:56 - [TEST_CASE][PASSED] - Test Cases/Atlas Platform/OnBoard/Login/LoginWithRootAdmin: Test Cases/Atlas Platform/OnBoard/Login/LoginWithRootAdmin

2020-02-17 17:30:57 - [TEST_STEP][NOT_RUN] - openBrowser(""): NOT_RUN: openBrowser("")

2020-02-17 17:30:57 - [MESSAGE][NOT_RUN] - NOT_RUN: openBrowser("")

2020-02-17 17:30:57 - [TEST_STEP][PASSED] - callTestCase(findTestCase("Atlas Platform/OnBoard/SwictherDBValidation/TC_100_ForSecurityURLSAcceptance"), [:], CONTINUE_ON_FAILURE): Call Test Case 'Test Cases/Atlas Platform/OnBoard/SwictherDBValidation/TC_100_ForSecurityURLSAcceptance' successfully

2020-02-17 17:30:57 - [TEST_CASE][PASSED] - Test Cases/Atlas Platform/OnBoard/SwictherDBValidation/TC_100_ForSecurityURLSAcceptance: Test Cases/Atlas Platform/OnBoard/SwictherDBValidation/TC_100_ForSecurityURLSAcceptance

2020-02-17 17:30:57 - [TEST_STEP][PASSED] - openBrowser(""): Browser is opened with url: ''

2020-02-17 17:30:58 - [MESSAGE][INFO] - Starting 'Chrome' driver

2020-02-17 17:30:58 - [MESSAGE][INFO] - User set preference: ['args', '[--start-maximized, --disable-web-security, --no-proxy-server]']

2020-02-17 17:30:58 - [MESSAGE][INFO] - User set preference: ['prefs', '{credentials_enable_service=false, profile.password_manager_enabled=false}']

2020-02-17 17:30:58 - [MESSAGE][INFO] - Action delay is set to 0 seconds

2020-02-17 17:31:06 - [MESSAGE][PASSED] - Browser is opened with url: ''

2020-02-17 17:31:06 - [TEST_STEP][PASSED] - navigateToUrl("https://ec2-3-133-54-242.us-east-2.compute.amazonaws.com:9092/services/message/api/programs"): Navigate to 'https://ec2-3-133-54-242.us-east-2.compute.amazonaws.com:9092/services/message/api/programs' successfully

2020-02-17 17:31:07 - [MESSAGE][PASSED] - Navigate to 'https://ec2-3-133-54-242.us-east-2.compute.amazonaws.com:9092/services/message/api/programs' successfully

2020-02-17 17:31:07 - [TEST_STEP][PASSED] - click(findTestObject("LoginPage/httpAdvanceBtn")): Object: 'Object Repository/LoginPage/httpAdvanceBtn' is clicked on

2020-02-17 17:31:07 - [MESSAGE][PASSED] - Object: 'Object Repository/LoginPage/httpAdvanceBtn' is clicked on

2020-02-17 17:31:07 - [TEST_STEP][PASSED] - click(findTestObject("LoginPage/httpsproceedlink")): Object: 'Object Repository/LoginPage/httpsproceedlink' is clicked on

2020-02-17 17:31:10 - [MESSAGE][PASSED] - Object: 'Object Repository/LoginPage/httpsproceedlink' is clicked on

2020-02-17 17:31:10 - [TEST_STEP][PASSED] - navigateToUrl("https://3.19.246.255:9090/services/configuration/api/authenticate"): Navigate to 'https://3.19.246.255:9090/services/configuration/api/authenticate' successfully

2020-02-17 17:31:14 - [MESSAGE][PASSED] - Navigate to 'https://3.19.246.255:9090/services/configuration/api/authenticate' successfully

2020-02-17 17:31:14 - [TEST_STEP][PASSED] - click(findTestObject("LoginPage/httpAdvanceBtn")): Object: 'Object Repository/LoginPage/httpAdvanceBtn' is clicked on

2020-02-17 17:31:15 - [MESSAGE][PASSED] - Object: 'Object Repository/LoginPage/httpAdvanceBtn' is clicked on

2020-02-17 17:31:15 - [TEST_STEP][PASSED] - click(findTestObject("LoginPage/httpsproceedlink")): Object: 'Object Repository/LoginPage/httpsproceedlink' is clicked on

2020-02-17 17:31:17 - [MESSAGE][PASSED] - Object: 'Object Repository/LoginPage/httpsproceedlink' is clicked on

2020-02-17 17:31:17 - [TEST_STEP][PASSED] - navigateToUrl("https://ec2-3-133-54-242.us-east-2.compute.amazonaws.com:8080/services/data/api/data-sources?search=Repair&filters=ACTIVE&page=0&size=20&sort=accountId,DESC"): Navigate to 'https://ec2-3-133-54-242.us-east-2.compute.amazonaws.com:8080/services/data/api/data-sources?search=Repair&filters=ACTIVE&page=0&size=20&sort=accountId,DESC' successfully

2020-02-17 17:31:21 - [MESSAGE][PASSED] - Navigate to 'https://ec2-3-133-54-242.us-east-2.compute.amazonaws.com:8080/services/data/api/data-sources?search=Repair&filters=ACTIVE&page=0&size=20&sort=accountId,DESC' successfully

2020-02-17 17:31:21 - [TEST_STEP][PASSED] - click(findTestObject("LoginPage/httpAdvanceBtn")): Object: 'Object Repository/LoginPage/httpAdvanceBtn' is clicked on

2020-02-17 17:31:21 - [MESSAGE][PASSED] - Object: 'Object Repository/LoginPage/httpAdvanceBtn' is clicked on

2020-02-17 17:31:21 - [TEST_STEP][PASSED] - click(findTestObject("LoginPage/httpsproceedlink")): Object: 'Object Repository/LoginPage/httpsproceedlink' is clicked on

2020-02-17 17:31:24 - [MESSAGE][PASSED] - Object: 'Object Repository/LoginPage/httpsproceedlink' is clicked on

2020-02-17 17:31:24 - [TEST_STEP][PASSED] - navigateToUrl("https://3.19.246.255:9091/services/content/api/images?page=0&size=10"): Navigate to 'https://3.19.246.255:9091/services/content/api/images?page=0&size=10' successfully

2020-02-17 17:31:27 - [MESSAGE][PASSED] - Navigate to 'https://3.19.246.255:9091/services/content/api/images?page=0&size=10' successfully

2020-02-17 17:31:27 - [TEST_STEP][PASSED] - click(findTestObject("LoginPage/httpAdvanceBtn")): Object: 'Object Repository/LoginPage/httpAdvanceBtn' is clicked on

2020-02-17 17:31:27 - [MESSAGE][PASSED] - Object: 'Object Repository/LoginPage/httpAdvanceBtn' is clicked on

2020-02-17 17:31:27 - [TEST_STEP][PASSED] - click(findTestObject("LoginPage/httpsproceedlink")): Object: 'Object Repository/LoginPage/httpsproceedlink' is clicked on

2020-02-17 17:31:29 - [MESSAGE][PASSED] - Object: 'Object Repository/LoginPage/httpsproceedlink' is clicked on

2020-02-17 17:31:29 - [MESSAGE][PASSED] - Call Test Case 'Test Cases/Atlas Platform/OnBoard/SwictherDBValidation/TC_100_ForSecurityURLSAcceptance' successfully

2020-02-17 17:31:29 - [TEST_STEP][PASSED] - navigateToUrl("https://atlas-dev.gsm.auto/"): Navigate to 'https://atlas-dev.gsm.auto/' successfully

2020-02-17 17:31:35 - [MESSAGE][PASSED] - Navigate to 'https://atlas-dev.gsm.auto/' successfully

2020-02-17 17:31:35 - [TEST_STEP][PASSED] - setText(findTestObject("Object Repository/LoginPage/loginpageemailtxtbox"), user_Email): Text 'navaraj@totient.co.in' is set on object 'Object Repository/LoginPage/loginpageemailtxtbox'

2020-02-17 17:31:36 - [MESSAGE][PASSED] - Text 'navaraj@totient.co.in' is set on object 'Object Repository/LoginPage/loginpageemailtxtbox'

2020-02-17 17:31:36 - [TEST_STEP][PASSED] - setText(findTestObject("Object Repository/LoginPage/loginpaepasswordtxtbox"), user_Password): Text 'Totient@123' is set on object 'Object Repository/LoginPage/loginpaepasswordtxtbox'

2020-02-17 17:31:37 - [MESSAGE][PASSED] - Text 'Totient@123' is set on object 'Object Repository/LoginPage/loginpaepasswordtxtbox'

2020-02-17 17:31:37 - [TEST_STEP][PASSED] - click(findTestObject("LoginPage/loginpageloginbtn")): Object: 'Object Repository/LoginPage/loginpageloginbtn' is clicked on

2020-02-17 17:31:38 - [MESSAGE][PASSED] - Object: 'Object Repository/LoginPage/loginpageloginbtn' is clicked on

2020-02-17 17:31:38 - [TEST_STEP][PASSED] - conn = com.katalon.plugin.keyword.connection.DatabaseKeywords.getGlobalConnection(): com.katalon.plugin.keyword.connection.DatabaseKeywords.getGlobalConnection is PASSED

2020-02-17 17:31:43 - [MESSAGE][PASSED] - com.katalon.plugin.keyword.connection.DatabaseKeywords.getGlobalConnection is PASSED

2020-02-17 17:31:43 - [TEST_STEP][PASSED] - resultValues1 = com.katalon.plugin.keyword.connection.DatabaseKeywords.executeQuery(conn, "SELECT * FROM atlas_config.user WHERE email ="" + user_Email + "";"): com.katalon.plugin.keyword.connection.DatabaseKeywords.executeQuery is PASSED

2020-02-17 17:31:43 - [MESSAGE][PASSED] - com.katalon.plugin.keyword.connection.DatabaseKeywords.executeQuery is PASSED

2020-02-17 17:31:43 - [TEST_STEP][PASSED] - println(com.katalon.plugin.keyword.connection.ResultSetKeywords.getSingleCellValue(resultValues1, 1, "user_id")): com.katalon.plugin.keyword.connection.ResultSetKeywords.getSingleCellValue is PASSED

2020-02-17 17:31:44 - [MESSAGE][PASSED] - com.katalon.plugin.keyword.connection.ResultSetKeywords.getSingleCellValue is PASSED

2020-02-17 17:31:44 - [TEST_STEP][PASSED] - user_id = com.katalon.plugin.keyword.connection.ResultSetKeywords.getSingleCellValue(resultValues1, 1, "user_id"): com.katalon.plugin.keyword.connection.ResultSetKeywords.getSingleCellValue is PASSED

2020-02-17 17:31:44 - [MESSAGE][PASSED] - com.katalon.plugin.keyword.connection.ResultSetKeywords.getSingleCellValue is PASSED

2020-02-17 17:31:44 - [TEST_STEP][PASSED] - println("User ID Variable value is : " + user_id): null

2020-02-17 17:31:44 - [MESSAGE][PASSED] - Call Test Case 'Test Cases/Atlas Platform/OnBoard/Login/LoginWithRootAdmin' successfully

2020-02-17 17:31:44 - [TEST_STEP][PASSED] - Start listener action : sampleAfterTestCase: null

2020-02-17 17:31:44 - [TEST_STEP][PASSED] - println(testCaseContext.getTestCaseId()): null

2020-02-17 17:31:44 - [TEST_STEP][PASSED] - println(testCaseContext.getTestCaseStatus()): null

2020-02-17 17:31:44 - [TEST_STEP][PASSED] - println("On Failure Method is Calling : " + testCaseContext.getTestCaseStatus()): null

2020-02-17 17:31:44 - [TEST_STEP][PASSED] - if (!(getTestCaseStatus().equalsIgnoreCase("PASSED"))): null]]></system-out>
         <system-err><![CDATA[]]></system-err>
      </testcase>
      <testcase name="Test Cases/Atlas Platform/OnBoard/Swicther/TC_001_SwictherTextValidation" time="3.939" classname="Test Cases/Atlas Platform/OnBoard/Swicther/TC_001_SwictherTextValidation" status="PASSED">
         <system-out><![CDATA[2020-02-17 17:31:46 - [TEST_CASE][PASSED] - Test Cases/Atlas Platform/OnBoard/Swicther/TC_001_SwictherTextValidation: Test Cases/Atlas Platform/OnBoard/Swicther/TC_001_SwictherTextValidation

2020-02-17 17:31:47 - [TEST_STEP][NOT_RUN] - callTestCase(findTestCase("Atlas Platform/OnBoard/Login/LoginWithRootAdmin"), [:], STOP_ON_FAILURE): NOT_RUN: callTestCase(findTestCase("Atlas Platform/OnBoard/Login/LoginWithRootAdmin"), [:], STOP_ON_FAILURE)

2020-02-17 17:31:47 - [MESSAGE][NOT_RUN] - NOT_RUN: callTestCase(findTestCase("Atlas Platform/OnBoard/Login/LoginWithRootAdmin"), [:], STOP_ON_FAILURE)

2020-02-17 17:31:47 - [TEST_STEP][PASSED] - verifyElementPresent(findTestObject("Swicther/swicthermenutext"), 0): Object 'Object Repository/Swicther/swicthermenutext' is present

2020-02-17 17:31:47 - [MESSAGE][WARNING] - Timeout '0' is invalid. Using default page load timeout: '230'

2020-02-17 17:31:47 - [MESSAGE][PASSED] - Object 'Object Repository/Swicther/swicthermenutext' is present

2020-02-17 17:31:47 - [TEST_STEP][PASSED] - verifyEqual(getCSSValue(findTestObject("Swicther/swicthermenutext"), "margin-right"), "6px"): Actual object '6px' and expected object '6px' are equal

2020-02-17 17:31:48 - [MESSAGE][PASSED] - Get CSS 'margin-right' value on 'Object Repository/Swicther/swicthermenutext' successfully: '6px'.

2020-02-17 17:31:48 - [MESSAGE][PASSED] - Actual object '6px' and expected object '6px' are equal

2020-02-17 17:31:48 - [TEST_STEP][PASSED] - verifyEqual(getCSSValue(findTestObject("Swicther/swicthermenutext"), "font-size"), "12px"): Actual object '12px' and expected object '12px' are equal

2020-02-17 17:31:48 - [MESSAGE][PASSED] - Get CSS 'font-size' value on 'Object Repository/Swicther/swicthermenutext' successfully: '12px'.

2020-02-17 17:31:48 - [MESSAGE][PASSED] - Actual object '12px' and expected object '12px' are equal

2020-02-17 17:31:48 - [TEST_STEP][PASSED] - Start listener action : sampleAfterTestCase: null

2020-02-17 17:31:48 - [TEST_STEP][PASSED] - println(testCaseContext.getTestCaseId()): null

2020-02-17 17:31:48 - [TEST_STEP][PASSED] - println(testCaseContext.getTestCaseStatus()): null

2020-02-17 17:31:48 - [TEST_STEP][PASSED] - println("On Failure Method is Calling : " + testCaseContext.getTestCaseStatus()): null

2020-02-17 17:31:48 - [TEST_STEP][PASSED] - if (!(getTestCaseStatus().equalsIgnoreCase("PASSED"))): null]]></system-out>
         <system-err><![CDATA[]]></system-err>
      </testcase>
      <system-out><![CDATA[2020-02-17 17:30:54 - [TEST_SUITE][PASSED] - Test1: Test Cases/Atlas Platform/OnBoard/Swicther/TC_001_SwictherTextValidation]]></system-out>
      <system-err><![CDATA[]]></system-err>
   </testsuite>
</testsuites>
