<?xml version="1.0" encoding="UTF-8"?>
<testsuites name="Login" time="41.098" tests="3" failures="0" errors="0">
   <testsuite name="Login" tests="3" failures="0" errors="0" time="41.098" timestamp="2020-03-13 14:19:10" hostname="Dell - DESKTOP-8FKLJ50" id="Test Suites/LOGIN/Login">
      <properties>
         <property name="deviceName" value=""/>
         <property name="devicePlatform" value=""/>
         <property name="logFolder" value="C:\\Users\\Dell\\git\\AtlasPlatform_QA\\Reports\\20200313_141845\\LOGIN\\Login\\20200313_141845"/>
         <property name="logFiles" value="C:\\Users\\Dell\\git\\AtlasPlatform_QA\\Reports\\20200313_141845\\LOGIN\\Login\\20200313_141845\\execution0.log"/>
         <property name="attachments" value=""/>
         <property name="hostName" value="Dell - DESKTOP-8FKLJ50"/>
         <property name="os" value="Windows 10 64bit"/>
         <property name="katalonVersion" value="7.2.1.1"/>
         <property name="browser" value="Chrome 80.0.3987.132"/>
         <property name="hostAddress" value="10.0.75.1"/>
         <property name="sessionId" value="a9b107c33db768ce4a7554c3fa0cb6f4"/>
         <property name="seleniumVersion" value="3.141.59"/>
         <property name="proxyInformation" value="ProxyInformation{proxyOption=NO_PROXY, proxyServerType=HTTP, password=, proxyServerAddress=, proxyServerPort=0, executionList=}"/>
         <property name="platform" value="Windows 10"/>
      </properties>
      <testcase name="Test Cases/Atlas Platform/Platform Navigation/Login/Default Logins/Default_Login_as_Root Admin" time="32.416" classname="Test Cases/Atlas Platform/Platform Navigation/Login/Default Logins/Default_Login_as_Root Admin" status="PASSED">
         <system-out><![CDATA[2020-03-13 14:19:11 - [TEST_CASE][PASSED] - Test Cases/Atlas Platform/Platform Navigation/Login/Default Logins/Default_Login_as_Root Admin: Test Cases/Atlas Platform/Platform Navigation/Login/Default Logins/Default_Login_as_Root Admin

2020-03-13 14:19:13 - [TEST_STEP][PASSED] - openBrowser(""): Browser is opened with url: ''

2020-03-13 14:19:14 - [MESSAGE][INFO] - Starting 'Chrome' driver

2020-03-13 14:19:14 - [MESSAGE][INFO] - User set preference: ['args', '[--start-maximized, --disable-web-security, --no-proxy-server]']

2020-03-13 14:19:14 - [MESSAGE][INFO] - User set preference: ['prefs', '{credentials_enable_service=false, profile.password_manager_enabled=false}']

2020-03-13 14:19:14 - [MESSAGE][INFO] - Action delay is set to 0 seconds

2020-03-13 14:19:29 - [MESSAGE][PASSED] - Browser is opened with url: ''

2020-03-13 14:19:29 - [TEST_STEP][NOT_RUN] - callTestCase(findTestCase("Atlas Platform/Platform Navigation/Login/Default Logins/TC_100_ForSecurityURLSAcceptance"), [:], CONTINUE_ON_FAILURE): NOT_RUN: callTestCase(findTestCase("Atlas Platform/Platform Navigation/Login/Default Logins/TC_100_ForSecurityURLSAcceptance"), [:], CONTINUE_ON_FAILURE)

2020-03-13 14:19:29 - [MESSAGE][NOT_RUN] - NOT_RUN: callTestCase(findTestCase("Atlas Platform/Platform Navigation/Login/Default Logins/TC_100_ForSecurityURLSAcceptance"), [:], CONTINUE_ON_FAILURE)

2020-03-13 14:19:29 - [TEST_STEP][PASSED] - navigateToUrl("https://atlas-dev.gsm.auto/"): Navigate to 'https://atlas-dev.gsm.auto/' successfully

2020-03-13 14:19:35 - [MESSAGE][PASSED] - Navigate to 'https://atlas-dev.gsm.auto/' successfully

2020-03-13 14:19:35 - [TEST_STEP][PASSED] - setText(findTestObject("Login_Page/Page_/email address placeholder"), Email): Text 'Navaraj@totient.co.in' is set on object 'Object Repository/Login_Page/Page_/email address placeholder'

2020-03-13 14:19:38 - [MESSAGE][PASSED] - Text 'Navaraj@totient.co.in' is set on object 'Object Repository/Login_Page/Page_/email address placeholder'

2020-03-13 14:19:38 - [TEST_STEP][PASSED] - setText(findTestObject("Login_Page/Page_/Password placeholder"), Password): Text 'Totient@123' is set on object 'Object Repository/Login_Page/Page_/Password placeholder'

2020-03-13 14:19:39 - [MESSAGE][PASSED] - Text 'Totient@123' is set on object 'Object Repository/Login_Page/Page_/Password placeholder'

2020-03-13 14:19:39 - [TEST_STEP][PASSED] - click(findTestObject("Login_Page/Page_/Log In button")): Object: 'Object Repository/Login_Page/Page_/Log In button' is clicked on

2020-03-13 14:19:40 - [MESSAGE][PASSED] - Object: 'Object Repository/Login_Page/Page_/Log In button' is clicked on

2020-03-13 14:19:40 - [TEST_STEP][PASSED] - dashboard_act_title = getWindowTitle(): Current window's title is: ''

2020-03-13 14:19:40 - [MESSAGE][PASSED] - Current window's title is: ''

2020-03-13 14:19:40 - [TEST_STEP][PASSED] - verifyEqual(dashboard_act_title, dashboard_exp_title): Actual object '' and expected object '' are equal

2020-03-13 14:19:41 - [MESSAGE][PASSED] - Actual object '' and expected object '' are equal

2020-03-13 14:19:41 - [TEST_STEP][PASSED] - Start listener action : sampleAfterTestCase: null

2020-03-13 14:19:41 - [TEST_STEP][PASSED] - println(testCaseContext.getTestCaseId()): null

2020-03-13 14:19:41 - [TEST_STEP][PASSED] - println(testCaseContext.getTestCaseStatus()): null

2020-03-13 14:19:41 - [TEST_STEP][PASSED] - println("On Failure Method is Calling : " + testCaseContext.getTestCaseStatus()): null

2020-03-13 14:19:41 - [TEST_STEP][PASSED] - if (!(getTestCaseStatus().equalsIgnoreCase("PASSED"))): null]]></system-out>
         <system-err><![CDATA[]]></system-err>
      </testcase>
      <testcase name="Test Cases/Atlas Platform/Platform Navigation/Logout/Logout" time="4.339" classname="Test Cases/Atlas Platform/Platform Navigation/Logout/Logout" status="PASSED">
         <system-out><![CDATA[2020-03-13 14:19:43 - [TEST_CASE][PASSED] - Test Cases/Atlas Platform/Platform Navigation/Logout/Logout: Test Cases/Atlas Platform/Platform Navigation/Logout/Logout

2020-03-13 14:19:44 - [TEST_STEP][PASSED] - click(findTestObject("Logout/My Account")): Object: 'Object Repository/Logout/My Account' is clicked on

2020-03-13 14:19:45 - [MESSAGE][PASSED] - Object: 'Object Repository/Logout/My Account' is clicked on

2020-03-13 14:19:45 - [TEST_STEP][PASSED] - click(findTestObject("Logout/li_Log Out")): Object: 'Object Repository/Logout/li_Log Out' is clicked on

2020-03-13 14:19:45 - [MESSAGE][PASSED] - Object: 'Object Repository/Logout/li_Log Out' is clicked on

2020-03-13 14:19:45 - [TEST_STEP][PASSED] - Start listener action : sampleAfterTestCase: null

2020-03-13 14:19:45 - [TEST_STEP][PASSED] - println(testCaseContext.getTestCaseId()): null

2020-03-13 14:19:45 - [TEST_STEP][PASSED] - println(testCaseContext.getTestCaseStatus()): null

2020-03-13 14:19:45 - [TEST_STEP][PASSED] - println("On Failure Method is Calling : " + testCaseContext.getTestCaseStatus()): null

2020-03-13 14:19:45 - [TEST_STEP][PASSED] - if (!(getTestCaseStatus().equalsIgnoreCase("PASSED"))): null]]></system-out>
         <system-err><![CDATA[]]></system-err>
      </testcase>
      <testcase name="Test Cases/Atlas Platform/Platform Navigation/Picker/TC_099_Close_Common_Browser" time="3.611" classname="Test Cases/Atlas Platform/Platform Navigation/Picker/TC_099_Close_Common_Browser" status="PASSED">
         <system-out><![CDATA[2020-03-13 14:19:48 - [TEST_CASE][PASSED] - Test Cases/Atlas Platform/Platform Navigation/Picker/TC_099_Close_Common_Browser: Test Cases/Atlas Platform/Platform Navigation/Picker/TC_099_Close_Common_Browser

2020-03-13 14:19:48 - [TEST_STEP][PASSED] - closeBrowser(): Browser is closed

2020-03-13 14:19:49 - [MESSAGE][PASSED] - Browser is closed

2020-03-13 14:19:49 - [TEST_STEP][PASSED] - Start listener action : sampleAfterTestCase: null

2020-03-13 14:19:49 - [TEST_STEP][PASSED] - println(testCaseContext.getTestCaseId()): null

2020-03-13 14:19:49 - [TEST_STEP][PASSED] - println(testCaseContext.getTestCaseStatus()): null

2020-03-13 14:19:49 - [TEST_STEP][PASSED] - println("On Failure Method is Calling : " + testCaseContext.getTestCaseStatus()): null

2020-03-13 14:19:49 - [TEST_STEP][PASSED] - if (!(getTestCaseStatus().equalsIgnoreCase("PASSED"))): null]]></system-out>
         <system-err><![CDATA[]]></system-err>
      </testcase>
      <system-out><![CDATA[2020-03-13 14:19:10 - [TEST_SUITE][PASSED] - Login: Test Cases/Atlas Platform/Platform Navigation/Picker/TC_099_Close_Common_Browser]]></system-out>
      <system-err><![CDATA[]]></system-err>
   </testsuite>
</testsuites>
