<?xml version="1.0" encoding="UTF-8"?>
<testsuites name="Roles (sanity)" time="522.97" tests="11" failures="2" errors="0">
   <testsuite name="Roles (sanity)" tests="11" failures="2" errors="0" time="522.97" timestamp="2020-03-13 15:32:47" hostname="Dell - DESKTOP-8FKLJ50" id="Test Suites/ROLES/Roles (sanity)">
      <properties>
         <property name="deviceName" value=""/>
         <property name="devicePlatform" value=""/>
         <property name="logFolder" value="C:\\Users\\Dell\\git\\AtlasPlatform_QA\\Reports\\20200313_153232\\ROLES\\Roles (sanity)\\20200313_153232"/>
         <property name="logFiles" value="C:\\Users\\Dell\\git\\AtlasPlatform_QA\\Reports\\20200313_153232\\ROLES\\Roles (sanity)\\20200313_153232\\execution0.log"/>
         <property name="attachments" value="D:\\TestDataForSampleProject\\test1.jpg, C:\\Users\\Dell\\git\\AtlasPlatform_QA\\Reports\\20200313_153232\\ROLES\\Roles (sanity)\\20200313_153232/videos\\test_8.avi, D:\\TestDataForSampleProject\\test1.jpg, C:\\Users\\Dell\\git\\AtlasPlatform_QA\\Reports\\20200313_153232\\ROLES\\Roles (sanity)\\20200313_153232/videos\\test_9.avi"/>
         <property name="hostName" value="Dell - DESKTOP-8FKLJ50"/>
         <property name="os" value="Windows 10 64bit"/>
         <property name="katalonVersion" value="7.2.1.1"/>
         <property name="browser" value="Chrome 80.0.3987.132"/>
         <property name="hostAddress" value="10.0.75.1"/>
         <property name="sessionId" value="878fe7c75a67d55c1ea250a5b45d640a"/>
         <property name="seleniumVersion" value="3.141.59"/>
         <property name="proxyInformation" value="ProxyInformation{proxyOption=NO_PROXY, proxyServerType=HTTP, password=, proxyServerAddress=, proxyServerPort=0, executionList=}"/>
         <property name="platform" value="Windows 10"/>
      </properties>
      <testcase name="Test Cases/Atlas Platform/Platform Navigation/Login/Default Logins/Default_Login_as_Root Admin" time="25.909" classname="Test Cases/Atlas Platform/Platform Navigation/Login/Default Logins/Default_Login_as_Root Admin" status="PASSED">
         <system-out><![CDATA[2020-03-13 15:32:47 - [TEST_CASE][PASSED] - Test Cases/Atlas Platform/Platform Navigation/Login/Default Logins/Default_Login_as_Root Admin: Test Cases/Atlas Platform/Platform Navigation/Login/Default Logins/Default_Login_as_Root Admin

2020-03-13 15:32:49 - [TEST_STEP][PASSED] - openBrowser(""): Browser is opened with url: ''

2020-03-13 15:32:50 - [MESSAGE][INFO] - Starting 'Chrome' driver

2020-03-13 15:32:50 - [MESSAGE][INFO] - User set preference: ['args', '[--start-maximized, --disable-web-security, --no-proxy-server]']

2020-03-13 15:32:50 - [MESSAGE][INFO] - User set preference: ['prefs', '{credentials_enable_service=false, profile.password_manager_enabled=false}']

2020-03-13 15:32:50 - [MESSAGE][INFO] - Action delay is set to 0 seconds

2020-03-13 15:32:59 - [MESSAGE][PASSED] - Browser is opened with url: ''

2020-03-13 15:32:59 - [TEST_STEP][NOT_RUN] - callTestCase(findTestCase("Atlas Platform/Platform Navigation/Login/Default Logins/TC_100_ForSecurityURLSAcceptance"), [:], CONTINUE_ON_FAILURE): NOT_RUN: callTestCase(findTestCase("Atlas Platform/Platform Navigation/Login/Default Logins/TC_100_ForSecurityURLSAcceptance"), [:], CONTINUE_ON_FAILURE)

2020-03-13 15:32:59 - [MESSAGE][NOT_RUN] - NOT_RUN: callTestCase(findTestCase("Atlas Platform/Platform Navigation/Login/Default Logins/TC_100_ForSecurityURLSAcceptance"), [:], CONTINUE_ON_FAILURE)

2020-03-13 15:32:59 - [TEST_STEP][PASSED] - navigateToUrl("https://atlas-dev.gsm.auto/"): Navigate to 'https://atlas-dev.gsm.auto/' successfully

2020-03-13 15:33:06 - [MESSAGE][PASSED] - Navigate to 'https://atlas-dev.gsm.auto/' successfully

2020-03-13 15:33:06 - [TEST_STEP][PASSED] - setText(findTestObject("Login_Page/Page_/email address placeholder"), Email): Text 'Navaraj@totient.co.in' is set on object 'Object Repository/Login_Page/Page_/email address placeholder'

2020-03-13 15:33:09 - [MESSAGE][PASSED] - Text 'Navaraj@totient.co.in' is set on object 'Object Repository/Login_Page/Page_/email address placeholder'

2020-03-13 15:33:09 - [TEST_STEP][PASSED] - setText(findTestObject("Login_Page/Page_/Password placeholder"), Password): Text 'Totient@123' is set on object 'Object Repository/Login_Page/Page_/Password placeholder'

2020-03-13 15:33:10 - [MESSAGE][PASSED] - Text 'Totient@123' is set on object 'Object Repository/Login_Page/Page_/Password placeholder'

2020-03-13 15:33:10 - [TEST_STEP][PASSED] - click(findTestObject("Login_Page/Page_/Log In button")): Object: 'Object Repository/Login_Page/Page_/Log In button' is clicked on

2020-03-13 15:33:11 - [MESSAGE][PASSED] - Object: 'Object Repository/Login_Page/Page_/Log In button' is clicked on

2020-03-13 15:33:11 - [TEST_STEP][PASSED] - dashboard_act_title = getWindowTitle(): Current window's title is: ''

2020-03-13 15:33:11 - [MESSAGE][PASSED] - Current window's title is: ''

2020-03-13 15:33:11 - [TEST_STEP][PASSED] - verifyEqual(dashboard_act_title, dashboard_exp_title): Actual object '' and expected object '' are equal

2020-03-13 15:33:11 - [MESSAGE][PASSED] - Actual object '' and expected object '' are equal

2020-03-13 15:33:11 - [TEST_STEP][PASSED] - Start listener action : sampleAfterTestCase: null

2020-03-13 15:33:11 - [TEST_STEP][PASSED] - println(testCaseContext.getTestCaseId()): null

2020-03-13 15:33:11 - [TEST_STEP][PASSED] - println(testCaseContext.getTestCaseStatus()): null

2020-03-13 15:33:11 - [TEST_STEP][PASSED] - println("On Failure Method is Calling : " + testCaseContext.getTestCaseStatus()): null

2020-03-13 15:33:11 - [TEST_STEP][PASSED] - if (!(getTestCaseStatus().equalsIgnoreCase("PASSED"))): null]]></system-out>
         <system-err><![CDATA[]]></system-err>
      </testcase>
      <testcase name="Test Cases/Atlas Platform/Configuration Management/Platform Management/ROLES/Create Role/Create a Role (sanity)" time="14.959" classname="Test Cases/Atlas Platform/Configuration Management/Platform Management/ROLES/Create Role/Create a Role (sanity)" status="PASSED">
         <system-out><![CDATA[2020-03-13 15:33:13 - [TEST_CASE][PASSED] - Test Cases/Atlas Platform/Configuration Management/Platform Management/ROLES/Create Role/Create a Role (sanity): Test Cases/Atlas Platform/Configuration Management/Platform Management/ROLES/Create Role/Create a Role (sanity)

2020-03-13 15:33:14 - [TEST_STEP][PASSED] - click(findTestObject("ROLES/Role_Navigation/a_ADMIN")): Object: 'Object Repository/ROLES/Role_Navigation/a_ADMIN' is clicked on

2020-03-13 15:33:14 - [MESSAGE][PASSED] - Object: 'Object Repository/ROLES/Role_Navigation/a_ADMIN' is clicked on

2020-03-13 15:33:14 - [TEST_STEP][PASSED] - click(findTestObject("ROLES/Roles_page/Create Role_button")): Object: 'Object Repository/ROLES/Roles_page/Create Role_button' is clicked on

2020-03-13 15:33:17 - [MESSAGE][PASSED] - Object: 'Object Repository/ROLES/Roles_page/Create Role_button' is clicked on

2020-03-13 15:33:17 - [TEST_STEP][PASSED] - ROLENAME1 = findTestData("Roles").getValue(3, 1): null

2020-03-13 15:33:18 - [TEST_STEP][PASSED] - sendKeys(findTestObject("ROLES/Create Role/New Role_page/input_Role Name_name"), ROLENAME1): Keys 'Role1 13-03-2020 15:33:18' sent to object: 'Object Repository/ROLES/Create Role/New Role_page/input_Role Name_name'

2020-03-13 15:33:19 - [MESSAGE][PASSED] - Keys 'Role1 13-03-2020 15:33:18' sent to object: 'Object Repository/ROLES/Create Role/New Role_page/input_Role Name_name'

2020-03-13 15:33:19 - [TEST_STEP][PASSED] - sendKeys(findTestObject("ROLES/Create Role/New Role_page/textarea_Role Description_description"), findTestData("Roles").getValue(4, 1)): Keys 'Role Description' sent to object: 'Object Repository/ROLES/Create Role/New Role_page/textarea_Role Description_description'

2020-03-13 15:33:20 - [MESSAGE][PASSED] - Keys 'Role Description' sent to object: 'Object Repository/ROLES/Create Role/New Role_page/textarea_Role Description_description'

2020-03-13 15:33:20 - [TEST_STEP][PASSED] - click(findTestObject("ROLES/Create Role/New Role_page/div_Create")): Object: 'Object Repository/ROLES/Create Role/New Role_page/div_Create' is clicked on

2020-03-13 15:33:21 - [MESSAGE][PASSED] - Object: 'Object Repository/ROLES/Create Role/New Role_page/div_Create' is clicked on

2020-03-13 15:33:21 - [TEST_STEP][PASSED] - verifyElementPresent(findTestObject("ROLES/Create Role/ConfirmationPopup_created"), 230): Object 'Object Repository/ROLES/Create Role/ConfirmationPopup_created' is present

2020-03-13 15:33:22 - [MESSAGE][PASSED] - Object 'Object Repository/ROLES/Create Role/ConfirmationPopup_created' is present

2020-03-13 15:33:22 - [TEST_STEP][PASSED] - delay(3): Delayed 3 second(s)

2020-03-13 15:33:25 - [MESSAGE][PASSED] - Delayed 3 second(s)

2020-03-13 15:33:25 - [TEST_STEP][PASSED] - verifyElementText(findTestObject("ROLES/Roles_page/1st Role name in grid"), ROLENAME1): Actual text and expected text of test object 'Object Repository/ROLES/Roles_page/1st Role name in grid' are matched.

2020-03-13 15:33:26 - [MESSAGE][PASSED] - Actual text and expected text of test object 'Object Repository/ROLES/Roles_page/1st Role name in grid' are matched.

2020-03-13 15:33:26 - [TEST_STEP][PASSED] - Start listener action : sampleAfterTestCase: null

2020-03-13 15:33:26 - [TEST_STEP][PASSED] - println(testCaseContext.getTestCaseId()): null

2020-03-13 15:33:26 - [TEST_STEP][PASSED] - println(testCaseContext.getTestCaseStatus()): null

2020-03-13 15:33:26 - [TEST_STEP][PASSED] - println("On Failure Method is Calling : " + testCaseContext.getTestCaseStatus()): null

2020-03-13 15:33:26 - [TEST_STEP][PASSED] - if (!(getTestCaseStatus().equalsIgnoreCase("PASSED"))): null]]></system-out>
         <system-err><![CDATA[]]></system-err>
      </testcase>
      <testcase name="Test Cases/Atlas Platform/Configuration Management/Platform Management/ROLES/Role Listing Grid/Search Role/Search the Created Role (sanity)" time="5.342" classname="Test Cases/Atlas Platform/Configuration Management/Platform Management/ROLES/Role Listing Grid/Search Role/Search the Created Role (sanity)" status="PASSED">
         <system-out><![CDATA[2020-03-13 15:33:28 - [TEST_CASE][PASSED] - Test Cases/Atlas Platform/Configuration Management/Platform Management/ROLES/Role Listing Grid/Search Role/Search the Created Role (sanity): Test Cases/Atlas Platform/Configuration Management/Platform Management/ROLES/Role Listing Grid/Search Role/Search the Created Role (sanity)

2020-03-13 15:33:29 - [TEST_STEP][PASSED] - sendKeys(findTestObject("ROLES/Roles_page/Search_placeholder"), ROLENAME1 + ENTER): Keys 'ENTER + Role1 13-03-2020 15:33:18' sent to object: 'Object Repository/ROLES/Roles_page/Search_placeholder'

2020-03-13 15:33:29 - [MESSAGE][PASSED] - Keys 'ENTER + Role1 13-03-2020 15:33:18' sent to object: 'Object Repository/ROLES/Roles_page/Search_placeholder'

2020-03-13 15:33:29 - [TEST_STEP][PASSED] - delay(1): Delayed 1 second(s)

2020-03-13 15:33:30 - [MESSAGE][PASSED] - Delayed 1 second(s)

2020-03-13 15:33:30 - [TEST_STEP][PASSED] - verifyElementText(findTestObject("ROLES/Roles_page/role name"), ROLENAME1): Actual text and expected text of test object 'Object Repository/ROLES/Roles_page/role name' are matched.

2020-03-13 15:33:31 - [MESSAGE][PASSED] - Actual text and expected text of test object 'Object Repository/ROLES/Roles_page/role name' are matched.

2020-03-13 15:33:31 - [TEST_STEP][PASSED] - click(findTestObject("ROLES/Roles_page/Search text field/clear button")): Object: 'Object Repository/ROLES/Roles_page/Search text field/clear button' is clicked on

2020-03-13 15:33:31 - [MESSAGE][PASSED] - Object: 'Object Repository/ROLES/Roles_page/Search text field/clear button' is clicked on

2020-03-13 15:33:31 - [TEST_STEP][PASSED] - Start listener action : sampleAfterTestCase: null

2020-03-13 15:33:31 - [TEST_STEP][PASSED] - println(testCaseContext.getTestCaseId()): null

2020-03-13 15:33:31 - [TEST_STEP][PASSED] - println(testCaseContext.getTestCaseStatus()): null

2020-03-13 15:33:31 - [TEST_STEP][PASSED] - println("On Failure Method is Calling : " + testCaseContext.getTestCaseStatus()): null

2020-03-13 15:33:31 - [TEST_STEP][PASSED] - if (!(getTestCaseStatus().equalsIgnoreCase("PASSED"))): null]]></system-out>
         <system-err><![CDATA[]]></system-err>
      </testcase>
      <testcase name="Test Cases/Atlas Platform/Configuration Management/Platform Management/ROLES/Edit Role/Edit a Role by changing the role name(sanity)" time="14.568" classname="Test Cases/Atlas Platform/Configuration Management/Platform Management/ROLES/Edit Role/Edit a Role by changing the role name(sanity)" status="PASSED">
         <system-out><![CDATA[2020-03-13 15:33:33 - [TEST_CASE][PASSED] - Test Cases/Atlas Platform/Configuration Management/Platform Management/ROLES/Edit Role/Edit a Role by changing the role name(sanity): Test Cases/Atlas Platform/Configuration Management/Platform Management/ROLES/Edit Role/Edit a Role by changing the role name(sanity)

2020-03-13 15:33:34 - [TEST_STEP][PASSED] - verifyElementText(findTestObject("ROLES/Roles_page/role name"), ROLENAME1): Actual text and expected text of test object 'Object Repository/ROLES/Roles_page/role name' are matched.

2020-03-13 15:33:34 - [MESSAGE][PASSED] - Actual text and expected text of test object 'Object Repository/ROLES/Roles_page/role name' are matched.

2020-03-13 15:33:34 - [TEST_STEP][PASSED] - click(findTestObject("ROLES/Roles_page/Hamburger/button_hamburger")): Object: 'Object Repository/ROLES/Roles_page/Hamburger/button_hamburger' is clicked on

2020-03-13 15:33:35 - [MESSAGE][PASSED] - Object: 'Object Repository/ROLES/Roles_page/Hamburger/button_hamburger' is clicked on

2020-03-13 15:33:35 - [TEST_STEP][PASSED] - click(findTestObject("ROLES/Edit Role/edit_link")): Object: 'Object Repository/ROLES/Edit Role/edit_link' is clicked on

2020-03-13 15:33:35 - [MESSAGE][PASSED] - Object: 'Object Repository/ROLES/Edit Role/edit_link' is clicked on

2020-03-13 15:33:35 - [TEST_STEP][PASSED] - click(findTestObject("ROLES/Create Role/New Role_page/input_Role Name_name")): Object: 'Object Repository/ROLES/Create Role/New Role_page/input_Role Name_name' is clicked on

2020-03-13 15:33:37 - [MESSAGE][PASSED] - Object: 'Object Repository/ROLES/Create Role/New Role_page/input_Role Name_name' is clicked on

2020-03-13 15:33:37 - [TEST_STEP][PASSED] - click(findTestObject("ROLES/Create Role/New Role_page/Clear_button")): Object: 'Object Repository/ROLES/Create Role/New Role_page/Clear_button' is clicked on

2020-03-13 15:33:38 - [MESSAGE][PASSED] - Object: 'Object Repository/ROLES/Create Role/New Role_page/Clear_button' is clicked on

2020-03-13 15:33:38 - [TEST_STEP][PASSED] - ROLENAME2 = findTestData("Roles").getValue(3, 2): null

2020-03-13 15:33:38 - [TEST_STEP][PASSED] - sendKeys(findTestObject("ROLES/Create Role/New Role_page/input_Role Name_name"), ROLENAME2): Keys 'Role2 13-03-2020 15:33:38' sent to object: 'Object Repository/ROLES/Create Role/New Role_page/input_Role Name_name'

2020-03-13 15:33:39 - [MESSAGE][PASSED] - Keys 'Role2 13-03-2020 15:33:38' sent to object: 'Object Repository/ROLES/Create Role/New Role_page/input_Role Name_name'

2020-03-13 15:33:39 - [TEST_STEP][PASSED] - click(findTestObject("ROLES/Edit Role/save button")): Object: 'Object Repository/ROLES/Edit Role/save button' is clicked on

2020-03-13 15:33:39 - [MESSAGE][PASSED] - Object: 'Object Repository/ROLES/Edit Role/save button' is clicked on

2020-03-13 15:33:39 - [TEST_STEP][PASSED] - click(findTestObject("ROLES/Create Role/New Role_page/Yes_Save_button")): Object: 'Object Repository/ROLES/Create Role/New Role_page/Yes_Save_button' is clicked on

2020-03-13 15:33:40 - [MESSAGE][PASSED] - Object: 'Object Repository/ROLES/Create Role/New Role_page/Yes_Save_button' is clicked on

2020-03-13 15:33:40 - [TEST_STEP][PASSED] - delay(5): Delayed 5 second(s)

2020-03-13 15:33:45 - [MESSAGE][PASSED] - Delayed 5 second(s)

2020-03-13 15:33:45 - [TEST_STEP][PASSED] - verifyElementText(findTestObject("ROLES/Edit Role/role name"), ROLENAME2): Actual text and expected text of test object 'Object Repository/ROLES/Edit Role/role name' are matched.

2020-03-13 15:33:46 - [MESSAGE][PASSED] - Actual text and expected text of test object 'Object Repository/ROLES/Edit Role/role name' are matched.

2020-03-13 15:33:46 - [TEST_STEP][PASSED] - Start listener action : sampleAfterTestCase: null

2020-03-13 15:33:46 - [TEST_STEP][PASSED] - println(testCaseContext.getTestCaseId()): null

2020-03-13 15:33:46 - [TEST_STEP][PASSED] - println(testCaseContext.getTestCaseStatus()): null

2020-03-13 15:33:46 - [TEST_STEP][PASSED] - println("On Failure Method is Calling : " + testCaseContext.getTestCaseStatus()): null

2020-03-13 15:33:46 - [TEST_STEP][PASSED] - if (!(getTestCaseStatus().equalsIgnoreCase("PASSED"))): null]]></system-out>
         <system-err><![CDATA[]]></system-err>
      </testcase>
      <testcase name="Test Cases/Atlas Platform/Configuration Management/Platform Management/ROLES/Change Status/Change the status of a Role from active to archived (sanity)" time="11.789" classname="Test Cases/Atlas Platform/Configuration Management/Platform Management/ROLES/Change Status/Change the status of a Role from active to archived (sanity)" status="PASSED">
         <system-out><![CDATA[2020-03-13 15:33:48 - [TEST_CASE][PASSED] - Test Cases/Atlas Platform/Configuration Management/Platform Management/ROLES/Change Status/Change the status of a Role from active to archived (sanity): Test Cases/Atlas Platform/Configuration Management/Platform Management/ROLES/Change Status/Change the status of a Role from active to archived (sanity)

2020-03-13 15:33:48 - [TEST_STEP][PASSED] - delay(2): Delayed 2 second(s)

2020-03-13 15:33:50 - [MESSAGE][PASSED] - Delayed 2 second(s)

2020-03-13 15:33:50 - [TEST_STEP][PASSED] - verifyElementText(findTestObject("ROLES/Change Status/role name"), ROLENAME2): Actual text and expected text of test object 'Object Repository/ROLES/Change Status/role name' are matched.

2020-03-13 15:33:50 - [MESSAGE][PASSED] - Actual text and expected text of test object 'Object Repository/ROLES/Change Status/role name' are matched.

2020-03-13 15:33:50 - [TEST_STEP][PASSED] - click(findTestObject("ROLES/Roles_page/Hamburger/button_hamburger")): Object: 'Object Repository/ROLES/Roles_page/Hamburger/button_hamburger' is clicked on

2020-03-13 15:33:51 - [MESSAGE][PASSED] - Object: 'Object Repository/ROLES/Roles_page/Hamburger/button_hamburger' is clicked on

2020-03-13 15:33:51 - [TEST_STEP][PASSED] - click(findTestObject("ROLES/Change Status/change status link")): Object: 'Object Repository/ROLES/Change Status/change status link' is clicked on

2020-03-13 15:33:52 - [MESSAGE][PASSED] - Object: 'Object Repository/ROLES/Change Status/change status link' is clicked on

2020-03-13 15:33:52 - [TEST_STEP][PASSED] - click(findTestObject("ROLES/Change Status/Archived")): Object: 'Object Repository/ROLES/Change Status/Archived' is clicked on

2020-03-13 15:33:52 - [MESSAGE][PASSED] - Object: 'Object Repository/ROLES/Change Status/Archived' is clicked on

2020-03-13 15:33:52 - [TEST_STEP][PASSED] - click(findTestObject("ROLES/Change Status/Confirm_button")): Object: 'Object Repository/ROLES/Change Status/Confirm_button' is clicked on

2020-03-13 15:33:53 - [MESSAGE][PASSED] - Object: 'Object Repository/ROLES/Change Status/Confirm_button' is clicked on

2020-03-13 15:33:53 - [TEST_STEP][PASSED] - delay(2): Delayed 2 second(s)

2020-03-13 15:33:55 - [MESSAGE][PASSED] - Delayed 2 second(s)

2020-03-13 15:33:55 - [TEST_STEP][PASSED] - verifyElementText(findTestObject("ROLES/Change Status/status_archived"), findTestData("Roles").getValue(5, 2)): Actual text and expected text of test object 'Object Repository/ROLES/Change Status/status_archived' are matched.

2020-03-13 15:33:56 - [MESSAGE][PASSED] - Actual text and expected text of test object 'Object Repository/ROLES/Change Status/status_archived' are matched.

2020-03-13 15:33:56 - [TEST_STEP][PASSED] - delay(2): Delayed 2 second(s)

2020-03-13 15:33:58 - [MESSAGE][PASSED] - Delayed 2 second(s)

2020-03-13 15:33:58 - [TEST_STEP][PASSED] - Start listener action : sampleAfterTestCase: null

2020-03-13 15:33:58 - [TEST_STEP][PASSED] - println(testCaseContext.getTestCaseId()): null

2020-03-13 15:33:58 - [TEST_STEP][PASSED] - println(testCaseContext.getTestCaseStatus()): null

2020-03-13 15:33:58 - [TEST_STEP][PASSED] - println("On Failure Method is Calling : " + testCaseContext.getTestCaseStatus()): null

2020-03-13 15:33:58 - [TEST_STEP][PASSED] - if (!(getTestCaseStatus().equalsIgnoreCase("PASSED"))): null]]></system-out>
         <system-err><![CDATA[]]></system-err>
      </testcase>
      <testcase name="Test Cases/Atlas Platform/Configuration Management/Platform Management/ROLES/Role Listing Grid/RLG-007 Verify sorting by CreatedDate" time="74.568" classname="Test Cases/Atlas Platform/Configuration Management/Platform Management/ROLES/Role Listing Grid/RLG-007 Verify sorting by CreatedDate" status="PASSED">
         <system-out><![CDATA[2020-03-13 15:34:00 - [TEST_CASE][PASSED] - Test Cases/Atlas Platform/Configuration Management/Platform Management/ROLES/Role Listing Grid/RLG-007 Verify sorting by CreatedDate: Test Cases/Atlas Platform/Configuration Management/Platform Management/ROLES/Role Listing Grid/RLG-007 Verify sorting by CreatedDate

2020-03-13 15:34:01 - [TEST_STEP][NOT_RUN] - callTestCase(findTestCase("Atlas Platform/Platform Navigation/Login/Default Logins/Default_Login_as_Root Admin"), ["Email":findTestData("AMP_Y").getValue(1, 1), "Password":findTestData("AMP_Y").getValue(2, 1), "dashboard_exp_title":""], CONTINUE_ON_FAILURE): NOT_RUN: callTestCase(findTestCase("Atlas Platform/Platform Navigation/Login/Default Logins/Default_Login_as_Root Admin"), ["Email":findTestData("AMP_Y").getValue(1, 1), "Password":findTestData("AMP_Y").getValue(2, 1), "dashboard_exp_title":""], CONTINUE_ON_FAILURE)

2020-03-13 15:34:01 - [MESSAGE][NOT_RUN] - NOT_RUN: callTestCase(findTestCase("Atlas Platform/Platform Navigation/Login/Default Logins/Default_Login_as_Root Admin"), ["Email":findTestData("AMP_Y").getValue(1, 1), "Password":findTestData("AMP_Y").getValue(2, 1), "dashboard_exp_title":""], CONTINUE_ON_FAILURE)

2020-03-13 15:34:01 - [TEST_STEP][NOT_RUN] - click(findTestObject("ROLES/Role_Navigation/a_ADMIN")): NOT_RUN: click(findTestObject("ROLES/Role_Navigation/a_ADMIN"))

2020-03-13 15:34:01 - [MESSAGE][NOT_RUN] - NOT_RUN: click(findTestObject("ROLES/Role_Navigation/a_ADMIN"))

2020-03-13 15:34:01 - [TEST_STEP][PASSED] - driver = getWebDriver(): null

2020-03-13 15:34:02 - [TEST_STEP][PASSED] - noOfPages_text = getText(findTestObject("ROLES/Roles_page/Pagination/label_of 10")): Text of object 'Object Repository/ROLES/Roles_page/Pagination/label_of 10' is: 'of 18'

2020-03-13 15:34:02 - [MESSAGE][PASSED] - Text of object 'Object Repository/ROLES/Roles_page/Pagination/label_of 10' is: 'of 18'

2020-03-13 15:34:02 - [TEST_STEP][PASSED] - noOfPages = Integer.parseInt(noOfPages_text.substring(3)): null

2020-03-13 15:34:02 - [TEST_STEP][PASSED] - println(noOfPages): null

2020-03-13 15:34:02 - [TEST_STEP][PASSED] - for ([j = 1, j < 3, (j++)]): Actual object 'true' and expected object 'true' are equal

2020-03-13 15:34:02 - [TEST_STEP][PASSED] - click(findTestObject("ROLES/Roles_page/sorting/Created_header")): Object: 'Object Repository/ROLES/Roles_page/sorting/Created_header' is clicked on

2020-03-13 15:34:03 - [MESSAGE][PASSED] - Object: 'Object Repository/ROLES/Roles_page/sorting/Created_header' is clicked on

2020-03-13 15:34:03 - [TEST_STEP][PASSED] - createdDate = <not implemented yet for class: org.codehaus.groovy.ast.expr.EmptyExpression>: null

2020-03-13 15:34:03 - [TEST_STEP][PASSED] - AllCreatedDate = new java.util.ArrayList(): null

2020-03-13 15:34:03 - [TEST_STEP][PASSED] - for ([i = 1, i <= noOfPages, (i++)]): Object: 'Object Repository/ROLES/Roles_page/Pagination/front_navigation' is clicked on

2020-03-13 15:34:03 - [TEST_STEP][PASSED] - createdDate = findWebElements(findTestObject("ROLES/Roles_page/sorting/created"), 2): null

2020-03-13 15:34:04 - [TEST_STEP][PASSED] - for (org.openqa.selenium.WebElement a : createdDate): null

2020-03-13 15:34:04 - [TEST_STEP][PASSED] - AllCreatedDate.add(a.getText()): null

2020-03-13 15:34:04 - [TEST_STEP][PASSED] - AllCreatedDate.add(a.getText()): null

2020-03-13 15:34:04 - [TEST_STEP][PASSED] - AllCreatedDate.add(a.getText()): null

2020-03-13 15:34:04 - [TEST_STEP][PASSED] - AllCreatedDate.add(a.getText()): null

2020-03-13 15:34:04 - [TEST_STEP][PASSED] - AllCreatedDate.add(a.getText()): null

2020-03-13 15:34:04 - [TEST_STEP][PASSED] - AllCreatedDate.add(a.getText()): null

2020-03-13 15:34:04 - [TEST_STEP][PASSED] - AllCreatedDate.add(a.getText()): null

2020-03-13 15:34:04 - [TEST_STEP][PASSED] - AllCreatedDate.add(a.getText()): null

2020-03-13 15:34:04 - [TEST_STEP][PASSED] - AllCreatedDate.add(a.getText()): null

2020-03-13 15:34:04 - [TEST_STEP][PASSED] - AllCreatedDate.add(a.getText()): null

2020-03-13 15:34:04 - [TEST_STEP][PASSED] - click(findTestObject("ROLES/Roles_page/Pagination/front_navigation")): Object: 'Object Repository/ROLES/Roles_page/Pagination/front_navigation' is clicked on

2020-03-13 15:34:05 - [MESSAGE][PASSED] - Object: 'Object Repository/ROLES/Roles_page/Pagination/front_navigation' is clicked on

2020-03-13 15:34:05 - [TEST_STEP][PASSED] - createdDate = findWebElements(findTestObject("ROLES/Roles_page/sorting/created"), 2): null

2020-03-13 15:34:07 - [TEST_STEP][PASSED] - for (org.openqa.selenium.WebElement a : createdDate): null

2020-03-13 15:34:07 - [TEST_STEP][PASSED] - AllCreatedDate.add(a.getText()): null

2020-03-13 15:34:07 - [TEST_STEP][PASSED] - AllCreatedDate.add(a.getText()): null

2020-03-13 15:34:07 - [TEST_STEP][PASSED] - AllCreatedDate.add(a.getText()): null

2020-03-13 15:34:07 - [TEST_STEP][PASSED] - AllCreatedDate.add(a.getText()): null

2020-03-13 15:34:07 - [TEST_STEP][PASSED] - AllCreatedDate.add(a.getText()): null

2020-03-13 15:34:07 - [TEST_STEP][PASSED] - AllCreatedDate.add(a.getText()): null

2020-03-13 15:34:07 - [TEST_STEP][PASSED] - AllCreatedDate.add(a.getText()): null

2020-03-13 15:34:07 - [TEST_STEP][PASSED] - AllCreatedDate.add(a.getText()): null

2020-03-13 15:34:07 - [TEST_STEP][PASSED] - AllCreatedDate.add(a.getText()): null

2020-03-13 15:34:07 - [TEST_STEP][PASSED] - AllCreatedDate.add(a.getText()): null

2020-03-13 15:34:07 - [TEST_STEP][PASSED] - click(findTestObject("ROLES/Roles_page/Pagination/front_navigation")): Object: 'Object Repository/ROLES/Roles_page/Pagination/front_navigation' is clicked on

2020-03-13 15:34:08 - [MESSAGE][PASSED] - Object: 'Object Repository/ROLES/Roles_page/Pagination/front_navigation' is clicked on

2020-03-13 15:34:08 - [TEST_STEP][PASSED] - createdDate = findWebElements(findTestObject("ROLES/Roles_page/sorting/created"), 2): null

2020-03-13 15:34:09 - [TEST_STEP][PASSED] - for (org.openqa.selenium.WebElement a : createdDate): null

2020-03-13 15:34:09 - [TEST_STEP][PASSED] - AllCreatedDate.add(a.getText()): null

2020-03-13 15:34:09 - [TEST_STEP][PASSED] - AllCreatedDate.add(a.getText()): null

2020-03-13 15:34:09 - [TEST_STEP][PASSED] - AllCreatedDate.add(a.getText()): null

2020-03-13 15:34:09 - [TEST_STEP][PASSED] - AllCreatedDate.add(a.getText()): null

2020-03-13 15:34:09 - [TEST_STEP][PASSED] - AllCreatedDate.add(a.getText()): null

2020-03-13 15:34:09 - [TEST_STEP][PASSED] - AllCreatedDate.add(a.getText()): null

2020-03-13 15:34:09 - [TEST_STEP][PASSED] - AllCreatedDate.add(a.getText()): null

2020-03-13 15:34:09 - [TEST_STEP][PASSED] - AllCreatedDate.add(a.getText()): null

2020-03-13 15:34:09 - [TEST_STEP][PASSED] - AllCreatedDate.add(a.getText()): null

2020-03-13 15:34:09 - [TEST_STEP][PASSED] - AllCreatedDate.add(a.getText()): null

2020-03-13 15:34:09 - [TEST_STEP][PASSED] - click(findTestObject("ROLES/Roles_page/Pagination/front_navigation")): Object: 'Object Repository/ROLES/Roles_page/Pagination/front_navigation' is clicked on

2020-03-13 15:34:10 - [MESSAGE][PASSED] - Object: 'Object Repository/ROLES/Roles_page/Pagination/front_navigation' is clicked on

2020-03-13 15:34:10 - [TEST_STEP][PASSED] - createdDate = findWebElements(findTestObject("ROLES/Roles_page/sorting/created"), 2): null

2020-03-13 15:34:11 - [TEST_STEP][PASSED] - for (org.openqa.selenium.WebElement a : createdDate): null

2020-03-13 15:34:11 - [TEST_STEP][PASSED] - AllCreatedDate.add(a.getText()): null

2020-03-13 15:34:11 - [TEST_STEP][PASSED] - AllCreatedDate.add(a.getText()): null

2020-03-13 15:34:11 - [TEST_STEP][PASSED] - AllCreatedDate.add(a.getText()): null

2020-03-13 15:34:11 - [TEST_STEP][PASSED] - AllCreatedDate.add(a.getText()): null

2020-03-13 15:34:11 - [TEST_STEP][PASSED] - AllCreatedDate.add(a.getText()): null

2020-03-13 15:34:11 - [TEST_STEP][PASSED] - AllCreatedDate.add(a.getText()): null

2020-03-13 15:34:11 - [TEST_STEP][PASSED] - AllCreatedDate.add(a.getText()): null

2020-03-13 15:34:11 - [TEST_STEP][PASSED] - AllCreatedDate.add(a.getText()): null

2020-03-13 15:34:11 - [TEST_STEP][PASSED] - AllCreatedDate.add(a.getText()): null

2020-03-13 15:34:11 - [TEST_STEP][PASSED] - AllCreatedDate.add(a.getText()): null

2020-03-13 15:34:11 - [TEST_STEP][PASSED] - click(findTestObject("ROLES/Roles_page/Pagination/front_navigation")): Object: 'Object Repository/ROLES/Roles_page/Pagination/front_navigation' is clicked on

2020-03-13 15:34:11 - [MESSAGE][PASSED] - Object: 'Object Repository/ROLES/Roles_page/Pagination/front_navigation' is clicked on

2020-03-13 15:34:11 - [TEST_STEP][PASSED] - createdDate = findWebElements(findTestObject("ROLES/Roles_page/sorting/created"), 2): null

2020-03-13 15:34:12 - [TEST_STEP][PASSED] - for (org.openqa.selenium.WebElement a : createdDate): null

2020-03-13 15:34:12 - [TEST_STEP][PASSED] - AllCreatedDate.add(a.getText()): null

2020-03-13 15:34:12 - [TEST_STEP][PASSED] - AllCreatedDate.add(a.getText()): null

2020-03-13 15:34:12 - [TEST_STEP][PASSED] - AllCreatedDate.add(a.getText()): null

2020-03-13 15:34:12 - [TEST_STEP][PASSED] - AllCreatedDate.add(a.getText()): null

2020-03-13 15:34:12 - [TEST_STEP][PASSED] - AllCreatedDate.add(a.getText()): null

2020-03-13 15:34:12 - [TEST_STEP][PASSED] - AllCreatedDate.add(a.getText()): null

2020-03-13 15:34:12 - [TEST_STEP][PASSED] - AllCreatedDate.add(a.getText()): null

2020-03-13 15:34:12 - [TEST_STEP][PASSED] - AllCreatedDate.add(a.getText()): null

2020-03-13 15:34:12 - [TEST_STEP][PASSED] - AllCreatedDate.add(a.getText()): null

2020-03-13 15:34:12 - [TEST_STEP][PASSED] - AllCreatedDate.add(a.getText()): null

2020-03-13 15:34:12 - [TEST_STEP][PASSED] - click(findTestObject("ROLES/Roles_page/Pagination/front_navigation")): Object: 'Object Repository/ROLES/Roles_page/Pagination/front_navigation' is clicked on

2020-03-13 15:34:13 - [MESSAGE][PASSED] - Object: 'Object Repository/ROLES/Roles_page/Pagination/front_navigation' is clicked on

2020-03-13 15:34:13 - [TEST_STEP][PASSED] - createdDate = findWebElements(findTestObject("ROLES/Roles_page/sorting/created"), 2): null

2020-03-13 15:34:13 - [TEST_STEP][PASSED] - for (org.openqa.selenium.WebElement a : createdDate): null

2020-03-13 15:34:13 - [TEST_STEP][PASSED] - AllCreatedDate.add(a.getText()): null

2020-03-13 15:34:14 - [TEST_STEP][PASSED] - AllCreatedDate.add(a.getText()): null

2020-03-13 15:34:14 - [TEST_STEP][PASSED] - AllCreatedDate.add(a.getText()): null

2020-03-13 15:34:14 - [TEST_STEP][PASSED] - AllCreatedDate.add(a.getText()): null

2020-03-13 15:34:14 - [TEST_STEP][PASSED] - AllCreatedDate.add(a.getText()): null

2020-03-13 15:34:14 - [TEST_STEP][PASSED] - AllCreatedDate.add(a.getText()): null

2020-03-13 15:34:14 - [TEST_STEP][PASSED] - AllCreatedDate.add(a.getText()): null

2020-03-13 15:34:14 - [TEST_STEP][PASSED] - AllCreatedDate.add(a.getText()): null

2020-03-13 15:34:14 - [TEST_STEP][PASSED] - AllCreatedDate.add(a.getText()): null

2020-03-13 15:34:14 - [TEST_STEP][PASSED] - AllCreatedDate.add(a.getText()): null

2020-03-13 15:34:14 - [TEST_STEP][PASSED] - click(findTestObject("ROLES/Roles_page/Pagination/front_navigation")): Object: 'Object Repository/ROLES/Roles_page/Pagination/front_navigation' is clicked on

2020-03-13 15:34:14 - [MESSAGE][PASSED] - Object: 'Object Repository/ROLES/Roles_page/Pagination/front_navigation' is clicked on

2020-03-13 15:34:14 - [TEST_STEP][PASSED] - createdDate = findWebElements(findTestObject("ROLES/Roles_page/sorting/created"), 2): null

2020-03-13 15:34:16 - [TEST_STEP][PASSED] - for (org.openqa.selenium.WebElement a : createdDate): null

2020-03-13 15:34:16 - [TEST_STEP][PASSED] - AllCreatedDate.add(a.getText()): null

2020-03-13 15:34:16 - [TEST_STEP][PASSED] - AllCreatedDate.add(a.getText()): null

2020-03-13 15:34:16 - [TEST_STEP][PASSED] - AllCreatedDate.add(a.getText()): null

2020-03-13 15:34:16 - [TEST_STEP][PASSED] - AllCreatedDate.add(a.getText()): null

2020-03-13 15:34:16 - [TEST_STEP][PASSED] - AllCreatedDate.add(a.getText()): null

2020-03-13 15:34:16 - [TEST_STEP][PASSED] - AllCreatedDate.add(a.getText()): null

2020-03-13 15:34:16 - [TEST_STEP][PASSED] - AllCreatedDate.add(a.getText()): null

2020-03-13 15:34:16 - [TEST_STEP][PASSED] - AllCreatedDate.add(a.getText()): null

2020-03-13 15:34:16 - [TEST_STEP][PASSED] - AllCreatedDate.add(a.getText()): null

2020-03-13 15:34:16 - [TEST_STEP][PASSED] - AllCreatedDate.add(a.getText()): null

2020-03-13 15:34:16 - [TEST_STEP][PASSED] - click(findTestObject("ROLES/Roles_page/Pagination/front_navigation")): Object: 'Object Repository/ROLES/Roles_page/Pagination/front_navigation' is clicked on

2020-03-13 15:34:17 - [MESSAGE][PASSED] - Object: 'Object Repository/ROLES/Roles_page/Pagination/front_navigation' is clicked on

2020-03-13 15:34:17 - [TEST_STEP][PASSED] - createdDate = findWebElements(findTestObject("ROLES/Roles_page/sorting/created"), 2): null

2020-03-13 15:34:18 - [TEST_STEP][PASSED] - for (org.openqa.selenium.WebElement a : createdDate): null

2020-03-13 15:34:18 - [TEST_STEP][PASSED] - AllCreatedDate.add(a.getText()): null

2020-03-13 15:34:18 - [TEST_STEP][PASSED] - AllCreatedDate.add(a.getText()): null

2020-03-13 15:34:18 - [TEST_STEP][PASSED] - AllCreatedDate.add(a.getText()): null

2020-03-13 15:34:18 - [TEST_STEP][PASSED] - AllCreatedDate.add(a.getText()): null

2020-03-13 15:34:18 - [TEST_STEP][PASSED] - AllCreatedDate.add(a.getText()): null

2020-03-13 15:34:18 - [TEST_STEP][PASSED] - AllCreatedDate.add(a.getText()): null

2020-03-13 15:34:18 - [TEST_STEP][PASSED] - AllCreatedDate.add(a.getText()): null

2020-03-13 15:34:18 - [TEST_STEP][PASSED] - AllCreatedDate.add(a.getText()): null

2020-03-13 15:34:18 - [TEST_STEP][PASSED] - AllCreatedDate.add(a.getText()): null

2020-03-13 15:34:18 - [TEST_STEP][PASSED] - AllCreatedDate.add(a.getText()): null

2020-03-13 15:34:18 - [TEST_STEP][PASSED] - click(findTestObject("ROLES/Roles_page/Pagination/front_navigation")): Object: 'Object Repository/ROLES/Roles_page/Pagination/front_navigation' is clicked on

2020-03-13 15:34:19 - [MESSAGE][PASSED] - Object: 'Object Repository/ROLES/Roles_page/Pagination/front_navigation' is clicked on

2020-03-13 15:34:19 - [TEST_STEP][PASSED] - createdDate = findWebElements(findTestObject("ROLES/Roles_page/sorting/created"), 2): null

2020-03-13 15:34:19 - [TEST_STEP][PASSED] - for (org.openqa.selenium.WebElement a : createdDate): null

2020-03-13 15:34:19 - [TEST_STEP][PASSED] - AllCreatedDate.add(a.getText()): null

2020-03-13 15:34:19 - [TEST_STEP][PASSED] - AllCreatedDate.add(a.getText()): null

2020-03-13 15:34:19 - [TEST_STEP][PASSED] - AllCreatedDate.add(a.getText()): null

2020-03-13 15:34:20 - [TEST_STEP][PASSED] - AllCreatedDate.add(a.getText()): null

2020-03-13 15:34:20 - [TEST_STEP][PASSED] - AllCreatedDate.add(a.getText()): null

2020-03-13 15:34:20 - [TEST_STEP][PASSED] - AllCreatedDate.add(a.getText()): null

2020-03-13 15:34:20 - [TEST_STEP][PASSED] - AllCreatedDate.add(a.getText()): null

2020-03-13 15:34:20 - [TEST_STEP][PASSED] - AllCreatedDate.add(a.getText()): null

2020-03-13 15:34:20 - [TEST_STEP][PASSED] - AllCreatedDate.add(a.getText()): null

2020-03-13 15:34:20 - [TEST_STEP][PASSED] - AllCreatedDate.add(a.getText()): null

2020-03-13 15:34:20 - [TEST_STEP][PASSED] - click(findTestObject("ROLES/Roles_page/Pagination/front_navigation")): Object: 'Object Repository/ROLES/Roles_page/Pagination/front_navigation' is clicked on

2020-03-13 15:34:20 - [MESSAGE][PASSED] - Object: 'Object Repository/ROLES/Roles_page/Pagination/front_navigation' is clicked on

2020-03-13 15:34:20 - [TEST_STEP][PASSED] - createdDate = findWebElements(findTestObject("ROLES/Roles_page/sorting/created"), 2): null

2020-03-13 15:34:21 - [TEST_STEP][PASSED] - for (org.openqa.selenium.WebElement a : createdDate): null

2020-03-13 15:34:21 - [TEST_STEP][PASSED] - AllCreatedDate.add(a.getText()): null

2020-03-13 15:34:21 - [TEST_STEP][PASSED] - AllCreatedDate.add(a.getText()): null

2020-03-13 15:34:21 - [TEST_STEP][PASSED] - AllCreatedDate.add(a.getText()): null

2020-03-13 15:34:21 - [TEST_STEP][PASSED] - AllCreatedDate.add(a.getText()): null

2020-03-13 15:34:21 - [TEST_STEP][PASSED] - AllCreatedDate.add(a.getText()): null

2020-03-13 15:34:21 - [TEST_STEP][PASSED] - AllCreatedDate.add(a.getText()): null

2020-03-13 15:34:21 - [TEST_STEP][PASSED] - AllCreatedDate.add(a.getText()): null

2020-03-13 15:34:21 - [TEST_STEP][PASSED] - AllCreatedDate.add(a.getText()): null

2020-03-13 15:34:21 - [TEST_STEP][PASSED] - AllCreatedDate.add(a.getText()): null

2020-03-13 15:34:21 - [TEST_STEP][PASSED] - AllCreatedDate.add(a.getText()): null

2020-03-13 15:34:21 - [TEST_STEP][PASSED] - click(findTestObject("ROLES/Roles_page/Pagination/front_navigation")): Object: 'Object Repository/ROLES/Roles_page/Pagination/front_navigation' is clicked on

2020-03-13 15:34:22 - [MESSAGE][PASSED] - Object: 'Object Repository/ROLES/Roles_page/Pagination/front_navigation' is clicked on

2020-03-13 15:34:22 - [TEST_STEP][PASSED] - createdDate = findWebElements(findTestObject("ROLES/Roles_page/sorting/created"), 2): null

2020-03-13 15:34:23 - [TEST_STEP][PASSED] - for (org.openqa.selenium.WebElement a : createdDate): null

2020-03-13 15:34:23 - [TEST_STEP][PASSED] - AllCreatedDate.add(a.getText()): null

2020-03-13 15:34:23 - [TEST_STEP][PASSED] - AllCreatedDate.add(a.getText()): null

2020-03-13 15:34:23 - [TEST_STEP][PASSED] - AllCreatedDate.add(a.getText()): null

2020-03-13 15:34:23 - [TEST_STEP][PASSED] - AllCreatedDate.add(a.getText()): null

2020-03-13 15:34:23 - [TEST_STEP][PASSED] - AllCreatedDate.add(a.getText()): null

2020-03-13 15:34:23 - [TEST_STEP][PASSED] - AllCreatedDate.add(a.getText()): null

2020-03-13 15:34:23 - [TEST_STEP][PASSED] - AllCreatedDate.add(a.getText()): null

2020-03-13 15:34:23 - [TEST_STEP][PASSED] - AllCreatedDate.add(a.getText()): null

2020-03-13 15:34:23 - [TEST_STEP][PASSED] - AllCreatedDate.add(a.getText()): null

2020-03-13 15:34:23 - [TEST_STEP][PASSED] - AllCreatedDate.add(a.getText()): null

2020-03-13 15:34:23 - [TEST_STEP][PASSED] - click(findTestObject("ROLES/Roles_page/Pagination/front_navigation")): Object: 'Object Repository/ROLES/Roles_page/Pagination/front_navigation' is clicked on

2020-03-13 15:34:23 - [MESSAGE][PASSED] - Object: 'Object Repository/ROLES/Roles_page/Pagination/front_navigation' is clicked on

2020-03-13 15:34:23 - [TEST_STEP][PASSED] - createdDate = findWebElements(findTestObject("ROLES/Roles_page/sorting/created"), 2): null

2020-03-13 15:34:24 - [TEST_STEP][PASSED] - for (org.openqa.selenium.WebElement a : createdDate): null

2020-03-13 15:34:24 - [TEST_STEP][PASSED] - AllCreatedDate.add(a.getText()): null

2020-03-13 15:34:24 - [TEST_STEP][PASSED] - AllCreatedDate.add(a.getText()): null

2020-03-13 15:34:24 - [TEST_STEP][PASSED] - AllCreatedDate.add(a.getText()): null

2020-03-13 15:34:24 - [TEST_STEP][PASSED] - AllCreatedDate.add(a.getText()): null

2020-03-13 15:34:24 - [TEST_STEP][PASSED] - AllCreatedDate.add(a.getText()): null

2020-03-13 15:34:24 - [TEST_STEP][PASSED] - AllCreatedDate.add(a.getText()): null

2020-03-13 15:34:24 - [TEST_STEP][PASSED] - AllCreatedDate.add(a.getText()): null

2020-03-13 15:34:24 - [TEST_STEP][PASSED] - AllCreatedDate.add(a.getText()): null

2020-03-13 15:34:24 - [TEST_STEP][PASSED] - AllCreatedDate.add(a.getText()): null

2020-03-13 15:34:24 - [TEST_STEP][PASSED] - AllCreatedDate.add(a.getText()): null

2020-03-13 15:34:24 - [TEST_STEP][PASSED] - click(findTestObject("ROLES/Roles_page/Pagination/front_navigation")): Object: 'Object Repository/ROLES/Roles_page/Pagination/front_navigation' is clicked on

2020-03-13 15:34:25 - [MESSAGE][PASSED] - Object: 'Object Repository/ROLES/Roles_page/Pagination/front_navigation' is clicked on

2020-03-13 15:34:25 - [TEST_STEP][PASSED] - createdDate = findWebElements(findTestObject("ROLES/Roles_page/sorting/created"), 2): null

2020-03-13 15:34:26 - [TEST_STEP][PASSED] - for (org.openqa.selenium.WebElement a : createdDate): null

2020-03-13 15:34:26 - [TEST_STEP][PASSED] - AllCreatedDate.add(a.getText()): null

2020-03-13 15:34:26 - [TEST_STEP][PASSED] - AllCreatedDate.add(a.getText()): null

2020-03-13 15:34:26 - [TEST_STEP][PASSED] - AllCreatedDate.add(a.getText()): null

2020-03-13 15:34:26 - [TEST_STEP][PASSED] - AllCreatedDate.add(a.getText()): null

2020-03-13 15:34:26 - [TEST_STEP][PASSED] - AllCreatedDate.add(a.getText()): null

2020-03-13 15:34:26 - [TEST_STEP][PASSED] - AllCreatedDate.add(a.getText()): null

2020-03-13 15:34:26 - [TEST_STEP][PASSED] - AllCreatedDate.add(a.getText()): null

2020-03-13 15:34:26 - [TEST_STEP][PASSED] - AllCreatedDate.add(a.getText()): null

2020-03-13 15:34:26 - [TEST_STEP][PASSED] - AllCreatedDate.add(a.getText()): null

2020-03-13 15:34:26 - [TEST_STEP][PASSED] - AllCreatedDate.add(a.getText()): null

2020-03-13 15:34:26 - [TEST_STEP][PASSED] - click(findTestObject("ROLES/Roles_page/Pagination/front_navigation")): Object: 'Object Repository/ROLES/Roles_page/Pagination/front_navigation' is clicked on

2020-03-13 15:34:27 - [MESSAGE][PASSED] - Object: 'Object Repository/ROLES/Roles_page/Pagination/front_navigation' is clicked on

2020-03-13 15:34:27 - [TEST_STEP][PASSED] - createdDate = findWebElements(findTestObject("ROLES/Roles_page/sorting/created"), 2): null

2020-03-13 15:34:28 - [TEST_STEP][PASSED] - for (org.openqa.selenium.WebElement a : createdDate): null

2020-03-13 15:34:28 - [TEST_STEP][PASSED] - AllCreatedDate.add(a.getText()): null

2020-03-13 15:34:28 - [TEST_STEP][PASSED] - AllCreatedDate.add(a.getText()): null

2020-03-13 15:34:28 - [TEST_STEP][PASSED] - AllCreatedDate.add(a.getText()): null

2020-03-13 15:34:28 - [TEST_STEP][PASSED] - AllCreatedDate.add(a.getText()): null

2020-03-13 15:34:28 - [TEST_STEP][PASSED] - AllCreatedDate.add(a.getText()): null

2020-03-13 15:34:28 - [TEST_STEP][PASSED] - AllCreatedDate.add(a.getText()): null

2020-03-13 15:34:28 - [TEST_STEP][PASSED] - AllCreatedDate.add(a.getText()): null

2020-03-13 15:34:28 - [TEST_STEP][PASSED] - AllCreatedDate.add(a.getText()): null

2020-03-13 15:34:28 - [TEST_STEP][PASSED] - AllCreatedDate.add(a.getText()): null

2020-03-13 15:34:28 - [TEST_STEP][PASSED] - AllCreatedDate.add(a.getText()): null

2020-03-13 15:34:28 - [TEST_STEP][PASSED] - click(findTestObject("ROLES/Roles_page/Pagination/front_navigation")): Object: 'Object Repository/ROLES/Roles_page/Pagination/front_navigation' is clicked on

2020-03-13 15:34:28 - [MESSAGE][PASSED] - Object: 'Object Repository/ROLES/Roles_page/Pagination/front_navigation' is clicked on

2020-03-13 15:34:28 - [TEST_STEP][PASSED] - createdDate = findWebElements(findTestObject("ROLES/Roles_page/sorting/created"), 2): null

2020-03-13 15:34:29 - [TEST_STEP][PASSED] - for (org.openqa.selenium.WebElement a : createdDate): null

2020-03-13 15:34:29 - [TEST_STEP][PASSED] - AllCreatedDate.add(a.getText()): null

2020-03-13 15:34:29 - [TEST_STEP][PASSED] - AllCreatedDate.add(a.getText()): null

2020-03-13 15:34:29 - [TEST_STEP][PASSED] - AllCreatedDate.add(a.getText()): null

2020-03-13 15:34:29 - [TEST_STEP][PASSED] - AllCreatedDate.add(a.getText()): null

2020-03-13 15:34:29 - [TEST_STEP][PASSED] - AllCreatedDate.add(a.getText()): null

2020-03-13 15:34:29 - [TEST_STEP][PASSED] - AllCreatedDate.add(a.getText()): null

2020-03-13 15:34:29 - [TEST_STEP][PASSED] - AllCreatedDate.add(a.getText()): null

2020-03-13 15:34:29 - [TEST_STEP][PASSED] - AllCreatedDate.add(a.getText()): null

2020-03-13 15:34:29 - [TEST_STEP][PASSED] - AllCreatedDate.add(a.getText()): null

2020-03-13 15:34:29 - [TEST_STEP][PASSED] - AllCreatedDate.add(a.getText()): null

2020-03-13 15:34:29 - [TEST_STEP][PASSED] - click(findTestObject("ROLES/Roles_page/Pagination/front_navigation")): Object: 'Object Repository/ROLES/Roles_page/Pagination/front_navigation' is clicked on

2020-03-13 15:34:30 - [MESSAGE][PASSED] - Object: 'Object Repository/ROLES/Roles_page/Pagination/front_navigation' is clicked on

2020-03-13 15:34:30 - [TEST_STEP][PASSED] - createdDate = findWebElements(findTestObject("ROLES/Roles_page/sorting/created"), 2): null

2020-03-13 15:34:31 - [TEST_STEP][PASSED] - for (org.openqa.selenium.WebElement a : createdDate): null

2020-03-13 15:34:31 - [TEST_STEP][PASSED] - AllCreatedDate.add(a.getText()): null

2020-03-13 15:34:31 - [TEST_STEP][PASSED] - AllCreatedDate.add(a.getText()): null

2020-03-13 15:34:31 - [TEST_STEP][PASSED] - AllCreatedDate.add(a.getText()): null

2020-03-13 15:34:31 - [TEST_STEP][PASSED] - AllCreatedDate.add(a.getText()): null

2020-03-13 15:34:31 - [TEST_STEP][PASSED] - AllCreatedDate.add(a.getText()): null

2020-03-13 15:34:31 - [TEST_STEP][PASSED] - AllCreatedDate.add(a.getText()): null

2020-03-13 15:34:31 - [TEST_STEP][PASSED] - AllCreatedDate.add(a.getText()): null

2020-03-13 15:34:31 - [TEST_STEP][PASSED] - AllCreatedDate.add(a.getText()): null

2020-03-13 15:34:31 - [TEST_STEP][PASSED] - AllCreatedDate.add(a.getText()): null

2020-03-13 15:34:31 - [TEST_STEP][PASSED] - AllCreatedDate.add(a.getText()): null

2020-03-13 15:34:31 - [TEST_STEP][PASSED] - click(findTestObject("ROLES/Roles_page/Pagination/front_navigation")): Object: 'Object Repository/ROLES/Roles_page/Pagination/front_navigation' is clicked on

2020-03-13 15:34:32 - [MESSAGE][PASSED] - Object: 'Object Repository/ROLES/Roles_page/Pagination/front_navigation' is clicked on

2020-03-13 15:34:32 - [TEST_STEP][PASSED] - createdDate = findWebElements(findTestObject("ROLES/Roles_page/sorting/created"), 2): null

2020-03-13 15:34:32 - [TEST_STEP][PASSED] - for (org.openqa.selenium.WebElement a : createdDate): null

2020-03-13 15:34:32 - [TEST_STEP][PASSED] - AllCreatedDate.add(a.getText()): null

2020-03-13 15:34:32 - [TEST_STEP][PASSED] - AllCreatedDate.add(a.getText()): null

2020-03-13 15:34:32 - [TEST_STEP][PASSED] - AllCreatedDate.add(a.getText()): null

2020-03-13 15:34:32 - [TEST_STEP][PASSED] - AllCreatedDate.add(a.getText()): null

2020-03-13 15:34:32 - [TEST_STEP][PASSED] - AllCreatedDate.add(a.getText()): null

2020-03-13 15:34:32 - [TEST_STEP][PASSED] - AllCreatedDate.add(a.getText()): null

2020-03-13 15:34:33 - [TEST_STEP][PASSED] - AllCreatedDate.add(a.getText()): null

2020-03-13 15:34:33 - [TEST_STEP][PASSED] - AllCreatedDate.add(a.getText()): null

2020-03-13 15:34:33 - [TEST_STEP][PASSED] - AllCreatedDate.add(a.getText()): null

2020-03-13 15:34:33 - [TEST_STEP][PASSED] - AllCreatedDate.add(a.getText()): null

2020-03-13 15:34:33 - [TEST_STEP][PASSED] - click(findTestObject("ROLES/Roles_page/Pagination/front_navigation")): Object: 'Object Repository/ROLES/Roles_page/Pagination/front_navigation' is clicked on

2020-03-13 15:34:33 - [MESSAGE][PASSED] - Object: 'Object Repository/ROLES/Roles_page/Pagination/front_navigation' is clicked on

2020-03-13 15:34:33 - [TEST_STEP][PASSED] - createdDate = findWebElements(findTestObject("ROLES/Roles_page/sorting/created"), 2): null

2020-03-13 15:34:34 - [TEST_STEP][PASSED] - for (org.openqa.selenium.WebElement a : createdDate): null

2020-03-13 15:34:34 - [TEST_STEP][PASSED] - AllCreatedDate.add(a.getText()): null

2020-03-13 15:34:34 - [TEST_STEP][PASSED] - AllCreatedDate.add(a.getText()): null

2020-03-13 15:34:34 - [TEST_STEP][PASSED] - AllCreatedDate.add(a.getText()): null

2020-03-13 15:34:34 - [TEST_STEP][PASSED] - AllCreatedDate.add(a.getText()): null

2020-03-13 15:34:34 - [TEST_STEP][PASSED] - AllCreatedDate.add(a.getText()): null

2020-03-13 15:34:34 - [TEST_STEP][PASSED] - AllCreatedDate.add(a.getText()): null

2020-03-13 15:34:34 - [TEST_STEP][PASSED] - AllCreatedDate.add(a.getText()): null

2020-03-13 15:34:34 - [TEST_STEP][PASSED] - click(findTestObject("ROLES/Roles_page/Pagination/front_navigation")): Object: 'Object Repository/ROLES/Roles_page/Pagination/front_navigation' is clicked on

2020-03-13 15:34:37 - [MESSAGE][PASSED] - Object: 'Object Repository/ROLES/Roles_page/Pagination/front_navigation' is clicked on

2020-03-13 15:34:37 - [TEST_STEP][PASSED] - if (j == 1): Text 'BACK_SPACE + BACK_SPACE + ENTER + 1' is set on object 'Object Repository/ROLES/Roles_page/Pagination/input_Page_form-control'

2020-03-13 15:34:37 - [TEST_STEP][PASSED] - isSorted = web.CustomKeyword.checkListDescending(AllCreatedDate): web.CustomKeyword.checkListDescending is PASSED

2020-03-13 15:34:37 - [MESSAGE][PASSED] - web.CustomKeyword.checkListDescending is PASSED

2020-03-13 15:34:37 - [TEST_STEP][PASSED] - println(AllCreatedDate.size()): null

2020-03-13 15:34:37 - [TEST_STEP][PASSED] - println(AllCreatedDate): null

2020-03-13 15:34:37 - [TEST_STEP][PASSED] - verifyEqual(isSorted, true): Actual object 'true' and expected object 'true' are equal

2020-03-13 15:34:37 - [MESSAGE][PASSED] - Actual object 'true' and expected object 'true' are equal

2020-03-13 15:34:37 - [TEST_STEP][PASSED] - clearText(findTestObject("Object Repository/ROLES/Roles_page/Pagination/input_Page_form-control")): Text of object 'Object Repository/ROLES/Roles_page/Pagination/input_Page_form-control' is cleared

2020-03-13 15:34:38 - [MESSAGE][PASSED] - Text of object 'Object Repository/ROLES/Roles_page/Pagination/input_Page_form-control' is cleared

2020-03-13 15:34:38 - [TEST_STEP][PASSED] - setText(findTestObject("Object Repository/ROLES/Roles_page/Pagination/input_Page_form-control"), BACK_SPACE + BACK_SPACE + "1" + ENTER): Text 'BACK_SPACE + BACK_SPACE + ENTER + 1' is set on object 'Object Repository/ROLES/Roles_page/Pagination/input_Page_form-control'

2020-03-13 15:34:38 - [MESSAGE][PASSED] - Text 'BACK_SPACE + BACK_SPACE + ENTER + 1' is set on object 'Object Repository/ROLES/Roles_page/Pagination/input_Page_form-control'

2020-03-13 15:34:38 - [TEST_STEP][PASSED] - if (j == 2): null

2020-03-13 15:34:38 - [TEST_STEP][PASSED] - click(findTestObject("ROLES/Roles_page/sorting/Created_header")): Object: 'Object Repository/ROLES/Roles_page/sorting/Created_header' is clicked on

2020-03-13 15:34:40 - [MESSAGE][PASSED] - Object: 'Object Repository/ROLES/Roles_page/sorting/Created_header' is clicked on

2020-03-13 15:34:40 - [TEST_STEP][PASSED] - createdDate = <not implemented yet for class: org.codehaus.groovy.ast.expr.EmptyExpression>: null

2020-03-13 15:34:40 - [TEST_STEP][PASSED] - AllCreatedDate = new java.util.ArrayList(): null

2020-03-13 15:34:40 - [TEST_STEP][PASSED] - for ([i = 1, i <= noOfPages, (i++)]): Object: 'Object Repository/ROLES/Roles_page/Pagination/front_navigation' is clicked on

2020-03-13 15:34:40 - [TEST_STEP][PASSED] - createdDate = findWebElements(findTestObject("ROLES/Roles_page/sorting/created"), 2): null

2020-03-13 15:34:41 - [TEST_STEP][PASSED] - for (org.openqa.selenium.WebElement a : createdDate): null

2020-03-13 15:34:41 - [TEST_STEP][PASSED] - AllCreatedDate.add(a.getText()): null

2020-03-13 15:34:41 - [TEST_STEP][PASSED] - AllCreatedDate.add(a.getText()): null

2020-03-13 15:34:41 - [TEST_STEP][PASSED] - AllCreatedDate.add(a.getText()): null

2020-03-13 15:34:41 - [TEST_STEP][PASSED] - AllCreatedDate.add(a.getText()): null

2020-03-13 15:34:41 - [TEST_STEP][PASSED] - AllCreatedDate.add(a.getText()): null

2020-03-13 15:34:41 - [TEST_STEP][PASSED] - AllCreatedDate.add(a.getText()): null

2020-03-13 15:34:41 - [TEST_STEP][PASSED] - AllCreatedDate.add(a.getText()): null

2020-03-13 15:34:41 - [TEST_STEP][PASSED] - AllCreatedDate.add(a.getText()): null

2020-03-13 15:34:41 - [TEST_STEP][PASSED] - AllCreatedDate.add(a.getText()): null

2020-03-13 15:34:41 - [TEST_STEP][PASSED] - AllCreatedDate.add(a.getText()): null

2020-03-13 15:34:41 - [TEST_STEP][PASSED] - click(findTestObject("ROLES/Roles_page/Pagination/front_navigation")): Object: 'Object Repository/ROLES/Roles_page/Pagination/front_navigation' is clicked on

2020-03-13 15:34:41 - [MESSAGE][PASSED] - Object: 'Object Repository/ROLES/Roles_page/Pagination/front_navigation' is clicked on

2020-03-13 15:34:41 - [TEST_STEP][PASSED] - createdDate = findWebElements(findTestObject("ROLES/Roles_page/sorting/created"), 2): null

2020-03-13 15:34:42 - [TEST_STEP][PASSED] - for (org.openqa.selenium.WebElement a : createdDate): null

2020-03-13 15:34:42 - [TEST_STEP][PASSED] - AllCreatedDate.add(a.getText()): null

2020-03-13 15:34:42 - [TEST_STEP][PASSED] - AllCreatedDate.add(a.getText()): null

2020-03-13 15:34:42 - [TEST_STEP][PASSED] - AllCreatedDate.add(a.getText()): null

2020-03-13 15:34:42 - [TEST_STEP][PASSED] - AllCreatedDate.add(a.getText()): null

2020-03-13 15:34:42 - [TEST_STEP][PASSED] - AllCreatedDate.add(a.getText()): null

2020-03-13 15:34:42 - [TEST_STEP][PASSED] - AllCreatedDate.add(a.getText()): null

2020-03-13 15:34:42 - [TEST_STEP][PASSED] - AllCreatedDate.add(a.getText()): null

2020-03-13 15:34:42 - [TEST_STEP][PASSED] - AllCreatedDate.add(a.getText()): null

2020-03-13 15:34:42 - [TEST_STEP][PASSED] - AllCreatedDate.add(a.getText()): null

2020-03-13 15:34:42 - [TEST_STEP][PASSED] - AllCreatedDate.add(a.getText()): null

2020-03-13 15:34:42 - [TEST_STEP][PASSED] - click(findTestObject("ROLES/Roles_page/Pagination/front_navigation")): Object: 'Object Repository/ROLES/Roles_page/Pagination/front_navigation' is clicked on

2020-03-13 15:34:43 - [MESSAGE][PASSED] - Object: 'Object Repository/ROLES/Roles_page/Pagination/front_navigation' is clicked on

2020-03-13 15:34:43 - [TEST_STEP][PASSED] - createdDate = findWebElements(findTestObject("ROLES/Roles_page/sorting/created"), 2): null

2020-03-13 15:34:44 - [TEST_STEP][PASSED] - for (org.openqa.selenium.WebElement a : createdDate): null

2020-03-13 15:34:44 - [TEST_STEP][PASSED] - AllCreatedDate.add(a.getText()): null

2020-03-13 15:34:44 - [TEST_STEP][PASSED] - AllCreatedDate.add(a.getText()): null

2020-03-13 15:34:44 - [TEST_STEP][PASSED] - AllCreatedDate.add(a.getText()): null

2020-03-13 15:34:44 - [TEST_STEP][PASSED] - AllCreatedDate.add(a.getText()): null

2020-03-13 15:34:44 - [TEST_STEP][PASSED] - AllCreatedDate.add(a.getText()): null

2020-03-13 15:34:44 - [TEST_STEP][PASSED] - AllCreatedDate.add(a.getText()): null

2020-03-13 15:34:44 - [TEST_STEP][PASSED] - AllCreatedDate.add(a.getText()): null

2020-03-13 15:34:44 - [TEST_STEP][PASSED] - AllCreatedDate.add(a.getText()): null

2020-03-13 15:34:44 - [TEST_STEP][PASSED] - AllCreatedDate.add(a.getText()): null

2020-03-13 15:34:44 - [TEST_STEP][PASSED] - AllCreatedDate.add(a.getText()): null

2020-03-13 15:34:44 - [TEST_STEP][PASSED] - click(findTestObject("ROLES/Roles_page/Pagination/front_navigation")): Object: 'Object Repository/ROLES/Roles_page/Pagination/front_navigation' is clicked on

2020-03-13 15:34:44 - [MESSAGE][PASSED] - Object: 'Object Repository/ROLES/Roles_page/Pagination/front_navigation' is clicked on

2020-03-13 15:34:44 - [TEST_STEP][PASSED] - createdDate = findWebElements(findTestObject("ROLES/Roles_page/sorting/created"), 2): null

2020-03-13 15:34:46 - [TEST_STEP][PASSED] - for (org.openqa.selenium.WebElement a : createdDate): null

2020-03-13 15:34:46 - [TEST_STEP][PASSED] - AllCreatedDate.add(a.getText()): null

2020-03-13 15:34:46 - [TEST_STEP][PASSED] - AllCreatedDate.add(a.getText()): null

2020-03-13 15:34:46 - [TEST_STEP][PASSED] - AllCreatedDate.add(a.getText()): null

2020-03-13 15:34:46 - [TEST_STEP][PASSED] - AllCreatedDate.add(a.getText()): null

2020-03-13 15:34:46 - [TEST_STEP][PASSED] - AllCreatedDate.add(a.getText()): null

2020-03-13 15:34:46 - [TEST_STEP][PASSED] - AllCreatedDate.add(a.getText()): null

2020-03-13 15:34:46 - [TEST_STEP][PASSED] - AllCreatedDate.add(a.getText()): null

2020-03-13 15:34:46 - [TEST_STEP][PASSED] - AllCreatedDate.add(a.getText()): null

2020-03-13 15:34:46 - [TEST_STEP][PASSED] - AllCreatedDate.add(a.getText()): null

2020-03-13 15:34:46 - [TEST_STEP][PASSED] - AllCreatedDate.add(a.getText()): null

2020-03-13 15:34:46 - [TEST_STEP][PASSED] - click(findTestObject("ROLES/Roles_page/Pagination/front_navigation")): Object: 'Object Repository/ROLES/Roles_page/Pagination/front_navigation' is clicked on

2020-03-13 15:34:46 - [MESSAGE][PASSED] - Object: 'Object Repository/ROLES/Roles_page/Pagination/front_navigation' is clicked on

2020-03-13 15:34:46 - [TEST_STEP][PASSED] - createdDate = findWebElements(findTestObject("ROLES/Roles_page/sorting/created"), 2): null

2020-03-13 15:34:47 - [TEST_STEP][PASSED] - for (org.openqa.selenium.WebElement a : createdDate): null

2020-03-13 15:34:47 - [TEST_STEP][PASSED] - AllCreatedDate.add(a.getText()): null

2020-03-13 15:34:47 - [TEST_STEP][PASSED] - AllCreatedDate.add(a.getText()): null

2020-03-13 15:34:47 - [TEST_STEP][PASSED] - AllCreatedDate.add(a.getText()): null

2020-03-13 15:34:47 - [TEST_STEP][PASSED] - AllCreatedDate.add(a.getText()): null

2020-03-13 15:34:47 - [TEST_STEP][PASSED] - AllCreatedDate.add(a.getText()): null

2020-03-13 15:34:47 - [TEST_STEP][PASSED] - AllCreatedDate.add(a.getText()): null

2020-03-13 15:34:47 - [TEST_STEP][PASSED] - AllCreatedDate.add(a.getText()): null

2020-03-13 15:34:47 - [TEST_STEP][PASSED] - AllCreatedDate.add(a.getText()): null

2020-03-13 15:34:47 - [TEST_STEP][PASSED] - AllCreatedDate.add(a.getText()): null

2020-03-13 15:34:47 - [TEST_STEP][PASSED] - AllCreatedDate.add(a.getText()): null

2020-03-13 15:34:48 - [TEST_STEP][PASSED] - click(findTestObject("ROLES/Roles_page/Pagination/front_navigation")): Object: 'Object Repository/ROLES/Roles_page/Pagination/front_navigation' is clicked on

2020-03-13 15:34:48 - [MESSAGE][PASSED] - Object: 'Object Repository/ROLES/Roles_page/Pagination/front_navigation' is clicked on

2020-03-13 15:34:48 - [TEST_STEP][PASSED] - createdDate = findWebElements(findTestObject("ROLES/Roles_page/sorting/created"), 2): null

2020-03-13 15:34:49 - [TEST_STEP][PASSED] - for (org.openqa.selenium.WebElement a : createdDate): null

2020-03-13 15:34:49 - [TEST_STEP][PASSED] - AllCreatedDate.add(a.getText()): null

2020-03-13 15:34:49 - [TEST_STEP][PASSED] - AllCreatedDate.add(a.getText()): null

2020-03-13 15:34:49 - [TEST_STEP][PASSED] - AllCreatedDate.add(a.getText()): null

2020-03-13 15:34:49 - [TEST_STEP][PASSED] - AllCreatedDate.add(a.getText()): null

2020-03-13 15:34:49 - [TEST_STEP][PASSED] - AllCreatedDate.add(a.getText()): null

2020-03-13 15:34:49 - [TEST_STEP][PASSED] - AllCreatedDate.add(a.getText()): null

2020-03-13 15:34:49 - [TEST_STEP][PASSED] - AllCreatedDate.add(a.getText()): null

2020-03-13 15:34:49 - [TEST_STEP][PASSED] - AllCreatedDate.add(a.getText()): null

2020-03-13 15:34:49 - [TEST_STEP][PASSED] - AllCreatedDate.add(a.getText()): null

2020-03-13 15:34:49 - [TEST_STEP][PASSED] - AllCreatedDate.add(a.getText()): null

2020-03-13 15:34:49 - [TEST_STEP][PASSED] - click(findTestObject("ROLES/Roles_page/Pagination/front_navigation")): Object: 'Object Repository/ROLES/Roles_page/Pagination/front_navigation' is clicked on

2020-03-13 15:34:50 - [MESSAGE][PASSED] - Object: 'Object Repository/ROLES/Roles_page/Pagination/front_navigation' is clicked on

2020-03-13 15:34:50 - [TEST_STEP][PASSED] - createdDate = findWebElements(findTestObject("ROLES/Roles_page/sorting/created"), 2): null

2020-03-13 15:34:50 - [TEST_STEP][PASSED] - for (org.openqa.selenium.WebElement a : createdDate): null

2020-03-13 15:34:50 - [TEST_STEP][PASSED] - AllCreatedDate.add(a.getText()): null

2020-03-13 15:34:51 - [TEST_STEP][PASSED] - AllCreatedDate.add(a.getText()): null

2020-03-13 15:34:51 - [TEST_STEP][PASSED] - AllCreatedDate.add(a.getText()): null

2020-03-13 15:34:51 - [TEST_STEP][PASSED] - AllCreatedDate.add(a.getText()): null

2020-03-13 15:34:51 - [TEST_STEP][PASSED] - AllCreatedDate.add(a.getText()): null

2020-03-13 15:34:51 - [TEST_STEP][PASSED] - AllCreatedDate.add(a.getText()): null

2020-03-13 15:34:51 - [TEST_STEP][PASSED] - AllCreatedDate.add(a.getText()): null

2020-03-13 15:34:51 - [TEST_STEP][PASSED] - AllCreatedDate.add(a.getText()): null

2020-03-13 15:34:51 - [TEST_STEP][PASSED] - AllCreatedDate.add(a.getText()): null

2020-03-13 15:34:51 - [TEST_STEP][PASSED] - AllCreatedDate.add(a.getText()): null

2020-03-13 15:34:51 - [TEST_STEP][PASSED] - click(findTestObject("ROLES/Roles_page/Pagination/front_navigation")): Object: 'Object Repository/ROLES/Roles_page/Pagination/front_navigation' is clicked on

2020-03-13 15:34:51 - [MESSAGE][PASSED] - Object: 'Object Repository/ROLES/Roles_page/Pagination/front_navigation' is clicked on

2020-03-13 15:34:51 - [TEST_STEP][PASSED] - createdDate = findWebElements(findTestObject("ROLES/Roles_page/sorting/created"), 2): null

2020-03-13 15:34:52 - [TEST_STEP][PASSED] - for (org.openqa.selenium.WebElement a : createdDate): null

2020-03-13 15:34:52 - [TEST_STEP][PASSED] - AllCreatedDate.add(a.getText()): null

2020-03-13 15:34:52 - [TEST_STEP][PASSED] - AllCreatedDate.add(a.getText()): null

2020-03-13 15:34:52 - [TEST_STEP][PASSED] - AllCreatedDate.add(a.getText()): null

2020-03-13 15:34:52 - [TEST_STEP][PASSED] - AllCreatedDate.add(a.getText()): null

2020-03-13 15:34:52 - [TEST_STEP][PASSED] - AllCreatedDate.add(a.getText()): null

2020-03-13 15:34:52 - [TEST_STEP][PASSED] - AllCreatedDate.add(a.getText()): null

2020-03-13 15:34:52 - [TEST_STEP][PASSED] - AllCreatedDate.add(a.getText()): null

2020-03-13 15:34:52 - [TEST_STEP][PASSED] - AllCreatedDate.add(a.getText()): null

2020-03-13 15:34:52 - [TEST_STEP][PASSED] - AllCreatedDate.add(a.getText()): null

2020-03-13 15:34:52 - [TEST_STEP][PASSED] - AllCreatedDate.add(a.getText()): null

2020-03-13 15:34:52 - [TEST_STEP][PASSED] - click(findTestObject("ROLES/Roles_page/Pagination/front_navigation")): Object: 'Object Repository/ROLES/Roles_page/Pagination/front_navigation' is clicked on

2020-03-13 15:34:53 - [MESSAGE][PASSED] - Object: 'Object Repository/ROLES/Roles_page/Pagination/front_navigation' is clicked on

2020-03-13 15:34:53 - [TEST_STEP][PASSED] - createdDate = findWebElements(findTestObject("ROLES/Roles_page/sorting/created"), 2): null

2020-03-13 15:34:54 - [TEST_STEP][PASSED] - for (org.openqa.selenium.WebElement a : createdDate): null

2020-03-13 15:34:54 - [TEST_STEP][PASSED] - AllCreatedDate.add(a.getText()): null

2020-03-13 15:34:54 - [TEST_STEP][PASSED] - AllCreatedDate.add(a.getText()): null

2020-03-13 15:34:54 - [TEST_STEP][PASSED] - AllCreatedDate.add(a.getText()): null

2020-03-13 15:34:54 - [TEST_STEP][PASSED] - AllCreatedDate.add(a.getText()): null

2020-03-13 15:34:54 - [TEST_STEP][PASSED] - AllCreatedDate.add(a.getText()): null

2020-03-13 15:34:54 - [TEST_STEP][PASSED] - AllCreatedDate.add(a.getText()): null

2020-03-13 15:34:54 - [TEST_STEP][PASSED] - AllCreatedDate.add(a.getText()): null

2020-03-13 15:34:54 - [TEST_STEP][PASSED] - AllCreatedDate.add(a.getText()): null

2020-03-13 15:34:54 - [TEST_STEP][PASSED] - AllCreatedDate.add(a.getText()): null

2020-03-13 15:34:54 - [TEST_STEP][PASSED] - AllCreatedDate.add(a.getText()): null

2020-03-13 15:34:54 - [TEST_STEP][PASSED] - click(findTestObject("ROLES/Roles_page/Pagination/front_navigation")): Object: 'Object Repository/ROLES/Roles_page/Pagination/front_navigation' is clicked on

2020-03-13 15:34:54 - [MESSAGE][PASSED] - Object: 'Object Repository/ROLES/Roles_page/Pagination/front_navigation' is clicked on

2020-03-13 15:34:54 - [TEST_STEP][PASSED] - createdDate = findWebElements(findTestObject("ROLES/Roles_page/sorting/created"), 2): null

2020-03-13 15:34:56 - [TEST_STEP][PASSED] - for (org.openqa.selenium.WebElement a : createdDate): null

2020-03-13 15:34:56 - [TEST_STEP][PASSED] - AllCreatedDate.add(a.getText()): null

2020-03-13 15:34:56 - [TEST_STEP][PASSED] - AllCreatedDate.add(a.getText()): null

2020-03-13 15:34:56 - [TEST_STEP][PASSED] - AllCreatedDate.add(a.getText()): null

2020-03-13 15:34:56 - [TEST_STEP][PASSED] - AllCreatedDate.add(a.getText()): null

2020-03-13 15:34:56 - [TEST_STEP][PASSED] - AllCreatedDate.add(a.getText()): null

2020-03-13 15:34:56 - [TEST_STEP][PASSED] - AllCreatedDate.add(a.getText()): null

2020-03-13 15:34:56 - [TEST_STEP][PASSED] - AllCreatedDate.add(a.getText()): null

2020-03-13 15:34:56 - [TEST_STEP][PASSED] - AllCreatedDate.add(a.getText()): null

2020-03-13 15:34:56 - [TEST_STEP][PASSED] - AllCreatedDate.add(a.getText()): null

2020-03-13 15:34:56 - [TEST_STEP][PASSED] - AllCreatedDate.add(a.getText()): null

2020-03-13 15:34:56 - [TEST_STEP][PASSED] - click(findTestObject("ROLES/Roles_page/Pagination/front_navigation")): Object: 'Object Repository/ROLES/Roles_page/Pagination/front_navigation' is clicked on

2020-03-13 15:34:56 - [MESSAGE][PASSED] - Object: 'Object Repository/ROLES/Roles_page/Pagination/front_navigation' is clicked on

2020-03-13 15:34:56 - [TEST_STEP][PASSED] - createdDate = findWebElements(findTestObject("ROLES/Roles_page/sorting/created"), 2): null

2020-03-13 15:34:57 - [TEST_STEP][PASSED] - for (org.openqa.selenium.WebElement a : createdDate): null

2020-03-13 15:34:57 - [TEST_STEP][PASSED] - AllCreatedDate.add(a.getText()): null

2020-03-13 15:34:57 - [TEST_STEP][PASSED] - AllCreatedDate.add(a.getText()): null

2020-03-13 15:34:57 - [TEST_STEP][PASSED] - AllCreatedDate.add(a.getText()): null

2020-03-13 15:34:57 - [TEST_STEP][PASSED] - AllCreatedDate.add(a.getText()): null

2020-03-13 15:34:57 - [TEST_STEP][PASSED] - AllCreatedDate.add(a.getText()): null

2020-03-13 15:34:57 - [TEST_STEP][PASSED] - AllCreatedDate.add(a.getText()): null

2020-03-13 15:34:57 - [TEST_STEP][PASSED] - AllCreatedDate.add(a.getText()): null

2020-03-13 15:34:57 - [TEST_STEP][PASSED] - AllCreatedDate.add(a.getText()): null

2020-03-13 15:34:57 - [TEST_STEP][PASSED] - AllCreatedDate.add(a.getText()): null

2020-03-13 15:34:57 - [TEST_STEP][PASSED] - AllCreatedDate.add(a.getText()): null

2020-03-13 15:34:57 - [TEST_STEP][PASSED] - click(findTestObject("ROLES/Roles_page/Pagination/front_navigation")): Object: 'Object Repository/ROLES/Roles_page/Pagination/front_navigation' is clicked on

2020-03-13 15:34:58 - [MESSAGE][PASSED] - Object: 'Object Repository/ROLES/Roles_page/Pagination/front_navigation' is clicked on

2020-03-13 15:34:58 - [TEST_STEP][PASSED] - createdDate = findWebElements(findTestObject("ROLES/Roles_page/sorting/created"), 2): null

2020-03-13 15:34:59 - [TEST_STEP][PASSED] - for (org.openqa.selenium.WebElement a : createdDate): null

2020-03-13 15:34:59 - [TEST_STEP][PASSED] - AllCreatedDate.add(a.getText()): null

2020-03-13 15:34:59 - [TEST_STEP][PASSED] - AllCreatedDate.add(a.getText()): null

2020-03-13 15:34:59 - [TEST_STEP][PASSED] - AllCreatedDate.add(a.getText()): null

2020-03-13 15:34:59 - [TEST_STEP][PASSED] - AllCreatedDate.add(a.getText()): null

2020-03-13 15:34:59 - [TEST_STEP][PASSED] - AllCreatedDate.add(a.getText()): null

2020-03-13 15:34:59 - [TEST_STEP][PASSED] - AllCreatedDate.add(a.getText()): null

2020-03-13 15:34:59 - [TEST_STEP][PASSED] - AllCreatedDate.add(a.getText()): null

2020-03-13 15:34:59 - [TEST_STEP][PASSED] - AllCreatedDate.add(a.getText()): null

2020-03-13 15:34:59 - [TEST_STEP][PASSED] - AllCreatedDate.add(a.getText()): null

2020-03-13 15:34:59 - [TEST_STEP][PASSED] - AllCreatedDate.add(a.getText()): null

2020-03-13 15:34:59 - [TEST_STEP][PASSED] - click(findTestObject("ROLES/Roles_page/Pagination/front_navigation")): Object: 'Object Repository/ROLES/Roles_page/Pagination/front_navigation' is clicked on

2020-03-13 15:34:59 - [MESSAGE][PASSED] - Object: 'Object Repository/ROLES/Roles_page/Pagination/front_navigation' is clicked on

2020-03-13 15:34:59 - [TEST_STEP][PASSED] - createdDate = findWebElements(findTestObject("ROLES/Roles_page/sorting/created"), 2): null

2020-03-13 15:35:00 - [TEST_STEP][PASSED] - for (org.openqa.selenium.WebElement a : createdDate): null

2020-03-13 15:35:00 - [TEST_STEP][PASSED] - AllCreatedDate.add(a.getText()): null

2020-03-13 15:35:00 - [TEST_STEP][PASSED] - AllCreatedDate.add(a.getText()): null

2020-03-13 15:35:00 - [TEST_STEP][PASSED] - AllCreatedDate.add(a.getText()): null

2020-03-13 15:35:00 - [TEST_STEP][PASSED] - AllCreatedDate.add(a.getText()): null

2020-03-13 15:35:00 - [TEST_STEP][PASSED] - AllCreatedDate.add(a.getText()): null

2020-03-13 15:35:00 - [TEST_STEP][PASSED] - AllCreatedDate.add(a.getText()): null

2020-03-13 15:35:00 - [TEST_STEP][PASSED] - AllCreatedDate.add(a.getText()): null

2020-03-13 15:35:00 - [TEST_STEP][PASSED] - AllCreatedDate.add(a.getText()): null

2020-03-13 15:35:00 - [TEST_STEP][PASSED] - AllCreatedDate.add(a.getText()): null

2020-03-13 15:35:00 - [TEST_STEP][PASSED] - AllCreatedDate.add(a.getText()): null

2020-03-13 15:35:00 - [TEST_STEP][PASSED] - click(findTestObject("ROLES/Roles_page/Pagination/front_navigation")): Object: 'Object Repository/ROLES/Roles_page/Pagination/front_navigation' is clicked on

2020-03-13 15:35:01 - [MESSAGE][PASSED] - Object: 'Object Repository/ROLES/Roles_page/Pagination/front_navigation' is clicked on

2020-03-13 15:35:01 - [TEST_STEP][PASSED] - createdDate = findWebElements(findTestObject("ROLES/Roles_page/sorting/created"), 2): null

2020-03-13 15:35:02 - [TEST_STEP][PASSED] - for (org.openqa.selenium.WebElement a : createdDate): null

2020-03-13 15:35:02 - [TEST_STEP][PASSED] - AllCreatedDate.add(a.getText()): null

2020-03-13 15:35:02 - [TEST_STEP][PASSED] - AllCreatedDate.add(a.getText()): null

2020-03-13 15:35:02 - [TEST_STEP][PASSED] - AllCreatedDate.add(a.getText()): null

2020-03-13 15:35:02 - [TEST_STEP][PASSED] - AllCreatedDate.add(a.getText()): null

2020-03-13 15:35:02 - [TEST_STEP][PASSED] - AllCreatedDate.add(a.getText()): null

2020-03-13 15:35:02 - [TEST_STEP][PASSED] - AllCreatedDate.add(a.getText()): null

2020-03-13 15:35:02 - [TEST_STEP][PASSED] - AllCreatedDate.add(a.getText()): null

2020-03-13 15:35:02 - [TEST_STEP][PASSED] - AllCreatedDate.add(a.getText()): null

2020-03-13 15:35:02 - [TEST_STEP][PASSED] - AllCreatedDate.add(a.getText()): null

2020-03-13 15:35:02 - [TEST_STEP][PASSED] - AllCreatedDate.add(a.getText()): null

2020-03-13 15:35:02 - [TEST_STEP][PASSED] - click(findTestObject("ROLES/Roles_page/Pagination/front_navigation")): Object: 'Object Repository/ROLES/Roles_page/Pagination/front_navigation' is clicked on

2020-03-13 15:35:02 - [MESSAGE][PASSED] - Object: 'Object Repository/ROLES/Roles_page/Pagination/front_navigation' is clicked on

2020-03-13 15:35:02 - [TEST_STEP][PASSED] - createdDate = findWebElements(findTestObject("ROLES/Roles_page/sorting/created"), 2): null

2020-03-13 15:35:03 - [TEST_STEP][PASSED] - for (org.openqa.selenium.WebElement a : createdDate): null

2020-03-13 15:35:03 - [TEST_STEP][PASSED] - AllCreatedDate.add(a.getText()): null

2020-03-13 15:35:03 - [TEST_STEP][PASSED] - AllCreatedDate.add(a.getText()): null

2020-03-13 15:35:03 - [TEST_STEP][PASSED] - AllCreatedDate.add(a.getText()): null

2020-03-13 15:35:03 - [TEST_STEP][PASSED] - AllCreatedDate.add(a.getText()): null

2020-03-13 15:35:03 - [TEST_STEP][PASSED] - AllCreatedDate.add(a.getText()): null

2020-03-13 15:35:03 - [TEST_STEP][PASSED] - AllCreatedDate.add(a.getText()): null

2020-03-13 15:35:03 - [TEST_STEP][PASSED] - AllCreatedDate.add(a.getText()): null

2020-03-13 15:35:03 - [TEST_STEP][PASSED] - AllCreatedDate.add(a.getText()): null

2020-03-13 15:35:03 - [TEST_STEP][PASSED] - AllCreatedDate.add(a.getText()): null

2020-03-13 15:35:03 - [TEST_STEP][PASSED] - AllCreatedDate.add(a.getText()): null

2020-03-13 15:35:03 - [TEST_STEP][PASSED] - click(findTestObject("ROLES/Roles_page/Pagination/front_navigation")): Object: 'Object Repository/ROLES/Roles_page/Pagination/front_navigation' is clicked on

2020-03-13 15:35:04 - [MESSAGE][PASSED] - Object: 'Object Repository/ROLES/Roles_page/Pagination/front_navigation' is clicked on

2020-03-13 15:35:04 - [TEST_STEP][PASSED] - createdDate = findWebElements(findTestObject("ROLES/Roles_page/sorting/created"), 2): null

2020-03-13 15:35:05 - [TEST_STEP][PASSED] - for (org.openqa.selenium.WebElement a : createdDate): null

2020-03-13 15:35:05 - [TEST_STEP][PASSED] - AllCreatedDate.add(a.getText()): null

2020-03-13 15:35:05 - [TEST_STEP][PASSED] - AllCreatedDate.add(a.getText()): null

2020-03-13 15:35:05 - [TEST_STEP][PASSED] - AllCreatedDate.add(a.getText()): null

2020-03-13 15:35:05 - [TEST_STEP][PASSED] - AllCreatedDate.add(a.getText()): null

2020-03-13 15:35:05 - [TEST_STEP][PASSED] - AllCreatedDate.add(a.getText()): null

2020-03-13 15:35:05 - [TEST_STEP][PASSED] - AllCreatedDate.add(a.getText()): null

2020-03-13 15:35:05 - [TEST_STEP][PASSED] - AllCreatedDate.add(a.getText()): null

2020-03-13 15:35:05 - [TEST_STEP][PASSED] - AllCreatedDate.add(a.getText()): null

2020-03-13 15:35:05 - [TEST_STEP][PASSED] - AllCreatedDate.add(a.getText()): null

2020-03-13 15:35:05 - [TEST_STEP][PASSED] - AllCreatedDate.add(a.getText()): null

2020-03-13 15:35:05 - [TEST_STEP][PASSED] - click(findTestObject("ROLES/Roles_page/Pagination/front_navigation")): Object: 'Object Repository/ROLES/Roles_page/Pagination/front_navigation' is clicked on

2020-03-13 15:35:06 - [MESSAGE][PASSED] - Object: 'Object Repository/ROLES/Roles_page/Pagination/front_navigation' is clicked on

2020-03-13 15:35:06 - [TEST_STEP][PASSED] - createdDate = findWebElements(findTestObject("ROLES/Roles_page/sorting/created"), 2): null

2020-03-13 15:35:07 - [TEST_STEP][PASSED] - for (org.openqa.selenium.WebElement a : createdDate): null

2020-03-13 15:35:07 - [TEST_STEP][PASSED] - AllCreatedDate.add(a.getText()): null

2020-03-13 15:35:07 - [TEST_STEP][PASSED] - AllCreatedDate.add(a.getText()): null

2020-03-13 15:35:07 - [TEST_STEP][PASSED] - AllCreatedDate.add(a.getText()): null

2020-03-13 15:35:07 - [TEST_STEP][PASSED] - AllCreatedDate.add(a.getText()): null

2020-03-13 15:35:07 - [TEST_STEP][PASSED] - AllCreatedDate.add(a.getText()): null

2020-03-13 15:35:07 - [TEST_STEP][PASSED] - AllCreatedDate.add(a.getText()): null

2020-03-13 15:35:07 - [TEST_STEP][PASSED] - AllCreatedDate.add(a.getText()): null

2020-03-13 15:35:07 - [TEST_STEP][PASSED] - AllCreatedDate.add(a.getText()): null

2020-03-13 15:35:07 - [TEST_STEP][PASSED] - AllCreatedDate.add(a.getText()): null

2020-03-13 15:35:07 - [TEST_STEP][PASSED] - AllCreatedDate.add(a.getText()): null

2020-03-13 15:35:07 - [TEST_STEP][PASSED] - click(findTestObject("ROLES/Roles_page/Pagination/front_navigation")): Object: 'Object Repository/ROLES/Roles_page/Pagination/front_navigation' is clicked on

2020-03-13 15:35:07 - [MESSAGE][PASSED] - Object: 'Object Repository/ROLES/Roles_page/Pagination/front_navigation' is clicked on

2020-03-13 15:35:07 - [TEST_STEP][PASSED] - createdDate = findWebElements(findTestObject("ROLES/Roles_page/sorting/created"), 2): null

2020-03-13 15:35:08 - [TEST_STEP][PASSED] - for (org.openqa.selenium.WebElement a : createdDate): null

2020-03-13 15:35:08 - [TEST_STEP][PASSED] - AllCreatedDate.add(a.getText()): null

2020-03-13 15:35:08 - [TEST_STEP][PASSED] - AllCreatedDate.add(a.getText()): null

2020-03-13 15:35:08 - [TEST_STEP][PASSED] - AllCreatedDate.add(a.getText()): null

2020-03-13 15:35:08 - [TEST_STEP][PASSED] - AllCreatedDate.add(a.getText()): null

2020-03-13 15:35:08 - [TEST_STEP][PASSED] - AllCreatedDate.add(a.getText()): null

2020-03-13 15:35:08 - [TEST_STEP][PASSED] - AllCreatedDate.add(a.getText()): null

2020-03-13 15:35:08 - [TEST_STEP][PASSED] - AllCreatedDate.add(a.getText()): null

2020-03-13 15:35:08 - [TEST_STEP][PASSED] - click(findTestObject("ROLES/Roles_page/Pagination/front_navigation")): Object: 'Object Repository/ROLES/Roles_page/Pagination/front_navigation' is clicked on

2020-03-13 15:35:11 - [MESSAGE][PASSED] - Object: 'Object Repository/ROLES/Roles_page/Pagination/front_navigation' is clicked on

2020-03-13 15:35:11 - [TEST_STEP][PASSED] - if (j == 1): null

2020-03-13 15:35:11 - [TEST_STEP][PASSED] - if (j == 2): Actual object 'true' and expected object 'true' are equal

2020-03-13 15:35:11 - [TEST_STEP][PASSED] - isSorted = web.CustomKeyword.checkListAscendingOrder(AllCreatedDate): web.CustomKeyword.checkListAscendingOrder is PASSED

2020-03-13 15:35:11 - [MESSAGE][PASSED] - web.CustomKeyword.checkListAscendingOrder is PASSED

2020-03-13 15:35:11 - [TEST_STEP][PASSED] - println(AllCreatedDate.size()): null

2020-03-13 15:35:11 - [TEST_STEP][PASSED] - println(AllCreatedDate): null

2020-03-13 15:35:11 - [TEST_STEP][PASSED] - verifyEqual(isSorted, true): Actual object 'true' and expected object 'true' are equal

2020-03-13 15:35:11 - [MESSAGE][PASSED] - Actual object 'true' and expected object 'true' are equal

2020-03-13 15:35:11 - [TEST_STEP][PASSED] - clearText(findTestObject("Object Repository/ROLES/Roles_page/Pagination/input_Page_form-control")): Text of object 'Object Repository/ROLES/Roles_page/Pagination/input_Page_form-control' is cleared

2020-03-13 15:35:12 - [MESSAGE][PASSED] - Text of object 'Object Repository/ROLES/Roles_page/Pagination/input_Page_form-control' is cleared

2020-03-13 15:35:12 - [TEST_STEP][PASSED] - setText(findTestObject("Object Repository/ROLES/Roles_page/Pagination/input_Page_form-control"), BACK_SPACE + BACK_SPACE + "1" + ENTER): Text 'BACK_SPACE + BACK_SPACE + ENTER + 1' is set on object 'Object Repository/ROLES/Roles_page/Pagination/input_Page_form-control'

2020-03-13 15:35:12 - [MESSAGE][PASSED] - Text 'BACK_SPACE + BACK_SPACE + ENTER + 1' is set on object 'Object Repository/ROLES/Roles_page/Pagination/input_Page_form-control'

2020-03-13 15:35:12 - [TEST_STEP][PASSED] - Start listener action : sampleAfterTestCase: null

2020-03-13 15:35:12 - [TEST_STEP][PASSED] - println(testCaseContext.getTestCaseId()): null

2020-03-13 15:35:12 - [TEST_STEP][PASSED] - println(testCaseContext.getTestCaseStatus()): null

2020-03-13 15:35:12 - [TEST_STEP][PASSED] - println("On Failure Method is Calling : " + testCaseContext.getTestCaseStatus()): null

2020-03-13 15:35:12 - [TEST_STEP][PASSED] - if (!(getTestCaseStatus().equalsIgnoreCase("PASSED"))): null]]></system-out>
         <system-err><![CDATA[]]></system-err>
      </testcase>
      <testcase name="Test Cases/Atlas Platform/Configuration Management/Platform Management/ROLES/Role Listing Grid/RLG-008 Verify sorting by ModifiedDate" time="70.498" classname="Test Cases/Atlas Platform/Configuration Management/Platform Management/ROLES/Role Listing Grid/RLG-008 Verify sorting by ModifiedDate" status="PASSED">
         <system-out><![CDATA[2020-03-13 15:35:14 - [TEST_CASE][PASSED] - Test Cases/Atlas Platform/Configuration Management/Platform Management/ROLES/Role Listing Grid/RLG-008 Verify sorting by ModifiedDate: Test Cases/Atlas Platform/Configuration Management/Platform Management/ROLES/Role Listing Grid/RLG-008 Verify sorting by ModifiedDate

2020-03-13 15:35:15 - [TEST_STEP][NOT_RUN] - callTestCase(findTestCase("Atlas Platform/Platform Navigation/Login/Default Logins/Default_Login_as_Root Admin"), ["Email":findTestData("AMP_Y").getValue(1, 1), "Password":findTestData("AMP_Y").getValue(2, 1), "dashboard_exp_title":""], CONTINUE_ON_FAILURE): NOT_RUN: callTestCase(findTestCase("Atlas Platform/Platform Navigation/Login/Default Logins/Default_Login_as_Root Admin"), ["Email":findTestData("AMP_Y").getValue(1, 1), "Password":findTestData("AMP_Y").getValue(2, 1), "dashboard_exp_title":""], CONTINUE_ON_FAILURE)

2020-03-13 15:35:15 - [MESSAGE][NOT_RUN] - NOT_RUN: callTestCase(findTestCase("Atlas Platform/Platform Navigation/Login/Default Logins/Default_Login_as_Root Admin"), ["Email":findTestData("AMP_Y").getValue(1, 1), "Password":findTestData("AMP_Y").getValue(2, 1), "dashboard_exp_title":""], CONTINUE_ON_FAILURE)

2020-03-13 15:35:15 - [TEST_STEP][NOT_RUN] - click(findTestObject("ROLES/Role_Navigation/a_ADMIN")): NOT_RUN: click(findTestObject("ROLES/Role_Navigation/a_ADMIN"))

2020-03-13 15:35:15 - [MESSAGE][NOT_RUN] - NOT_RUN: click(findTestObject("ROLES/Role_Navigation/a_ADMIN"))

2020-03-13 15:35:15 - [TEST_STEP][PASSED] - driver = getWebDriver(): null

2020-03-13 15:35:15 - [TEST_STEP][PASSED] - noOfPages_text = getText(findTestObject("ROLES/Roles_page/Pagination/label_of 10")): Text of object 'Object Repository/ROLES/Roles_page/Pagination/label_of 10' is: 'of 18'

2020-03-13 15:35:15 - [MESSAGE][PASSED] - Text of object 'Object Repository/ROLES/Roles_page/Pagination/label_of 10' is: 'of 18'

2020-03-13 15:35:15 - [TEST_STEP][PASSED] - noOfPages = Integer.parseInt(noOfPages_text.substring(3)): null

2020-03-13 15:35:15 - [TEST_STEP][PASSED] - println(noOfPages): null

2020-03-13 15:35:15 - [TEST_STEP][PASSED] - for ([j = 1, j < 3, (j++)]): Actual object 'true' and expected object 'true' are equal

2020-03-13 15:35:15 - [TEST_STEP][PASSED] - click(findTestObject("ROLES/Roles_page/sorting/Modified_header")): Object: 'Object Repository/ROLES/Roles_page/sorting/Modified_header' is clicked on

2020-03-13 15:35:16 - [MESSAGE][PASSED] - Object: 'Object Repository/ROLES/Roles_page/sorting/Modified_header' is clicked on

2020-03-13 15:35:16 - [TEST_STEP][PASSED] - modifiedDate = <not implemented yet for class: org.codehaus.groovy.ast.expr.EmptyExpression>: null

2020-03-13 15:35:16 - [TEST_STEP][PASSED] - AllModifiedDate = new java.util.ArrayList(): null

2020-03-13 15:35:16 - [TEST_STEP][PASSED] - for ([i = 1, i <= noOfPages, (i++)]): Object: 'Object Repository/ROLES/Roles_page/Pagination/front_navigation' is clicked on

2020-03-13 15:35:16 - [TEST_STEP][PASSED] - modifiedDate = findWebElements(findTestObject("ROLES/Roles_page/sorting/modified"), 2): null

2020-03-13 15:35:17 - [TEST_STEP][PASSED] - for (org.openqa.selenium.WebElement a : modifiedDate): null

2020-03-13 15:35:17 - [TEST_STEP][PASSED] - AllModifiedDate.add(a.getText()): null

2020-03-13 15:35:17 - [TEST_STEP][PASSED] - AllModifiedDate.add(a.getText()): null

2020-03-13 15:35:17 - [TEST_STEP][PASSED] - AllModifiedDate.add(a.getText()): null

2020-03-13 15:35:17 - [TEST_STEP][PASSED] - AllModifiedDate.add(a.getText()): null

2020-03-13 15:35:17 - [TEST_STEP][PASSED] - AllModifiedDate.add(a.getText()): null

2020-03-13 15:35:17 - [TEST_STEP][PASSED] - AllModifiedDate.add(a.getText()): null

2020-03-13 15:35:17 - [TEST_STEP][PASSED] - AllModifiedDate.add(a.getText()): null

2020-03-13 15:35:17 - [TEST_STEP][PASSED] - AllModifiedDate.add(a.getText()): null

2020-03-13 15:35:17 - [TEST_STEP][PASSED] - AllModifiedDate.add(a.getText()): null

2020-03-13 15:35:17 - [TEST_STEP][PASSED] - AllModifiedDate.add(a.getText()): null

2020-03-13 15:35:17 - [TEST_STEP][PASSED] - click(findTestObject("ROLES/Roles_page/Pagination/front_navigation")): Object: 'Object Repository/ROLES/Roles_page/Pagination/front_navigation' is clicked on

2020-03-13 15:35:18 - [MESSAGE][PASSED] - Object: 'Object Repository/ROLES/Roles_page/Pagination/front_navigation' is clicked on

2020-03-13 15:35:18 - [TEST_STEP][PASSED] - modifiedDate = findWebElements(findTestObject("ROLES/Roles_page/sorting/modified"), 2): null

2020-03-13 15:35:18 - [TEST_STEP][PASSED] - for (org.openqa.selenium.WebElement a : modifiedDate): null

2020-03-13 15:35:18 - [TEST_STEP][PASSED] - AllModifiedDate.add(a.getText()): null

2020-03-13 15:35:19 - [TEST_STEP][PASSED] - AllModifiedDate.add(a.getText()): null

2020-03-13 15:35:19 - [TEST_STEP][PASSED] - AllModifiedDate.add(a.getText()): null

2020-03-13 15:35:19 - [TEST_STEP][PASSED] - AllModifiedDate.add(a.getText()): null

2020-03-13 15:35:19 - [TEST_STEP][PASSED] - AllModifiedDate.add(a.getText()): null

2020-03-13 15:35:19 - [TEST_STEP][PASSED] - AllModifiedDate.add(a.getText()): null

2020-03-13 15:35:19 - [TEST_STEP][PASSED] - AllModifiedDate.add(a.getText()): null

2020-03-13 15:35:19 - [TEST_STEP][PASSED] - AllModifiedDate.add(a.getText()): null

2020-03-13 15:35:19 - [TEST_STEP][PASSED] - AllModifiedDate.add(a.getText()): null

2020-03-13 15:35:19 - [TEST_STEP][PASSED] - AllModifiedDate.add(a.getText()): null

2020-03-13 15:35:19 - [TEST_STEP][PASSED] - click(findTestObject("ROLES/Roles_page/Pagination/front_navigation")): Object: 'Object Repository/ROLES/Roles_page/Pagination/front_navigation' is clicked on

2020-03-13 15:35:19 - [MESSAGE][PASSED] - Object: 'Object Repository/ROLES/Roles_page/Pagination/front_navigation' is clicked on

2020-03-13 15:35:19 - [TEST_STEP][PASSED] - modifiedDate = findWebElements(findTestObject("ROLES/Roles_page/sorting/modified"), 2): null

2020-03-13 15:35:20 - [TEST_STEP][PASSED] - for (org.openqa.selenium.WebElement a : modifiedDate): null

2020-03-13 15:35:20 - [TEST_STEP][PASSED] - AllModifiedDate.add(a.getText()): null

2020-03-13 15:35:20 - [TEST_STEP][PASSED] - AllModifiedDate.add(a.getText()): null

2020-03-13 15:35:20 - [TEST_STEP][PASSED] - AllModifiedDate.add(a.getText()): null

2020-03-13 15:35:20 - [TEST_STEP][PASSED] - AllModifiedDate.add(a.getText()): null

2020-03-13 15:35:20 - [TEST_STEP][PASSED] - AllModifiedDate.add(a.getText()): null

2020-03-13 15:35:20 - [TEST_STEP][PASSED] - AllModifiedDate.add(a.getText()): null

2020-03-13 15:35:20 - [TEST_STEP][PASSED] - AllModifiedDate.add(a.getText()): null

2020-03-13 15:35:20 - [TEST_STEP][PASSED] - AllModifiedDate.add(a.getText()): null

2020-03-13 15:35:20 - [TEST_STEP][PASSED] - AllModifiedDate.add(a.getText()): null

2020-03-13 15:35:20 - [TEST_STEP][PASSED] - AllModifiedDate.add(a.getText()): null

2020-03-13 15:35:20 - [TEST_STEP][PASSED] - click(findTestObject("ROLES/Roles_page/Pagination/front_navigation")): Object: 'Object Repository/ROLES/Roles_page/Pagination/front_navigation' is clicked on

2020-03-13 15:35:21 - [MESSAGE][PASSED] - Object: 'Object Repository/ROLES/Roles_page/Pagination/front_navigation' is clicked on

2020-03-13 15:35:21 - [TEST_STEP][PASSED] - modifiedDate = findWebElements(findTestObject("ROLES/Roles_page/sorting/modified"), 2): null

2020-03-13 15:35:22 - [TEST_STEP][PASSED] - for (org.openqa.selenium.WebElement a : modifiedDate): null

2020-03-13 15:35:22 - [TEST_STEP][PASSED] - AllModifiedDate.add(a.getText()): null

2020-03-13 15:35:22 - [TEST_STEP][PASSED] - AllModifiedDate.add(a.getText()): null

2020-03-13 15:35:22 - [TEST_STEP][PASSED] - AllModifiedDate.add(a.getText()): null

2020-03-13 15:35:22 - [TEST_STEP][PASSED] - AllModifiedDate.add(a.getText()): null

2020-03-13 15:35:22 - [TEST_STEP][PASSED] - AllModifiedDate.add(a.getText()): null

2020-03-13 15:35:22 - [TEST_STEP][PASSED] - AllModifiedDate.add(a.getText()): null

2020-03-13 15:35:22 - [TEST_STEP][PASSED] - AllModifiedDate.add(a.getText()): null

2020-03-13 15:35:22 - [TEST_STEP][PASSED] - AllModifiedDate.add(a.getText()): null

2020-03-13 15:35:22 - [TEST_STEP][PASSED] - AllModifiedDate.add(a.getText()): null

2020-03-13 15:35:22 - [TEST_STEP][PASSED] - AllModifiedDate.add(a.getText()): null

2020-03-13 15:35:22 - [TEST_STEP][PASSED] - click(findTestObject("ROLES/Roles_page/Pagination/front_navigation")): Object: 'Object Repository/ROLES/Roles_page/Pagination/front_navigation' is clicked on

2020-03-13 15:35:22 - [MESSAGE][PASSED] - Object: 'Object Repository/ROLES/Roles_page/Pagination/front_navigation' is clicked on

2020-03-13 15:35:22 - [TEST_STEP][PASSED] - modifiedDate = findWebElements(findTestObject("ROLES/Roles_page/sorting/modified"), 2): null

2020-03-13 15:35:23 - [TEST_STEP][PASSED] - for (org.openqa.selenium.WebElement a : modifiedDate): null

2020-03-13 15:35:23 - [TEST_STEP][PASSED] - AllModifiedDate.add(a.getText()): null

2020-03-13 15:35:23 - [TEST_STEP][PASSED] - AllModifiedDate.add(a.getText()): null

2020-03-13 15:35:23 - [TEST_STEP][PASSED] - AllModifiedDate.add(a.getText()): null

2020-03-13 15:35:23 - [TEST_STEP][PASSED] - AllModifiedDate.add(a.getText()): null

2020-03-13 15:35:23 - [TEST_STEP][PASSED] - AllModifiedDate.add(a.getText()): null

2020-03-13 15:35:23 - [TEST_STEP][PASSED] - AllModifiedDate.add(a.getText()): null

2020-03-13 15:35:23 - [TEST_STEP][PASSED] - AllModifiedDate.add(a.getText()): null

2020-03-13 15:35:23 - [TEST_STEP][PASSED] - AllModifiedDate.add(a.getText()): null

2020-03-13 15:35:23 - [TEST_STEP][PASSED] - AllModifiedDate.add(a.getText()): null

2020-03-13 15:35:23 - [TEST_STEP][PASSED] - AllModifiedDate.add(a.getText()): null

2020-03-13 15:35:24 - [TEST_STEP][PASSED] - click(findTestObject("ROLES/Roles_page/Pagination/front_navigation")): Object: 'Object Repository/ROLES/Roles_page/Pagination/front_navigation' is clicked on

2020-03-13 15:35:24 - [MESSAGE][PASSED] - Object: 'Object Repository/ROLES/Roles_page/Pagination/front_navigation' is clicked on

2020-03-13 15:35:24 - [TEST_STEP][PASSED] - modifiedDate = findWebElements(findTestObject("ROLES/Roles_page/sorting/modified"), 2): null

2020-03-13 15:35:25 - [TEST_STEP][PASSED] - for (org.openqa.selenium.WebElement a : modifiedDate): null

2020-03-13 15:35:25 - [TEST_STEP][PASSED] - AllModifiedDate.add(a.getText()): null

2020-03-13 15:35:26 - [TEST_STEP][PASSED] - AllModifiedDate.add(a.getText()): null

2020-03-13 15:35:26 - [TEST_STEP][PASSED] - AllModifiedDate.add(a.getText()): null

2020-03-13 15:35:26 - [TEST_STEP][PASSED] - AllModifiedDate.add(a.getText()): null

2020-03-13 15:35:26 - [TEST_STEP][PASSED] - AllModifiedDate.add(a.getText()): null

2020-03-13 15:35:26 - [TEST_STEP][PASSED] - AllModifiedDate.add(a.getText()): null

2020-03-13 15:35:26 - [TEST_STEP][PASSED] - AllModifiedDate.add(a.getText()): null

2020-03-13 15:35:26 - [TEST_STEP][PASSED] - AllModifiedDate.add(a.getText()): null

2020-03-13 15:35:26 - [TEST_STEP][PASSED] - AllModifiedDate.add(a.getText()): null

2020-03-13 15:35:26 - [TEST_STEP][PASSED] - AllModifiedDate.add(a.getText()): null

2020-03-13 15:35:26 - [TEST_STEP][PASSED] - click(findTestObject("ROLES/Roles_page/Pagination/front_navigation")): Object: 'Object Repository/ROLES/Roles_page/Pagination/front_navigation' is clicked on

2020-03-13 15:35:26 - [MESSAGE][PASSED] - Object: 'Object Repository/ROLES/Roles_page/Pagination/front_navigation' is clicked on

2020-03-13 15:35:26 - [TEST_STEP][PASSED] - modifiedDate = findWebElements(findTestObject("ROLES/Roles_page/sorting/modified"), 2): null

2020-03-13 15:35:27 - [TEST_STEP][PASSED] - for (org.openqa.selenium.WebElement a : modifiedDate): null

2020-03-13 15:35:27 - [TEST_STEP][PASSED] - AllModifiedDate.add(a.getText()): null

2020-03-13 15:35:27 - [TEST_STEP][PASSED] - AllModifiedDate.add(a.getText()): null

2020-03-13 15:35:27 - [TEST_STEP][PASSED] - AllModifiedDate.add(a.getText()): null

2020-03-13 15:35:27 - [TEST_STEP][PASSED] - AllModifiedDate.add(a.getText()): null

2020-03-13 15:35:27 - [TEST_STEP][PASSED] - AllModifiedDate.add(a.getText()): null

2020-03-13 15:35:27 - [TEST_STEP][PASSED] - AllModifiedDate.add(a.getText()): null

2020-03-13 15:35:27 - [TEST_STEP][PASSED] - AllModifiedDate.add(a.getText()): null

2020-03-13 15:35:27 - [TEST_STEP][PASSED] - AllModifiedDate.add(a.getText()): null

2020-03-13 15:35:27 - [TEST_STEP][PASSED] - AllModifiedDate.add(a.getText()): null

2020-03-13 15:35:27 - [TEST_STEP][PASSED] - AllModifiedDate.add(a.getText()): null

2020-03-13 15:35:27 - [TEST_STEP][PASSED] - click(findTestObject("ROLES/Roles_page/Pagination/front_navigation")): Object: 'Object Repository/ROLES/Roles_page/Pagination/front_navigation' is clicked on

2020-03-13 15:35:28 - [MESSAGE][PASSED] - Object: 'Object Repository/ROLES/Roles_page/Pagination/front_navigation' is clicked on

2020-03-13 15:35:28 - [TEST_STEP][PASSED] - modifiedDate = findWebElements(findTestObject("ROLES/Roles_page/sorting/modified"), 2): null

2020-03-13 15:35:29 - [TEST_STEP][PASSED] - for (org.openqa.selenium.WebElement a : modifiedDate): null

2020-03-13 15:35:29 - [TEST_STEP][PASSED] - AllModifiedDate.add(a.getText()): null

2020-03-13 15:35:29 - [TEST_STEP][PASSED] - AllModifiedDate.add(a.getText()): null

2020-03-13 15:35:29 - [TEST_STEP][PASSED] - AllModifiedDate.add(a.getText()): null

2020-03-13 15:35:29 - [TEST_STEP][PASSED] - AllModifiedDate.add(a.getText()): null

2020-03-13 15:35:29 - [TEST_STEP][PASSED] - AllModifiedDate.add(a.getText()): null

2020-03-13 15:35:29 - [TEST_STEP][PASSED] - AllModifiedDate.add(a.getText()): null

2020-03-13 15:35:29 - [TEST_STEP][PASSED] - AllModifiedDate.add(a.getText()): null

2020-03-13 15:35:29 - [TEST_STEP][PASSED] - AllModifiedDate.add(a.getText()): null

2020-03-13 15:35:29 - [TEST_STEP][PASSED] - AllModifiedDate.add(a.getText()): null

2020-03-13 15:35:29 - [TEST_STEP][PASSED] - AllModifiedDate.add(a.getText()): null

2020-03-13 15:35:29 - [TEST_STEP][PASSED] - click(findTestObject("ROLES/Roles_page/Pagination/front_navigation")): Object: 'Object Repository/ROLES/Roles_page/Pagination/front_navigation' is clicked on

2020-03-13 15:35:29 - [MESSAGE][PASSED] - Object: 'Object Repository/ROLES/Roles_page/Pagination/front_navigation' is clicked on

2020-03-13 15:35:29 - [TEST_STEP][PASSED] - modifiedDate = findWebElements(findTestObject("ROLES/Roles_page/sorting/modified"), 2): null

2020-03-13 15:35:30 - [TEST_STEP][PASSED] - for (org.openqa.selenium.WebElement a : modifiedDate): null

2020-03-13 15:35:30 - [TEST_STEP][PASSED] - AllModifiedDate.add(a.getText()): null

2020-03-13 15:35:30 - [TEST_STEP][PASSED] - AllModifiedDate.add(a.getText()): null

2020-03-13 15:35:30 - [TEST_STEP][PASSED] - AllModifiedDate.add(a.getText()): null

2020-03-13 15:35:30 - [TEST_STEP][PASSED] - AllModifiedDate.add(a.getText()): null

2020-03-13 15:35:30 - [TEST_STEP][PASSED] - AllModifiedDate.add(a.getText()): null

2020-03-13 15:35:30 - [TEST_STEP][PASSED] - AllModifiedDate.add(a.getText()): null

2020-03-13 15:35:30 - [TEST_STEP][PASSED] - AllModifiedDate.add(a.getText()): null

2020-03-13 15:35:30 - [TEST_STEP][PASSED] - AllModifiedDate.add(a.getText()): null

2020-03-13 15:35:30 - [TEST_STEP][PASSED] - AllModifiedDate.add(a.getText()): null

2020-03-13 15:35:30 - [TEST_STEP][PASSED] - AllModifiedDate.add(a.getText()): null

2020-03-13 15:35:30 - [TEST_STEP][PASSED] - click(findTestObject("ROLES/Roles_page/Pagination/front_navigation")): Object: 'Object Repository/ROLES/Roles_page/Pagination/front_navigation' is clicked on

2020-03-13 15:35:31 - [MESSAGE][PASSED] - Object: 'Object Repository/ROLES/Roles_page/Pagination/front_navigation' is clicked on

2020-03-13 15:35:31 - [TEST_STEP][PASSED] - modifiedDate = findWebElements(findTestObject("ROLES/Roles_page/sorting/modified"), 2): null

2020-03-13 15:35:32 - [TEST_STEP][PASSED] - for (org.openqa.selenium.WebElement a : modifiedDate): null

2020-03-13 15:35:32 - [TEST_STEP][PASSED] - AllModifiedDate.add(a.getText()): null

2020-03-13 15:35:32 - [TEST_STEP][PASSED] - AllModifiedDate.add(a.getText()): null

2020-03-13 15:35:32 - [TEST_STEP][PASSED] - AllModifiedDate.add(a.getText()): null

2020-03-13 15:35:32 - [TEST_STEP][PASSED] - AllModifiedDate.add(a.getText()): null

2020-03-13 15:35:32 - [TEST_STEP][PASSED] - AllModifiedDate.add(a.getText()): null

2020-03-13 15:35:32 - [TEST_STEP][PASSED] - AllModifiedDate.add(a.getText()): null

2020-03-13 15:35:32 - [TEST_STEP][PASSED] - AllModifiedDate.add(a.getText()): null

2020-03-13 15:35:32 - [TEST_STEP][PASSED] - AllModifiedDate.add(a.getText()): null

2020-03-13 15:35:32 - [TEST_STEP][PASSED] - AllModifiedDate.add(a.getText()): null

2020-03-13 15:35:32 - [TEST_STEP][PASSED] - AllModifiedDate.add(a.getText()): null

2020-03-13 15:35:32 - [TEST_STEP][PASSED] - click(findTestObject("ROLES/Roles_page/Pagination/front_navigation")): Object: 'Object Repository/ROLES/Roles_page/Pagination/front_navigation' is clicked on

2020-03-13 15:35:33 - [MESSAGE][PASSED] - Object: 'Object Repository/ROLES/Roles_page/Pagination/front_navigation' is clicked on

2020-03-13 15:35:33 - [TEST_STEP][PASSED] - modifiedDate = findWebElements(findTestObject("ROLES/Roles_page/sorting/modified"), 2): null

2020-03-13 15:35:33 - [TEST_STEP][PASSED] - for (org.openqa.selenium.WebElement a : modifiedDate): null

2020-03-13 15:35:33 - [TEST_STEP][PASSED] - AllModifiedDate.add(a.getText()): null

2020-03-13 15:35:33 - [TEST_STEP][PASSED] - AllModifiedDate.add(a.getText()): null

2020-03-13 15:35:33 - [TEST_STEP][PASSED] - AllModifiedDate.add(a.getText()): null

2020-03-13 15:35:33 - [TEST_STEP][PASSED] - AllModifiedDate.add(a.getText()): null

2020-03-13 15:35:33 - [TEST_STEP][PASSED] - AllModifiedDate.add(a.getText()): null

2020-03-13 15:35:33 - [TEST_STEP][PASSED] - AllModifiedDate.add(a.getText()): null

2020-03-13 15:35:33 - [TEST_STEP][PASSED] - AllModifiedDate.add(a.getText()): null

2020-03-13 15:35:34 - [TEST_STEP][PASSED] - AllModifiedDate.add(a.getText()): null

2020-03-13 15:35:34 - [TEST_STEP][PASSED] - AllModifiedDate.add(a.getText()): null

2020-03-13 15:35:34 - [TEST_STEP][PASSED] - AllModifiedDate.add(a.getText()): null

2020-03-13 15:35:34 - [TEST_STEP][PASSED] - click(findTestObject("ROLES/Roles_page/Pagination/front_navigation")): Object: 'Object Repository/ROLES/Roles_page/Pagination/front_navigation' is clicked on

2020-03-13 15:35:34 - [MESSAGE][PASSED] - Object: 'Object Repository/ROLES/Roles_page/Pagination/front_navigation' is clicked on

2020-03-13 15:35:34 - [TEST_STEP][PASSED] - modifiedDate = findWebElements(findTestObject("ROLES/Roles_page/sorting/modified"), 2): null

2020-03-13 15:35:35 - [TEST_STEP][PASSED] - for (org.openqa.selenium.WebElement a : modifiedDate): null

2020-03-13 15:35:35 - [TEST_STEP][PASSED] - AllModifiedDate.add(a.getText()): null

2020-03-13 15:35:35 - [TEST_STEP][PASSED] - AllModifiedDate.add(a.getText()): null

2020-03-13 15:35:35 - [TEST_STEP][PASSED] - AllModifiedDate.add(a.getText()): null

2020-03-13 15:35:35 - [TEST_STEP][PASSED] - AllModifiedDate.add(a.getText()): null

2020-03-13 15:35:35 - [TEST_STEP][PASSED] - AllModifiedDate.add(a.getText()): null

2020-03-13 15:35:35 - [TEST_STEP][PASSED] - AllModifiedDate.add(a.getText()): null

2020-03-13 15:35:35 - [TEST_STEP][PASSED] - AllModifiedDate.add(a.getText()): null

2020-03-13 15:35:35 - [TEST_STEP][PASSED] - AllModifiedDate.add(a.getText()): null

2020-03-13 15:35:36 - [TEST_STEP][PASSED] - AllModifiedDate.add(a.getText()): null

2020-03-13 15:35:36 - [TEST_STEP][PASSED] - AllModifiedDate.add(a.getText()): null

2020-03-13 15:35:36 - [TEST_STEP][PASSED] - click(findTestObject("ROLES/Roles_page/Pagination/front_navigation")): Object: 'Object Repository/ROLES/Roles_page/Pagination/front_navigation' is clicked on

2020-03-13 15:35:36 - [MESSAGE][PASSED] - Object: 'Object Repository/ROLES/Roles_page/Pagination/front_navigation' is clicked on

2020-03-13 15:35:36 - [TEST_STEP][PASSED] - modifiedDate = findWebElements(findTestObject("ROLES/Roles_page/sorting/modified"), 2): null

2020-03-13 15:35:37 - [TEST_STEP][PASSED] - for (org.openqa.selenium.WebElement a : modifiedDate): null

2020-03-13 15:35:37 - [TEST_STEP][PASSED] - AllModifiedDate.add(a.getText()): null

2020-03-13 15:35:37 - [TEST_STEP][PASSED] - AllModifiedDate.add(a.getText()): null

2020-03-13 15:35:37 - [TEST_STEP][PASSED] - AllModifiedDate.add(a.getText()): null

2020-03-13 15:35:37 - [TEST_STEP][PASSED] - AllModifiedDate.add(a.getText()): null

2020-03-13 15:35:37 - [TEST_STEP][PASSED] - AllModifiedDate.add(a.getText()): null

2020-03-13 15:35:37 - [TEST_STEP][PASSED] - AllModifiedDate.add(a.getText()): null

2020-03-13 15:35:37 - [TEST_STEP][PASSED] - AllModifiedDate.add(a.getText()): null

2020-03-13 15:35:37 - [TEST_STEP][PASSED] - AllModifiedDate.add(a.getText()): null

2020-03-13 15:35:37 - [TEST_STEP][PASSED] - AllModifiedDate.add(a.getText()): null

2020-03-13 15:35:37 - [TEST_STEP][PASSED] - AllModifiedDate.add(a.getText()): null

2020-03-13 15:35:37 - [TEST_STEP][PASSED] - click(findTestObject("ROLES/Roles_page/Pagination/front_navigation")): Object: 'Object Repository/ROLES/Roles_page/Pagination/front_navigation' is clicked on

2020-03-13 15:35:38 - [MESSAGE][PASSED] - Object: 'Object Repository/ROLES/Roles_page/Pagination/front_navigation' is clicked on

2020-03-13 15:35:38 - [TEST_STEP][PASSED] - modifiedDate = findWebElements(findTestObject("ROLES/Roles_page/sorting/modified"), 2): null

2020-03-13 15:35:39 - [TEST_STEP][PASSED] - for (org.openqa.selenium.WebElement a : modifiedDate): null

2020-03-13 15:35:39 - [TEST_STEP][PASSED] - AllModifiedDate.add(a.getText()): null

2020-03-13 15:35:39 - [TEST_STEP][PASSED] - AllModifiedDate.add(a.getText()): null

2020-03-13 15:35:39 - [TEST_STEP][PASSED] - AllModifiedDate.add(a.getText()): null

2020-03-13 15:35:39 - [TEST_STEP][PASSED] - AllModifiedDate.add(a.getText()): null

2020-03-13 15:35:39 - [TEST_STEP][PASSED] - AllModifiedDate.add(a.getText()): null

2020-03-13 15:35:39 - [TEST_STEP][PASSED] - AllModifiedDate.add(a.getText()): null

2020-03-13 15:35:39 - [TEST_STEP][PASSED] - AllModifiedDate.add(a.getText()): null

2020-03-13 15:35:39 - [TEST_STEP][PASSED] - AllModifiedDate.add(a.getText()): null

2020-03-13 15:35:39 - [TEST_STEP][PASSED] - AllModifiedDate.add(a.getText()): null

2020-03-13 15:35:39 - [TEST_STEP][PASSED] - AllModifiedDate.add(a.getText()): null

2020-03-13 15:35:39 - [TEST_STEP][PASSED] - click(findTestObject("ROLES/Roles_page/Pagination/front_navigation")): Object: 'Object Repository/ROLES/Roles_page/Pagination/front_navigation' is clicked on

2020-03-13 15:35:39 - [MESSAGE][PASSED] - Object: 'Object Repository/ROLES/Roles_page/Pagination/front_navigation' is clicked on

2020-03-13 15:35:39 - [TEST_STEP][PASSED] - modifiedDate = findWebElements(findTestObject("ROLES/Roles_page/sorting/modified"), 2): null

2020-03-13 15:35:40 - [TEST_STEP][PASSED] - for (org.openqa.selenium.WebElement a : modifiedDate): null

2020-03-13 15:35:40 - [TEST_STEP][PASSED] - AllModifiedDate.add(a.getText()): null

2020-03-13 15:35:40 - [TEST_STEP][PASSED] - AllModifiedDate.add(a.getText()): null

2020-03-13 15:35:40 - [TEST_STEP][PASSED] - AllModifiedDate.add(a.getText()): null

2020-03-13 15:35:40 - [TEST_STEP][PASSED] - AllModifiedDate.add(a.getText()): null

2020-03-13 15:35:40 - [TEST_STEP][PASSED] - AllModifiedDate.add(a.getText()): null

2020-03-13 15:35:40 - [TEST_STEP][PASSED] - AllModifiedDate.add(a.getText()): null

2020-03-13 15:35:40 - [TEST_STEP][PASSED] - AllModifiedDate.add(a.getText()): null

2020-03-13 15:35:40 - [TEST_STEP][PASSED] - AllModifiedDate.add(a.getText()): null

2020-03-13 15:35:40 - [TEST_STEP][PASSED] - AllModifiedDate.add(a.getText()): null

2020-03-13 15:35:41 - [TEST_STEP][PASSED] - AllModifiedDate.add(a.getText()): null

2020-03-13 15:35:41 - [TEST_STEP][PASSED] - click(findTestObject("ROLES/Roles_page/Pagination/front_navigation")): Object: 'Object Repository/ROLES/Roles_page/Pagination/front_navigation' is clicked on

2020-03-13 15:35:41 - [MESSAGE][PASSED] - Object: 'Object Repository/ROLES/Roles_page/Pagination/front_navigation' is clicked on

2020-03-13 15:35:41 - [TEST_STEP][PASSED] - modifiedDate = findWebElements(findTestObject("ROLES/Roles_page/sorting/modified"), 2): null

2020-03-13 15:35:42 - [TEST_STEP][PASSED] - for (org.openqa.selenium.WebElement a : modifiedDate): null

2020-03-13 15:35:42 - [TEST_STEP][PASSED] - AllModifiedDate.add(a.getText()): null

2020-03-13 15:35:42 - [TEST_STEP][PASSED] - AllModifiedDate.add(a.getText()): null

2020-03-13 15:35:42 - [TEST_STEP][PASSED] - AllModifiedDate.add(a.getText()): null

2020-03-13 15:35:42 - [TEST_STEP][PASSED] - AllModifiedDate.add(a.getText()): null

2020-03-13 15:35:42 - [TEST_STEP][PASSED] - AllModifiedDate.add(a.getText()): null

2020-03-13 15:35:42 - [TEST_STEP][PASSED] - AllModifiedDate.add(a.getText()): null

2020-03-13 15:35:42 - [TEST_STEP][PASSED] - AllModifiedDate.add(a.getText()): null

2020-03-13 15:35:42 - [TEST_STEP][PASSED] - AllModifiedDate.add(a.getText()): null

2020-03-13 15:35:42 - [TEST_STEP][PASSED] - AllModifiedDate.add(a.getText()): null

2020-03-13 15:35:42 - [TEST_STEP][PASSED] - AllModifiedDate.add(a.getText()): null

2020-03-13 15:35:42 - [TEST_STEP][PASSED] - click(findTestObject("ROLES/Roles_page/Pagination/front_navigation")): Object: 'Object Repository/ROLES/Roles_page/Pagination/front_navigation' is clicked on

2020-03-13 15:35:43 - [MESSAGE][PASSED] - Object: 'Object Repository/ROLES/Roles_page/Pagination/front_navigation' is clicked on

2020-03-13 15:35:43 - [TEST_STEP][PASSED] - modifiedDate = findWebElements(findTestObject("ROLES/Roles_page/sorting/modified"), 2): null

2020-03-13 15:35:44 - [TEST_STEP][PASSED] - for (org.openqa.selenium.WebElement a : modifiedDate): null

2020-03-13 15:35:44 - [TEST_STEP][PASSED] - AllModifiedDate.add(a.getText()): null

2020-03-13 15:35:44 - [TEST_STEP][PASSED] - AllModifiedDate.add(a.getText()): null

2020-03-13 15:35:44 - [TEST_STEP][PASSED] - AllModifiedDate.add(a.getText()): null

2020-03-13 15:35:44 - [TEST_STEP][PASSED] - AllModifiedDate.add(a.getText()): null

2020-03-13 15:35:44 - [TEST_STEP][PASSED] - AllModifiedDate.add(a.getText()): null

2020-03-13 15:35:44 - [TEST_STEP][PASSED] - AllModifiedDate.add(a.getText()): null

2020-03-13 15:35:44 - [TEST_STEP][PASSED] - AllModifiedDate.add(a.getText()): null

2020-03-13 15:35:44 - [TEST_STEP][PASSED] - AllModifiedDate.add(a.getText()): null

2020-03-13 15:35:44 - [TEST_STEP][PASSED] - AllModifiedDate.add(a.getText()): null

2020-03-13 15:35:44 - [TEST_STEP][PASSED] - AllModifiedDate.add(a.getText()): null

2020-03-13 15:35:44 - [TEST_STEP][PASSED] - click(findTestObject("ROLES/Roles_page/Pagination/front_navigation")): Object: 'Object Repository/ROLES/Roles_page/Pagination/front_navigation' is clicked on

2020-03-13 15:35:44 - [MESSAGE][PASSED] - Object: 'Object Repository/ROLES/Roles_page/Pagination/front_navigation' is clicked on

2020-03-13 15:35:44 - [TEST_STEP][PASSED] - modifiedDate = findWebElements(findTestObject("ROLES/Roles_page/sorting/modified"), 2): null

2020-03-13 15:35:45 - [TEST_STEP][PASSED] - for (org.openqa.selenium.WebElement a : modifiedDate): null

2020-03-13 15:35:45 - [TEST_STEP][PASSED] - AllModifiedDate.add(a.getText()): null

2020-03-13 15:35:45 - [TEST_STEP][PASSED] - AllModifiedDate.add(a.getText()): null

2020-03-13 15:35:46 - [TEST_STEP][PASSED] - AllModifiedDate.add(a.getText()): null

2020-03-13 15:35:46 - [TEST_STEP][PASSED] - AllModifiedDate.add(a.getText()): null

2020-03-13 15:35:46 - [TEST_STEP][PASSED] - AllModifiedDate.add(a.getText()): null

2020-03-13 15:35:46 - [TEST_STEP][PASSED] - AllModifiedDate.add(a.getText()): null

2020-03-13 15:35:46 - [TEST_STEP][PASSED] - AllModifiedDate.add(a.getText()): null

2020-03-13 15:35:46 - [TEST_STEP][PASSED] - click(findTestObject("ROLES/Roles_page/Pagination/front_navigation")): Object: 'Object Repository/ROLES/Roles_page/Pagination/front_navigation' is clicked on

2020-03-13 15:35:48 - [MESSAGE][PASSED] - Object: 'Object Repository/ROLES/Roles_page/Pagination/front_navigation' is clicked on

2020-03-13 15:35:48 - [TEST_STEP][PASSED] - if (j == 1): Text 'BACK_SPACE + BACK_SPACE + ENTER + 1' is set on object 'Object Repository/ROLES/Roles_page/Pagination/input_Page_form-control'

2020-03-13 15:35:48 - [TEST_STEP][PASSED] - isSorted = web.CustomKeyword.checkListDescending(AllModifiedDate): web.CustomKeyword.checkListDescending is PASSED

2020-03-13 15:35:48 - [MESSAGE][PASSED] - web.CustomKeyword.checkListDescending is PASSED

2020-03-13 15:35:48 - [TEST_STEP][PASSED] - println(AllModifiedDate.size()): null

2020-03-13 15:35:48 - [TEST_STEP][PASSED] - println(AllModifiedDate): null

2020-03-13 15:35:48 - [TEST_STEP][PASSED] - verifyEqual(isSorted, true): Actual object 'true' and expected object 'true' are equal

2020-03-13 15:35:48 - [MESSAGE][PASSED] - Actual object 'true' and expected object 'true' are equal

2020-03-13 15:35:48 - [TEST_STEP][PASSED] - clearText(findTestObject("Object Repository/ROLES/Roles_page/Pagination/input_Page_form-control")): Text of object 'Object Repository/ROLES/Roles_page/Pagination/input_Page_form-control' is cleared

2020-03-13 15:35:49 - [MESSAGE][PASSED] - Text of object 'Object Repository/ROLES/Roles_page/Pagination/input_Page_form-control' is cleared

2020-03-13 15:35:49 - [TEST_STEP][PASSED] - setText(findTestObject("Object Repository/ROLES/Roles_page/Pagination/input_Page_form-control"), BACK_SPACE + BACK_SPACE + "1" + ENTER): Text 'BACK_SPACE + BACK_SPACE + ENTER + 1' is set on object 'Object Repository/ROLES/Roles_page/Pagination/input_Page_form-control'

2020-03-13 15:35:49 - [MESSAGE][PASSED] - Text 'BACK_SPACE + BACK_SPACE + ENTER + 1' is set on object 'Object Repository/ROLES/Roles_page/Pagination/input_Page_form-control'

2020-03-13 15:35:49 - [TEST_STEP][PASSED] - if (j == 2): null

2020-03-13 15:35:49 - [TEST_STEP][PASSED] - click(findTestObject("ROLES/Roles_page/sorting/Modified_header")): Object: 'Object Repository/ROLES/Roles_page/sorting/Modified_header' is clicked on

2020-03-13 15:35:50 - [MESSAGE][PASSED] - Object: 'Object Repository/ROLES/Roles_page/sorting/Modified_header' is clicked on

2020-03-13 15:35:50 - [TEST_STEP][PASSED] - modifiedDate = <not implemented yet for class: org.codehaus.groovy.ast.expr.EmptyExpression>: null

2020-03-13 15:35:50 - [TEST_STEP][PASSED] - AllModifiedDate = new java.util.ArrayList(): null

2020-03-13 15:35:50 - [TEST_STEP][PASSED] - for ([i = 1, i <= noOfPages, (i++)]): Object: 'Object Repository/ROLES/Roles_page/Pagination/front_navigation' is clicked on

2020-03-13 15:35:50 - [TEST_STEP][PASSED] - modifiedDate = findWebElements(findTestObject("ROLES/Roles_page/sorting/modified"), 2): null

2020-03-13 15:35:51 - [TEST_STEP][PASSED] - for (org.openqa.selenium.WebElement a : modifiedDate): null

2020-03-13 15:35:51 - [TEST_STEP][PASSED] - AllModifiedDate.add(a.getText()): null

2020-03-13 15:35:51 - [TEST_STEP][PASSED] - AllModifiedDate.add(a.getText()): null

2020-03-13 15:35:51 - [TEST_STEP][PASSED] - AllModifiedDate.add(a.getText()): null

2020-03-13 15:35:51 - [TEST_STEP][PASSED] - AllModifiedDate.add(a.getText()): null

2020-03-13 15:35:51 - [TEST_STEP][PASSED] - AllModifiedDate.add(a.getText()): null

2020-03-13 15:35:51 - [TEST_STEP][PASSED] - AllModifiedDate.add(a.getText()): null

2020-03-13 15:35:51 - [TEST_STEP][PASSED] - AllModifiedDate.add(a.getText()): null

2020-03-13 15:35:51 - [TEST_STEP][PASSED] - AllModifiedDate.add(a.getText()): null

2020-03-13 15:35:51 - [TEST_STEP][PASSED] - AllModifiedDate.add(a.getText()): null

2020-03-13 15:35:51 - [TEST_STEP][PASSED] - AllModifiedDate.add(a.getText()): null

2020-03-13 15:35:51 - [TEST_STEP][PASSED] - click(findTestObject("ROLES/Roles_page/Pagination/front_navigation")): Object: 'Object Repository/ROLES/Roles_page/Pagination/front_navigation' is clicked on

2020-03-13 15:35:52 - [MESSAGE][PASSED] - Object: 'Object Repository/ROLES/Roles_page/Pagination/front_navigation' is clicked on

2020-03-13 15:35:52 - [TEST_STEP][PASSED] - modifiedDate = findWebElements(findTestObject("ROLES/Roles_page/sorting/modified"), 2): null

2020-03-13 15:35:53 - [TEST_STEP][PASSED] - for (org.openqa.selenium.WebElement a : modifiedDate): null

2020-03-13 15:35:53 - [TEST_STEP][PASSED] - AllModifiedDate.add(a.getText()): null

2020-03-13 15:35:53 - [TEST_STEP][PASSED] - AllModifiedDate.add(a.getText()): null

2020-03-13 15:35:53 - [TEST_STEP][PASSED] - AllModifiedDate.add(a.getText()): null

2020-03-13 15:35:53 - [TEST_STEP][PASSED] - AllModifiedDate.add(a.getText()): null

2020-03-13 15:35:53 - [TEST_STEP][PASSED] - AllModifiedDate.add(a.getText()): null

2020-03-13 15:35:53 - [TEST_STEP][PASSED] - AllModifiedDate.add(a.getText()): null

2020-03-13 15:35:53 - [TEST_STEP][PASSED] - AllModifiedDate.add(a.getText()): null

2020-03-13 15:35:53 - [TEST_STEP][PASSED] - AllModifiedDate.add(a.getText()): null

2020-03-13 15:35:53 - [TEST_STEP][PASSED] - AllModifiedDate.add(a.getText()): null

2020-03-13 15:35:53 - [TEST_STEP][PASSED] - AllModifiedDate.add(a.getText()): null

2020-03-13 15:35:53 - [TEST_STEP][PASSED] - click(findTestObject("ROLES/Roles_page/Pagination/front_navigation")): Object: 'Object Repository/ROLES/Roles_page/Pagination/front_navigation' is clicked on

2020-03-13 15:35:53 - [MESSAGE][PASSED] - Object: 'Object Repository/ROLES/Roles_page/Pagination/front_navigation' is clicked on

2020-03-13 15:35:53 - [TEST_STEP][PASSED] - modifiedDate = findWebElements(findTestObject("ROLES/Roles_page/sorting/modified"), 2): null

2020-03-13 15:35:54 - [TEST_STEP][PASSED] - for (org.openqa.selenium.WebElement a : modifiedDate): null

2020-03-13 15:35:54 - [TEST_STEP][PASSED] - AllModifiedDate.add(a.getText()): null

2020-03-13 15:35:54 - [TEST_STEP][PASSED] - AllModifiedDate.add(a.getText()): null

2020-03-13 15:35:54 - [TEST_STEP][PASSED] - AllModifiedDate.add(a.getText()): null

2020-03-13 15:35:54 - [TEST_STEP][PASSED] - AllModifiedDate.add(a.getText()): null

2020-03-13 15:35:54 - [TEST_STEP][PASSED] - AllModifiedDate.add(a.getText()): null

2020-03-13 15:35:54 - [TEST_STEP][PASSED] - AllModifiedDate.add(a.getText()): null

2020-03-13 15:35:54 - [TEST_STEP][PASSED] - AllModifiedDate.add(a.getText()): null

2020-03-13 15:35:54 - [TEST_STEP][PASSED] - AllModifiedDate.add(a.getText()): null

2020-03-13 15:35:54 - [TEST_STEP][PASSED] - AllModifiedDate.add(a.getText()): null

2020-03-13 15:35:55 - [TEST_STEP][PASSED] - AllModifiedDate.add(a.getText()): null

2020-03-13 15:35:55 - [TEST_STEP][PASSED] - click(findTestObject("ROLES/Roles_page/Pagination/front_navigation")): Object: 'Object Repository/ROLES/Roles_page/Pagination/front_navigation' is clicked on

2020-03-13 15:35:55 - [MESSAGE][PASSED] - Object: 'Object Repository/ROLES/Roles_page/Pagination/front_navigation' is clicked on

2020-03-13 15:35:55 - [TEST_STEP][PASSED] - modifiedDate = findWebElements(findTestObject("ROLES/Roles_page/sorting/modified"), 2): null

2020-03-13 15:35:56 - [TEST_STEP][PASSED] - for (org.openqa.selenium.WebElement a : modifiedDate): null

2020-03-13 15:35:56 - [TEST_STEP][PASSED] - AllModifiedDate.add(a.getText()): null

2020-03-13 15:35:56 - [TEST_STEP][PASSED] - AllModifiedDate.add(a.getText()): null

2020-03-13 15:35:56 - [TEST_STEP][PASSED] - AllModifiedDate.add(a.getText()): null

2020-03-13 15:35:56 - [TEST_STEP][PASSED] - AllModifiedDate.add(a.getText()): null

2020-03-13 15:35:56 - [TEST_STEP][PASSED] - AllModifiedDate.add(a.getText()): null

2020-03-13 15:35:56 - [TEST_STEP][PASSED] - AllModifiedDate.add(a.getText()): null

2020-03-13 15:35:56 - [TEST_STEP][PASSED] - AllModifiedDate.add(a.getText()): null

2020-03-13 15:35:56 - [TEST_STEP][PASSED] - AllModifiedDate.add(a.getText()): null

2020-03-13 15:35:56 - [TEST_STEP][PASSED] - AllModifiedDate.add(a.getText()): null

2020-03-13 15:35:56 - [TEST_STEP][PASSED] - AllModifiedDate.add(a.getText()): null

2020-03-13 15:35:56 - [TEST_STEP][PASSED] - click(findTestObject("ROLES/Roles_page/Pagination/front_navigation")): Object: 'Object Repository/ROLES/Roles_page/Pagination/front_navigation' is clicked on

2020-03-13 15:35:57 - [MESSAGE][PASSED] - Object: 'Object Repository/ROLES/Roles_page/Pagination/front_navigation' is clicked on

2020-03-13 15:35:57 - [TEST_STEP][PASSED] - modifiedDate = findWebElements(findTestObject("ROLES/Roles_page/sorting/modified"), 2): null

2020-03-13 15:35:58 - [TEST_STEP][PASSED] - for (org.openqa.selenium.WebElement a : modifiedDate): null

2020-03-13 15:35:58 - [TEST_STEP][PASSED] - AllModifiedDate.add(a.getText()): null

2020-03-13 15:35:58 - [TEST_STEP][PASSED] - AllModifiedDate.add(a.getText()): null

2020-03-13 15:35:58 - [TEST_STEP][PASSED] - AllModifiedDate.add(a.getText()): null

2020-03-13 15:35:58 - [TEST_STEP][PASSED] - AllModifiedDate.add(a.getText()): null

2020-03-13 15:35:58 - [TEST_STEP][PASSED] - AllModifiedDate.add(a.getText()): null

2020-03-13 15:35:58 - [TEST_STEP][PASSED] - AllModifiedDate.add(a.getText()): null

2020-03-13 15:35:58 - [TEST_STEP][PASSED] - AllModifiedDate.add(a.getText()): null

2020-03-13 15:35:58 - [TEST_STEP][PASSED] - AllModifiedDate.add(a.getText()): null

2020-03-13 15:35:58 - [TEST_STEP][PASSED] - AllModifiedDate.add(a.getText()): null

2020-03-13 15:35:58 - [TEST_STEP][PASSED] - AllModifiedDate.add(a.getText()): null

2020-03-13 15:35:58 - [TEST_STEP][PASSED] - click(findTestObject("ROLES/Roles_page/Pagination/front_navigation")): Object: 'Object Repository/ROLES/Roles_page/Pagination/front_navigation' is clicked on

2020-03-13 15:35:58 - [MESSAGE][PASSED] - Object: 'Object Repository/ROLES/Roles_page/Pagination/front_navigation' is clicked on

2020-03-13 15:35:58 - [TEST_STEP][PASSED] - modifiedDate = findWebElements(findTestObject("ROLES/Roles_page/sorting/modified"), 2): null

2020-03-13 15:35:59 - [TEST_STEP][PASSED] - for (org.openqa.selenium.WebElement a : modifiedDate): null

2020-03-13 15:35:59 - [TEST_STEP][PASSED] - AllModifiedDate.add(a.getText()): null

2020-03-13 15:35:59 - [TEST_STEP][PASSED] - AllModifiedDate.add(a.getText()): null

2020-03-13 15:35:59 - [TEST_STEP][PASSED] - AllModifiedDate.add(a.getText()): null

2020-03-13 15:35:59 - [TEST_STEP][PASSED] - AllModifiedDate.add(a.getText()): null

2020-03-13 15:35:59 - [TEST_STEP][PASSED] - AllModifiedDate.add(a.getText()): null

2020-03-13 15:35:59 - [TEST_STEP][PASSED] - AllModifiedDate.add(a.getText()): null

2020-03-13 15:35:59 - [TEST_STEP][PASSED] - AllModifiedDate.add(a.getText()): null

2020-03-13 15:35:59 - [TEST_STEP][PASSED] - AllModifiedDate.add(a.getText()): null

2020-03-13 15:36:00 - [TEST_STEP][PASSED] - AllModifiedDate.add(a.getText()): null

2020-03-13 15:36:00 - [TEST_STEP][PASSED] - AllModifiedDate.add(a.getText()): null

2020-03-13 15:36:00 - [TEST_STEP][PASSED] - click(findTestObject("ROLES/Roles_page/Pagination/front_navigation")): Object: 'Object Repository/ROLES/Roles_page/Pagination/front_navigation' is clicked on

2020-03-13 15:36:00 - [MESSAGE][PASSED] - Object: 'Object Repository/ROLES/Roles_page/Pagination/front_navigation' is clicked on

2020-03-13 15:36:00 - [TEST_STEP][PASSED] - modifiedDate = findWebElements(findTestObject("ROLES/Roles_page/sorting/modified"), 2): null

2020-03-13 15:36:01 - [TEST_STEP][PASSED] - for (org.openqa.selenium.WebElement a : modifiedDate): null

2020-03-13 15:36:01 - [TEST_STEP][PASSED] - AllModifiedDate.add(a.getText()): null

2020-03-13 15:36:01 - [TEST_STEP][PASSED] - AllModifiedDate.add(a.getText()): null

2020-03-13 15:36:01 - [TEST_STEP][PASSED] - AllModifiedDate.add(a.getText()): null

2020-03-13 15:36:01 - [TEST_STEP][PASSED] - AllModifiedDate.add(a.getText()): null

2020-03-13 15:36:01 - [TEST_STEP][PASSED] - AllModifiedDate.add(a.getText()): null

2020-03-13 15:36:01 - [TEST_STEP][PASSED] - AllModifiedDate.add(a.getText()): null

2020-03-13 15:36:01 - [TEST_STEP][PASSED] - AllModifiedDate.add(a.getText()): null

2020-03-13 15:36:01 - [TEST_STEP][PASSED] - AllModifiedDate.add(a.getText()): null

2020-03-13 15:36:01 - [TEST_STEP][PASSED] - AllModifiedDate.add(a.getText()): null

2020-03-13 15:36:01 - [TEST_STEP][PASSED] - AllModifiedDate.add(a.getText()): null

2020-03-13 15:36:01 - [TEST_STEP][PASSED] - click(findTestObject("ROLES/Roles_page/Pagination/front_navigation")): Object: 'Object Repository/ROLES/Roles_page/Pagination/front_navigation' is clicked on

2020-03-13 15:36:02 - [MESSAGE][PASSED] - Object: 'Object Repository/ROLES/Roles_page/Pagination/front_navigation' is clicked on

2020-03-13 15:36:02 - [TEST_STEP][PASSED] - modifiedDate = findWebElements(findTestObject("ROLES/Roles_page/sorting/modified"), 2): null

2020-03-13 15:36:02 - [TEST_STEP][PASSED] - for (org.openqa.selenium.WebElement a : modifiedDate): null

2020-03-13 15:36:02 - [TEST_STEP][PASSED] - AllModifiedDate.add(a.getText()): null

2020-03-13 15:36:02 - [TEST_STEP][PASSED] - AllModifiedDate.add(a.getText()): null

2020-03-13 15:36:02 - [TEST_STEP][PASSED] - AllModifiedDate.add(a.getText()): null

2020-03-13 15:36:02 - [TEST_STEP][PASSED] - AllModifiedDate.add(a.getText()): null

2020-03-13 15:36:02 - [TEST_STEP][PASSED] - AllModifiedDate.add(a.getText()): null

2020-03-13 15:36:02 - [TEST_STEP][PASSED] - AllModifiedDate.add(a.getText()): null

2020-03-13 15:36:03 - [TEST_STEP][PASSED] - AllModifiedDate.add(a.getText()): null

2020-03-13 15:36:03 - [TEST_STEP][PASSED] - AllModifiedDate.add(a.getText()): null

2020-03-13 15:36:03 - [TEST_STEP][PASSED] - AllModifiedDate.add(a.getText()): null

2020-03-13 15:36:03 - [TEST_STEP][PASSED] - AllModifiedDate.add(a.getText()): null

2020-03-13 15:36:03 - [TEST_STEP][PASSED] - click(findTestObject("ROLES/Roles_page/Pagination/front_navigation")): Object: 'Object Repository/ROLES/Roles_page/Pagination/front_navigation' is clicked on

2020-03-13 15:36:03 - [MESSAGE][PASSED] - Object: 'Object Repository/ROLES/Roles_page/Pagination/front_navigation' is clicked on

2020-03-13 15:36:03 - [TEST_STEP][PASSED] - modifiedDate = findWebElements(findTestObject("ROLES/Roles_page/sorting/modified"), 2): null

2020-03-13 15:36:04 - [TEST_STEP][PASSED] - for (org.openqa.selenium.WebElement a : modifiedDate): null

2020-03-13 15:36:04 - [TEST_STEP][PASSED] - AllModifiedDate.add(a.getText()): null

2020-03-13 15:36:04 - [TEST_STEP][PASSED] - AllModifiedDate.add(a.getText()): null

2020-03-13 15:36:04 - [TEST_STEP][PASSED] - AllModifiedDate.add(a.getText()): null

2020-03-13 15:36:04 - [TEST_STEP][PASSED] - AllModifiedDate.add(a.getText()): null

2020-03-13 15:36:04 - [TEST_STEP][PASSED] - AllModifiedDate.add(a.getText()): null

2020-03-13 15:36:04 - [TEST_STEP][PASSED] - AllModifiedDate.add(a.getText()): null

2020-03-13 15:36:04 - [TEST_STEP][PASSED] - AllModifiedDate.add(a.getText()): null

2020-03-13 15:36:04 - [TEST_STEP][PASSED] - AllModifiedDate.add(a.getText()): null

2020-03-13 15:36:04 - [TEST_STEP][PASSED] - AllModifiedDate.add(a.getText()): null

2020-03-13 15:36:04 - [TEST_STEP][PASSED] - AllModifiedDate.add(a.getText()): null

2020-03-13 15:36:04 - [TEST_STEP][PASSED] - click(findTestObject("ROLES/Roles_page/Pagination/front_navigation")): Object: 'Object Repository/ROLES/Roles_page/Pagination/front_navigation' is clicked on

2020-03-13 15:36:04 - [MESSAGE][PASSED] - Object: 'Object Repository/ROLES/Roles_page/Pagination/front_navigation' is clicked on

2020-03-13 15:36:04 - [TEST_STEP][PASSED] - modifiedDate = findWebElements(findTestObject("ROLES/Roles_page/sorting/modified"), 2): null

2020-03-13 15:36:06 - [TEST_STEP][PASSED] - for (org.openqa.selenium.WebElement a : modifiedDate): null

2020-03-13 15:36:06 - [TEST_STEP][PASSED] - AllModifiedDate.add(a.getText()): null

2020-03-13 15:36:06 - [TEST_STEP][PASSED] - AllModifiedDate.add(a.getText()): null

2020-03-13 15:36:06 - [TEST_STEP][PASSED] - AllModifiedDate.add(a.getText()): null

2020-03-13 15:36:06 - [TEST_STEP][PASSED] - AllModifiedDate.add(a.getText()): null

2020-03-13 15:36:06 - [TEST_STEP][PASSED] - AllModifiedDate.add(a.getText()): null

2020-03-13 15:36:06 - [TEST_STEP][PASSED] - AllModifiedDate.add(a.getText()): null

2020-03-13 15:36:06 - [TEST_STEP][PASSED] - AllModifiedDate.add(a.getText()): null

2020-03-13 15:36:06 - [TEST_STEP][PASSED] - AllModifiedDate.add(a.getText()): null

2020-03-13 15:36:06 - [TEST_STEP][PASSED] - AllModifiedDate.add(a.getText()): null

2020-03-13 15:36:06 - [TEST_STEP][PASSED] - AllModifiedDate.add(a.getText()): null

2020-03-13 15:36:06 - [TEST_STEP][PASSED] - click(findTestObject("ROLES/Roles_page/Pagination/front_navigation")): Object: 'Object Repository/ROLES/Roles_page/Pagination/front_navigation' is clicked on

2020-03-13 15:36:07 - [MESSAGE][PASSED] - Object: 'Object Repository/ROLES/Roles_page/Pagination/front_navigation' is clicked on

2020-03-13 15:36:07 - [TEST_STEP][PASSED] - modifiedDate = findWebElements(findTestObject("ROLES/Roles_page/sorting/modified"), 2): null

2020-03-13 15:36:07 - [TEST_STEP][PASSED] - for (org.openqa.selenium.WebElement a : modifiedDate): null

2020-03-13 15:36:07 - [TEST_STEP][PASSED] - AllModifiedDate.add(a.getText()): null

2020-03-13 15:36:07 - [TEST_STEP][PASSED] - AllModifiedDate.add(a.getText()): null

2020-03-13 15:36:07 - [TEST_STEP][PASSED] - AllModifiedDate.add(a.getText()): null

2020-03-13 15:36:07 - [TEST_STEP][PASSED] - AllModifiedDate.add(a.getText()): null

2020-03-13 15:36:07 - [TEST_STEP][PASSED] - AllModifiedDate.add(a.getText()): null

2020-03-13 15:36:08 - [TEST_STEP][PASSED] - AllModifiedDate.add(a.getText()): null

2020-03-13 15:36:08 - [TEST_STEP][PASSED] - AllModifiedDate.add(a.getText()): null

2020-03-13 15:36:08 - [TEST_STEP][PASSED] - AllModifiedDate.add(a.getText()): null

2020-03-13 15:36:08 - [TEST_STEP][PASSED] - AllModifiedDate.add(a.getText()): null

2020-03-13 15:36:08 - [TEST_STEP][PASSED] - AllModifiedDate.add(a.getText()): null

2020-03-13 15:36:08 - [TEST_STEP][PASSED] - click(findTestObject("ROLES/Roles_page/Pagination/front_navigation")): Object: 'Object Repository/ROLES/Roles_page/Pagination/front_navigation' is clicked on

2020-03-13 15:36:08 - [MESSAGE][PASSED] - Object: 'Object Repository/ROLES/Roles_page/Pagination/front_navigation' is clicked on

2020-03-13 15:36:08 - [TEST_STEP][PASSED] - modifiedDate = findWebElements(findTestObject("ROLES/Roles_page/sorting/modified"), 2): null

2020-03-13 15:36:09 - [TEST_STEP][PASSED] - for (org.openqa.selenium.WebElement a : modifiedDate): null

2020-03-13 15:36:09 - [TEST_STEP][PASSED] - AllModifiedDate.add(a.getText()): null

2020-03-13 15:36:09 - [TEST_STEP][PASSED] - AllModifiedDate.add(a.getText()): null

2020-03-13 15:36:09 - [TEST_STEP][PASSED] - AllModifiedDate.add(a.getText()): null

2020-03-13 15:36:09 - [TEST_STEP][PASSED] - AllModifiedDate.add(a.getText()): null

2020-03-13 15:36:09 - [TEST_STEP][PASSED] - AllModifiedDate.add(a.getText()): null

2020-03-13 15:36:09 - [TEST_STEP][PASSED] - AllModifiedDate.add(a.getText()): null

2020-03-13 15:36:09 - [TEST_STEP][PASSED] - AllModifiedDate.add(a.getText()): null

2020-03-13 15:36:09 - [TEST_STEP][PASSED] - AllModifiedDate.add(a.getText()): null

2020-03-13 15:36:09 - [TEST_STEP][PASSED] - AllModifiedDate.add(a.getText()): null

2020-03-13 15:36:09 - [TEST_STEP][PASSED] - AllModifiedDate.add(a.getText()): null

2020-03-13 15:36:09 - [TEST_STEP][PASSED] - click(findTestObject("ROLES/Roles_page/Pagination/front_navigation")): Object: 'Object Repository/ROLES/Roles_page/Pagination/front_navigation' is clicked on

2020-03-13 15:36:10 - [MESSAGE][PASSED] - Object: 'Object Repository/ROLES/Roles_page/Pagination/front_navigation' is clicked on

2020-03-13 15:36:10 - [TEST_STEP][PASSED] - modifiedDate = findWebElements(findTestObject("ROLES/Roles_page/sorting/modified"), 2): null

2020-03-13 15:36:10 - [TEST_STEP][PASSED] - for (org.openqa.selenium.WebElement a : modifiedDate): null

2020-03-13 15:36:10 - [TEST_STEP][PASSED] - AllModifiedDate.add(a.getText()): null

2020-03-13 15:36:10 - [TEST_STEP][PASSED] - AllModifiedDate.add(a.getText()): null

2020-03-13 15:36:11 - [TEST_STEP][PASSED] - AllModifiedDate.add(a.getText()): null

2020-03-13 15:36:11 - [TEST_STEP][PASSED] - AllModifiedDate.add(a.getText()): null

2020-03-13 15:36:11 - [TEST_STEP][PASSED] - AllModifiedDate.add(a.getText()): null

2020-03-13 15:36:11 - [TEST_STEP][PASSED] - AllModifiedDate.add(a.getText()): null

2020-03-13 15:36:11 - [TEST_STEP][PASSED] - AllModifiedDate.add(a.getText()): null

2020-03-13 15:36:11 - [TEST_STEP][PASSED] - AllModifiedDate.add(a.getText()): null

2020-03-13 15:36:11 - [TEST_STEP][PASSED] - AllModifiedDate.add(a.getText()): null

2020-03-13 15:36:11 - [TEST_STEP][PASSED] - AllModifiedDate.add(a.getText()): null

2020-03-13 15:36:11 - [TEST_STEP][PASSED] - click(findTestObject("ROLES/Roles_page/Pagination/front_navigation")): Object: 'Object Repository/ROLES/Roles_page/Pagination/front_navigation' is clicked on

2020-03-13 15:36:11 - [MESSAGE][PASSED] - Object: 'Object Repository/ROLES/Roles_page/Pagination/front_navigation' is clicked on

2020-03-13 15:36:11 - [TEST_STEP][PASSED] - modifiedDate = findWebElements(findTestObject("ROLES/Roles_page/sorting/modified"), 2): null

2020-03-13 15:36:12 - [TEST_STEP][PASSED] - for (org.openqa.selenium.WebElement a : modifiedDate): null

2020-03-13 15:36:12 - [TEST_STEP][PASSED] - AllModifiedDate.add(a.getText()): null

2020-03-13 15:36:12 - [TEST_STEP][PASSED] - AllModifiedDate.add(a.getText()): null

2020-03-13 15:36:12 - [TEST_STEP][PASSED] - AllModifiedDate.add(a.getText()): null

2020-03-13 15:36:12 - [TEST_STEP][PASSED] - AllModifiedDate.add(a.getText()): null

2020-03-13 15:36:12 - [TEST_STEP][PASSED] - AllModifiedDate.add(a.getText()): null

2020-03-13 15:36:12 - [TEST_STEP][PASSED] - AllModifiedDate.add(a.getText()): null

2020-03-13 15:36:12 - [TEST_STEP][PASSED] - AllModifiedDate.add(a.getText()): null

2020-03-13 15:36:12 - [TEST_STEP][PASSED] - AllModifiedDate.add(a.getText()): null

2020-03-13 15:36:12 - [TEST_STEP][PASSED] - AllModifiedDate.add(a.getText()): null

2020-03-13 15:36:12 - [TEST_STEP][PASSED] - AllModifiedDate.add(a.getText()): null

2020-03-13 15:36:12 - [TEST_STEP][PASSED] - click(findTestObject("ROLES/Roles_page/Pagination/front_navigation")): Object: 'Object Repository/ROLES/Roles_page/Pagination/front_navigation' is clicked on

2020-03-13 15:36:13 - [MESSAGE][PASSED] - Object: 'Object Repository/ROLES/Roles_page/Pagination/front_navigation' is clicked on

2020-03-13 15:36:13 - [TEST_STEP][PASSED] - modifiedDate = findWebElements(findTestObject("ROLES/Roles_page/sorting/modified"), 2): null

2020-03-13 15:36:13 - [TEST_STEP][PASSED] - for (org.openqa.selenium.WebElement a : modifiedDate): null

2020-03-13 15:36:13 - [TEST_STEP][PASSED] - AllModifiedDate.add(a.getText()): null

2020-03-13 15:36:14 - [TEST_STEP][PASSED] - AllModifiedDate.add(a.getText()): null

2020-03-13 15:36:14 - [TEST_STEP][PASSED] - AllModifiedDate.add(a.getText()): null

2020-03-13 15:36:14 - [TEST_STEP][PASSED] - AllModifiedDate.add(a.getText()): null

2020-03-13 15:36:14 - [TEST_STEP][PASSED] - AllModifiedDate.add(a.getText()): null

2020-03-13 15:36:14 - [TEST_STEP][PASSED] - AllModifiedDate.add(a.getText()): null

2020-03-13 15:36:14 - [TEST_STEP][PASSED] - AllModifiedDate.add(a.getText()): null

2020-03-13 15:36:14 - [TEST_STEP][PASSED] - AllModifiedDate.add(a.getText()): null

2020-03-13 15:36:14 - [TEST_STEP][PASSED] - AllModifiedDate.add(a.getText()): null

2020-03-13 15:36:14 - [TEST_STEP][PASSED] - AllModifiedDate.add(a.getText()): null

2020-03-13 15:36:14 - [TEST_STEP][PASSED] - click(findTestObject("ROLES/Roles_page/Pagination/front_navigation")): Object: 'Object Repository/ROLES/Roles_page/Pagination/front_navigation' is clicked on

2020-03-13 15:36:14 - [MESSAGE][PASSED] - Object: 'Object Repository/ROLES/Roles_page/Pagination/front_navigation' is clicked on

2020-03-13 15:36:14 - [TEST_STEP][PASSED] - modifiedDate = findWebElements(findTestObject("ROLES/Roles_page/sorting/modified"), 2): null

2020-03-13 15:36:16 - [TEST_STEP][PASSED] - for (org.openqa.selenium.WebElement a : modifiedDate): null

2020-03-13 15:36:16 - [TEST_STEP][PASSED] - AllModifiedDate.add(a.getText()): null

2020-03-13 15:36:16 - [TEST_STEP][PASSED] - AllModifiedDate.add(a.getText()): null

2020-03-13 15:36:16 - [TEST_STEP][PASSED] - AllModifiedDate.add(a.getText()): null

2020-03-13 15:36:16 - [TEST_STEP][PASSED] - AllModifiedDate.add(a.getText()): null

2020-03-13 15:36:16 - [TEST_STEP][PASSED] - AllModifiedDate.add(a.getText()): null

2020-03-13 15:36:16 - [TEST_STEP][PASSED] - AllModifiedDate.add(a.getText()): null

2020-03-13 15:36:16 - [TEST_STEP][PASSED] - AllModifiedDate.add(a.getText()): null

2020-03-13 15:36:16 - [TEST_STEP][PASSED] - AllModifiedDate.add(a.getText()): null

2020-03-13 15:36:16 - [TEST_STEP][PASSED] - AllModifiedDate.add(a.getText()): null

2020-03-13 15:36:16 - [TEST_STEP][PASSED] - AllModifiedDate.add(a.getText()): null

2020-03-13 15:36:16 - [TEST_STEP][PASSED] - click(findTestObject("ROLES/Roles_page/Pagination/front_navigation")): Object: 'Object Repository/ROLES/Roles_page/Pagination/front_navigation' is clicked on

2020-03-13 15:36:17 - [MESSAGE][PASSED] - Object: 'Object Repository/ROLES/Roles_page/Pagination/front_navigation' is clicked on

2020-03-13 15:36:17 - [TEST_STEP][PASSED] - modifiedDate = findWebElements(findTestObject("ROLES/Roles_page/sorting/modified"), 2): null

2020-03-13 15:36:17 - [TEST_STEP][PASSED] - for (org.openqa.selenium.WebElement a : modifiedDate): null

2020-03-13 15:36:17 - [TEST_STEP][PASSED] - AllModifiedDate.add(a.getText()): null

2020-03-13 15:36:17 - [TEST_STEP][PASSED] - AllModifiedDate.add(a.getText()): null

2020-03-13 15:36:17 - [TEST_STEP][PASSED] - AllModifiedDate.add(a.getText()): null

2020-03-13 15:36:17 - [TEST_STEP][PASSED] - AllModifiedDate.add(a.getText()): null

2020-03-13 15:36:17 - [TEST_STEP][PASSED] - AllModifiedDate.add(a.getText()): null

2020-03-13 15:36:17 - [TEST_STEP][PASSED] - AllModifiedDate.add(a.getText()): null

2020-03-13 15:36:17 - [TEST_STEP][PASSED] - AllModifiedDate.add(a.getText()): null

2020-03-13 15:36:17 - [TEST_STEP][PASSED] - AllModifiedDate.add(a.getText()): null

2020-03-13 15:36:18 - [TEST_STEP][PASSED] - AllModifiedDate.add(a.getText()): null

2020-03-13 15:36:18 - [TEST_STEP][PASSED] - AllModifiedDate.add(a.getText()): null

2020-03-13 15:36:18 - [TEST_STEP][PASSED] - click(findTestObject("ROLES/Roles_page/Pagination/front_navigation")): Object: 'Object Repository/ROLES/Roles_page/Pagination/front_navigation' is clicked on

2020-03-13 15:36:18 - [MESSAGE][PASSED] - Object: 'Object Repository/ROLES/Roles_page/Pagination/front_navigation' is clicked on

2020-03-13 15:36:18 - [TEST_STEP][PASSED] - modifiedDate = findWebElements(findTestObject("ROLES/Roles_page/sorting/modified"), 2): null

2020-03-13 15:36:19 - [TEST_STEP][PASSED] - for (org.openqa.selenium.WebElement a : modifiedDate): null

2020-03-13 15:36:19 - [TEST_STEP][PASSED] - AllModifiedDate.add(a.getText()): null

2020-03-13 15:36:19 - [TEST_STEP][PASSED] - AllModifiedDate.add(a.getText()): null

2020-03-13 15:36:19 - [TEST_STEP][PASSED] - AllModifiedDate.add(a.getText()): null

2020-03-13 15:36:19 - [TEST_STEP][PASSED] - AllModifiedDate.add(a.getText()): null

2020-03-13 15:36:19 - [TEST_STEP][PASSED] - AllModifiedDate.add(a.getText()): null

2020-03-13 15:36:19 - [TEST_STEP][PASSED] - AllModifiedDate.add(a.getText()): null

2020-03-13 15:36:19 - [TEST_STEP][PASSED] - AllModifiedDate.add(a.getText()): null

2020-03-13 15:36:19 - [TEST_STEP][PASSED] - click(findTestObject("ROLES/Roles_page/Pagination/front_navigation")): Object: 'Object Repository/ROLES/Roles_page/Pagination/front_navigation' is clicked on

2020-03-13 15:36:22 - [MESSAGE][PASSED] - Object: 'Object Repository/ROLES/Roles_page/Pagination/front_navigation' is clicked on

2020-03-13 15:36:22 - [TEST_STEP][PASSED] - if (j == 1): null

2020-03-13 15:36:22 - [TEST_STEP][PASSED] - if (j == 2): Actual object 'true' and expected object 'true' are equal

2020-03-13 15:36:22 - [TEST_STEP][PASSED] - isSorted = web.CustomKeyword.checkListAscendingOrder(AllModifiedDate): web.CustomKeyword.checkListAscendingOrder is PASSED

2020-03-13 15:36:22 - [MESSAGE][PASSED] - web.CustomKeyword.checkListAscendingOrder is PASSED

2020-03-13 15:36:22 - [TEST_STEP][PASSED] - println(AllModifiedDate.size()): null

2020-03-13 15:36:22 - [TEST_STEP][PASSED] - println(AllModifiedDate): null

2020-03-13 15:36:22 - [TEST_STEP][PASSED] - verifyEqual(isSorted, true): Actual object 'true' and expected object 'true' are equal

2020-03-13 15:36:22 - [MESSAGE][PASSED] - Actual object 'true' and expected object 'true' are equal

2020-03-13 15:36:22 - [TEST_STEP][PASSED] - clearText(findTestObject("Object Repository/ROLES/Roles_page/Pagination/input_Page_form-control")): Text of object 'Object Repository/ROLES/Roles_page/Pagination/input_Page_form-control' is cleared

2020-03-13 15:36:22 - [MESSAGE][PASSED] - Text of object 'Object Repository/ROLES/Roles_page/Pagination/input_Page_form-control' is cleared

2020-03-13 15:36:22 - [TEST_STEP][PASSED] - setText(findTestObject("Object Repository/ROLES/Roles_page/Pagination/input_Page_form-control"), BACK_SPACE + BACK_SPACE + "1" + ENTER): Text 'BACK_SPACE + BACK_SPACE + ENTER + 1' is set on object 'Object Repository/ROLES/Roles_page/Pagination/input_Page_form-control'

2020-03-13 15:36:23 - [MESSAGE][PASSED] - Text 'BACK_SPACE + BACK_SPACE + ENTER + 1' is set on object 'Object Repository/ROLES/Roles_page/Pagination/input_Page_form-control'

2020-03-13 15:36:23 - [TEST_STEP][PASSED] - Start listener action : sampleAfterTestCase: null

2020-03-13 15:36:23 - [TEST_STEP][PASSED] - println(testCaseContext.getTestCaseId()): null

2020-03-13 15:36:23 - [TEST_STEP][PASSED] - println(testCaseContext.getTestCaseStatus()): null

2020-03-13 15:36:23 - [TEST_STEP][PASSED] - println("On Failure Method is Calling : " + testCaseContext.getTestCaseStatus()): null

2020-03-13 15:36:23 - [TEST_STEP][PASSED] - if (!(getTestCaseStatus().equalsIgnoreCase("PASSED"))): null]]></system-out>
         <system-err><![CDATA[]]></system-err>
      </testcase>
      <testcase name="Test Cases/Atlas Platform/Configuration Management/Platform Management/ROLES/Role Listing Grid/RLG-009 Verify sorting by No of Users" time="76.406" classname="Test Cases/Atlas Platform/Configuration Management/Platform Management/ROLES/Role Listing Grid/RLG-009 Verify sorting by No of Users" status="FAILED">
         <failure type="FAILED" message="Test Cases/Atlas Platform/Configuration Management/Platform Management/ROLES/Role Listing Grid/RLG-009 Verify sorting by No of Users FAILED.
Reason:
com.kms.katalon.core.exception.StepFailedException: Unable to verify equal between actual object 'false' and expected object 'true' (Root cause: com.kms.katalon.core.exception.StepFailedException: Actual object 'false' and expected object 'true' are not equal
	at com.kms.katalon.core.keyword.builtin.VerifyEqualKeyword$_verifyEqual_closure1.doCall(VerifyEqualKeyword.groovy:58)
	at com.kms.katalon.core.keyword.builtin.VerifyEqualKeyword$_verifyEqual_closure1.call(VerifyEqualKeyword.groovy)
	at com.kms.katalon.core.keyword.internal.KeywordMain.runKeyword(KeywordMain.groovy:68)
	at com.kms.katalon.core.keyword.builtin.VerifyEqualKeyword.verifyEqual(VerifyEqualKeyword.groovy:63)
	at com.kms.katalon.core.keyword.builtin.VerifyEqualKeyword.execute(VerifyEqualKeyword.groovy:44)
	at com.kms.katalon.core.keyword.internal.KeywordExecutor.executeKeywordForPlatform(KeywordExecutor.groovy:72)
	at com.kms.katalon.core.keyword.BuiltinKeywords.verifyEqual(BuiltinKeywords.groovy:141)
	at RLG-009 Verify sorting by No of Users.run(RLG-009 Verify sorting by No of Users:91)
	at com.kms.katalon.core.main.ScriptEngine.run(ScriptEngine.java:194)
	at com.kms.katalon.core.main.ScriptEngine.runScriptAsRawText(ScriptEngine.java:119)
	at com.kms.katalon.core.main.TestCaseExecutor.runScript(TestCaseExecutor.java:337)
	at com.kms.katalon.core.main.TestCaseExecutor.doExecute(TestCaseExecutor.java:328)
	at com.kms.katalon.core.main.TestCaseExecutor.processExecutionPhase(TestCaseExecutor.java:307)
	at com.kms.katalon.core.main.TestCaseExecutor.accessMainPhase(TestCaseExecutor.java:299)
	at com.kms.katalon.core.main.TestCaseExecutor.execute(TestCaseExecutor.java:233)
	at com.kms.katalon.core.main.TestSuiteExecutor.accessTestCaseMainPhase(TestSuiteExecutor.java:169)
	at com.kms.katalon.core.main.TestSuiteExecutor.accessTestSuiteMainPhase(TestSuiteExecutor.java:142)
	at com.kms.katalon.core.main.TestSuiteExecutor.execute(TestSuiteExecutor.java:91)
	at com.kms.katalon.core.main.TestCaseMain.startTestSuite(TestCaseMain.java:157)
	at com.kms.katalon.core.main.TestCaseMain$startTestSuite$0.call(Unknown Source)
	at TempTestSuite1584093757634.run(TempTestSuite1584093757634.groovy:36)
)
	at com.kms.katalon.core.keyword.internal.KeywordMain.stepFailed(KeywordMain.groovy:39)
	at com.kms.katalon.core.keyword.internal.KeywordMain.stepFailed(KeywordMain.groovy)
	at com.kms.katalon.core.keyword.internal.KeywordMain.runKeyword(KeywordMain.groovy:70)
	at com.kms.katalon.core.keyword.builtin.VerifyEqualKeyword.verifyEqual(VerifyEqualKeyword.groovy:63)
	at com.kms.katalon.core.keyword.builtin.VerifyEqualKeyword.execute(VerifyEqualKeyword.groovy:44)
	at com.kms.katalon.core.keyword.internal.KeywordExecutor.executeKeywordForPlatform(KeywordExecutor.groovy:72)
	at com.kms.katalon.core.keyword.BuiltinKeywords.verifyEqual(BuiltinKeywords.groovy:141)
	at RLG-009 Verify sorting by No of Users.run(RLG-009 Verify sorting by No of Users:91)
	at com.kms.katalon.core.main.ScriptEngine.run(ScriptEngine.java:194)
	at com.kms.katalon.core.main.ScriptEngine.runScriptAsRawText(ScriptEngine.java:119)
	at com.kms.katalon.core.main.TestCaseExecutor.runScript(TestCaseExecutor.java:337)
	at com.kms.katalon.core.main.TestCaseExecutor.doExecute(TestCaseExecutor.java:328)
	at com.kms.katalon.core.main.TestCaseExecutor.processExecutionPhase(TestCaseExecutor.java:307)
	at com.kms.katalon.core.main.TestCaseExecutor.accessMainPhase(TestCaseExecutor.java:299)
	at com.kms.katalon.core.main.TestCaseExecutor.execute(TestCaseExecutor.java:233)
	at com.kms.katalon.core.main.TestSuiteExecutor.accessTestCaseMainPhase(TestSuiteExecutor.java:169)
	at com.kms.katalon.core.main.TestSuiteExecutor.accessTestSuiteMainPhase(TestSuiteExecutor.java:142)
	at com.kms.katalon.core.main.TestSuiteExecutor.execute(TestSuiteExecutor.java:91)
	at com.kms.katalon.core.main.TestCaseMain.startTestSuite(TestCaseMain.java:157)
	at com.kms.katalon.core.main.TestCaseMain$startTestSuite$0.call(Unknown Source)
	at TempTestSuite1584093757634.run(TempTestSuite1584093757634.groovy:36)
Caused by: com.kms.katalon.core.exception.StepFailedException: Actual object 'false' and expected object 'true' are not equal
	at com.kms.katalon.core.keyword.builtin.VerifyEqualKeyword$_verifyEqual_closure1.doCall(VerifyEqualKeyword.groovy:58)
	at com.kms.katalon.core.keyword.builtin.VerifyEqualKeyword$_verifyEqual_closure1.call(VerifyEqualKeyword.groovy)
	at com.kms.katalon.core.keyword.internal.KeywordMain.runKeyword(KeywordMain.groovy:68)
	... 18 more
"/>
         <system-out><![CDATA[2020-03-13 15:36:25 - [TEST_CASE][FAILED] - Test Cases/Atlas Platform/Configuration Management/Platform Management/ROLES/Role Listing Grid/RLG-009 Verify sorting by No of Users: Test Cases/Atlas Platform/Configuration Management/Platform Management/ROLES/Role Listing Grid/RLG-009 Verify sorting by No of Users FAILED.
Reason:
com.kms.katalon.core.exception.StepFailedException: Unable to verify equal between actual object 'false' and expected object 'true' (Root cause: com.kms.katalon.core.exception.StepFailedException: Actual object 'false' and expected object 'true' are not equal
	at com.kms.katalon.core.keyword.builtin.VerifyEqualKeyword$_verifyEqual_closure1.doCall(VerifyEqualKeyword.groovy:58)
	at com.kms.katalon.core.keyword.builtin.VerifyEqualKeyword$_verifyEqual_closure1.call(VerifyEqualKeyword.groovy)
	at com.kms.katalon.core.keyword.internal.KeywordMain.runKeyword(KeywordMain.groovy:68)
	at com.kms.katalon.core.keyword.builtin.VerifyEqualKeyword.verifyEqual(VerifyEqualKeyword.groovy:63)
	at com.kms.katalon.core.keyword.builtin.VerifyEqualKeyword.execute(VerifyEqualKeyword.groovy:44)
	at com.kms.katalon.core.keyword.internal.KeywordExecutor.executeKeywordForPlatform(KeywordExecutor.groovy:72)
	at com.kms.katalon.core.keyword.BuiltinKeywords.verifyEqual(BuiltinKeywords.groovy:141)
	at RLG-009 Verify sorting by No of Users.run(RLG-009 Verify sorting by No of Users:91)
	at com.kms.katalon.core.main.ScriptEngine.run(ScriptEngine.java:194)
	at com.kms.katalon.core.main.ScriptEngine.runScriptAsRawText(ScriptEngine.java:119)
	at com.kms.katalon.core.main.TestCaseExecutor.runScript(TestCaseExecutor.java:337)
	at com.kms.katalon.core.main.TestCaseExecutor.doExecute(TestCaseExecutor.java:328)
	at com.kms.katalon.core.main.TestCaseExecutor.processExecutionPhase(TestCaseExecutor.java:307)
	at com.kms.katalon.core.main.TestCaseExecutor.accessMainPhase(TestCaseExecutor.java:299)
	at com.kms.katalon.core.main.TestCaseExecutor.execute(TestCaseExecutor.java:233)
	at com.kms.katalon.core.main.TestSuiteExecutor.accessTestCaseMainPhase(TestSuiteExecutor.java:169)
	at com.kms.katalon.core.main.TestSuiteExecutor.accessTestSuiteMainPhase(TestSuiteExecutor.java:142)
	at com.kms.katalon.core.main.TestSuiteExecutor.execute(TestSuiteExecutor.java:91)
	at com.kms.katalon.core.main.TestCaseMain.startTestSuite(TestCaseMain.java:157)
	at com.kms.katalon.core.main.TestCaseMain$startTestSuite$0.call(Unknown Source)
	at TempTestSuite1584093757634.run(TempTestSuite1584093757634.groovy:36)
)
	at com.kms.katalon.core.keyword.internal.KeywordMain.stepFailed(KeywordMain.groovy:39)
	at com.kms.katalon.core.keyword.internal.KeywordMain.stepFailed(KeywordMain.groovy)
	at com.kms.katalon.core.keyword.internal.KeywordMain.runKeyword(KeywordMain.groovy:70)
	at com.kms.katalon.core.keyword.builtin.VerifyEqualKeyword.verifyEqual(VerifyEqualKeyword.groovy:63)
	at com.kms.katalon.core.keyword.builtin.VerifyEqualKeyword.execute(VerifyEqualKeyword.groovy:44)
	at com.kms.katalon.core.keyword.internal.KeywordExecutor.executeKeywordForPlatform(KeywordExecutor.groovy:72)
	at com.kms.katalon.core.keyword.BuiltinKeywords.verifyEqual(BuiltinKeywords.groovy:141)
	at RLG-009 Verify sorting by No of Users.run(RLG-009 Verify sorting by No of Users:91)
	at com.kms.katalon.core.main.ScriptEngine.run(ScriptEngine.java:194)
	at com.kms.katalon.core.main.ScriptEngine.runScriptAsRawText(ScriptEngine.java:119)
	at com.kms.katalon.core.main.TestCaseExecutor.runScript(TestCaseExecutor.java:337)
	at com.kms.katalon.core.main.TestCaseExecutor.doExecute(TestCaseExecutor.java:328)
	at com.kms.katalon.core.main.TestCaseExecutor.processExecutionPhase(TestCaseExecutor.java:307)
	at com.kms.katalon.core.main.TestCaseExecutor.accessMainPhase(TestCaseExecutor.java:299)
	at com.kms.katalon.core.main.TestCaseExecutor.execute(TestCaseExecutor.java:233)
	at com.kms.katalon.core.main.TestSuiteExecutor.accessTestCaseMainPhase(TestSuiteExecutor.java:169)
	at com.kms.katalon.core.main.TestSuiteExecutor.accessTestSuiteMainPhase(TestSuiteExecutor.java:142)
	at com.kms.katalon.core.main.TestSuiteExecutor.execute(TestSuiteExecutor.java:91)
	at com.kms.katalon.core.main.TestCaseMain.startTestSuite(TestCaseMain.java:157)
	at com.kms.katalon.core.main.TestCaseMain$startTestSuite$0.call(Unknown Source)
	at TempTestSuite1584093757634.run(TempTestSuite1584093757634.groovy:36)
Caused by: com.kms.katalon.core.exception.StepFailedException: Actual object 'false' and expected object 'true' are not equal
	at com.kms.katalon.core.keyword.builtin.VerifyEqualKeyword$_verifyEqual_closure1.doCall(VerifyEqualKeyword.groovy:58)
	at com.kms.katalon.core.keyword.builtin.VerifyEqualKeyword$_verifyEqual_closure1.call(VerifyEqualKeyword.groovy)
	at com.kms.katalon.core.keyword.internal.KeywordMain.runKeyword(KeywordMain.groovy:68)
	... 18 more


2020-03-13 15:36:25 - [TEST_STEP][NOT_RUN] - callTestCase(findTestCase("Atlas Platform/Platform Navigation/Login/Default Logins/Default_Login_as_Root Admin"), ["Email":findTestData("AMP_Y").getValue(1, 1), "Password":findTestData("AMP_Y").getValue(2, 1), "dashboard_exp_title":""], CONTINUE_ON_FAILURE): NOT_RUN: callTestCase(findTestCase("Atlas Platform/Platform Navigation/Login/Default Logins/Default_Login_as_Root Admin"), ["Email":findTestData("AMP_Y").getValue(1, 1), "Password":findTestData("AMP_Y").getValue(2, 1), "dashboard_exp_title":""], CONTINUE_ON_FAILURE)

2020-03-13 15:36:25 - [MESSAGE][NOT_RUN] - NOT_RUN: callTestCase(findTestCase("Atlas Platform/Platform Navigation/Login/Default Logins/Default_Login_as_Root Admin"), ["Email":findTestData("AMP_Y").getValue(1, 1), "Password":findTestData("AMP_Y").getValue(2, 1), "dashboard_exp_title":""], CONTINUE_ON_FAILURE)

2020-03-13 15:36:25 - [TEST_STEP][PASSED] - driver = getWebDriver(): null

2020-03-13 15:36:25 - [TEST_STEP][NOT_RUN] - click(findTestObject("ROLES/Role_Navigation/a_ADMIN")): NOT_RUN: click(findTestObject("ROLES/Role_Navigation/a_ADMIN"))

2020-03-13 15:36:25 - [MESSAGE][NOT_RUN] - NOT_RUN: click(findTestObject("ROLES/Role_Navigation/a_ADMIN"))

2020-03-13 15:36:25 - [TEST_STEP][PASSED] - noOfPages_text = getText(findTestObject("ROLES/Roles_page/Pagination/label_of 10")): Text of object 'Object Repository/ROLES/Roles_page/Pagination/label_of 10' is: 'of 18'

2020-03-13 15:36:26 - [MESSAGE][PASSED] - Text of object 'Object Repository/ROLES/Roles_page/Pagination/label_of 10' is: 'of 18'

2020-03-13 15:36:26 - [TEST_STEP][PASSED] - noOfPages = Integer.parseInt(noOfPages_text.substring(3)): null

2020-03-13 15:36:26 - [TEST_STEP][PASSED] - println(noOfPages): null

2020-03-13 15:36:26 - [TEST_STEP][FAILED] - for ([j = 1, j < 3, (j++)]): Unable to verify equal between actual object 'false' and expected object 'true' (Root cause: com.kms.katalon.core.exception.StepFailedException: Actual object 'false' and expected object 'true' are not equal
	at com.kms.katalon.core.keyword.builtin.VerifyEqualKeyword$_verifyEqual_closure1.doCall(VerifyEqualKeyword.groovy:58)
	at com.kms.katalon.core.keyword.builtin.VerifyEqualKeyword$_verifyEqual_closure1.call(VerifyEqualKeyword.groovy)
	at com.kms.katalon.core.keyword.internal.KeywordMain.runKeyword(KeywordMain.groovy:68)
	at com.kms.katalon.core.keyword.builtin.VerifyEqualKeyword.verifyEqual(VerifyEqualKeyword.groovy:63)
	at com.kms.katalon.core.keyword.builtin.VerifyEqualKeyword.execute(VerifyEqualKeyword.groovy:44)
	at com.kms.katalon.core.keyword.internal.KeywordExecutor.executeKeywordForPlatform(KeywordExecutor.groovy:72)
	at com.kms.katalon.core.keyword.BuiltinKeywords.verifyEqual(BuiltinKeywords.groovy:141)
	at RLG-009 Verify sorting by No of Users.run(RLG-009 Verify sorting by No of Users:91)
	at com.kms.katalon.core.main.ScriptEngine.run(ScriptEngine.java:194)
	at com.kms.katalon.core.main.ScriptEngine.runScriptAsRawText(ScriptEngine.java:119)
	at com.kms.katalon.core.main.TestCaseExecutor.runScript(TestCaseExecutor.java:337)
	at com.kms.katalon.core.main.TestCaseExecutor.doExecute(TestCaseExecutor.java:328)
	at com.kms.katalon.core.main.TestCaseExecutor.processExecutionPhase(TestCaseExecutor.java:307)
	at com.kms.katalon.core.main.TestCaseExecutor.accessMainPhase(TestCaseExecutor.java:299)
	at com.kms.katalon.core.main.TestCaseExecutor.execute(TestCaseExecutor.java:233)
	at com.kms.katalon.core.main.TestSuiteExecutor.accessTestCaseMainPhase(TestSuiteExecutor.java:169)
	at com.kms.katalon.core.main.TestSuiteExecutor.accessTestSuiteMainPhase(TestSuiteExecutor.java:142)
	at com.kms.katalon.core.main.TestSuiteExecutor.execute(TestSuiteExecutor.java:91)
	at com.kms.katalon.core.main.TestCaseMain.startTestSuite(TestCaseMain.java:157)
	at com.kms.katalon.core.main.TestCaseMain$startTestSuite$0.call(Unknown Source)
	at TempTestSuite1584093757634.run(TempTestSuite1584093757634.groovy:36)
)

2020-03-13 15:36:26 - [TEST_STEP][PASSED] - click(findTestObject("ROLES/Roles_page/sorting/No.Users_header")): Object: 'Object Repository/ROLES/Roles_page/sorting/No.Users_header' is clicked on

2020-03-13 15:36:26 - [MESSAGE][PASSED] - Object: 'Object Repository/ROLES/Roles_page/sorting/No.Users_header' is clicked on

2020-03-13 15:36:26 - [TEST_STEP][PASSED] - NoOfUsers = <not implemented yet for class: org.codehaus.groovy.ast.expr.EmptyExpression>: null

2020-03-13 15:36:26 - [TEST_STEP][PASSED] - AllNoOfUsers = new java.util.ArrayList(): null

2020-03-13 15:36:26 - [TEST_STEP][PASSED] - for ([i = 1, i <= noOfPages, (i++)]): Object: 'Object Repository/ROLES/Roles_page/Pagination/front_navigation' is clicked on

2020-03-13 15:36:26 - [TEST_STEP][PASSED] - NoOfUsers = findWebElements(findTestObject("ROLES/Roles_page/sorting/No.Users"), 2): null

2020-03-13 15:36:28 - [TEST_STEP][PASSED] - for (org.openqa.selenium.WebElement a : NoOfUsers): null

2020-03-13 15:36:28 - [TEST_STEP][PASSED] - AllNoOfUsers.add(getText().toLowerCase()): null

2020-03-13 15:36:28 - [TEST_STEP][PASSED] - AllNoOfUsers.add(getText().toLowerCase()): null

2020-03-13 15:36:28 - [TEST_STEP][PASSED] - AllNoOfUsers.add(getText().toLowerCase()): null

2020-03-13 15:36:28 - [TEST_STEP][PASSED] - AllNoOfUsers.add(getText().toLowerCase()): null

2020-03-13 15:36:29 - [TEST_STEP][PASSED] - AllNoOfUsers.add(getText().toLowerCase()): null

2020-03-13 15:36:29 - [TEST_STEP][PASSED] - AllNoOfUsers.add(getText().toLowerCase()): null

2020-03-13 15:36:29 - [TEST_STEP][PASSED] - AllNoOfUsers.add(getText().toLowerCase()): null

2020-03-13 15:36:29 - [TEST_STEP][PASSED] - AllNoOfUsers.add(getText().toLowerCase()): null

2020-03-13 15:36:29 - [TEST_STEP][PASSED] - AllNoOfUsers.add(getText().toLowerCase()): null

2020-03-13 15:36:29 - [TEST_STEP][PASSED] - AllNoOfUsers.add(getText().toLowerCase()): null

2020-03-13 15:36:29 - [TEST_STEP][PASSED] - click(findTestObject("ROLES/Roles_page/Pagination/front_navigation")): Object: 'Object Repository/ROLES/Roles_page/Pagination/front_navigation' is clicked on

2020-03-13 15:36:29 - [MESSAGE][PASSED] - Object: 'Object Repository/ROLES/Roles_page/Pagination/front_navigation' is clicked on

2020-03-13 15:36:29 - [TEST_STEP][PASSED] - NoOfUsers = findWebElements(findTestObject("ROLES/Roles_page/sorting/No.Users"), 2): null

2020-03-13 15:36:30 - [TEST_STEP][PASSED] - for (org.openqa.selenium.WebElement a : NoOfUsers): null

2020-03-13 15:36:30 - [TEST_STEP][PASSED] - AllNoOfUsers.add(getText().toLowerCase()): null

2020-03-13 15:36:30 - [TEST_STEP][PASSED] - AllNoOfUsers.add(getText().toLowerCase()): null

2020-03-13 15:36:30 - [TEST_STEP][PASSED] - AllNoOfUsers.add(getText().toLowerCase()): null

2020-03-13 15:36:30 - [TEST_STEP][PASSED] - AllNoOfUsers.add(getText().toLowerCase()): null

2020-03-13 15:36:30 - [TEST_STEP][PASSED] - AllNoOfUsers.add(getText().toLowerCase()): null

2020-03-13 15:36:30 - [TEST_STEP][PASSED] - AllNoOfUsers.add(getText().toLowerCase()): null

2020-03-13 15:36:30 - [TEST_STEP][PASSED] - AllNoOfUsers.add(getText().toLowerCase()): null

2020-03-13 15:36:30 - [TEST_STEP][PASSED] - AllNoOfUsers.add(getText().toLowerCase()): null

2020-03-13 15:36:30 - [TEST_STEP][PASSED] - AllNoOfUsers.add(getText().toLowerCase()): null

2020-03-13 15:36:30 - [TEST_STEP][PASSED] - AllNoOfUsers.add(getText().toLowerCase()): null

2020-03-13 15:36:30 - [TEST_STEP][PASSED] - click(findTestObject("ROLES/Roles_page/Pagination/front_navigation")): Object: 'Object Repository/ROLES/Roles_page/Pagination/front_navigation' is clicked on

2020-03-13 15:36:31 - [MESSAGE][PASSED] - Object: 'Object Repository/ROLES/Roles_page/Pagination/front_navigation' is clicked on

2020-03-13 15:36:31 - [TEST_STEP][PASSED] - NoOfUsers = findWebElements(findTestObject("ROLES/Roles_page/sorting/No.Users"), 2): null

2020-03-13 15:36:31 - [TEST_STEP][PASSED] - for (org.openqa.selenium.WebElement a : NoOfUsers): null

2020-03-13 15:36:31 - [TEST_STEP][PASSED] - AllNoOfUsers.add(getText().toLowerCase()): null

2020-03-13 15:36:31 - [TEST_STEP][PASSED] - AllNoOfUsers.add(getText().toLowerCase()): null

2020-03-13 15:36:32 - [TEST_STEP][PASSED] - AllNoOfUsers.add(getText().toLowerCase()): null

2020-03-13 15:36:32 - [TEST_STEP][PASSED] - AllNoOfUsers.add(getText().toLowerCase()): null

2020-03-13 15:36:32 - [TEST_STEP][PASSED] - AllNoOfUsers.add(getText().toLowerCase()): null

2020-03-13 15:36:32 - [TEST_STEP][PASSED] - AllNoOfUsers.add(getText().toLowerCase()): null

2020-03-13 15:36:32 - [TEST_STEP][PASSED] - AllNoOfUsers.add(getText().toLowerCase()): null

2020-03-13 15:36:32 - [TEST_STEP][PASSED] - AllNoOfUsers.add(getText().toLowerCase()): null

2020-03-13 15:36:32 - [TEST_STEP][PASSED] - AllNoOfUsers.add(getText().toLowerCase()): null

2020-03-13 15:36:32 - [TEST_STEP][PASSED] - AllNoOfUsers.add(getText().toLowerCase()): null

2020-03-13 15:36:32 - [TEST_STEP][PASSED] - click(findTestObject("ROLES/Roles_page/Pagination/front_navigation")): Object: 'Object Repository/ROLES/Roles_page/Pagination/front_navigation' is clicked on

2020-03-13 15:36:32 - [MESSAGE][PASSED] - Object: 'Object Repository/ROLES/Roles_page/Pagination/front_navigation' is clicked on

2020-03-13 15:36:32 - [TEST_STEP][PASSED] - NoOfUsers = findWebElements(findTestObject("ROLES/Roles_page/sorting/No.Users"), 2): null

2020-03-13 15:36:33 - [TEST_STEP][PASSED] - for (org.openqa.selenium.WebElement a : NoOfUsers): null

2020-03-13 15:36:33 - [TEST_STEP][PASSED] - AllNoOfUsers.add(getText().toLowerCase()): null

2020-03-13 15:36:33 - [TEST_STEP][PASSED] - AllNoOfUsers.add(getText().toLowerCase()): null

2020-03-13 15:36:33 - [TEST_STEP][PASSED] - AllNoOfUsers.add(getText().toLowerCase()): null

2020-03-13 15:36:33 - [TEST_STEP][PASSED] - AllNoOfUsers.add(getText().toLowerCase()): null

2020-03-13 15:36:33 - [TEST_STEP][PASSED] - AllNoOfUsers.add(getText().toLowerCase()): null

2020-03-13 15:36:33 - [TEST_STEP][PASSED] - AllNoOfUsers.add(getText().toLowerCase()): null

2020-03-13 15:36:33 - [TEST_STEP][PASSED] - AllNoOfUsers.add(getText().toLowerCase()): null

2020-03-13 15:36:33 - [TEST_STEP][PASSED] - AllNoOfUsers.add(getText().toLowerCase()): null

2020-03-13 15:36:33 - [TEST_STEP][PASSED] - AllNoOfUsers.add(getText().toLowerCase()): null

2020-03-13 15:36:33 - [TEST_STEP][PASSED] - AllNoOfUsers.add(getText().toLowerCase()): null

2020-03-13 15:36:33 - [TEST_STEP][PASSED] - click(findTestObject("ROLES/Roles_page/Pagination/front_navigation")): Object: 'Object Repository/ROLES/Roles_page/Pagination/front_navigation' is clicked on

2020-03-13 15:36:34 - [MESSAGE][PASSED] - Object: 'Object Repository/ROLES/Roles_page/Pagination/front_navigation' is clicked on

2020-03-13 15:36:34 - [TEST_STEP][PASSED] - NoOfUsers = findWebElements(findTestObject("ROLES/Roles_page/sorting/No.Users"), 2): null

2020-03-13 15:36:35 - [TEST_STEP][PASSED] - for (org.openqa.selenium.WebElement a : NoOfUsers): null

2020-03-13 15:36:35 - [TEST_STEP][PASSED] - AllNoOfUsers.add(getText().toLowerCase()): null

2020-03-13 15:36:35 - [TEST_STEP][PASSED] - AllNoOfUsers.add(getText().toLowerCase()): null

2020-03-13 15:36:35 - [TEST_STEP][PASSED] - AllNoOfUsers.add(getText().toLowerCase()): null

2020-03-13 15:36:35 - [TEST_STEP][PASSED] - AllNoOfUsers.add(getText().toLowerCase()): null

2020-03-13 15:36:35 - [TEST_STEP][PASSED] - AllNoOfUsers.add(getText().toLowerCase()): null

2020-03-13 15:36:35 - [TEST_STEP][PASSED] - AllNoOfUsers.add(getText().toLowerCase()): null

2020-03-13 15:36:35 - [TEST_STEP][PASSED] - AllNoOfUsers.add(getText().toLowerCase()): null

2020-03-13 15:36:35 - [TEST_STEP][PASSED] - AllNoOfUsers.add(getText().toLowerCase()): null

2020-03-13 15:36:35 - [TEST_STEP][PASSED] - AllNoOfUsers.add(getText().toLowerCase()): null

2020-03-13 15:36:35 - [TEST_STEP][PASSED] - AllNoOfUsers.add(getText().toLowerCase()): null

2020-03-13 15:36:35 - [TEST_STEP][PASSED] - click(findTestObject("ROLES/Roles_page/Pagination/front_navigation")): Object: 'Object Repository/ROLES/Roles_page/Pagination/front_navigation' is clicked on

2020-03-13 15:36:35 - [MESSAGE][PASSED] - Object: 'Object Repository/ROLES/Roles_page/Pagination/front_navigation' is clicked on

2020-03-13 15:36:35 - [TEST_STEP][PASSED] - NoOfUsers = findWebElements(findTestObject("ROLES/Roles_page/sorting/No.Users"), 2): null

2020-03-13 15:36:36 - [TEST_STEP][PASSED] - for (org.openqa.selenium.WebElement a : NoOfUsers): null

2020-03-13 15:36:36 - [TEST_STEP][PASSED] - AllNoOfUsers.add(getText().toLowerCase()): null

2020-03-13 15:36:36 - [TEST_STEP][PASSED] - AllNoOfUsers.add(getText().toLowerCase()): null

2020-03-13 15:36:36 - [TEST_STEP][PASSED] - AllNoOfUsers.add(getText().toLowerCase()): null

2020-03-13 15:36:36 - [TEST_STEP][PASSED] - AllNoOfUsers.add(getText().toLowerCase()): null

2020-03-13 15:36:36 - [TEST_STEP][PASSED] - AllNoOfUsers.add(getText().toLowerCase()): null

2020-03-13 15:36:36 - [TEST_STEP][PASSED] - AllNoOfUsers.add(getText().toLowerCase()): null

2020-03-13 15:36:36 - [TEST_STEP][PASSED] - AllNoOfUsers.add(getText().toLowerCase()): null

2020-03-13 15:36:36 - [TEST_STEP][PASSED] - AllNoOfUsers.add(getText().toLowerCase()): null

2020-03-13 15:36:36 - [TEST_STEP][PASSED] - AllNoOfUsers.add(getText().toLowerCase()): null

2020-03-13 15:36:36 - [TEST_STEP][PASSED] - AllNoOfUsers.add(getText().toLowerCase()): null

2020-03-13 15:36:36 - [TEST_STEP][PASSED] - click(findTestObject("ROLES/Roles_page/Pagination/front_navigation")): Object: 'Object Repository/ROLES/Roles_page/Pagination/front_navigation' is clicked on

2020-03-13 15:36:37 - [MESSAGE][PASSED] - Object: 'Object Repository/ROLES/Roles_page/Pagination/front_navigation' is clicked on

2020-03-13 15:36:37 - [TEST_STEP][PASSED] - NoOfUsers = findWebElements(findTestObject("ROLES/Roles_page/sorting/No.Users"), 2): null

2020-03-13 15:36:37 - [TEST_STEP][PASSED] - for (org.openqa.selenium.WebElement a : NoOfUsers): null

2020-03-13 15:36:37 - [TEST_STEP][PASSED] - AllNoOfUsers.add(getText().toLowerCase()): null

2020-03-13 15:36:37 - [TEST_STEP][PASSED] - AllNoOfUsers.add(getText().toLowerCase()): null

2020-03-13 15:36:37 - [TEST_STEP][PASSED] - AllNoOfUsers.add(getText().toLowerCase()): null

2020-03-13 15:36:37 - [TEST_STEP][PASSED] - AllNoOfUsers.add(getText().toLowerCase()): null

2020-03-13 15:36:38 - [TEST_STEP][PASSED] - AllNoOfUsers.add(getText().toLowerCase()): null

2020-03-13 15:36:38 - [TEST_STEP][PASSED] - AllNoOfUsers.add(getText().toLowerCase()): null

2020-03-13 15:36:38 - [TEST_STEP][PASSED] - AllNoOfUsers.add(getText().toLowerCase()): null

2020-03-13 15:36:38 - [TEST_STEP][PASSED] - AllNoOfUsers.add(getText().toLowerCase()): null

2020-03-13 15:36:38 - [TEST_STEP][PASSED] - AllNoOfUsers.add(getText().toLowerCase()): null

2020-03-13 15:36:38 - [TEST_STEP][PASSED] - AllNoOfUsers.add(getText().toLowerCase()): null

2020-03-13 15:36:38 - [TEST_STEP][PASSED] - click(findTestObject("ROLES/Roles_page/Pagination/front_navigation")): Object: 'Object Repository/ROLES/Roles_page/Pagination/front_navigation' is clicked on

2020-03-13 15:36:38 - [MESSAGE][PASSED] - Object: 'Object Repository/ROLES/Roles_page/Pagination/front_navigation' is clicked on

2020-03-13 15:36:38 - [TEST_STEP][PASSED] - NoOfUsers = findWebElements(findTestObject("ROLES/Roles_page/sorting/No.Users"), 2): null

2020-03-13 15:36:39 - [TEST_STEP][PASSED] - for (org.openqa.selenium.WebElement a : NoOfUsers): null

2020-03-13 15:36:39 - [TEST_STEP][PASSED] - AllNoOfUsers.add(getText().toLowerCase()): null

2020-03-13 15:36:39 - [TEST_STEP][PASSED] - AllNoOfUsers.add(getText().toLowerCase()): null

2020-03-13 15:36:39 - [TEST_STEP][PASSED] - AllNoOfUsers.add(getText().toLowerCase()): null

2020-03-13 15:36:39 - [TEST_STEP][PASSED] - AllNoOfUsers.add(getText().toLowerCase()): null

2020-03-13 15:36:39 - [TEST_STEP][PASSED] - AllNoOfUsers.add(getText().toLowerCase()): null

2020-03-13 15:36:39 - [TEST_STEP][PASSED] - AllNoOfUsers.add(getText().toLowerCase()): null

2020-03-13 15:36:39 - [TEST_STEP][PASSED] - AllNoOfUsers.add(getText().toLowerCase()): null

2020-03-13 15:36:39 - [TEST_STEP][PASSED] - AllNoOfUsers.add(getText().toLowerCase()): null

2020-03-13 15:36:39 - [TEST_STEP][PASSED] - AllNoOfUsers.add(getText().toLowerCase()): null

2020-03-13 15:36:39 - [TEST_STEP][PASSED] - AllNoOfUsers.add(getText().toLowerCase()): null

2020-03-13 15:36:39 - [TEST_STEP][PASSED] - click(findTestObject("ROLES/Roles_page/Pagination/front_navigation")): Object: 'Object Repository/ROLES/Roles_page/Pagination/front_navigation' is clicked on

2020-03-13 15:36:40 - [MESSAGE][PASSED] - Object: 'Object Repository/ROLES/Roles_page/Pagination/front_navigation' is clicked on

2020-03-13 15:36:40 - [TEST_STEP][PASSED] - NoOfUsers = findWebElements(findTestObject("ROLES/Roles_page/sorting/No.Users"), 2): null

2020-03-13 15:36:40 - [TEST_STEP][PASSED] - for (org.openqa.selenium.WebElement a : NoOfUsers): null

2020-03-13 15:36:40 - [TEST_STEP][PASSED] - AllNoOfUsers.add(getText().toLowerCase()): null

2020-03-13 15:36:40 - [TEST_STEP][PASSED] - AllNoOfUsers.add(getText().toLowerCase()): null

2020-03-13 15:36:40 - [TEST_STEP][PASSED] - AllNoOfUsers.add(getText().toLowerCase()): null

2020-03-13 15:36:40 - [TEST_STEP][PASSED] - AllNoOfUsers.add(getText().toLowerCase()): null

2020-03-13 15:36:40 - [TEST_STEP][PASSED] - AllNoOfUsers.add(getText().toLowerCase()): null

2020-03-13 15:36:41 - [TEST_STEP][PASSED] - AllNoOfUsers.add(getText().toLowerCase()): null

2020-03-13 15:36:41 - [TEST_STEP][PASSED] - AllNoOfUsers.add(getText().toLowerCase()): null

2020-03-13 15:36:41 - [TEST_STEP][PASSED] - AllNoOfUsers.add(getText().toLowerCase()): null

2020-03-13 15:36:41 - [TEST_STEP][PASSED] - AllNoOfUsers.add(getText().toLowerCase()): null

2020-03-13 15:36:41 - [TEST_STEP][PASSED] - AllNoOfUsers.add(getText().toLowerCase()): null

2020-03-13 15:36:41 - [TEST_STEP][PASSED] - click(findTestObject("ROLES/Roles_page/Pagination/front_navigation")): Object: 'Object Repository/ROLES/Roles_page/Pagination/front_navigation' is clicked on

2020-03-13 15:36:41 - [MESSAGE][PASSED] - Object: 'Object Repository/ROLES/Roles_page/Pagination/front_navigation' is clicked on

2020-03-13 15:36:41 - [TEST_STEP][PASSED] - NoOfUsers = findWebElements(findTestObject("ROLES/Roles_page/sorting/No.Users"), 2): null

2020-03-13 15:36:42 - [TEST_STEP][PASSED] - for (org.openqa.selenium.WebElement a : NoOfUsers): null

2020-03-13 15:36:42 - [TEST_STEP][PASSED] - AllNoOfUsers.add(getText().toLowerCase()): null

2020-03-13 15:36:42 - [TEST_STEP][PASSED] - AllNoOfUsers.add(getText().toLowerCase()): null

2020-03-13 15:36:42 - [TEST_STEP][PASSED] - AllNoOfUsers.add(getText().toLowerCase()): null

2020-03-13 15:36:42 - [TEST_STEP][PASSED] - AllNoOfUsers.add(getText().toLowerCase()): null

2020-03-13 15:36:42 - [TEST_STEP][PASSED] - AllNoOfUsers.add(getText().toLowerCase()): null

2020-03-13 15:36:42 - [TEST_STEP][PASSED] - AllNoOfUsers.add(getText().toLowerCase()): null

2020-03-13 15:36:42 - [TEST_STEP][PASSED] - AllNoOfUsers.add(getText().toLowerCase()): null

2020-03-13 15:36:42 - [TEST_STEP][PASSED] - AllNoOfUsers.add(getText().toLowerCase()): null

2020-03-13 15:36:42 - [TEST_STEP][PASSED] - AllNoOfUsers.add(getText().toLowerCase()): null

2020-03-13 15:36:42 - [TEST_STEP][PASSED] - AllNoOfUsers.add(getText().toLowerCase()): null

2020-03-13 15:36:42 - [TEST_STEP][PASSED] - click(findTestObject("ROLES/Roles_page/Pagination/front_navigation")): Object: 'Object Repository/ROLES/Roles_page/Pagination/front_navigation' is clicked on

2020-03-13 15:36:43 - [MESSAGE][PASSED] - Object: 'Object Repository/ROLES/Roles_page/Pagination/front_navigation' is clicked on

2020-03-13 15:36:43 - [TEST_STEP][PASSED] - NoOfUsers = findWebElements(findTestObject("ROLES/Roles_page/sorting/No.Users"), 2): null

2020-03-13 15:36:43 - [TEST_STEP][PASSED] - for (org.openqa.selenium.WebElement a : NoOfUsers): null

2020-03-13 15:36:43 - [TEST_STEP][PASSED] - AllNoOfUsers.add(getText().toLowerCase()): null

2020-03-13 15:36:43 - [TEST_STEP][PASSED] - AllNoOfUsers.add(getText().toLowerCase()): null

2020-03-13 15:36:44 - [TEST_STEP][PASSED] - AllNoOfUsers.add(getText().toLowerCase()): null

2020-03-13 15:36:44 - [TEST_STEP][PASSED] - AllNoOfUsers.add(getText().toLowerCase()): null

2020-03-13 15:36:44 - [TEST_STEP][PASSED] - AllNoOfUsers.add(getText().toLowerCase()): null

2020-03-13 15:36:44 - [TEST_STEP][PASSED] - AllNoOfUsers.add(getText().toLowerCase()): null

2020-03-13 15:36:44 - [TEST_STEP][PASSED] - AllNoOfUsers.add(getText().toLowerCase()): null

2020-03-13 15:36:44 - [TEST_STEP][PASSED] - AllNoOfUsers.add(getText().toLowerCase()): null

2020-03-13 15:36:44 - [TEST_STEP][PASSED] - AllNoOfUsers.add(getText().toLowerCase()): null

2020-03-13 15:36:44 - [TEST_STEP][PASSED] - AllNoOfUsers.add(getText().toLowerCase()): null

2020-03-13 15:36:44 - [TEST_STEP][PASSED] - click(findTestObject("ROLES/Roles_page/Pagination/front_navigation")): Object: 'Object Repository/ROLES/Roles_page/Pagination/front_navigation' is clicked on

2020-03-13 15:36:44 - [MESSAGE][PASSED] - Object: 'Object Repository/ROLES/Roles_page/Pagination/front_navigation' is clicked on

2020-03-13 15:36:44 - [TEST_STEP][PASSED] - NoOfUsers = findWebElements(findTestObject("ROLES/Roles_page/sorting/No.Users"), 2): null

2020-03-13 15:36:46 - [TEST_STEP][PASSED] - for (org.openqa.selenium.WebElement a : NoOfUsers): null

2020-03-13 15:36:46 - [TEST_STEP][PASSED] - AllNoOfUsers.add(getText().toLowerCase()): null

2020-03-13 15:36:46 - [TEST_STEP][PASSED] - AllNoOfUsers.add(getText().toLowerCase()): null

2020-03-13 15:36:46 - [TEST_STEP][PASSED] - AllNoOfUsers.add(getText().toLowerCase()): null

2020-03-13 15:36:46 - [TEST_STEP][PASSED] - AllNoOfUsers.add(getText().toLowerCase()): null

2020-03-13 15:36:46 - [TEST_STEP][PASSED] - AllNoOfUsers.add(getText().toLowerCase()): null

2020-03-13 15:36:46 - [TEST_STEP][PASSED] - AllNoOfUsers.add(getText().toLowerCase()): null

2020-03-13 15:36:46 - [TEST_STEP][PASSED] - AllNoOfUsers.add(getText().toLowerCase()): null

2020-03-13 15:36:46 - [TEST_STEP][PASSED] - AllNoOfUsers.add(getText().toLowerCase()): null

2020-03-13 15:36:46 - [TEST_STEP][PASSED] - AllNoOfUsers.add(getText().toLowerCase()): null

2020-03-13 15:36:46 - [TEST_STEP][PASSED] - AllNoOfUsers.add(getText().toLowerCase()): null

2020-03-13 15:36:46 - [TEST_STEP][PASSED] - click(findTestObject("ROLES/Roles_page/Pagination/front_navigation")): Object: 'Object Repository/ROLES/Roles_page/Pagination/front_navigation' is clicked on

2020-03-13 15:36:46 - [MESSAGE][PASSED] - Object: 'Object Repository/ROLES/Roles_page/Pagination/front_navigation' is clicked on

2020-03-13 15:36:46 - [TEST_STEP][PASSED] - NoOfUsers = findWebElements(findTestObject("ROLES/Roles_page/sorting/No.Users"), 2): null

2020-03-13 15:36:47 - [TEST_STEP][PASSED] - for (org.openqa.selenium.WebElement a : NoOfUsers): null

2020-03-13 15:36:47 - [TEST_STEP][PASSED] - AllNoOfUsers.add(getText().toLowerCase()): null

2020-03-13 15:36:47 - [TEST_STEP][PASSED] - AllNoOfUsers.add(getText().toLowerCase()): null

2020-03-13 15:36:47 - [TEST_STEP][PASSED] - AllNoOfUsers.add(getText().toLowerCase()): null

2020-03-13 15:36:47 - [TEST_STEP][PASSED] - AllNoOfUsers.add(getText().toLowerCase()): null

2020-03-13 15:36:47 - [TEST_STEP][PASSED] - AllNoOfUsers.add(getText().toLowerCase()): null

2020-03-13 15:36:47 - [TEST_STEP][PASSED] - AllNoOfUsers.add(getText().toLowerCase()): null

2020-03-13 15:36:47 - [TEST_STEP][PASSED] - AllNoOfUsers.add(getText().toLowerCase()): null

2020-03-13 15:36:47 - [TEST_STEP][PASSED] - AllNoOfUsers.add(getText().toLowerCase()): null

2020-03-13 15:36:47 - [TEST_STEP][PASSED] - AllNoOfUsers.add(getText().toLowerCase()): null

2020-03-13 15:36:47 - [TEST_STEP][PASSED] - AllNoOfUsers.add(getText().toLowerCase()): null

2020-03-13 15:36:47 - [TEST_STEP][PASSED] - click(findTestObject("ROLES/Roles_page/Pagination/front_navigation")): Object: 'Object Repository/ROLES/Roles_page/Pagination/front_navigation' is clicked on

2020-03-13 15:36:48 - [MESSAGE][PASSED] - Object: 'Object Repository/ROLES/Roles_page/Pagination/front_navigation' is clicked on

2020-03-13 15:36:48 - [TEST_STEP][PASSED] - NoOfUsers = findWebElements(findTestObject("ROLES/Roles_page/sorting/No.Users"), 2): null

2020-03-13 15:36:49 - [TEST_STEP][PASSED] - for (org.openqa.selenium.WebElement a : NoOfUsers): null

2020-03-13 15:36:49 - [TEST_STEP][PASSED] - AllNoOfUsers.add(getText().toLowerCase()): null

2020-03-13 15:36:49 - [TEST_STEP][PASSED] - AllNoOfUsers.add(getText().toLowerCase()): null

2020-03-13 15:36:49 - [TEST_STEP][PASSED] - AllNoOfUsers.add(getText().toLowerCase()): null

2020-03-13 15:36:49 - [TEST_STEP][PASSED] - AllNoOfUsers.add(getText().toLowerCase()): null

2020-03-13 15:36:49 - [TEST_STEP][PASSED] - AllNoOfUsers.add(getText().toLowerCase()): null

2020-03-13 15:36:49 - [TEST_STEP][PASSED] - AllNoOfUsers.add(getText().toLowerCase()): null

2020-03-13 15:36:49 - [TEST_STEP][PASSED] - AllNoOfUsers.add(getText().toLowerCase()): null

2020-03-13 15:36:50 - [TEST_STEP][PASSED] - AllNoOfUsers.add(getText().toLowerCase()): null

2020-03-13 15:36:50 - [TEST_STEP][PASSED] - AllNoOfUsers.add(getText().toLowerCase()): null

2020-03-13 15:36:50 - [TEST_STEP][PASSED] - AllNoOfUsers.add(getText().toLowerCase()): null

2020-03-13 15:36:50 - [TEST_STEP][PASSED] - click(findTestObject("ROLES/Roles_page/Pagination/front_navigation")): Object: 'Object Repository/ROLES/Roles_page/Pagination/front_navigation' is clicked on

2020-03-13 15:36:50 - [MESSAGE][PASSED] - Object: 'Object Repository/ROLES/Roles_page/Pagination/front_navigation' is clicked on

2020-03-13 15:36:50 - [TEST_STEP][PASSED] - NoOfUsers = findWebElements(findTestObject("ROLES/Roles_page/sorting/No.Users"), 2): null

2020-03-13 15:36:51 - [TEST_STEP][PASSED] - for (org.openqa.selenium.WebElement a : NoOfUsers): null

2020-03-13 15:36:51 - [TEST_STEP][PASSED] - AllNoOfUsers.add(getText().toLowerCase()): null

2020-03-13 15:36:51 - [TEST_STEP][PASSED] - AllNoOfUsers.add(getText().toLowerCase()): null

2020-03-13 15:36:51 - [TEST_STEP][PASSED] - AllNoOfUsers.add(getText().toLowerCase()): null

2020-03-13 15:36:51 - [TEST_STEP][PASSED] - AllNoOfUsers.add(getText().toLowerCase()): null

2020-03-13 15:36:51 - [TEST_STEP][PASSED] - AllNoOfUsers.add(getText().toLowerCase()): null

2020-03-13 15:36:51 - [TEST_STEP][PASSED] - AllNoOfUsers.add(getText().toLowerCase()): null

2020-03-13 15:36:51 - [TEST_STEP][PASSED] - AllNoOfUsers.add(getText().toLowerCase()): null

2020-03-13 15:36:51 - [TEST_STEP][PASSED] - AllNoOfUsers.add(getText().toLowerCase()): null

2020-03-13 15:36:51 - [TEST_STEP][PASSED] - AllNoOfUsers.add(getText().toLowerCase()): null

2020-03-13 15:36:51 - [TEST_STEP][PASSED] - AllNoOfUsers.add(getText().toLowerCase()): null

2020-03-13 15:36:51 - [TEST_STEP][PASSED] - click(findTestObject("ROLES/Roles_page/Pagination/front_navigation")): Object: 'Object Repository/ROLES/Roles_page/Pagination/front_navigation' is clicked on

2020-03-13 15:36:51 - [MESSAGE][PASSED] - Object: 'Object Repository/ROLES/Roles_page/Pagination/front_navigation' is clicked on

2020-03-13 15:36:51 - [TEST_STEP][PASSED] - NoOfUsers = findWebElements(findTestObject("ROLES/Roles_page/sorting/No.Users"), 2): null

2020-03-13 15:36:52 - [TEST_STEP][PASSED] - for (org.openqa.selenium.WebElement a : NoOfUsers): null

2020-03-13 15:36:52 - [TEST_STEP][PASSED] - AllNoOfUsers.add(getText().toLowerCase()): null

2020-03-13 15:36:52 - [TEST_STEP][PASSED] - AllNoOfUsers.add(getText().toLowerCase()): null

2020-03-13 15:36:52 - [TEST_STEP][PASSED] - AllNoOfUsers.add(getText().toLowerCase()): null

2020-03-13 15:36:52 - [TEST_STEP][PASSED] - AllNoOfUsers.add(getText().toLowerCase()): null

2020-03-13 15:36:52 - [TEST_STEP][PASSED] - AllNoOfUsers.add(getText().toLowerCase()): null

2020-03-13 15:36:52 - [TEST_STEP][PASSED] - AllNoOfUsers.add(getText().toLowerCase()): null

2020-03-13 15:36:52 - [TEST_STEP][PASSED] - AllNoOfUsers.add(getText().toLowerCase()): null

2020-03-13 15:36:52 - [TEST_STEP][PASSED] - AllNoOfUsers.add(getText().toLowerCase()): null

2020-03-13 15:36:53 - [TEST_STEP][PASSED] - AllNoOfUsers.add(getText().toLowerCase()): null

2020-03-13 15:36:53 - [TEST_STEP][PASSED] - AllNoOfUsers.add(getText().toLowerCase()): null

2020-03-13 15:36:53 - [TEST_STEP][PASSED] - click(findTestObject("ROLES/Roles_page/Pagination/front_navigation")): Object: 'Object Repository/ROLES/Roles_page/Pagination/front_navigation' is clicked on

2020-03-13 15:36:53 - [MESSAGE][PASSED] - Object: 'Object Repository/ROLES/Roles_page/Pagination/front_navigation' is clicked on

2020-03-13 15:36:53 - [TEST_STEP][PASSED] - NoOfUsers = findWebElements(findTestObject("ROLES/Roles_page/sorting/No.Users"), 2): null

2020-03-13 15:36:54 - [TEST_STEP][PASSED] - for (org.openqa.selenium.WebElement a : NoOfUsers): null

2020-03-13 15:36:54 - [TEST_STEP][PASSED] - AllNoOfUsers.add(getText().toLowerCase()): null

2020-03-13 15:36:54 - [TEST_STEP][PASSED] - AllNoOfUsers.add(getText().toLowerCase()): null

2020-03-13 15:36:54 - [TEST_STEP][PASSED] - AllNoOfUsers.add(getText().toLowerCase()): null

2020-03-13 15:36:54 - [TEST_STEP][PASSED] - AllNoOfUsers.add(getText().toLowerCase()): null

2020-03-13 15:36:54 - [TEST_STEP][PASSED] - AllNoOfUsers.add(getText().toLowerCase()): null

2020-03-13 15:36:54 - [TEST_STEP][PASSED] - AllNoOfUsers.add(getText().toLowerCase()): null

2020-03-13 15:36:54 - [TEST_STEP][PASSED] - AllNoOfUsers.add(getText().toLowerCase()): null

2020-03-13 15:36:54 - [TEST_STEP][PASSED] - AllNoOfUsers.add(getText().toLowerCase()): null

2020-03-13 15:36:54 - [TEST_STEP][PASSED] - AllNoOfUsers.add(getText().toLowerCase()): null

2020-03-13 15:36:54 - [TEST_STEP][PASSED] - AllNoOfUsers.add(getText().toLowerCase()): null

2020-03-13 15:36:54 - [TEST_STEP][PASSED] - click(findTestObject("ROLES/Roles_page/Pagination/front_navigation")): Object: 'Object Repository/ROLES/Roles_page/Pagination/front_navigation' is clicked on

2020-03-13 15:36:55 - [MESSAGE][PASSED] - Object: 'Object Repository/ROLES/Roles_page/Pagination/front_navigation' is clicked on

2020-03-13 15:36:55 - [TEST_STEP][PASSED] - NoOfUsers = findWebElements(findTestObject("ROLES/Roles_page/sorting/No.Users"), 2): null

2020-03-13 15:36:56 - [TEST_STEP][PASSED] - for (org.openqa.selenium.WebElement a : NoOfUsers): null

2020-03-13 15:36:56 - [TEST_STEP][PASSED] - AllNoOfUsers.add(getText().toLowerCase()): null

2020-03-13 15:36:56 - [TEST_STEP][PASSED] - AllNoOfUsers.add(getText().toLowerCase()): null

2020-03-13 15:36:56 - [TEST_STEP][PASSED] - AllNoOfUsers.add(getText().toLowerCase()): null

2020-03-13 15:36:56 - [TEST_STEP][PASSED] - AllNoOfUsers.add(getText().toLowerCase()): null

2020-03-13 15:36:56 - [TEST_STEP][PASSED] - AllNoOfUsers.add(getText().toLowerCase()): null

2020-03-13 15:36:56 - [TEST_STEP][PASSED] - AllNoOfUsers.add(getText().toLowerCase()): null

2020-03-13 15:36:56 - [TEST_STEP][PASSED] - AllNoOfUsers.add(getText().toLowerCase()): null

2020-03-13 15:36:56 - [TEST_STEP][PASSED] - click(findTestObject("ROLES/Roles_page/Pagination/front_navigation")): Object: 'Object Repository/ROLES/Roles_page/Pagination/front_navigation' is clicked on

2020-03-13 15:36:59 - [MESSAGE][PASSED] - Object: 'Object Repository/ROLES/Roles_page/Pagination/front_navigation' is clicked on

2020-03-13 15:36:59 - [TEST_STEP][PASSED] - if (j == 1): Text 'BACK_SPACE + BACK_SPACE + ENTER + 1' is set on object 'Object Repository/ROLES/Roles_page/Pagination/input_Page_form-control'

2020-03-13 15:36:59 - [TEST_STEP][PASSED] - isSorted = web.CustomKeyword.checkListDescending(AllNoOfUsers): web.CustomKeyword.checkListDescending is PASSED

2020-03-13 15:36:59 - [MESSAGE][PASSED] - web.CustomKeyword.checkListDescending is PASSED

2020-03-13 15:36:59 - [TEST_STEP][PASSED] - println(AllNoOfUsers.size()): null

2020-03-13 15:36:59 - [TEST_STEP][PASSED] - println(AllNoOfUsers): null

2020-03-13 15:36:59 - [TEST_STEP][PASSED] - verifyEqual(isSorted, true): Actual object 'true' and expected object 'true' are equal

2020-03-13 15:36:59 - [MESSAGE][PASSED] - Actual object 'true' and expected object 'true' are equal

2020-03-13 15:36:59 - [TEST_STEP][PASSED] - clearText(findTestObject("Object Repository/ROLES/Roles_page/Pagination/input_Page_form-control")): Text of object 'Object Repository/ROLES/Roles_page/Pagination/input_Page_form-control' is cleared

2020-03-13 15:36:59 - [MESSAGE][PASSED] - Text of object 'Object Repository/ROLES/Roles_page/Pagination/input_Page_form-control' is cleared

2020-03-13 15:36:59 - [TEST_STEP][PASSED] - setText(findTestObject("Object Repository/ROLES/Roles_page/Pagination/input_Page_form-control"), BACK_SPACE + BACK_SPACE + "1" + ENTER): Text 'BACK_SPACE + BACK_SPACE + ENTER + 1' is set on object 'Object Repository/ROLES/Roles_page/Pagination/input_Page_form-control'

2020-03-13 15:37:00 - [MESSAGE][PASSED] - Text 'BACK_SPACE + BACK_SPACE + ENTER + 1' is set on object 'Object Repository/ROLES/Roles_page/Pagination/input_Page_form-control'

2020-03-13 15:37:00 - [TEST_STEP][PASSED] - if (j == 2): null

2020-03-13 15:37:00 - [TEST_STEP][PASSED] - click(findTestObject("ROLES/Roles_page/sorting/No.Users_header")): Object: 'Object Repository/ROLES/Roles_page/sorting/No.Users_header' is clicked on

2020-03-13 15:37:01 - [MESSAGE][PASSED] - Object: 'Object Repository/ROLES/Roles_page/sorting/No.Users_header' is clicked on

2020-03-13 15:37:01 - [TEST_STEP][PASSED] - NoOfUsers = <not implemented yet for class: org.codehaus.groovy.ast.expr.EmptyExpression>: null

2020-03-13 15:37:01 - [TEST_STEP][PASSED] - AllNoOfUsers = new java.util.ArrayList(): null

2020-03-13 15:37:01 - [TEST_STEP][PASSED] - for ([i = 1, i <= noOfPages, (i++)]): Object: 'Object Repository/ROLES/Roles_page/Pagination/front_navigation' is clicked on

2020-03-13 15:37:01 - [TEST_STEP][PASSED] - NoOfUsers = findWebElements(findTestObject("ROLES/Roles_page/sorting/No.Users"), 2): null

2020-03-13 15:37:02 - [TEST_STEP][PASSED] - for (org.openqa.selenium.WebElement a : NoOfUsers): null

2020-03-13 15:37:02 - [TEST_STEP][PASSED] - AllNoOfUsers.add(getText().toLowerCase()): null

2020-03-13 15:37:02 - [TEST_STEP][PASSED] - AllNoOfUsers.add(getText().toLowerCase()): null

2020-03-13 15:37:02 - [TEST_STEP][PASSED] - AllNoOfUsers.add(getText().toLowerCase()): null

2020-03-13 15:37:02 - [TEST_STEP][PASSED] - AllNoOfUsers.add(getText().toLowerCase()): null

2020-03-13 15:37:02 - [TEST_STEP][PASSED] - AllNoOfUsers.add(getText().toLowerCase()): null

2020-03-13 15:37:02 - [TEST_STEP][PASSED] - AllNoOfUsers.add(getText().toLowerCase()): null

2020-03-13 15:37:02 - [TEST_STEP][PASSED] - AllNoOfUsers.add(getText().toLowerCase()): null

2020-03-13 15:37:02 - [TEST_STEP][PASSED] - AllNoOfUsers.add(getText().toLowerCase()): null

2020-03-13 15:37:02 - [TEST_STEP][PASSED] - AllNoOfUsers.add(getText().toLowerCase()): null

2020-03-13 15:37:02 - [TEST_STEP][PASSED] - AllNoOfUsers.add(getText().toLowerCase()): null

2020-03-13 15:37:02 - [TEST_STEP][PASSED] - click(findTestObject("ROLES/Roles_page/Pagination/front_navigation")): Object: 'Object Repository/ROLES/Roles_page/Pagination/front_navigation' is clicked on

2020-03-13 15:37:02 - [MESSAGE][PASSED] - Object: 'Object Repository/ROLES/Roles_page/Pagination/front_navigation' is clicked on

2020-03-13 15:37:02 - [TEST_STEP][PASSED] - NoOfUsers = findWebElements(findTestObject("ROLES/Roles_page/sorting/No.Users"), 2): null

2020-03-13 15:37:03 - [TEST_STEP][PASSED] - for (org.openqa.selenium.WebElement a : NoOfUsers): null

2020-03-13 15:37:03 - [TEST_STEP][PASSED] - AllNoOfUsers.add(getText().toLowerCase()): null

2020-03-13 15:37:03 - [TEST_STEP][PASSED] - AllNoOfUsers.add(getText().toLowerCase()): null

2020-03-13 15:37:03 - [TEST_STEP][PASSED] - AllNoOfUsers.add(getText().toLowerCase()): null

2020-03-13 15:37:03 - [TEST_STEP][PASSED] - AllNoOfUsers.add(getText().toLowerCase()): null

2020-03-13 15:37:03 - [TEST_STEP][PASSED] - AllNoOfUsers.add(getText().toLowerCase()): null

2020-03-13 15:37:03 - [TEST_STEP][PASSED] - AllNoOfUsers.add(getText().toLowerCase()): null

2020-03-13 15:37:03 - [TEST_STEP][PASSED] - AllNoOfUsers.add(getText().toLowerCase()): null

2020-03-13 15:37:04 - [TEST_STEP][PASSED] - AllNoOfUsers.add(getText().toLowerCase()): null

2020-03-13 15:37:04 - [TEST_STEP][PASSED] - AllNoOfUsers.add(getText().toLowerCase()): null

2020-03-13 15:37:04 - [TEST_STEP][PASSED] - AllNoOfUsers.add(getText().toLowerCase()): null

2020-03-13 15:37:04 - [TEST_STEP][PASSED] - click(findTestObject("ROLES/Roles_page/Pagination/front_navigation")): Object: 'Object Repository/ROLES/Roles_page/Pagination/front_navigation' is clicked on

2020-03-13 15:37:04 - [MESSAGE][PASSED] - Object: 'Object Repository/ROLES/Roles_page/Pagination/front_navigation' is clicked on

2020-03-13 15:37:04 - [TEST_STEP][PASSED] - NoOfUsers = findWebElements(findTestObject("ROLES/Roles_page/sorting/No.Users"), 2): null

2020-03-13 15:37:06 - [TEST_STEP][PASSED] - for (org.openqa.selenium.WebElement a : NoOfUsers): null

2020-03-13 15:37:06 - [TEST_STEP][PASSED] - AllNoOfUsers.add(getText().toLowerCase()): null

2020-03-13 15:37:06 - [TEST_STEP][PASSED] - AllNoOfUsers.add(getText().toLowerCase()): null

2020-03-13 15:37:06 - [TEST_STEP][PASSED] - AllNoOfUsers.add(getText().toLowerCase()): null

2020-03-13 15:37:06 - [TEST_STEP][PASSED] - AllNoOfUsers.add(getText().toLowerCase()): null

2020-03-13 15:37:06 - [TEST_STEP][PASSED] - AllNoOfUsers.add(getText().toLowerCase()): null

2020-03-13 15:37:06 - [TEST_STEP][PASSED] - AllNoOfUsers.add(getText().toLowerCase()): null

2020-03-13 15:37:06 - [TEST_STEP][PASSED] - AllNoOfUsers.add(getText().toLowerCase()): null

2020-03-13 15:37:06 - [TEST_STEP][PASSED] - AllNoOfUsers.add(getText().toLowerCase()): null

2020-03-13 15:37:06 - [TEST_STEP][PASSED] - AllNoOfUsers.add(getText().toLowerCase()): null

2020-03-13 15:37:06 - [TEST_STEP][PASSED] - AllNoOfUsers.add(getText().toLowerCase()): null

2020-03-13 15:37:06 - [TEST_STEP][PASSED] - click(findTestObject("ROLES/Roles_page/Pagination/front_navigation")): Object: 'Object Repository/ROLES/Roles_page/Pagination/front_navigation' is clicked on

2020-03-13 15:37:07 - [MESSAGE][PASSED] - Object: 'Object Repository/ROLES/Roles_page/Pagination/front_navigation' is clicked on

2020-03-13 15:37:07 - [TEST_STEP][PASSED] - NoOfUsers = findWebElements(findTestObject("ROLES/Roles_page/sorting/No.Users"), 2): null

2020-03-13 15:37:08 - [TEST_STEP][PASSED] - for (org.openqa.selenium.WebElement a : NoOfUsers): null

2020-03-13 15:37:08 - [TEST_STEP][PASSED] - AllNoOfUsers.add(getText().toLowerCase()): null

2020-03-13 15:37:08 - [TEST_STEP][PASSED] - AllNoOfUsers.add(getText().toLowerCase()): null

2020-03-13 15:37:08 - [TEST_STEP][PASSED] - AllNoOfUsers.add(getText().toLowerCase()): null

2020-03-13 15:37:08 - [TEST_STEP][PASSED] - AllNoOfUsers.add(getText().toLowerCase()): null

2020-03-13 15:37:08 - [TEST_STEP][PASSED] - AllNoOfUsers.add(getText().toLowerCase()): null

2020-03-13 15:37:08 - [TEST_STEP][PASSED] - AllNoOfUsers.add(getText().toLowerCase()): null

2020-03-13 15:37:08 - [TEST_STEP][PASSED] - AllNoOfUsers.add(getText().toLowerCase()): null

2020-03-13 15:37:08 - [TEST_STEP][PASSED] - AllNoOfUsers.add(getText().toLowerCase()): null

2020-03-13 15:37:08 - [TEST_STEP][PASSED] - AllNoOfUsers.add(getText().toLowerCase()): null

2020-03-13 15:37:08 - [TEST_STEP][PASSED] - AllNoOfUsers.add(getText().toLowerCase()): null

2020-03-13 15:37:08 - [TEST_STEP][PASSED] - click(findTestObject("ROLES/Roles_page/Pagination/front_navigation")): Object: 'Object Repository/ROLES/Roles_page/Pagination/front_navigation' is clicked on

2020-03-13 15:37:08 - [MESSAGE][PASSED] - Object: 'Object Repository/ROLES/Roles_page/Pagination/front_navigation' is clicked on

2020-03-13 15:37:08 - [TEST_STEP][PASSED] - NoOfUsers = findWebElements(findTestObject("ROLES/Roles_page/sorting/No.Users"), 2): null

2020-03-13 15:37:09 - [TEST_STEP][PASSED] - for (org.openqa.selenium.WebElement a : NoOfUsers): null

2020-03-13 15:37:09 - [TEST_STEP][PASSED] - AllNoOfUsers.add(getText().toLowerCase()): null

2020-03-13 15:37:09 - [TEST_STEP][PASSED] - AllNoOfUsers.add(getText().toLowerCase()): null

2020-03-13 15:37:09 - [TEST_STEP][PASSED] - AllNoOfUsers.add(getText().toLowerCase()): null

2020-03-13 15:37:09 - [TEST_STEP][PASSED] - AllNoOfUsers.add(getText().toLowerCase()): null

2020-03-13 15:37:09 - [TEST_STEP][PASSED] - AllNoOfUsers.add(getText().toLowerCase()): null

2020-03-13 15:37:09 - [TEST_STEP][PASSED] - AllNoOfUsers.add(getText().toLowerCase()): null

2020-03-13 15:37:09 - [TEST_STEP][PASSED] - AllNoOfUsers.add(getText().toLowerCase()): null

2020-03-13 15:37:09 - [TEST_STEP][PASSED] - AllNoOfUsers.add(getText().toLowerCase()): null

2020-03-13 15:37:09 - [TEST_STEP][PASSED] - AllNoOfUsers.add(getText().toLowerCase()): null

2020-03-13 15:37:09 - [TEST_STEP][PASSED] - AllNoOfUsers.add(getText().toLowerCase()): null

2020-03-13 15:37:09 - [TEST_STEP][PASSED] - click(findTestObject("ROLES/Roles_page/Pagination/front_navigation")): Object: 'Object Repository/ROLES/Roles_page/Pagination/front_navigation' is clicked on

2020-03-13 15:37:10 - [MESSAGE][PASSED] - Object: 'Object Repository/ROLES/Roles_page/Pagination/front_navigation' is clicked on

2020-03-13 15:37:10 - [TEST_STEP][PASSED] - NoOfUsers = findWebElements(findTestObject("ROLES/Roles_page/sorting/No.Users"), 2): null

2020-03-13 15:37:11 - [TEST_STEP][PASSED] - for (org.openqa.selenium.WebElement a : NoOfUsers): null

2020-03-13 15:37:11 - [TEST_STEP][PASSED] - AllNoOfUsers.add(getText().toLowerCase()): null

2020-03-13 15:37:11 - [TEST_STEP][PASSED] - AllNoOfUsers.add(getText().toLowerCase()): null

2020-03-13 15:37:11 - [TEST_STEP][PASSED] - AllNoOfUsers.add(getText().toLowerCase()): null

2020-03-13 15:37:11 - [TEST_STEP][PASSED] - AllNoOfUsers.add(getText().toLowerCase()): null

2020-03-13 15:37:11 - [TEST_STEP][PASSED] - AllNoOfUsers.add(getText().toLowerCase()): null

2020-03-13 15:37:11 - [TEST_STEP][PASSED] - AllNoOfUsers.add(getText().toLowerCase()): null

2020-03-13 15:37:11 - [TEST_STEP][PASSED] - AllNoOfUsers.add(getText().toLowerCase()): null

2020-03-13 15:37:11 - [TEST_STEP][PASSED] - AllNoOfUsers.add(getText().toLowerCase()): null

2020-03-13 15:37:11 - [TEST_STEP][PASSED] - AllNoOfUsers.add(getText().toLowerCase()): null

2020-03-13 15:37:11 - [TEST_STEP][PASSED] - AllNoOfUsers.add(getText().toLowerCase()): null

2020-03-13 15:37:11 - [TEST_STEP][PASSED] - click(findTestObject("ROLES/Roles_page/Pagination/front_navigation")): Object: 'Object Repository/ROLES/Roles_page/Pagination/front_navigation' is clicked on

2020-03-13 15:37:11 - [MESSAGE][PASSED] - Object: 'Object Repository/ROLES/Roles_page/Pagination/front_navigation' is clicked on

2020-03-13 15:37:11 - [TEST_STEP][PASSED] - NoOfUsers = findWebElements(findTestObject("ROLES/Roles_page/sorting/No.Users"), 2): null

2020-03-13 15:37:12 - [TEST_STEP][PASSED] - for (org.openqa.selenium.WebElement a : NoOfUsers): null

2020-03-13 15:37:12 - [TEST_STEP][PASSED] - AllNoOfUsers.add(getText().toLowerCase()): null

2020-03-13 15:37:12 - [TEST_STEP][PASSED] - AllNoOfUsers.add(getText().toLowerCase()): null

2020-03-13 15:37:12 - [TEST_STEP][PASSED] - AllNoOfUsers.add(getText().toLowerCase()): null

2020-03-13 15:37:12 - [TEST_STEP][PASSED] - AllNoOfUsers.add(getText().toLowerCase()): null

2020-03-13 15:37:12 - [TEST_STEP][PASSED] - AllNoOfUsers.add(getText().toLowerCase()): null

2020-03-13 15:37:12 - [TEST_STEP][PASSED] - AllNoOfUsers.add(getText().toLowerCase()): null

2020-03-13 15:37:12 - [TEST_STEP][PASSED] - AllNoOfUsers.add(getText().toLowerCase()): null

2020-03-13 15:37:13 - [TEST_STEP][PASSED] - AllNoOfUsers.add(getText().toLowerCase()): null

2020-03-13 15:37:13 - [TEST_STEP][PASSED] - AllNoOfUsers.add(getText().toLowerCase()): null

2020-03-13 15:37:13 - [TEST_STEP][PASSED] - AllNoOfUsers.add(getText().toLowerCase()): null

2020-03-13 15:37:13 - [TEST_STEP][PASSED] - click(findTestObject("ROLES/Roles_page/Pagination/front_navigation")): Object: 'Object Repository/ROLES/Roles_page/Pagination/front_navigation' is clicked on

2020-03-13 15:37:13 - [MESSAGE][PASSED] - Object: 'Object Repository/ROLES/Roles_page/Pagination/front_navigation' is clicked on

2020-03-13 15:37:13 - [TEST_STEP][PASSED] - NoOfUsers = findWebElements(findTestObject("ROLES/Roles_page/sorting/No.Users"), 2): null

2020-03-13 15:37:14 - [TEST_STEP][PASSED] - for (org.openqa.selenium.WebElement a : NoOfUsers): null

2020-03-13 15:37:14 - [TEST_STEP][PASSED] - AllNoOfUsers.add(getText().toLowerCase()): null

2020-03-13 15:37:14 - [TEST_STEP][PASSED] - AllNoOfUsers.add(getText().toLowerCase()): null

2020-03-13 15:37:14 - [TEST_STEP][PASSED] - AllNoOfUsers.add(getText().toLowerCase()): null

2020-03-13 15:37:14 - [TEST_STEP][PASSED] - AllNoOfUsers.add(getText().toLowerCase()): null

2020-03-13 15:37:14 - [TEST_STEP][PASSED] - AllNoOfUsers.add(getText().toLowerCase()): null

2020-03-13 15:37:14 - [TEST_STEP][PASSED] - AllNoOfUsers.add(getText().toLowerCase()): null

2020-03-13 15:37:14 - [TEST_STEP][PASSED] - AllNoOfUsers.add(getText().toLowerCase()): null

2020-03-13 15:37:14 - [TEST_STEP][PASSED] - AllNoOfUsers.add(getText().toLowerCase()): null

2020-03-13 15:37:14 - [TEST_STEP][PASSED] - AllNoOfUsers.add(getText().toLowerCase()): null

2020-03-13 15:37:14 - [TEST_STEP][PASSED] - AllNoOfUsers.add(getText().toLowerCase()): null

2020-03-13 15:37:14 - [TEST_STEP][PASSED] - click(findTestObject("ROLES/Roles_page/Pagination/front_navigation")): Object: 'Object Repository/ROLES/Roles_page/Pagination/front_navigation' is clicked on

2020-03-13 15:37:15 - [MESSAGE][PASSED] - Object: 'Object Repository/ROLES/Roles_page/Pagination/front_navigation' is clicked on

2020-03-13 15:37:15 - [TEST_STEP][PASSED] - NoOfUsers = findWebElements(findTestObject("ROLES/Roles_page/sorting/No.Users"), 2): null

2020-03-13 15:37:16 - [TEST_STEP][PASSED] - for (org.openqa.selenium.WebElement a : NoOfUsers): null

2020-03-13 15:37:16 - [TEST_STEP][PASSED] - AllNoOfUsers.add(getText().toLowerCase()): null

2020-03-13 15:37:16 - [TEST_STEP][PASSED] - AllNoOfUsers.add(getText().toLowerCase()): null

2020-03-13 15:37:16 - [TEST_STEP][PASSED] - AllNoOfUsers.add(getText().toLowerCase()): null

2020-03-13 15:37:16 - [TEST_STEP][PASSED] - AllNoOfUsers.add(getText().toLowerCase()): null

2020-03-13 15:37:16 - [TEST_STEP][PASSED] - AllNoOfUsers.add(getText().toLowerCase()): null

2020-03-13 15:37:16 - [TEST_STEP][PASSED] - AllNoOfUsers.add(getText().toLowerCase()): null

2020-03-13 15:37:16 - [TEST_STEP][PASSED] - AllNoOfUsers.add(getText().toLowerCase()): null

2020-03-13 15:37:16 - [TEST_STEP][PASSED] - AllNoOfUsers.add(getText().toLowerCase()): null

2020-03-13 15:37:16 - [TEST_STEP][PASSED] - AllNoOfUsers.add(getText().toLowerCase()): null

2020-03-13 15:37:16 - [TEST_STEP][PASSED] - AllNoOfUsers.add(getText().toLowerCase()): null

2020-03-13 15:37:16 - [TEST_STEP][PASSED] - click(findTestObject("ROLES/Roles_page/Pagination/front_navigation")): Object: 'Object Repository/ROLES/Roles_page/Pagination/front_navigation' is clicked on

2020-03-13 15:37:16 - [MESSAGE][PASSED] - Object: 'Object Repository/ROLES/Roles_page/Pagination/front_navigation' is clicked on

2020-03-13 15:37:16 - [TEST_STEP][PASSED] - NoOfUsers = findWebElements(findTestObject("ROLES/Roles_page/sorting/No.Users"), 2): null

2020-03-13 15:37:17 - [TEST_STEP][PASSED] - for (org.openqa.selenium.WebElement a : NoOfUsers): null

2020-03-13 15:37:17 - [TEST_STEP][PASSED] - AllNoOfUsers.add(getText().toLowerCase()): null

2020-03-13 15:37:17 - [TEST_STEP][PASSED] - AllNoOfUsers.add(getText().toLowerCase()): null

2020-03-13 15:37:17 - [TEST_STEP][PASSED] - AllNoOfUsers.add(getText().toLowerCase()): null

2020-03-13 15:37:17 - [TEST_STEP][PASSED] - AllNoOfUsers.add(getText().toLowerCase()): null

2020-03-13 15:37:17 - [TEST_STEP][PASSED] - AllNoOfUsers.add(getText().toLowerCase()): null

2020-03-13 15:37:17 - [TEST_STEP][PASSED] - AllNoOfUsers.add(getText().toLowerCase()): null

2020-03-13 15:37:17 - [TEST_STEP][PASSED] - AllNoOfUsers.add(getText().toLowerCase()): null

2020-03-13 15:37:18 - [TEST_STEP][PASSED] - AllNoOfUsers.add(getText().toLowerCase()): null

2020-03-13 15:37:18 - [TEST_STEP][PASSED] - AllNoOfUsers.add(getText().toLowerCase()): null

2020-03-13 15:37:18 - [TEST_STEP][PASSED] - AllNoOfUsers.add(getText().toLowerCase()): null

2020-03-13 15:37:18 - [TEST_STEP][PASSED] - click(findTestObject("ROLES/Roles_page/Pagination/front_navigation")): Object: 'Object Repository/ROLES/Roles_page/Pagination/front_navigation' is clicked on

2020-03-13 15:37:18 - [MESSAGE][PASSED] - Object: 'Object Repository/ROLES/Roles_page/Pagination/front_navigation' is clicked on

2020-03-13 15:37:18 - [TEST_STEP][PASSED] - NoOfUsers = findWebElements(findTestObject("ROLES/Roles_page/sorting/No.Users"), 2): null

2020-03-13 15:37:19 - [TEST_STEP][PASSED] - for (org.openqa.selenium.WebElement a : NoOfUsers): null

2020-03-13 15:37:19 - [TEST_STEP][PASSED] - AllNoOfUsers.add(getText().toLowerCase()): null

2020-03-13 15:37:19 - [TEST_STEP][PASSED] - AllNoOfUsers.add(getText().toLowerCase()): null

2020-03-13 15:37:19 - [TEST_STEP][PASSED] - AllNoOfUsers.add(getText().toLowerCase()): null

2020-03-13 15:37:19 - [TEST_STEP][PASSED] - AllNoOfUsers.add(getText().toLowerCase()): null

2020-03-13 15:37:19 - [TEST_STEP][PASSED] - AllNoOfUsers.add(getText().toLowerCase()): null

2020-03-13 15:37:19 - [TEST_STEP][PASSED] - AllNoOfUsers.add(getText().toLowerCase()): null

2020-03-13 15:37:19 - [TEST_STEP][PASSED] - AllNoOfUsers.add(getText().toLowerCase()): null

2020-03-13 15:37:19 - [TEST_STEP][PASSED] - AllNoOfUsers.add(getText().toLowerCase()): null

2020-03-13 15:37:19 - [TEST_STEP][PASSED] - AllNoOfUsers.add(getText().toLowerCase()): null

2020-03-13 15:37:19 - [TEST_STEP][PASSED] - AllNoOfUsers.add(getText().toLowerCase()): null

2020-03-13 15:37:19 - [TEST_STEP][PASSED] - click(findTestObject("ROLES/Roles_page/Pagination/front_navigation")): Object: 'Object Repository/ROLES/Roles_page/Pagination/front_navigation' is clicked on

2020-03-13 15:37:20 - [MESSAGE][PASSED] - Object: 'Object Repository/ROLES/Roles_page/Pagination/front_navigation' is clicked on

2020-03-13 15:37:20 - [TEST_STEP][PASSED] - NoOfUsers = findWebElements(findTestObject("ROLES/Roles_page/sorting/No.Users"), 2): null

2020-03-13 15:37:20 - [TEST_STEP][PASSED] - for (org.openqa.selenium.WebElement a : NoOfUsers): null

2020-03-13 15:37:20 - [TEST_STEP][PASSED] - AllNoOfUsers.add(getText().toLowerCase()): null

2020-03-13 15:37:20 - [TEST_STEP][PASSED] - AllNoOfUsers.add(getText().toLowerCase()): null

2020-03-13 15:37:20 - [TEST_STEP][PASSED] - AllNoOfUsers.add(getText().toLowerCase()): null

2020-03-13 15:37:20 - [TEST_STEP][PASSED] - AllNoOfUsers.add(getText().toLowerCase()): null

2020-03-13 15:37:20 - [TEST_STEP][PASSED] - AllNoOfUsers.add(getText().toLowerCase()): null

2020-03-13 15:37:21 - [TEST_STEP][PASSED] - AllNoOfUsers.add(getText().toLowerCase()): null

2020-03-13 15:37:21 - [TEST_STEP][PASSED] - AllNoOfUsers.add(getText().toLowerCase()): null

2020-03-13 15:37:21 - [TEST_STEP][PASSED] - AllNoOfUsers.add(getText().toLowerCase()): null

2020-03-13 15:37:21 - [TEST_STEP][PASSED] - AllNoOfUsers.add(getText().toLowerCase()): null

2020-03-13 15:37:21 - [TEST_STEP][PASSED] - AllNoOfUsers.add(getText().toLowerCase()): null

2020-03-13 15:37:21 - [TEST_STEP][PASSED] - click(findTestObject("ROLES/Roles_page/Pagination/front_navigation")): Object: 'Object Repository/ROLES/Roles_page/Pagination/front_navigation' is clicked on

2020-03-13 15:37:21 - [MESSAGE][PASSED] - Object: 'Object Repository/ROLES/Roles_page/Pagination/front_navigation' is clicked on

2020-03-13 15:37:21 - [TEST_STEP][PASSED] - NoOfUsers = findWebElements(findTestObject("ROLES/Roles_page/sorting/No.Users"), 2): null

2020-03-13 15:37:23 - [TEST_STEP][PASSED] - for (org.openqa.selenium.WebElement a : NoOfUsers): null

2020-03-13 15:37:23 - [TEST_STEP][PASSED] - AllNoOfUsers.add(getText().toLowerCase()): null

2020-03-13 15:37:23 - [TEST_STEP][PASSED] - AllNoOfUsers.add(getText().toLowerCase()): null

2020-03-13 15:37:23 - [TEST_STEP][PASSED] - AllNoOfUsers.add(getText().toLowerCase()): null

2020-03-13 15:37:23 - [TEST_STEP][PASSED] - AllNoOfUsers.add(getText().toLowerCase()): null

2020-03-13 15:37:23 - [TEST_STEP][PASSED] - AllNoOfUsers.add(getText().toLowerCase()): null

2020-03-13 15:37:23 - [TEST_STEP][PASSED] - AllNoOfUsers.add(getText().toLowerCase()): null

2020-03-13 15:37:23 - [TEST_STEP][PASSED] - AllNoOfUsers.add(getText().toLowerCase()): null

2020-03-13 15:37:23 - [TEST_STEP][PASSED] - AllNoOfUsers.add(getText().toLowerCase()): null

2020-03-13 15:37:23 - [TEST_STEP][PASSED] - AllNoOfUsers.add(getText().toLowerCase()): null

2020-03-13 15:37:23 - [TEST_STEP][PASSED] - AllNoOfUsers.add(getText().toLowerCase()): null

2020-03-13 15:37:23 - [TEST_STEP][PASSED] - click(findTestObject("ROLES/Roles_page/Pagination/front_navigation")): Object: 'Object Repository/ROLES/Roles_page/Pagination/front_navigation' is clicked on

2020-03-13 15:37:23 - [MESSAGE][PASSED] - Object: 'Object Repository/ROLES/Roles_page/Pagination/front_navigation' is clicked on

2020-03-13 15:37:23 - [TEST_STEP][PASSED] - NoOfUsers = findWebElements(findTestObject("ROLES/Roles_page/sorting/No.Users"), 2): null

2020-03-13 15:37:24 - [TEST_STEP][PASSED] - for (org.openqa.selenium.WebElement a : NoOfUsers): null

2020-03-13 15:37:24 - [TEST_STEP][PASSED] - AllNoOfUsers.add(getText().toLowerCase()): null

2020-03-13 15:37:24 - [TEST_STEP][PASSED] - AllNoOfUsers.add(getText().toLowerCase()): null

2020-03-13 15:37:24 - [TEST_STEP][PASSED] - AllNoOfUsers.add(getText().toLowerCase()): null

2020-03-13 15:37:24 - [TEST_STEP][PASSED] - AllNoOfUsers.add(getText().toLowerCase()): null

2020-03-13 15:37:24 - [TEST_STEP][PASSED] - AllNoOfUsers.add(getText().toLowerCase()): null

2020-03-13 15:37:24 - [TEST_STEP][PASSED] - AllNoOfUsers.add(getText().toLowerCase()): null

2020-03-13 15:37:24 - [TEST_STEP][PASSED] - AllNoOfUsers.add(getText().toLowerCase()): null

2020-03-13 15:37:24 - [TEST_STEP][PASSED] - AllNoOfUsers.add(getText().toLowerCase()): null

2020-03-13 15:37:24 - [TEST_STEP][PASSED] - AllNoOfUsers.add(getText().toLowerCase()): null

2020-03-13 15:37:25 - [TEST_STEP][PASSED] - AllNoOfUsers.add(getText().toLowerCase()): null

2020-03-13 15:37:25 - [TEST_STEP][PASSED] - click(findTestObject("ROLES/Roles_page/Pagination/front_navigation")): Object: 'Object Repository/ROLES/Roles_page/Pagination/front_navigation' is clicked on

2020-03-13 15:37:25 - [MESSAGE][PASSED] - Object: 'Object Repository/ROLES/Roles_page/Pagination/front_navigation' is clicked on

2020-03-13 15:37:25 - [TEST_STEP][PASSED] - NoOfUsers = findWebElements(findTestObject("ROLES/Roles_page/sorting/No.Users"), 2): null

2020-03-13 15:37:26 - [TEST_STEP][PASSED] - for (org.openqa.selenium.WebElement a : NoOfUsers): null

2020-03-13 15:37:26 - [TEST_STEP][PASSED] - AllNoOfUsers.add(getText().toLowerCase()): null

2020-03-13 15:37:26 - [TEST_STEP][PASSED] - AllNoOfUsers.add(getText().toLowerCase()): null

2020-03-13 15:37:26 - [TEST_STEP][PASSED] - AllNoOfUsers.add(getText().toLowerCase()): null

2020-03-13 15:37:26 - [TEST_STEP][PASSED] - AllNoOfUsers.add(getText().toLowerCase()): null

2020-03-13 15:37:26 - [TEST_STEP][PASSED] - AllNoOfUsers.add(getText().toLowerCase()): null

2020-03-13 15:37:26 - [TEST_STEP][PASSED] - AllNoOfUsers.add(getText().toLowerCase()): null

2020-03-13 15:37:27 - [TEST_STEP][PASSED] - AllNoOfUsers.add(getText().toLowerCase()): null

2020-03-13 15:37:27 - [TEST_STEP][PASSED] - AllNoOfUsers.add(getText().toLowerCase()): null

2020-03-13 15:37:27 - [TEST_STEP][PASSED] - AllNoOfUsers.add(getText().toLowerCase()): null

2020-03-13 15:37:27 - [TEST_STEP][PASSED] - AllNoOfUsers.add(getText().toLowerCase()): null

2020-03-13 15:37:27 - [TEST_STEP][PASSED] - click(findTestObject("ROLES/Roles_page/Pagination/front_navigation")): Object: 'Object Repository/ROLES/Roles_page/Pagination/front_navigation' is clicked on

2020-03-13 15:37:27 - [MESSAGE][PASSED] - Object: 'Object Repository/ROLES/Roles_page/Pagination/front_navigation' is clicked on

2020-03-13 15:37:27 - [TEST_STEP][PASSED] - NoOfUsers = findWebElements(findTestObject("ROLES/Roles_page/sorting/No.Users"), 2): null

2020-03-13 15:37:28 - [TEST_STEP][PASSED] - for (org.openqa.selenium.WebElement a : NoOfUsers): null

2020-03-13 15:37:28 - [TEST_STEP][PASSED] - AllNoOfUsers.add(getText().toLowerCase()): null

2020-03-13 15:37:28 - [TEST_STEP][PASSED] - AllNoOfUsers.add(getText().toLowerCase()): null

2020-03-13 15:37:28 - [TEST_STEP][PASSED] - AllNoOfUsers.add(getText().toLowerCase()): null

2020-03-13 15:37:28 - [TEST_STEP][PASSED] - AllNoOfUsers.add(getText().toLowerCase()): null

2020-03-13 15:37:28 - [TEST_STEP][PASSED] - AllNoOfUsers.add(getText().toLowerCase()): null

2020-03-13 15:37:28 - [TEST_STEP][PASSED] - AllNoOfUsers.add(getText().toLowerCase()): null

2020-03-13 15:37:28 - [TEST_STEP][PASSED] - AllNoOfUsers.add(getText().toLowerCase()): null

2020-03-13 15:37:28 - [TEST_STEP][PASSED] - AllNoOfUsers.add(getText().toLowerCase()): null

2020-03-13 15:37:28 - [TEST_STEP][PASSED] - AllNoOfUsers.add(getText().toLowerCase()): null

2020-03-13 15:37:28 - [TEST_STEP][PASSED] - AllNoOfUsers.add(getText().toLowerCase()): null

2020-03-13 15:37:28 - [TEST_STEP][PASSED] - click(findTestObject("ROLES/Roles_page/Pagination/front_navigation")): Object: 'Object Repository/ROLES/Roles_page/Pagination/front_navigation' is clicked on

2020-03-13 15:37:29 - [MESSAGE][PASSED] - Object: 'Object Repository/ROLES/Roles_page/Pagination/front_navigation' is clicked on

2020-03-13 15:37:29 - [TEST_STEP][PASSED] - NoOfUsers = findWebElements(findTestObject("ROLES/Roles_page/sorting/No.Users"), 2): null

2020-03-13 15:37:30 - [TEST_STEP][PASSED] - for (org.openqa.selenium.WebElement a : NoOfUsers): null

2020-03-13 15:37:30 - [TEST_STEP][PASSED] - AllNoOfUsers.add(getText().toLowerCase()): null

2020-03-13 15:37:30 - [TEST_STEP][PASSED] - AllNoOfUsers.add(getText().toLowerCase()): null

2020-03-13 15:37:30 - [TEST_STEP][PASSED] - AllNoOfUsers.add(getText().toLowerCase()): null

2020-03-13 15:37:30 - [TEST_STEP][PASSED] - AllNoOfUsers.add(getText().toLowerCase()): null

2020-03-13 15:37:30 - [TEST_STEP][PASSED] - AllNoOfUsers.add(getText().toLowerCase()): null

2020-03-13 15:37:30 - [TEST_STEP][PASSED] - AllNoOfUsers.add(getText().toLowerCase()): null

2020-03-13 15:37:30 - [TEST_STEP][PASSED] - AllNoOfUsers.add(getText().toLowerCase()): null

2020-03-13 15:37:30 - [TEST_STEP][PASSED] - click(findTestObject("ROLES/Roles_page/Pagination/front_navigation")): Object: 'Object Repository/ROLES/Roles_page/Pagination/front_navigation' is clicked on

2020-03-13 15:37:33 - [MESSAGE][PASSED] - Object: 'Object Repository/ROLES/Roles_page/Pagination/front_navigation' is clicked on

2020-03-13 15:37:33 - [TEST_STEP][PASSED] - NoOfUsers = findWebElements(findTestObject("ROLES/Roles_page/sorting/No.Users"), 2): null

2020-03-13 15:37:33 - [TEST_STEP][PASSED] - for (org.openqa.selenium.WebElement a : NoOfUsers): null

2020-03-13 15:37:33 - [TEST_STEP][PASSED] - AllNoOfUsers.add(getText().toLowerCase()): null

2020-03-13 15:37:33 - [TEST_STEP][PASSED] - AllNoOfUsers.add(getText().toLowerCase()): null

2020-03-13 15:37:33 - [TEST_STEP][PASSED] - AllNoOfUsers.add(getText().toLowerCase()): null

2020-03-13 15:37:33 - [TEST_STEP][PASSED] - AllNoOfUsers.add(getText().toLowerCase()): null

2020-03-13 15:37:33 - [TEST_STEP][PASSED] - AllNoOfUsers.add(getText().toLowerCase()): null

2020-03-13 15:37:33 - [TEST_STEP][PASSED] - AllNoOfUsers.add(getText().toLowerCase()): null

2020-03-13 15:37:33 - [TEST_STEP][PASSED] - AllNoOfUsers.add(getText().toLowerCase()): null

2020-03-13 15:37:33 - [TEST_STEP][PASSED] - click(findTestObject("ROLES/Roles_page/Pagination/front_navigation")): Object: 'Object Repository/ROLES/Roles_page/Pagination/front_navigation' is clicked on

2020-03-13 15:37:36 - [MESSAGE][PASSED] - Object: 'Object Repository/ROLES/Roles_page/Pagination/front_navigation' is clicked on

2020-03-13 15:37:36 - [TEST_STEP][PASSED] - if (j == 1): null

2020-03-13 15:37:36 - [TEST_STEP][FAILED] - if (j == 2): Unable to verify equal between actual object 'false' and expected object 'true' (Root cause: com.kms.katalon.core.exception.StepFailedException: Actual object 'false' and expected object 'true' are not equal
	at com.kms.katalon.core.keyword.builtin.VerifyEqualKeyword$_verifyEqual_closure1.doCall(VerifyEqualKeyword.groovy:58)
	at com.kms.katalon.core.keyword.builtin.VerifyEqualKeyword$_verifyEqual_closure1.call(VerifyEqualKeyword.groovy)
	at com.kms.katalon.core.keyword.internal.KeywordMain.runKeyword(KeywordMain.groovy:68)
	at com.kms.katalon.core.keyword.builtin.VerifyEqualKeyword.verifyEqual(VerifyEqualKeyword.groovy:63)
	at com.kms.katalon.core.keyword.builtin.VerifyEqualKeyword.execute(VerifyEqualKeyword.groovy:44)
	at com.kms.katalon.core.keyword.internal.KeywordExecutor.executeKeywordForPlatform(KeywordExecutor.groovy:72)
	at com.kms.katalon.core.keyword.BuiltinKeywords.verifyEqual(BuiltinKeywords.groovy:141)
	at RLG-009 Verify sorting by No of Users.run(RLG-009 Verify sorting by No of Users:91)
	at com.kms.katalon.core.main.ScriptEngine.run(ScriptEngine.java:194)
	at com.kms.katalon.core.main.ScriptEngine.runScriptAsRawText(ScriptEngine.java:119)
	at com.kms.katalon.core.main.TestCaseExecutor.runScript(TestCaseExecutor.java:337)
	at com.kms.katalon.core.main.TestCaseExecutor.doExecute(TestCaseExecutor.java:328)
	at com.kms.katalon.core.main.TestCaseExecutor.processExecutionPhase(TestCaseExecutor.java:307)
	at com.kms.katalon.core.main.TestCaseExecutor.accessMainPhase(TestCaseExecutor.java:299)
	at com.kms.katalon.core.main.TestCaseExecutor.execute(TestCaseExecutor.java:233)
	at com.kms.katalon.core.main.TestSuiteExecutor.accessTestCaseMainPhase(TestSuiteExecutor.java:169)
	at com.kms.katalon.core.main.TestSuiteExecutor.accessTestSuiteMainPhase(TestSuiteExecutor.java:142)
	at com.kms.katalon.core.main.TestSuiteExecutor.execute(TestSuiteExecutor.java:91)
	at com.kms.katalon.core.main.TestCaseMain.startTestSuite(TestCaseMain.java:157)
	at com.kms.katalon.core.main.TestCaseMain$startTestSuite$0.call(Unknown Source)
	at TempTestSuite1584093757634.run(TempTestSuite1584093757634.groovy:36)
)

2020-03-13 15:37:36 - [TEST_STEP][PASSED] - isSorted = web.CustomKeyword.checkListAscendingOrder(AllNoOfUsers): web.CustomKeyword.checkListAscendingOrder is PASSED

2020-03-13 15:37:36 - [MESSAGE][PASSED] - web.CustomKeyword.checkListAscendingOrder is PASSED

2020-03-13 15:37:36 - [TEST_STEP][PASSED] - println(AllNoOfUsers.size()): null

2020-03-13 15:37:36 - [TEST_STEP][PASSED] - println(AllNoOfUsers): null

2020-03-13 15:37:36 - [TEST_STEP][FAILED] - verifyEqual(isSorted, true): Unable to verify equal between actual object 'false' and expected object 'true' (Root cause: com.kms.katalon.core.exception.StepFailedException: Actual object 'false' and expected object 'true' are not equal
	at com.kms.katalon.core.keyword.builtin.VerifyEqualKeyword$_verifyEqual_closure1.doCall(VerifyEqualKeyword.groovy:58)
	at com.kms.katalon.core.keyword.builtin.VerifyEqualKeyword$_verifyEqual_closure1.call(VerifyEqualKeyword.groovy)
	at com.kms.katalon.core.keyword.internal.KeywordMain.runKeyword(KeywordMain.groovy:68)
	at com.kms.katalon.core.keyword.builtin.VerifyEqualKeyword.verifyEqual(VerifyEqualKeyword.groovy:63)
	at com.kms.katalon.core.keyword.builtin.VerifyEqualKeyword.execute(VerifyEqualKeyword.groovy:44)
	at com.kms.katalon.core.keyword.internal.KeywordExecutor.executeKeywordForPlatform(KeywordExecutor.groovy:72)
	at com.kms.katalon.core.keyword.BuiltinKeywords.verifyEqual(BuiltinKeywords.groovy:141)
	at RLG-009 Verify sorting by No of Users.run(RLG-009 Verify sorting by No of Users:91)
	at com.kms.katalon.core.main.ScriptEngine.run(ScriptEngine.java:194)
	at com.kms.katalon.core.main.ScriptEngine.runScriptAsRawText(ScriptEngine.java:119)
	at com.kms.katalon.core.main.TestCaseExecutor.runScript(TestCaseExecutor.java:337)
	at com.kms.katalon.core.main.TestCaseExecutor.doExecute(TestCaseExecutor.java:328)
	at com.kms.katalon.core.main.TestCaseExecutor.processExecutionPhase(TestCaseExecutor.java:307)
	at com.kms.katalon.core.main.TestCaseExecutor.accessMainPhase(TestCaseExecutor.java:299)
	at com.kms.katalon.core.main.TestCaseExecutor.execute(TestCaseExecutor.java:233)
	at com.kms.katalon.core.main.TestSuiteExecutor.accessTestCaseMainPhase(TestSuiteExecutor.java:169)
	at com.kms.katalon.core.main.TestSuiteExecutor.accessTestSuiteMainPhase(TestSuiteExecutor.java:142)
	at com.kms.katalon.core.main.TestSuiteExecutor.execute(TestSuiteExecutor.java:91)
	at com.kms.katalon.core.main.TestCaseMain.startTestSuite(TestCaseMain.java:157)
	at com.kms.katalon.core.main.TestCaseMain$startTestSuite$0.call(Unknown Source)
	at TempTestSuite1584093757634.run(TempTestSuite1584093757634.groovy:36)
)

2020-03-13 15:37:36 - [MESSAGE][FAILED] - Unable to verify equal between actual object 'false' and expected object 'true' (Root cause: com.kms.katalon.core.exception.StepFailedException: Actual object 'false' and expected object 'true' are not equal
	at com.kms.katalon.core.keyword.builtin.VerifyEqualKeyword$_verifyEqual_closure1.doCall(VerifyEqualKeyword.groovy:58)
	at com.kms.katalon.core.keyword.builtin.VerifyEqualKeyword$_verifyEqual_closure1.call(VerifyEqualKeyword.groovy)
	at com.kms.katalon.core.keyword.internal.KeywordMain.runKeyword(KeywordMain.groovy:68)
	at com.kms.katalon.core.keyword.builtin.VerifyEqualKeyword.verifyEqual(VerifyEqualKeyword.groovy:63)
	at com.kms.katalon.core.keyword.builtin.VerifyEqualKeyword.execute(VerifyEqualKeyword.groovy:44)
	at com.kms.katalon.core.keyword.internal.KeywordExecutor.executeKeywordForPlatform(KeywordExecutor.groovy:72)
	at com.kms.katalon.core.keyword.BuiltinKeywords.verifyEqual(BuiltinKeywords.groovy:141)
	at RLG-009 Verify sorting by No of Users.run(RLG-009 Verify sorting by No of Users:91)
	at com.kms.katalon.core.main.ScriptEngine.run(ScriptEngine.java:194)
	at com.kms.katalon.core.main.ScriptEngine.runScriptAsRawText(ScriptEngine.java:119)
	at com.kms.katalon.core.main.TestCaseExecutor.runScript(TestCaseExecutor.java:337)
	at com.kms.katalon.core.main.TestCaseExecutor.doExecute(TestCaseExecutor.java:328)
	at com.kms.katalon.core.main.TestCaseExecutor.processExecutionPhase(TestCaseExecutor.java:307)
	at com.kms.katalon.core.main.TestCaseExecutor.accessMainPhase(TestCaseExecutor.java:299)
	at com.kms.katalon.core.main.TestCaseExecutor.execute(TestCaseExecutor.java:233)
	at com.kms.katalon.core.main.TestSuiteExecutor.accessTestCaseMainPhase(TestSuiteExecutor.java:169)
	at com.kms.katalon.core.main.TestSuiteExecutor.accessTestSuiteMainPhase(TestSuiteExecutor.java:142)
	at com.kms.katalon.core.main.TestSuiteExecutor.execute(TestSuiteExecutor.java:91)
	at com.kms.katalon.core.main.TestCaseMain.startTestSuite(TestCaseMain.java:157)
	at com.kms.katalon.core.main.TestCaseMain$startTestSuite$0.call(Unknown Source)
	at TempTestSuite1584093757634.run(TempTestSuite1584093757634.groovy:36)
)

2020-03-13 15:37:36 - [TEST_STEP][PASSED] - clearText(findTestObject("Object Repository/ROLES/Roles_page/Pagination/input_Page_form-control")): Text of object 'Object Repository/ROLES/Roles_page/Pagination/input_Page_form-control' is cleared

2020-03-13 15:37:36 - [MESSAGE][PASSED] - Text of object 'Object Repository/ROLES/Roles_page/Pagination/input_Page_form-control' is cleared

2020-03-13 15:37:36 - [TEST_STEP][PASSED] - setText(findTestObject("Object Repository/ROLES/Roles_page/Pagination/input_Page_form-control"), BACK_SPACE + BACK_SPACE + "1" + ENTER): Text 'BACK_SPACE + BACK_SPACE + ENTER + 1' is set on object 'Object Repository/ROLES/Roles_page/Pagination/input_Page_form-control'

2020-03-13 15:37:37 - [MESSAGE][PASSED] - Text 'BACK_SPACE + BACK_SPACE + ENTER + 1' is set on object 'Object Repository/ROLES/Roles_page/Pagination/input_Page_form-control'

2020-03-13 15:37:37 - [TEST_STEP][PASSED] - Start listener action : sampleAfterTestCase: Taking screenshot successfully

2020-03-13 15:37:37 - [TEST_STEP][PASSED] - println(testCaseContext.getTestCaseId()): null

2020-03-13 15:37:37 - [TEST_STEP][PASSED] - println(testCaseContext.getTestCaseStatus()): null

2020-03-13 15:37:37 - [TEST_STEP][PASSED] - println("On Failure Method is Calling : " + testCaseContext.getTestCaseStatus()): null

2020-03-13 15:37:37 - [TEST_STEP][PASSED] - if (!(getTestCaseStatus().equalsIgnoreCase("PASSED"))): Taking screenshot successfully

2020-03-13 15:37:39 - [MESSAGE][PASSED] - Taking screenshot successfully
[[ATTACHMENT|D:\\TestDataForSampleProject\\test1.jpg]]

2020-03-13 15:37:41 - [TEST_STEP][PASSED] - Video: Video recording for test case 'Test Cases/Atlas Platform/Configuration Management/Platform Management/ROLES/Role Listing Grid/RLG-009 Verify sorting by No of Users' .

2020-03-13 15:37:41 - [MESSAGE][INFO] - Video recording for test case 'Test Cases/Atlas Platform/Configuration Management/Platform Management/ROLES/Role Listing Grid/RLG-009 Verify sorting by No of Users' .
[[ATTACHMENT|C:\\Users\\Dell\\git\\AtlasPlatform_QA\\Reports\\20200313_153232\\ROLES\\Roles (sanity)\\20200313_153232/videos\\test_8.avi]]]]></system-out>
         <system-err><![CDATA[2020-03-13 15:36:25 - [TEST_CASE][FAILED] - Test Cases/Atlas Platform/Configuration Management/Platform Management/ROLES/Role Listing Grid/RLG-009 Verify sorting by No of Users: Test Cases/Atlas Platform/Configuration Management/Platform Management/ROLES/Role Listing Grid/RLG-009 Verify sorting by No of Users FAILED.
Reason:
com.kms.katalon.core.exception.StepFailedException: Unable to verify equal between actual object 'false' and expected object 'true' (Root cause: com.kms.katalon.core.exception.StepFailedException: Actual object 'false' and expected object 'true' are not equal
	at com.kms.katalon.core.keyword.builtin.VerifyEqualKeyword$_verifyEqual_closure1.doCall(VerifyEqualKeyword.groovy:58)
	at com.kms.katalon.core.keyword.builtin.VerifyEqualKeyword$_verifyEqual_closure1.call(VerifyEqualKeyword.groovy)
	at com.kms.katalon.core.keyword.internal.KeywordMain.runKeyword(KeywordMain.groovy:68)
	at com.kms.katalon.core.keyword.builtin.VerifyEqualKeyword.verifyEqual(VerifyEqualKeyword.groovy:63)
	at com.kms.katalon.core.keyword.builtin.VerifyEqualKeyword.execute(VerifyEqualKeyword.groovy:44)
	at com.kms.katalon.core.keyword.internal.KeywordExecutor.executeKeywordForPlatform(KeywordExecutor.groovy:72)
	at com.kms.katalon.core.keyword.BuiltinKeywords.verifyEqual(BuiltinKeywords.groovy:141)
	at RLG-009 Verify sorting by No of Users.run(RLG-009 Verify sorting by No of Users:91)
	at com.kms.katalon.core.main.ScriptEngine.run(ScriptEngine.java:194)
	at com.kms.katalon.core.main.ScriptEngine.runScriptAsRawText(ScriptEngine.java:119)
	at com.kms.katalon.core.main.TestCaseExecutor.runScript(TestCaseExecutor.java:337)
	at com.kms.katalon.core.main.TestCaseExecutor.doExecute(TestCaseExecutor.java:328)
	at com.kms.katalon.core.main.TestCaseExecutor.processExecutionPhase(TestCaseExecutor.java:307)
	at com.kms.katalon.core.main.TestCaseExecutor.accessMainPhase(TestCaseExecutor.java:299)
	at com.kms.katalon.core.main.TestCaseExecutor.execute(TestCaseExecutor.java:233)
	at com.kms.katalon.core.main.TestSuiteExecutor.accessTestCaseMainPhase(TestSuiteExecutor.java:169)
	at com.kms.katalon.core.main.TestSuiteExecutor.accessTestSuiteMainPhase(TestSuiteExecutor.java:142)
	at com.kms.katalon.core.main.TestSuiteExecutor.execute(TestSuiteExecutor.java:91)
	at com.kms.katalon.core.main.TestCaseMain.startTestSuite(TestCaseMain.java:157)
	at com.kms.katalon.core.main.TestCaseMain$startTestSuite$0.call(Unknown Source)
	at TempTestSuite1584093757634.run(TempTestSuite1584093757634.groovy:36)
)
	at com.kms.katalon.core.keyword.internal.KeywordMain.stepFailed(KeywordMain.groovy:39)
	at com.kms.katalon.core.keyword.internal.KeywordMain.stepFailed(KeywordMain.groovy)
	at com.kms.katalon.core.keyword.internal.KeywordMain.runKeyword(KeywordMain.groovy:70)
	at com.kms.katalon.core.keyword.builtin.VerifyEqualKeyword.verifyEqual(VerifyEqualKeyword.groovy:63)
	at com.kms.katalon.core.keyword.builtin.VerifyEqualKeyword.execute(VerifyEqualKeyword.groovy:44)
	at com.kms.katalon.core.keyword.internal.KeywordExecutor.executeKeywordForPlatform(KeywordExecutor.groovy:72)
	at com.kms.katalon.core.keyword.BuiltinKeywords.verifyEqual(BuiltinKeywords.groovy:141)
	at RLG-009 Verify sorting by No of Users.run(RLG-009 Verify sorting by No of Users:91)
	at com.kms.katalon.core.main.ScriptEngine.run(ScriptEngine.java:194)
	at com.kms.katalon.core.main.ScriptEngine.runScriptAsRawText(ScriptEngine.java:119)
	at com.kms.katalon.core.main.TestCaseExecutor.runScript(TestCaseExecutor.java:337)
	at com.kms.katalon.core.main.TestCaseExecutor.doExecute(TestCaseExecutor.java:328)
	at com.kms.katalon.core.main.TestCaseExecutor.processExecutionPhase(TestCaseExecutor.java:307)
	at com.kms.katalon.core.main.TestCaseExecutor.accessMainPhase(TestCaseExecutor.java:299)
	at com.kms.katalon.core.main.TestCaseExecutor.execute(TestCaseExecutor.java:233)
	at com.kms.katalon.core.main.TestSuiteExecutor.accessTestCaseMainPhase(TestSuiteExecutor.java:169)
	at com.kms.katalon.core.main.TestSuiteExecutor.accessTestSuiteMainPhase(TestSuiteExecutor.java:142)
	at com.kms.katalon.core.main.TestSuiteExecutor.execute(TestSuiteExecutor.java:91)
	at com.kms.katalon.core.main.TestCaseMain.startTestSuite(TestCaseMain.java:157)
	at com.kms.katalon.core.main.TestCaseMain$startTestSuite$0.call(Unknown Source)
	at TempTestSuite1584093757634.run(TempTestSuite1584093757634.groovy:36)
Caused by: com.kms.katalon.core.exception.StepFailedException: Actual object 'false' and expected object 'true' are not equal
	at com.kms.katalon.core.keyword.builtin.VerifyEqualKeyword$_verifyEqual_closure1.doCall(VerifyEqualKeyword.groovy:58)
	at com.kms.katalon.core.keyword.builtin.VerifyEqualKeyword$_verifyEqual_closure1.call(VerifyEqualKeyword.groovy)
	at com.kms.katalon.core.keyword.internal.KeywordMain.runKeyword(KeywordMain.groovy:68)
	... 18 more]]></system-err>
      </testcase>
      <testcase name="Test Cases/Atlas Platform/Configuration Management/Platform Management/ROLES/Role Listing Grid/RLG-010 Verify sorting by RoleName" time="153.565" classname="Test Cases/Atlas Platform/Configuration Management/Platform Management/ROLES/Role Listing Grid/RLG-010 Verify sorting by RoleName" status="FAILED">
         <failure type="FAILED" message="Test Cases/Atlas Platform/Configuration Management/Platform Management/ROLES/Role Listing Grid/RLG-010 Verify sorting by RoleName FAILED.
Reason:
com.kms.katalon.core.exception.StepFailedException: Unable to verify equal between actual object 'false' and expected object 'true' (Root cause: com.kms.katalon.core.exception.StepFailedException: Actual object 'false' and expected object 'true' are not equal
	at com.kms.katalon.core.keyword.builtin.VerifyEqualKeyword$_verifyEqual_closure1.doCall(VerifyEqualKeyword.groovy:58)
	at com.kms.katalon.core.keyword.builtin.VerifyEqualKeyword$_verifyEqual_closure1.call(VerifyEqualKeyword.groovy)
	at com.kms.katalon.core.keyword.internal.KeywordMain.runKeyword(KeywordMain.groovy:68)
	at com.kms.katalon.core.keyword.builtin.VerifyEqualKeyword.verifyEqual(VerifyEqualKeyword.groovy:63)
	at com.kms.katalon.core.keyword.builtin.VerifyEqualKeyword.execute(VerifyEqualKeyword.groovy:44)
	at com.kms.katalon.core.keyword.internal.KeywordExecutor.executeKeywordForPlatform(KeywordExecutor.groovy:72)
	at com.kms.katalon.core.keyword.BuiltinKeywords.verifyEqual(BuiltinKeywords.groovy:141)
	at RLG-010 Verify sorting by RoleName.run(RLG-010 Verify sorting by RoleName:95)
	at com.kms.katalon.core.main.ScriptEngine.run(ScriptEngine.java:194)
	at com.kms.katalon.core.main.ScriptEngine.runScriptAsRawText(ScriptEngine.java:119)
	at com.kms.katalon.core.main.TestCaseExecutor.runScript(TestCaseExecutor.java:337)
	at com.kms.katalon.core.main.TestCaseExecutor.doExecute(TestCaseExecutor.java:328)
	at com.kms.katalon.core.main.TestCaseExecutor.processExecutionPhase(TestCaseExecutor.java:307)
	at com.kms.katalon.core.main.TestCaseExecutor.accessMainPhase(TestCaseExecutor.java:299)
	at com.kms.katalon.core.main.TestCaseExecutor.execute(TestCaseExecutor.java:233)
	at com.kms.katalon.core.main.TestSuiteExecutor.accessTestCaseMainPhase(TestSuiteExecutor.java:169)
	at com.kms.katalon.core.main.TestSuiteExecutor.accessTestSuiteMainPhase(TestSuiteExecutor.java:142)
	at com.kms.katalon.core.main.TestSuiteExecutor.execute(TestSuiteExecutor.java:91)
	at com.kms.katalon.core.main.TestCaseMain.startTestSuite(TestCaseMain.java:157)
	at com.kms.katalon.core.main.TestCaseMain$startTestSuite$0.call(Unknown Source)
	at TempTestSuite1584093757634.run(TempTestSuite1584093757634.groovy:36)
)
	at com.kms.katalon.core.keyword.internal.KeywordMain.stepFailed(KeywordMain.groovy:39)
	at com.kms.katalon.core.keyword.internal.KeywordMain.stepFailed(KeywordMain.groovy)
	at com.kms.katalon.core.keyword.internal.KeywordMain.runKeyword(KeywordMain.groovy:70)
	at com.kms.katalon.core.keyword.builtin.VerifyEqualKeyword.verifyEqual(VerifyEqualKeyword.groovy:63)
	at com.kms.katalon.core.keyword.builtin.VerifyEqualKeyword.execute(VerifyEqualKeyword.groovy:44)
	at com.kms.katalon.core.keyword.internal.KeywordExecutor.executeKeywordForPlatform(KeywordExecutor.groovy:72)
	at com.kms.katalon.core.keyword.BuiltinKeywords.verifyEqual(BuiltinKeywords.groovy:141)
	at RLG-010 Verify sorting by RoleName.run(RLG-010 Verify sorting by RoleName:95)
	at com.kms.katalon.core.main.ScriptEngine.run(ScriptEngine.java:194)
	at com.kms.katalon.core.main.ScriptEngine.runScriptAsRawText(ScriptEngine.java:119)
	at com.kms.katalon.core.main.TestCaseExecutor.runScript(TestCaseExecutor.java:337)
	at com.kms.katalon.core.main.TestCaseExecutor.doExecute(TestCaseExecutor.java:328)
	at com.kms.katalon.core.main.TestCaseExecutor.processExecutionPhase(TestCaseExecutor.java:307)
	at com.kms.katalon.core.main.TestCaseExecutor.accessMainPhase(TestCaseExecutor.java:299)
	at com.kms.katalon.core.main.TestCaseExecutor.execute(TestCaseExecutor.java:233)
	at com.kms.katalon.core.main.TestSuiteExecutor.accessTestCaseMainPhase(TestSuiteExecutor.java:169)
	at com.kms.katalon.core.main.TestSuiteExecutor.accessTestSuiteMainPhase(TestSuiteExecutor.java:142)
	at com.kms.katalon.core.main.TestSuiteExecutor.execute(TestSuiteExecutor.java:91)
	at com.kms.katalon.core.main.TestCaseMain.startTestSuite(TestCaseMain.java:157)
	at com.kms.katalon.core.main.TestCaseMain$startTestSuite$0.call(Unknown Source)
	at TempTestSuite1584093757634.run(TempTestSuite1584093757634.groovy:36)
Caused by: com.kms.katalon.core.exception.StepFailedException: Actual object 'false' and expected object 'true' are not equal
	at com.kms.katalon.core.keyword.builtin.VerifyEqualKeyword$_verifyEqual_closure1.doCall(VerifyEqualKeyword.groovy:58)
	at com.kms.katalon.core.keyword.builtin.VerifyEqualKeyword$_verifyEqual_closure1.call(VerifyEqualKeyword.groovy)
	at com.kms.katalon.core.keyword.internal.KeywordMain.runKeyword(KeywordMain.groovy:68)
	... 18 more
"/>
         <system-out><![CDATA[2020-03-13 15:37:41 - [TEST_CASE][FAILED] - Test Cases/Atlas Platform/Configuration Management/Platform Management/ROLES/Role Listing Grid/RLG-010 Verify sorting by RoleName: Test Cases/Atlas Platform/Configuration Management/Platform Management/ROLES/Role Listing Grid/RLG-010 Verify sorting by RoleName FAILED.
Reason:
com.kms.katalon.core.exception.StepFailedException: Unable to verify equal between actual object 'false' and expected object 'true' (Root cause: com.kms.katalon.core.exception.StepFailedException: Actual object 'false' and expected object 'true' are not equal
	at com.kms.katalon.core.keyword.builtin.VerifyEqualKeyword$_verifyEqual_closure1.doCall(VerifyEqualKeyword.groovy:58)
	at com.kms.katalon.core.keyword.builtin.VerifyEqualKeyword$_verifyEqual_closure1.call(VerifyEqualKeyword.groovy)
	at com.kms.katalon.core.keyword.internal.KeywordMain.runKeyword(KeywordMain.groovy:68)
	at com.kms.katalon.core.keyword.builtin.VerifyEqualKeyword.verifyEqual(VerifyEqualKeyword.groovy:63)
	at com.kms.katalon.core.keyword.builtin.VerifyEqualKeyword.execute(VerifyEqualKeyword.groovy:44)
	at com.kms.katalon.core.keyword.internal.KeywordExecutor.executeKeywordForPlatform(KeywordExecutor.groovy:72)
	at com.kms.katalon.core.keyword.BuiltinKeywords.verifyEqual(BuiltinKeywords.groovy:141)
	at RLG-010 Verify sorting by RoleName.run(RLG-010 Verify sorting by RoleName:95)
	at com.kms.katalon.core.main.ScriptEngine.run(ScriptEngine.java:194)
	at com.kms.katalon.core.main.ScriptEngine.runScriptAsRawText(ScriptEngine.java:119)
	at com.kms.katalon.core.main.TestCaseExecutor.runScript(TestCaseExecutor.java:337)
	at com.kms.katalon.core.main.TestCaseExecutor.doExecute(TestCaseExecutor.java:328)
	at com.kms.katalon.core.main.TestCaseExecutor.processExecutionPhase(TestCaseExecutor.java:307)
	at com.kms.katalon.core.main.TestCaseExecutor.accessMainPhase(TestCaseExecutor.java:299)
	at com.kms.katalon.core.main.TestCaseExecutor.execute(TestCaseExecutor.java:233)
	at com.kms.katalon.core.main.TestSuiteExecutor.accessTestCaseMainPhase(TestSuiteExecutor.java:169)
	at com.kms.katalon.core.main.TestSuiteExecutor.accessTestSuiteMainPhase(TestSuiteExecutor.java:142)
	at com.kms.katalon.core.main.TestSuiteExecutor.execute(TestSuiteExecutor.java:91)
	at com.kms.katalon.core.main.TestCaseMain.startTestSuite(TestCaseMain.java:157)
	at com.kms.katalon.core.main.TestCaseMain$startTestSuite$0.call(Unknown Source)
	at TempTestSuite1584093757634.run(TempTestSuite1584093757634.groovy:36)
)
	at com.kms.katalon.core.keyword.internal.KeywordMain.stepFailed(KeywordMain.groovy:39)
	at com.kms.katalon.core.keyword.internal.KeywordMain.stepFailed(KeywordMain.groovy)
	at com.kms.katalon.core.keyword.internal.KeywordMain.runKeyword(KeywordMain.groovy:70)
	at com.kms.katalon.core.keyword.builtin.VerifyEqualKeyword.verifyEqual(VerifyEqualKeyword.groovy:63)
	at com.kms.katalon.core.keyword.builtin.VerifyEqualKeyword.execute(VerifyEqualKeyword.groovy:44)
	at com.kms.katalon.core.keyword.internal.KeywordExecutor.executeKeywordForPlatform(KeywordExecutor.groovy:72)
	at com.kms.katalon.core.keyword.BuiltinKeywords.verifyEqual(BuiltinKeywords.groovy:141)
	at RLG-010 Verify sorting by RoleName.run(RLG-010 Verify sorting by RoleName:95)
	at com.kms.katalon.core.main.ScriptEngine.run(ScriptEngine.java:194)
	at com.kms.katalon.core.main.ScriptEngine.runScriptAsRawText(ScriptEngine.java:119)
	at com.kms.katalon.core.main.TestCaseExecutor.runScript(TestCaseExecutor.java:337)
	at com.kms.katalon.core.main.TestCaseExecutor.doExecute(TestCaseExecutor.java:328)
	at com.kms.katalon.core.main.TestCaseExecutor.processExecutionPhase(TestCaseExecutor.java:307)
	at com.kms.katalon.core.main.TestCaseExecutor.accessMainPhase(TestCaseExecutor.java:299)
	at com.kms.katalon.core.main.TestCaseExecutor.execute(TestCaseExecutor.java:233)
	at com.kms.katalon.core.main.TestSuiteExecutor.accessTestCaseMainPhase(TestSuiteExecutor.java:169)
	at com.kms.katalon.core.main.TestSuiteExecutor.accessTestSuiteMainPhase(TestSuiteExecutor.java:142)
	at com.kms.katalon.core.main.TestSuiteExecutor.execute(TestSuiteExecutor.java:91)
	at com.kms.katalon.core.main.TestCaseMain.startTestSuite(TestCaseMain.java:157)
	at com.kms.katalon.core.main.TestCaseMain$startTestSuite$0.call(Unknown Source)
	at TempTestSuite1584093757634.run(TempTestSuite1584093757634.groovy:36)
Caused by: com.kms.katalon.core.exception.StepFailedException: Actual object 'false' and expected object 'true' are not equal
	at com.kms.katalon.core.keyword.builtin.VerifyEqualKeyword$_verifyEqual_closure1.doCall(VerifyEqualKeyword.groovy:58)
	at com.kms.katalon.core.keyword.builtin.VerifyEqualKeyword$_verifyEqual_closure1.call(VerifyEqualKeyword.groovy)
	at com.kms.katalon.core.keyword.internal.KeywordMain.runKeyword(KeywordMain.groovy:68)
	... 18 more


2020-03-13 15:37:42 - [TEST_STEP][NOT_RUN] - callTestCase(findTestCase("Atlas Platform/Platform Navigation/Login/Default Logins/Default_Login_as_Root Admin"), ["Email":findTestData("AMP_Y").getValue(1, 1), "Password":findTestData("AMP_Y").getValue(2, 1), "dashboard_exp_title":""], CONTINUE_ON_FAILURE): NOT_RUN: callTestCase(findTestCase("Atlas Platform/Platform Navigation/Login/Default Logins/Default_Login_as_Root Admin"), ["Email":findTestData("AMP_Y").getValue(1, 1), "Password":findTestData("AMP_Y").getValue(2, 1), "dashboard_exp_title":""], CONTINUE_ON_FAILURE)

2020-03-13 15:37:42 - [MESSAGE][NOT_RUN] - NOT_RUN: callTestCase(findTestCase("Atlas Platform/Platform Navigation/Login/Default Logins/Default_Login_as_Root Admin"), ["Email":findTestData("AMP_Y").getValue(1, 1), "Password":findTestData("AMP_Y").getValue(2, 1), "dashboard_exp_title":""], CONTINUE_ON_FAILURE)

2020-03-13 15:37:42 - [TEST_STEP][PASSED] - driver = getWebDriver(): null

2020-03-13 15:37:42 - [TEST_STEP][NOT_RUN] - click(findTestObject("ROLES/Role_Navigation/a_ADMIN")): NOT_RUN: click(findTestObject("ROLES/Role_Navigation/a_ADMIN"))

2020-03-13 15:37:42 - [MESSAGE][NOT_RUN] - NOT_RUN: click(findTestObject("ROLES/Role_Navigation/a_ADMIN"))

2020-03-13 15:37:42 - [TEST_STEP][PASSED] - noOfPages_text = getText(findTestObject("ROLES/Roles_page/Pagination/label_of 10")): Text of object 'Object Repository/ROLES/Roles_page/Pagination/label_of 10' is: 'of 18'

2020-03-13 15:37:42 - [MESSAGE][PASSED] - Text of object 'Object Repository/ROLES/Roles_page/Pagination/label_of 10' is: 'of 18'

2020-03-13 15:37:42 - [TEST_STEP][PASSED] - noOfPages = Integer.parseInt(noOfPages_text.substring(3)): null

2020-03-13 15:37:42 - [TEST_STEP][PASSED] - println(noOfPages): null

2020-03-13 15:37:42 - [TEST_STEP][FAILED] - for ([j = 1, j < 3, (j++)]): Unable to verify equal between actual object 'false' and expected object 'true' (Root cause: com.kms.katalon.core.exception.StepFailedException: Actual object 'false' and expected object 'true' are not equal
	at com.kms.katalon.core.keyword.builtin.VerifyEqualKeyword$_verifyEqual_closure1.doCall(VerifyEqualKeyword.groovy:58)
	at com.kms.katalon.core.keyword.builtin.VerifyEqualKeyword$_verifyEqual_closure1.call(VerifyEqualKeyword.groovy)
	at com.kms.katalon.core.keyword.internal.KeywordMain.runKeyword(KeywordMain.groovy:68)
	at com.kms.katalon.core.keyword.builtin.VerifyEqualKeyword.verifyEqual(VerifyEqualKeyword.groovy:63)
	at com.kms.katalon.core.keyword.builtin.VerifyEqualKeyword.execute(VerifyEqualKeyword.groovy:44)
	at com.kms.katalon.core.keyword.internal.KeywordExecutor.executeKeywordForPlatform(KeywordExecutor.groovy:72)
	at com.kms.katalon.core.keyword.BuiltinKeywords.verifyEqual(BuiltinKeywords.groovy:141)
	at RLG-010 Verify sorting by RoleName.run(RLG-010 Verify sorting by RoleName:95)
	at com.kms.katalon.core.main.ScriptEngine.run(ScriptEngine.java:194)
	at com.kms.katalon.core.main.ScriptEngine.runScriptAsRawText(ScriptEngine.java:119)
	at com.kms.katalon.core.main.TestCaseExecutor.runScript(TestCaseExecutor.java:337)
	at com.kms.katalon.core.main.TestCaseExecutor.doExecute(TestCaseExecutor.java:328)
	at com.kms.katalon.core.main.TestCaseExecutor.processExecutionPhase(TestCaseExecutor.java:307)
	at com.kms.katalon.core.main.TestCaseExecutor.accessMainPhase(TestCaseExecutor.java:299)
	at com.kms.katalon.core.main.TestCaseExecutor.execute(TestCaseExecutor.java:233)
	at com.kms.katalon.core.main.TestSuiteExecutor.accessTestCaseMainPhase(TestSuiteExecutor.java:169)
	at com.kms.katalon.core.main.TestSuiteExecutor.accessTestSuiteMainPhase(TestSuiteExecutor.java:142)
	at com.kms.katalon.core.main.TestSuiteExecutor.execute(TestSuiteExecutor.java:91)
	at com.kms.katalon.core.main.TestCaseMain.startTestSuite(TestCaseMain.java:157)
	at com.kms.katalon.core.main.TestCaseMain$startTestSuite$0.call(Unknown Source)
	at TempTestSuite1584093757634.run(TempTestSuite1584093757634.groovy:36)
)

2020-03-13 15:37:42 - [TEST_STEP][PASSED] - click(findTestObject("ROLES/Roles_page/sorting/RoleName_header")): Object: 'Object Repository/ROLES/Roles_page/sorting/RoleName_header' is clicked on

2020-03-13 15:37:43 - [MESSAGE][PASSED] - Object: 'Object Repository/ROLES/Roles_page/sorting/RoleName_header' is clicked on

2020-03-13 15:37:43 - [TEST_STEP][PASSED] - RoleNames = <not implemented yet for class: org.codehaus.groovy.ast.expr.EmptyExpression>: null

2020-03-13 15:37:43 - [TEST_STEP][PASSED] - AllRoleNames = new java.util.ArrayList(): null

2020-03-13 15:37:43 - [TEST_STEP][PASSED] - for ([i = 1, i <= noOfPages, (i++)]): Object: 'Object Repository/ROLES/Roles_page/Pagination/front_navigation' is clicked on

2020-03-13 15:37:43 - [TEST_STEP][PASSED] - RoleNames = findWebElements(findTestObject("ROLES/Roles_page/Role Names"), 2): null

2020-03-13 15:37:43 - [TEST_STEP][PASSED] - for (org.openqa.selenium.WebElement a : RoleNames): null

2020-03-13 15:37:43 - [TEST_STEP][PASSED] - AllRoleNames.add(getText().toLowerCase()): null

2020-03-13 15:37:43 - [TEST_STEP][PASSED] - println(a.getText()): null

2020-03-13 15:37:43 - [TEST_STEP][PASSED] - AllRoleNames.add(getText().toLowerCase()): null

2020-03-13 15:37:44 - [TEST_STEP][PASSED] - println(a.getText()): null

2020-03-13 15:37:44 - [TEST_STEP][PASSED] - AllRoleNames.add(getText().toLowerCase()): null

2020-03-13 15:37:44 - [TEST_STEP][PASSED] - println(a.getText()): null

2020-03-13 15:37:44 - [TEST_STEP][PASSED] - AllRoleNames.add(getText().toLowerCase()): null

2020-03-13 15:37:44 - [TEST_STEP][PASSED] - println(a.getText()): null

2020-03-13 15:37:44 - [TEST_STEP][PASSED] - AllRoleNames.add(getText().toLowerCase()): null

2020-03-13 15:37:44 - [TEST_STEP][PASSED] - println(a.getText()): null

2020-03-13 15:37:44 - [TEST_STEP][PASSED] - AllRoleNames.add(getText().toLowerCase()): null

2020-03-13 15:37:44 - [TEST_STEP][PASSED] - println(a.getText()): null

2020-03-13 15:37:44 - [TEST_STEP][PASSED] - AllRoleNames.add(getText().toLowerCase()): null

2020-03-13 15:37:44 - [TEST_STEP][PASSED] - println(a.getText()): null

2020-03-13 15:37:44 - [TEST_STEP][PASSED] - AllRoleNames.add(getText().toLowerCase()): null

2020-03-13 15:37:44 - [TEST_STEP][PASSED] - println(a.getText()): null

2020-03-13 15:37:44 - [TEST_STEP][PASSED] - AllRoleNames.add(getText().toLowerCase()): null

2020-03-13 15:37:44 - [TEST_STEP][PASSED] - println(a.getText()): null

2020-03-13 15:37:44 - [TEST_STEP][PASSED] - AllRoleNames.add(getText().toLowerCase()): null

2020-03-13 15:37:44 - [TEST_STEP][PASSED] - println(a.getText()): null

2020-03-13 15:37:44 - [TEST_STEP][PASSED] - delay(2): Delayed 2 second(s)

2020-03-13 15:37:46 - [MESSAGE][PASSED] - Delayed 2 second(s)

2020-03-13 15:37:46 - [TEST_STEP][PASSED] - click(findTestObject("ROLES/Roles_page/Pagination/front_navigation")): Object: 'Object Repository/ROLES/Roles_page/Pagination/front_navigation' is clicked on

2020-03-13 15:37:46 - [MESSAGE][PASSED] - Object: 'Object Repository/ROLES/Roles_page/Pagination/front_navigation' is clicked on

2020-03-13 15:37:46 - [TEST_STEP][PASSED] - RoleNames = findWebElements(findTestObject("ROLES/Roles_page/Role Names"), 2): null

2020-03-13 15:37:48 - [TEST_STEP][PASSED] - for (org.openqa.selenium.WebElement a : RoleNames): null

2020-03-13 15:37:48 - [TEST_STEP][PASSED] - AllRoleNames.add(getText().toLowerCase()): null

2020-03-13 15:37:48 - [TEST_STEP][PASSED] - println(a.getText()): null

2020-03-13 15:37:48 - [TEST_STEP][PASSED] - AllRoleNames.add(getText().toLowerCase()): null

2020-03-13 15:37:48 - [TEST_STEP][PASSED] - println(a.getText()): null

2020-03-13 15:37:48 - [TEST_STEP][PASSED] - AllRoleNames.add(getText().toLowerCase()): null

2020-03-13 15:37:48 - [TEST_STEP][PASSED] - println(a.getText()): null

2020-03-13 15:37:48 - [TEST_STEP][PASSED] - AllRoleNames.add(getText().toLowerCase()): null

2020-03-13 15:37:48 - [TEST_STEP][PASSED] - println(a.getText()): null

2020-03-13 15:37:48 - [TEST_STEP][PASSED] - AllRoleNames.add(getText().toLowerCase()): null

2020-03-13 15:37:48 - [TEST_STEP][PASSED] - println(a.getText()): null

2020-03-13 15:37:48 - [TEST_STEP][PASSED] - AllRoleNames.add(getText().toLowerCase()): null

2020-03-13 15:37:48 - [TEST_STEP][PASSED] - println(a.getText()): null

2020-03-13 15:37:48 - [TEST_STEP][PASSED] - AllRoleNames.add(getText().toLowerCase()): null

2020-03-13 15:37:48 - [TEST_STEP][PASSED] - println(a.getText()): null

2020-03-13 15:37:48 - [TEST_STEP][PASSED] - AllRoleNames.add(getText().toLowerCase()): null

2020-03-13 15:37:48 - [TEST_STEP][PASSED] - println(a.getText()): null

2020-03-13 15:37:48 - [TEST_STEP][PASSED] - AllRoleNames.add(getText().toLowerCase()): null

2020-03-13 15:37:48 - [TEST_STEP][PASSED] - println(a.getText()): null

2020-03-13 15:37:48 - [TEST_STEP][PASSED] - AllRoleNames.add(getText().toLowerCase()): null

2020-03-13 15:37:48 - [TEST_STEP][PASSED] - println(a.getText()): null

2020-03-13 15:37:48 - [TEST_STEP][PASSED] - delay(2): Delayed 2 second(s)

2020-03-13 15:37:50 - [MESSAGE][PASSED] - Delayed 2 second(s)

2020-03-13 15:37:50 - [TEST_STEP][PASSED] - click(findTestObject("ROLES/Roles_page/Pagination/front_navigation")): Object: 'Object Repository/ROLES/Roles_page/Pagination/front_navigation' is clicked on

2020-03-13 15:37:51 - [MESSAGE][PASSED] - Object: 'Object Repository/ROLES/Roles_page/Pagination/front_navigation' is clicked on

2020-03-13 15:37:51 - [TEST_STEP][PASSED] - RoleNames = findWebElements(findTestObject("ROLES/Roles_page/Role Names"), 2): null

2020-03-13 15:37:52 - [TEST_STEP][PASSED] - for (org.openqa.selenium.WebElement a : RoleNames): null

2020-03-13 15:37:52 - [TEST_STEP][PASSED] - AllRoleNames.add(getText().toLowerCase()): null

2020-03-13 15:37:52 - [TEST_STEP][PASSED] - println(a.getText()): null

2020-03-13 15:37:52 - [TEST_STEP][PASSED] - AllRoleNames.add(getText().toLowerCase()): null

2020-03-13 15:37:52 - [TEST_STEP][PASSED] - println(a.getText()): null

2020-03-13 15:37:52 - [TEST_STEP][PASSED] - AllRoleNames.add(getText().toLowerCase()): null

2020-03-13 15:37:52 - [TEST_STEP][PASSED] - println(a.getText()): null

2020-03-13 15:37:52 - [TEST_STEP][PASSED] - AllRoleNames.add(getText().toLowerCase()): null

2020-03-13 15:37:52 - [TEST_STEP][PASSED] - println(a.getText()): null

2020-03-13 15:37:52 - [TEST_STEP][PASSED] - AllRoleNames.add(getText().toLowerCase()): null

2020-03-13 15:37:52 - [TEST_STEP][PASSED] - println(a.getText()): null

2020-03-13 15:37:52 - [TEST_STEP][PASSED] - AllRoleNames.add(getText().toLowerCase()): null

2020-03-13 15:37:52 - [TEST_STEP][PASSED] - println(a.getText()): null

2020-03-13 15:37:52 - [TEST_STEP][PASSED] - AllRoleNames.add(getText().toLowerCase()): null

2020-03-13 15:37:52 - [TEST_STEP][PASSED] - println(a.getText()): null

2020-03-13 15:37:52 - [TEST_STEP][PASSED] - AllRoleNames.add(getText().toLowerCase()): null

2020-03-13 15:37:52 - [TEST_STEP][PASSED] - println(a.getText()): null

2020-03-13 15:37:52 - [TEST_STEP][PASSED] - AllRoleNames.add(getText().toLowerCase()): null

2020-03-13 15:37:52 - [TEST_STEP][PASSED] - println(a.getText()): null

2020-03-13 15:37:52 - [TEST_STEP][PASSED] - AllRoleNames.add(getText().toLowerCase()): null

2020-03-13 15:37:52 - [TEST_STEP][PASSED] - println(a.getText()): null

2020-03-13 15:37:52 - [TEST_STEP][PASSED] - delay(2): Delayed 2 second(s)

2020-03-13 15:37:54 - [MESSAGE][PASSED] - Delayed 2 second(s)

2020-03-13 15:37:54 - [TEST_STEP][PASSED] - click(findTestObject("ROLES/Roles_page/Pagination/front_navigation")): Object: 'Object Repository/ROLES/Roles_page/Pagination/front_navigation' is clicked on

2020-03-13 15:37:55 - [MESSAGE][PASSED] - Object: 'Object Repository/ROLES/Roles_page/Pagination/front_navigation' is clicked on

2020-03-13 15:37:55 - [TEST_STEP][PASSED] - RoleNames = findWebElements(findTestObject("ROLES/Roles_page/Role Names"), 2): null

2020-03-13 15:37:57 - [TEST_STEP][PASSED] - for (org.openqa.selenium.WebElement a : RoleNames): null

2020-03-13 15:37:57 - [TEST_STEP][PASSED] - AllRoleNames.add(getText().toLowerCase()): null

2020-03-13 15:37:57 - [TEST_STEP][PASSED] - println(a.getText()): null

2020-03-13 15:37:57 - [TEST_STEP][PASSED] - AllRoleNames.add(getText().toLowerCase()): null

2020-03-13 15:37:57 - [TEST_STEP][PASSED] - println(a.getText()): null

2020-03-13 15:37:57 - [TEST_STEP][PASSED] - AllRoleNames.add(getText().toLowerCase()): null

2020-03-13 15:37:57 - [TEST_STEP][PASSED] - println(a.getText()): null

2020-03-13 15:37:57 - [TEST_STEP][PASSED] - AllRoleNames.add(getText().toLowerCase()): null

2020-03-13 15:37:57 - [TEST_STEP][PASSED] - println(a.getText()): null

2020-03-13 15:37:57 - [TEST_STEP][PASSED] - AllRoleNames.add(getText().toLowerCase()): null

2020-03-13 15:37:57 - [TEST_STEP][PASSED] - println(a.getText()): null

2020-03-13 15:37:57 - [TEST_STEP][PASSED] - AllRoleNames.add(getText().toLowerCase()): null

2020-03-13 15:37:57 - [TEST_STEP][PASSED] - println(a.getText()): null

2020-03-13 15:37:57 - [TEST_STEP][PASSED] - AllRoleNames.add(getText().toLowerCase()): null

2020-03-13 15:37:57 - [TEST_STEP][PASSED] - println(a.getText()): null

2020-03-13 15:37:57 - [TEST_STEP][PASSED] - AllRoleNames.add(getText().toLowerCase()): null

2020-03-13 15:37:57 - [TEST_STEP][PASSED] - println(a.getText()): null

2020-03-13 15:37:57 - [TEST_STEP][PASSED] - AllRoleNames.add(getText().toLowerCase()): null

2020-03-13 15:37:57 - [TEST_STEP][PASSED] - println(a.getText()): null

2020-03-13 15:37:57 - [TEST_STEP][PASSED] - AllRoleNames.add(getText().toLowerCase()): null

2020-03-13 15:37:57 - [TEST_STEP][PASSED] - println(a.getText()): null

2020-03-13 15:37:57 - [TEST_STEP][PASSED] - delay(2): Delayed 2 second(s)

2020-03-13 15:37:59 - [MESSAGE][PASSED] - Delayed 2 second(s)

2020-03-13 15:37:59 - [TEST_STEP][PASSED] - click(findTestObject("ROLES/Roles_page/Pagination/front_navigation")): Object: 'Object Repository/ROLES/Roles_page/Pagination/front_navigation' is clicked on

2020-03-13 15:38:00 - [MESSAGE][PASSED] - Object: 'Object Repository/ROLES/Roles_page/Pagination/front_navigation' is clicked on

2020-03-13 15:38:00 - [TEST_STEP][PASSED] - RoleNames = findWebElements(findTestObject("ROLES/Roles_page/Role Names"), 2): null

2020-03-13 15:38:01 - [TEST_STEP][PASSED] - for (org.openqa.selenium.WebElement a : RoleNames): null

2020-03-13 15:38:01 - [TEST_STEP][PASSED] - AllRoleNames.add(getText().toLowerCase()): null

2020-03-13 15:38:01 - [TEST_STEP][PASSED] - println(a.getText()): null

2020-03-13 15:38:01 - [TEST_STEP][PASSED] - AllRoleNames.add(getText().toLowerCase()): null

2020-03-13 15:38:01 - [TEST_STEP][PASSED] - println(a.getText()): null

2020-03-13 15:38:01 - [TEST_STEP][PASSED] - AllRoleNames.add(getText().toLowerCase()): null

2020-03-13 15:38:01 - [TEST_STEP][PASSED] - println(a.getText()): null

2020-03-13 15:38:01 - [TEST_STEP][PASSED] - AllRoleNames.add(getText().toLowerCase()): null

2020-03-13 15:38:01 - [TEST_STEP][PASSED] - println(a.getText()): null

2020-03-13 15:38:01 - [TEST_STEP][PASSED] - AllRoleNames.add(getText().toLowerCase()): null

2020-03-13 15:38:01 - [TEST_STEP][PASSED] - println(a.getText()): null

2020-03-13 15:38:01 - [TEST_STEP][PASSED] - AllRoleNames.add(getText().toLowerCase()): null

2020-03-13 15:38:01 - [TEST_STEP][PASSED] - println(a.getText()): null

2020-03-13 15:38:01 - [TEST_STEP][PASSED] - AllRoleNames.add(getText().toLowerCase()): null

2020-03-13 15:38:01 - [TEST_STEP][PASSED] - println(a.getText()): null

2020-03-13 15:38:01 - [TEST_STEP][PASSED] - AllRoleNames.add(getText().toLowerCase()): null

2020-03-13 15:38:01 - [TEST_STEP][PASSED] - println(a.getText()): null

2020-03-13 15:38:01 - [TEST_STEP][PASSED] - AllRoleNames.add(getText().toLowerCase()): null

2020-03-13 15:38:01 - [TEST_STEP][PASSED] - println(a.getText()): null

2020-03-13 15:38:01 - [TEST_STEP][PASSED] - AllRoleNames.add(getText().toLowerCase()): null

2020-03-13 15:38:01 - [TEST_STEP][PASSED] - println(a.getText()): null

2020-03-13 15:38:01 - [TEST_STEP][PASSED] - delay(2): Delayed 2 second(s)

2020-03-13 15:38:03 - [MESSAGE][PASSED] - Delayed 2 second(s)

2020-03-13 15:38:03 - [TEST_STEP][PASSED] - click(findTestObject("ROLES/Roles_page/Pagination/front_navigation")): Object: 'Object Repository/ROLES/Roles_page/Pagination/front_navigation' is clicked on

2020-03-13 15:38:04 - [MESSAGE][PASSED] - Object: 'Object Repository/ROLES/Roles_page/Pagination/front_navigation' is clicked on

2020-03-13 15:38:04 - [TEST_STEP][PASSED] - RoleNames = findWebElements(findTestObject("ROLES/Roles_page/Role Names"), 2): null

2020-03-13 15:38:04 - [TEST_STEP][PASSED] - for (org.openqa.selenium.WebElement a : RoleNames): null

2020-03-13 15:38:04 - [TEST_STEP][PASSED] - AllRoleNames.add(getText().toLowerCase()): null

2020-03-13 15:38:04 - [TEST_STEP][PASSED] - println(a.getText()): null

2020-03-13 15:38:04 - [TEST_STEP][PASSED] - AllRoleNames.add(getText().toLowerCase()): null

2020-03-13 15:38:05 - [TEST_STEP][PASSED] - println(a.getText()): null

2020-03-13 15:38:05 - [TEST_STEP][PASSED] - AllRoleNames.add(getText().toLowerCase()): null

2020-03-13 15:38:05 - [TEST_STEP][PASSED] - println(a.getText()): null

2020-03-13 15:38:05 - [TEST_STEP][PASSED] - AllRoleNames.add(getText().toLowerCase()): null

2020-03-13 15:38:05 - [TEST_STEP][PASSED] - println(a.getText()): null

2020-03-13 15:38:05 - [TEST_STEP][PASSED] - AllRoleNames.add(getText().toLowerCase()): null

2020-03-13 15:38:05 - [TEST_STEP][PASSED] - println(a.getText()): null

2020-03-13 15:38:05 - [TEST_STEP][PASSED] - AllRoleNames.add(getText().toLowerCase()): null

2020-03-13 15:38:05 - [TEST_STEP][PASSED] - println(a.getText()): null

2020-03-13 15:38:05 - [TEST_STEP][PASSED] - AllRoleNames.add(getText().toLowerCase()): null

2020-03-13 15:38:05 - [TEST_STEP][PASSED] - println(a.getText()): null

2020-03-13 15:38:05 - [TEST_STEP][PASSED] - AllRoleNames.add(getText().toLowerCase()): null

2020-03-13 15:38:05 - [TEST_STEP][PASSED] - println(a.getText()): null

2020-03-13 15:38:05 - [TEST_STEP][PASSED] - AllRoleNames.add(getText().toLowerCase()): null

2020-03-13 15:38:05 - [TEST_STEP][PASSED] - println(a.getText()): null

2020-03-13 15:38:05 - [TEST_STEP][PASSED] - AllRoleNames.add(getText().toLowerCase()): null

2020-03-13 15:38:05 - [TEST_STEP][PASSED] - println(a.getText()): null

2020-03-13 15:38:05 - [TEST_STEP][PASSED] - delay(2): Delayed 2 second(s)

2020-03-13 15:38:07 - [MESSAGE][PASSED] - Delayed 2 second(s)

2020-03-13 15:38:07 - [TEST_STEP][PASSED] - click(findTestObject("ROLES/Roles_page/Pagination/front_navigation")): Object: 'Object Repository/ROLES/Roles_page/Pagination/front_navigation' is clicked on

2020-03-13 15:38:07 - [MESSAGE][PASSED] - Object: 'Object Repository/ROLES/Roles_page/Pagination/front_navigation' is clicked on

2020-03-13 15:38:07 - [TEST_STEP][PASSED] - RoleNames = findWebElements(findTestObject("ROLES/Roles_page/Role Names"), 2): null

2020-03-13 15:38:08 - [TEST_STEP][PASSED] - for (org.openqa.selenium.WebElement a : RoleNames): null

2020-03-13 15:38:08 - [TEST_STEP][PASSED] - AllRoleNames.add(getText().toLowerCase()): null

2020-03-13 15:38:08 - [TEST_STEP][PASSED] - println(a.getText()): null

2020-03-13 15:38:08 - [TEST_STEP][PASSED] - AllRoleNames.add(getText().toLowerCase()): null

2020-03-13 15:38:08 - [TEST_STEP][PASSED] - println(a.getText()): null

2020-03-13 15:38:08 - [TEST_STEP][PASSED] - AllRoleNames.add(getText().toLowerCase()): null

2020-03-13 15:38:08 - [TEST_STEP][PASSED] - println(a.getText()): null

2020-03-13 15:38:08 - [TEST_STEP][PASSED] - AllRoleNames.add(getText().toLowerCase()): null

2020-03-13 15:38:08 - [TEST_STEP][PASSED] - println(a.getText()): null

2020-03-13 15:38:08 - [TEST_STEP][PASSED] - AllRoleNames.add(getText().toLowerCase()): null

2020-03-13 15:38:08 - [TEST_STEP][PASSED] - println(a.getText()): null

2020-03-13 15:38:08 - [TEST_STEP][PASSED] - AllRoleNames.add(getText().toLowerCase()): null

2020-03-13 15:38:08 - [TEST_STEP][PASSED] - println(a.getText()): null

2020-03-13 15:38:08 - [TEST_STEP][PASSED] - AllRoleNames.add(getText().toLowerCase()): null

2020-03-13 15:38:08 - [TEST_STEP][PASSED] - println(a.getText()): null

2020-03-13 15:38:08 - [TEST_STEP][PASSED] - AllRoleNames.add(getText().toLowerCase()): null

2020-03-13 15:38:08 - [TEST_STEP][PASSED] - println(a.getText()): null

2020-03-13 15:38:08 - [TEST_STEP][PASSED] - AllRoleNames.add(getText().toLowerCase()): null

2020-03-13 15:38:08 - [TEST_STEP][PASSED] - println(a.getText()): null

2020-03-13 15:38:08 - [TEST_STEP][PASSED] - AllRoleNames.add(getText().toLowerCase()): null

2020-03-13 15:38:08 - [TEST_STEP][PASSED] - println(a.getText()): null

2020-03-13 15:38:09 - [TEST_STEP][PASSED] - delay(2): Delayed 2 second(s)

2020-03-13 15:38:11 - [MESSAGE][PASSED] - Delayed 2 second(s)

2020-03-13 15:38:11 - [TEST_STEP][PASSED] - click(findTestObject("ROLES/Roles_page/Pagination/front_navigation")): Object: 'Object Repository/ROLES/Roles_page/Pagination/front_navigation' is clicked on

2020-03-13 15:38:11 - [MESSAGE][PASSED] - Object: 'Object Repository/ROLES/Roles_page/Pagination/front_navigation' is clicked on

2020-03-13 15:38:11 - [TEST_STEP][PASSED] - RoleNames = findWebElements(findTestObject("ROLES/Roles_page/Role Names"), 2): null

2020-03-13 15:38:12 - [TEST_STEP][PASSED] - for (org.openqa.selenium.WebElement a : RoleNames): null

2020-03-13 15:38:12 - [TEST_STEP][PASSED] - AllRoleNames.add(getText().toLowerCase()): null

2020-03-13 15:38:12 - [TEST_STEP][PASSED] - println(a.getText()): null

2020-03-13 15:38:12 - [TEST_STEP][PASSED] - AllRoleNames.add(getText().toLowerCase()): null

2020-03-13 15:38:12 - [TEST_STEP][PASSED] - println(a.getText()): null

2020-03-13 15:38:12 - [TEST_STEP][PASSED] - AllRoleNames.add(getText().toLowerCase()): null

2020-03-13 15:38:12 - [TEST_STEP][PASSED] - println(a.getText()): null

2020-03-13 15:38:12 - [TEST_STEP][PASSED] - AllRoleNames.add(getText().toLowerCase()): null

2020-03-13 15:38:12 - [TEST_STEP][PASSED] - println(a.getText()): null

2020-03-13 15:38:12 - [TEST_STEP][PASSED] - AllRoleNames.add(getText().toLowerCase()): null

2020-03-13 15:38:12 - [TEST_STEP][PASSED] - println(a.getText()): null

2020-03-13 15:38:12 - [TEST_STEP][PASSED] - AllRoleNames.add(getText().toLowerCase()): null

2020-03-13 15:38:12 - [TEST_STEP][PASSED] - println(a.getText()): null

2020-03-13 15:38:12 - [TEST_STEP][PASSED] - AllRoleNames.add(getText().toLowerCase()): null

2020-03-13 15:38:12 - [TEST_STEP][PASSED] - println(a.getText()): null

2020-03-13 15:38:12 - [TEST_STEP][PASSED] - AllRoleNames.add(getText().toLowerCase()): null

2020-03-13 15:38:12 - [TEST_STEP][PASSED] - println(a.getText()): null

2020-03-13 15:38:12 - [TEST_STEP][PASSED] - AllRoleNames.add(getText().toLowerCase()): null

2020-03-13 15:38:12 - [TEST_STEP][PASSED] - println(a.getText()): null

2020-03-13 15:38:12 - [TEST_STEP][PASSED] - AllRoleNames.add(getText().toLowerCase()): null

2020-03-13 15:38:12 - [TEST_STEP][PASSED] - println(a.getText()): null

2020-03-13 15:38:12 - [TEST_STEP][PASSED] - delay(2): Delayed 2 second(s)

2020-03-13 15:38:14 - [MESSAGE][PASSED] - Delayed 2 second(s)

2020-03-13 15:38:14 - [TEST_STEP][PASSED] - click(findTestObject("ROLES/Roles_page/Pagination/front_navigation")): Object: 'Object Repository/ROLES/Roles_page/Pagination/front_navigation' is clicked on

2020-03-13 15:38:15 - [MESSAGE][PASSED] - Object: 'Object Repository/ROLES/Roles_page/Pagination/front_navigation' is clicked on

2020-03-13 15:38:15 - [TEST_STEP][PASSED] - RoleNames = findWebElements(findTestObject("ROLES/Roles_page/Role Names"), 2): null

2020-03-13 15:38:16 - [TEST_STEP][PASSED] - for (org.openqa.selenium.WebElement a : RoleNames): null

2020-03-13 15:38:16 - [TEST_STEP][PASSED] - AllRoleNames.add(getText().toLowerCase()): null

2020-03-13 15:38:16 - [TEST_STEP][PASSED] - println(a.getText()): null

2020-03-13 15:38:16 - [TEST_STEP][PASSED] - AllRoleNames.add(getText().toLowerCase()): null

2020-03-13 15:38:16 - [TEST_STEP][PASSED] - println(a.getText()): null

2020-03-13 15:38:16 - [TEST_STEP][PASSED] - AllRoleNames.add(getText().toLowerCase()): null

2020-03-13 15:38:16 - [TEST_STEP][PASSED] - println(a.getText()): null

2020-03-13 15:38:16 - [TEST_STEP][PASSED] - AllRoleNames.add(getText().toLowerCase()): null

2020-03-13 15:38:16 - [TEST_STEP][PASSED] - println(a.getText()): null

2020-03-13 15:38:16 - [TEST_STEP][PASSED] - AllRoleNames.add(getText().toLowerCase()): null

2020-03-13 15:38:16 - [TEST_STEP][PASSED] - println(a.getText()): null

2020-03-13 15:38:16 - [TEST_STEP][PASSED] - AllRoleNames.add(getText().toLowerCase()): null

2020-03-13 15:38:16 - [TEST_STEP][PASSED] - println(a.getText()): null

2020-03-13 15:38:16 - [TEST_STEP][PASSED] - AllRoleNames.add(getText().toLowerCase()): null

2020-03-13 15:38:16 - [TEST_STEP][PASSED] - println(a.getText()): null

2020-03-13 15:38:16 - [TEST_STEP][PASSED] - AllRoleNames.add(getText().toLowerCase()): null

2020-03-13 15:38:16 - [TEST_STEP][PASSED] - println(a.getText()): null

2020-03-13 15:38:16 - [TEST_STEP][PASSED] - AllRoleNames.add(getText().toLowerCase()): null

2020-03-13 15:38:16 - [TEST_STEP][PASSED] - println(a.getText()): null

2020-03-13 15:38:16 - [TEST_STEP][PASSED] - AllRoleNames.add(getText().toLowerCase()): null

2020-03-13 15:38:16 - [TEST_STEP][PASSED] - println(a.getText()): null

2020-03-13 15:38:16 - [TEST_STEP][PASSED] - delay(2): Delayed 2 second(s)

2020-03-13 15:38:18 - [MESSAGE][PASSED] - Delayed 2 second(s)

2020-03-13 15:38:18 - [TEST_STEP][PASSED] - click(findTestObject("ROLES/Roles_page/Pagination/front_navigation")): Object: 'Object Repository/ROLES/Roles_page/Pagination/front_navigation' is clicked on

2020-03-13 15:38:19 - [MESSAGE][PASSED] - Object: 'Object Repository/ROLES/Roles_page/Pagination/front_navigation' is clicked on

2020-03-13 15:38:19 - [TEST_STEP][PASSED] - RoleNames = findWebElements(findTestObject("ROLES/Roles_page/Role Names"), 2): null

2020-03-13 15:38:20 - [TEST_STEP][PASSED] - for (org.openqa.selenium.WebElement a : RoleNames): null

2020-03-13 15:38:20 - [TEST_STEP][PASSED] - AllRoleNames.add(getText().toLowerCase()): null

2020-03-13 15:38:20 - [TEST_STEP][PASSED] - println(a.getText()): null

2020-03-13 15:38:20 - [TEST_STEP][PASSED] - AllRoleNames.add(getText().toLowerCase()): null

2020-03-13 15:38:20 - [TEST_STEP][PASSED] - println(a.getText()): null

2020-03-13 15:38:20 - [TEST_STEP][PASSED] - AllRoleNames.add(getText().toLowerCase()): null

2020-03-13 15:38:20 - [TEST_STEP][PASSED] - println(a.getText()): null

2020-03-13 15:38:20 - [TEST_STEP][PASSED] - AllRoleNames.add(getText().toLowerCase()): null

2020-03-13 15:38:20 - [TEST_STEP][PASSED] - println(a.getText()): null

2020-03-13 15:38:20 - [TEST_STEP][PASSED] - AllRoleNames.add(getText().toLowerCase()): null

2020-03-13 15:38:20 - [TEST_STEP][PASSED] - println(a.getText()): null

2020-03-13 15:38:20 - [TEST_STEP][PASSED] - AllRoleNames.add(getText().toLowerCase()): null

2020-03-13 15:38:20 - [TEST_STEP][PASSED] - println(a.getText()): null

2020-03-13 15:38:20 - [TEST_STEP][PASSED] - AllRoleNames.add(getText().toLowerCase()): null

2020-03-13 15:38:20 - [TEST_STEP][PASSED] - println(a.getText()): null

2020-03-13 15:38:20 - [TEST_STEP][PASSED] - AllRoleNames.add(getText().toLowerCase()): null

2020-03-13 15:38:20 - [TEST_STEP][PASSED] - println(a.getText()): null

2020-03-13 15:38:20 - [TEST_STEP][PASSED] - AllRoleNames.add(getText().toLowerCase()): null

2020-03-13 15:38:20 - [TEST_STEP][PASSED] - println(a.getText()): null

2020-03-13 15:38:20 - [TEST_STEP][PASSED] - AllRoleNames.add(getText().toLowerCase()): null

2020-03-13 15:38:20 - [TEST_STEP][PASSED] - println(a.getText()): null

2020-03-13 15:38:20 - [TEST_STEP][PASSED] - delay(2): Delayed 2 second(s)

2020-03-13 15:38:22 - [MESSAGE][PASSED] - Delayed 2 second(s)

2020-03-13 15:38:22 - [TEST_STEP][PASSED] - click(findTestObject("ROLES/Roles_page/Pagination/front_navigation")): Object: 'Object Repository/ROLES/Roles_page/Pagination/front_navigation' is clicked on

2020-03-13 15:38:23 - [MESSAGE][PASSED] - Object: 'Object Repository/ROLES/Roles_page/Pagination/front_navigation' is clicked on

2020-03-13 15:38:23 - [TEST_STEP][PASSED] - RoleNames = findWebElements(findTestObject("ROLES/Roles_page/Role Names"), 2): null

2020-03-13 15:38:23 - [TEST_STEP][PASSED] - for (org.openqa.selenium.WebElement a : RoleNames): null

2020-03-13 15:38:23 - [TEST_STEP][PASSED] - AllRoleNames.add(getText().toLowerCase()): null

2020-03-13 15:38:23 - [TEST_STEP][PASSED] - println(a.getText()): null

2020-03-13 15:38:23 - [TEST_STEP][PASSED] - AllRoleNames.add(getText().toLowerCase()): null

2020-03-13 15:38:23 - [TEST_STEP][PASSED] - println(a.getText()): null

2020-03-13 15:38:23 - [TEST_STEP][PASSED] - AllRoleNames.add(getText().toLowerCase()): null

2020-03-13 15:38:23 - [TEST_STEP][PASSED] - println(a.getText()): null

2020-03-13 15:38:24 - [TEST_STEP][PASSED] - AllRoleNames.add(getText().toLowerCase()): null

2020-03-13 15:38:24 - [TEST_STEP][PASSED] - println(a.getText()): null

2020-03-13 15:38:24 - [TEST_STEP][PASSED] - AllRoleNames.add(getText().toLowerCase()): null

2020-03-13 15:38:24 - [TEST_STEP][PASSED] - println(a.getText()): null

2020-03-13 15:38:24 - [TEST_STEP][PASSED] - AllRoleNames.add(getText().toLowerCase()): null

2020-03-13 15:38:24 - [TEST_STEP][PASSED] - println(a.getText()): null

2020-03-13 15:38:24 - [TEST_STEP][PASSED] - AllRoleNames.add(getText().toLowerCase()): null

2020-03-13 15:38:24 - [TEST_STEP][PASSED] - println(a.getText()): null

2020-03-13 15:38:24 - [TEST_STEP][PASSED] - AllRoleNames.add(getText().toLowerCase()): null

2020-03-13 15:38:24 - [TEST_STEP][PASSED] - println(a.getText()): null

2020-03-13 15:38:24 - [TEST_STEP][PASSED] - AllRoleNames.add(getText().toLowerCase()): null

2020-03-13 15:38:24 - [TEST_STEP][PASSED] - println(a.getText()): null

2020-03-13 15:38:24 - [TEST_STEP][PASSED] - AllRoleNames.add(getText().toLowerCase()): null

2020-03-13 15:38:24 - [TEST_STEP][PASSED] - println(a.getText()): null

2020-03-13 15:38:24 - [TEST_STEP][PASSED] - delay(2): Delayed 2 second(s)

2020-03-13 15:38:26 - [MESSAGE][PASSED] - Delayed 2 second(s)

2020-03-13 15:38:26 - [TEST_STEP][PASSED] - click(findTestObject("ROLES/Roles_page/Pagination/front_navigation")): Object: 'Object Repository/ROLES/Roles_page/Pagination/front_navigation' is clicked on

2020-03-13 15:38:26 - [MESSAGE][PASSED] - Object: 'Object Repository/ROLES/Roles_page/Pagination/front_navigation' is clicked on

2020-03-13 15:38:26 - [TEST_STEP][PASSED] - RoleNames = findWebElements(findTestObject("ROLES/Roles_page/Role Names"), 2): null

2020-03-13 15:38:27 - [TEST_STEP][PASSED] - for (org.openqa.selenium.WebElement a : RoleNames): null

2020-03-13 15:38:27 - [TEST_STEP][PASSED] - AllRoleNames.add(getText().toLowerCase()): null

2020-03-13 15:38:28 - [TEST_STEP][PASSED] - println(a.getText()): null

2020-03-13 15:38:28 - [TEST_STEP][PASSED] - AllRoleNames.add(getText().toLowerCase()): null

2020-03-13 15:38:28 - [TEST_STEP][PASSED] - println(a.getText()): null

2020-03-13 15:38:28 - [TEST_STEP][PASSED] - AllRoleNames.add(getText().toLowerCase()): null

2020-03-13 15:38:28 - [TEST_STEP][PASSED] - println(a.getText()): null

2020-03-13 15:38:28 - [TEST_STEP][PASSED] - AllRoleNames.add(getText().toLowerCase()): null

2020-03-13 15:38:28 - [TEST_STEP][PASSED] - println(a.getText()): null

2020-03-13 15:38:28 - [TEST_STEP][PASSED] - AllRoleNames.add(getText().toLowerCase()): null

2020-03-13 15:38:28 - [TEST_STEP][PASSED] - println(a.getText()): null

2020-03-13 15:38:28 - [TEST_STEP][PASSED] - AllRoleNames.add(getText().toLowerCase()): null

2020-03-13 15:38:28 - [TEST_STEP][PASSED] - println(a.getText()): null

2020-03-13 15:38:28 - [TEST_STEP][PASSED] - AllRoleNames.add(getText().toLowerCase()): null

2020-03-13 15:38:28 - [TEST_STEP][PASSED] - println(a.getText()): null

2020-03-13 15:38:28 - [TEST_STEP][PASSED] - AllRoleNames.add(getText().toLowerCase()): null

2020-03-13 15:38:28 - [TEST_STEP][PASSED] - println(a.getText()): null

2020-03-13 15:38:28 - [TEST_STEP][PASSED] - AllRoleNames.add(getText().toLowerCase()): null

2020-03-13 15:38:28 - [TEST_STEP][PASSED] - println(a.getText()): null

2020-03-13 15:38:28 - [TEST_STEP][PASSED] - AllRoleNames.add(getText().toLowerCase()): null

2020-03-13 15:38:28 - [TEST_STEP][PASSED] - println(a.getText()): null

2020-03-13 15:38:28 - [TEST_STEP][PASSED] - delay(2): Delayed 2 second(s)

2020-03-13 15:38:30 - [MESSAGE][PASSED] - Delayed 2 second(s)

2020-03-13 15:38:30 - [TEST_STEP][PASSED] - click(findTestObject("ROLES/Roles_page/Pagination/front_navigation")): Object: 'Object Repository/ROLES/Roles_page/Pagination/front_navigation' is clicked on

2020-03-13 15:38:30 - [MESSAGE][PASSED] - Object: 'Object Repository/ROLES/Roles_page/Pagination/front_navigation' is clicked on

2020-03-13 15:38:30 - [TEST_STEP][PASSED] - RoleNames = findWebElements(findTestObject("ROLES/Roles_page/Role Names"), 2): null

2020-03-13 15:38:31 - [TEST_STEP][PASSED] - for (org.openqa.selenium.WebElement a : RoleNames): null

2020-03-13 15:38:31 - [TEST_STEP][PASSED] - AllRoleNames.add(getText().toLowerCase()): null

2020-03-13 15:38:31 - [TEST_STEP][PASSED] - println(a.getText()): null

2020-03-13 15:38:31 - [TEST_STEP][PASSED] - AllRoleNames.add(getText().toLowerCase()): null

2020-03-13 15:38:31 - [TEST_STEP][PASSED] - println(a.getText()): null

2020-03-13 15:38:31 - [TEST_STEP][PASSED] - AllRoleNames.add(getText().toLowerCase()): null

2020-03-13 15:38:31 - [TEST_STEP][PASSED] - println(a.getText()): null

2020-03-13 15:38:31 - [TEST_STEP][PASSED] - AllRoleNames.add(getText().toLowerCase()): null

2020-03-13 15:38:31 - [TEST_STEP][PASSED] - println(a.getText()): null

2020-03-13 15:38:31 - [TEST_STEP][PASSED] - AllRoleNames.add(getText().toLowerCase()): null

2020-03-13 15:38:31 - [TEST_STEP][PASSED] - println(a.getText()): null

2020-03-13 15:38:31 - [TEST_STEP][PASSED] - AllRoleNames.add(getText().toLowerCase()): null

2020-03-13 15:38:31 - [TEST_STEP][PASSED] - println(a.getText()): null

2020-03-13 15:38:31 - [TEST_STEP][PASSED] - AllRoleNames.add(getText().toLowerCase()): null

2020-03-13 15:38:31 - [TEST_STEP][PASSED] - println(a.getText()): null

2020-03-13 15:38:31 - [TEST_STEP][PASSED] - AllRoleNames.add(getText().toLowerCase()): null

2020-03-13 15:38:31 - [TEST_STEP][PASSED] - println(a.getText()): null

2020-03-13 15:38:31 - [TEST_STEP][PASSED] - AllRoleNames.add(getText().toLowerCase()): null

2020-03-13 15:38:31 - [TEST_STEP][PASSED] - println(a.getText()): null

2020-03-13 15:38:31 - [TEST_STEP][PASSED] - AllRoleNames.add(getText().toLowerCase()): null

2020-03-13 15:38:31 - [TEST_STEP][PASSED] - println(a.getText()): null

2020-03-13 15:38:31 - [TEST_STEP][PASSED] - delay(2): Delayed 2 second(s)

2020-03-13 15:38:33 - [MESSAGE][PASSED] - Delayed 2 second(s)

2020-03-13 15:38:33 - [TEST_STEP][PASSED] - click(findTestObject("ROLES/Roles_page/Pagination/front_navigation")): Object: 'Object Repository/ROLES/Roles_page/Pagination/front_navigation' is clicked on

2020-03-13 15:38:34 - [MESSAGE][PASSED] - Object: 'Object Repository/ROLES/Roles_page/Pagination/front_navigation' is clicked on

2020-03-13 15:38:34 - [TEST_STEP][PASSED] - RoleNames = findWebElements(findTestObject("ROLES/Roles_page/Role Names"), 2): null

2020-03-13 15:38:35 - [TEST_STEP][PASSED] - for (org.openqa.selenium.WebElement a : RoleNames): null

2020-03-13 15:38:35 - [TEST_STEP][PASSED] - AllRoleNames.add(getText().toLowerCase()): null

2020-03-13 15:38:35 - [TEST_STEP][PASSED] - println(a.getText()): null

2020-03-13 15:38:35 - [TEST_STEP][PASSED] - AllRoleNames.add(getText().toLowerCase()): null

2020-03-13 15:38:35 - [TEST_STEP][PASSED] - println(a.getText()): null

2020-03-13 15:38:35 - [TEST_STEP][PASSED] - AllRoleNames.add(getText().toLowerCase()): null

2020-03-13 15:38:35 - [TEST_STEP][PASSED] - println(a.getText()): null

2020-03-13 15:38:35 - [TEST_STEP][PASSED] - AllRoleNames.add(getText().toLowerCase()): null

2020-03-13 15:38:35 - [TEST_STEP][PASSED] - println(a.getText()): null

2020-03-13 15:38:35 - [TEST_STEP][PASSED] - AllRoleNames.add(getText().toLowerCase()): null

2020-03-13 15:38:36 - [TEST_STEP][PASSED] - println(a.getText()): null

2020-03-13 15:38:36 - [TEST_STEP][PASSED] - AllRoleNames.add(getText().toLowerCase()): null

2020-03-13 15:38:36 - [TEST_STEP][PASSED] - println(a.getText()): null

2020-03-13 15:38:36 - [TEST_STEP][PASSED] - AllRoleNames.add(getText().toLowerCase()): null

2020-03-13 15:38:36 - [TEST_STEP][PASSED] - println(a.getText()): null

2020-03-13 15:38:36 - [TEST_STEP][PASSED] - AllRoleNames.add(getText().toLowerCase()): null

2020-03-13 15:38:36 - [TEST_STEP][PASSED] - println(a.getText()): null

2020-03-13 15:38:36 - [TEST_STEP][PASSED] - AllRoleNames.add(getText().toLowerCase()): null

2020-03-13 15:38:36 - [TEST_STEP][PASSED] - println(a.getText()): null

2020-03-13 15:38:36 - [TEST_STEP][PASSED] - AllRoleNames.add(getText().toLowerCase()): null

2020-03-13 15:38:36 - [TEST_STEP][PASSED] - println(a.getText()): null

2020-03-13 15:38:36 - [TEST_STEP][PASSED] - delay(2): Delayed 2 second(s)

2020-03-13 15:38:38 - [MESSAGE][PASSED] - Delayed 2 second(s)

2020-03-13 15:38:38 - [TEST_STEP][PASSED] - click(findTestObject("ROLES/Roles_page/Pagination/front_navigation")): Object: 'Object Repository/ROLES/Roles_page/Pagination/front_navigation' is clicked on

2020-03-13 15:38:38 - [MESSAGE][PASSED] - Object: 'Object Repository/ROLES/Roles_page/Pagination/front_navigation' is clicked on

2020-03-13 15:38:38 - [TEST_STEP][PASSED] - RoleNames = findWebElements(findTestObject("ROLES/Roles_page/Role Names"), 2): null

2020-03-13 15:38:39 - [TEST_STEP][PASSED] - for (org.openqa.selenium.WebElement a : RoleNames): null

2020-03-13 15:38:39 - [TEST_STEP][PASSED] - AllRoleNames.add(getText().toLowerCase()): null

2020-03-13 15:38:39 - [TEST_STEP][PASSED] - println(a.getText()): null

2020-03-13 15:38:39 - [TEST_STEP][PASSED] - AllRoleNames.add(getText().toLowerCase()): null

2020-03-13 15:38:39 - [TEST_STEP][PASSED] - println(a.getText()): null

2020-03-13 15:38:39 - [TEST_STEP][PASSED] - AllRoleNames.add(getText().toLowerCase()): null

2020-03-13 15:38:39 - [TEST_STEP][PASSED] - println(a.getText()): null

2020-03-13 15:38:39 - [TEST_STEP][PASSED] - AllRoleNames.add(getText().toLowerCase()): null

2020-03-13 15:38:39 - [TEST_STEP][PASSED] - println(a.getText()): null

2020-03-13 15:38:39 - [TEST_STEP][PASSED] - AllRoleNames.add(getText().toLowerCase()): null

2020-03-13 15:38:39 - [TEST_STEP][PASSED] - println(a.getText()): null

2020-03-13 15:38:39 - [TEST_STEP][PASSED] - AllRoleNames.add(getText().toLowerCase()): null

2020-03-13 15:38:39 - [TEST_STEP][PASSED] - println(a.getText()): null

2020-03-13 15:38:39 - [TEST_STEP][PASSED] - AllRoleNames.add(getText().toLowerCase()): null

2020-03-13 15:38:39 - [TEST_STEP][PASSED] - println(a.getText()): null

2020-03-13 15:38:39 - [TEST_STEP][PASSED] - AllRoleNames.add(getText().toLowerCase()): null

2020-03-13 15:38:39 - [TEST_STEP][PASSED] - println(a.getText()): null

2020-03-13 15:38:39 - [TEST_STEP][PASSED] - AllRoleNames.add(getText().toLowerCase()): null

2020-03-13 15:38:39 - [TEST_STEP][PASSED] - println(a.getText()): null

2020-03-13 15:38:39 - [TEST_STEP][PASSED] - AllRoleNames.add(getText().toLowerCase()): null

2020-03-13 15:38:39 - [TEST_STEP][PASSED] - println(a.getText()): null

2020-03-13 15:38:39 - [TEST_STEP][PASSED] - delay(2): Delayed 2 second(s)

2020-03-13 15:38:41 - [MESSAGE][PASSED] - Delayed 2 second(s)

2020-03-13 15:38:41 - [TEST_STEP][PASSED] - click(findTestObject("ROLES/Roles_page/Pagination/front_navigation")): Object: 'Object Repository/ROLES/Roles_page/Pagination/front_navigation' is clicked on

2020-03-13 15:38:42 - [MESSAGE][PASSED] - Object: 'Object Repository/ROLES/Roles_page/Pagination/front_navigation' is clicked on

2020-03-13 15:38:42 - [TEST_STEP][PASSED] - RoleNames = findWebElements(findTestObject("ROLES/Roles_page/Role Names"), 2): null

2020-03-13 15:38:42 - [TEST_STEP][PASSED] - for (org.openqa.selenium.WebElement a : RoleNames): null

2020-03-13 15:38:42 - [TEST_STEP][PASSED] - AllRoleNames.add(getText().toLowerCase()): null

2020-03-13 15:38:42 - [TEST_STEP][PASSED] - println(a.getText()): null

2020-03-13 15:38:43 - [TEST_STEP][PASSED] - AllRoleNames.add(getText().toLowerCase()): null

2020-03-13 15:38:43 - [TEST_STEP][PASSED] - println(a.getText()): null

2020-03-13 15:38:43 - [TEST_STEP][PASSED] - AllRoleNames.add(getText().toLowerCase()): null

2020-03-13 15:38:43 - [TEST_STEP][PASSED] - println(a.getText()): null

2020-03-13 15:38:43 - [TEST_STEP][PASSED] - AllRoleNames.add(getText().toLowerCase()): null

2020-03-13 15:38:43 - [TEST_STEP][PASSED] - println(a.getText()): null

2020-03-13 15:38:43 - [TEST_STEP][PASSED] - AllRoleNames.add(getText().toLowerCase()): null

2020-03-13 15:38:43 - [TEST_STEP][PASSED] - println(a.getText()): null

2020-03-13 15:38:43 - [TEST_STEP][PASSED] - AllRoleNames.add(getText().toLowerCase()): null

2020-03-13 15:38:43 - [TEST_STEP][PASSED] - println(a.getText()): null

2020-03-13 15:38:43 - [TEST_STEP][PASSED] - AllRoleNames.add(getText().toLowerCase()): null

2020-03-13 15:38:43 - [TEST_STEP][PASSED] - println(a.getText()): null

2020-03-13 15:38:43 - [TEST_STEP][PASSED] - AllRoleNames.add(getText().toLowerCase()): null

2020-03-13 15:38:43 - [TEST_STEP][PASSED] - println(a.getText()): null

2020-03-13 15:38:43 - [TEST_STEP][PASSED] - AllRoleNames.add(getText().toLowerCase()): null

2020-03-13 15:38:43 - [TEST_STEP][PASSED] - println(a.getText()): null

2020-03-13 15:38:43 - [TEST_STEP][PASSED] - AllRoleNames.add(getText().toLowerCase()): null

2020-03-13 15:38:43 - [TEST_STEP][PASSED] - println(a.getText()): null

2020-03-13 15:38:43 - [TEST_STEP][PASSED] - delay(2): Delayed 2 second(s)

2020-03-13 15:38:45 - [MESSAGE][PASSED] - Delayed 2 second(s)

2020-03-13 15:38:45 - [TEST_STEP][PASSED] - click(findTestObject("ROLES/Roles_page/Pagination/front_navigation")): Object: 'Object Repository/ROLES/Roles_page/Pagination/front_navigation' is clicked on

2020-03-13 15:38:45 - [MESSAGE][PASSED] - Object: 'Object Repository/ROLES/Roles_page/Pagination/front_navigation' is clicked on

2020-03-13 15:38:45 - [TEST_STEP][PASSED] - RoleNames = findWebElements(findTestObject("ROLES/Roles_page/Role Names"), 2): null

2020-03-13 15:38:47 - [TEST_STEP][PASSED] - for (org.openqa.selenium.WebElement a : RoleNames): null

2020-03-13 15:38:47 - [TEST_STEP][PASSED] - AllRoleNames.add(getText().toLowerCase()): null

2020-03-13 15:38:47 - [TEST_STEP][PASSED] - println(a.getText()): null

2020-03-13 15:38:47 - [TEST_STEP][PASSED] - AllRoleNames.add(getText().toLowerCase()): null

2020-03-13 15:38:47 - [TEST_STEP][PASSED] - println(a.getText()): null

2020-03-13 15:38:47 - [TEST_STEP][PASSED] - AllRoleNames.add(getText().toLowerCase()): null

2020-03-13 15:38:47 - [TEST_STEP][PASSED] - println(a.getText()): null

2020-03-13 15:38:47 - [TEST_STEP][PASSED] - AllRoleNames.add(getText().toLowerCase()): null

2020-03-13 15:38:47 - [TEST_STEP][PASSED] - println(a.getText()): null

2020-03-13 15:38:47 - [TEST_STEP][PASSED] - AllRoleNames.add(getText().toLowerCase()): null

2020-03-13 15:38:47 - [TEST_STEP][PASSED] - println(a.getText()): null

2020-03-13 15:38:47 - [TEST_STEP][PASSED] - AllRoleNames.add(getText().toLowerCase()): null

2020-03-13 15:38:47 - [TEST_STEP][PASSED] - println(a.getText()): null

2020-03-13 15:38:47 - [TEST_STEP][PASSED] - AllRoleNames.add(getText().toLowerCase()): null

2020-03-13 15:38:47 - [TEST_STEP][PASSED] - println(a.getText()): null

2020-03-13 15:38:47 - [TEST_STEP][PASSED] - AllRoleNames.add(getText().toLowerCase()): null

2020-03-13 15:38:47 - [TEST_STEP][PASSED] - println(a.getText()): null

2020-03-13 15:38:47 - [TEST_STEP][PASSED] - AllRoleNames.add(getText().toLowerCase()): null

2020-03-13 15:38:47 - [TEST_STEP][PASSED] - println(a.getText()): null

2020-03-13 15:38:47 - [TEST_STEP][PASSED] - AllRoleNames.add(getText().toLowerCase()): null

2020-03-13 15:38:47 - [TEST_STEP][PASSED] - println(a.getText()): null

2020-03-13 15:38:47 - [TEST_STEP][PASSED] - delay(2): Delayed 2 second(s)

2020-03-13 15:38:49 - [MESSAGE][PASSED] - Delayed 2 second(s)

2020-03-13 15:38:49 - [TEST_STEP][PASSED] - click(findTestObject("ROLES/Roles_page/Pagination/front_navigation")): Object: 'Object Repository/ROLES/Roles_page/Pagination/front_navigation' is clicked on

2020-03-13 15:38:50 - [MESSAGE][PASSED] - Object: 'Object Repository/ROLES/Roles_page/Pagination/front_navigation' is clicked on

2020-03-13 15:38:50 - [TEST_STEP][PASSED] - RoleNames = findWebElements(findTestObject("ROLES/Roles_page/Role Names"), 2): null

2020-03-13 15:38:50 - [TEST_STEP][PASSED] - for (org.openqa.selenium.WebElement a : RoleNames): null

2020-03-13 15:38:50 - [TEST_STEP][PASSED] - AllRoleNames.add(getText().toLowerCase()): null

2020-03-13 15:38:51 - [TEST_STEP][PASSED] - println(a.getText()): null

2020-03-13 15:38:51 - [TEST_STEP][PASSED] - AllRoleNames.add(getText().toLowerCase()): null

2020-03-13 15:38:51 - [TEST_STEP][PASSED] - println(a.getText()): null

2020-03-13 15:38:51 - [TEST_STEP][PASSED] - AllRoleNames.add(getText().toLowerCase()): null

2020-03-13 15:38:51 - [TEST_STEP][PASSED] - println(a.getText()): null

2020-03-13 15:38:51 - [TEST_STEP][PASSED] - AllRoleNames.add(getText().toLowerCase()): null

2020-03-13 15:38:51 - [TEST_STEP][PASSED] - println(a.getText()): null

2020-03-13 15:38:51 - [TEST_STEP][PASSED] - AllRoleNames.add(getText().toLowerCase()): null

2020-03-13 15:38:51 - [TEST_STEP][PASSED] - println(a.getText()): null

2020-03-13 15:38:51 - [TEST_STEP][PASSED] - AllRoleNames.add(getText().toLowerCase()): null

2020-03-13 15:38:51 - [TEST_STEP][PASSED] - println(a.getText()): null

2020-03-13 15:38:51 - [TEST_STEP][PASSED] - AllRoleNames.add(getText().toLowerCase()): null

2020-03-13 15:38:51 - [TEST_STEP][PASSED] - println(a.getText()): null

2020-03-13 15:38:51 - [TEST_STEP][PASSED] - delay(2): Delayed 2 second(s)

2020-03-13 15:38:53 - [MESSAGE][PASSED] - Delayed 2 second(s)

2020-03-13 15:38:53 - [TEST_STEP][PASSED] - click(findTestObject("ROLES/Roles_page/Pagination/front_navigation")): Object: 'Object Repository/ROLES/Roles_page/Pagination/front_navigation' is clicked on

2020-03-13 15:38:56 - [MESSAGE][PASSED] - Object: 'Object Repository/ROLES/Roles_page/Pagination/front_navigation' is clicked on

2020-03-13 15:38:56 - [TEST_STEP][PASSED] - if (j == 1): Text 'BACK_SPACE + BACK_SPACE + ENTER + 1' is set on object 'Object Repository/ROLES/Roles_page/Pagination/input_Page_form-control'

2020-03-13 15:38:56 - [TEST_STEP][PASSED] - isSorted = web.CustomKeyword.checkListDescending(AllRoleNames): web.CustomKeyword.checkListDescending is PASSED

2020-03-13 15:38:56 - [MESSAGE][PASSED] - web.CustomKeyword.checkListDescending is PASSED

2020-03-13 15:38:56 - [TEST_STEP][PASSED] - println(AllRoleNames.size()): null

2020-03-13 15:38:56 - [TEST_STEP][PASSED] - println(AllRoleNames): null

2020-03-13 15:38:56 - [TEST_STEP][PASSED] - verifyEqual(isSorted, true): Actual object 'true' and expected object 'true' are equal

2020-03-13 15:38:56 - [MESSAGE][PASSED] - Actual object 'true' and expected object 'true' are equal

2020-03-13 15:38:56 - [TEST_STEP][PASSED] - clearText(findTestObject("Object Repository/ROLES/Roles_page/Pagination/input_Page_form-control")): Text of object 'Object Repository/ROLES/Roles_page/Pagination/input_Page_form-control' is cleared

2020-03-13 15:38:56 - [MESSAGE][PASSED] - Text of object 'Object Repository/ROLES/Roles_page/Pagination/input_Page_form-control' is cleared

2020-03-13 15:38:56 - [TEST_STEP][PASSED] - setText(findTestObject("Object Repository/ROLES/Roles_page/Pagination/input_Page_form-control"), BACK_SPACE + BACK_SPACE + "1" + ENTER): Text 'BACK_SPACE + BACK_SPACE + ENTER + 1' is set on object 'Object Repository/ROLES/Roles_page/Pagination/input_Page_form-control'

2020-03-13 15:38:57 - [MESSAGE][PASSED] - Text 'BACK_SPACE + BACK_SPACE + ENTER + 1' is set on object 'Object Repository/ROLES/Roles_page/Pagination/input_Page_form-control'

2020-03-13 15:38:57 - [TEST_STEP][PASSED] - if (j == 2): null

2020-03-13 15:38:57 - [TEST_STEP][PASSED] - click(findTestObject("ROLES/Roles_page/sorting/RoleName_header")): Object: 'Object Repository/ROLES/Roles_page/sorting/RoleName_header' is clicked on

2020-03-13 15:38:58 - [MESSAGE][PASSED] - Object: 'Object Repository/ROLES/Roles_page/sorting/RoleName_header' is clicked on

2020-03-13 15:38:58 - [TEST_STEP][PASSED] - RoleNames = <not implemented yet for class: org.codehaus.groovy.ast.expr.EmptyExpression>: null

2020-03-13 15:38:58 - [TEST_STEP][PASSED] - AllRoleNames = new java.util.ArrayList(): null

2020-03-13 15:38:58 - [TEST_STEP][PASSED] - for ([i = 1, i <= noOfPages, (i++)]): Object: 'Object Repository/ROLES/Roles_page/Pagination/front_navigation' is clicked on

2020-03-13 15:38:58 - [TEST_STEP][PASSED] - RoleNames = findWebElements(findTestObject("ROLES/Roles_page/Role Names"), 2): null

2020-03-13 15:38:59 - [TEST_STEP][PASSED] - for (org.openqa.selenium.WebElement a : RoleNames): null

2020-03-13 15:38:59 - [TEST_STEP][PASSED] - AllRoleNames.add(getText().toLowerCase()): null

2020-03-13 15:38:59 - [TEST_STEP][PASSED] - println(a.getText()): null

2020-03-13 15:38:59 - [TEST_STEP][PASSED] - AllRoleNames.add(getText().toLowerCase()): null

2020-03-13 15:38:59 - [TEST_STEP][PASSED] - println(a.getText()): null

2020-03-13 15:38:59 - [TEST_STEP][PASSED] - AllRoleNames.add(getText().toLowerCase()): null

2020-03-13 15:38:59 - [TEST_STEP][PASSED] - println(a.getText()): null

2020-03-13 15:38:59 - [TEST_STEP][PASSED] - AllRoleNames.add(getText().toLowerCase()): null

2020-03-13 15:38:59 - [TEST_STEP][PASSED] - println(a.getText()): null

2020-03-13 15:38:59 - [TEST_STEP][PASSED] - AllRoleNames.add(getText().toLowerCase()): null

2020-03-13 15:38:59 - [TEST_STEP][PASSED] - println(a.getText()): null

2020-03-13 15:38:59 - [TEST_STEP][PASSED] - AllRoleNames.add(getText().toLowerCase()): null

2020-03-13 15:38:59 - [TEST_STEP][PASSED] - println(a.getText()): null

2020-03-13 15:38:59 - [TEST_STEP][PASSED] - AllRoleNames.add(getText().toLowerCase()): null

2020-03-13 15:38:59 - [TEST_STEP][PASSED] - println(a.getText()): null

2020-03-13 15:38:59 - [TEST_STEP][PASSED] - AllRoleNames.add(getText().toLowerCase()): null

2020-03-13 15:38:59 - [TEST_STEP][PASSED] - println(a.getText()): null

2020-03-13 15:38:59 - [TEST_STEP][PASSED] - AllRoleNames.add(getText().toLowerCase()): null

2020-03-13 15:38:59 - [TEST_STEP][PASSED] - println(a.getText()): null

2020-03-13 15:38:59 - [TEST_STEP][PASSED] - AllRoleNames.add(getText().toLowerCase()): null

2020-03-13 15:38:59 - [TEST_STEP][PASSED] - println(a.getText()): null

2020-03-13 15:38:59 - [TEST_STEP][PASSED] - delay(2): Delayed 2 second(s)

2020-03-13 15:39:01 - [MESSAGE][PASSED] - Delayed 2 second(s)

2020-03-13 15:39:01 - [TEST_STEP][PASSED] - click(findTestObject("ROLES/Roles_page/Pagination/front_navigation")): Object: 'Object Repository/ROLES/Roles_page/Pagination/front_navigation' is clicked on

2020-03-13 15:39:02 - [MESSAGE][PASSED] - Object: 'Object Repository/ROLES/Roles_page/Pagination/front_navigation' is clicked on

2020-03-13 15:39:02 - [TEST_STEP][PASSED] - RoleNames = findWebElements(findTestObject("ROLES/Roles_page/Role Names"), 2): null

2020-03-13 15:39:03 - [TEST_STEP][PASSED] - for (org.openqa.selenium.WebElement a : RoleNames): null

2020-03-13 15:39:03 - [TEST_STEP][PASSED] - AllRoleNames.add(getText().toLowerCase()): null

2020-03-13 15:39:03 - [TEST_STEP][PASSED] - println(a.getText()): null

2020-03-13 15:39:03 - [TEST_STEP][PASSED] - AllRoleNames.add(getText().toLowerCase()): null

2020-03-13 15:39:03 - [TEST_STEP][PASSED] - println(a.getText()): null

2020-03-13 15:39:03 - [TEST_STEP][PASSED] - AllRoleNames.add(getText().toLowerCase()): null

2020-03-13 15:39:03 - [TEST_STEP][PASSED] - println(a.getText()): null

2020-03-13 15:39:03 - [TEST_STEP][PASSED] - AllRoleNames.add(getText().toLowerCase()): null

2020-03-13 15:39:03 - [TEST_STEP][PASSED] - println(a.getText()): null

2020-03-13 15:39:03 - [TEST_STEP][PASSED] - AllRoleNames.add(getText().toLowerCase()): null

2020-03-13 15:39:03 - [TEST_STEP][PASSED] - println(a.getText()): null

2020-03-13 15:39:03 - [TEST_STEP][PASSED] - AllRoleNames.add(getText().toLowerCase()): null

2020-03-13 15:39:03 - [TEST_STEP][PASSED] - println(a.getText()): null

2020-03-13 15:39:03 - [TEST_STEP][PASSED] - AllRoleNames.add(getText().toLowerCase()): null

2020-03-13 15:39:03 - [TEST_STEP][PASSED] - println(a.getText()): null

2020-03-13 15:39:03 - [TEST_STEP][PASSED] - AllRoleNames.add(getText().toLowerCase()): null

2020-03-13 15:39:03 - [TEST_STEP][PASSED] - println(a.getText()): null

2020-03-13 15:39:03 - [TEST_STEP][PASSED] - AllRoleNames.add(getText().toLowerCase()): null

2020-03-13 15:39:03 - [TEST_STEP][PASSED] - println(a.getText()): null

2020-03-13 15:39:03 - [TEST_STEP][PASSED] - AllRoleNames.add(getText().toLowerCase()): null

2020-03-13 15:39:03 - [TEST_STEP][PASSED] - println(a.getText()): null

2020-03-13 15:39:03 - [TEST_STEP][PASSED] - delay(2): Delayed 2 second(s)

2020-03-13 15:39:05 - [MESSAGE][PASSED] - Delayed 2 second(s)

2020-03-13 15:39:05 - [TEST_STEP][PASSED] - click(findTestObject("ROLES/Roles_page/Pagination/front_navigation")): Object: 'Object Repository/ROLES/Roles_page/Pagination/front_navigation' is clicked on

2020-03-13 15:39:06 - [MESSAGE][PASSED] - Object: 'Object Repository/ROLES/Roles_page/Pagination/front_navigation' is clicked on

2020-03-13 15:39:06 - [TEST_STEP][PASSED] - RoleNames = findWebElements(findTestObject("ROLES/Roles_page/Role Names"), 2): null

2020-03-13 15:39:07 - [TEST_STEP][PASSED] - for (org.openqa.selenium.WebElement a : RoleNames): null

2020-03-13 15:39:07 - [TEST_STEP][PASSED] - AllRoleNames.add(getText().toLowerCase()): null

2020-03-13 15:39:07 - [TEST_STEP][PASSED] - println(a.getText()): null

2020-03-13 15:39:07 - [TEST_STEP][PASSED] - AllRoleNames.add(getText().toLowerCase()): null

2020-03-13 15:39:07 - [TEST_STEP][PASSED] - println(a.getText()): null

2020-03-13 15:39:07 - [TEST_STEP][PASSED] - AllRoleNames.add(getText().toLowerCase()): null

2020-03-13 15:39:07 - [TEST_STEP][PASSED] - println(a.getText()): null

2020-03-13 15:39:07 - [TEST_STEP][PASSED] - AllRoleNames.add(getText().toLowerCase()): null

2020-03-13 15:39:07 - [TEST_STEP][PASSED] - println(a.getText()): null

2020-03-13 15:39:07 - [TEST_STEP][PASSED] - AllRoleNames.add(getText().toLowerCase()): null

2020-03-13 15:39:07 - [TEST_STEP][PASSED] - println(a.getText()): null

2020-03-13 15:39:07 - [TEST_STEP][PASSED] - AllRoleNames.add(getText().toLowerCase()): null

2020-03-13 15:39:07 - [TEST_STEP][PASSED] - println(a.getText()): null

2020-03-13 15:39:07 - [TEST_STEP][PASSED] - AllRoleNames.add(getText().toLowerCase()): null

2020-03-13 15:39:07 - [TEST_STEP][PASSED] - println(a.getText()): null

2020-03-13 15:39:07 - [TEST_STEP][PASSED] - AllRoleNames.add(getText().toLowerCase()): null

2020-03-13 15:39:07 - [TEST_STEP][PASSED] - println(a.getText()): null

2020-03-13 15:39:07 - [TEST_STEP][PASSED] - AllRoleNames.add(getText().toLowerCase()): null

2020-03-13 15:39:07 - [TEST_STEP][PASSED] - println(a.getText()): null

2020-03-13 15:39:07 - [TEST_STEP][PASSED] - AllRoleNames.add(getText().toLowerCase()): null

2020-03-13 15:39:07 - [TEST_STEP][PASSED] - println(a.getText()): null

2020-03-13 15:39:07 - [TEST_STEP][PASSED] - delay(2): Delayed 2 second(s)

2020-03-13 15:39:09 - [MESSAGE][PASSED] - Delayed 2 second(s)

2020-03-13 15:39:09 - [TEST_STEP][PASSED] - click(findTestObject("ROLES/Roles_page/Pagination/front_navigation")): Object: 'Object Repository/ROLES/Roles_page/Pagination/front_navigation' is clicked on

2020-03-13 15:39:10 - [MESSAGE][PASSED] - Object: 'Object Repository/ROLES/Roles_page/Pagination/front_navigation' is clicked on

2020-03-13 15:39:10 - [TEST_STEP][PASSED] - RoleNames = findWebElements(findTestObject("ROLES/Roles_page/Role Names"), 2): null

2020-03-13 15:39:10 - [TEST_STEP][PASSED] - for (org.openqa.selenium.WebElement a : RoleNames): null

2020-03-13 15:39:10 - [TEST_STEP][PASSED] - AllRoleNames.add(getText().toLowerCase()): null

2020-03-13 15:39:10 - [TEST_STEP][PASSED] - println(a.getText()): null

2020-03-13 15:39:10 - [TEST_STEP][PASSED] - AllRoleNames.add(getText().toLowerCase()): null

2020-03-13 15:39:10 - [TEST_STEP][PASSED] - println(a.getText()): null

2020-03-13 15:39:10 - [TEST_STEP][PASSED] - AllRoleNames.add(getText().toLowerCase()): null

2020-03-13 15:39:10 - [TEST_STEP][PASSED] - println(a.getText()): null

2020-03-13 15:39:11 - [TEST_STEP][PASSED] - AllRoleNames.add(getText().toLowerCase()): null

2020-03-13 15:39:11 - [TEST_STEP][PASSED] - println(a.getText()): null

2020-03-13 15:39:11 - [TEST_STEP][PASSED] - AllRoleNames.add(getText().toLowerCase()): null

2020-03-13 15:39:11 - [TEST_STEP][PASSED] - println(a.getText()): null

2020-03-13 15:39:11 - [TEST_STEP][PASSED] - AllRoleNames.add(getText().toLowerCase()): null

2020-03-13 15:39:11 - [TEST_STEP][PASSED] - println(a.getText()): null

2020-03-13 15:39:11 - [TEST_STEP][PASSED] - AllRoleNames.add(getText().toLowerCase()): null

2020-03-13 15:39:11 - [TEST_STEP][PASSED] - println(a.getText()): null

2020-03-13 15:39:11 - [TEST_STEP][PASSED] - AllRoleNames.add(getText().toLowerCase()): null

2020-03-13 15:39:11 - [TEST_STEP][PASSED] - println(a.getText()): null

2020-03-13 15:39:11 - [TEST_STEP][PASSED] - AllRoleNames.add(getText().toLowerCase()): null

2020-03-13 15:39:11 - [TEST_STEP][PASSED] - println(a.getText()): null

2020-03-13 15:39:11 - [TEST_STEP][PASSED] - AllRoleNames.add(getText().toLowerCase()): null

2020-03-13 15:39:11 - [TEST_STEP][PASSED] - println(a.getText()): null

2020-03-13 15:39:11 - [TEST_STEP][PASSED] - delay(2): Delayed 2 second(s)

2020-03-13 15:39:13 - [MESSAGE][PASSED] - Delayed 2 second(s)

2020-03-13 15:39:13 - [TEST_STEP][PASSED] - click(findTestObject("ROLES/Roles_page/Pagination/front_navigation")): Object: 'Object Repository/ROLES/Roles_page/Pagination/front_navigation' is clicked on

2020-03-13 15:39:13 - [MESSAGE][PASSED] - Object: 'Object Repository/ROLES/Roles_page/Pagination/front_navigation' is clicked on

2020-03-13 15:39:13 - [TEST_STEP][PASSED] - RoleNames = findWebElements(findTestObject("ROLES/Roles_page/Role Names"), 2): null

2020-03-13 15:39:14 - [TEST_STEP][PASSED] - for (org.openqa.selenium.WebElement a : RoleNames): null

2020-03-13 15:39:14 - [TEST_STEP][PASSED] - AllRoleNames.add(getText().toLowerCase()): null

2020-03-13 15:39:14 - [TEST_STEP][PASSED] - println(a.getText()): null

2020-03-13 15:39:14 - [TEST_STEP][PASSED] - AllRoleNames.add(getText().toLowerCase()): null

2020-03-13 15:39:14 - [TEST_STEP][PASSED] - println(a.getText()): null

2020-03-13 15:39:14 - [TEST_STEP][PASSED] - AllRoleNames.add(getText().toLowerCase()): null

2020-03-13 15:39:14 - [TEST_STEP][PASSED] - println(a.getText()): null

2020-03-13 15:39:14 - [TEST_STEP][PASSED] - AllRoleNames.add(getText().toLowerCase()): null

2020-03-13 15:39:14 - [TEST_STEP][PASSED] - println(a.getText()): null

2020-03-13 15:39:14 - [TEST_STEP][PASSED] - AllRoleNames.add(getText().toLowerCase()): null

2020-03-13 15:39:15 - [TEST_STEP][PASSED] - println(a.getText()): null

2020-03-13 15:39:15 - [TEST_STEP][PASSED] - AllRoleNames.add(getText().toLowerCase()): null

2020-03-13 15:39:15 - [TEST_STEP][PASSED] - println(a.getText()): null

2020-03-13 15:39:15 - [TEST_STEP][PASSED] - AllRoleNames.add(getText().toLowerCase()): null

2020-03-13 15:39:15 - [TEST_STEP][PASSED] - println(a.getText()): null

2020-03-13 15:39:15 - [TEST_STEP][PASSED] - AllRoleNames.add(getText().toLowerCase()): null

2020-03-13 15:39:15 - [TEST_STEP][PASSED] - println(a.getText()): null

2020-03-13 15:39:15 - [TEST_STEP][PASSED] - AllRoleNames.add(getText().toLowerCase()): null

2020-03-13 15:39:15 - [TEST_STEP][PASSED] - println(a.getText()): null

2020-03-13 15:39:15 - [TEST_STEP][PASSED] - AllRoleNames.add(getText().toLowerCase()): null

2020-03-13 15:39:15 - [TEST_STEP][PASSED] - println(a.getText()): null

2020-03-13 15:39:15 - [TEST_STEP][PASSED] - delay(2): Delayed 2 second(s)

2020-03-13 15:39:17 - [MESSAGE][PASSED] - Delayed 2 second(s)

2020-03-13 15:39:17 - [TEST_STEP][PASSED] - click(findTestObject("ROLES/Roles_page/Pagination/front_navigation")): Object: 'Object Repository/ROLES/Roles_page/Pagination/front_navigation' is clicked on

2020-03-13 15:39:17 - [MESSAGE][PASSED] - Object: 'Object Repository/ROLES/Roles_page/Pagination/front_navigation' is clicked on

2020-03-13 15:39:17 - [TEST_STEP][PASSED] - RoleNames = findWebElements(findTestObject("ROLES/Roles_page/Role Names"), 2): null

2020-03-13 15:39:20 - [TEST_STEP][PASSED] - for (org.openqa.selenium.WebElement a : RoleNames): null

2020-03-13 15:39:20 - [TEST_STEP][PASSED] - AllRoleNames.add(getText().toLowerCase()): null

2020-03-13 15:39:20 - [TEST_STEP][PASSED] - println(a.getText()): null

2020-03-13 15:39:20 - [TEST_STEP][PASSED] - AllRoleNames.add(getText().toLowerCase()): null

2020-03-13 15:39:20 - [TEST_STEP][PASSED] - println(a.getText()): null

2020-03-13 15:39:20 - [TEST_STEP][PASSED] - AllRoleNames.add(getText().toLowerCase()): null

2020-03-13 15:39:20 - [TEST_STEP][PASSED] - println(a.getText()): null

2020-03-13 15:39:20 - [TEST_STEP][PASSED] - AllRoleNames.add(getText().toLowerCase()): null

2020-03-13 15:39:20 - [TEST_STEP][PASSED] - println(a.getText()): null

2020-03-13 15:39:20 - [TEST_STEP][PASSED] - AllRoleNames.add(getText().toLowerCase()): null

2020-03-13 15:39:21 - [TEST_STEP][PASSED] - println(a.getText()): null

2020-03-13 15:39:21 - [TEST_STEP][PASSED] - AllRoleNames.add(getText().toLowerCase()): null

2020-03-13 15:39:21 - [TEST_STEP][PASSED] - println(a.getText()): null

2020-03-13 15:39:21 - [TEST_STEP][PASSED] - AllRoleNames.add(getText().toLowerCase()): null

2020-03-13 15:39:21 - [TEST_STEP][PASSED] - println(a.getText()): null

2020-03-13 15:39:21 - [TEST_STEP][PASSED] - AllRoleNames.add(getText().toLowerCase()): null

2020-03-13 15:39:21 - [TEST_STEP][PASSED] - println(a.getText()): null

2020-03-13 15:39:21 - [TEST_STEP][PASSED] - AllRoleNames.add(getText().toLowerCase()): null

2020-03-13 15:39:21 - [TEST_STEP][PASSED] - println(a.getText()): null

2020-03-13 15:39:21 - [TEST_STEP][PASSED] - AllRoleNames.add(getText().toLowerCase()): null

2020-03-13 15:39:21 - [TEST_STEP][PASSED] - println(a.getText()): null

2020-03-13 15:39:21 - [TEST_STEP][PASSED] - delay(2): Delayed 2 second(s)

2020-03-13 15:39:23 - [MESSAGE][PASSED] - Delayed 2 second(s)

2020-03-13 15:39:23 - [TEST_STEP][PASSED] - click(findTestObject("ROLES/Roles_page/Pagination/front_navigation")): Object: 'Object Repository/ROLES/Roles_page/Pagination/front_navigation' is clicked on

2020-03-13 15:39:23 - [MESSAGE][PASSED] - Object: 'Object Repository/ROLES/Roles_page/Pagination/front_navigation' is clicked on

2020-03-13 15:39:23 - [TEST_STEP][PASSED] - RoleNames = findWebElements(findTestObject("ROLES/Roles_page/Role Names"), 2): null

2020-03-13 15:39:25 - [TEST_STEP][PASSED] - for (org.openqa.selenium.WebElement a : RoleNames): null

2020-03-13 15:39:25 - [TEST_STEP][PASSED] - AllRoleNames.add(getText().toLowerCase()): null

2020-03-13 15:39:25 - [TEST_STEP][PASSED] - println(a.getText()): null

2020-03-13 15:39:25 - [TEST_STEP][PASSED] - AllRoleNames.add(getText().toLowerCase()): null

2020-03-13 15:39:25 - [TEST_STEP][PASSED] - println(a.getText()): null

2020-03-13 15:39:25 - [TEST_STEP][PASSED] - AllRoleNames.add(getText().toLowerCase()): null

2020-03-13 15:39:25 - [TEST_STEP][PASSED] - println(a.getText()): null

2020-03-13 15:39:25 - [TEST_STEP][PASSED] - AllRoleNames.add(getText().toLowerCase()): null

2020-03-13 15:39:25 - [TEST_STEP][PASSED] - println(a.getText()): null

2020-03-13 15:39:25 - [TEST_STEP][PASSED] - AllRoleNames.add(getText().toLowerCase()): null

2020-03-13 15:39:25 - [TEST_STEP][PASSED] - println(a.getText()): null

2020-03-13 15:39:25 - [TEST_STEP][PASSED] - AllRoleNames.add(getText().toLowerCase()): null

2020-03-13 15:39:25 - [TEST_STEP][PASSED] - println(a.getText()): null

2020-03-13 15:39:25 - [TEST_STEP][PASSED] - AllRoleNames.add(getText().toLowerCase()): null

2020-03-13 15:39:25 - [TEST_STEP][PASSED] - println(a.getText()): null

2020-03-13 15:39:25 - [TEST_STEP][PASSED] - AllRoleNames.add(getText().toLowerCase()): null

2020-03-13 15:39:25 - [TEST_STEP][PASSED] - println(a.getText()): null

2020-03-13 15:39:25 - [TEST_STEP][PASSED] - AllRoleNames.add(getText().toLowerCase()): null

2020-03-13 15:39:25 - [TEST_STEP][PASSED] - println(a.getText()): null

2020-03-13 15:39:25 - [TEST_STEP][PASSED] - AllRoleNames.add(getText().toLowerCase()): null

2020-03-13 15:39:25 - [TEST_STEP][PASSED] - println(a.getText()): null

2020-03-13 15:39:25 - [TEST_STEP][PASSED] - delay(2): Delayed 2 second(s)

2020-03-13 15:39:27 - [MESSAGE][PASSED] - Delayed 2 second(s)

2020-03-13 15:39:27 - [TEST_STEP][PASSED] - click(findTestObject("ROLES/Roles_page/Pagination/front_navigation")): Object: 'Object Repository/ROLES/Roles_page/Pagination/front_navigation' is clicked on

2020-03-13 15:39:27 - [MESSAGE][PASSED] - Object: 'Object Repository/ROLES/Roles_page/Pagination/front_navigation' is clicked on

2020-03-13 15:39:27 - [TEST_STEP][PASSED] - RoleNames = findWebElements(findTestObject("ROLES/Roles_page/Role Names"), 2): null

2020-03-13 15:39:29 - [TEST_STEP][PASSED] - for (org.openqa.selenium.WebElement a : RoleNames): null

2020-03-13 15:39:29 - [TEST_STEP][PASSED] - AllRoleNames.add(getText().toLowerCase()): null

2020-03-13 15:39:29 - [TEST_STEP][PASSED] - println(a.getText()): null

2020-03-13 15:39:29 - [TEST_STEP][PASSED] - AllRoleNames.add(getText().toLowerCase()): null

2020-03-13 15:39:29 - [TEST_STEP][PASSED] - println(a.getText()): null

2020-03-13 15:39:29 - [TEST_STEP][PASSED] - AllRoleNames.add(getText().toLowerCase()): null

2020-03-13 15:39:29 - [TEST_STEP][PASSED] - println(a.getText()): null

2020-03-13 15:39:29 - [TEST_STEP][PASSED] - AllRoleNames.add(getText().toLowerCase()): null

2020-03-13 15:39:29 - [TEST_STEP][PASSED] - println(a.getText()): null

2020-03-13 15:39:29 - [TEST_STEP][PASSED] - AllRoleNames.add(getText().toLowerCase()): null

2020-03-13 15:39:29 - [TEST_STEP][PASSED] - println(a.getText()): null

2020-03-13 15:39:29 - [TEST_STEP][PASSED] - AllRoleNames.add(getText().toLowerCase()): null

2020-03-13 15:39:29 - [TEST_STEP][PASSED] - println(a.getText()): null

2020-03-13 15:39:29 - [TEST_STEP][PASSED] - AllRoleNames.add(getText().toLowerCase()): null

2020-03-13 15:39:29 - [TEST_STEP][PASSED] - println(a.getText()): null

2020-03-13 15:39:29 - [TEST_STEP][PASSED] - AllRoleNames.add(getText().toLowerCase()): null

2020-03-13 15:39:29 - [TEST_STEP][PASSED] - println(a.getText()): null

2020-03-13 15:39:29 - [TEST_STEP][PASSED] - AllRoleNames.add(getText().toLowerCase()): null

2020-03-13 15:39:29 - [TEST_STEP][PASSED] - println(a.getText()): null

2020-03-13 15:39:29 - [TEST_STEP][PASSED] - AllRoleNames.add(getText().toLowerCase()): null

2020-03-13 15:39:29 - [TEST_STEP][PASSED] - println(a.getText()): null

2020-03-13 15:39:29 - [TEST_STEP][PASSED] - delay(2): Delayed 2 second(s)

2020-03-13 15:39:31 - [MESSAGE][PASSED] - Delayed 2 second(s)

2020-03-13 15:39:31 - [TEST_STEP][PASSED] - click(findTestObject("ROLES/Roles_page/Pagination/front_navigation")): Object: 'Object Repository/ROLES/Roles_page/Pagination/front_navigation' is clicked on

2020-03-13 15:39:31 - [MESSAGE][PASSED] - Object: 'Object Repository/ROLES/Roles_page/Pagination/front_navigation' is clicked on

2020-03-13 15:39:31 - [TEST_STEP][PASSED] - RoleNames = findWebElements(findTestObject("ROLES/Roles_page/Role Names"), 2): null

2020-03-13 15:39:33 - [TEST_STEP][PASSED] - for (org.openqa.selenium.WebElement a : RoleNames): null

2020-03-13 15:39:33 - [TEST_STEP][PASSED] - AllRoleNames.add(getText().toLowerCase()): null

2020-03-13 15:39:33 - [TEST_STEP][PASSED] - println(a.getText()): null

2020-03-13 15:39:33 - [TEST_STEP][PASSED] - AllRoleNames.add(getText().toLowerCase()): null

2020-03-13 15:39:33 - [TEST_STEP][PASSED] - println(a.getText()): null

2020-03-13 15:39:33 - [TEST_STEP][PASSED] - AllRoleNames.add(getText().toLowerCase()): null

2020-03-13 15:39:33 - [TEST_STEP][PASSED] - println(a.getText()): null

2020-03-13 15:39:33 - [TEST_STEP][PASSED] - AllRoleNames.add(getText().toLowerCase()): null

2020-03-13 15:39:33 - [TEST_STEP][PASSED] - println(a.getText()): null

2020-03-13 15:39:33 - [TEST_STEP][PASSED] - AllRoleNames.add(getText().toLowerCase()): null

2020-03-13 15:39:33 - [TEST_STEP][PASSED] - println(a.getText()): null

2020-03-13 15:39:33 - [TEST_STEP][PASSED] - AllRoleNames.add(getText().toLowerCase()): null

2020-03-13 15:39:33 - [TEST_STEP][PASSED] - println(a.getText()): null

2020-03-13 15:39:33 - [TEST_STEP][PASSED] - AllRoleNames.add(getText().toLowerCase()): null

2020-03-13 15:39:33 - [TEST_STEP][PASSED] - println(a.getText()): null

2020-03-13 15:39:33 - [TEST_STEP][PASSED] - AllRoleNames.add(getText().toLowerCase()): null

2020-03-13 15:39:33 - [TEST_STEP][PASSED] - println(a.getText()): null

2020-03-13 15:39:33 - [TEST_STEP][PASSED] - AllRoleNames.add(getText().toLowerCase()): null

2020-03-13 15:39:33 - [TEST_STEP][PASSED] - println(a.getText()): null

2020-03-13 15:39:33 - [TEST_STEP][PASSED] - AllRoleNames.add(getText().toLowerCase()): null

2020-03-13 15:39:33 - [TEST_STEP][PASSED] - println(a.getText()): null

2020-03-13 15:39:33 - [TEST_STEP][PASSED] - delay(2): Delayed 2 second(s)

2020-03-13 15:39:35 - [MESSAGE][PASSED] - Delayed 2 second(s)

2020-03-13 15:39:35 - [TEST_STEP][PASSED] - click(findTestObject("ROLES/Roles_page/Pagination/front_navigation")): Object: 'Object Repository/ROLES/Roles_page/Pagination/front_navigation' is clicked on

2020-03-13 15:39:36 - [MESSAGE][PASSED] - Object: 'Object Repository/ROLES/Roles_page/Pagination/front_navigation' is clicked on

2020-03-13 15:39:36 - [TEST_STEP][PASSED] - RoleNames = findWebElements(findTestObject("ROLES/Roles_page/Role Names"), 2): null

2020-03-13 15:39:37 - [TEST_STEP][PASSED] - for (org.openqa.selenium.WebElement a : RoleNames): null

2020-03-13 15:39:37 - [TEST_STEP][PASSED] - AllRoleNames.add(getText().toLowerCase()): null

2020-03-13 15:39:37 - [TEST_STEP][PASSED] - println(a.getText()): null

2020-03-13 15:39:37 - [TEST_STEP][PASSED] - AllRoleNames.add(getText().toLowerCase()): null

2020-03-13 15:39:37 - [TEST_STEP][PASSED] - println(a.getText()): null

2020-03-13 15:39:37 - [TEST_STEP][PASSED] - AllRoleNames.add(getText().toLowerCase()): null

2020-03-13 15:39:37 - [TEST_STEP][PASSED] - println(a.getText()): null

2020-03-13 15:39:37 - [TEST_STEP][PASSED] - AllRoleNames.add(getText().toLowerCase()): null

2020-03-13 15:39:37 - [TEST_STEP][PASSED] - println(a.getText()): null

2020-03-13 15:39:37 - [TEST_STEP][PASSED] - AllRoleNames.add(getText().toLowerCase()): null

2020-03-13 15:39:37 - [TEST_STEP][PASSED] - println(a.getText()): null

2020-03-13 15:39:37 - [TEST_STEP][PASSED] - AllRoleNames.add(getText().toLowerCase()): null

2020-03-13 15:39:37 - [TEST_STEP][PASSED] - println(a.getText()): null

2020-03-13 15:39:37 - [TEST_STEP][PASSED] - AllRoleNames.add(getText().toLowerCase()): null

2020-03-13 15:39:37 - [TEST_STEP][PASSED] - println(a.getText()): null

2020-03-13 15:39:37 - [TEST_STEP][PASSED] - AllRoleNames.add(getText().toLowerCase()): null

2020-03-13 15:39:37 - [TEST_STEP][PASSED] - println(a.getText()): null

2020-03-13 15:39:37 - [TEST_STEP][PASSED] - AllRoleNames.add(getText().toLowerCase()): null

2020-03-13 15:39:37 - [TEST_STEP][PASSED] - println(a.getText()): null

2020-03-13 15:39:37 - [TEST_STEP][PASSED] - AllRoleNames.add(getText().toLowerCase()): null

2020-03-13 15:39:37 - [TEST_STEP][PASSED] - println(a.getText()): null

2020-03-13 15:39:37 - [TEST_STEP][PASSED] - delay(2): Delayed 2 second(s)

2020-03-13 15:39:39 - [MESSAGE][PASSED] - Delayed 2 second(s)

2020-03-13 15:39:39 - [TEST_STEP][PASSED] - click(findTestObject("ROLES/Roles_page/Pagination/front_navigation")): Object: 'Object Repository/ROLES/Roles_page/Pagination/front_navigation' is clicked on

2020-03-13 15:39:40 - [MESSAGE][PASSED] - Object: 'Object Repository/ROLES/Roles_page/Pagination/front_navigation' is clicked on

2020-03-13 15:39:40 - [TEST_STEP][PASSED] - RoleNames = findWebElements(findTestObject("ROLES/Roles_page/Role Names"), 2): null

2020-03-13 15:39:41 - [TEST_STEP][PASSED] - for (org.openqa.selenium.WebElement a : RoleNames): null

2020-03-13 15:39:41 - [TEST_STEP][PASSED] - AllRoleNames.add(getText().toLowerCase()): null

2020-03-13 15:39:41 - [TEST_STEP][PASSED] - println(a.getText()): null

2020-03-13 15:39:41 - [TEST_STEP][PASSED] - AllRoleNames.add(getText().toLowerCase()): null

2020-03-13 15:39:41 - [TEST_STEP][PASSED] - println(a.getText()): null

2020-03-13 15:39:41 - [TEST_STEP][PASSED] - AllRoleNames.add(getText().toLowerCase()): null

2020-03-13 15:39:41 - [TEST_STEP][PASSED] - println(a.getText()): null

2020-03-13 15:39:41 - [TEST_STEP][PASSED] - AllRoleNames.add(getText().toLowerCase()): null

2020-03-13 15:39:41 - [TEST_STEP][PASSED] - println(a.getText()): null

2020-03-13 15:39:41 - [TEST_STEP][PASSED] - AllRoleNames.add(getText().toLowerCase()): null

2020-03-13 15:39:41 - [TEST_STEP][PASSED] - println(a.getText()): null

2020-03-13 15:39:41 - [TEST_STEP][PASSED] - AllRoleNames.add(getText().toLowerCase()): null

2020-03-13 15:39:41 - [TEST_STEP][PASSED] - println(a.getText()): null

2020-03-13 15:39:41 - [TEST_STEP][PASSED] - AllRoleNames.add(getText().toLowerCase()): null

2020-03-13 15:39:41 - [TEST_STEP][PASSED] - println(a.getText()): null

2020-03-13 15:39:41 - [TEST_STEP][PASSED] - AllRoleNames.add(getText().toLowerCase()): null

2020-03-13 15:39:41 - [TEST_STEP][PASSED] - println(a.getText()): null

2020-03-13 15:39:41 - [TEST_STEP][PASSED] - AllRoleNames.add(getText().toLowerCase()): null

2020-03-13 15:39:41 - [TEST_STEP][PASSED] - println(a.getText()): null

2020-03-13 15:39:41 - [TEST_STEP][PASSED] - AllRoleNames.add(getText().toLowerCase()): null

2020-03-13 15:39:41 - [TEST_STEP][PASSED] - println(a.getText()): null

2020-03-13 15:39:41 - [TEST_STEP][PASSED] - delay(2): Delayed 2 second(s)

2020-03-13 15:39:43 - [MESSAGE][PASSED] - Delayed 2 second(s)

2020-03-13 15:39:43 - [TEST_STEP][PASSED] - click(findTestObject("ROLES/Roles_page/Pagination/front_navigation")): Object: 'Object Repository/ROLES/Roles_page/Pagination/front_navigation' is clicked on

2020-03-13 15:39:44 - [MESSAGE][PASSED] - Object: 'Object Repository/ROLES/Roles_page/Pagination/front_navigation' is clicked on

2020-03-13 15:39:44 - [TEST_STEP][PASSED] - RoleNames = findWebElements(findTestObject("ROLES/Roles_page/Role Names"), 2): null

2020-03-13 15:39:45 - [TEST_STEP][PASSED] - for (org.openqa.selenium.WebElement a : RoleNames): null

2020-03-13 15:39:45 - [TEST_STEP][PASSED] - AllRoleNames.add(getText().toLowerCase()): null

2020-03-13 15:39:45 - [TEST_STEP][PASSED] - println(a.getText()): null

2020-03-13 15:39:45 - [TEST_STEP][PASSED] - AllRoleNames.add(getText().toLowerCase()): null

2020-03-13 15:39:45 - [TEST_STEP][PASSED] - println(a.getText()): null

2020-03-13 15:39:45 - [TEST_STEP][PASSED] - AllRoleNames.add(getText().toLowerCase()): null

2020-03-13 15:39:45 - [TEST_STEP][PASSED] - println(a.getText()): null

2020-03-13 15:39:45 - [TEST_STEP][PASSED] - AllRoleNames.add(getText().toLowerCase()): null

2020-03-13 15:39:45 - [TEST_STEP][PASSED] - println(a.getText()): null

2020-03-13 15:39:45 - [TEST_STEP][PASSED] - AllRoleNames.add(getText().toLowerCase()): null

2020-03-13 15:39:45 - [TEST_STEP][PASSED] - println(a.getText()): null

2020-03-13 15:39:45 - [TEST_STEP][PASSED] - AllRoleNames.add(getText().toLowerCase()): null

2020-03-13 15:39:45 - [TEST_STEP][PASSED] - println(a.getText()): null

2020-03-13 15:39:45 - [TEST_STEP][PASSED] - AllRoleNames.add(getText().toLowerCase()): null

2020-03-13 15:39:45 - [TEST_STEP][PASSED] - println(a.getText()): null

2020-03-13 15:39:45 - [TEST_STEP][PASSED] - AllRoleNames.add(getText().toLowerCase()): null

2020-03-13 15:39:45 - [TEST_STEP][PASSED] - println(a.getText()): null

2020-03-13 15:39:45 - [TEST_STEP][PASSED] - AllRoleNames.add(getText().toLowerCase()): null

2020-03-13 15:39:45 - [TEST_STEP][PASSED] - println(a.getText()): null

2020-03-13 15:39:45 - [TEST_STEP][PASSED] - AllRoleNames.add(getText().toLowerCase()): null

2020-03-13 15:39:45 - [TEST_STEP][PASSED] - println(a.getText()): null

2020-03-13 15:39:45 - [TEST_STEP][PASSED] - delay(2): Delayed 2 second(s)

2020-03-13 15:39:47 - [MESSAGE][PASSED] - Delayed 2 second(s)

2020-03-13 15:39:47 - [TEST_STEP][PASSED] - click(findTestObject("ROLES/Roles_page/Pagination/front_navigation")): Object: 'Object Repository/ROLES/Roles_page/Pagination/front_navigation' is clicked on

2020-03-13 15:39:47 - [MESSAGE][PASSED] - Object: 'Object Repository/ROLES/Roles_page/Pagination/front_navigation' is clicked on

2020-03-13 15:39:47 - [TEST_STEP][PASSED] - RoleNames = findWebElements(findTestObject("ROLES/Roles_page/Role Names"), 2): null

2020-03-13 15:39:48 - [TEST_STEP][PASSED] - for (org.openqa.selenium.WebElement a : RoleNames): null

2020-03-13 15:39:48 - [TEST_STEP][PASSED] - AllRoleNames.add(getText().toLowerCase()): null

2020-03-13 15:39:48 - [TEST_STEP][PASSED] - println(a.getText()): null

2020-03-13 15:39:48 - [TEST_STEP][PASSED] - AllRoleNames.add(getText().toLowerCase()): null

2020-03-13 15:39:48 - [TEST_STEP][PASSED] - println(a.getText()): null

2020-03-13 15:39:48 - [TEST_STEP][PASSED] - AllRoleNames.add(getText().toLowerCase()): null

2020-03-13 15:39:48 - [TEST_STEP][PASSED] - println(a.getText()): null

2020-03-13 15:39:48 - [TEST_STEP][PASSED] - AllRoleNames.add(getText().toLowerCase()): null

2020-03-13 15:39:48 - [TEST_STEP][PASSED] - println(a.getText()): null

2020-03-13 15:39:48 - [TEST_STEP][PASSED] - AllRoleNames.add(getText().toLowerCase()): null

2020-03-13 15:39:48 - [TEST_STEP][PASSED] - println(a.getText()): null

2020-03-13 15:39:48 - [TEST_STEP][PASSED] - AllRoleNames.add(getText().toLowerCase()): null

2020-03-13 15:39:48 - [TEST_STEP][PASSED] - println(a.getText()): null

2020-03-13 15:39:48 - [TEST_STEP][PASSED] - AllRoleNames.add(getText().toLowerCase()): null

2020-03-13 15:39:48 - [TEST_STEP][PASSED] - println(a.getText()): null

2020-03-13 15:39:48 - [TEST_STEP][PASSED] - AllRoleNames.add(getText().toLowerCase()): null

2020-03-13 15:39:48 - [TEST_STEP][PASSED] - println(a.getText()): null

2020-03-13 15:39:48 - [TEST_STEP][PASSED] - AllRoleNames.add(getText().toLowerCase()): null

2020-03-13 15:39:48 - [TEST_STEP][PASSED] - println(a.getText()): null

2020-03-13 15:39:48 - [TEST_STEP][PASSED] - AllRoleNames.add(getText().toLowerCase()): null

2020-03-13 15:39:48 - [TEST_STEP][PASSED] - println(a.getText()): null

2020-03-13 15:39:49 - [TEST_STEP][PASSED] - delay(2): Delayed 2 second(s)

2020-03-13 15:39:51 - [MESSAGE][PASSED] - Delayed 2 second(s)

2020-03-13 15:39:51 - [TEST_STEP][PASSED] - click(findTestObject("ROLES/Roles_page/Pagination/front_navigation")): Object: 'Object Repository/ROLES/Roles_page/Pagination/front_navigation' is clicked on

2020-03-13 15:39:51 - [MESSAGE][PASSED] - Object: 'Object Repository/ROLES/Roles_page/Pagination/front_navigation' is clicked on

2020-03-13 15:39:51 - [TEST_STEP][PASSED] - RoleNames = findWebElements(findTestObject("ROLES/Roles_page/Role Names"), 2): null

2020-03-13 15:39:52 - [TEST_STEP][PASSED] - for (org.openqa.selenium.WebElement a : RoleNames): null

2020-03-13 15:39:52 - [TEST_STEP][PASSED] - AllRoleNames.add(getText().toLowerCase()): null

2020-03-13 15:39:52 - [TEST_STEP][PASSED] - println(a.getText()): null

2020-03-13 15:39:52 - [TEST_STEP][PASSED] - AllRoleNames.add(getText().toLowerCase()): null

2020-03-13 15:39:52 - [TEST_STEP][PASSED] - println(a.getText()): null

2020-03-13 15:39:52 - [TEST_STEP][PASSED] - AllRoleNames.add(getText().toLowerCase()): null

2020-03-13 15:39:52 - [TEST_STEP][PASSED] - println(a.getText()): null

2020-03-13 15:39:52 - [TEST_STEP][PASSED] - AllRoleNames.add(getText().toLowerCase()): null

2020-03-13 15:39:52 - [TEST_STEP][PASSED] - println(a.getText()): null

2020-03-13 15:39:52 - [TEST_STEP][PASSED] - AllRoleNames.add(getText().toLowerCase()): null

2020-03-13 15:39:52 - [TEST_STEP][PASSED] - println(a.getText()): null

2020-03-13 15:39:52 - [TEST_STEP][PASSED] - AllRoleNames.add(getText().toLowerCase()): null

2020-03-13 15:39:52 - [TEST_STEP][PASSED] - println(a.getText()): null

2020-03-13 15:39:52 - [TEST_STEP][PASSED] - AllRoleNames.add(getText().toLowerCase()): null

2020-03-13 15:39:52 - [TEST_STEP][PASSED] - println(a.getText()): null

2020-03-13 15:39:52 - [TEST_STEP][PASSED] - AllRoleNames.add(getText().toLowerCase()): null

2020-03-13 15:39:52 - [TEST_STEP][PASSED] - println(a.getText()): null

2020-03-13 15:39:52 - [TEST_STEP][PASSED] - AllRoleNames.add(getText().toLowerCase()): null

2020-03-13 15:39:52 - [TEST_STEP][PASSED] - println(a.getText()): null

2020-03-13 15:39:52 - [TEST_STEP][PASSED] - AllRoleNames.add(getText().toLowerCase()): null

2020-03-13 15:39:52 - [TEST_STEP][PASSED] - println(a.getText()): null

2020-03-13 15:39:52 - [TEST_STEP][PASSED] - delay(2): Delayed 2 second(s)

2020-03-13 15:39:54 - [MESSAGE][PASSED] - Delayed 2 second(s)

2020-03-13 15:39:54 - [TEST_STEP][PASSED] - click(findTestObject("ROLES/Roles_page/Pagination/front_navigation")): Object: 'Object Repository/ROLES/Roles_page/Pagination/front_navigation' is clicked on

2020-03-13 15:39:55 - [MESSAGE][PASSED] - Object: 'Object Repository/ROLES/Roles_page/Pagination/front_navigation' is clicked on

2020-03-13 15:39:55 - [TEST_STEP][PASSED] - RoleNames = findWebElements(findTestObject("ROLES/Roles_page/Role Names"), 2): null

2020-03-13 15:39:56 - [TEST_STEP][PASSED] - for (org.openqa.selenium.WebElement a : RoleNames): null

2020-03-13 15:39:56 - [TEST_STEP][PASSED] - AllRoleNames.add(getText().toLowerCase()): null

2020-03-13 15:39:56 - [TEST_STEP][PASSED] - println(a.getText()): null

2020-03-13 15:39:56 - [TEST_STEP][PASSED] - AllRoleNames.add(getText().toLowerCase()): null

2020-03-13 15:39:56 - [TEST_STEP][PASSED] - println(a.getText()): null

2020-03-13 15:39:56 - [TEST_STEP][PASSED] - AllRoleNames.add(getText().toLowerCase()): null

2020-03-13 15:39:56 - [TEST_STEP][PASSED] - println(a.getText()): null

2020-03-13 15:39:56 - [TEST_STEP][PASSED] - AllRoleNames.add(getText().toLowerCase()): null

2020-03-13 15:39:56 - [TEST_STEP][PASSED] - println(a.getText()): null

2020-03-13 15:39:56 - [TEST_STEP][PASSED] - AllRoleNames.add(getText().toLowerCase()): null

2020-03-13 15:39:56 - [TEST_STEP][PASSED] - println(a.getText()): null

2020-03-13 15:39:56 - [TEST_STEP][PASSED] - AllRoleNames.add(getText().toLowerCase()): null

2020-03-13 15:39:56 - [TEST_STEP][PASSED] - println(a.getText()): null

2020-03-13 15:39:56 - [TEST_STEP][PASSED] - AllRoleNames.add(getText().toLowerCase()): null

2020-03-13 15:39:56 - [TEST_STEP][PASSED] - println(a.getText()): null

2020-03-13 15:39:56 - [TEST_STEP][PASSED] - AllRoleNames.add(getText().toLowerCase()): null

2020-03-13 15:39:56 - [TEST_STEP][PASSED] - println(a.getText()): null

2020-03-13 15:39:57 - [TEST_STEP][PASSED] - AllRoleNames.add(getText().toLowerCase()): null

2020-03-13 15:39:57 - [TEST_STEP][PASSED] - println(a.getText()): null

2020-03-13 15:39:57 - [TEST_STEP][PASSED] - AllRoleNames.add(getText().toLowerCase()): null

2020-03-13 15:39:57 - [TEST_STEP][PASSED] - println(a.getText()): null

2020-03-13 15:39:57 - [TEST_STEP][PASSED] - delay(2): Delayed 2 second(s)

2020-03-13 15:39:59 - [MESSAGE][PASSED] - Delayed 2 second(s)

2020-03-13 15:39:59 - [TEST_STEP][PASSED] - click(findTestObject("ROLES/Roles_page/Pagination/front_navigation")): Object: 'Object Repository/ROLES/Roles_page/Pagination/front_navigation' is clicked on

2020-03-13 15:39:59 - [MESSAGE][PASSED] - Object: 'Object Repository/ROLES/Roles_page/Pagination/front_navigation' is clicked on

2020-03-13 15:39:59 - [TEST_STEP][PASSED] - RoleNames = findWebElements(findTestObject("ROLES/Roles_page/Role Names"), 2): null

2020-03-13 15:40:00 - [TEST_STEP][PASSED] - for (org.openqa.selenium.WebElement a : RoleNames): null

2020-03-13 15:40:00 - [TEST_STEP][PASSED] - AllRoleNames.add(getText().toLowerCase()): null

2020-03-13 15:40:00 - [TEST_STEP][PASSED] - println(a.getText()): null

2020-03-13 15:40:00 - [TEST_STEP][PASSED] - AllRoleNames.add(getText().toLowerCase()): null

2020-03-13 15:40:00 - [TEST_STEP][PASSED] - println(a.getText()): null

2020-03-13 15:40:00 - [TEST_STEP][PASSED] - AllRoleNames.add(getText().toLowerCase()): null

2020-03-13 15:40:00 - [TEST_STEP][PASSED] - println(a.getText()): null

2020-03-13 15:40:00 - [TEST_STEP][PASSED] - AllRoleNames.add(getText().toLowerCase()): null

2020-03-13 15:40:00 - [TEST_STEP][PASSED] - println(a.getText()): null

2020-03-13 15:40:00 - [TEST_STEP][PASSED] - AllRoleNames.add(getText().toLowerCase()): null

2020-03-13 15:40:00 - [TEST_STEP][PASSED] - println(a.getText()): null

2020-03-13 15:40:00 - [TEST_STEP][PASSED] - AllRoleNames.add(getText().toLowerCase()): null

2020-03-13 15:40:00 - [TEST_STEP][PASSED] - println(a.getText()): null

2020-03-13 15:40:00 - [TEST_STEP][PASSED] - AllRoleNames.add(getText().toLowerCase()): null

2020-03-13 15:40:00 - [TEST_STEP][PASSED] - println(a.getText()): null

2020-03-13 15:40:00 - [TEST_STEP][PASSED] - AllRoleNames.add(getText().toLowerCase()): null

2020-03-13 15:40:00 - [TEST_STEP][PASSED] - println(a.getText()): null

2020-03-13 15:40:00 - [TEST_STEP][PASSED] - AllRoleNames.add(getText().toLowerCase()): null

2020-03-13 15:40:00 - [TEST_STEP][PASSED] - println(a.getText()): null

2020-03-13 15:40:00 - [TEST_STEP][PASSED] - AllRoleNames.add(getText().toLowerCase()): null

2020-03-13 15:40:00 - [TEST_STEP][PASSED] - println(a.getText()): null

2020-03-13 15:40:00 - [TEST_STEP][PASSED] - delay(2): Delayed 2 second(s)

2020-03-13 15:40:02 - [MESSAGE][PASSED] - Delayed 2 second(s)

2020-03-13 15:40:02 - [TEST_STEP][PASSED] - click(findTestObject("ROLES/Roles_page/Pagination/front_navigation")): Object: 'Object Repository/ROLES/Roles_page/Pagination/front_navigation' is clicked on

2020-03-13 15:40:03 - [MESSAGE][PASSED] - Object: 'Object Repository/ROLES/Roles_page/Pagination/front_navigation' is clicked on

2020-03-13 15:40:03 - [TEST_STEP][PASSED] - RoleNames = findWebElements(findTestObject("ROLES/Roles_page/Role Names"), 2): null

2020-03-13 15:40:04 - [TEST_STEP][PASSED] - for (org.openqa.selenium.WebElement a : RoleNames): null

2020-03-13 15:40:04 - [TEST_STEP][PASSED] - AllRoleNames.add(getText().toLowerCase()): null

2020-03-13 15:40:04 - [TEST_STEP][PASSED] - println(a.getText()): null

2020-03-13 15:40:04 - [TEST_STEP][PASSED] - AllRoleNames.add(getText().toLowerCase()): null

2020-03-13 15:40:04 - [TEST_STEP][PASSED] - println(a.getText()): null

2020-03-13 15:40:04 - [TEST_STEP][PASSED] - AllRoleNames.add(getText().toLowerCase()): null

2020-03-13 15:40:04 - [TEST_STEP][PASSED] - println(a.getText()): null

2020-03-13 15:40:04 - [TEST_STEP][PASSED] - AllRoleNames.add(getText().toLowerCase()): null

2020-03-13 15:40:04 - [TEST_STEP][PASSED] - println(a.getText()): null

2020-03-13 15:40:04 - [TEST_STEP][PASSED] - AllRoleNames.add(getText().toLowerCase()): null

2020-03-13 15:40:04 - [TEST_STEP][PASSED] - println(a.getText()): null

2020-03-13 15:40:04 - [TEST_STEP][PASSED] - AllRoleNames.add(getText().toLowerCase()): null

2020-03-13 15:40:04 - [TEST_STEP][PASSED] - println(a.getText()): null

2020-03-13 15:40:04 - [TEST_STEP][PASSED] - AllRoleNames.add(getText().toLowerCase()): null

2020-03-13 15:40:04 - [TEST_STEP][PASSED] - println(a.getText()): null

2020-03-13 15:40:04 - [TEST_STEP][PASSED] - AllRoleNames.add(getText().toLowerCase()): null

2020-03-13 15:40:04 - [TEST_STEP][PASSED] - println(a.getText()): null

2020-03-13 15:40:04 - [TEST_STEP][PASSED] - AllRoleNames.add(getText().toLowerCase()): null

2020-03-13 15:40:04 - [TEST_STEP][PASSED] - println(a.getText()): null

2020-03-13 15:40:04 - [TEST_STEP][PASSED] - AllRoleNames.add(getText().toLowerCase()): null

2020-03-13 15:40:04 - [TEST_STEP][PASSED] - println(a.getText()): null

2020-03-13 15:40:04 - [TEST_STEP][PASSED] - delay(2): Delayed 2 second(s)

2020-03-13 15:40:06 - [MESSAGE][PASSED] - Delayed 2 second(s)

2020-03-13 15:40:06 - [TEST_STEP][PASSED] - click(findTestObject("ROLES/Roles_page/Pagination/front_navigation")): Object: 'Object Repository/ROLES/Roles_page/Pagination/front_navigation' is clicked on

2020-03-13 15:40:06 - [MESSAGE][PASSED] - Object: 'Object Repository/ROLES/Roles_page/Pagination/front_navigation' is clicked on

2020-03-13 15:40:06 - [TEST_STEP][PASSED] - RoleNames = findWebElements(findTestObject("ROLES/Roles_page/Role Names"), 2): null

2020-03-13 15:40:07 - [TEST_STEP][PASSED] - for (org.openqa.selenium.WebElement a : RoleNames): null

2020-03-13 15:40:07 - [TEST_STEP][PASSED] - AllRoleNames.add(getText().toLowerCase()): null

2020-03-13 15:40:07 - [TEST_STEP][PASSED] - println(a.getText()): null

2020-03-13 15:40:07 - [TEST_STEP][PASSED] - AllRoleNames.add(getText().toLowerCase()): null

2020-03-13 15:40:07 - [TEST_STEP][PASSED] - println(a.getText()): null

2020-03-13 15:40:07 - [TEST_STEP][PASSED] - AllRoleNames.add(getText().toLowerCase()): null

2020-03-13 15:40:07 - [TEST_STEP][PASSED] - println(a.getText()): null

2020-03-13 15:40:07 - [TEST_STEP][PASSED] - AllRoleNames.add(getText().toLowerCase()): null

2020-03-13 15:40:07 - [TEST_STEP][PASSED] - println(a.getText()): null

2020-03-13 15:40:07 - [TEST_STEP][PASSED] - AllRoleNames.add(getText().toLowerCase()): null

2020-03-13 15:40:07 - [TEST_STEP][PASSED] - println(a.getText()): null

2020-03-13 15:40:07 - [TEST_STEP][PASSED] - AllRoleNames.add(getText().toLowerCase()): null

2020-03-13 15:40:07 - [TEST_STEP][PASSED] - println(a.getText()): null

2020-03-13 15:40:07 - [TEST_STEP][PASSED] - AllRoleNames.add(getText().toLowerCase()): null

2020-03-13 15:40:07 - [TEST_STEP][PASSED] - println(a.getText()): null

2020-03-13 15:40:07 - [TEST_STEP][PASSED] - AllRoleNames.add(getText().toLowerCase()): null

2020-03-13 15:40:07 - [TEST_STEP][PASSED] - println(a.getText()): null

2020-03-13 15:40:07 - [TEST_STEP][PASSED] - AllRoleNames.add(getText().toLowerCase()): null

2020-03-13 15:40:07 - [TEST_STEP][PASSED] - println(a.getText()): null

2020-03-13 15:40:07 - [TEST_STEP][PASSED] - AllRoleNames.add(getText().toLowerCase()): null

2020-03-13 15:40:07 - [TEST_STEP][PASSED] - println(a.getText()): null

2020-03-13 15:40:07 - [TEST_STEP][PASSED] - delay(2): Delayed 2 second(s)

2020-03-13 15:40:09 - [MESSAGE][PASSED] - Delayed 2 second(s)

2020-03-13 15:40:09 - [TEST_STEP][PASSED] - click(findTestObject("ROLES/Roles_page/Pagination/front_navigation")): Object: 'Object Repository/ROLES/Roles_page/Pagination/front_navigation' is clicked on

2020-03-13 15:40:09 - [MESSAGE][PASSED] - Object: 'Object Repository/ROLES/Roles_page/Pagination/front_navigation' is clicked on

2020-03-13 15:40:09 - [TEST_STEP][PASSED] - if (j == 1): null

2020-03-13 15:40:09 - [TEST_STEP][FAILED] - if (j == 2): Unable to verify equal between actual object 'false' and expected object 'true' (Root cause: com.kms.katalon.core.exception.StepFailedException: Actual object 'false' and expected object 'true' are not equal
	at com.kms.katalon.core.keyword.builtin.VerifyEqualKeyword$_verifyEqual_closure1.doCall(VerifyEqualKeyword.groovy:58)
	at com.kms.katalon.core.keyword.builtin.VerifyEqualKeyword$_verifyEqual_closure1.call(VerifyEqualKeyword.groovy)
	at com.kms.katalon.core.keyword.internal.KeywordMain.runKeyword(KeywordMain.groovy:68)
	at com.kms.katalon.core.keyword.builtin.VerifyEqualKeyword.verifyEqual(VerifyEqualKeyword.groovy:63)
	at com.kms.katalon.core.keyword.builtin.VerifyEqualKeyword.execute(VerifyEqualKeyword.groovy:44)
	at com.kms.katalon.core.keyword.internal.KeywordExecutor.executeKeywordForPlatform(KeywordExecutor.groovy:72)
	at com.kms.katalon.core.keyword.BuiltinKeywords.verifyEqual(BuiltinKeywords.groovy:141)
	at RLG-010 Verify sorting by RoleName.run(RLG-010 Verify sorting by RoleName:95)
	at com.kms.katalon.core.main.ScriptEngine.run(ScriptEngine.java:194)
	at com.kms.katalon.core.main.ScriptEngine.runScriptAsRawText(ScriptEngine.java:119)
	at com.kms.katalon.core.main.TestCaseExecutor.runScript(TestCaseExecutor.java:337)
	at com.kms.katalon.core.main.TestCaseExecutor.doExecute(TestCaseExecutor.java:328)
	at com.kms.katalon.core.main.TestCaseExecutor.processExecutionPhase(TestCaseExecutor.java:307)
	at com.kms.katalon.core.main.TestCaseExecutor.accessMainPhase(TestCaseExecutor.java:299)
	at com.kms.katalon.core.main.TestCaseExecutor.execute(TestCaseExecutor.java:233)
	at com.kms.katalon.core.main.TestSuiteExecutor.accessTestCaseMainPhase(TestSuiteExecutor.java:169)
	at com.kms.katalon.core.main.TestSuiteExecutor.accessTestSuiteMainPhase(TestSuiteExecutor.java:142)
	at com.kms.katalon.core.main.TestSuiteExecutor.execute(TestSuiteExecutor.java:91)
	at com.kms.katalon.core.main.TestCaseMain.startTestSuite(TestCaseMain.java:157)
	at com.kms.katalon.core.main.TestCaseMain$startTestSuite$0.call(Unknown Source)
	at TempTestSuite1584093757634.run(TempTestSuite1584093757634.groovy:36)
)

2020-03-13 15:40:09 - [TEST_STEP][PASSED] - isSorted = web.CustomKeyword.checkListAscendingOrder(AllRoleNames): web.CustomKeyword.checkListAscendingOrder is PASSED

2020-03-13 15:40:09 - [MESSAGE][PASSED] - web.CustomKeyword.checkListAscendingOrder is PASSED

2020-03-13 15:40:09 - [TEST_STEP][PASSED] - println(AllRoleNames.size()): null

2020-03-13 15:40:09 - [TEST_STEP][PASSED] - println(AllRoleNames): null

2020-03-13 15:40:09 - [TEST_STEP][FAILED] - verifyEqual(isSorted, true): Unable to verify equal between actual object 'false' and expected object 'true' (Root cause: com.kms.katalon.core.exception.StepFailedException: Actual object 'false' and expected object 'true' are not equal
	at com.kms.katalon.core.keyword.builtin.VerifyEqualKeyword$_verifyEqual_closure1.doCall(VerifyEqualKeyword.groovy:58)
	at com.kms.katalon.core.keyword.builtin.VerifyEqualKeyword$_verifyEqual_closure1.call(VerifyEqualKeyword.groovy)
	at com.kms.katalon.core.keyword.internal.KeywordMain.runKeyword(KeywordMain.groovy:68)
	at com.kms.katalon.core.keyword.builtin.VerifyEqualKeyword.verifyEqual(VerifyEqualKeyword.groovy:63)
	at com.kms.katalon.core.keyword.builtin.VerifyEqualKeyword.execute(VerifyEqualKeyword.groovy:44)
	at com.kms.katalon.core.keyword.internal.KeywordExecutor.executeKeywordForPlatform(KeywordExecutor.groovy:72)
	at com.kms.katalon.core.keyword.BuiltinKeywords.verifyEqual(BuiltinKeywords.groovy:141)
	at RLG-010 Verify sorting by RoleName.run(RLG-010 Verify sorting by RoleName:95)
	at com.kms.katalon.core.main.ScriptEngine.run(ScriptEngine.java:194)
	at com.kms.katalon.core.main.ScriptEngine.runScriptAsRawText(ScriptEngine.java:119)
	at com.kms.katalon.core.main.TestCaseExecutor.runScript(TestCaseExecutor.java:337)
	at com.kms.katalon.core.main.TestCaseExecutor.doExecute(TestCaseExecutor.java:328)
	at com.kms.katalon.core.main.TestCaseExecutor.processExecutionPhase(TestCaseExecutor.java:307)
	at com.kms.katalon.core.main.TestCaseExecutor.accessMainPhase(TestCaseExecutor.java:299)
	at com.kms.katalon.core.main.TestCaseExecutor.execute(TestCaseExecutor.java:233)
	at com.kms.katalon.core.main.TestSuiteExecutor.accessTestCaseMainPhase(TestSuiteExecutor.java:169)
	at com.kms.katalon.core.main.TestSuiteExecutor.accessTestSuiteMainPhase(TestSuiteExecutor.java:142)
	at com.kms.katalon.core.main.TestSuiteExecutor.execute(TestSuiteExecutor.java:91)
	at com.kms.katalon.core.main.TestCaseMain.startTestSuite(TestCaseMain.java:157)
	at com.kms.katalon.core.main.TestCaseMain$startTestSuite$0.call(Unknown Source)
	at TempTestSuite1584093757634.run(TempTestSuite1584093757634.groovy:36)
)

2020-03-13 15:40:09 - [MESSAGE][FAILED] - Unable to verify equal between actual object 'false' and expected object 'true' (Root cause: com.kms.katalon.core.exception.StepFailedException: Actual object 'false' and expected object 'true' are not equal
	at com.kms.katalon.core.keyword.builtin.VerifyEqualKeyword$_verifyEqual_closure1.doCall(VerifyEqualKeyword.groovy:58)
	at com.kms.katalon.core.keyword.builtin.VerifyEqualKeyword$_verifyEqual_closure1.call(VerifyEqualKeyword.groovy)
	at com.kms.katalon.core.keyword.internal.KeywordMain.runKeyword(KeywordMain.groovy:68)
	at com.kms.katalon.core.keyword.builtin.VerifyEqualKeyword.verifyEqual(VerifyEqualKeyword.groovy:63)
	at com.kms.katalon.core.keyword.builtin.VerifyEqualKeyword.execute(VerifyEqualKeyword.groovy:44)
	at com.kms.katalon.core.keyword.internal.KeywordExecutor.executeKeywordForPlatform(KeywordExecutor.groovy:72)
	at com.kms.katalon.core.keyword.BuiltinKeywords.verifyEqual(BuiltinKeywords.groovy:141)
	at RLG-010 Verify sorting by RoleName.run(RLG-010 Verify sorting by RoleName:95)
	at com.kms.katalon.core.main.ScriptEngine.run(ScriptEngine.java:194)
	at com.kms.katalon.core.main.ScriptEngine.runScriptAsRawText(ScriptEngine.java:119)
	at com.kms.katalon.core.main.TestCaseExecutor.runScript(TestCaseExecutor.java:337)
	at com.kms.katalon.core.main.TestCaseExecutor.doExecute(TestCaseExecutor.java:328)
	at com.kms.katalon.core.main.TestCaseExecutor.processExecutionPhase(TestCaseExecutor.java:307)
	at com.kms.katalon.core.main.TestCaseExecutor.accessMainPhase(TestCaseExecutor.java:299)
	at com.kms.katalon.core.main.TestCaseExecutor.execute(TestCaseExecutor.java:233)
	at com.kms.katalon.core.main.TestSuiteExecutor.accessTestCaseMainPhase(TestSuiteExecutor.java:169)
	at com.kms.katalon.core.main.TestSuiteExecutor.accessTestSuiteMainPhase(TestSuiteExecutor.java:142)
	at com.kms.katalon.core.main.TestSuiteExecutor.execute(TestSuiteExecutor.java:91)
	at com.kms.katalon.core.main.TestCaseMain.startTestSuite(TestCaseMain.java:157)
	at com.kms.katalon.core.main.TestCaseMain$startTestSuite$0.call(Unknown Source)
	at TempTestSuite1584093757634.run(TempTestSuite1584093757634.groovy:36)
)

2020-03-13 15:40:09 - [TEST_STEP][PASSED] - clearText(findTestObject("Object Repository/ROLES/Roles_page/Pagination/input_Page_form-control")): Text of object 'Object Repository/ROLES/Roles_page/Pagination/input_Page_form-control' is cleared

2020-03-13 15:40:11 - [MESSAGE][PASSED] - Text of object 'Object Repository/ROLES/Roles_page/Pagination/input_Page_form-control' is cleared

2020-03-13 15:40:11 - [TEST_STEP][PASSED] - setText(findTestObject("Object Repository/ROLES/Roles_page/Pagination/input_Page_form-control"), BACK_SPACE + BACK_SPACE + "1" + ENTER): Text 'BACK_SPACE + BACK_SPACE + ENTER + 1' is set on object 'Object Repository/ROLES/Roles_page/Pagination/input_Page_form-control'

2020-03-13 15:40:11 - [MESSAGE][PASSED] - Text 'BACK_SPACE + BACK_SPACE + ENTER + 1' is set on object 'Object Repository/ROLES/Roles_page/Pagination/input_Page_form-control'

2020-03-13 15:40:11 - [TEST_STEP][PASSED] - Start listener action : sampleAfterTestCase: Taking screenshot successfully

2020-03-13 15:40:11 - [TEST_STEP][PASSED] - println(testCaseContext.getTestCaseId()): null

2020-03-13 15:40:11 - [TEST_STEP][PASSED] - println(testCaseContext.getTestCaseStatus()): null

2020-03-13 15:40:11 - [TEST_STEP][PASSED] - println("On Failure Method is Calling : " + testCaseContext.getTestCaseStatus()): null

2020-03-13 15:40:11 - [TEST_STEP][PASSED] - if (!(getTestCaseStatus().equalsIgnoreCase("PASSED"))): Taking screenshot successfully

2020-03-13 15:40:13 - [MESSAGE][PASSED] - Taking screenshot successfully
[[ATTACHMENT|D:\\TestDataForSampleProject\\test1.jpg]]

2020-03-13 15:40:15 - [TEST_STEP][PASSED] - Video: Video recording for test case 'Test Cases/Atlas Platform/Configuration Management/Platform Management/ROLES/Role Listing Grid/RLG-010 Verify sorting by RoleName' .

2020-03-13 15:40:15 - [MESSAGE][INFO] - Video recording for test case 'Test Cases/Atlas Platform/Configuration Management/Platform Management/ROLES/Role Listing Grid/RLG-010 Verify sorting by RoleName' .
[[ATTACHMENT|C:\\Users\\Dell\\git\\AtlasPlatform_QA\\Reports\\20200313_153232\\ROLES\\Roles (sanity)\\20200313_153232/videos\\test_9.avi]]]]></system-out>
         <system-err><![CDATA[2020-03-13 15:37:41 - [TEST_CASE][FAILED] - Test Cases/Atlas Platform/Configuration Management/Platform Management/ROLES/Role Listing Grid/RLG-010 Verify sorting by RoleName: Test Cases/Atlas Platform/Configuration Management/Platform Management/ROLES/Role Listing Grid/RLG-010 Verify sorting by RoleName FAILED.
Reason:
com.kms.katalon.core.exception.StepFailedException: Unable to verify equal between actual object 'false' and expected object 'true' (Root cause: com.kms.katalon.core.exception.StepFailedException: Actual object 'false' and expected object 'true' are not equal
	at com.kms.katalon.core.keyword.builtin.VerifyEqualKeyword$_verifyEqual_closure1.doCall(VerifyEqualKeyword.groovy:58)
	at com.kms.katalon.core.keyword.builtin.VerifyEqualKeyword$_verifyEqual_closure1.call(VerifyEqualKeyword.groovy)
	at com.kms.katalon.core.keyword.internal.KeywordMain.runKeyword(KeywordMain.groovy:68)
	at com.kms.katalon.core.keyword.builtin.VerifyEqualKeyword.verifyEqual(VerifyEqualKeyword.groovy:63)
	at com.kms.katalon.core.keyword.builtin.VerifyEqualKeyword.execute(VerifyEqualKeyword.groovy:44)
	at com.kms.katalon.core.keyword.internal.KeywordExecutor.executeKeywordForPlatform(KeywordExecutor.groovy:72)
	at com.kms.katalon.core.keyword.BuiltinKeywords.verifyEqual(BuiltinKeywords.groovy:141)
	at RLG-010 Verify sorting by RoleName.run(RLG-010 Verify sorting by RoleName:95)
	at com.kms.katalon.core.main.ScriptEngine.run(ScriptEngine.java:194)
	at com.kms.katalon.core.main.ScriptEngine.runScriptAsRawText(ScriptEngine.java:119)
	at com.kms.katalon.core.main.TestCaseExecutor.runScript(TestCaseExecutor.java:337)
	at com.kms.katalon.core.main.TestCaseExecutor.doExecute(TestCaseExecutor.java:328)
	at com.kms.katalon.core.main.TestCaseExecutor.processExecutionPhase(TestCaseExecutor.java:307)
	at com.kms.katalon.core.main.TestCaseExecutor.accessMainPhase(TestCaseExecutor.java:299)
	at com.kms.katalon.core.main.TestCaseExecutor.execute(TestCaseExecutor.java:233)
	at com.kms.katalon.core.main.TestSuiteExecutor.accessTestCaseMainPhase(TestSuiteExecutor.java:169)
	at com.kms.katalon.core.main.TestSuiteExecutor.accessTestSuiteMainPhase(TestSuiteExecutor.java:142)
	at com.kms.katalon.core.main.TestSuiteExecutor.execute(TestSuiteExecutor.java:91)
	at com.kms.katalon.core.main.TestCaseMain.startTestSuite(TestCaseMain.java:157)
	at com.kms.katalon.core.main.TestCaseMain$startTestSuite$0.call(Unknown Source)
	at TempTestSuite1584093757634.run(TempTestSuite1584093757634.groovy:36)
)
	at com.kms.katalon.core.keyword.internal.KeywordMain.stepFailed(KeywordMain.groovy:39)
	at com.kms.katalon.core.keyword.internal.KeywordMain.stepFailed(KeywordMain.groovy)
	at com.kms.katalon.core.keyword.internal.KeywordMain.runKeyword(KeywordMain.groovy:70)
	at com.kms.katalon.core.keyword.builtin.VerifyEqualKeyword.verifyEqual(VerifyEqualKeyword.groovy:63)
	at com.kms.katalon.core.keyword.builtin.VerifyEqualKeyword.execute(VerifyEqualKeyword.groovy:44)
	at com.kms.katalon.core.keyword.internal.KeywordExecutor.executeKeywordForPlatform(KeywordExecutor.groovy:72)
	at com.kms.katalon.core.keyword.BuiltinKeywords.verifyEqual(BuiltinKeywords.groovy:141)
	at RLG-010 Verify sorting by RoleName.run(RLG-010 Verify sorting by RoleName:95)
	at com.kms.katalon.core.main.ScriptEngine.run(ScriptEngine.java:194)
	at com.kms.katalon.core.main.ScriptEngine.runScriptAsRawText(ScriptEngine.java:119)
	at com.kms.katalon.core.main.TestCaseExecutor.runScript(TestCaseExecutor.java:337)
	at com.kms.katalon.core.main.TestCaseExecutor.doExecute(TestCaseExecutor.java:328)
	at com.kms.katalon.core.main.TestCaseExecutor.processExecutionPhase(TestCaseExecutor.java:307)
	at com.kms.katalon.core.main.TestCaseExecutor.accessMainPhase(TestCaseExecutor.java:299)
	at com.kms.katalon.core.main.TestCaseExecutor.execute(TestCaseExecutor.java:233)
	at com.kms.katalon.core.main.TestSuiteExecutor.accessTestCaseMainPhase(TestSuiteExecutor.java:169)
	at com.kms.katalon.core.main.TestSuiteExecutor.accessTestSuiteMainPhase(TestSuiteExecutor.java:142)
	at com.kms.katalon.core.main.TestSuiteExecutor.execute(TestSuiteExecutor.java:91)
	at com.kms.katalon.core.main.TestCaseMain.startTestSuite(TestCaseMain.java:157)
	at com.kms.katalon.core.main.TestCaseMain$startTestSuite$0.call(Unknown Source)
	at TempTestSuite1584093757634.run(TempTestSuite1584093757634.groovy:36)
Caused by: com.kms.katalon.core.exception.StepFailedException: Actual object 'false' and expected object 'true' are not equal
	at com.kms.katalon.core.keyword.builtin.VerifyEqualKeyword$_verifyEqual_closure1.doCall(VerifyEqualKeyword.groovy:58)
	at com.kms.katalon.core.keyword.builtin.VerifyEqualKeyword$_verifyEqual_closure1.call(VerifyEqualKeyword.groovy)
	at com.kms.katalon.core.keyword.internal.KeywordMain.runKeyword(KeywordMain.groovy:68)
	... 18 more]]></system-err>
      </testcase>
      <testcase name="Test Cases/Atlas Platform/Configuration Management/Platform Management/ROLES/Role Listing Grid/RLG-011 Verify sorting by Status" time="71.574" classname="Test Cases/Atlas Platform/Configuration Management/Platform Management/ROLES/Role Listing Grid/RLG-011 Verify sorting by Status" status="PASSED">
         <system-out><![CDATA[2020-03-13 15:40:15 - [TEST_CASE][PASSED] - Test Cases/Atlas Platform/Configuration Management/Platform Management/ROLES/Role Listing Grid/RLG-011 Verify sorting by Status: Test Cases/Atlas Platform/Configuration Management/Platform Management/ROLES/Role Listing Grid/RLG-011 Verify sorting by Status

2020-03-13 15:40:15 - [TEST_STEP][NOT_RUN] - callTestCase(findTestCase("Atlas Platform/Platform Navigation/Login/Default Logins/Default_Login_as_Root Admin"), ["Email":findTestData("AMP_Y").getValue(1, 1), "Password":findTestData("AMP_Y").getValue(2, 1), "dashboard_exp_title":""], CONTINUE_ON_FAILURE): NOT_RUN: callTestCase(findTestCase("Atlas Platform/Platform Navigation/Login/Default Logins/Default_Login_as_Root Admin"), ["Email":findTestData("AMP_Y").getValue(1, 1), "Password":findTestData("AMP_Y").getValue(2, 1), "dashboard_exp_title":""], CONTINUE_ON_FAILURE)

2020-03-13 15:40:15 - [MESSAGE][NOT_RUN] - NOT_RUN: callTestCase(findTestCase("Atlas Platform/Platform Navigation/Login/Default Logins/Default_Login_as_Root Admin"), ["Email":findTestData("AMP_Y").getValue(1, 1), "Password":findTestData("AMP_Y").getValue(2, 1), "dashboard_exp_title":""], CONTINUE_ON_FAILURE)

2020-03-13 15:40:15 - [TEST_STEP][PASSED] - driver = getWebDriver(): null

2020-03-13 15:40:15 - [TEST_STEP][NOT_RUN] - click(findTestObject("ROLES/Role_Navigation/a_ADMIN")): NOT_RUN: click(findTestObject("ROLES/Role_Navigation/a_ADMIN"))

2020-03-13 15:40:15 - [MESSAGE][NOT_RUN] - NOT_RUN: click(findTestObject("ROLES/Role_Navigation/a_ADMIN"))

2020-03-13 15:40:15 - [TEST_STEP][PASSED] - noOfPages_text = getText(findTestObject("ROLES/Roles_page/Pagination/label_of 10")): Text of object 'Object Repository/ROLES/Roles_page/Pagination/label_of 10' is: 'of 18'

2020-03-13 15:40:16 - [MESSAGE][PASSED] - Text of object 'Object Repository/ROLES/Roles_page/Pagination/label_of 10' is: 'of 18'

2020-03-13 15:40:16 - [TEST_STEP][PASSED] - noOfPages = Integer.parseInt(noOfPages_text.substring(3)): null

2020-03-13 15:40:16 - [TEST_STEP][PASSED] - println(noOfPages): null

2020-03-13 15:40:16 - [TEST_STEP][PASSED] - for ([j = 1, j < 3, (j++)]): Actual object 'true' and expected object 'true' are equal

2020-03-13 15:40:16 - [TEST_STEP][PASSED] - click(findTestObject("ROLES/Roles_page/sorting/Status_header")): Object: 'Object Repository/ROLES/Roles_page/sorting/Status_header' is clicked on

2020-03-13 15:40:16 - [MESSAGE][PASSED] - Object: 'Object Repository/ROLES/Roles_page/sorting/Status_header' is clicked on

2020-03-13 15:40:16 - [TEST_STEP][PASSED] - status = <not implemented yet for class: org.codehaus.groovy.ast.expr.EmptyExpression>: null

2020-03-13 15:40:16 - [TEST_STEP][PASSED] - AllStatus = new java.util.ArrayList(): null

2020-03-13 15:40:16 - [TEST_STEP][PASSED] - for ([i = 1, i <= noOfPages, (i++)]): Object: 'Object Repository/ROLES/Roles_page/Pagination/front_navigation' is clicked on

2020-03-13 15:40:16 - [TEST_STEP][PASSED] - status = findWebElements(findTestObject("ROLES/Roles_page/sorting/status"), 2): null

2020-03-13 15:40:17 - [TEST_STEP][PASSED] - for (org.openqa.selenium.WebElement a : status): null

2020-03-13 15:40:17 - [TEST_STEP][PASSED] - AllStatus.add(a.getText()): null

2020-03-13 15:40:17 - [TEST_STEP][PASSED] - AllStatus.add(a.getText()): null

2020-03-13 15:40:17 - [TEST_STEP][PASSED] - AllStatus.add(a.getText()): null

2020-03-13 15:40:17 - [TEST_STEP][PASSED] - AllStatus.add(a.getText()): null

2020-03-13 15:40:18 - [TEST_STEP][PASSED] - AllStatus.add(a.getText()): null

2020-03-13 15:40:18 - [TEST_STEP][PASSED] - AllStatus.add(a.getText()): null

2020-03-13 15:40:18 - [TEST_STEP][PASSED] - AllStatus.add(a.getText()): null

2020-03-13 15:40:18 - [TEST_STEP][PASSED] - AllStatus.add(a.getText()): null

2020-03-13 15:40:18 - [TEST_STEP][PASSED] - AllStatus.add(a.getText()): null

2020-03-13 15:40:18 - [TEST_STEP][PASSED] - AllStatus.add(a.getText()): null

2020-03-13 15:40:18 - [TEST_STEP][PASSED] - click(findTestObject("ROLES/Roles_page/Pagination/front_navigation")): Object: 'Object Repository/ROLES/Roles_page/Pagination/front_navigation' is clicked on

2020-03-13 15:40:18 - [MESSAGE][PASSED] - Object: 'Object Repository/ROLES/Roles_page/Pagination/front_navigation' is clicked on

2020-03-13 15:40:18 - [TEST_STEP][PASSED] - status = findWebElements(findTestObject("ROLES/Roles_page/sorting/status"), 2): null

2020-03-13 15:40:19 - [TEST_STEP][PASSED] - for (org.openqa.selenium.WebElement a : status): null

2020-03-13 15:40:19 - [TEST_STEP][PASSED] - AllStatus.add(a.getText()): null

2020-03-13 15:40:19 - [TEST_STEP][PASSED] - AllStatus.add(a.getText()): null

2020-03-13 15:40:19 - [TEST_STEP][PASSED] - AllStatus.add(a.getText()): null

2020-03-13 15:40:19 - [TEST_STEP][PASSED] - AllStatus.add(a.getText()): null

2020-03-13 15:40:19 - [TEST_STEP][PASSED] - AllStatus.add(a.getText()): null

2020-03-13 15:40:19 - [TEST_STEP][PASSED] - AllStatus.add(a.getText()): null

2020-03-13 15:40:19 - [TEST_STEP][PASSED] - AllStatus.add(a.getText()): null

2020-03-13 15:40:19 - [TEST_STEP][PASSED] - AllStatus.add(a.getText()): null

2020-03-13 15:40:19 - [TEST_STEP][PASSED] - AllStatus.add(a.getText()): null

2020-03-13 15:40:19 - [TEST_STEP][PASSED] - AllStatus.add(a.getText()): null

2020-03-13 15:40:19 - [TEST_STEP][PASSED] - click(findTestObject("ROLES/Roles_page/Pagination/front_navigation")): Object: 'Object Repository/ROLES/Roles_page/Pagination/front_navigation' is clicked on

2020-03-13 15:40:20 - [MESSAGE][PASSED] - Object: 'Object Repository/ROLES/Roles_page/Pagination/front_navigation' is clicked on

2020-03-13 15:40:20 - [TEST_STEP][PASSED] - status = findWebElements(findTestObject("ROLES/Roles_page/sorting/status"), 2): null

2020-03-13 15:40:21 - [TEST_STEP][PASSED] - for (org.openqa.selenium.WebElement a : status): null

2020-03-13 15:40:21 - [TEST_STEP][PASSED] - AllStatus.add(a.getText()): null

2020-03-13 15:40:21 - [TEST_STEP][PASSED] - AllStatus.add(a.getText()): null

2020-03-13 15:40:21 - [TEST_STEP][PASSED] - AllStatus.add(a.getText()): null

2020-03-13 15:40:21 - [TEST_STEP][PASSED] - AllStatus.add(a.getText()): null

2020-03-13 15:40:21 - [TEST_STEP][PASSED] - AllStatus.add(a.getText()): null

2020-03-13 15:40:21 - [TEST_STEP][PASSED] - AllStatus.add(a.getText()): null

2020-03-13 15:40:21 - [TEST_STEP][PASSED] - AllStatus.add(a.getText()): null

2020-03-13 15:40:21 - [TEST_STEP][PASSED] - AllStatus.add(a.getText()): null

2020-03-13 15:40:21 - [TEST_STEP][PASSED] - AllStatus.add(a.getText()): null

2020-03-13 15:40:21 - [TEST_STEP][PASSED] - AllStatus.add(a.getText()): null

2020-03-13 15:40:21 - [TEST_STEP][PASSED] - click(findTestObject("ROLES/Roles_page/Pagination/front_navigation")): Object: 'Object Repository/ROLES/Roles_page/Pagination/front_navigation' is clicked on

2020-03-13 15:40:21 - [MESSAGE][PASSED] - Object: 'Object Repository/ROLES/Roles_page/Pagination/front_navigation' is clicked on

2020-03-13 15:40:21 - [TEST_STEP][PASSED] - status = findWebElements(findTestObject("ROLES/Roles_page/sorting/status"), 2): null

2020-03-13 15:40:22 - [TEST_STEP][PASSED] - for (org.openqa.selenium.WebElement a : status): null

2020-03-13 15:40:22 - [TEST_STEP][PASSED] - AllStatus.add(a.getText()): null

2020-03-13 15:40:22 - [TEST_STEP][PASSED] - AllStatus.add(a.getText()): null

2020-03-13 15:40:22 - [TEST_STEP][PASSED] - AllStatus.add(a.getText()): null

2020-03-13 15:40:22 - [TEST_STEP][PASSED] - AllStatus.add(a.getText()): null

2020-03-13 15:40:22 - [TEST_STEP][PASSED] - AllStatus.add(a.getText()): null

2020-03-13 15:40:22 - [TEST_STEP][PASSED] - AllStatus.add(a.getText()): null

2020-03-13 15:40:22 - [TEST_STEP][PASSED] - AllStatus.add(a.getText()): null

2020-03-13 15:40:22 - [TEST_STEP][PASSED] - AllStatus.add(a.getText()): null

2020-03-13 15:40:22 - [TEST_STEP][PASSED] - AllStatus.add(a.getText()): null

2020-03-13 15:40:22 - [TEST_STEP][PASSED] - AllStatus.add(a.getText()): null

2020-03-13 15:40:22 - [TEST_STEP][PASSED] - click(findTestObject("ROLES/Roles_page/Pagination/front_navigation")): Object: 'Object Repository/ROLES/Roles_page/Pagination/front_navigation' is clicked on

2020-03-13 15:40:23 - [MESSAGE][PASSED] - Object: 'Object Repository/ROLES/Roles_page/Pagination/front_navigation' is clicked on

2020-03-13 15:40:23 - [TEST_STEP][PASSED] - status = findWebElements(findTestObject("ROLES/Roles_page/sorting/status"), 2): null

2020-03-13 15:40:23 - [TEST_STEP][PASSED] - for (org.openqa.selenium.WebElement a : status): null

2020-03-13 15:40:23 - [TEST_STEP][PASSED] - AllStatus.add(a.getText()): null

2020-03-13 15:40:23 - [TEST_STEP][PASSED] - AllStatus.add(a.getText()): null

2020-03-13 15:40:23 - [TEST_STEP][PASSED] - AllStatus.add(a.getText()): null

2020-03-13 15:40:23 - [TEST_STEP][PASSED] - AllStatus.add(a.getText()): null

2020-03-13 15:40:24 - [TEST_STEP][PASSED] - AllStatus.add(a.getText()): null

2020-03-13 15:40:24 - [TEST_STEP][PASSED] - AllStatus.add(a.getText()): null

2020-03-13 15:40:24 - [TEST_STEP][PASSED] - AllStatus.add(a.getText()): null

2020-03-13 15:40:24 - [TEST_STEP][PASSED] - AllStatus.add(a.getText()): null

2020-03-13 15:40:24 - [TEST_STEP][PASSED] - AllStatus.add(a.getText()): null

2020-03-13 15:40:24 - [TEST_STEP][PASSED] - AllStatus.add(a.getText()): null

2020-03-13 15:40:24 - [TEST_STEP][PASSED] - click(findTestObject("ROLES/Roles_page/Pagination/front_navigation")): Object: 'Object Repository/ROLES/Roles_page/Pagination/front_navigation' is clicked on

2020-03-13 15:40:24 - [MESSAGE][PASSED] - Object: 'Object Repository/ROLES/Roles_page/Pagination/front_navigation' is clicked on

2020-03-13 15:40:24 - [TEST_STEP][PASSED] - status = findWebElements(findTestObject("ROLES/Roles_page/sorting/status"), 2): null

2020-03-13 15:40:26 - [TEST_STEP][PASSED] - for (org.openqa.selenium.WebElement a : status): null

2020-03-13 15:40:26 - [TEST_STEP][PASSED] - AllStatus.add(a.getText()): null

2020-03-13 15:40:26 - [TEST_STEP][PASSED] - AllStatus.add(a.getText()): null

2020-03-13 15:40:26 - [TEST_STEP][PASSED] - AllStatus.add(a.getText()): null

2020-03-13 15:40:26 - [TEST_STEP][PASSED] - AllStatus.add(a.getText()): null

2020-03-13 15:40:26 - [TEST_STEP][PASSED] - AllStatus.add(a.getText()): null

2020-03-13 15:40:26 - [TEST_STEP][PASSED] - AllStatus.add(a.getText()): null

2020-03-13 15:40:26 - [TEST_STEP][PASSED] - AllStatus.add(a.getText()): null

2020-03-13 15:40:26 - [TEST_STEP][PASSED] - AllStatus.add(a.getText()): null

2020-03-13 15:40:26 - [TEST_STEP][PASSED] - AllStatus.add(a.getText()): null

2020-03-13 15:40:26 - [TEST_STEP][PASSED] - AllStatus.add(a.getText()): null

2020-03-13 15:40:26 - [TEST_STEP][PASSED] - click(findTestObject("ROLES/Roles_page/Pagination/front_navigation")): Object: 'Object Repository/ROLES/Roles_page/Pagination/front_navigation' is clicked on

2020-03-13 15:40:26 - [MESSAGE][PASSED] - Object: 'Object Repository/ROLES/Roles_page/Pagination/front_navigation' is clicked on

2020-03-13 15:40:26 - [TEST_STEP][PASSED] - status = findWebElements(findTestObject("ROLES/Roles_page/sorting/status"), 2): null

2020-03-13 15:40:27 - [TEST_STEP][PASSED] - for (org.openqa.selenium.WebElement a : status): null

2020-03-13 15:40:27 - [TEST_STEP][PASSED] - AllStatus.add(a.getText()): null

2020-03-13 15:40:27 - [TEST_STEP][PASSED] - AllStatus.add(a.getText()): null

2020-03-13 15:40:27 - [TEST_STEP][PASSED] - AllStatus.add(a.getText()): null

2020-03-13 15:40:27 - [TEST_STEP][PASSED] - AllStatus.add(a.getText()): null

2020-03-13 15:40:27 - [TEST_STEP][PASSED] - AllStatus.add(a.getText()): null

2020-03-13 15:40:27 - [TEST_STEP][PASSED] - AllStatus.add(a.getText()): null

2020-03-13 15:40:27 - [TEST_STEP][PASSED] - AllStatus.add(a.getText()): null

2020-03-13 15:40:27 - [TEST_STEP][PASSED] - AllStatus.add(a.getText()): null

2020-03-13 15:40:27 - [TEST_STEP][PASSED] - AllStatus.add(a.getText()): null

2020-03-13 15:40:27 - [TEST_STEP][PASSED] - AllStatus.add(a.getText()): null

2020-03-13 15:40:27 - [TEST_STEP][PASSED] - click(findTestObject("ROLES/Roles_page/Pagination/front_navigation")): Object: 'Object Repository/ROLES/Roles_page/Pagination/front_navigation' is clicked on

2020-03-13 15:40:28 - [MESSAGE][PASSED] - Object: 'Object Repository/ROLES/Roles_page/Pagination/front_navigation' is clicked on

2020-03-13 15:40:28 - [TEST_STEP][PASSED] - status = findWebElements(findTestObject("ROLES/Roles_page/sorting/status"), 2): null

2020-03-13 15:40:29 - [TEST_STEP][PASSED] - for (org.openqa.selenium.WebElement a : status): null

2020-03-13 15:40:29 - [TEST_STEP][PASSED] - AllStatus.add(a.getText()): null

2020-03-13 15:40:29 - [TEST_STEP][PASSED] - AllStatus.add(a.getText()): null

2020-03-13 15:40:29 - [TEST_STEP][PASSED] - AllStatus.add(a.getText()): null

2020-03-13 15:40:29 - [TEST_STEP][PASSED] - AllStatus.add(a.getText()): null

2020-03-13 15:40:29 - [TEST_STEP][PASSED] - AllStatus.add(a.getText()): null

2020-03-13 15:40:29 - [TEST_STEP][PASSED] - AllStatus.add(a.getText()): null

2020-03-13 15:40:29 - [TEST_STEP][PASSED] - AllStatus.add(a.getText()): null

2020-03-13 15:40:29 - [TEST_STEP][PASSED] - AllStatus.add(a.getText()): null

2020-03-13 15:40:29 - [TEST_STEP][PASSED] - AllStatus.add(a.getText()): null

2020-03-13 15:40:29 - [TEST_STEP][PASSED] - AllStatus.add(a.getText()): null

2020-03-13 15:40:29 - [TEST_STEP][PASSED] - click(findTestObject("ROLES/Roles_page/Pagination/front_navigation")): Object: 'Object Repository/ROLES/Roles_page/Pagination/front_navigation' is clicked on

2020-03-13 15:40:29 - [MESSAGE][PASSED] - Object: 'Object Repository/ROLES/Roles_page/Pagination/front_navigation' is clicked on

2020-03-13 15:40:29 - [TEST_STEP][PASSED] - status = findWebElements(findTestObject("ROLES/Roles_page/sorting/status"), 2): null

2020-03-13 15:40:30 - [TEST_STEP][PASSED] - for (org.openqa.selenium.WebElement a : status): null

2020-03-13 15:40:30 - [TEST_STEP][PASSED] - AllStatus.add(a.getText()): null

2020-03-13 15:40:30 - [TEST_STEP][PASSED] - AllStatus.add(a.getText()): null

2020-03-13 15:40:30 - [TEST_STEP][PASSED] - AllStatus.add(a.getText()): null

2020-03-13 15:40:30 - [TEST_STEP][PASSED] - AllStatus.add(a.getText()): null

2020-03-13 15:40:30 - [TEST_STEP][PASSED] - AllStatus.add(a.getText()): null

2020-03-13 15:40:30 - [TEST_STEP][PASSED] - AllStatus.add(a.getText()): null

2020-03-13 15:40:30 - [TEST_STEP][PASSED] - AllStatus.add(a.getText()): null

2020-03-13 15:40:30 - [TEST_STEP][PASSED] - AllStatus.add(a.getText()): null

2020-03-13 15:40:30 - [TEST_STEP][PASSED] - AllStatus.add(a.getText()): null

2020-03-13 15:40:30 - [TEST_STEP][PASSED] - AllStatus.add(a.getText()): null

2020-03-13 15:40:30 - [TEST_STEP][PASSED] - click(findTestObject("ROLES/Roles_page/Pagination/front_navigation")): Object: 'Object Repository/ROLES/Roles_page/Pagination/front_navigation' is clicked on

2020-03-13 15:40:31 - [MESSAGE][PASSED] - Object: 'Object Repository/ROLES/Roles_page/Pagination/front_navigation' is clicked on

2020-03-13 15:40:31 - [TEST_STEP][PASSED] - status = findWebElements(findTestObject("ROLES/Roles_page/sorting/status"), 2): null

2020-03-13 15:40:32 - [TEST_STEP][PASSED] - for (org.openqa.selenium.WebElement a : status): null

2020-03-13 15:40:32 - [TEST_STEP][PASSED] - AllStatus.add(a.getText()): null

2020-03-13 15:40:32 - [TEST_STEP][PASSED] - AllStatus.add(a.getText()): null

2020-03-13 15:40:32 - [TEST_STEP][PASSED] - AllStatus.add(a.getText()): null

2020-03-13 15:40:32 - [TEST_STEP][PASSED] - AllStatus.add(a.getText()): null

2020-03-13 15:40:32 - [TEST_STEP][PASSED] - AllStatus.add(a.getText()): null

2020-03-13 15:40:32 - [TEST_STEP][PASSED] - AllStatus.add(a.getText()): null

2020-03-13 15:40:32 - [TEST_STEP][PASSED] - AllStatus.add(a.getText()): null

2020-03-13 15:40:32 - [TEST_STEP][PASSED] - AllStatus.add(a.getText()): null

2020-03-13 15:40:32 - [TEST_STEP][PASSED] - AllStatus.add(a.getText()): null

2020-03-13 15:40:32 - [TEST_STEP][PASSED] - AllStatus.add(a.getText()): null

2020-03-13 15:40:32 - [TEST_STEP][PASSED] - click(findTestObject("ROLES/Roles_page/Pagination/front_navigation")): Object: 'Object Repository/ROLES/Roles_page/Pagination/front_navigation' is clicked on

2020-03-13 15:40:32 - [MESSAGE][PASSED] - Object: 'Object Repository/ROLES/Roles_page/Pagination/front_navigation' is clicked on

2020-03-13 15:40:32 - [TEST_STEP][PASSED] - status = findWebElements(findTestObject("ROLES/Roles_page/sorting/status"), 2): null

2020-03-13 15:40:33 - [TEST_STEP][PASSED] - for (org.openqa.selenium.WebElement a : status): null

2020-03-13 15:40:33 - [TEST_STEP][PASSED] - AllStatus.add(a.getText()): null

2020-03-13 15:40:33 - [TEST_STEP][PASSED] - AllStatus.add(a.getText()): null

2020-03-13 15:40:33 - [TEST_STEP][PASSED] - AllStatus.add(a.getText()): null

2020-03-13 15:40:33 - [TEST_STEP][PASSED] - AllStatus.add(a.getText()): null

2020-03-13 15:40:33 - [TEST_STEP][PASSED] - AllStatus.add(a.getText()): null

2020-03-13 15:40:33 - [TEST_STEP][PASSED] - AllStatus.add(a.getText()): null

2020-03-13 15:40:33 - [TEST_STEP][PASSED] - AllStatus.add(a.getText()): null

2020-03-13 15:40:33 - [TEST_STEP][PASSED] - AllStatus.add(a.getText()): null

2020-03-13 15:40:33 - [TEST_STEP][PASSED] - AllStatus.add(a.getText()): null

2020-03-13 15:40:33 - [TEST_STEP][PASSED] - AllStatus.add(a.getText()): null

2020-03-13 15:40:33 - [TEST_STEP][PASSED] - click(findTestObject("ROLES/Roles_page/Pagination/front_navigation")): Object: 'Object Repository/ROLES/Roles_page/Pagination/front_navigation' is clicked on

2020-03-13 15:40:34 - [MESSAGE][PASSED] - Object: 'Object Repository/ROLES/Roles_page/Pagination/front_navigation' is clicked on

2020-03-13 15:40:34 - [TEST_STEP][PASSED] - status = findWebElements(findTestObject("ROLES/Roles_page/sorting/status"), 2): null

2020-03-13 15:40:35 - [TEST_STEP][PASSED] - for (org.openqa.selenium.WebElement a : status): null

2020-03-13 15:40:35 - [TEST_STEP][PASSED] - AllStatus.add(a.getText()): null

2020-03-13 15:40:35 - [TEST_STEP][PASSED] - AllStatus.add(a.getText()): null

2020-03-13 15:40:35 - [TEST_STEP][PASSED] - AllStatus.add(a.getText()): null

2020-03-13 15:40:35 - [TEST_STEP][PASSED] - AllStatus.add(a.getText()): null

2020-03-13 15:40:35 - [TEST_STEP][PASSED] - AllStatus.add(a.getText()): null

2020-03-13 15:40:35 - [TEST_STEP][PASSED] - AllStatus.add(a.getText()): null

2020-03-13 15:40:35 - [TEST_STEP][PASSED] - AllStatus.add(a.getText()): null

2020-03-13 15:40:35 - [TEST_STEP][PASSED] - AllStatus.add(a.getText()): null

2020-03-13 15:40:35 - [TEST_STEP][PASSED] - AllStatus.add(a.getText()): null

2020-03-13 15:40:35 - [TEST_STEP][PASSED] - AllStatus.add(a.getText()): null

2020-03-13 15:40:35 - [TEST_STEP][PASSED] - click(findTestObject("ROLES/Roles_page/Pagination/front_navigation")): Object: 'Object Repository/ROLES/Roles_page/Pagination/front_navigation' is clicked on

2020-03-13 15:40:36 - [MESSAGE][PASSED] - Object: 'Object Repository/ROLES/Roles_page/Pagination/front_navigation' is clicked on

2020-03-13 15:40:36 - [TEST_STEP][PASSED] - status = findWebElements(findTestObject("ROLES/Roles_page/sorting/status"), 2): null

2020-03-13 15:40:37 - [TEST_STEP][PASSED] - for (org.openqa.selenium.WebElement a : status): null

2020-03-13 15:40:37 - [TEST_STEP][PASSED] - AllStatus.add(a.getText()): null

2020-03-13 15:40:37 - [TEST_STEP][PASSED] - AllStatus.add(a.getText()): null

2020-03-13 15:40:37 - [TEST_STEP][PASSED] - AllStatus.add(a.getText()): null

2020-03-13 15:40:37 - [TEST_STEP][PASSED] - AllStatus.add(a.getText()): null

2020-03-13 15:40:37 - [TEST_STEP][PASSED] - AllStatus.add(a.getText()): null

2020-03-13 15:40:37 - [TEST_STEP][PASSED] - AllStatus.add(a.getText()): null

2020-03-13 15:40:37 - [TEST_STEP][PASSED] - AllStatus.add(a.getText()): null

2020-03-13 15:40:37 - [TEST_STEP][PASSED] - AllStatus.add(a.getText()): null

2020-03-13 15:40:37 - [TEST_STEP][PASSED] - AllStatus.add(a.getText()): null

2020-03-13 15:40:37 - [TEST_STEP][PASSED] - AllStatus.add(a.getText()): null

2020-03-13 15:40:37 - [TEST_STEP][PASSED] - click(findTestObject("ROLES/Roles_page/Pagination/front_navigation")): Object: 'Object Repository/ROLES/Roles_page/Pagination/front_navigation' is clicked on

2020-03-13 15:40:38 - [MESSAGE][PASSED] - Object: 'Object Repository/ROLES/Roles_page/Pagination/front_navigation' is clicked on

2020-03-13 15:40:38 - [TEST_STEP][PASSED] - status = findWebElements(findTestObject("ROLES/Roles_page/sorting/status"), 2): null

2020-03-13 15:40:38 - [TEST_STEP][PASSED] - for (org.openqa.selenium.WebElement a : status): null

2020-03-13 15:40:38 - [TEST_STEP][PASSED] - AllStatus.add(a.getText()): null

2020-03-13 15:40:38 - [TEST_STEP][PASSED] - AllStatus.add(a.getText()): null

2020-03-13 15:40:38 - [TEST_STEP][PASSED] - AllStatus.add(a.getText()): null

2020-03-13 15:40:39 - [TEST_STEP][PASSED] - AllStatus.add(a.getText()): null

2020-03-13 15:40:39 - [TEST_STEP][PASSED] - AllStatus.add(a.getText()): null

2020-03-13 15:40:39 - [TEST_STEP][PASSED] - AllStatus.add(a.getText()): null

2020-03-13 15:40:39 - [TEST_STEP][PASSED] - AllStatus.add(a.getText()): null

2020-03-13 15:40:39 - [TEST_STEP][PASSED] - AllStatus.add(a.getText()): null

2020-03-13 15:40:39 - [TEST_STEP][PASSED] - AllStatus.add(a.getText()): null

2020-03-13 15:40:39 - [TEST_STEP][PASSED] - AllStatus.add(a.getText()): null

2020-03-13 15:40:39 - [TEST_STEP][PASSED] - click(findTestObject("ROLES/Roles_page/Pagination/front_navigation")): Object: 'Object Repository/ROLES/Roles_page/Pagination/front_navigation' is clicked on

2020-03-13 15:40:39 - [MESSAGE][PASSED] - Object: 'Object Repository/ROLES/Roles_page/Pagination/front_navigation' is clicked on

2020-03-13 15:40:39 - [TEST_STEP][PASSED] - status = findWebElements(findTestObject("ROLES/Roles_page/sorting/status"), 2): null

2020-03-13 15:40:40 - [TEST_STEP][PASSED] - for (org.openqa.selenium.WebElement a : status): null

2020-03-13 15:40:40 - [TEST_STEP][PASSED] - AllStatus.add(a.getText()): null

2020-03-13 15:40:40 - [TEST_STEP][PASSED] - AllStatus.add(a.getText()): null

2020-03-13 15:40:40 - [TEST_STEP][PASSED] - AllStatus.add(a.getText()): null

2020-03-13 15:40:40 - [TEST_STEP][PASSED] - AllStatus.add(a.getText()): null

2020-03-13 15:40:40 - [TEST_STEP][PASSED] - AllStatus.add(a.getText()): null

2020-03-13 15:40:40 - [TEST_STEP][PASSED] - AllStatus.add(a.getText()): null

2020-03-13 15:40:40 - [TEST_STEP][PASSED] - AllStatus.add(a.getText()): null

2020-03-13 15:40:40 - [TEST_STEP][PASSED] - AllStatus.add(a.getText()): null

2020-03-13 15:40:40 - [TEST_STEP][PASSED] - AllStatus.add(a.getText()): null

2020-03-13 15:40:40 - [TEST_STEP][PASSED] - AllStatus.add(a.getText()): null

2020-03-13 15:40:40 - [TEST_STEP][PASSED] - click(findTestObject("ROLES/Roles_page/Pagination/front_navigation")): Object: 'Object Repository/ROLES/Roles_page/Pagination/front_navigation' is clicked on

2020-03-13 15:40:41 - [MESSAGE][PASSED] - Object: 'Object Repository/ROLES/Roles_page/Pagination/front_navigation' is clicked on

2020-03-13 15:40:41 - [TEST_STEP][PASSED] - status = findWebElements(findTestObject("ROLES/Roles_page/sorting/status"), 2): null

2020-03-13 15:40:42 - [TEST_STEP][PASSED] - for (org.openqa.selenium.WebElement a : status): null

2020-03-13 15:40:42 - [TEST_STEP][PASSED] - AllStatus.add(a.getText()): null

2020-03-13 15:40:42 - [TEST_STEP][PASSED] - AllStatus.add(a.getText()): null

2020-03-13 15:40:42 - [TEST_STEP][PASSED] - AllStatus.add(a.getText()): null

2020-03-13 15:40:42 - [TEST_STEP][PASSED] - AllStatus.add(a.getText()): null

2020-03-13 15:40:42 - [TEST_STEP][PASSED] - AllStatus.add(a.getText()): null

2020-03-13 15:40:42 - [TEST_STEP][PASSED] - AllStatus.add(a.getText()): null

2020-03-13 15:40:42 - [TEST_STEP][PASSED] - AllStatus.add(a.getText()): null

2020-03-13 15:40:43 - [TEST_STEP][PASSED] - AllStatus.add(a.getText()): null

2020-03-13 15:40:43 - [TEST_STEP][PASSED] - AllStatus.add(a.getText()): null

2020-03-13 15:40:43 - [TEST_STEP][PASSED] - AllStatus.add(a.getText()): null

2020-03-13 15:40:43 - [TEST_STEP][PASSED] - click(findTestObject("ROLES/Roles_page/Pagination/front_navigation")): Object: 'Object Repository/ROLES/Roles_page/Pagination/front_navigation' is clicked on

2020-03-13 15:40:43 - [MESSAGE][PASSED] - Object: 'Object Repository/ROLES/Roles_page/Pagination/front_navigation' is clicked on

2020-03-13 15:40:43 - [TEST_STEP][PASSED] - status = findWebElements(findTestObject("ROLES/Roles_page/sorting/status"), 2): null

2020-03-13 15:40:45 - [TEST_STEP][PASSED] - for (org.openqa.selenium.WebElement a : status): null

2020-03-13 15:40:45 - [TEST_STEP][PASSED] - AllStatus.add(a.getText()): null

2020-03-13 15:40:45 - [TEST_STEP][PASSED] - AllStatus.add(a.getText()): null

2020-03-13 15:40:45 - [TEST_STEP][PASSED] - AllStatus.add(a.getText()): null

2020-03-13 15:40:45 - [TEST_STEP][PASSED] - AllStatus.add(a.getText()): null

2020-03-13 15:40:45 - [TEST_STEP][PASSED] - AllStatus.add(a.getText()): null

2020-03-13 15:40:45 - [TEST_STEP][PASSED] - AllStatus.add(a.getText()): null

2020-03-13 15:40:45 - [TEST_STEP][PASSED] - AllStatus.add(a.getText()): null

2020-03-13 15:40:45 - [TEST_STEP][PASSED] - AllStatus.add(a.getText()): null

2020-03-13 15:40:45 - [TEST_STEP][PASSED] - AllStatus.add(a.getText()): null

2020-03-13 15:40:45 - [TEST_STEP][PASSED] - AllStatus.add(a.getText()): null

2020-03-13 15:40:45 - [TEST_STEP][PASSED] - click(findTestObject("ROLES/Roles_page/Pagination/front_navigation")): Object: 'Object Repository/ROLES/Roles_page/Pagination/front_navigation' is clicked on

2020-03-13 15:40:45 - [MESSAGE][PASSED] - Object: 'Object Repository/ROLES/Roles_page/Pagination/front_navigation' is clicked on

2020-03-13 15:40:45 - [TEST_STEP][PASSED] - status = findWebElements(findTestObject("ROLES/Roles_page/sorting/status"), 2): null

2020-03-13 15:40:46 - [TEST_STEP][PASSED] - for (org.openqa.selenium.WebElement a : status): null

2020-03-13 15:40:46 - [TEST_STEP][PASSED] - AllStatus.add(a.getText()): null

2020-03-13 15:40:46 - [TEST_STEP][PASSED] - AllStatus.add(a.getText()): null

2020-03-13 15:40:46 - [TEST_STEP][PASSED] - AllStatus.add(a.getText()): null

2020-03-13 15:40:46 - [TEST_STEP][PASSED] - AllStatus.add(a.getText()): null

2020-03-13 15:40:46 - [TEST_STEP][PASSED] - AllStatus.add(a.getText()): null

2020-03-13 15:40:47 - [TEST_STEP][PASSED] - AllStatus.add(a.getText()): null

2020-03-13 15:40:47 - [TEST_STEP][PASSED] - AllStatus.add(a.getText()): null

2020-03-13 15:40:47 - [TEST_STEP][PASSED] - click(findTestObject("ROLES/Roles_page/Pagination/front_navigation")): Object: 'Object Repository/ROLES/Roles_page/Pagination/front_navigation' is clicked on

2020-03-13 15:40:49 - [MESSAGE][PASSED] - Object: 'Object Repository/ROLES/Roles_page/Pagination/front_navigation' is clicked on

2020-03-13 15:40:49 - [TEST_STEP][PASSED] - if (j == 1): Text 'BACK_SPACE + BACK_SPACE + ENTER + 1' is set on object 'Object Repository/ROLES/Roles_page/Pagination/input_Page_form-control'

2020-03-13 15:40:49 - [TEST_STEP][PASSED] - isSorted = web.CustomKeyword.checkListDescending(AllStatus): web.CustomKeyword.checkListDescending is PASSED

2020-03-13 15:40:49 - [MESSAGE][PASSED] - web.CustomKeyword.checkListDescending is PASSED

2020-03-13 15:40:49 - [TEST_STEP][PASSED] - println(AllStatus.size()): null

2020-03-13 15:40:49 - [TEST_STEP][PASSED] - println(AllStatus): null

2020-03-13 15:40:49 - [TEST_STEP][PASSED] - verifyEqual(isSorted, true): Actual object 'true' and expected object 'true' are equal

2020-03-13 15:40:49 - [MESSAGE][PASSED] - Actual object 'true' and expected object 'true' are equal

2020-03-13 15:40:49 - [TEST_STEP][PASSED] - clearText(findTestObject("Object Repository/ROLES/Roles_page/Pagination/input_Page_form-control")): Text of object 'Object Repository/ROLES/Roles_page/Pagination/input_Page_form-control' is cleared

2020-03-13 15:40:50 - [MESSAGE][PASSED] - Text of object 'Object Repository/ROLES/Roles_page/Pagination/input_Page_form-control' is cleared

2020-03-13 15:40:50 - [TEST_STEP][PASSED] - setText(findTestObject("Object Repository/ROLES/Roles_page/Pagination/input_Page_form-control"), BACK_SPACE + BACK_SPACE + "1" + ENTER): Text 'BACK_SPACE + BACK_SPACE + ENTER + 1' is set on object 'Object Repository/ROLES/Roles_page/Pagination/input_Page_form-control'

2020-03-13 15:40:50 - [MESSAGE][PASSED] - Text 'BACK_SPACE + BACK_SPACE + ENTER + 1' is set on object 'Object Repository/ROLES/Roles_page/Pagination/input_Page_form-control'

2020-03-13 15:40:50 - [TEST_STEP][PASSED] - if (j == 2): null

2020-03-13 15:40:50 - [TEST_STEP][PASSED] - click(findTestObject("ROLES/Roles_page/sorting/Status_header")): Object: 'Object Repository/ROLES/Roles_page/sorting/Status_header' is clicked on

2020-03-13 15:40:51 - [MESSAGE][PASSED] - Object: 'Object Repository/ROLES/Roles_page/sorting/Status_header' is clicked on

2020-03-13 15:40:51 - [TEST_STEP][PASSED] - status = <not implemented yet for class: org.codehaus.groovy.ast.expr.EmptyExpression>: null

2020-03-13 15:40:51 - [TEST_STEP][PASSED] - AllStatus = new java.util.ArrayList(): null

2020-03-13 15:40:51 - [TEST_STEP][PASSED] - for ([i = 1, i <= noOfPages, (i++)]): Object: 'Object Repository/ROLES/Roles_page/Pagination/front_navigation' is clicked on

2020-03-13 15:40:51 - [TEST_STEP][PASSED] - status = findWebElements(findTestObject("ROLES/Roles_page/sorting/status"), 2): null

2020-03-13 15:40:52 - [TEST_STEP][PASSED] - for (org.openqa.selenium.WebElement a : status): null

2020-03-13 15:40:52 - [TEST_STEP][PASSED] - AllStatus.add(a.getText()): null

2020-03-13 15:40:52 - [TEST_STEP][PASSED] - AllStatus.add(a.getText()): null

2020-03-13 15:40:52 - [TEST_STEP][PASSED] - AllStatus.add(a.getText()): null

2020-03-13 15:40:52 - [TEST_STEP][PASSED] - AllStatus.add(a.getText()): null

2020-03-13 15:40:52 - [TEST_STEP][PASSED] - AllStatus.add(a.getText()): null

2020-03-13 15:40:52 - [TEST_STEP][PASSED] - AllStatus.add(a.getText()): null

2020-03-13 15:40:52 - [TEST_STEP][PASSED] - AllStatus.add(a.getText()): null

2020-03-13 15:40:52 - [TEST_STEP][PASSED] - AllStatus.add(a.getText()): null

2020-03-13 15:40:52 - [TEST_STEP][PASSED] - AllStatus.add(a.getText()): null

2020-03-13 15:40:52 - [TEST_STEP][PASSED] - AllStatus.add(a.getText()): null

2020-03-13 15:40:52 - [TEST_STEP][PASSED] - click(findTestObject("ROLES/Roles_page/Pagination/front_navigation")): Object: 'Object Repository/ROLES/Roles_page/Pagination/front_navigation' is clicked on

2020-03-13 15:40:53 - [MESSAGE][PASSED] - Object: 'Object Repository/ROLES/Roles_page/Pagination/front_navigation' is clicked on

2020-03-13 15:40:53 - [TEST_STEP][PASSED] - status = findWebElements(findTestObject("ROLES/Roles_page/sorting/status"), 2): null

2020-03-13 15:40:54 - [TEST_STEP][PASSED] - for (org.openqa.selenium.WebElement a : status): null

2020-03-13 15:40:54 - [TEST_STEP][PASSED] - AllStatus.add(a.getText()): null

2020-03-13 15:40:54 - [TEST_STEP][PASSED] - AllStatus.add(a.getText()): null

2020-03-13 15:40:54 - [TEST_STEP][PASSED] - AllStatus.add(a.getText()): null

2020-03-13 15:40:54 - [TEST_STEP][PASSED] - AllStatus.add(a.getText()): null

2020-03-13 15:40:54 - [TEST_STEP][PASSED] - AllStatus.add(a.getText()): null

2020-03-13 15:40:54 - [TEST_STEP][PASSED] - AllStatus.add(a.getText()): null

2020-03-13 15:40:54 - [TEST_STEP][PASSED] - AllStatus.add(a.getText()): null

2020-03-13 15:40:54 - [TEST_STEP][PASSED] - AllStatus.add(a.getText()): null

2020-03-13 15:40:54 - [TEST_STEP][PASSED] - AllStatus.add(a.getText()): null

2020-03-13 15:40:54 - [TEST_STEP][PASSED] - AllStatus.add(a.getText()): null

2020-03-13 15:40:54 - [TEST_STEP][PASSED] - click(findTestObject("ROLES/Roles_page/Pagination/front_navigation")): Object: 'Object Repository/ROLES/Roles_page/Pagination/front_navigation' is clicked on

2020-03-13 15:40:54 - [MESSAGE][PASSED] - Object: 'Object Repository/ROLES/Roles_page/Pagination/front_navigation' is clicked on

2020-03-13 15:40:54 - [TEST_STEP][PASSED] - status = findWebElements(findTestObject("ROLES/Roles_page/sorting/status"), 2): null

2020-03-13 15:40:56 - [TEST_STEP][PASSED] - for (org.openqa.selenium.WebElement a : status): null

2020-03-13 15:40:56 - [TEST_STEP][PASSED] - AllStatus.add(a.getText()): null

2020-03-13 15:40:56 - [TEST_STEP][PASSED] - AllStatus.add(a.getText()): null

2020-03-13 15:40:56 - [TEST_STEP][PASSED] - AllStatus.add(a.getText()): null

2020-03-13 15:40:56 - [TEST_STEP][PASSED] - AllStatus.add(a.getText()): null

2020-03-13 15:40:56 - [TEST_STEP][PASSED] - AllStatus.add(a.getText()): null

2020-03-13 15:40:56 - [TEST_STEP][PASSED] - AllStatus.add(a.getText()): null

2020-03-13 15:40:56 - [TEST_STEP][PASSED] - AllStatus.add(a.getText()): null

2020-03-13 15:40:56 - [TEST_STEP][PASSED] - AllStatus.add(a.getText()): null

2020-03-13 15:40:56 - [TEST_STEP][PASSED] - AllStatus.add(a.getText()): null

2020-03-13 15:40:56 - [TEST_STEP][PASSED] - AllStatus.add(a.getText()): null

2020-03-13 15:40:56 - [TEST_STEP][PASSED] - click(findTestObject("ROLES/Roles_page/Pagination/front_navigation")): Object: 'Object Repository/ROLES/Roles_page/Pagination/front_navigation' is clicked on

2020-03-13 15:40:57 - [MESSAGE][PASSED] - Object: 'Object Repository/ROLES/Roles_page/Pagination/front_navigation' is clicked on

2020-03-13 15:40:57 - [TEST_STEP][PASSED] - status = findWebElements(findTestObject("ROLES/Roles_page/sorting/status"), 2): null

2020-03-13 15:40:57 - [TEST_STEP][PASSED] - for (org.openqa.selenium.WebElement a : status): null

2020-03-13 15:40:57 - [TEST_STEP][PASSED] - AllStatus.add(a.getText()): null

2020-03-13 15:40:57 - [TEST_STEP][PASSED] - AllStatus.add(a.getText()): null

2020-03-13 15:40:57 - [TEST_STEP][PASSED] - AllStatus.add(a.getText()): null

2020-03-13 15:40:57 - [TEST_STEP][PASSED] - AllStatus.add(a.getText()): null

2020-03-13 15:40:57 - [TEST_STEP][PASSED] - AllStatus.add(a.getText()): null

2020-03-13 15:40:58 - [TEST_STEP][PASSED] - AllStatus.add(a.getText()): null

2020-03-13 15:40:58 - [TEST_STEP][PASSED] - AllStatus.add(a.getText()): null

2020-03-13 15:40:58 - [TEST_STEP][PASSED] - AllStatus.add(a.getText()): null

2020-03-13 15:40:58 - [TEST_STEP][PASSED] - AllStatus.add(a.getText()): null

2020-03-13 15:40:58 - [TEST_STEP][PASSED] - AllStatus.add(a.getText()): null

2020-03-13 15:40:58 - [TEST_STEP][PASSED] - click(findTestObject("ROLES/Roles_page/Pagination/front_navigation")): Object: 'Object Repository/ROLES/Roles_page/Pagination/front_navigation' is clicked on

2020-03-13 15:40:58 - [MESSAGE][PASSED] - Object: 'Object Repository/ROLES/Roles_page/Pagination/front_navigation' is clicked on

2020-03-13 15:40:58 - [TEST_STEP][PASSED] - status = findWebElements(findTestObject("ROLES/Roles_page/sorting/status"), 2): null

2020-03-13 15:40:59 - [TEST_STEP][PASSED] - for (org.openqa.selenium.WebElement a : status): null

2020-03-13 15:40:59 - [TEST_STEP][PASSED] - AllStatus.add(a.getText()): null

2020-03-13 15:40:59 - [TEST_STEP][PASSED] - AllStatus.add(a.getText()): null

2020-03-13 15:40:59 - [TEST_STEP][PASSED] - AllStatus.add(a.getText()): null

2020-03-13 15:40:59 - [TEST_STEP][PASSED] - AllStatus.add(a.getText()): null

2020-03-13 15:40:59 - [TEST_STEP][PASSED] - AllStatus.add(a.getText()): null

2020-03-13 15:40:59 - [TEST_STEP][PASSED] - AllStatus.add(a.getText()): null

2020-03-13 15:40:59 - [TEST_STEP][PASSED] - AllStatus.add(a.getText()): null

2020-03-13 15:40:59 - [TEST_STEP][PASSED] - AllStatus.add(a.getText()): null

2020-03-13 15:40:59 - [TEST_STEP][PASSED] - AllStatus.add(a.getText()): null

2020-03-13 15:40:59 - [TEST_STEP][PASSED] - AllStatus.add(a.getText()): null

2020-03-13 15:40:59 - [TEST_STEP][PASSED] - click(findTestObject("ROLES/Roles_page/Pagination/front_navigation")): Object: 'Object Repository/ROLES/Roles_page/Pagination/front_navigation' is clicked on

2020-03-13 15:41:00 - [MESSAGE][PASSED] - Object: 'Object Repository/ROLES/Roles_page/Pagination/front_navigation' is clicked on

2020-03-13 15:41:00 - [TEST_STEP][PASSED] - status = findWebElements(findTestObject("ROLES/Roles_page/sorting/status"), 2): null

2020-03-13 15:41:01 - [TEST_STEP][PASSED] - for (org.openqa.selenium.WebElement a : status): null

2020-03-13 15:41:01 - [TEST_STEP][PASSED] - AllStatus.add(a.getText()): null

2020-03-13 15:41:01 - [TEST_STEP][PASSED] - AllStatus.add(a.getText()): null

2020-03-13 15:41:01 - [TEST_STEP][PASSED] - AllStatus.add(a.getText()): null

2020-03-13 15:41:01 - [TEST_STEP][PASSED] - AllStatus.add(a.getText()): null

2020-03-13 15:41:01 - [TEST_STEP][PASSED] - AllStatus.add(a.getText()): null

2020-03-13 15:41:01 - [TEST_STEP][PASSED] - AllStatus.add(a.getText()): null

2020-03-13 15:41:01 - [TEST_STEP][PASSED] - AllStatus.add(a.getText()): null

2020-03-13 15:41:01 - [TEST_STEP][PASSED] - AllStatus.add(a.getText()): null

2020-03-13 15:41:01 - [TEST_STEP][PASSED] - AllStatus.add(a.getText()): null

2020-03-13 15:41:01 - [TEST_STEP][PASSED] - AllStatus.add(a.getText()): null

2020-03-13 15:41:01 - [TEST_STEP][PASSED] - click(findTestObject("ROLES/Roles_page/Pagination/front_navigation")): Object: 'Object Repository/ROLES/Roles_page/Pagination/front_navigation' is clicked on

2020-03-13 15:41:01 - [MESSAGE][PASSED] - Object: 'Object Repository/ROLES/Roles_page/Pagination/front_navigation' is clicked on

2020-03-13 15:41:01 - [TEST_STEP][PASSED] - status = findWebElements(findTestObject("ROLES/Roles_page/sorting/status"), 2): null

2020-03-13 15:41:02 - [TEST_STEP][PASSED] - for (org.openqa.selenium.WebElement a : status): null

2020-03-13 15:41:02 - [TEST_STEP][PASSED] - AllStatus.add(a.getText()): null

2020-03-13 15:41:02 - [TEST_STEP][PASSED] - AllStatus.add(a.getText()): null

2020-03-13 15:41:02 - [TEST_STEP][PASSED] - AllStatus.add(a.getText()): null

2020-03-13 15:41:02 - [TEST_STEP][PASSED] - AllStatus.add(a.getText()): null

2020-03-13 15:41:02 - [TEST_STEP][PASSED] - AllStatus.add(a.getText()): null

2020-03-13 15:41:02 - [TEST_STEP][PASSED] - AllStatus.add(a.getText()): null

2020-03-13 15:41:02 - [TEST_STEP][PASSED] - AllStatus.add(a.getText()): null

2020-03-13 15:41:02 - [TEST_STEP][PASSED] - AllStatus.add(a.getText()): null

2020-03-13 15:41:03 - [TEST_STEP][PASSED] - AllStatus.add(a.getText()): null

2020-03-13 15:41:03 - [TEST_STEP][PASSED] - AllStatus.add(a.getText()): null

2020-03-13 15:41:03 - [TEST_STEP][PASSED] - click(findTestObject("ROLES/Roles_page/Pagination/front_navigation")): Object: 'Object Repository/ROLES/Roles_page/Pagination/front_navigation' is clicked on

2020-03-13 15:41:03 - [MESSAGE][PASSED] - Object: 'Object Repository/ROLES/Roles_page/Pagination/front_navigation' is clicked on

2020-03-13 15:41:03 - [TEST_STEP][PASSED] - status = findWebElements(findTestObject("ROLES/Roles_page/sorting/status"), 2): null

2020-03-13 15:41:04 - [TEST_STEP][PASSED] - for (org.openqa.selenium.WebElement a : status): null

2020-03-13 15:41:04 - [TEST_STEP][PASSED] - AllStatus.add(a.getText()): null

2020-03-13 15:41:04 - [TEST_STEP][PASSED] - AllStatus.add(a.getText()): null

2020-03-13 15:41:04 - [TEST_STEP][PASSED] - AllStatus.add(a.getText()): null

2020-03-13 15:41:04 - [TEST_STEP][PASSED] - AllStatus.add(a.getText()): null

2020-03-13 15:41:04 - [TEST_STEP][PASSED] - AllStatus.add(a.getText()): null

2020-03-13 15:41:04 - [TEST_STEP][PASSED] - AllStatus.add(a.getText()): null

2020-03-13 15:41:04 - [TEST_STEP][PASSED] - AllStatus.add(a.getText()): null

2020-03-13 15:41:04 - [TEST_STEP][PASSED] - AllStatus.add(a.getText()): null

2020-03-13 15:41:04 - [TEST_STEP][PASSED] - AllStatus.add(a.getText()): null

2020-03-13 15:41:04 - [TEST_STEP][PASSED] - AllStatus.add(a.getText()): null

2020-03-13 15:41:04 - [TEST_STEP][PASSED] - click(findTestObject("ROLES/Roles_page/Pagination/front_navigation")): Object: 'Object Repository/ROLES/Roles_page/Pagination/front_navigation' is clicked on

2020-03-13 15:41:04 - [MESSAGE][PASSED] - Object: 'Object Repository/ROLES/Roles_page/Pagination/front_navigation' is clicked on

2020-03-13 15:41:04 - [TEST_STEP][PASSED] - status = findWebElements(findTestObject("ROLES/Roles_page/sorting/status"), 2): null

2020-03-13 15:41:06 - [TEST_STEP][PASSED] - for (org.openqa.selenium.WebElement a : status): null

2020-03-13 15:41:06 - [TEST_STEP][PASSED] - AllStatus.add(a.getText()): null

2020-03-13 15:41:06 - [TEST_STEP][PASSED] - AllStatus.add(a.getText()): null

2020-03-13 15:41:06 - [TEST_STEP][PASSED] - AllStatus.add(a.getText()): null

2020-03-13 15:41:06 - [TEST_STEP][PASSED] - AllStatus.add(a.getText()): null

2020-03-13 15:41:06 - [TEST_STEP][PASSED] - AllStatus.add(a.getText()): null

2020-03-13 15:41:06 - [TEST_STEP][PASSED] - AllStatus.add(a.getText()): null

2020-03-13 15:41:06 - [TEST_STEP][PASSED] - AllStatus.add(a.getText()): null

2020-03-13 15:41:06 - [TEST_STEP][PASSED] - AllStatus.add(a.getText()): null

2020-03-13 15:41:06 - [TEST_STEP][PASSED] - AllStatus.add(a.getText()): null

2020-03-13 15:41:06 - [TEST_STEP][PASSED] - AllStatus.add(a.getText()): null

2020-03-13 15:41:06 - [TEST_STEP][PASSED] - click(findTestObject("ROLES/Roles_page/Pagination/front_navigation")): Object: 'Object Repository/ROLES/Roles_page/Pagination/front_navigation' is clicked on

2020-03-13 15:41:07 - [MESSAGE][PASSED] - Object: 'Object Repository/ROLES/Roles_page/Pagination/front_navigation' is clicked on

2020-03-13 15:41:07 - [TEST_STEP][PASSED] - status = findWebElements(findTestObject("ROLES/Roles_page/sorting/status"), 2): null

2020-03-13 15:41:08 - [TEST_STEP][PASSED] - for (org.openqa.selenium.WebElement a : status): null

2020-03-13 15:41:08 - [TEST_STEP][PASSED] - AllStatus.add(a.getText()): null

2020-03-13 15:41:08 - [TEST_STEP][PASSED] - AllStatus.add(a.getText()): null

2020-03-13 15:41:08 - [TEST_STEP][PASSED] - AllStatus.add(a.getText()): null

2020-03-13 15:41:08 - [TEST_STEP][PASSED] - AllStatus.add(a.getText()): null

2020-03-13 15:41:08 - [TEST_STEP][PASSED] - AllStatus.add(a.getText()): null

2020-03-13 15:41:08 - [TEST_STEP][PASSED] - AllStatus.add(a.getText()): null

2020-03-13 15:41:08 - [TEST_STEP][PASSED] - AllStatus.add(a.getText()): null

2020-03-13 15:41:08 - [TEST_STEP][PASSED] - AllStatus.add(a.getText()): null

2020-03-13 15:41:08 - [TEST_STEP][PASSED] - AllStatus.add(a.getText()): null

2020-03-13 15:41:08 - [TEST_STEP][PASSED] - AllStatus.add(a.getText()): null

2020-03-13 15:41:08 - [TEST_STEP][PASSED] - click(findTestObject("ROLES/Roles_page/Pagination/front_navigation")): Object: 'Object Repository/ROLES/Roles_page/Pagination/front_navigation' is clicked on

2020-03-13 15:41:08 - [MESSAGE][PASSED] - Object: 'Object Repository/ROLES/Roles_page/Pagination/front_navigation' is clicked on

2020-03-13 15:41:08 - [TEST_STEP][PASSED] - status = findWebElements(findTestObject("ROLES/Roles_page/sorting/status"), 2): null

2020-03-13 15:41:09 - [TEST_STEP][PASSED] - for (org.openqa.selenium.WebElement a : status): null

2020-03-13 15:41:09 - [TEST_STEP][PASSED] - AllStatus.add(a.getText()): null

2020-03-13 15:41:09 - [TEST_STEP][PASSED] - AllStatus.add(a.getText()): null

2020-03-13 15:41:09 - [TEST_STEP][PASSED] - AllStatus.add(a.getText()): null

2020-03-13 15:41:09 - [TEST_STEP][PASSED] - AllStatus.add(a.getText()): null

2020-03-13 15:41:09 - [TEST_STEP][PASSED] - AllStatus.add(a.getText()): null

2020-03-13 15:41:09 - [TEST_STEP][PASSED] - AllStatus.add(a.getText()): null

2020-03-13 15:41:09 - [TEST_STEP][PASSED] - AllStatus.add(a.getText()): null

2020-03-13 15:41:09 - [TEST_STEP][PASSED] - AllStatus.add(a.getText()): null

2020-03-13 15:41:09 - [TEST_STEP][PASSED] - AllStatus.add(a.getText()): null

2020-03-13 15:41:09 - [TEST_STEP][PASSED] - AllStatus.add(a.getText()): null

2020-03-13 15:41:09 - [TEST_STEP][PASSED] - click(findTestObject("ROLES/Roles_page/Pagination/front_navigation")): Object: 'Object Repository/ROLES/Roles_page/Pagination/front_navigation' is clicked on

2020-03-13 15:41:10 - [MESSAGE][PASSED] - Object: 'Object Repository/ROLES/Roles_page/Pagination/front_navigation' is clicked on

2020-03-13 15:41:10 - [TEST_STEP][PASSED] - status = findWebElements(findTestObject("ROLES/Roles_page/sorting/status"), 2): null

2020-03-13 15:41:11 - [TEST_STEP][PASSED] - for (org.openqa.selenium.WebElement a : status): null

2020-03-13 15:41:11 - [TEST_STEP][PASSED] - AllStatus.add(a.getText()): null

2020-03-13 15:41:11 - [TEST_STEP][PASSED] - AllStatus.add(a.getText()): null

2020-03-13 15:41:11 - [TEST_STEP][PASSED] - AllStatus.add(a.getText()): null

2020-03-13 15:41:11 - [TEST_STEP][PASSED] - AllStatus.add(a.getText()): null

2020-03-13 15:41:11 - [TEST_STEP][PASSED] - AllStatus.add(a.getText()): null

2020-03-13 15:41:11 - [TEST_STEP][PASSED] - AllStatus.add(a.getText()): null

2020-03-13 15:41:11 - [TEST_STEP][PASSED] - AllStatus.add(a.getText()): null

2020-03-13 15:41:11 - [TEST_STEP][PASSED] - AllStatus.add(a.getText()): null

2020-03-13 15:41:11 - [TEST_STEP][PASSED] - AllStatus.add(a.getText()): null

2020-03-13 15:41:11 - [TEST_STEP][PASSED] - AllStatus.add(a.getText()): null

2020-03-13 15:41:11 - [TEST_STEP][PASSED] - click(findTestObject("ROLES/Roles_page/Pagination/front_navigation")): Object: 'Object Repository/ROLES/Roles_page/Pagination/front_navigation' is clicked on

2020-03-13 15:41:11 - [MESSAGE][PASSED] - Object: 'Object Repository/ROLES/Roles_page/Pagination/front_navigation' is clicked on

2020-03-13 15:41:11 - [TEST_STEP][PASSED] - status = findWebElements(findTestObject("ROLES/Roles_page/sorting/status"), 2): null

2020-03-13 15:41:12 - [TEST_STEP][PASSED] - for (org.openqa.selenium.WebElement a : status): null

2020-03-13 15:41:12 - [TEST_STEP][PASSED] - AllStatus.add(a.getText()): null

2020-03-13 15:41:12 - [TEST_STEP][PASSED] - AllStatus.add(a.getText()): null

2020-03-13 15:41:12 - [TEST_STEP][PASSED] - AllStatus.add(a.getText()): null

2020-03-13 15:41:12 - [TEST_STEP][PASSED] - AllStatus.add(a.getText()): null

2020-03-13 15:41:12 - [TEST_STEP][PASSED] - AllStatus.add(a.getText()): null

2020-03-13 15:41:12 - [TEST_STEP][PASSED] - AllStatus.add(a.getText()): null

2020-03-13 15:41:12 - [TEST_STEP][PASSED] - AllStatus.add(a.getText()): null

2020-03-13 15:41:12 - [TEST_STEP][PASSED] - AllStatus.add(a.getText()): null

2020-03-13 15:41:12 - [TEST_STEP][PASSED] - AllStatus.add(a.getText()): null

2020-03-13 15:41:12 - [TEST_STEP][PASSED] - AllStatus.add(a.getText()): null

2020-03-13 15:41:12 - [TEST_STEP][PASSED] - click(findTestObject("ROLES/Roles_page/Pagination/front_navigation")): Object: 'Object Repository/ROLES/Roles_page/Pagination/front_navigation' is clicked on

2020-03-13 15:41:13 - [MESSAGE][PASSED] - Object: 'Object Repository/ROLES/Roles_page/Pagination/front_navigation' is clicked on

2020-03-13 15:41:13 - [TEST_STEP][PASSED] - status = findWebElements(findTestObject("ROLES/Roles_page/sorting/status"), 2): null

2020-03-13 15:41:14 - [TEST_STEP][PASSED] - for (org.openqa.selenium.WebElement a : status): null

2020-03-13 15:41:14 - [TEST_STEP][PASSED] - AllStatus.add(a.getText()): null

2020-03-13 15:41:14 - [TEST_STEP][PASSED] - AllStatus.add(a.getText()): null

2020-03-13 15:41:14 - [TEST_STEP][PASSED] - AllStatus.add(a.getText()): null

2020-03-13 15:41:14 - [TEST_STEP][PASSED] - AllStatus.add(a.getText()): null

2020-03-13 15:41:14 - [TEST_STEP][PASSED] - AllStatus.add(a.getText()): null

2020-03-13 15:41:14 - [TEST_STEP][PASSED] - AllStatus.add(a.getText()): null

2020-03-13 15:41:14 - [TEST_STEP][PASSED] - AllStatus.add(a.getText()): null

2020-03-13 15:41:14 - [TEST_STEP][PASSED] - AllStatus.add(a.getText()): null

2020-03-13 15:41:14 - [TEST_STEP][PASSED] - AllStatus.add(a.getText()): null

2020-03-13 15:41:14 - [TEST_STEP][PASSED] - AllStatus.add(a.getText()): null

2020-03-13 15:41:14 - [TEST_STEP][PASSED] - click(findTestObject("ROLES/Roles_page/Pagination/front_navigation")): Object: 'Object Repository/ROLES/Roles_page/Pagination/front_navigation' is clicked on

2020-03-13 15:41:14 - [MESSAGE][PASSED] - Object: 'Object Repository/ROLES/Roles_page/Pagination/front_navigation' is clicked on

2020-03-13 15:41:14 - [TEST_STEP][PASSED] - status = findWebElements(findTestObject("ROLES/Roles_page/sorting/status"), 2): null

2020-03-13 15:41:16 - [TEST_STEP][PASSED] - for (org.openqa.selenium.WebElement a : status): null

2020-03-13 15:41:16 - [TEST_STEP][PASSED] - AllStatus.add(a.getText()): null

2020-03-13 15:41:16 - [TEST_STEP][PASSED] - AllStatus.add(a.getText()): null

2020-03-13 15:41:16 - [TEST_STEP][PASSED] - AllStatus.add(a.getText()): null

2020-03-13 15:41:16 - [TEST_STEP][PASSED] - AllStatus.add(a.getText()): null

2020-03-13 15:41:16 - [TEST_STEP][PASSED] - AllStatus.add(a.getText()): null

2020-03-13 15:41:16 - [TEST_STEP][PASSED] - AllStatus.add(a.getText()): null

2020-03-13 15:41:16 - [TEST_STEP][PASSED] - AllStatus.add(a.getText()): null

2020-03-13 15:41:16 - [TEST_STEP][PASSED] - AllStatus.add(a.getText()): null

2020-03-13 15:41:16 - [TEST_STEP][PASSED] - AllStatus.add(a.getText()): null

2020-03-13 15:41:16 - [TEST_STEP][PASSED] - AllStatus.add(a.getText()): null

2020-03-13 15:41:16 - [TEST_STEP][PASSED] - click(findTestObject("ROLES/Roles_page/Pagination/front_navigation")): Object: 'Object Repository/ROLES/Roles_page/Pagination/front_navigation' is clicked on

2020-03-13 15:41:16 - [MESSAGE][PASSED] - Object: 'Object Repository/ROLES/Roles_page/Pagination/front_navigation' is clicked on

2020-03-13 15:41:16 - [TEST_STEP][PASSED] - status = findWebElements(findTestObject("ROLES/Roles_page/sorting/status"), 2): null

2020-03-13 15:41:17 - [TEST_STEP][PASSED] - for (org.openqa.selenium.WebElement a : status): null

2020-03-13 15:41:17 - [TEST_STEP][PASSED] - AllStatus.add(a.getText()): null

2020-03-13 15:41:17 - [TEST_STEP][PASSED] - AllStatus.add(a.getText()): null

2020-03-13 15:41:17 - [TEST_STEP][PASSED] - AllStatus.add(a.getText()): null

2020-03-13 15:41:17 - [TEST_STEP][PASSED] - AllStatus.add(a.getText()): null

2020-03-13 15:41:17 - [TEST_STEP][PASSED] - AllStatus.add(a.getText()): null

2020-03-13 15:41:17 - [TEST_STEP][PASSED] - AllStatus.add(a.getText()): null

2020-03-13 15:41:17 - [TEST_STEP][PASSED] - AllStatus.add(a.getText()): null

2020-03-13 15:41:18 - [TEST_STEP][PASSED] - AllStatus.add(a.getText()): null

2020-03-13 15:41:18 - [TEST_STEP][PASSED] - AllStatus.add(a.getText()): null

2020-03-13 15:41:18 - [TEST_STEP][PASSED] - AllStatus.add(a.getText()): null

2020-03-13 15:41:18 - [TEST_STEP][PASSED] - click(findTestObject("ROLES/Roles_page/Pagination/front_navigation")): Object: 'Object Repository/ROLES/Roles_page/Pagination/front_navigation' is clicked on

2020-03-13 15:41:18 - [MESSAGE][PASSED] - Object: 'Object Repository/ROLES/Roles_page/Pagination/front_navigation' is clicked on

2020-03-13 15:41:18 - [TEST_STEP][PASSED] - status = findWebElements(findTestObject("ROLES/Roles_page/sorting/status"), 2): null

2020-03-13 15:41:19 - [TEST_STEP][PASSED] - for (org.openqa.selenium.WebElement a : status): null

2020-03-13 15:41:19 - [TEST_STEP][PASSED] - AllStatus.add(a.getText()): null

2020-03-13 15:41:19 - [TEST_STEP][PASSED] - AllStatus.add(a.getText()): null

2020-03-13 15:41:19 - [TEST_STEP][PASSED] - AllStatus.add(a.getText()): null

2020-03-13 15:41:19 - [TEST_STEP][PASSED] - AllStatus.add(a.getText()): null

2020-03-13 15:41:19 - [TEST_STEP][PASSED] - AllStatus.add(a.getText()): null

2020-03-13 15:41:19 - [TEST_STEP][PASSED] - AllStatus.add(a.getText()): null

2020-03-13 15:41:19 - [TEST_STEP][PASSED] - AllStatus.add(a.getText()): null

2020-03-13 15:41:19 - [TEST_STEP][PASSED] - AllStatus.add(a.getText()): null

2020-03-13 15:41:19 - [TEST_STEP][PASSED] - AllStatus.add(a.getText()): null

2020-03-13 15:41:19 - [TEST_STEP][PASSED] - AllStatus.add(a.getText()): null

2020-03-13 15:41:19 - [TEST_STEP][PASSED] - click(findTestObject("ROLES/Roles_page/Pagination/front_navigation")): Object: 'Object Repository/ROLES/Roles_page/Pagination/front_navigation' is clicked on

2020-03-13 15:41:20 - [MESSAGE][PASSED] - Object: 'Object Repository/ROLES/Roles_page/Pagination/front_navigation' is clicked on

2020-03-13 15:41:20 - [TEST_STEP][PASSED] - status = findWebElements(findTestObject("ROLES/Roles_page/sorting/status"), 2): null

2020-03-13 15:41:20 - [TEST_STEP][PASSED] - for (org.openqa.selenium.WebElement a : status): null

2020-03-13 15:41:20 - [TEST_STEP][PASSED] - AllStatus.add(a.getText()): null

2020-03-13 15:41:20 - [TEST_STEP][PASSED] - AllStatus.add(a.getText()): null

2020-03-13 15:41:20 - [TEST_STEP][PASSED] - AllStatus.add(a.getText()): null

2020-03-13 15:41:20 - [TEST_STEP][PASSED] - AllStatus.add(a.getText()): null

2020-03-13 15:41:20 - [TEST_STEP][PASSED] - AllStatus.add(a.getText()): null

2020-03-13 15:41:20 - [TEST_STEP][PASSED] - AllStatus.add(a.getText()): null

2020-03-13 15:41:20 - [TEST_STEP][PASSED] - AllStatus.add(a.getText()): null

2020-03-13 15:41:20 - [TEST_STEP][PASSED] - click(findTestObject("ROLES/Roles_page/Pagination/front_navigation")): Object: 'Object Repository/ROLES/Roles_page/Pagination/front_navigation' is clicked on

2020-03-13 15:41:23 - [MESSAGE][PASSED] - Object: 'Object Repository/ROLES/Roles_page/Pagination/front_navigation' is clicked on

2020-03-13 15:41:23 - [TEST_STEP][PASSED] - if (j == 1): null

2020-03-13 15:41:23 - [TEST_STEP][PASSED] - if (j == 2): Actual object 'true' and expected object 'true' are equal

2020-03-13 15:41:23 - [TEST_STEP][PASSED] - isSorted = web.CustomKeyword.checkListAscendingOrder(AllStatus): web.CustomKeyword.checkListAscendingOrder is PASSED

2020-03-13 15:41:23 - [MESSAGE][PASSED] - web.CustomKeyword.checkListAscendingOrder is PASSED

2020-03-13 15:41:23 - [TEST_STEP][PASSED] - println(AllStatus.size()): null

2020-03-13 15:41:23 - [TEST_STEP][PASSED] - println(AllStatus): null

2020-03-13 15:41:23 - [TEST_STEP][PASSED] - verifyEqual(isSorted, true): Actual object 'true' and expected object 'true' are equal

2020-03-13 15:41:23 - [MESSAGE][PASSED] - Actual object 'true' and expected object 'true' are equal

2020-03-13 15:41:23 - [TEST_STEP][PASSED] - clearText(findTestObject("Object Repository/ROLES/Roles_page/Pagination/input_Page_form-control")): Text of object 'Object Repository/ROLES/Roles_page/Pagination/input_Page_form-control' is cleared

2020-03-13 15:41:24 - [MESSAGE][PASSED] - Text of object 'Object Repository/ROLES/Roles_page/Pagination/input_Page_form-control' is cleared

2020-03-13 15:41:24 - [TEST_STEP][PASSED] - setText(findTestObject("Object Repository/ROLES/Roles_page/Pagination/input_Page_form-control"), BACK_SPACE + BACK_SPACE + "1" + ENTER): Text 'BACK_SPACE + BACK_SPACE + ENTER + 1' is set on object 'Object Repository/ROLES/Roles_page/Pagination/input_Page_form-control'

2020-03-13 15:41:24 - [MESSAGE][PASSED] - Text 'BACK_SPACE + BACK_SPACE + ENTER + 1' is set on object 'Object Repository/ROLES/Roles_page/Pagination/input_Page_form-control'

2020-03-13 15:41:24 - [TEST_STEP][PASSED] - Start listener action : sampleAfterTestCase: null

2020-03-13 15:41:24 - [TEST_STEP][PASSED] - println(testCaseContext.getTestCaseId()): null

2020-03-13 15:41:24 - [TEST_STEP][PASSED] - println(testCaseContext.getTestCaseStatus()): null

2020-03-13 15:41:24 - [TEST_STEP][PASSED] - println("On Failure Method is Calling : " + testCaseContext.getTestCaseStatus()): null

2020-03-13 15:41:24 - [TEST_STEP][PASSED] - if (!(getTestCaseStatus().equalsIgnoreCase("PASSED"))): null]]></system-out>
         <system-err><![CDATA[]]></system-err>
      </testcase>
      <testcase name="Test Cases/Atlas Platform/Platform Navigation/Logout/Logout" time="3.327" classname="Test Cases/Atlas Platform/Platform Navigation/Logout/Logout" status="PASSED">
         <system-out><![CDATA[2020-03-13 15:41:26 - [TEST_CASE][PASSED] - Test Cases/Atlas Platform/Platform Navigation/Logout/Logout: Test Cases/Atlas Platform/Platform Navigation/Logout/Logout

2020-03-13 15:41:27 - [TEST_STEP][PASSED] - click(findTestObject("Logout/My Account")): Object: 'Object Repository/Logout/My Account' is clicked on

2020-03-13 15:41:27 - [MESSAGE][PASSED] - Object: 'Object Repository/Logout/My Account' is clicked on

2020-03-13 15:41:27 - [TEST_STEP][PASSED] - click(findTestObject("Logout/li_Log Out")): Object: 'Object Repository/Logout/li_Log Out' is clicked on

2020-03-13 15:41:28 - [MESSAGE][PASSED] - Object: 'Object Repository/Logout/li_Log Out' is clicked on

2020-03-13 15:41:28 - [TEST_STEP][PASSED] - Start listener action : sampleAfterTestCase: null

2020-03-13 15:41:28 - [TEST_STEP][PASSED] - println(testCaseContext.getTestCaseId()): null

2020-03-13 15:41:28 - [TEST_STEP][PASSED] - println(testCaseContext.getTestCaseStatus()): null

2020-03-13 15:41:28 - [TEST_STEP][PASSED] - println("On Failure Method is Calling : " + testCaseContext.getTestCaseStatus()): null

2020-03-13 15:41:28 - [TEST_STEP][PASSED] - if (!(getTestCaseStatus().equalsIgnoreCase("PASSED"))): null]]></system-out>
         <system-err><![CDATA[]]></system-err>
      </testcase>
      <system-out><![CDATA[2020-03-13 15:32:47 - [TEST_SUITE][FAILED] - Roles (sanity): Test Cases/Atlas Platform/Configuration Management/Platform Management/ROLES/Role Listing Grid/RLG-009 Verify sorting by No of Users FAILED.
Reason:
com.kms.katalon.core.exception.StepFailedException: Unable to verify equal between actual object 'false' and expected object 'true' (Root cause: com.kms.katalon.core.exception.StepFailedException: Actual object 'false' and expected object 'true' are not equal
	at com.kms.katalon.core.keyword.builtin.VerifyEqualKeyword$_verifyEqual_closure1.doCall(VerifyEqualKeyword.groovy:58)
	at com.kms.katalon.core.keyword.builtin.VerifyEqualKeyword$_verifyEqual_closure1.call(VerifyEqualKeyword.groovy)
	at com.kms.katalon.core.keyword.internal.KeywordMain.runKeyword(KeywordMain.groovy:68)
	at com.kms.katalon.core.keyword.builtin.VerifyEqualKeyword.verifyEqual(VerifyEqualKeyword.groovy:63)
	at com.kms.katalon.core.keyword.builtin.VerifyEqualKeyword.execute(VerifyEqualKeyword.groovy:44)
	at com.kms.katalon.core.keyword.internal.KeywordExecutor.executeKeywordForPlatform(KeywordExecutor.groovy:72)
	at com.kms.katalon.core.keyword.BuiltinKeywords.verifyEqual(BuiltinKeywords.groovy:141)
	at RLG-009 Verify sorting by No of Users.run(RLG-009 Verify sorting by No of Users:91)
	at com.kms.katalon.core.main.ScriptEngine.run(ScriptEngine.java:194)
	at com.kms.katalon.core.main.ScriptEngine.runScriptAsRawText(ScriptEngine.java:119)
	at com.kms.katalon.core.main.TestCaseExecutor.runScript(TestCaseExecutor.java:337)
	at com.kms.katalon.core.main.TestCaseExecutor.doExecute(TestCaseExecutor.java:328)
	at com.kms.katalon.core.main.TestCaseExecutor.processExecutionPhase(TestCaseExecutor.java:307)
	at com.kms.katalon.core.main.TestCaseExecutor.accessMainPhase(TestCaseExecutor.java:299)
	at com.kms.katalon.core.main.TestCaseExecutor.execute(TestCaseExecutor.java:233)
	at com.kms.katalon.core.main.TestSuiteExecutor.accessTestCaseMainPhase(TestSuiteExecutor.java:169)
	at com.kms.katalon.core.main.TestSuiteExecutor.accessTestSuiteMainPhase(TestSuiteExecutor.java:142)
	at com.kms.katalon.core.main.TestSuiteExecutor.execute(TestSuiteExecutor.java:91)
	at com.kms.katalon.core.main.TestCaseMain.startTestSuite(TestCaseMain.java:157)
	at com.kms.katalon.core.main.TestCaseMain$startTestSuite$0.call(Unknown Source)
	at TempTestSuite1584093757634.run(TempTestSuite1584093757634.groovy:36)
)
	at com.kms.katalon.core.keyword.internal.KeywordMain.stepFailed(KeywordMain.groovy:39)
	at com.kms.katalon.core.keyword.internal.KeywordMain.stepFailed(KeywordMain.groovy)
	at com.kms.katalon.core.keyword.internal.KeywordMain.runKeyword(KeywordMain.groovy:70)
	at com.kms.katalon.core.keyword.builtin.VerifyEqualKeyword.verifyEqual(VerifyEqualKeyword.groovy:63)
	at com.kms.katalon.core.keyword.builtin.VerifyEqualKeyword.execute(VerifyEqualKeyword.groovy:44)
	at com.kms.katalon.core.keyword.internal.KeywordExecutor.executeKeywordForPlatform(KeywordExecutor.groovy:72)
	at com.kms.katalon.core.keyword.BuiltinKeywords.verifyEqual(BuiltinKeywords.groovy:141)
	at RLG-009 Verify sorting by No of Users.run(RLG-009 Verify sorting by No of Users:91)
	at com.kms.katalon.core.main.ScriptEngine.run(ScriptEngine.java:194)
	at com.kms.katalon.core.main.ScriptEngine.runScriptAsRawText(ScriptEngine.java:119)
	at com.kms.katalon.core.main.TestCaseExecutor.runScript(TestCaseExecutor.java:337)
	at com.kms.katalon.core.main.TestCaseExecutor.doExecute(TestCaseExecutor.java:328)
	at com.kms.katalon.core.main.TestCaseExecutor.processExecutionPhase(TestCaseExecutor.java:307)
	at com.kms.katalon.core.main.TestCaseExecutor.accessMainPhase(TestCaseExecutor.java:299)
	at com.kms.katalon.core.main.TestCaseExecutor.execute(TestCaseExecutor.java:233)
	at com.kms.katalon.core.main.TestSuiteExecutor.accessTestCaseMainPhase(TestSuiteExecutor.java:169)
	at com.kms.katalon.core.main.TestSuiteExecutor.accessTestSuiteMainPhase(TestSuiteExecutor.java:142)
	at com.kms.katalon.core.main.TestSuiteExecutor.execute(TestSuiteExecutor.java:91)
	at com.kms.katalon.core.main.TestCaseMain.startTestSuite(TestCaseMain.java:157)
	at com.kms.katalon.core.main.TestCaseMain$startTestSuite$0.call(Unknown Source)
	at TempTestSuite1584093757634.run(TempTestSuite1584093757634.groovy:36)
Caused by: com.kms.katalon.core.exception.StepFailedException: Actual object 'false' and expected object 'true' are not equal
	at com.kms.katalon.core.keyword.builtin.VerifyEqualKeyword$_verifyEqual_closure1.doCall(VerifyEqualKeyword.groovy:58)
	at com.kms.katalon.core.keyword.builtin.VerifyEqualKeyword$_verifyEqual_closure1.call(VerifyEqualKeyword.groovy)
	at com.kms.katalon.core.keyword.internal.KeywordMain.runKeyword(KeywordMain.groovy:68)
	... 18 more]]></system-out>
      <system-err><![CDATA[2020-03-13 15:32:47 - [TEST_SUITE][FAILED] - Roles (sanity): Test Cases/Atlas Platform/Configuration Management/Platform Management/ROLES/Role Listing Grid/RLG-009 Verify sorting by No of Users FAILED.
Reason:
com.kms.katalon.core.exception.StepFailedException: Unable to verify equal between actual object 'false' and expected object 'true' (Root cause: com.kms.katalon.core.exception.StepFailedException: Actual object 'false' and expected object 'true' are not equal
	at com.kms.katalon.core.keyword.builtin.VerifyEqualKeyword$_verifyEqual_closure1.doCall(VerifyEqualKeyword.groovy:58)
	at com.kms.katalon.core.keyword.builtin.VerifyEqualKeyword$_verifyEqual_closure1.call(VerifyEqualKeyword.groovy)
	at com.kms.katalon.core.keyword.internal.KeywordMain.runKeyword(KeywordMain.groovy:68)
	at com.kms.katalon.core.keyword.builtin.VerifyEqualKeyword.verifyEqual(VerifyEqualKeyword.groovy:63)
	at com.kms.katalon.core.keyword.builtin.VerifyEqualKeyword.execute(VerifyEqualKeyword.groovy:44)
	at com.kms.katalon.core.keyword.internal.KeywordExecutor.executeKeywordForPlatform(KeywordExecutor.groovy:72)
	at com.kms.katalon.core.keyword.BuiltinKeywords.verifyEqual(BuiltinKeywords.groovy:141)
	at RLG-009 Verify sorting by No of Users.run(RLG-009 Verify sorting by No of Users:91)
	at com.kms.katalon.core.main.ScriptEngine.run(ScriptEngine.java:194)
	at com.kms.katalon.core.main.ScriptEngine.runScriptAsRawText(ScriptEngine.java:119)
	at com.kms.katalon.core.main.TestCaseExecutor.runScript(TestCaseExecutor.java:337)
	at com.kms.katalon.core.main.TestCaseExecutor.doExecute(TestCaseExecutor.java:328)
	at com.kms.katalon.core.main.TestCaseExecutor.processExecutionPhase(TestCaseExecutor.java:307)
	at com.kms.katalon.core.main.TestCaseExecutor.accessMainPhase(TestCaseExecutor.java:299)
	at com.kms.katalon.core.main.TestCaseExecutor.execute(TestCaseExecutor.java:233)
	at com.kms.katalon.core.main.TestSuiteExecutor.accessTestCaseMainPhase(TestSuiteExecutor.java:169)
	at com.kms.katalon.core.main.TestSuiteExecutor.accessTestSuiteMainPhase(TestSuiteExecutor.java:142)
	at com.kms.katalon.core.main.TestSuiteExecutor.execute(TestSuiteExecutor.java:91)
	at com.kms.katalon.core.main.TestCaseMain.startTestSuite(TestCaseMain.java:157)
	at com.kms.katalon.core.main.TestCaseMain$startTestSuite$0.call(Unknown Source)
	at TempTestSuite1584093757634.run(TempTestSuite1584093757634.groovy:36)
)
	at com.kms.katalon.core.keyword.internal.KeywordMain.stepFailed(KeywordMain.groovy:39)
	at com.kms.katalon.core.keyword.internal.KeywordMain.stepFailed(KeywordMain.groovy)
	at com.kms.katalon.core.keyword.internal.KeywordMain.runKeyword(KeywordMain.groovy:70)
	at com.kms.katalon.core.keyword.builtin.VerifyEqualKeyword.verifyEqual(VerifyEqualKeyword.groovy:63)
	at com.kms.katalon.core.keyword.builtin.VerifyEqualKeyword.execute(VerifyEqualKeyword.groovy:44)
	at com.kms.katalon.core.keyword.internal.KeywordExecutor.executeKeywordForPlatform(KeywordExecutor.groovy:72)
	at com.kms.katalon.core.keyword.BuiltinKeywords.verifyEqual(BuiltinKeywords.groovy:141)
	at RLG-009 Verify sorting by No of Users.run(RLG-009 Verify sorting by No of Users:91)
	at com.kms.katalon.core.main.ScriptEngine.run(ScriptEngine.java:194)
	at com.kms.katalon.core.main.ScriptEngine.runScriptAsRawText(ScriptEngine.java:119)
	at com.kms.katalon.core.main.TestCaseExecutor.runScript(TestCaseExecutor.java:337)
	at com.kms.katalon.core.main.TestCaseExecutor.doExecute(TestCaseExecutor.java:328)
	at com.kms.katalon.core.main.TestCaseExecutor.processExecutionPhase(TestCaseExecutor.java:307)
	at com.kms.katalon.core.main.TestCaseExecutor.accessMainPhase(TestCaseExecutor.java:299)
	at com.kms.katalon.core.main.TestCaseExecutor.execute(TestCaseExecutor.java:233)
	at com.kms.katalon.core.main.TestSuiteExecutor.accessTestCaseMainPhase(TestSuiteExecutor.java:169)
	at com.kms.katalon.core.main.TestSuiteExecutor.accessTestSuiteMainPhase(TestSuiteExecutor.java:142)
	at com.kms.katalon.core.main.TestSuiteExecutor.execute(TestSuiteExecutor.java:91)
	at com.kms.katalon.core.main.TestCaseMain.startTestSuite(TestCaseMain.java:157)
	at com.kms.katalon.core.main.TestCaseMain$startTestSuite$0.call(Unknown Source)
	at TempTestSuite1584093757634.run(TempTestSuite1584093757634.groovy:36)
Caused by: com.kms.katalon.core.exception.StepFailedException: Actual object 'false' and expected object 'true' are not equal
	at com.kms.katalon.core.keyword.builtin.VerifyEqualKeyword$_verifyEqual_closure1.doCall(VerifyEqualKeyword.groovy:58)
	at com.kms.katalon.core.keyword.builtin.VerifyEqualKeyword$_verifyEqual_closure1.call(VerifyEqualKeyword.groovy)
	at com.kms.katalon.core.keyword.internal.KeywordMain.runKeyword(KeywordMain.groovy:68)
	... 18 more]]></system-err>
   </testsuite>
</testsuites>
