<?xml version="1.0" encoding="UTF-8"?>
<testsuites name="SwitcherTestSuite" time="471.216" tests="36" failures="0" errors="0">
   <testsuite name="SwitcherTestSuite" tests="36" failures="0" errors="0" time="471.216" timestamp="2020-02-17 16:35:37" hostname="Dell - DESKTOP-8FKLJ50" id="Test Suites/SwitcherTestSuite">
      <properties>
         <property name="deviceName" value=""/>
         <property name="devicePlatform" value=""/>
         <property name="logFolder" value="C:\\Users\\Dell\\git\\GSMProject\\Reports\\20200217_163519\\SwitcherTestSuite\\20200217_163519"/>
         <property name="logFiles" value="C:\\Users\\Dell\\git\\GSMProject\\Reports\\20200217_163519\\SwitcherTestSuite\\20200217_163519\\execution0.log"/>
         <property name="attachments" value=""/>
         <property name="hostName" value="Dell - DESKTOP-8FKLJ50"/>
         <property name="os" value="Windows 10 64bit"/>
         <property name="katalonVersion" value="7.2.1.1"/>
         <property name="browser" value="Chrome 79.0.3945.130"/>
         <property name="dbServerInfo" value="MySQL 5.7.22-log"/>
         <property name="hostAddress" value="10.0.75.1"/>
         <property name="sessionId" value="34dd528b50bd51a83ceb2a78912f3709"/>
         <property name="seleniumVersion" value="3.141.59"/>
         <property name="proxyInformation" value="ProxyInformation{proxyOption=NO_PROXY, proxyServerType=HTTP, password=, proxyServerAddress=, proxyServerPort=0, executionList=}"/>
         <property name="platform" value="Windows 10"/>
      </properties>
      <testcase name="Test Cases/Atlas Platform/OnBoard/Swicther/TC_000_Common_Browser_WithLogin" time="80.229" classname="Test Cases/Atlas Platform/OnBoard/Swicther/TC_000_Common_Browser_WithLogin" status="PASSED">
         <system-out><![CDATA[2020-02-17 16:35:37 - [TEST_CASE][PASSED] - Test Cases/Atlas Platform/OnBoard/Swicther/TC_000_Common_Browser_WithLogin: Test Cases/Atlas Platform/OnBoard/Swicther/TC_000_Common_Browser_WithLogin

2020-02-17 16:35:40 - [TEST_STEP][PASSED] - callTestCase(findTestCase("Atlas Platform/OnBoard/Login/LoginWithRootAdmin"), [:], STOP_ON_FAILURE): Call Test Case 'Test Cases/Atlas Platform/OnBoard/Login/LoginWithRootAdmin' successfully

2020-02-17 16:35:41 - [TEST_CASE][PASSED] - Test Cases/Atlas Platform/OnBoard/Login/LoginWithRootAdmin: Test Cases/Atlas Platform/OnBoard/Login/LoginWithRootAdmin

2020-02-17 16:35:42 - [TEST_STEP][NOT_RUN] - openBrowser(""): NOT_RUN: openBrowser("")

2020-02-17 16:35:42 - [MESSAGE][NOT_RUN] - NOT_RUN: openBrowser("")

2020-02-17 16:35:42 - [TEST_STEP][PASSED] - callTestCase(findTestCase("Atlas Platform/OnBoard/SwictherDBValidation/TC_100_ForSecurityURLSAcceptance"), [:], CONTINUE_ON_FAILURE): Call Test Case 'Test Cases/Atlas Platform/OnBoard/SwictherDBValidation/TC_100_ForSecurityURLSAcceptance' successfully

2020-02-17 16:35:42 - [TEST_CASE][PASSED] - Test Cases/Atlas Platform/OnBoard/SwictherDBValidation/TC_100_ForSecurityURLSAcceptance: Test Cases/Atlas Platform/OnBoard/SwictherDBValidation/TC_100_ForSecurityURLSAcceptance

2020-02-17 16:35:42 - [TEST_STEP][PASSED] - openBrowser(""): Browser is opened with url: ''

2020-02-17 16:35:43 - [MESSAGE][INFO] - Starting 'Chrome' driver

2020-02-17 16:35:43 - [MESSAGE][INFO] - User set preference: ['args', '[--start-maximized, --disable-web-security, --no-proxy-server]']

2020-02-17 16:35:43 - [MESSAGE][INFO] - User set preference: ['prefs', '{credentials_enable_service=false, profile.password_manager_enabled=false}']

2020-02-17 16:35:43 - [MESSAGE][INFO] - Action delay is set to 0 seconds

2020-02-17 16:35:52 - [MESSAGE][PASSED] - Browser is opened with url: ''

2020-02-17 16:35:52 - [TEST_STEP][PASSED] - navigateToUrl("https://ec2-3-133-54-242.us-east-2.compute.amazonaws.com:9092/services/message/api/programs"): Navigate to 'https://ec2-3-133-54-242.us-east-2.compute.amazonaws.com:9092/services/message/api/programs' successfully

2020-02-17 16:35:54 - [MESSAGE][PASSED] - Navigate to 'https://ec2-3-133-54-242.us-east-2.compute.amazonaws.com:9092/services/message/api/programs' successfully

2020-02-17 16:35:54 - [TEST_STEP][PASSED] - click(findTestObject("LoginPage/httpAdvanceBtn")): Object: 'Object Repository/LoginPage/httpAdvanceBtn' is clicked on

2020-02-17 16:35:54 - [MESSAGE][PASSED] - Object: 'Object Repository/LoginPage/httpAdvanceBtn' is clicked on

2020-02-17 16:35:54 - [TEST_STEP][PASSED] - click(findTestObject("LoginPage/httpsproceedlink")): Object: 'Object Repository/LoginPage/httpsproceedlink' is clicked on

2020-02-17 16:35:58 - [MESSAGE][PASSED] - Object: 'Object Repository/LoginPage/httpsproceedlink' is clicked on

2020-02-17 16:35:58 - [TEST_STEP][PASSED] - navigateToUrl("https://3.19.246.255:9090/services/configuration/api/authenticate"): Navigate to 'https://3.19.246.255:9090/services/configuration/api/authenticate' successfully

2020-02-17 16:36:03 - [MESSAGE][PASSED] - Navigate to 'https://3.19.246.255:9090/services/configuration/api/authenticate' successfully

2020-02-17 16:36:03 - [TEST_STEP][PASSED] - click(findTestObject("LoginPage/httpAdvanceBtn")): Object: 'Object Repository/LoginPage/httpAdvanceBtn' is clicked on

2020-02-17 16:36:03 - [MESSAGE][PASSED] - Object: 'Object Repository/LoginPage/httpAdvanceBtn' is clicked on

2020-02-17 16:36:03 - [TEST_STEP][PASSED] - click(findTestObject("LoginPage/httpsproceedlink")): Object: 'Object Repository/LoginPage/httpsproceedlink' is clicked on

2020-02-17 16:36:06 - [MESSAGE][PASSED] - Object: 'Object Repository/LoginPage/httpsproceedlink' is clicked on

2020-02-17 16:36:06 - [TEST_STEP][PASSED] - navigateToUrl("https://ec2-3-133-54-242.us-east-2.compute.amazonaws.com:8080/services/data/api/data-sources?search=Repair&filters=ACTIVE&page=0&size=20&sort=accountId,DESC"): Navigate to 'https://ec2-3-133-54-242.us-east-2.compute.amazonaws.com:8080/services/data/api/data-sources?search=Repair&filters=ACTIVE&page=0&size=20&sort=accountId,DESC' successfully

2020-02-17 16:36:11 - [MESSAGE][PASSED] - Navigate to 'https://ec2-3-133-54-242.us-east-2.compute.amazonaws.com:8080/services/data/api/data-sources?search=Repair&filters=ACTIVE&page=0&size=20&sort=accountId,DESC' successfully

2020-02-17 16:36:11 - [TEST_STEP][PASSED] - click(findTestObject("LoginPage/httpAdvanceBtn")): Object: 'Object Repository/LoginPage/httpAdvanceBtn' is clicked on

2020-02-17 16:36:11 - [MESSAGE][PASSED] - Object: 'Object Repository/LoginPage/httpAdvanceBtn' is clicked on

2020-02-17 16:36:11 - [TEST_STEP][PASSED] - click(findTestObject("LoginPage/httpsproceedlink")): Object: 'Object Repository/LoginPage/httpsproceedlink' is clicked on

2020-02-17 16:36:16 - [MESSAGE][PASSED] - Object: 'Object Repository/LoginPage/httpsproceedlink' is clicked on

2020-02-17 16:36:16 - [TEST_STEP][PASSED] - navigateToUrl("https://3.19.246.255:9091/services/content/api/images?page=0&size=10"): Navigate to 'https://3.19.246.255:9091/services/content/api/images?page=0&size=10' successfully

2020-02-17 16:36:20 - [MESSAGE][PASSED] - Navigate to 'https://3.19.246.255:9091/services/content/api/images?page=0&size=10' successfully

2020-02-17 16:36:20 - [TEST_STEP][PASSED] - click(findTestObject("LoginPage/httpAdvanceBtn")): Object: 'Object Repository/LoginPage/httpAdvanceBtn' is clicked on

2020-02-17 16:36:20 - [MESSAGE][PASSED] - Object: 'Object Repository/LoginPage/httpAdvanceBtn' is clicked on

2020-02-17 16:36:20 - [TEST_STEP][PASSED] - click(findTestObject("LoginPage/httpsproceedlink")): Object: 'Object Repository/LoginPage/httpsproceedlink' is clicked on

2020-02-17 16:36:24 - [MESSAGE][PASSED] - Object: 'Object Repository/LoginPage/httpsproceedlink' is clicked on

2020-02-17 16:36:24 - [MESSAGE][PASSED] - Call Test Case 'Test Cases/Atlas Platform/OnBoard/SwictherDBValidation/TC_100_ForSecurityURLSAcceptance' successfully

2020-02-17 16:36:24 - [TEST_STEP][PASSED] - navigateToUrl("https://atlas-dev.gsm.auto/"): Navigate to 'https://atlas-dev.gsm.auto/' successfully

2020-02-17 16:36:39 - [MESSAGE][PASSED] - Navigate to 'https://atlas-dev.gsm.auto/' successfully

2020-02-17 16:36:39 - [TEST_STEP][PASSED] - setText(findTestObject("Object Repository/LoginPage/loginpageemailtxtbox"), user_Email): Text 'navaraj@totient.co.in' is set on object 'Object Repository/LoginPage/loginpageemailtxtbox'

2020-02-17 16:36:40 - [MESSAGE][PASSED] - Text 'navaraj@totient.co.in' is set on object 'Object Repository/LoginPage/loginpageemailtxtbox'

2020-02-17 16:36:40 - [TEST_STEP][PASSED] - setText(findTestObject("Object Repository/LoginPage/loginpaepasswordtxtbox"), user_Password): Text 'Totient@123' is set on object 'Object Repository/LoginPage/loginpaepasswordtxtbox'

2020-02-17 16:36:41 - [MESSAGE][PASSED] - Text 'Totient@123' is set on object 'Object Repository/LoginPage/loginpaepasswordtxtbox'

2020-02-17 16:36:41 - [TEST_STEP][PASSED] - click(findTestObject("LoginPage/loginpageloginbtn")): Object: 'Object Repository/LoginPage/loginpageloginbtn' is clicked on

2020-02-17 16:36:42 - [MESSAGE][PASSED] - Object: 'Object Repository/LoginPage/loginpageloginbtn' is clicked on

2020-02-17 16:36:42 - [TEST_STEP][PASSED] - conn = com.katalon.plugin.keyword.connection.DatabaseKeywords.getGlobalConnection(): com.katalon.plugin.keyword.connection.DatabaseKeywords.getGlobalConnection is PASSED

2020-02-17 16:36:52 - [MESSAGE][PASSED] - com.katalon.plugin.keyword.connection.DatabaseKeywords.getGlobalConnection is PASSED

2020-02-17 16:36:52 - [TEST_STEP][PASSED] - resultValues1 = com.katalon.plugin.keyword.connection.DatabaseKeywords.executeQuery(conn, "SELECT * FROM atlas_config.user WHERE email ="" + user_Email + "";"): com.katalon.plugin.keyword.connection.DatabaseKeywords.executeQuery is PASSED

2020-02-17 16:36:54 - [MESSAGE][PASSED] - com.katalon.plugin.keyword.connection.DatabaseKeywords.executeQuery is PASSED

2020-02-17 16:36:54 - [TEST_STEP][PASSED] - println(com.katalon.plugin.keyword.connection.ResultSetKeywords.getSingleCellValue(resultValues1, 1, "user_id")): com.katalon.plugin.keyword.connection.ResultSetKeywords.getSingleCellValue is PASSED

2020-02-17 16:36:55 - [MESSAGE][PASSED] - com.katalon.plugin.keyword.connection.ResultSetKeywords.getSingleCellValue is PASSED

2020-02-17 16:36:55 - [TEST_STEP][PASSED] - user_id = com.katalon.plugin.keyword.connection.ResultSetKeywords.getSingleCellValue(resultValues1, 1, "user_id"): com.katalon.plugin.keyword.connection.ResultSetKeywords.getSingleCellValue is PASSED

2020-02-17 16:36:55 - [MESSAGE][PASSED] - com.katalon.plugin.keyword.connection.ResultSetKeywords.getSingleCellValue is PASSED

2020-02-17 16:36:55 - [TEST_STEP][PASSED] - println("User ID Variable value is : " + user_id): null

2020-02-17 16:36:55 - [MESSAGE][PASSED] - Call Test Case 'Test Cases/Atlas Platform/OnBoard/Login/LoginWithRootAdmin' successfully

2020-02-17 16:36:55 - [TEST_STEP][PASSED] - Start listener action : sampleAfterTestCase: null

2020-02-17 16:36:55 - [TEST_STEP][PASSED] - println(testCaseContext.getTestCaseId()): null

2020-02-17 16:36:55 - [TEST_STEP][PASSED] - println(testCaseContext.getTestCaseStatus()): null

2020-02-17 16:36:55 - [TEST_STEP][PASSED] - println("On Failure Method is Calling : " + testCaseContext.getTestCaseStatus()): null

2020-02-17 16:36:55 - [TEST_STEP][PASSED] - if (!(getTestCaseStatus().equalsIgnoreCase("PASSED"))): null]]></system-out>
         <system-err><![CDATA[]]></system-err>
      </testcase>
      <testcase name="Test Cases/Atlas Platform/OnBoard/Swicther/TC_001_SwictherTextValidation" time="3.767" classname="Test Cases/Atlas Platform/OnBoard/Swicther/TC_001_SwictherTextValidation" status="PASSED">
         <system-out><![CDATA[2020-02-17 16:36:57 - [TEST_CASE][PASSED] - Test Cases/Atlas Platform/OnBoard/Swicther/TC_001_SwictherTextValidation: Test Cases/Atlas Platform/OnBoard/Swicther/TC_001_SwictherTextValidation

2020-02-17 16:36:58 - [TEST_STEP][NOT_RUN] - callTestCase(findTestCase("Atlas Platform/OnBoard/Login/LoginWithRootAdmin"), [:], STOP_ON_FAILURE): NOT_RUN: callTestCase(findTestCase("Atlas Platform/OnBoard/Login/LoginWithRootAdmin"), [:], STOP_ON_FAILURE)

2020-02-17 16:36:58 - [MESSAGE][NOT_RUN] - NOT_RUN: callTestCase(findTestCase("Atlas Platform/OnBoard/Login/LoginWithRootAdmin"), [:], STOP_ON_FAILURE)

2020-02-17 16:36:58 - [TEST_STEP][PASSED] - verifyElementPresent(findTestObject("Swicther/swicthermenutext"), 0): Object 'Object Repository/Swicther/swicthermenutext' is present

2020-02-17 16:36:58 - [MESSAGE][WARNING] - Timeout '0' is invalid. Using default page load timeout: '230'

2020-02-17 16:36:58 - [MESSAGE][PASSED] - Object 'Object Repository/Swicther/swicthermenutext' is present

2020-02-17 16:36:58 - [TEST_STEP][PASSED] - verifyEqual(getCSSValue(findTestObject("Swicther/swicthermenutext"), "margin-right"), "6px"): Actual object '6px' and expected object '6px' are equal

2020-02-17 16:36:58 - [MESSAGE][PASSED] - Get CSS 'margin-right' value on 'Object Repository/Swicther/swicthermenutext' successfully: '6px'.

2020-02-17 16:36:59 - [MESSAGE][PASSED] - Actual object '6px' and expected object '6px' are equal

2020-02-17 16:36:59 - [TEST_STEP][PASSED] - verifyEqual(getCSSValue(findTestObject("Swicther/swicthermenutext"), "font-size"), "12px"): Actual object '12px' and expected object '12px' are equal

2020-02-17 16:36:59 - [MESSAGE][PASSED] - Get CSS 'font-size' value on 'Object Repository/Swicther/swicthermenutext' successfully: '12px'.

2020-02-17 16:36:59 - [MESSAGE][PASSED] - Actual object '12px' and expected object '12px' are equal

2020-02-17 16:36:59 - [TEST_STEP][PASSED] - Start listener action : sampleAfterTestCase: null

2020-02-17 16:36:59 - [TEST_STEP][PASSED] - println(testCaseContext.getTestCaseId()): null

2020-02-17 16:36:59 - [TEST_STEP][PASSED] - println(testCaseContext.getTestCaseStatus()): null

2020-02-17 16:36:59 - [TEST_STEP][PASSED] - println("On Failure Method is Calling : " + testCaseContext.getTestCaseStatus()): null

2020-02-17 16:36:59 - [TEST_STEP][PASSED] - if (!(getTestCaseStatus().equalsIgnoreCase("PASSED"))): null]]></system-out>
         <system-err><![CDATA[]]></system-err>
      </testcase>
      <testcase name="Test Cases/Atlas Platform/OnBoard/Swicther/TC_002_ChecksSwictherMenuAttributes" time="6.034" classname="Test Cases/Atlas Platform/OnBoard/Swicther/TC_002_ChecksSwictherMenuAttributes" status="PASSED">
         <system-out><![CDATA[2020-02-17 16:37:01 - [TEST_CASE][PASSED] - Test Cases/Atlas Platform/OnBoard/Swicther/TC_002_ChecksSwictherMenuAttributes: Test Cases/Atlas Platform/OnBoard/Swicther/TC_002_ChecksSwictherMenuAttributes

2020-02-17 16:37:01 - [TEST_STEP][NOT_RUN] - callTestCase(findTestCase("Atlas Platform/OnBoard/Login/LoginWithRootAdmin"), [:], STOP_ON_FAILURE): NOT_RUN: callTestCase(findTestCase("Atlas Platform/OnBoard/Login/LoginWithRootAdmin"), [:], STOP_ON_FAILURE)

2020-02-17 16:37:02 - [MESSAGE][NOT_RUN] - NOT_RUN: callTestCase(findTestCase("Atlas Platform/OnBoard/Login/LoginWithRootAdmin"), [:], STOP_ON_FAILURE)

2020-02-17 16:37:02 - [TEST_STEP][PASSED] - click(findTestObject("Swicther/swicthermenutext")): Object: 'Object Repository/Swicther/swicthermenutext' is clicked on

2020-02-17 16:37:02 - [MESSAGE][PASSED] - Object: 'Object Repository/Swicther/swicthermenutext' is clicked on

2020-02-17 16:37:02 - [TEST_STEP][PASSED] - verifyElementText(findTestObject("Swicther/root_tab_swicther"), "Root"): Actual text and expected text of test object 'Object Repository/Swicther/root_tab_swicther' are matched.

2020-02-17 16:37:03 - [MESSAGE][PASSED] - Actual text and expected text of test object 'Object Repository/Swicther/root_tab_swicther' are matched.

2020-02-17 16:37:03 - [TEST_STEP][PASSED] - verifyElementText(findTestObject("Swicther/accounts_tab_swicther"), "Accounts"): Actual text and expected text of test object 'Object Repository/Swicther/accounts_tab_swicther' are matched.

2020-02-17 16:37:03 - [MESSAGE][PASSED] - Actual text and expected text of test object 'Object Repository/Swicther/accounts_tab_swicther' are matched.

2020-02-17 16:37:03 - [TEST_STEP][PASSED] - verifyElementText(findTestObject("Swicther/organization_tab_swicther"), "Organizations"): Actual text and expected text of test object 'Object Repository/Swicther/organization_tab_swicther' are matched.

2020-02-17 16:37:03 - [MESSAGE][PASSED] - Actual text and expected text of test object 'Object Repository/Swicther/organization_tab_swicther' are matched.

2020-02-17 16:37:03 - [TEST_STEP][PASSED] - verifyElementText(findTestObject("Swicther/favorites_tabs_swicther"), "Favorites"): Actual text and expected text of test object 'Object Repository/Swicther/favorites_tabs_swicther' are matched.

2020-02-17 16:37:04 - [MESSAGE][PASSED] - Actual text and expected text of test object 'Object Repository/Swicther/favorites_tabs_swicther' are matched.

2020-02-17 16:37:04 - [TEST_STEP][PASSED] - verifyElementInViewport(findTestObject("Swicther/search_in_swicther"), 0): Object 'Object Repository/Swicther/search_in_swicther' is present and visible in viewport

2020-02-17 16:37:04 - [MESSAGE][WARNING] - Timeout '0' is invalid. Using default page load timeout: '230'

2020-02-17 16:37:04 - [MESSAGE][PASSED] - Object 'Object Repository/Swicther/search_in_swicther' is present and visible in viewport

2020-02-17 16:37:04 - [TEST_STEP][PASSED] - verifyElementInViewport(findTestObject("Swicther/closeIcon"), 0): Object 'Object Repository/Swicther/closeIcon' is present and visible in viewport

2020-02-17 16:37:04 - [MESSAGE][WARNING] - Timeout '0' is invalid. Using default page load timeout: '230'

2020-02-17 16:37:05 - [MESSAGE][PASSED] - Object 'Object Repository/Swicther/closeIcon' is present and visible in viewport

2020-02-17 16:37:05 - [TEST_STEP][PASSED] - click(findTestObject("Swicther/closeIcon")): Object: 'Object Repository/Swicther/closeIcon' is clicked on

2020-02-17 16:37:05 - [MESSAGE][PASSED] - Object: 'Object Repository/Swicther/closeIcon' is clicked on

2020-02-17 16:37:05 - [TEST_STEP][PASSED] - Start listener action : sampleAfterTestCase: null

2020-02-17 16:37:05 - [TEST_STEP][PASSED] - println(testCaseContext.getTestCaseId()): null

2020-02-17 16:37:05 - [TEST_STEP][PASSED] - println(testCaseContext.getTestCaseStatus()): null

2020-02-17 16:37:05 - [TEST_STEP][PASSED] - println("On Failure Method is Calling : " + testCaseContext.getTestCaseStatus()): null

2020-02-17 16:37:05 - [TEST_STEP][PASSED] - if (!(getTestCaseStatus().equalsIgnoreCase("PASSED"))): null]]></system-out>
         <system-err><![CDATA[]]></system-err>
      </testcase>
      <testcase name="Test Cases/Atlas Platform/OnBoard/Swicther/TC_003_VerifyLastVisitYesterday" time="4.711" classname="Test Cases/Atlas Platform/OnBoard/Swicther/TC_003_VerifyLastVisitYesterday" status="PASSED">
         <system-out><![CDATA[2020-02-17 16:37:07 - [TEST_CASE][PASSED] - Test Cases/Atlas Platform/OnBoard/Swicther/TC_003_VerifyLastVisitYesterday: Test Cases/Atlas Platform/OnBoard/Swicther/TC_003_VerifyLastVisitYesterday

2020-02-17 16:37:07 - [TEST_STEP][NOT_RUN] - callTestCase(findTestCase("Atlas Platform/OnBoard/Login/LoginWithRootAdmin"), [:], STOP_ON_FAILURE): NOT_RUN: callTestCase(findTestCase("Atlas Platform/OnBoard/Login/LoginWithRootAdmin"), [:], STOP_ON_FAILURE)

2020-02-17 16:37:08 - [MESSAGE][NOT_RUN] - NOT_RUN: callTestCase(findTestCase("Atlas Platform/OnBoard/Login/LoginWithRootAdmin"), [:], STOP_ON_FAILURE)

2020-02-17 16:37:08 - [TEST_STEP][PASSED] - click(findTestObject("Swicther/swicthermenutext")): Object: 'Object Repository/Swicther/swicthermenutext' is clicked on

2020-02-17 16:37:08 - [MESSAGE][PASSED] - Object: 'Object Repository/Swicther/swicthermenutext' is clicked on

2020-02-17 16:37:08 - [TEST_STEP][PASSED] - click(findTestObject("Swicther/accounts_tab_swicther")): Object: 'Object Repository/Swicther/accounts_tab_swicther' is clicked on

2020-02-17 16:37:09 - [MESSAGE][PASSED] - Object: 'Object Repository/Swicther/accounts_tab_swicther' is clicked on

2020-02-17 16:37:09 - [TEST_STEP][PASSED] - verifyElementText(findTestObject("Swicther/FirstLastViewedTextForAccounts"), "Last Visited Today"): Actual text and expected text of test object 'Object Repository/Swicther/FirstLastViewedTextForAccounts' are matched.

2020-02-17 16:37:09 - [MESSAGE][PASSED] - Actual text and expected text of test object 'Object Repository/Swicther/FirstLastViewedTextForAccounts' are matched.

2020-02-17 16:37:09 - [TEST_STEP][PASSED] - click(findTestObject("Swicther/closeIcon")): Object: 'Object Repository/Swicther/closeIcon' is clicked on

2020-02-17 16:37:10 - [MESSAGE][PASSED] - Object: 'Object Repository/Swicther/closeIcon' is clicked on

2020-02-17 16:37:10 - [TEST_STEP][PASSED] - Start listener action : sampleAfterTestCase: null

2020-02-17 16:37:10 - [TEST_STEP][PASSED] - println(testCaseContext.getTestCaseId()): null

2020-02-17 16:37:10 - [TEST_STEP][PASSED] - println(testCaseContext.getTestCaseStatus()): null

2020-02-17 16:37:10 - [TEST_STEP][PASSED] - println("On Failure Method is Calling : " + testCaseContext.getTestCaseStatus()): null

2020-02-17 16:37:10 - [TEST_STEP][PASSED] - if (!(getTestCaseStatus().equalsIgnoreCase("PASSED"))): null]]></system-out>
         <system-err><![CDATA[]]></system-err>
      </testcase>
      <testcase name="Test Cases/Atlas Platform/OnBoard/Swicther/TC_004_VerifyLastVisitToday" time="4.635" classname="Test Cases/Atlas Platform/OnBoard/Swicther/TC_004_VerifyLastVisitToday" status="PASSED">
         <system-out><![CDATA[2020-02-17 16:37:12 - [TEST_CASE][PASSED] - Test Cases/Atlas Platform/OnBoard/Swicther/TC_004_VerifyLastVisitToday: Test Cases/Atlas Platform/OnBoard/Swicther/TC_004_VerifyLastVisitToday

2020-02-17 16:37:12 - [TEST_STEP][NOT_RUN] - callTestCase(findTestCase("Atlas Platform/OnBoard/Login/LoginWithRootAdmin"), [:], STOP_ON_FAILURE): NOT_RUN: callTestCase(findTestCase("Atlas Platform/OnBoard/Login/LoginWithRootAdmin"), [:], STOP_ON_FAILURE)

2020-02-17 16:37:12 - [MESSAGE][NOT_RUN] - NOT_RUN: callTestCase(findTestCase("Atlas Platform/OnBoard/Login/LoginWithRootAdmin"), [:], STOP_ON_FAILURE)

2020-02-17 16:37:12 - [TEST_STEP][PASSED] - click(findTestObject("Swicther/swicthermenutext")): Object: 'Object Repository/Swicther/swicthermenutext' is clicked on

2020-02-17 16:37:13 - [MESSAGE][PASSED] - Object: 'Object Repository/Swicther/swicthermenutext' is clicked on

2020-02-17 16:37:13 - [TEST_STEP][PASSED] - click(findTestObject("Swicther/root_tab_swicther")): Object: 'Object Repository/Swicther/root_tab_swicther' is clicked on

2020-02-17 16:37:13 - [MESSAGE][PASSED] - Object: 'Object Repository/Swicther/root_tab_swicther' is clicked on

2020-02-17 16:37:13 - [TEST_STEP][PASSED] - verifyElementText(findTestObject("Swicther/FirstLastViewedTextForRoot"), "Last Visited Today"): Actual text and expected text of test object 'Object Repository/Swicther/FirstLastViewedTextForRoot' are matched.

2020-02-17 16:37:14 - [MESSAGE][PASSED] - Actual text and expected text of test object 'Object Repository/Swicther/FirstLastViewedTextForRoot' are matched.

2020-02-17 16:37:14 - [TEST_STEP][PASSED] - click(findTestObject("Swicther/closeIcon")): Object: 'Object Repository/Swicther/closeIcon' is clicked on

2020-02-17 16:37:15 - [MESSAGE][PASSED] - Object: 'Object Repository/Swicther/closeIcon' is clicked on

2020-02-17 16:37:15 - [TEST_STEP][PASSED] - Start listener action : sampleAfterTestCase: null

2020-02-17 16:37:15 - [TEST_STEP][PASSED] - println(testCaseContext.getTestCaseId()): null

2020-02-17 16:37:15 - [TEST_STEP][PASSED] - println(testCaseContext.getTestCaseStatus()): null

2020-02-17 16:37:15 - [TEST_STEP][PASSED] - println("On Failure Method is Calling : " + testCaseContext.getTestCaseStatus()): null

2020-02-17 16:37:15 - [TEST_STEP][PASSED] - if (!(getTestCaseStatus().equalsIgnoreCase("PASSED"))): null]]></system-out>
         <system-err><![CDATA[]]></system-err>
      </testcase>
      <testcase name="Test Cases/Atlas Platform/OnBoard/Swicther/TC_005_VerifyRootTabValues" time="9.193" classname="Test Cases/Atlas Platform/OnBoard/Swicther/TC_005_VerifyRootTabValues" status="PASSED">
         <system-out><![CDATA[2020-02-17 16:37:17 - [TEST_CASE][PASSED] - Test Cases/Atlas Platform/OnBoard/Swicther/TC_005_VerifyRootTabValues: Test Cases/Atlas Platform/OnBoard/Swicther/TC_005_VerifyRootTabValues

2020-02-17 16:37:17 - [TEST_STEP][NOT_RUN] - callTestCase(findTestCase("Atlas Platform/OnBoard/Login/LoginWithRootAdmin"), [:], STOP_ON_FAILURE): NOT_RUN: callTestCase(findTestCase("Atlas Platform/OnBoard/Login/LoginWithRootAdmin"), [:], STOP_ON_FAILURE)

2020-02-17 16:37:17 - [MESSAGE][NOT_RUN] - NOT_RUN: callTestCase(findTestCase("Atlas Platform/OnBoard/Login/LoginWithRootAdmin"), [:], STOP_ON_FAILURE)

2020-02-17 16:37:17 - [TEST_STEP][PASSED] - click(findTestObject("Swicther/swicthermenutext")): Object: 'Object Repository/Swicther/swicthermenutext' is clicked on

2020-02-17 16:37:18 - [MESSAGE][PASSED] - Object: 'Object Repository/Swicther/swicthermenutext' is clicked on

2020-02-17 16:37:18 - [TEST_STEP][PASSED] - click(findTestObject("Swicther/organization_tab_swicther")): Object: 'Object Repository/Swicther/organization_tab_swicther' is clicked on

2020-02-17 16:37:18 - [MESSAGE][PASSED] - Object: 'Object Repository/Swicther/organization_tab_swicther' is clicked on

2020-02-17 16:37:18 - [TEST_STEP][PASSED] - listofOrgNames = findWebElements(findTestObject("Swicther/organization_tab_all_values"), 10): null

2020-02-17 16:37:19 - [TEST_STEP][PASSED] - click(findTestObject("Swicther/root_tab_swicther")): Object: 'Object Repository/Swicther/root_tab_swicther' is clicked on

2020-02-17 16:37:19 - [MESSAGE][PASSED] - Object: 'Object Repository/Swicther/root_tab_swicther' is clicked on

2020-02-17 16:37:19 - [TEST_STEP][PASSED] - listofRootnames = findWebElements(findTestObject("Swicther/root_tab_all_values"), 10): null

2020-02-17 16:37:20 - [TEST_STEP][PASSED] - rootNames = new java.util.ArrayList(): null

2020-02-17 16:37:20 - [TEST_STEP][PASSED] - for (org.openqa.selenium.WebElement ele : listofRootnames): null

2020-02-17 16:37:20 - [TEST_STEP][PASSED] - rootNames.add(ele.getText()): null

2020-02-17 16:37:21 - [TEST_STEP][PASSED] - for ([hjk = 0, hjk < listofOrgNames.size(), (hjk++)]): null

2020-02-17 16:37:21 - [TEST_STEP][PASSED] - Assert.assertTrue(!(rootNames.contains(split("Last")[0].trim())), "Root Account is not present in Org Tab"): null

2020-02-17 16:37:21 - [TEST_STEP][PASSED] - Assert.assertTrue(!(rootNames.contains(split("Last")[0].trim())), "Root Account is not present in Org Tab"): null

2020-02-17 16:37:21 - [TEST_STEP][PASSED] - Assert.assertTrue(!(rootNames.contains(split("Last")[0].trim())), "Root Account is not present in Org Tab"): null

2020-02-17 16:37:21 - [TEST_STEP][PASSED] - Assert.assertTrue(!(rootNames.contains(split("Last")[0].trim())), "Root Account is not present in Org Tab"): null

2020-02-17 16:37:21 - [TEST_STEP][PASSED] - Assert.assertTrue(!(rootNames.contains(split("Last")[0].trim())), "Root Account is not present in Org Tab"): null

2020-02-17 16:37:21 - [TEST_STEP][PASSED] - Assert.assertTrue(!(rootNames.contains(split("Last")[0].trim())), "Root Account is not present in Org Tab"): null

2020-02-17 16:37:21 - [TEST_STEP][PASSED] - Assert.assertTrue(!(rootNames.contains(split("Last")[0].trim())), "Root Account is not present in Org Tab"): null

2020-02-17 16:37:21 - [TEST_STEP][PASSED] - Assert.assertTrue(!(rootNames.contains(split("Last")[0].trim())), "Root Account is not present in Org Tab"): null

2020-02-17 16:37:21 - [TEST_STEP][PASSED] - Assert.assertTrue(!(rootNames.contains(split("Last")[0].trim())), "Root Account is not present in Org Tab"): null

2020-02-17 16:37:21 - [TEST_STEP][PASSED] - Assert.assertTrue(!(rootNames.contains(split("Last")[0].trim())), "Root Account is not present in Org Tab"): null

2020-02-17 16:37:22 - [TEST_STEP][PASSED] - Assert.assertTrue(!(rootNames.contains(split("Last")[0].trim())), "Root Account is not present in Org Tab"): null

2020-02-17 16:37:22 - [TEST_STEP][PASSED] - Assert.assertTrue(!(rootNames.contains(split("Last")[0].trim())), "Root Account is not present in Org Tab"): null

2020-02-17 16:37:22 - [TEST_STEP][PASSED] - Assert.assertTrue(!(rootNames.contains(split("Last")[0].trim())), "Root Account is not present in Org Tab"): null

2020-02-17 16:37:22 - [TEST_STEP][PASSED] - click(findTestObject("Swicther/accounts_tab_swicther")): Object: 'Object Repository/Swicther/accounts_tab_swicther' is clicked on

2020-02-17 16:37:22 - [MESSAGE][PASSED] - Object: 'Object Repository/Swicther/accounts_tab_swicther' is clicked on

2020-02-17 16:37:22 - [TEST_STEP][PASSED] - listofAccNames = findWebElements(findTestObject("Swicther/accounts_tab_all_values"), 10): null

2020-02-17 16:37:23 - [TEST_STEP][PASSED] - for ([hjk = 0, hjk < listofAccNames.size(), (hjk++)]): null

2020-02-17 16:37:23 - [TEST_STEP][PASSED] - Assert.assertTrue(!(rootNames.contains(split("Last")[0].trim())), "Root Account is not present in Acc Tab"): null

2020-02-17 16:37:23 - [TEST_STEP][PASSED] - Assert.assertTrue(!(rootNames.contains(split("Last")[0].trim())), "Root Account is not present in Acc Tab"): null

2020-02-17 16:37:23 - [TEST_STEP][PASSED] - Assert.assertTrue(!(rootNames.contains(split("Last")[0].trim())), "Root Account is not present in Acc Tab"): null

2020-02-17 16:37:23 - [TEST_STEP][PASSED] - Assert.assertTrue(!(rootNames.contains(split("Last")[0].trim())), "Root Account is not present in Acc Tab"): null

2020-02-17 16:37:23 - [TEST_STEP][PASSED] - Assert.assertTrue(!(rootNames.contains(split("Last")[0].trim())), "Root Account is not present in Acc Tab"): null

2020-02-17 16:37:23 - [TEST_STEP][PASSED] - Assert.assertTrue(!(rootNames.contains(split("Last")[0].trim())), "Root Account is not present in Acc Tab"): null

2020-02-17 16:37:23 - [TEST_STEP][PASSED] - Assert.assertTrue(!(rootNames.contains(split("Last")[0].trim())), "Root Account is not present in Acc Tab"): null

2020-02-17 16:37:23 - [TEST_STEP][PASSED] - Assert.assertTrue(!(rootNames.contains(split("Last")[0].trim())), "Root Account is not present in Acc Tab"): null

2020-02-17 16:37:23 - [TEST_STEP][PASSED] - click(findTestObject("Swicther/closeIcon")): Object: 'Object Repository/Swicther/closeIcon' is clicked on

2020-02-17 16:37:24 - [MESSAGE][PASSED] - Object: 'Object Repository/Swicther/closeIcon' is clicked on

2020-02-17 16:37:24 - [TEST_STEP][PASSED] - Start listener action : sampleAfterTestCase: null

2020-02-17 16:37:24 - [TEST_STEP][PASSED] - println(testCaseContext.getTestCaseId()): null

2020-02-17 16:37:24 - [TEST_STEP][PASSED] - println(testCaseContext.getTestCaseStatus()): null

2020-02-17 16:37:24 - [TEST_STEP][PASSED] - println("On Failure Method is Calling : " + testCaseContext.getTestCaseStatus()): null

2020-02-17 16:37:24 - [TEST_STEP][PASSED] - if (!(getTestCaseStatus().equalsIgnoreCase("PASSED"))): null]]></system-out>
         <system-err><![CDATA[]]></system-err>
      </testcase>
      <testcase name="Test Cases/Atlas Platform/OnBoard/Swicther/TC_006_VerifyCloseIcon" time="3.558" classname="Test Cases/Atlas Platform/OnBoard/Swicther/TC_006_VerifyCloseIcon" status="PASSED">
         <system-out><![CDATA[2020-02-17 16:37:26 - [TEST_CASE][PASSED] - Test Cases/Atlas Platform/OnBoard/Swicther/TC_006_VerifyCloseIcon: Test Cases/Atlas Platform/OnBoard/Swicther/TC_006_VerifyCloseIcon

2020-02-17 16:37:26 - [TEST_STEP][NOT_RUN] - callTestCase(findTestCase("Atlas Platform/OnBoard/Login/LoginWithRootAdmin"), [:], STOP_ON_FAILURE): NOT_RUN: callTestCase(findTestCase("Atlas Platform/OnBoard/Login/LoginWithRootAdmin"), [:], STOP_ON_FAILURE)

2020-02-17 16:37:26 - [MESSAGE][NOT_RUN] - NOT_RUN: callTestCase(findTestCase("Atlas Platform/OnBoard/Login/LoginWithRootAdmin"), [:], STOP_ON_FAILURE)

2020-02-17 16:37:26 - [TEST_STEP][PASSED] - click(findTestObject("Swicther/swicthermenutext")): Object: 'Object Repository/Swicther/swicthermenutext' is clicked on

2020-02-17 16:37:27 - [MESSAGE][PASSED] - Object: 'Object Repository/Swicther/swicthermenutext' is clicked on

2020-02-17 16:37:27 - [TEST_STEP][PASSED] - click(findTestObject("Swicther/closeIcon")): Object: 'Object Repository/Swicther/closeIcon' is clicked on

2020-02-17 16:37:27 - [MESSAGE][PASSED] - Object: 'Object Repository/Swicther/closeIcon' is clicked on

2020-02-17 16:37:27 - [TEST_STEP][PASSED] - Start listener action : sampleAfterTestCase: null

2020-02-17 16:37:27 - [TEST_STEP][PASSED] - println(testCaseContext.getTestCaseId()): null

2020-02-17 16:37:27 - [TEST_STEP][PASSED] - println(testCaseContext.getTestCaseStatus()): null

2020-02-17 16:37:27 - [TEST_STEP][PASSED] - println("On Failure Method is Calling : " + testCaseContext.getTestCaseStatus()): null

2020-02-17 16:37:27 - [TEST_STEP][PASSED] - if (!(getTestCaseStatus().equalsIgnoreCase("PASSED"))): null]]></system-out>
         <system-err><![CDATA[]]></system-err>
      </testcase>
      <testcase name="Test Cases/Atlas Platform/OnBoard/Swicther/TC_007_ValidateSwicther-SelectedAccount" time="5.382" classname="Test Cases/Atlas Platform/OnBoard/Swicther/TC_007_ValidateSwicther-SelectedAccount" status="PASSED">
         <system-out><![CDATA[2020-02-17 16:37:29 - [TEST_CASE][PASSED] - Test Cases/Atlas Platform/OnBoard/Swicther/TC_007_ValidateSwicther-SelectedAccount: Test Cases/Atlas Platform/OnBoard/Swicther/TC_007_ValidateSwicther-SelectedAccount

2020-02-17 16:37:30 - [TEST_STEP][NOT_RUN] - callTestCase(findTestCase("Atlas Platform/OnBoard/Login/LoginWithRootAdmin"), [:], STOP_ON_FAILURE): NOT_RUN: callTestCase(findTestCase("Atlas Platform/OnBoard/Login/LoginWithRootAdmin"), [:], STOP_ON_FAILURE)

2020-02-17 16:37:30 - [MESSAGE][NOT_RUN] - NOT_RUN: callTestCase(findTestCase("Atlas Platform/OnBoard/Login/LoginWithRootAdmin"), [:], STOP_ON_FAILURE)

2020-02-17 16:37:30 - [TEST_STEP][PASSED] - initiallyselectedtext = getText(findTestObject("Swicther/swicthermenutext")): Text of object 'Object Repository/Swicther/swicthermenutext' is: '802 Toyota'

2020-02-17 16:37:30 - [MESSAGE][PASSED] - Text of object 'Object Repository/Swicther/swicthermenutext' is: '802 Toyota'

2020-02-17 16:37:30 - [TEST_STEP][PASSED] - click(findTestObject("Swicther/swicthermenutext")): Object: 'Object Repository/Swicther/swicthermenutext' is clicked on

2020-02-17 16:37:31 - [MESSAGE][PASSED] - Object: 'Object Repository/Swicther/swicthermenutext' is clicked on

2020-02-17 16:37:31 - [TEST_STEP][PASSED] - click(findTestObject("Swicther/accounts_tab_swicther")): Object: 'Object Repository/Swicther/accounts_tab_swicther' is clicked on

2020-02-17 16:37:31 - [MESSAGE][PASSED] - Object: 'Object Repository/Swicther/accounts_tab_swicther' is clicked on

2020-02-17 16:37:31 - [TEST_STEP][PASSED] - selectedtext = getText(findTestObject("Swicther/account_tab_first_values")): Text of object 'Object Repository/Swicther/account_tab_first_values' is: 'Atlantic Toyota
Last Visited Today'

2020-02-17 16:37:32 - [MESSAGE][PASSED] - Text of object 'Object Repository/Swicther/account_tab_first_values' is: 'Atlantic Toyota
Last Visited Today'

2020-02-17 16:37:32 - [TEST_STEP][PASSED] - click(findTestObject("Swicther/account_tab_first_values")): Object: 'Object Repository/Swicther/account_tab_first_values' is clicked on

2020-02-17 16:37:32 - [MESSAGE][PASSED] - Object: 'Object Repository/Swicther/account_tab_first_values' is clicked on

2020-02-17 16:37:32 - [TEST_STEP][PASSED] - verifyNotEqual(initiallyselectedtext, split("Last")[0].trim()): Actual object '802 Toyota' and expected object 'Atlantic Toyota' are not equal

2020-02-17 16:37:32 - [MESSAGE][PASSED] - Actual object '802 Toyota' and expected object 'Atlantic Toyota' are not equal

2020-02-17 16:37:32 - [TEST_STEP][PASSED] - currentlySelectedText = getText(findTestObject("Swicther/swicthermenutext")): Text of object 'Object Repository/Swicther/swicthermenutext' is: 'Atlantic Toyota'

2020-02-17 16:37:33 - [MESSAGE][PASSED] - Text of object 'Object Repository/Swicther/swicthermenutext' is: 'Atlantic Toyota'

2020-02-17 16:37:33 - [TEST_STEP][PASSED] - verifyEqual(currentlySelectedText.trim(), split("Last")[0].trim()): Actual object 'Atlantic Toyota' and expected object 'Atlantic Toyota' are equal

2020-02-17 16:37:33 - [MESSAGE][PASSED] - Actual object 'Atlantic Toyota' and expected object 'Atlantic Toyota' are equal

2020-02-17 16:37:33 - [TEST_STEP][PASSED] - Start listener action : sampleAfterTestCase: null

2020-02-17 16:37:33 - [TEST_STEP][PASSED] - println(testCaseContext.getTestCaseId()): null

2020-02-17 16:37:33 - [TEST_STEP][PASSED] - println(testCaseContext.getTestCaseStatus()): null

2020-02-17 16:37:33 - [TEST_STEP][PASSED] - println("On Failure Method is Calling : " + testCaseContext.getTestCaseStatus()): null

2020-02-17 16:37:33 - [TEST_STEP][PASSED] - if (!(getTestCaseStatus().equalsIgnoreCase("PASSED"))): null]]></system-out>
         <system-err><![CDATA[]]></system-err>
      </testcase>
      <testcase name="Test Cases/Atlas Platform/OnBoard/Swicther/TC_008_ValidateSwicther-SelectedOrganization" time="5.279" classname="Test Cases/Atlas Platform/OnBoard/Swicther/TC_008_ValidateSwicther-SelectedOrganization" status="PASSED">
         <system-out><![CDATA[2020-02-17 16:37:35 - [TEST_CASE][PASSED] - Test Cases/Atlas Platform/OnBoard/Swicther/TC_008_ValidateSwicther-SelectedOrganization: Test Cases/Atlas Platform/OnBoard/Swicther/TC_008_ValidateSwicther-SelectedOrganization

2020-02-17 16:37:35 - [TEST_STEP][NOT_RUN] - callTestCase(findTestCase("Atlas Platform/OnBoard/Login/LoginWithRootAdmin"), [:], STOP_ON_FAILURE): NOT_RUN: callTestCase(findTestCase("Atlas Platform/OnBoard/Login/LoginWithRootAdmin"), [:], STOP_ON_FAILURE)

2020-02-17 16:37:35 - [MESSAGE][NOT_RUN] - NOT_RUN: callTestCase(findTestCase("Atlas Platform/OnBoard/Login/LoginWithRootAdmin"), [:], STOP_ON_FAILURE)

2020-02-17 16:37:35 - [TEST_STEP][PASSED] - initiallyselectedtext = getText(findTestObject("Swicther/swicthermenutext")): Text of object 'Object Repository/Swicther/swicthermenutext' is: 'Atlantic Toyota'

2020-02-17 16:37:35 - [MESSAGE][PASSED] - Text of object 'Object Repository/Swicther/swicthermenutext' is: 'Atlantic Toyota'

2020-02-17 16:37:35 - [TEST_STEP][PASSED] - click(findTestObject("Swicther/swicthermenutext")): Object: 'Object Repository/Swicther/swicthermenutext' is clicked on

2020-02-17 16:37:36 - [MESSAGE][PASSED] - Object: 'Object Repository/Swicther/swicthermenutext' is clicked on

2020-02-17 16:37:36 - [TEST_STEP][PASSED] - click(findTestObject("Swicther/organization_tab_swicther")): Object: 'Object Repository/Swicther/organization_tab_swicther' is clicked on

2020-02-17 16:37:36 - [MESSAGE][PASSED] - Object: 'Object Repository/Swicther/organization_tab_swicther' is clicked on

2020-02-17 16:37:36 - [TEST_STEP][PASSED] - selectedtext = getText(findTestObject("Swicther/fordtext_value")): Text of object 'Object Repository/Swicther/fordtext_value' is: '802 Toyota
Last Visited Today'

2020-02-17 16:37:37 - [MESSAGE][PASSED] - Text of object 'Object Repository/Swicther/fordtext_value' is: '802 Toyota
Last Visited Today'

2020-02-17 16:37:37 - [TEST_STEP][PASSED] - click(findTestObject("Swicther/fordtext_value")): Object: 'Object Repository/Swicther/fordtext_value' is clicked on

2020-02-17 16:37:38 - [MESSAGE][PASSED] - Object: 'Object Repository/Swicther/fordtext_value' is clicked on

2020-02-17 16:37:38 - [TEST_STEP][PASSED] - verifyNotEqual(initiallyselectedtext, split("Last")[0].trim()): Actual object 'Atlantic Toyota' and expected object '802 Toyota' are not equal

2020-02-17 16:37:38 - [MESSAGE][PASSED] - Actual object 'Atlantic Toyota' and expected object '802 Toyota' are not equal

2020-02-17 16:37:38 - [TEST_STEP][PASSED] - currentlySelectedText = getText(findTestObject("Swicther/swicthermenutext")): Text of object 'Object Repository/Swicther/swicthermenutext' is: '802 Toyota'

2020-02-17 16:37:38 - [MESSAGE][PASSED] - Text of object 'Object Repository/Swicther/swicthermenutext' is: '802 Toyota'

2020-02-17 16:37:38 - [TEST_STEP][PASSED] - verifyEqual(currentlySelectedText.trim(), split("Last")[0].trim()): Actual object '802 Toyota' and expected object '802 Toyota' are equal

2020-02-17 16:37:38 - [MESSAGE][PASSED] - Actual object '802 Toyota' and expected object '802 Toyota' are equal

2020-02-17 16:37:38 - [TEST_STEP][PASSED] - Start listener action : sampleAfterTestCase: null

2020-02-17 16:37:38 - [TEST_STEP][PASSED] - println(testCaseContext.getTestCaseId()): null

2020-02-17 16:37:38 - [TEST_STEP][PASSED] - println(testCaseContext.getTestCaseStatus()): null

2020-02-17 16:37:38 - [TEST_STEP][PASSED] - println("On Failure Method is Calling : " + testCaseContext.getTestCaseStatus()): null

2020-02-17 16:37:38 - [TEST_STEP][PASSED] - if (!(getTestCaseStatus().equalsIgnoreCase("PASSED"))): null]]></system-out>
         <system-err><![CDATA[]]></system-err>
      </testcase>
      <testcase name="Test Cases/Atlas Platform/OnBoard/Swicther/TC_009_ValidateSwicther_SelectedRoot(TBD)" time="89.062" classname="Test Cases/Atlas Platform/OnBoard/Swicther/TC_009_ValidateSwicther_SelectedRoot(TBD)" status="PASSED">
         <system-out><![CDATA[2020-02-17 16:37:40 - [TEST_CASE][PASSED] - Test Cases/Atlas Platform/OnBoard/Swicther/TC_009_ValidateSwicther_SelectedRoot(TBD): Test Cases/Atlas Platform/OnBoard/Swicther/TC_009_ValidateSwicther_SelectedRoot(TBD)

2020-02-17 16:37:40 - [TEST_STEP][PASSED] - callTestCase(findTestCase("Atlas Platform/OnBoard/Login/LoginWithRootAdmin"), [:], STOP_ON_FAILURE): Call Test Case 'Test Cases/Atlas Platform/OnBoard/Login/LoginWithRootAdmin' successfully

2020-02-17 16:37:41 - [TEST_CASE][PASSED] - Test Cases/Atlas Platform/OnBoard/Login/LoginWithRootAdmin: Test Cases/Atlas Platform/OnBoard/Login/LoginWithRootAdmin

2020-02-17 16:37:41 - [TEST_STEP][NOT_RUN] - openBrowser(""): NOT_RUN: openBrowser("")

2020-02-17 16:37:41 - [MESSAGE][NOT_RUN] - NOT_RUN: openBrowser("")

2020-02-17 16:37:41 - [TEST_STEP][PASSED] - callTestCase(findTestCase("Atlas Platform/OnBoard/SwictherDBValidation/TC_100_ForSecurityURLSAcceptance"), [:], CONTINUE_ON_FAILURE): Call Test Case 'Test Cases/Atlas Platform/OnBoard/SwictherDBValidation/TC_100_ForSecurityURLSAcceptance' successfully

2020-02-17 16:37:41 - [TEST_CASE][PASSED] - Test Cases/Atlas Platform/OnBoard/SwictherDBValidation/TC_100_ForSecurityURLSAcceptance: Test Cases/Atlas Platform/OnBoard/SwictherDBValidation/TC_100_ForSecurityURLSAcceptance

2020-02-17 16:37:41 - [TEST_STEP][PASSED] - openBrowser(""): Browser is opened with url: ''

2020-02-17 16:37:41 - [MESSAGE][WARNING] - A browser is already opened. Closing browser and opening a new one

2020-02-17 16:37:41 - [MESSAGE][INFO] - Starting 'Chrome' driver

2020-02-17 16:37:41 - [MESSAGE][INFO] - User set preference: ['args', '[--start-maximized, --disable-web-security, --no-proxy-server]']

2020-02-17 16:37:41 - [MESSAGE][INFO] - User set preference: ['prefs', '{credentials_enable_service=false, profile.password_manager_enabled=false}']

2020-02-17 16:37:49 - [MESSAGE][PASSED] - Browser is opened with url: ''

2020-02-17 16:37:49 - [TEST_STEP][PASSED] - navigateToUrl("https://ec2-3-133-54-242.us-east-2.compute.amazonaws.com:9092/services/message/api/programs"): Navigate to 'https://ec2-3-133-54-242.us-east-2.compute.amazonaws.com:9092/services/message/api/programs' successfully

2020-02-17 16:37:51 - [MESSAGE][PASSED] - Navigate to 'https://ec2-3-133-54-242.us-east-2.compute.amazonaws.com:9092/services/message/api/programs' successfully

2020-02-17 16:37:51 - [TEST_STEP][PASSED] - click(findTestObject("LoginPage/httpAdvanceBtn")): Object: 'Object Repository/LoginPage/httpAdvanceBtn' is clicked on

2020-02-17 16:37:51 - [MESSAGE][PASSED] - Object: 'Object Repository/LoginPage/httpAdvanceBtn' is clicked on

2020-02-17 16:37:51 - [TEST_STEP][PASSED] - click(findTestObject("LoginPage/httpsproceedlink")): Object: 'Object Repository/LoginPage/httpsproceedlink' is clicked on

2020-02-17 16:37:55 - [MESSAGE][PASSED] - Object: 'Object Repository/LoginPage/httpsproceedlink' is clicked on

2020-02-17 16:37:55 - [TEST_STEP][PASSED] - navigateToUrl("https://3.19.246.255:9090/services/configuration/api/authenticate"): Navigate to 'https://3.19.246.255:9090/services/configuration/api/authenticate' successfully

2020-02-17 16:37:59 - [MESSAGE][PASSED] - Navigate to 'https://3.19.246.255:9090/services/configuration/api/authenticate' successfully

2020-02-17 16:37:59 - [TEST_STEP][PASSED] - click(findTestObject("LoginPage/httpAdvanceBtn")): Object: 'Object Repository/LoginPage/httpAdvanceBtn' is clicked on

2020-02-17 16:38:00 - [MESSAGE][PASSED] - Object: 'Object Repository/LoginPage/httpAdvanceBtn' is clicked on

2020-02-17 16:38:00 - [TEST_STEP][PASSED] - click(findTestObject("LoginPage/httpsproceedlink")): Object: 'Object Repository/LoginPage/httpsproceedlink' is clicked on

2020-02-17 16:38:02 - [MESSAGE][PASSED] - Object: 'Object Repository/LoginPage/httpsproceedlink' is clicked on

2020-02-17 16:38:02 - [TEST_STEP][PASSED] - navigateToUrl("https://ec2-3-133-54-242.us-east-2.compute.amazonaws.com:8080/services/data/api/data-sources?search=Repair&filters=ACTIVE&page=0&size=20&sort=accountId,DESC"): Navigate to 'https://ec2-3-133-54-242.us-east-2.compute.amazonaws.com:8080/services/data/api/data-sources?search=Repair&filters=ACTIVE&page=0&size=20&sort=accountId,DESC' successfully

2020-02-17 16:38:06 - [MESSAGE][PASSED] - Navigate to 'https://ec2-3-133-54-242.us-east-2.compute.amazonaws.com:8080/services/data/api/data-sources?search=Repair&filters=ACTIVE&page=0&size=20&sort=accountId,DESC' successfully

2020-02-17 16:38:06 - [TEST_STEP][PASSED] - click(findTestObject("LoginPage/httpAdvanceBtn")): Object: 'Object Repository/LoginPage/httpAdvanceBtn' is clicked on

2020-02-17 16:38:07 - [MESSAGE][PASSED] - Object: 'Object Repository/LoginPage/httpAdvanceBtn' is clicked on

2020-02-17 16:38:07 - [TEST_STEP][PASSED] - click(findTestObject("LoginPage/httpsproceedlink")): Object: 'Object Repository/LoginPage/httpsproceedlink' is clicked on

2020-02-17 16:38:08 - [MESSAGE][PASSED] - Object: 'Object Repository/LoginPage/httpsproceedlink' is clicked on

2020-02-17 16:38:08 - [TEST_STEP][PASSED] - navigateToUrl("https://3.19.246.255:9091/services/content/api/images?page=0&size=10"): Navigate to 'https://3.19.246.255:9091/services/content/api/images?page=0&size=10' successfully

2020-02-17 16:38:11 - [MESSAGE][PASSED] - Navigate to 'https://3.19.246.255:9091/services/content/api/images?page=0&size=10' successfully

2020-02-17 16:38:11 - [TEST_STEP][PASSED] - click(findTestObject("LoginPage/httpAdvanceBtn")): Object: 'Object Repository/LoginPage/httpAdvanceBtn' is clicked on

2020-02-17 16:38:11 - [MESSAGE][PASSED] - Object: 'Object Repository/LoginPage/httpAdvanceBtn' is clicked on

2020-02-17 16:38:11 - [TEST_STEP][PASSED] - click(findTestObject("LoginPage/httpsproceedlink")): Object: 'Object Repository/LoginPage/httpsproceedlink' is clicked on

2020-02-17 16:38:13 - [MESSAGE][PASSED] - Object: 'Object Repository/LoginPage/httpsproceedlink' is clicked on

2020-02-17 16:38:13 - [MESSAGE][PASSED] - Call Test Case 'Test Cases/Atlas Platform/OnBoard/SwictherDBValidation/TC_100_ForSecurityURLSAcceptance' successfully

2020-02-17 16:38:13 - [TEST_STEP][PASSED] - navigateToUrl("https://atlas-dev.gsm.auto/"): Navigate to 'https://atlas-dev.gsm.auto/' successfully

2020-02-17 16:38:52 - [MESSAGE][PASSED] - Navigate to 'https://atlas-dev.gsm.auto/' successfully

2020-02-17 16:38:52 - [TEST_STEP][PASSED] - setText(findTestObject("Object Repository/LoginPage/loginpageemailtxtbox"), user_Email): Text 'navaraj@totient.co.in' is set on object 'Object Repository/LoginPage/loginpageemailtxtbox'

2020-02-17 16:38:53 - [MESSAGE][PASSED] - Text 'navaraj@totient.co.in' is set on object 'Object Repository/LoginPage/loginpageemailtxtbox'

2020-02-17 16:38:53 - [TEST_STEP][PASSED] - setText(findTestObject("Object Repository/LoginPage/loginpaepasswordtxtbox"), user_Password): Text 'Totient@123' is set on object 'Object Repository/LoginPage/loginpaepasswordtxtbox'

2020-02-17 16:38:54 - [MESSAGE][PASSED] - Text 'Totient@123' is set on object 'Object Repository/LoginPage/loginpaepasswordtxtbox'

2020-02-17 16:38:54 - [TEST_STEP][PASSED] - click(findTestObject("LoginPage/loginpageloginbtn")): Object: 'Object Repository/LoginPage/loginpageloginbtn' is clicked on

2020-02-17 16:38:54 - [MESSAGE][PASSED] - Object: 'Object Repository/LoginPage/loginpageloginbtn' is clicked on

2020-02-17 16:38:54 - [TEST_STEP][PASSED] - conn = com.katalon.plugin.keyword.connection.DatabaseKeywords.getGlobalConnection(): com.katalon.plugin.keyword.connection.DatabaseKeywords.getGlobalConnection is PASSED

2020-02-17 16:39:04 - [MESSAGE][PASSED] - com.katalon.plugin.keyword.connection.DatabaseKeywords.getGlobalConnection is PASSED

2020-02-17 16:39:04 - [TEST_STEP][PASSED] - resultValues1 = com.katalon.plugin.keyword.connection.DatabaseKeywords.executeQuery(conn, "SELECT * FROM atlas_config.user WHERE email ="" + user_Email + "";"): com.katalon.plugin.keyword.connection.DatabaseKeywords.executeQuery is PASSED

2020-02-17 16:39:05 - [MESSAGE][PASSED] - com.katalon.plugin.keyword.connection.DatabaseKeywords.executeQuery is PASSED

2020-02-17 16:39:05 - [TEST_STEP][PASSED] - println(com.katalon.plugin.keyword.connection.ResultSetKeywords.getSingleCellValue(resultValues1, 1, "user_id")): com.katalon.plugin.keyword.connection.ResultSetKeywords.getSingleCellValue is PASSED

2020-02-17 16:39:05 - [MESSAGE][PASSED] - com.katalon.plugin.keyword.connection.ResultSetKeywords.getSingleCellValue is PASSED

2020-02-17 16:39:05 - [TEST_STEP][PASSED] - user_id = com.katalon.plugin.keyword.connection.ResultSetKeywords.getSingleCellValue(resultValues1, 1, "user_id"): com.katalon.plugin.keyword.connection.ResultSetKeywords.getSingleCellValue is PASSED

2020-02-17 16:39:05 - [MESSAGE][PASSED] - com.katalon.plugin.keyword.connection.ResultSetKeywords.getSingleCellValue is PASSED

2020-02-17 16:39:05 - [TEST_STEP][PASSED] - println("User ID Variable value is : " + user_id): null

2020-02-17 16:39:05 - [MESSAGE][PASSED] - Call Test Case 'Test Cases/Atlas Platform/OnBoard/Login/LoginWithRootAdmin' successfully

2020-02-17 16:39:05 - [TEST_STEP][PASSED] - initiallyselectedtext = getText(findTestObject("Swicther/swicthermenutext")): Text of object 'Object Repository/Swicther/swicthermenutext' is: '802 Toyota'

2020-02-17 16:39:05 - [MESSAGE][PASSED] - Text of object 'Object Repository/Swicther/swicthermenutext' is: '802 Toyota'

2020-02-17 16:39:05 - [TEST_STEP][PASSED] - click(findTestObject("Swicther/swicthermenutext")): Object: 'Object Repository/Swicther/swicthermenutext' is clicked on

2020-02-17 16:39:06 - [MESSAGE][PASSED] - Object: 'Object Repository/Swicther/swicthermenutext' is clicked on

2020-02-17 16:39:06 - [TEST_STEP][PASSED] - click(findTestObject("Swicther/closeIcon")): Object: 'Object Repository/Swicther/closeIcon' is clicked on

2020-02-17 16:39:07 - [MESSAGE][PASSED] - Object: 'Object Repository/Swicther/closeIcon' is clicked on

2020-02-17 16:39:07 - [TEST_STEP][PASSED] - Start listener action : sampleAfterTestCase: null

2020-02-17 16:39:07 - [TEST_STEP][PASSED] - println(testCaseContext.getTestCaseId()): null

2020-02-17 16:39:07 - [TEST_STEP][PASSED] - println(testCaseContext.getTestCaseStatus()): null

2020-02-17 16:39:07 - [TEST_STEP][PASSED] - println("On Failure Method is Calling : " + testCaseContext.getTestCaseStatus()): null

2020-02-17 16:39:07 - [TEST_STEP][PASSED] - if (!(getTestCaseStatus().equalsIgnoreCase("PASSED"))): null]]></system-out>
         <system-err><![CDATA[]]></system-err>
      </testcase>
      <testcase name="Test Cases/Atlas Platform/OnBoard/Swicther/TC_010_VerifyAccounts_tab_Sorting" time="5.019" classname="Test Cases/Atlas Platform/OnBoard/Swicther/TC_010_VerifyAccounts_tab_Sorting" status="PASSED">
         <system-out><![CDATA[2020-02-17 16:39:09 - [TEST_CASE][PASSED] - Test Cases/Atlas Platform/OnBoard/Swicther/TC_010_VerifyAccounts_tab_Sorting: Test Cases/Atlas Platform/OnBoard/Swicther/TC_010_VerifyAccounts_tab_Sorting

2020-02-17 16:39:10 - [TEST_STEP][NOT_RUN] - callTestCase(findTestCase("Atlas Platform/OnBoard/Login/LoginWithRootAdmin"), [:], STOP_ON_FAILURE): NOT_RUN: callTestCase(findTestCase("Atlas Platform/OnBoard/Login/LoginWithRootAdmin"), [:], STOP_ON_FAILURE)

2020-02-17 16:39:10 - [MESSAGE][NOT_RUN] - NOT_RUN: callTestCase(findTestCase("Atlas Platform/OnBoard/Login/LoginWithRootAdmin"), [:], STOP_ON_FAILURE)

2020-02-17 16:39:10 - [TEST_STEP][PASSED] - click(findTestObject("Swicther/swicthermenutext")): Object: 'Object Repository/Swicther/swicthermenutext' is clicked on

2020-02-17 16:39:10 - [MESSAGE][PASSED] - Object: 'Object Repository/Swicther/swicthermenutext' is clicked on

2020-02-17 16:39:10 - [TEST_STEP][PASSED] - click(findTestObject("Swicther/accounts_tab_swicther")): Object: 'Object Repository/Swicther/accounts_tab_swicther' is clicked on

2020-02-17 16:39:11 - [MESSAGE][PASSED] - Object: 'Object Repository/Swicther/accounts_tab_swicther' is clicked on

2020-02-17 16:39:11 - [TEST_STEP][PASSED] - listofoptions = findWebElements(findTestObject("Swicther/accounts_tab_all_values"), 5): null

2020-02-17 16:39:11 - [TEST_STEP][PASSED] - listofoptioninstring = new java.util.ArrayList(): null

2020-02-17 16:39:11 - [TEST_STEP][PASSED] - for (org.openqa.selenium.WebElement ele : listofoptions): null

2020-02-17 16:39:11 - [TEST_STEP][PASSED] - listofoptioninstring.addAll(getText().split("Last")[0]): null

2020-02-17 16:39:11 - [TEST_STEP][PASSED] - listofoptioninstring.addAll(getText().split("Last")[0]): null

2020-02-17 16:39:11 - [TEST_STEP][PASSED] - listofoptioninstring.addAll(getText().split("Last")[0]): null

2020-02-17 16:39:11 - [TEST_STEP][PASSED] - listofoptioninstring.addAll(getText().split("Last")[0]): null

2020-02-17 16:39:11 - [TEST_STEP][PASSED] - listofoptioninstring.addAll(getText().split("Last")[0]): null

2020-02-17 16:39:12 - [TEST_STEP][PASSED] - listofoptioninstring.addAll(getText().split("Last")[0]): null

2020-02-17 16:39:12 - [TEST_STEP][PASSED] - listofoptioninstring.addAll(getText().split("Last")[0]): null

2020-02-17 16:39:12 - [TEST_STEP][PASSED] - listofoptioninstring.addAll(getText().split("Last")[0]): null

2020-02-17 16:39:12 - [TEST_STEP][PASSED] - isSorted = web.CustomKeyword.checkListAscendingOrder(listofoptioninstring): web.CustomKeyword.checkListAscendingOrder is PASSED

2020-02-17 16:39:12 - [MESSAGE][PASSED] - web.CustomKeyword.checkListAscendingOrder is PASSED

2020-02-17 16:39:12 - [TEST_STEP][PASSED] - verifyEqual(isSorted, true): Actual object 'true' and expected object 'true' are equal

2020-02-17 16:39:12 - [MESSAGE][PASSED] - Actual object 'true' and expected object 'true' are equal

2020-02-17 16:39:12 - [TEST_STEP][PASSED] - click(findTestObject("Swicther/closeIcon")): Object: 'Object Repository/Swicther/closeIcon' is clicked on

2020-02-17 16:39:12 - [MESSAGE][PASSED] - Object: 'Object Repository/Swicther/closeIcon' is clicked on

2020-02-17 16:39:12 - [TEST_STEP][PASSED] - Start listener action : sampleAfterTestCase: null

2020-02-17 16:39:12 - [TEST_STEP][PASSED] - println(testCaseContext.getTestCaseId()): null

2020-02-17 16:39:12 - [TEST_STEP][PASSED] - println(testCaseContext.getTestCaseStatus()): null

2020-02-17 16:39:12 - [TEST_STEP][PASSED] - println("On Failure Method is Calling : " + testCaseContext.getTestCaseStatus()): null

2020-02-17 16:39:12 - [TEST_STEP][PASSED] - if (!(getTestCaseStatus().equalsIgnoreCase("PASSED"))): null]]></system-out>
         <system-err><![CDATA[]]></system-err>
      </testcase>
      <testcase name="Test Cases/Atlas Platform/OnBoard/Swicther/TC_011_Verify_AccountName_Logo" time="5.53" classname="Test Cases/Atlas Platform/OnBoard/Swicther/TC_011_Verify_AccountName_Logo" status="PASSED">
         <system-out><![CDATA[2020-02-17 16:39:14 - [TEST_CASE][PASSED] - Test Cases/Atlas Platform/OnBoard/Swicther/TC_011_Verify_AccountName_Logo: Test Cases/Atlas Platform/OnBoard/Swicther/TC_011_Verify_AccountName_Logo

2020-02-17 16:39:15 - [TEST_STEP][NOT_RUN] - callTestCase(findTestCase("Atlas Platform/OnBoard/Login/LoginWithRootAdmin"), [:], STOP_ON_FAILURE): NOT_RUN: callTestCase(findTestCase("Atlas Platform/OnBoard/Login/LoginWithRootAdmin"), [:], STOP_ON_FAILURE)

2020-02-17 16:39:15 - [MESSAGE][NOT_RUN] - NOT_RUN: callTestCase(findTestCase("Atlas Platform/OnBoard/Login/LoginWithRootAdmin"), [:], STOP_ON_FAILURE)

2020-02-17 16:39:15 - [TEST_STEP][PASSED] - click(findTestObject("Swicther/swicthermenutext")): Object: 'Object Repository/Swicther/swicthermenutext' is clicked on

2020-02-17 16:39:15 - [MESSAGE][PASSED] - Object: 'Object Repository/Swicther/swicthermenutext' is clicked on

2020-02-17 16:39:15 - [TEST_STEP][PASSED] - click(findTestObject("Swicther/accounts_tab_swicther")): Object: 'Object Repository/Swicther/accounts_tab_swicther' is clicked on

2020-02-17 16:39:16 - [MESSAGE][PASSED] - Object: 'Object Repository/Swicther/accounts_tab_swicther' is clicked on

2020-02-17 16:39:16 - [TEST_STEP][PASSED] - listofoptions = findWebElements(findTestObject("Swicther/accounts_tab_all_values"), 5): null

2020-02-17 16:39:16 - [TEST_STEP][PASSED] - listoficons = findWebElements(findTestObject("Swicther/accounts_tab_all_icons"), 5): null

2020-02-17 16:39:17 - [TEST_STEP][PASSED] - listofoptioninstring = new java.util.ArrayList(): null

2020-02-17 16:39:17 - [TEST_STEP][PASSED] - for (org.openqa.selenium.WebElement ele : listofoptions): null

2020-02-17 16:39:17 - [TEST_STEP][PASSED] - listofoptioninstring.addAll(ele.getText()): null

2020-02-17 16:39:17 - [TEST_STEP][PASSED] - listofoptioninstring.addAll(ele.getText()): null

2020-02-17 16:39:17 - [TEST_STEP][PASSED] - listofoptioninstring.addAll(ele.getText()): null

2020-02-17 16:39:17 - [TEST_STEP][PASSED] - listofoptioninstring.addAll(ele.getText()): null

2020-02-17 16:39:17 - [TEST_STEP][PASSED] - listofoptioninstring.addAll(ele.getText()): null

2020-02-17 16:39:17 - [TEST_STEP][PASSED] - listofoptioninstring.addAll(ele.getText()): null

2020-02-17 16:39:17 - [TEST_STEP][PASSED] - listofoptioninstring.addAll(ele.getText()): null

2020-02-17 16:39:17 - [TEST_STEP][PASSED] - listofoptioninstring.addAll(ele.getText()): null

2020-02-17 16:39:17 - [TEST_STEP][PASSED] - verify_accountName = web.CustomKeyword.getrandomStingValue(listofoptioninstring): web.CustomKeyword.getrandomStingValue is PASSED

2020-02-17 16:39:17 - [MESSAGE][PASSED] - web.CustomKeyword.getrandomStingValue is PASSED

2020-02-17 16:39:17 - [TEST_STEP][PASSED] - for ([h = 0, h < listofoptions.size(), (h++)]): null

2020-02-17 16:39:17 - [TEST_STEP][PASSED] - if (getText().equalsIgnoreCase(verify_accountName)): null

2020-02-17 16:39:17 - [TEST_STEP][PASSED] - if (getText().equalsIgnoreCase(verify_accountName)): null

2020-02-17 16:39:17 - [TEST_STEP][PASSED] - if (getText().equalsIgnoreCase(verify_accountName)): null

2020-02-17 16:39:17 - [TEST_STEP][PASSED] - if (toLowerCase().equalsIgnoreCase(toString().toLowerCase())): null

2020-02-17 16:39:17 - [TEST_STEP][PASSED] - Assert.assertEquals(get(h).getAttribute("d"), dattributeValue.toString()): null

2020-02-17 16:39:17 - [TEST_STEP][PASSED] - break: null

2020-02-17 16:39:17 - [TEST_STEP][PASSED] - click(findTestObject("Swicther/closeIcon")): Object: 'Object Repository/Swicther/closeIcon' is clicked on

2020-02-17 16:39:18 - [MESSAGE][PASSED] - Object: 'Object Repository/Swicther/closeIcon' is clicked on

2020-02-17 16:39:18 - [TEST_STEP][PASSED] - Start listener action : sampleAfterTestCase: null

2020-02-17 16:39:18 - [TEST_STEP][PASSED] - println(testCaseContext.getTestCaseId()): null

2020-02-17 16:39:18 - [TEST_STEP][PASSED] - println(testCaseContext.getTestCaseStatus()): null

2020-02-17 16:39:18 - [TEST_STEP][PASSED] - println("On Failure Method is Calling : " + testCaseContext.getTestCaseStatus()): null

2020-02-17 16:39:18 - [TEST_STEP][PASSED] - if (!(getTestCaseStatus().equalsIgnoreCase("PASSED"))): null]]></system-out>
         <system-err><![CDATA[]]></system-err>
      </testcase>
      <testcase name="Test Cases/Atlas Platform/OnBoard/Swicther/TC_012_Validate_Accounts_Favorites" time="7.317" classname="Test Cases/Atlas Platform/OnBoard/Swicther/TC_012_Validate_Accounts_Favorites" status="PASSED">
         <system-out><![CDATA[2020-02-17 16:39:20 - [TEST_CASE][PASSED] - Test Cases/Atlas Platform/OnBoard/Swicther/TC_012_Validate_Accounts_Favorites: Test Cases/Atlas Platform/OnBoard/Swicther/TC_012_Validate_Accounts_Favorites

2020-02-17 16:39:21 - [TEST_STEP][NOT_RUN] - callTestCase(findTestCase("Atlas Platform/OnBoard/Swicther/TC_100_RemoveAllFavorites"), [:], STOP_ON_FAILURE): NOT_RUN: callTestCase(findTestCase("Atlas Platform/OnBoard/Swicther/TC_100_RemoveAllFavorites"), [:], STOP_ON_FAILURE)

2020-02-17 16:39:21 - [MESSAGE][NOT_RUN] - NOT_RUN: callTestCase(findTestCase("Atlas Platform/OnBoard/Swicther/TC_100_RemoveAllFavorites"), [:], STOP_ON_FAILURE)

2020-02-17 16:39:21 - [TEST_STEP][PASSED] - click(findTestObject("Swicther/swicthermenutext")): Object: 'Object Repository/Swicther/swicthermenutext' is clicked on

2020-02-17 16:39:21 - [MESSAGE][PASSED] - Object: 'Object Repository/Swicther/swicthermenutext' is clicked on

2020-02-17 16:39:21 - [TEST_STEP][PASSED] - click(findTestObject("Swicther/accounts_tab_swicther")): Object: 'Object Repository/Swicther/accounts_tab_swicther' is clicked on

2020-02-17 16:39:22 - [MESSAGE][PASSED] - Object: 'Object Repository/Swicther/accounts_tab_swicther' is clicked on

2020-02-17 16:39:22 - [TEST_STEP][PASSED] - listofoptions = findWebElements(findTestObject("Swicther/accounts_tab_all_values"), 5): null

2020-02-17 16:39:22 - [TEST_STEP][PASSED] - listoffavicons = findWebElements(findTestObject("Swicther/accounts_tab_fav_icon"), 5): null

2020-02-17 16:39:22 - [TEST_STEP][PASSED] - listofoptioninstring = new java.util.ArrayList(): null

2020-02-17 16:39:22 - [TEST_STEP][PASSED] - for (org.openqa.selenium.WebElement ele : listofoptions): null

2020-02-17 16:39:22 - [TEST_STEP][PASSED] - listofoptioninstring.addAll(ele.getText()): null

2020-02-17 16:39:22 - [TEST_STEP][PASSED] - listofoptioninstring.addAll(ele.getText()): null

2020-02-17 16:39:22 - [TEST_STEP][PASSED] - listofoptioninstring.addAll(ele.getText()): null

2020-02-17 16:39:22 - [TEST_STEP][PASSED] - listofoptioninstring.addAll(ele.getText()): null

2020-02-17 16:39:23 - [TEST_STEP][PASSED] - listofoptioninstring.addAll(ele.getText()): null

2020-02-17 16:39:23 - [TEST_STEP][PASSED] - listofoptioninstring.addAll(ele.getText()): null

2020-02-17 16:39:23 - [TEST_STEP][PASSED] - listofoptioninstring.addAll(ele.getText()): null

2020-02-17 16:39:23 - [TEST_STEP][PASSED] - listofoptioninstring.addAll(ele.getText()): null

2020-02-17 16:39:23 - [TEST_STEP][PASSED] - verify_accountName = web.CustomKeyword.getrandomStingValue(listofoptioninstring): web.CustomKeyword.getrandomStingValue is PASSED

2020-02-17 16:39:23 - [MESSAGE][PASSED] - web.CustomKeyword.getrandomStingValue is PASSED

2020-02-17 16:39:23 - [TEST_STEP][PASSED] - for ([h = 0, h < listofoptions.size(), (h++)]): null

2020-02-17 16:39:23 - [TEST_STEP][PASSED] - if (getText().equalsIgnoreCase(verify_accountName)): null

2020-02-17 16:39:23 - [TEST_STEP][PASSED] - if (getText().equalsIgnoreCase(verify_accountName)): null

2020-02-17 16:39:23 - [TEST_STEP][PASSED] - if (getText().equalsIgnoreCase(verify_accountName)): null

2020-02-17 16:39:23 - [TEST_STEP][PASSED] - get(h).click(): null

2020-02-17 16:39:23 - [TEST_STEP][PASSED] - break: null

2020-02-17 16:39:23 - [TEST_STEP][PASSED] - click(findTestObject("Swicther/favorites_tabs_swicther")): Object: 'Object Repository/Swicther/favorites_tabs_swicther' is clicked on

2020-02-17 16:39:24 - [MESSAGE][PASSED] - Object: 'Object Repository/Swicther/favorites_tabs_swicther' is clicked on

2020-02-17 16:39:24 - [TEST_STEP][PASSED] - listoffavvalues = findWebElements(findTestObject("Swicther/favorites_tab_all_values"), 5): null

2020-02-17 16:39:25 - [TEST_STEP][PASSED] - isPresent = false: null

2020-02-17 16:39:25 - [TEST_STEP][PASSED] - for ([j = 0, j < listoffavvalues.size(), (j++)]): null

2020-02-17 16:39:25 - [TEST_STEP][PASSED] - if (getText().equalsIgnoreCase(verify_accountName)): null

2020-02-17 16:39:25 - [TEST_STEP][PASSED] - isPresent = true: null

2020-02-17 16:39:25 - [TEST_STEP][NOT_RUN] - click(findTestObject("Swicther/favorite_icon")): NOT_RUN: click(findTestObject("Swicther/favorite_icon"))

2020-02-17 16:39:25 - [MESSAGE][NOT_RUN] - NOT_RUN: click(findTestObject("Swicther/favorite_icon"))

2020-02-17 16:39:25 - [TEST_STEP][PASSED] - verifyEqual(isPresent, true): Actual object 'true' and expected object 'true' are equal

2020-02-17 16:39:25 - [MESSAGE][PASSED] - Actual object 'true' and expected object 'true' are equal

2020-02-17 16:39:25 - [TEST_STEP][PASSED] - click(findTestObject("Swicther/closeIcon")): Object: 'Object Repository/Swicther/closeIcon' is clicked on

2020-02-17 16:39:25 - [MESSAGE][PASSED] - Object: 'Object Repository/Swicther/closeIcon' is clicked on

2020-02-17 16:39:25 - [TEST_STEP][PASSED] - Start listener action : sampleAfterTestCase: null

2020-02-17 16:39:25 - [TEST_STEP][PASSED] - println(testCaseContext.getTestCaseId()): null

2020-02-17 16:39:25 - [TEST_STEP][PASSED] - println(testCaseContext.getTestCaseStatus()): null

2020-02-17 16:39:25 - [TEST_STEP][PASSED] - println("On Failure Method is Calling : " + testCaseContext.getTestCaseStatus()): null

2020-02-17 16:39:25 - [TEST_STEP][PASSED] - if (!(getTestCaseStatus().equalsIgnoreCase("PASSED"))): null]]></system-out>
         <system-err><![CDATA[]]></system-err>
      </testcase>
      <testcase name="Test Cases/Atlas Platform/OnBoard/Swicther/TC_013_Verify_AccountsTab_Values" time="8.412" classname="Test Cases/Atlas Platform/OnBoard/Swicther/TC_013_Verify_AccountsTab_Values" status="PASSED">
         <system-out><![CDATA[2020-02-17 16:39:27 - [TEST_CASE][PASSED] - Test Cases/Atlas Platform/OnBoard/Swicther/TC_013_Verify_AccountsTab_Values: Test Cases/Atlas Platform/OnBoard/Swicther/TC_013_Verify_AccountsTab_Values

2020-02-17 16:39:28 - [TEST_STEP][NOT_RUN] - callTestCase(findTestCase("Atlas Platform/OnBoard/Login/LoginWithRootAdmin"), [:], STOP_ON_FAILURE): NOT_RUN: callTestCase(findTestCase("Atlas Platform/OnBoard/Login/LoginWithRootAdmin"), [:], STOP_ON_FAILURE)

2020-02-17 16:39:28 - [MESSAGE][NOT_RUN] - NOT_RUN: callTestCase(findTestCase("Atlas Platform/OnBoard/Login/LoginWithRootAdmin"), [:], STOP_ON_FAILURE)

2020-02-17 16:39:28 - [TEST_STEP][PASSED] - click(findTestObject("Swicther/swicthermenutext")): Object: 'Object Repository/Swicther/swicthermenutext' is clicked on

2020-02-17 16:39:28 - [MESSAGE][PASSED] - Object: 'Object Repository/Swicther/swicthermenutext' is clicked on

2020-02-17 16:39:28 - [TEST_STEP][PASSED] - click(findTestObject("Swicther/accounts_tab_swicther")): Object: 'Object Repository/Swicther/accounts_tab_swicther' is clicked on

2020-02-17 16:39:29 - [MESSAGE][PASSED] - Object: 'Object Repository/Swicther/accounts_tab_swicther' is clicked on

2020-02-17 16:39:29 - [TEST_STEP][PASSED] - listofAccNames = findWebElements(findTestObject("Swicther/accounts_tab_all_values"), 10): null

2020-02-17 16:39:30 - [TEST_STEP][PASSED] - textValuesForAccountsName = new java.util.ArrayList(): null

2020-02-17 16:39:30 - [TEST_STEP][PASSED] - for ([hjk = 0, hjk < listofAccNames.size(), (hjk++)]): null

2020-02-17 16:39:30 - [TEST_STEP][PASSED] - textValuesForAccountsName.add(split("Last")[0].trim()): null

2020-02-17 16:39:30 - [TEST_STEP][PASSED] - textValuesForAccountsName.add(split("Last")[0].trim()): null

2020-02-17 16:39:30 - [TEST_STEP][PASSED] - textValuesForAccountsName.add(split("Last")[0].trim()): null

2020-02-17 16:39:30 - [TEST_STEP][PASSED] - textValuesForAccountsName.add(split("Last")[0].trim()): null

2020-02-17 16:39:30 - [TEST_STEP][PASSED] - textValuesForAccountsName.add(split("Last")[0].trim()): null

2020-02-17 16:39:30 - [TEST_STEP][PASSED] - textValuesForAccountsName.add(split("Last")[0].trim()): null

2020-02-17 16:39:30 - [TEST_STEP][PASSED] - textValuesForAccountsName.add(split("Last")[0].trim()): null

2020-02-17 16:39:30 - [TEST_STEP][PASSED] - textValuesForAccountsName.add(split("Last")[0].trim()): null

2020-02-17 16:39:30 - [TEST_STEP][PASSED] - click(findTestObject("Swicther/root_tab_swicther")): Object: 'Object Repository/Swicther/root_tab_swicther' is clicked on

2020-02-17 16:39:31 - [MESSAGE][PASSED] - Object: 'Object Repository/Swicther/root_tab_swicther' is clicked on

2020-02-17 16:39:31 - [TEST_STEP][PASSED] - listofRootnames = findWebElements(findTestObject("Swicther/root_tab_all_values"), 10): null

2020-02-17 16:39:31 - [TEST_STEP][PASSED] - rootNames = new java.util.ArrayList(): null

2020-02-17 16:39:31 - [TEST_STEP][PASSED] - for (org.openqa.selenium.WebElement ele : listofRootnames): null

2020-02-17 16:39:31 - [TEST_STEP][PASSED] - rootNames.add(split("Last")[0].trim()): null

2020-02-17 16:39:31 - [TEST_STEP][PASSED] - isPresent = textValuesForAccountsName.removeAll(rootNames): null

2020-02-17 16:39:32 - [TEST_STEP][PASSED] - verifyEqual(isPresent, false): Actual object 'false' and expected object 'false' are equal

2020-02-17 16:39:32 - [MESSAGE][PASSED] - Actual object 'false' and expected object 'false' are equal

2020-02-17 16:39:32 - [TEST_STEP][PASSED] - click(findTestObject("Swicther/organization_tab_swicther")): Object: 'Object Repository/Swicther/organization_tab_swicther' is clicked on

2020-02-17 16:39:32 - [MESSAGE][PASSED] - Object: 'Object Repository/Swicther/organization_tab_swicther' is clicked on

2020-02-17 16:39:32 - [TEST_STEP][PASSED] - listofOrgNames = findWebElements(findTestObject("Swicther/organization_tab_all_values"), 10): null

2020-02-17 16:39:33 - [TEST_STEP][PASSED] - orgNames = new java.util.ArrayList(): null

2020-02-17 16:39:33 - [TEST_STEP][PASSED] - for (org.openqa.selenium.WebElement ele : listofOrgNames): null

2020-02-17 16:39:33 - [TEST_STEP][PASSED] - orgNames.add(split("Last")[0].trim()): null

2020-02-17 16:39:33 - [TEST_STEP][PASSED] - orgNames.add(split("Last")[0].trim()): null

2020-02-17 16:39:33 - [TEST_STEP][PASSED] - orgNames.add(split("Last")[0].trim()): null

2020-02-17 16:39:33 - [TEST_STEP][PASSED] - orgNames.add(split("Last")[0].trim()): null

2020-02-17 16:39:33 - [TEST_STEP][PASSED] - orgNames.add(split("Last")[0].trim()): null

2020-02-17 16:39:33 - [TEST_STEP][PASSED] - orgNames.add(split("Last")[0].trim()): null

2020-02-17 16:39:33 - [TEST_STEP][PASSED] - orgNames.add(split("Last")[0].trim()): null

2020-02-17 16:39:33 - [TEST_STEP][PASSED] - orgNames.add(split("Last")[0].trim()): null

2020-02-17 16:39:33 - [TEST_STEP][PASSED] - orgNames.add(split("Last")[0].trim()): null

2020-02-17 16:39:33 - [TEST_STEP][PASSED] - orgNames.add(split("Last")[0].trim()): null

2020-02-17 16:39:33 - [TEST_STEP][PASSED] - orgNames.add(split("Last")[0].trim()): null

2020-02-17 16:39:33 - [TEST_STEP][PASSED] - orgNames.add(split("Last")[0].trim()): null

2020-02-17 16:39:33 - [TEST_STEP][PASSED] - orgNames.add(split("Last")[0].trim()): null

2020-02-17 16:39:33 - [TEST_STEP][PASSED] - isPresent = textValuesForAccountsName.removeAll(orgNames): null

2020-02-17 16:39:33 - [TEST_STEP][PASSED] - verifyEqual(isPresent, false): Actual object 'false' and expected object 'false' are equal

2020-02-17 16:39:33 - [MESSAGE][PASSED] - Actual object 'false' and expected object 'false' are equal

2020-02-17 16:39:33 - [TEST_STEP][PASSED] - click(findTestObject("Swicther/closeIcon")): Object: 'Object Repository/Swicther/closeIcon' is clicked on

2020-02-17 16:39:34 - [MESSAGE][PASSED] - Object: 'Object Repository/Swicther/closeIcon' is clicked on

2020-02-17 16:39:34 - [TEST_STEP][PASSED] - Start listener action : sampleAfterTestCase: null

2020-02-17 16:39:34 - [TEST_STEP][PASSED] - println(testCaseContext.getTestCaseId()): null

2020-02-17 16:39:34 - [TEST_STEP][PASSED] - println(testCaseContext.getTestCaseStatus()): null

2020-02-17 16:39:34 - [TEST_STEP][PASSED] - println("On Failure Method is Calling : " + testCaseContext.getTestCaseStatus()): null

2020-02-17 16:39:34 - [TEST_STEP][PASSED] - if (!(getTestCaseStatus().equalsIgnoreCase("PASSED"))): null]]></system-out>
         <system-err><![CDATA[]]></system-err>
      </testcase>
      <testcase name="Test Cases/Atlas Platform/OnBoard/Swicther/TC_014_Verify_newly_Created_Acc_Present(TBD)" time="4.248" classname="Test Cases/Atlas Platform/OnBoard/Swicther/TC_014_Verify_newly_Created_Acc_Present(TBD)" status="PASSED">
         <system-out><![CDATA[2020-02-17 16:39:36 - [TEST_CASE][PASSED] - Test Cases/Atlas Platform/OnBoard/Swicther/TC_014_Verify_newly_Created_Acc_Present(TBD): Test Cases/Atlas Platform/OnBoard/Swicther/TC_014_Verify_newly_Created_Acc_Present(TBD)

2020-02-17 16:39:36 - [TEST_STEP][NOT_RUN] - callTestCase(findTestCase("Atlas Platform/OnBoard/Login/LoginWithRootAdmin"), [:], STOP_ON_FAILURE): NOT_RUN: callTestCase(findTestCase("Atlas Platform/OnBoard/Login/LoginWithRootAdmin"), [:], STOP_ON_FAILURE)

2020-02-17 16:39:36 - [MESSAGE][NOT_RUN] - NOT_RUN: callTestCase(findTestCase("Atlas Platform/OnBoard/Login/LoginWithRootAdmin"), [:], STOP_ON_FAILURE)

2020-02-17 16:39:36 - [TEST_STEP][PASSED] - click(findTestObject("Swicther/swicthermenutext")): Object: 'Object Repository/Swicther/swicthermenutext' is clicked on

2020-02-17 16:39:37 - [MESSAGE][PASSED] - Object: 'Object Repository/Swicther/swicthermenutext' is clicked on

2020-02-17 16:39:37 - [TEST_STEP][PASSED] - click(findTestObject("Swicther/accounts_tab_swicther")): Object: 'Object Repository/Swicther/accounts_tab_swicther' is clicked on

2020-02-17 16:39:37 - [MESSAGE][PASSED] - Object: 'Object Repository/Swicther/accounts_tab_swicther' is clicked on

2020-02-17 16:39:37 - [TEST_STEP][PASSED] - click(findTestObject("Swicther/closeIcon")): Object: 'Object Repository/Swicther/closeIcon' is clicked on

2020-02-17 16:39:38 - [MESSAGE][PASSED] - Object: 'Object Repository/Swicther/closeIcon' is clicked on

2020-02-17 16:39:38 - [TEST_STEP][PASSED] - Start listener action : sampleAfterTestCase: null

2020-02-17 16:39:38 - [TEST_STEP][PASSED] - println(testCaseContext.getTestCaseId()): null

2020-02-17 16:39:38 - [TEST_STEP][PASSED] - println(testCaseContext.getTestCaseStatus()): null

2020-02-17 16:39:38 - [TEST_STEP][PASSED] - println("On Failure Method is Calling : " + testCaseContext.getTestCaseStatus()): null

2020-02-17 16:39:38 - [TEST_STEP][PASSED] - if (!(getTestCaseStatus().equalsIgnoreCase("PASSED"))): null]]></system-out>
         <system-err><![CDATA[]]></system-err>
      </testcase>
      <testcase name="Test Cases/Atlas Platform/OnBoard/Swicther/TC_015_Verify_Organiz_tab_sorting" time="4.711" classname="Test Cases/Atlas Platform/OnBoard/Swicther/TC_015_Verify_Organiz_tab_sorting" status="PASSED">
         <system-out><![CDATA[2020-02-17 16:39:40 - [TEST_CASE][PASSED] - Test Cases/Atlas Platform/OnBoard/Swicther/TC_015_Verify_Organiz_tab_sorting: Test Cases/Atlas Platform/OnBoard/Swicther/TC_015_Verify_Organiz_tab_sorting

2020-02-17 16:39:41 - [TEST_STEP][NOT_RUN] - callTestCase(findTestCase("Atlas Platform/OnBoard/Login/LoginWithRootAdmin"), [:], STOP_ON_FAILURE): NOT_RUN: callTestCase(findTestCase("Atlas Platform/OnBoard/Login/LoginWithRootAdmin"), [:], STOP_ON_FAILURE)

2020-02-17 16:39:41 - [MESSAGE][NOT_RUN] - NOT_RUN: callTestCase(findTestCase("Atlas Platform/OnBoard/Login/LoginWithRootAdmin"), [:], STOP_ON_FAILURE)

2020-02-17 16:39:41 - [TEST_STEP][PASSED] - click(findTestObject("Swicther/swicthermenutext")): Object: 'Object Repository/Swicther/swicthermenutext' is clicked on

2020-02-17 16:39:41 - [MESSAGE][PASSED] - Object: 'Object Repository/Swicther/swicthermenutext' is clicked on

2020-02-17 16:39:41 - [TEST_STEP][PASSED] - click(findTestObject("Swicther/organization_tab_swicther")): Object: 'Object Repository/Swicther/organization_tab_swicther' is clicked on

2020-02-17 16:39:42 - [MESSAGE][PASSED] - Object: 'Object Repository/Swicther/organization_tab_swicther' is clicked on

2020-02-17 16:39:42 - [TEST_STEP][PASSED] - listofoptions = findWebElements(findTestObject("Swicther/organization_tab_all_values"), 5): null

2020-02-17 16:39:42 - [TEST_STEP][PASSED] - listofoptioninstring = new java.util.ArrayList(): null

2020-02-17 16:39:42 - [TEST_STEP][PASSED] - for (org.openqa.selenium.WebElement ele : listofoptions): null

2020-02-17 16:39:42 - [TEST_STEP][PASSED] - listofoptioninstring.addAll(split("Last")[0].trim()): null

2020-02-17 16:39:42 - [TEST_STEP][PASSED] - listofoptioninstring.addAll(split("Last")[0].trim()): null

2020-02-17 16:39:42 - [TEST_STEP][PASSED] - listofoptioninstring.addAll(split("Last")[0].trim()): null

2020-02-17 16:39:42 - [TEST_STEP][PASSED] - listofoptioninstring.addAll(split("Last")[0].trim()): null

2020-02-17 16:39:42 - [TEST_STEP][PASSED] - listofoptioninstring.addAll(split("Last")[0].trim()): null

2020-02-17 16:39:42 - [TEST_STEP][PASSED] - listofoptioninstring.addAll(split("Last")[0].trim()): null

2020-02-17 16:39:42 - [TEST_STEP][PASSED] - listofoptioninstring.addAll(split("Last")[0].trim()): null

2020-02-17 16:39:42 - [TEST_STEP][PASSED] - listofoptioninstring.addAll(split("Last")[0].trim()): null

2020-02-17 16:39:42 - [TEST_STEP][PASSED] - listofoptioninstring.addAll(split("Last")[0].trim()): null

2020-02-17 16:39:42 - [TEST_STEP][PASSED] - listofoptioninstring.addAll(split("Last")[0].trim()): null

2020-02-17 16:39:42 - [TEST_STEP][PASSED] - listofoptioninstring.addAll(split("Last")[0].trim()): null

2020-02-17 16:39:42 - [TEST_STEP][PASSED] - listofoptioninstring.addAll(split("Last")[0].trim()): null

2020-02-17 16:39:42 - [TEST_STEP][PASSED] - listofoptioninstring.addAll(split("Last")[0].trim()): null

2020-02-17 16:39:42 - [TEST_STEP][PASSED] - isSorted = web.CustomKeyword.checkListAscendingOrder(listofoptioninstring): web.CustomKeyword.checkListAscendingOrder is PASSED

2020-02-17 16:39:42 - [MESSAGE][PASSED] - web.CustomKeyword.checkListAscendingOrder is PASSED

2020-02-17 16:39:42 - [TEST_STEP][PASSED] - verifyEqual(isSorted, true): Actual object 'true' and expected object 'true' are equal

2020-02-17 16:39:42 - [MESSAGE][PASSED] - Actual object 'true' and expected object 'true' are equal

2020-02-17 16:39:42 - [TEST_STEP][PASSED] - click(findTestObject("Swicther/closeIcon")): Object: 'Object Repository/Swicther/closeIcon' is clicked on

2020-02-17 16:39:43 - [MESSAGE][PASSED] - Object: 'Object Repository/Swicther/closeIcon' is clicked on

2020-02-17 16:39:43 - [TEST_STEP][PASSED] - Start listener action : sampleAfterTestCase: null

2020-02-17 16:39:43 - [TEST_STEP][PASSED] - println(testCaseContext.getTestCaseId()): null

2020-02-17 16:39:43 - [TEST_STEP][PASSED] - println(testCaseContext.getTestCaseStatus()): null

2020-02-17 16:39:43 - [TEST_STEP][PASSED] - println("On Failure Method is Calling : " + testCaseContext.getTestCaseStatus()): null

2020-02-17 16:39:43 - [TEST_STEP][PASSED] - if (!(getTestCaseStatus().equalsIgnoreCase("PASSED"))): null]]></system-out>
         <system-err><![CDATA[]]></system-err>
      </testcase>
      <testcase name="Test Cases/Atlas Platform/OnBoard/Swicther/TC_016_Verify_Orgnaization_Name_logo" time="5.311" classname="Test Cases/Atlas Platform/OnBoard/Swicther/TC_016_Verify_Orgnaization_Name_logo" status="PASSED">
         <system-out><![CDATA[2020-02-17 16:39:45 - [TEST_CASE][PASSED] - Test Cases/Atlas Platform/OnBoard/Swicther/TC_016_Verify_Orgnaization_Name_logo: Test Cases/Atlas Platform/OnBoard/Swicther/TC_016_Verify_Orgnaization_Name_logo

2020-02-17 16:39:45 - [TEST_STEP][NOT_RUN] - callTestCase(findTestCase("Atlas Platform/OnBoard/Login/LoginWithRootAdmin"), [:], STOP_ON_FAILURE): NOT_RUN: callTestCase(findTestCase("Atlas Platform/OnBoard/Login/LoginWithRootAdmin"), [:], STOP_ON_FAILURE)

2020-02-17 16:39:45 - [MESSAGE][NOT_RUN] - NOT_RUN: callTestCase(findTestCase("Atlas Platform/OnBoard/Login/LoginWithRootAdmin"), [:], STOP_ON_FAILURE)

2020-02-17 16:39:45 - [TEST_STEP][PASSED] - click(findTestObject("Swicther/swicthermenutext")): Object: 'Object Repository/Swicther/swicthermenutext' is clicked on

2020-02-17 16:39:46 - [MESSAGE][PASSED] - Object: 'Object Repository/Swicther/swicthermenutext' is clicked on

2020-02-17 16:39:46 - [TEST_STEP][PASSED] - click(findTestObject("Swicther/organization_tab_swicther")): Object: 'Object Repository/Swicther/organization_tab_swicther' is clicked on

2020-02-17 16:39:46 - [MESSAGE][PASSED] - Object: 'Object Repository/Swicther/organization_tab_swicther' is clicked on

2020-02-17 16:39:46 - [TEST_STEP][PASSED] - listofoptions = findWebElements(findTestObject("Swicther/organization_tab_all_values"), 5): null

2020-02-17 16:39:47 - [TEST_STEP][PASSED] - listoficons = findWebElements(findTestObject("Swicther/organization_tab_all_icons"), 5): null

2020-02-17 16:39:47 - [TEST_STEP][PASSED] - listofoptioninstring = new java.util.ArrayList(): null

2020-02-17 16:39:47 - [TEST_STEP][PASSED] - for (org.openqa.selenium.WebElement ele : listofoptions): null

2020-02-17 16:39:47 - [TEST_STEP][PASSED] - listofoptioninstring.addAll(ele.getText()): null

2020-02-17 16:39:47 - [TEST_STEP][PASSED] - listofoptioninstring.addAll(ele.getText()): null

2020-02-17 16:39:47 - [TEST_STEP][PASSED] - listofoptioninstring.addAll(ele.getText()): null

2020-02-17 16:39:47 - [TEST_STEP][PASSED] - listofoptioninstring.addAll(ele.getText()): null

2020-02-17 16:39:47 - [TEST_STEP][PASSED] - listofoptioninstring.addAll(ele.getText()): null

2020-02-17 16:39:47 - [TEST_STEP][PASSED] - listofoptioninstring.addAll(ele.getText()): null

2020-02-17 16:39:47 - [TEST_STEP][PASSED] - listofoptioninstring.addAll(ele.getText()): null

2020-02-17 16:39:47 - [TEST_STEP][PASSED] - listofoptioninstring.addAll(ele.getText()): null

2020-02-17 16:39:47 - [TEST_STEP][PASSED] - listofoptioninstring.addAll(ele.getText()): null

2020-02-17 16:39:47 - [TEST_STEP][PASSED] - listofoptioninstring.addAll(ele.getText()): null

2020-02-17 16:39:47 - [TEST_STEP][PASSED] - listofoptioninstring.addAll(ele.getText()): null

2020-02-17 16:39:48 - [TEST_STEP][PASSED] - listofoptioninstring.addAll(ele.getText()): null

2020-02-17 16:39:48 - [TEST_STEP][PASSED] - listofoptioninstring.addAll(ele.getText()): null

2020-02-17 16:39:48 - [TEST_STEP][PASSED] - verify_accountName = web.CustomKeyword.getrandomStingValue(listofoptioninstring): web.CustomKeyword.getrandomStingValue is PASSED

2020-02-17 16:39:48 - [MESSAGE][PASSED] - web.CustomKeyword.getrandomStingValue is PASSED

2020-02-17 16:39:48 - [TEST_STEP][PASSED] - for ([h = 0, h < listofoptions.size(), (h++)]): null

2020-02-17 16:39:48 - [TEST_STEP][PASSED] - if (getText().equalsIgnoreCase(verify_accountName)): null

2020-02-17 16:39:48 - [TEST_STEP][PASSED] - if (getText().equalsIgnoreCase(verify_accountName)): null

2020-02-17 16:39:48 - [TEST_STEP][PASSED] - if (toLowerCase().equalsIgnoreCase(toString().toLowerCase())): null

2020-02-17 16:39:48 - [TEST_STEP][PASSED] - Assert.assertEquals(get(h).getAttribute("d"), dattributeValue.toString()): null

2020-02-17 16:39:48 - [TEST_STEP][PASSED] - break: null

2020-02-17 16:39:48 - [TEST_STEP][PASSED] - click(findTestObject("Swicther/closeIcon")): Object: 'Object Repository/Swicther/closeIcon' is clicked on

2020-02-17 16:39:48 - [MESSAGE][PASSED] - Object: 'Object Repository/Swicther/closeIcon' is clicked on

2020-02-17 16:39:48 - [TEST_STEP][PASSED] - Start listener action : sampleAfterTestCase: null

2020-02-17 16:39:48 - [TEST_STEP][PASSED] - println(testCaseContext.getTestCaseId()): null

2020-02-17 16:39:48 - [TEST_STEP][PASSED] - println(testCaseContext.getTestCaseStatus()): null

2020-02-17 16:39:48 - [TEST_STEP][PASSED] - println("On Failure Method is Calling : " + testCaseContext.getTestCaseStatus()): null

2020-02-17 16:39:48 - [TEST_STEP][PASSED] - if (!(getTestCaseStatus().equalsIgnoreCase("PASSED"))): null]]></system-out>
         <system-err><![CDATA[]]></system-err>
      </testcase>
      <testcase name="Test Cases/Atlas Platform/OnBoard/Swicther/TC_017_Validate_Organization_Favorites" time="9.976" classname="Test Cases/Atlas Platform/OnBoard/Swicther/TC_017_Validate_Organization_Favorites" status="PASSED">
         <system-out><![CDATA[2020-02-17 16:39:50 - [TEST_CASE][PASSED] - Test Cases/Atlas Platform/OnBoard/Swicther/TC_017_Validate_Organization_Favorites: Test Cases/Atlas Platform/OnBoard/Swicther/TC_017_Validate_Organization_Favorites

2020-02-17 16:39:51 - [TEST_STEP][NOT_RUN] - callTestCase(findTestCase("Atlas Platform/OnBoard/Swicther/TC_100_RemoveAllFavorites"), [:], STOP_ON_FAILURE): NOT_RUN: callTestCase(findTestCase("Atlas Platform/OnBoard/Swicther/TC_100_RemoveAllFavorites"), [:], STOP_ON_FAILURE)

2020-02-17 16:39:51 - [MESSAGE][NOT_RUN] - NOT_RUN: callTestCase(findTestCase("Atlas Platform/OnBoard/Swicther/TC_100_RemoveAllFavorites"), [:], STOP_ON_FAILURE)

2020-02-17 16:39:51 - [TEST_STEP][PASSED] - click(findTestObject("Swicther/swicthermenutext")): Object: 'Object Repository/Swicther/swicthermenutext' is clicked on

2020-02-17 16:39:51 - [MESSAGE][PASSED] - Object: 'Object Repository/Swicther/swicthermenutext' is clicked on

2020-02-17 16:39:51 - [TEST_STEP][PASSED] - click(findTestObject("Swicther/organization_tab_swicther")): Object: 'Object Repository/Swicther/organization_tab_swicther' is clicked on

2020-02-17 16:39:52 - [MESSAGE][PASSED] - Object: 'Object Repository/Swicther/organization_tab_swicther' is clicked on

2020-02-17 16:39:52 - [TEST_STEP][PASSED] - listofoptions = findWebElements(findTestObject("Swicther/organization_tab_all_values"), 5): null

2020-02-17 16:39:52 - [TEST_STEP][PASSED] - listoffavicons = findWebElements(findTestObject("Swicther/organization_tab_fav_icon"), 5): null

2020-02-17 16:39:52 - [TEST_STEP][PASSED] - listofoptioninstring = new java.util.ArrayList(): null

2020-02-17 16:39:52 - [TEST_STEP][PASSED] - for (org.openqa.selenium.WebElement ele : listofoptions): null

2020-02-17 16:39:52 - [TEST_STEP][PASSED] - listofoptioninstring.addAll(ele.getText()): null

2020-02-17 16:39:52 - [TEST_STEP][PASSED] - listofoptioninstring.addAll(ele.getText()): null

2020-02-17 16:39:52 - [TEST_STEP][PASSED] - listofoptioninstring.addAll(ele.getText()): null

2020-02-17 16:39:52 - [TEST_STEP][PASSED] - listofoptioninstring.addAll(ele.getText()): null

2020-02-17 16:39:52 - [TEST_STEP][PASSED] - listofoptioninstring.addAll(ele.getText()): null

2020-02-17 16:39:52 - [TEST_STEP][PASSED] - listofoptioninstring.addAll(ele.getText()): null

2020-02-17 16:39:52 - [TEST_STEP][PASSED] - listofoptioninstring.addAll(ele.getText()): null

2020-02-17 16:39:53 - [TEST_STEP][PASSED] - listofoptioninstring.addAll(ele.getText()): null

2020-02-17 16:39:53 - [TEST_STEP][PASSED] - listofoptioninstring.addAll(ele.getText()): null

2020-02-17 16:39:53 - [TEST_STEP][PASSED] - listofoptioninstring.addAll(ele.getText()): null

2020-02-17 16:39:53 - [TEST_STEP][PASSED] - listofoptioninstring.addAll(ele.getText()): null

2020-02-17 16:39:53 - [TEST_STEP][PASSED] - listofoptioninstring.addAll(ele.getText()): null

2020-02-17 16:39:53 - [TEST_STEP][PASSED] - listofoptioninstring.addAll(ele.getText()): null

2020-02-17 16:39:53 - [TEST_STEP][PASSED] - verify_accountName = web.CustomKeyword.getrandomStingValue(listofoptioninstring): web.CustomKeyword.getrandomStingValue is PASSED

2020-02-17 16:39:53 - [MESSAGE][PASSED] - web.CustomKeyword.getrandomStingValue is PASSED

2020-02-17 16:39:53 - [TEST_STEP][PASSED] - for ([h = 0, h < listofoptions.size(), (h++)]): null

2020-02-17 16:39:53 - [TEST_STEP][PASSED] - if (getText().equalsIgnoreCase(verify_accountName)): null

2020-02-17 16:39:53 - [TEST_STEP][PASSED] - if (getText().equalsIgnoreCase(verify_accountName)): null

2020-02-17 16:39:53 - [TEST_STEP][PASSED] - get(h).click(): null

2020-02-17 16:39:53 - [TEST_STEP][PASSED] - break: null

2020-02-17 16:39:53 - [TEST_STEP][PASSED] - delay(3): Delayed 3 second(s)

2020-02-17 16:39:56 - [MESSAGE][PASSED] - Delayed 3 second(s)

2020-02-17 16:39:56 - [TEST_STEP][PASSED] - click(findTestObject("Swicther/favorites_tabs_swicther")): Object: 'Object Repository/Swicther/favorites_tabs_swicther' is clicked on

2020-02-17 16:39:57 - [MESSAGE][PASSED] - Object: 'Object Repository/Swicther/favorites_tabs_swicther' is clicked on

2020-02-17 16:39:57 - [TEST_STEP][PASSED] - listoffavvalues = findWebElements(findTestObject("Swicther/favorites_tab_all_values"), 5): null

2020-02-17 16:39:57 - [TEST_STEP][PASSED] - isPresent = false: null

2020-02-17 16:39:58 - [TEST_STEP][PASSED] - for ([j = 0, j < listoffavvalues.size(), (j++)]): null

2020-02-17 16:39:58 - [TEST_STEP][PASSED] - if (getText().equalsIgnoreCase(verify_accountName)): null

2020-02-17 16:39:58 - [TEST_STEP][PASSED] - isPresent = true: null

2020-02-17 16:39:58 - [TEST_STEP][PASSED] - if (getText().equalsIgnoreCase(verify_accountName)): null

2020-02-17 16:39:58 - [TEST_STEP][NOT_RUN] - click(findTestObject("Swicther/favorite_icon")): NOT_RUN: click(findTestObject("Swicther/favorite_icon"))

2020-02-17 16:39:58 - [MESSAGE][NOT_RUN] - NOT_RUN: click(findTestObject("Swicther/favorite_icon"))

2020-02-17 16:39:58 - [TEST_STEP][PASSED] - verifyEqual(isPresent, true): Actual object 'true' and expected object 'true' are equal

2020-02-17 16:39:58 - [MESSAGE][PASSED] - Actual object 'true' and expected object 'true' are equal

2020-02-17 16:39:58 - [TEST_STEP][PASSED] - click(findTestObject("Swicther/closeIcon")): Object: 'Object Repository/Swicther/closeIcon' is clicked on

2020-02-17 16:39:58 - [MESSAGE][PASSED] - Object: 'Object Repository/Swicther/closeIcon' is clicked on

2020-02-17 16:39:58 - [TEST_STEP][PASSED] - Start listener action : sampleAfterTestCase: null

2020-02-17 16:39:58 - [TEST_STEP][PASSED] - println(testCaseContext.getTestCaseId()): null

2020-02-17 16:39:58 - [TEST_STEP][PASSED] - println(testCaseContext.getTestCaseStatus()): null

2020-02-17 16:39:58 - [TEST_STEP][PASSED] - println("On Failure Method is Calling : " + testCaseContext.getTestCaseStatus()): null

2020-02-17 16:39:58 - [TEST_STEP][PASSED] - if (!(getTestCaseStatus().equalsIgnoreCase("PASSED"))): null]]></system-out>
         <system-err><![CDATA[]]></system-err>
      </testcase>
      <testcase name="Test Cases/Atlas Platform/OnBoard/Swicther/TC_018_Verify_Organizations_Tab_Values" time="7.102" classname="Test Cases/Atlas Platform/OnBoard/Swicther/TC_018_Verify_Organizations_Tab_Values" status="PASSED">
         <system-out><![CDATA[2020-02-17 16:40:00 - [TEST_CASE][PASSED] - Test Cases/Atlas Platform/OnBoard/Swicther/TC_018_Verify_Organizations_Tab_Values: Test Cases/Atlas Platform/OnBoard/Swicther/TC_018_Verify_Organizations_Tab_Values

2020-02-17 16:40:01 - [TEST_STEP][NOT_RUN] - callTestCase(findTestCase("Atlas Platform/OnBoard/Login/LoginWithRootAdmin"), [:], STOP_ON_FAILURE): NOT_RUN: callTestCase(findTestCase("Atlas Platform/OnBoard/Login/LoginWithRootAdmin"), [:], STOP_ON_FAILURE)

2020-02-17 16:40:01 - [MESSAGE][NOT_RUN] - NOT_RUN: callTestCase(findTestCase("Atlas Platform/OnBoard/Login/LoginWithRootAdmin"), [:], STOP_ON_FAILURE)

2020-02-17 16:40:01 - [TEST_STEP][PASSED] - click(findTestObject("Swicther/swicthermenutext")): Object: 'Object Repository/Swicther/swicthermenutext' is clicked on

2020-02-17 16:40:01 - [MESSAGE][PASSED] - Object: 'Object Repository/Swicther/swicthermenutext' is clicked on

2020-02-17 16:40:01 - [TEST_STEP][PASSED] - click(findTestObject("Swicther/organization_tab_swicther")): Object: 'Object Repository/Swicther/organization_tab_swicther' is clicked on

2020-02-17 16:40:01 - [MESSAGE][PASSED] - Object: 'Object Repository/Swicther/organization_tab_swicther' is clicked on

2020-02-17 16:40:01 - [TEST_STEP][PASSED] - listofAccNames = findWebElements(findTestObject("Swicther/organization_tab_all_values"), 10): null

2020-02-17 16:40:02 - [TEST_STEP][PASSED] - textValuesForOrgName = new java.util.ArrayList(): null

2020-02-17 16:40:02 - [TEST_STEP][PASSED] - for ([hjk = 0, hjk < listofAccNames.size(), (hjk++)]): null

2020-02-17 16:40:02 - [TEST_STEP][PASSED] - textValuesForOrgName.add(split("Last")[0].trim()): null

2020-02-17 16:40:02 - [TEST_STEP][PASSED] - textValuesForOrgName.add(split("Last")[0].trim()): null

2020-02-17 16:40:02 - [TEST_STEP][PASSED] - textValuesForOrgName.add(split("Last")[0].trim()): null

2020-02-17 16:40:02 - [TEST_STEP][PASSED] - textValuesForOrgName.add(split("Last")[0].trim()): null

2020-02-17 16:40:02 - [TEST_STEP][PASSED] - textValuesForOrgName.add(split("Last")[0].trim()): null

2020-02-17 16:40:02 - [TEST_STEP][PASSED] - textValuesForOrgName.add(split("Last")[0].trim()): null

2020-02-17 16:40:02 - [TEST_STEP][PASSED] - textValuesForOrgName.add(split("Last")[0].trim()): null

2020-02-17 16:40:02 - [TEST_STEP][PASSED] - textValuesForOrgName.add(split("Last")[0].trim()): null

2020-02-17 16:40:02 - [TEST_STEP][PASSED] - textValuesForOrgName.add(split("Last")[0].trim()): null

2020-02-17 16:40:02 - [TEST_STEP][PASSED] - textValuesForOrgName.add(split("Last")[0].trim()): null

2020-02-17 16:40:02 - [TEST_STEP][PASSED] - textValuesForOrgName.add(split("Last")[0].trim()): null

2020-02-17 16:40:02 - [TEST_STEP][PASSED] - textValuesForOrgName.add(split("Last")[0].trim()): null

2020-02-17 16:40:02 - [TEST_STEP][PASSED] - textValuesForOrgName.add(split("Last")[0].trim()): null

2020-02-17 16:40:02 - [TEST_STEP][PASSED] - click(findTestObject("Swicther/root_tab_swicther")): Object: 'Object Repository/Swicther/root_tab_swicther' is clicked on

2020-02-17 16:40:03 - [MESSAGE][PASSED] - Object: 'Object Repository/Swicther/root_tab_swicther' is clicked on

2020-02-17 16:40:03 - [TEST_STEP][PASSED] - listofRootnames = findWebElements(findTestObject("Swicther/root_tab_all_values"), 10): null

2020-02-17 16:40:03 - [TEST_STEP][PASSED] - rootNames = new java.util.ArrayList(): null

2020-02-17 16:40:03 - [TEST_STEP][PASSED] - for (org.openqa.selenium.WebElement ele : listofRootnames): null

2020-02-17 16:40:03 - [TEST_STEP][PASSED] - rootNames.add(split("Last")[0].trim()): null

2020-02-17 16:40:03 - [TEST_STEP][PASSED] - isPresent = textValuesForOrgName.removeAll(rootNames): null

2020-02-17 16:40:03 - [TEST_STEP][PASSED] - verifyEqual(isPresent, false): Actual object 'false' and expected object 'false' are equal

2020-02-17 16:40:03 - [MESSAGE][PASSED] - Actual object 'false' and expected object 'false' are equal

2020-02-17 16:40:03 - [TEST_STEP][PASSED] - click(findTestObject("Swicther/accounts_tab_swicther")): Object: 'Object Repository/Swicther/accounts_tab_swicther' is clicked on

2020-02-17 16:40:04 - [MESSAGE][PASSED] - Object: 'Object Repository/Swicther/accounts_tab_swicther' is clicked on

2020-02-17 16:40:04 - [TEST_STEP][PASSED] - listofOrgNames = findWebElements(findTestObject("Swicther/accounts_tab_all_values"), 10): null

2020-02-17 16:40:04 - [TEST_STEP][PASSED] - orgNames = new java.util.ArrayList(): null

2020-02-17 16:40:05 - [TEST_STEP][PASSED] - for (org.openqa.selenium.WebElement ele : listofOrgNames): null

2020-02-17 16:40:05 - [TEST_STEP][PASSED] - orgNames.add(split("Last")[0].trim()): null

2020-02-17 16:40:05 - [TEST_STEP][PASSED] - orgNames.add(split("Last")[0].trim()): null

2020-02-17 16:40:05 - [TEST_STEP][PASSED] - orgNames.add(split("Last")[0].trim()): null

2020-02-17 16:40:05 - [TEST_STEP][PASSED] - orgNames.add(split("Last")[0].trim()): null

2020-02-17 16:40:05 - [TEST_STEP][PASSED] - orgNames.add(split("Last")[0].trim()): null

2020-02-17 16:40:05 - [TEST_STEP][PASSED] - orgNames.add(split("Last")[0].trim()): null

2020-02-17 16:40:05 - [TEST_STEP][PASSED] - orgNames.add(split("Last")[0].trim()): null

2020-02-17 16:40:05 - [TEST_STEP][PASSED] - orgNames.add(split("Last")[0].trim()): null

2020-02-17 16:40:05 - [TEST_STEP][PASSED] - isPresent = textValuesForOrgName.removeAll(orgNames): null

2020-02-17 16:40:05 - [TEST_STEP][PASSED] - verifyEqual(isPresent, false): Actual object 'false' and expected object 'false' are equal

2020-02-17 16:40:05 - [MESSAGE][PASSED] - Actual object 'false' and expected object 'false' are equal

2020-02-17 16:40:05 - [TEST_STEP][PASSED] - click(findTestObject("Swicther/closeIcon")): Object: 'Object Repository/Swicther/closeIcon' is clicked on

2020-02-17 16:40:05 - [MESSAGE][PASSED] - Object: 'Object Repository/Swicther/closeIcon' is clicked on

2020-02-17 16:40:05 - [TEST_STEP][PASSED] - Start listener action : sampleAfterTestCase: null

2020-02-17 16:40:05 - [TEST_STEP][PASSED] - println(testCaseContext.getTestCaseId()): null

2020-02-17 16:40:05 - [TEST_STEP][PASSED] - println(testCaseContext.getTestCaseStatus()): null

2020-02-17 16:40:05 - [TEST_STEP][PASSED] - println("On Failure Method is Calling : " + testCaseContext.getTestCaseStatus()): null

2020-02-17 16:40:05 - [TEST_STEP][PASSED] - if (!(getTestCaseStatus().equalsIgnoreCase("PASSED"))): null]]></system-out>
         <system-err><![CDATA[]]></system-err>
      </testcase>
      <testcase name="Test Cases/Atlas Platform/OnBoard/Swicther/TC_019_Verify_newly_Created_Orgaz_Present(TBD)" time="3.981" classname="Test Cases/Atlas Platform/OnBoard/Swicther/TC_019_Verify_newly_Created_Orgaz_Present(TBD)" status="PASSED">
         <system-out><![CDATA[2020-02-17 16:40:07 - [TEST_CASE][PASSED] - Test Cases/Atlas Platform/OnBoard/Swicther/TC_019_Verify_newly_Created_Orgaz_Present(TBD): Test Cases/Atlas Platform/OnBoard/Swicther/TC_019_Verify_newly_Created_Orgaz_Present(TBD)

2020-02-17 16:40:08 - [TEST_STEP][NOT_RUN] - callTestCase(findTestCase("Atlas Platform/OnBoard/Login/LoginWithRootAdmin"), [:], STOP_ON_FAILURE): NOT_RUN: callTestCase(findTestCase("Atlas Platform/OnBoard/Login/LoginWithRootAdmin"), [:], STOP_ON_FAILURE)

2020-02-17 16:40:08 - [MESSAGE][NOT_RUN] - NOT_RUN: callTestCase(findTestCase("Atlas Platform/OnBoard/Login/LoginWithRootAdmin"), [:], STOP_ON_FAILURE)

2020-02-17 16:40:08 - [TEST_STEP][PASSED] - click(findTestObject("Swicther/swicthermenutext")): Object: 'Object Repository/Swicther/swicthermenutext' is clicked on

2020-02-17 16:40:08 - [MESSAGE][PASSED] - Object: 'Object Repository/Swicther/swicthermenutext' is clicked on

2020-02-17 16:40:08 - [TEST_STEP][PASSED] - click(findTestObject("Swicther/organization_tab_swicther")): Object: 'Object Repository/Swicther/organization_tab_swicther' is clicked on

2020-02-17 16:40:09 - [MESSAGE][PASSED] - Object: 'Object Repository/Swicther/organization_tab_swicther' is clicked on

2020-02-17 16:40:09 - [TEST_STEP][PASSED] - click(findTestObject("Swicther/closeIcon")): Object: 'Object Repository/Swicther/closeIcon' is clicked on

2020-02-17 16:40:09 - [MESSAGE][PASSED] - Object: 'Object Repository/Swicther/closeIcon' is clicked on

2020-02-17 16:40:09 - [TEST_STEP][PASSED] - Start listener action : sampleAfterTestCase: null

2020-02-17 16:40:09 - [TEST_STEP][PASSED] - println(testCaseContext.getTestCaseId()): null

2020-02-17 16:40:09 - [TEST_STEP][PASSED] - println(testCaseContext.getTestCaseStatus()): null

2020-02-17 16:40:09 - [TEST_STEP][PASSED] - println("On Failure Method is Calling : " + testCaseContext.getTestCaseStatus()): null

2020-02-17 16:40:09 - [TEST_STEP][PASSED] - if (!(getTestCaseStatus().equalsIgnoreCase("PASSED"))): null]]></system-out>
         <system-err><![CDATA[]]></system-err>
      </testcase>
      <testcase name="Test Cases/Atlas Platform/OnBoard/Swicther/TC_020_Validate_Root_tab_Favorites" time="6.731" classname="Test Cases/Atlas Platform/OnBoard/Swicther/TC_020_Validate_Root_tab_Favorites" status="PASSED">
         <system-out><![CDATA[2020-02-17 16:40:11 - [TEST_CASE][PASSED] - Test Cases/Atlas Platform/OnBoard/Swicther/TC_020_Validate_Root_tab_Favorites: Test Cases/Atlas Platform/OnBoard/Swicther/TC_020_Validate_Root_tab_Favorites

2020-02-17 16:40:12 - [TEST_STEP][NOT_RUN] - callTestCase(findTestCase("Atlas Platform/OnBoard/Swicther/TC_100_RemoveAllFavorites"), [:], STOP_ON_FAILURE): NOT_RUN: callTestCase(findTestCase("Atlas Platform/OnBoard/Swicther/TC_100_RemoveAllFavorites"), [:], STOP_ON_FAILURE)

2020-02-17 16:40:12 - [MESSAGE][NOT_RUN] - NOT_RUN: callTestCase(findTestCase("Atlas Platform/OnBoard/Swicther/TC_100_RemoveAllFavorites"), [:], STOP_ON_FAILURE)

2020-02-17 16:40:12 - [TEST_STEP][PASSED] - click(findTestObject("Swicther/swicthermenutext")): Object: 'Object Repository/Swicther/swicthermenutext' is clicked on

2020-02-17 16:40:12 - [MESSAGE][PASSED] - Object: 'Object Repository/Swicther/swicthermenutext' is clicked on

2020-02-17 16:40:12 - [TEST_STEP][PASSED] - click(findTestObject("Swicther/root_tab_swicther")): Object: 'Object Repository/Swicther/root_tab_swicther' is clicked on

2020-02-17 16:40:13 - [MESSAGE][PASSED] - Object: 'Object Repository/Swicther/root_tab_swicther' is clicked on

2020-02-17 16:40:13 - [TEST_STEP][PASSED] - listofoptions = findWebElements(findTestObject("Swicther/root_tab_all_values"), 5): null

2020-02-17 16:40:13 - [TEST_STEP][PASSED] - listoffavicons = findWebElements(findTestObject("Swicther/root_tab_fav_icon"), 5): null

2020-02-17 16:40:13 - [TEST_STEP][PASSED] - listofoptioninstring = new java.util.ArrayList(): null

2020-02-17 16:40:13 - [TEST_STEP][PASSED] - for (org.openqa.selenium.WebElement ele : listofoptions): null

2020-02-17 16:40:14 - [TEST_STEP][PASSED] - listofoptioninstring.addAll(ele.getText()): null

2020-02-17 16:40:14 - [TEST_STEP][PASSED] - println(listofoptioninstring): null

2020-02-17 16:40:14 - [TEST_STEP][PASSED] - verify_accountName = "Root": null

2020-02-17 16:40:14 - [TEST_STEP][PASSED] - for ([h = 0, h < listofoptions.size(), (h++)]): null

2020-02-17 16:40:14 - [TEST_STEP][PASSED] - if (trim().equalsIgnoreCase(verify_accountName)): null

2020-02-17 16:40:14 - [TEST_STEP][PASSED] - get(h).click(): null

2020-02-17 16:40:14 - [TEST_STEP][PASSED] - break: null

2020-02-17 16:40:14 - [TEST_STEP][PASSED] - click(findTestObject("Swicther/favorites_tabs_swicther")): Object: 'Object Repository/Swicther/favorites_tabs_swicther' is clicked on

2020-02-17 16:40:15 - [MESSAGE][PASSED] - Object: 'Object Repository/Swicther/favorites_tabs_swicther' is clicked on

2020-02-17 16:40:15 - [TEST_STEP][PASSED] - listoffavvalues = findWebElements(findTestObject("Swicther/favorites_tab_all_values"), 5): null

2020-02-17 16:40:15 - [TEST_STEP][PASSED] - isPresent = false: null

2020-02-17 16:40:15 - [TEST_STEP][PASSED] - for ([j = 0, j < listoffavvalues.size(), (j++)]): null

2020-02-17 16:40:15 - [TEST_STEP][PASSED] - if (trim().equalsIgnoreCase(verify_accountName)): null

2020-02-17 16:40:15 - [TEST_STEP][PASSED] - if (trim().equalsIgnoreCase(verify_accountName)): null

2020-02-17 16:40:15 - [TEST_STEP][PASSED] - if (trim().equalsIgnoreCase(verify_accountName)): null

2020-02-17 16:40:15 - [TEST_STEP][PASSED] - isPresent = true: null

2020-02-17 16:40:15 - [TEST_STEP][NOT_RUN] - click(findTestObject("Swicther/favorite_icon")): NOT_RUN: click(findTestObject("Swicther/favorite_icon"))

2020-02-17 16:40:15 - [MESSAGE][NOT_RUN] - NOT_RUN: click(findTestObject("Swicther/favorite_icon"))

2020-02-17 16:40:15 - [TEST_STEP][PASSED] - verifyEqual(isPresent, true): Actual object 'true' and expected object 'true' are equal

2020-02-17 16:40:15 - [MESSAGE][PASSED] - Actual object 'true' and expected object 'true' are equal

2020-02-17 16:40:15 - [TEST_STEP][PASSED] - click(findTestObject("Swicther/closeIcon")): Object: 'Object Repository/Swicther/closeIcon' is clicked on

2020-02-17 16:40:16 - [MESSAGE][PASSED] - Object: 'Object Repository/Swicther/closeIcon' is clicked on

2020-02-17 16:40:16 - [TEST_STEP][PASSED] - Start listener action : sampleAfterTestCase: null

2020-02-17 16:40:16 - [TEST_STEP][PASSED] - println(testCaseContext.getTestCaseId()): null

2020-02-17 16:40:16 - [TEST_STEP][PASSED] - println(testCaseContext.getTestCaseStatus()): null

2020-02-17 16:40:16 - [TEST_STEP][PASSED] - println("On Failure Method is Calling : " + testCaseContext.getTestCaseStatus()): null

2020-02-17 16:40:16 - [TEST_STEP][PASSED] - if (!(getTestCaseStatus().equalsIgnoreCase("PASSED"))): null]]></system-out>
         <system-err><![CDATA[]]></system-err>
      </testcase>
      <testcase name="Test Cases/Atlas Platform/OnBoard/Swicther/TC_021_Validate_Accounts_Favorites" time="63.07" classname="Test Cases/Atlas Platform/OnBoard/Swicther/TC_021_Validate_Accounts_Favorites" status="PASSED">
         <system-out><![CDATA[2020-02-17 16:40:18 - [TEST_CASE][PASSED] - Test Cases/Atlas Platform/OnBoard/Swicther/TC_021_Validate_Accounts_Favorites: Test Cases/Atlas Platform/OnBoard/Swicther/TC_021_Validate_Accounts_Favorites

2020-02-17 16:40:18 - [TEST_STEP][PASSED] - callTestCase(findTestCase("Atlas Platform/OnBoard/Swicther/TC_100_RemoveAllFavorites"), [:], STOP_ON_FAILURE): Call Test Case 'Test Cases/Atlas Platform/OnBoard/Swicther/TC_100_RemoveAllFavorites' successfully

2020-02-17 16:40:18 - [TEST_CASE][PASSED] - Test Cases/Atlas Platform/OnBoard/Swicther/TC_100_RemoveAllFavorites: Test Cases/Atlas Platform/OnBoard/Swicther/TC_100_RemoveAllFavorites

2020-02-17 16:40:19 - [TEST_STEP][PASSED] - callTestCase(findTestCase("Atlas Platform/OnBoard/Login/LoginWithRootAdmin"), [:], STOP_ON_FAILURE): Call Test Case 'Test Cases/Atlas Platform/OnBoard/Login/LoginWithRootAdmin' successfully

2020-02-17 16:40:19 - [TEST_CASE][PASSED] - Test Cases/Atlas Platform/OnBoard/Login/LoginWithRootAdmin: Test Cases/Atlas Platform/OnBoard/Login/LoginWithRootAdmin

2020-02-17 16:40:19 - [TEST_STEP][NOT_RUN] - openBrowser(""): NOT_RUN: openBrowser("")

2020-02-17 16:40:19 - [MESSAGE][NOT_RUN] - NOT_RUN: openBrowser("")

2020-02-17 16:40:19 - [TEST_STEP][PASSED] - callTestCase(findTestCase("Atlas Platform/OnBoard/SwictherDBValidation/TC_100_ForSecurityURLSAcceptance"), [:], CONTINUE_ON_FAILURE): Call Test Case 'Test Cases/Atlas Platform/OnBoard/SwictherDBValidation/TC_100_ForSecurityURLSAcceptance' successfully

2020-02-17 16:40:19 - [TEST_CASE][PASSED] - Test Cases/Atlas Platform/OnBoard/SwictherDBValidation/TC_100_ForSecurityURLSAcceptance: Test Cases/Atlas Platform/OnBoard/SwictherDBValidation/TC_100_ForSecurityURLSAcceptance

2020-02-17 16:40:19 - [TEST_STEP][PASSED] - openBrowser(""): Browser is opened with url: ''

2020-02-17 16:40:19 - [MESSAGE][WARNING] - A browser is already opened. Closing browser and opening a new one

2020-02-17 16:40:20 - [MESSAGE][INFO] - Starting 'Chrome' driver

2020-02-17 16:40:20 - [MESSAGE][INFO] - User set preference: ['args', '[--start-maximized, --disable-web-security, --no-proxy-server]']

2020-02-17 16:40:20 - [MESSAGE][INFO] - User set preference: ['prefs', '{credentials_enable_service=false, profile.password_manager_enabled=false}']

2020-02-17 16:40:31 - [MESSAGE][PASSED] - Browser is opened with url: ''

2020-02-17 16:40:31 - [TEST_STEP][PASSED] - navigateToUrl("https://ec2-3-133-54-242.us-east-2.compute.amazonaws.com:9092/services/message/api/programs"): Navigate to 'https://ec2-3-133-54-242.us-east-2.compute.amazonaws.com:9092/services/message/api/programs' successfully

2020-02-17 16:40:33 - [MESSAGE][PASSED] - Navigate to 'https://ec2-3-133-54-242.us-east-2.compute.amazonaws.com:9092/services/message/api/programs' successfully

2020-02-17 16:40:33 - [TEST_STEP][PASSED] - click(findTestObject("LoginPage/httpAdvanceBtn")): Object: 'Object Repository/LoginPage/httpAdvanceBtn' is clicked on

2020-02-17 16:40:33 - [MESSAGE][PASSED] - Object: 'Object Repository/LoginPage/httpAdvanceBtn' is clicked on

2020-02-17 16:40:33 - [TEST_STEP][PASSED] - click(findTestObject("LoginPage/httpsproceedlink")): Object: 'Object Repository/LoginPage/httpsproceedlink' is clicked on

2020-02-17 16:40:35 - [MESSAGE][PASSED] - Object: 'Object Repository/LoginPage/httpsproceedlink' is clicked on

2020-02-17 16:40:35 - [TEST_STEP][PASSED] - navigateToUrl("https://3.19.246.255:9090/services/configuration/api/authenticate"): Navigate to 'https://3.19.246.255:9090/services/configuration/api/authenticate' successfully

2020-02-17 16:40:39 - [MESSAGE][PASSED] - Navigate to 'https://3.19.246.255:9090/services/configuration/api/authenticate' successfully

2020-02-17 16:40:39 - [TEST_STEP][PASSED] - click(findTestObject("LoginPage/httpAdvanceBtn")): Object: 'Object Repository/LoginPage/httpAdvanceBtn' is clicked on

2020-02-17 16:40:39 - [MESSAGE][PASSED] - Object: 'Object Repository/LoginPage/httpAdvanceBtn' is clicked on

2020-02-17 16:40:39 - [TEST_STEP][PASSED] - click(findTestObject("LoginPage/httpsproceedlink")): Object: 'Object Repository/LoginPage/httpsproceedlink' is clicked on

2020-02-17 16:40:41 - [MESSAGE][PASSED] - Object: 'Object Repository/LoginPage/httpsproceedlink' is clicked on

2020-02-17 16:40:41 - [TEST_STEP][PASSED] - navigateToUrl("https://ec2-3-133-54-242.us-east-2.compute.amazonaws.com:8080/services/data/api/data-sources?search=Repair&filters=ACTIVE&page=0&size=20&sort=accountId,DESC"): Navigate to 'https://ec2-3-133-54-242.us-east-2.compute.amazonaws.com:8080/services/data/api/data-sources?search=Repair&filters=ACTIVE&page=0&size=20&sort=accountId,DESC' successfully

2020-02-17 16:40:44 - [MESSAGE][PASSED] - Navigate to 'https://ec2-3-133-54-242.us-east-2.compute.amazonaws.com:8080/services/data/api/data-sources?search=Repair&filters=ACTIVE&page=0&size=20&sort=accountId,DESC' successfully

2020-02-17 16:40:44 - [TEST_STEP][PASSED] - click(findTestObject("LoginPage/httpAdvanceBtn")): Object: 'Object Repository/LoginPage/httpAdvanceBtn' is clicked on

2020-02-17 16:40:45 - [MESSAGE][PASSED] - Object: 'Object Repository/LoginPage/httpAdvanceBtn' is clicked on

2020-02-17 16:40:45 - [TEST_STEP][PASSED] - click(findTestObject("LoginPage/httpsproceedlink")): Object: 'Object Repository/LoginPage/httpsproceedlink' is clicked on

2020-02-17 16:40:46 - [MESSAGE][PASSED] - Object: 'Object Repository/LoginPage/httpsproceedlink' is clicked on

2020-02-17 16:40:46 - [TEST_STEP][PASSED] - navigateToUrl("https://3.19.246.255:9091/services/content/api/images?page=0&size=10"): Navigate to 'https://3.19.246.255:9091/services/content/api/images?page=0&size=10' successfully

2020-02-17 16:40:50 - [MESSAGE][PASSED] - Navigate to 'https://3.19.246.255:9091/services/content/api/images?page=0&size=10' successfully

2020-02-17 16:40:50 - [TEST_STEP][PASSED] - click(findTestObject("LoginPage/httpAdvanceBtn")): Object: 'Object Repository/LoginPage/httpAdvanceBtn' is clicked on

2020-02-17 16:40:50 - [MESSAGE][PASSED] - Object: 'Object Repository/LoginPage/httpAdvanceBtn' is clicked on

2020-02-17 16:40:50 - [TEST_STEP][PASSED] - click(findTestObject("LoginPage/httpsproceedlink")): Object: 'Object Repository/LoginPage/httpsproceedlink' is clicked on

2020-02-17 16:40:52 - [MESSAGE][PASSED] - Object: 'Object Repository/LoginPage/httpsproceedlink' is clicked on

2020-02-17 16:40:52 - [MESSAGE][PASSED] - Call Test Case 'Test Cases/Atlas Platform/OnBoard/SwictherDBValidation/TC_100_ForSecurityURLSAcceptance' successfully

2020-02-17 16:40:52 - [TEST_STEP][PASSED] - navigateToUrl("https://atlas-dev.gsm.auto/"): Navigate to 'https://atlas-dev.gsm.auto/' successfully

2020-02-17 16:40:56 - [MESSAGE][PASSED] - Navigate to 'https://atlas-dev.gsm.auto/' successfully

2020-02-17 16:40:56 - [TEST_STEP][PASSED] - setText(findTestObject("Object Repository/LoginPage/loginpageemailtxtbox"), user_Email): Text 'navaraj@totient.co.in' is set on object 'Object Repository/LoginPage/loginpageemailtxtbox'

2020-02-17 16:40:57 - [MESSAGE][PASSED] - Text 'navaraj@totient.co.in' is set on object 'Object Repository/LoginPage/loginpageemailtxtbox'

2020-02-17 16:40:57 - [TEST_STEP][PASSED] - setText(findTestObject("Object Repository/LoginPage/loginpaepasswordtxtbox"), user_Password): Text 'Totient@123' is set on object 'Object Repository/LoginPage/loginpaepasswordtxtbox'

2020-02-17 16:40:58 - [MESSAGE][PASSED] - Text 'Totient@123' is set on object 'Object Repository/LoginPage/loginpaepasswordtxtbox'

2020-02-17 16:40:58 - [TEST_STEP][PASSED] - click(findTestObject("LoginPage/loginpageloginbtn")): Object: 'Object Repository/LoginPage/loginpageloginbtn' is clicked on

2020-02-17 16:40:58 - [MESSAGE][PASSED] - Object: 'Object Repository/LoginPage/loginpageloginbtn' is clicked on

2020-02-17 16:40:58 - [TEST_STEP][PASSED] - conn = com.katalon.plugin.keyword.connection.DatabaseKeywords.getGlobalConnection(): com.katalon.plugin.keyword.connection.DatabaseKeywords.getGlobalConnection is PASSED

2020-02-17 16:41:02 - [MESSAGE][PASSED] - com.katalon.plugin.keyword.connection.DatabaseKeywords.getGlobalConnection is PASSED

2020-02-17 16:41:02 - [TEST_STEP][PASSED] - resultValues1 = com.katalon.plugin.keyword.connection.DatabaseKeywords.executeQuery(conn, "SELECT * FROM atlas_config.user WHERE email ="" + user_Email + "";"): com.katalon.plugin.keyword.connection.DatabaseKeywords.executeQuery is PASSED

2020-02-17 16:41:03 - [MESSAGE][PASSED] - com.katalon.plugin.keyword.connection.DatabaseKeywords.executeQuery is PASSED

2020-02-17 16:41:03 - [TEST_STEP][PASSED] - println(com.katalon.plugin.keyword.connection.ResultSetKeywords.getSingleCellValue(resultValues1, 1, "user_id")): com.katalon.plugin.keyword.connection.ResultSetKeywords.getSingleCellValue is PASSED

2020-02-17 16:41:03 - [MESSAGE][PASSED] - com.katalon.plugin.keyword.connection.ResultSetKeywords.getSingleCellValue is PASSED

2020-02-17 16:41:03 - [TEST_STEP][PASSED] - user_id = com.katalon.plugin.keyword.connection.ResultSetKeywords.getSingleCellValue(resultValues1, 1, "user_id"): com.katalon.plugin.keyword.connection.ResultSetKeywords.getSingleCellValue is PASSED

2020-02-17 16:41:03 - [MESSAGE][PASSED] - com.katalon.plugin.keyword.connection.ResultSetKeywords.getSingleCellValue is PASSED

2020-02-17 16:41:03 - [TEST_STEP][PASSED] - println("User ID Variable value is : " + user_id): null

2020-02-17 16:41:03 - [MESSAGE][PASSED] - Call Test Case 'Test Cases/Atlas Platform/OnBoard/Login/LoginWithRootAdmin' successfully

2020-02-17 16:41:03 - [TEST_STEP][PASSED] - click(findTestObject("Swicther/swicthermenutext")): Object: 'Object Repository/Swicther/swicthermenutext' is clicked on

2020-02-17 16:41:04 - [MESSAGE][PASSED] - Object: 'Object Repository/Swicther/swicthermenutext' is clicked on

2020-02-17 16:41:04 - [TEST_STEP][PASSED] - click(findTestObject("Swicther/favorites_tabs_swicther")): Object: 'Object Repository/Swicther/favorites_tabs_swicther' is clicked on

2020-02-17 16:41:05 - [MESSAGE][PASSED] - Object: 'Object Repository/Swicther/favorites_tabs_swicther' is clicked on

2020-02-17 16:41:05 - [TEST_STEP][PASSED] - listoffavvalues = findWebElements(findTestObject("Swicther/favorites_tab_all_fav_icon"), 5): Unable to find the element located by 'By.xpath: //div[@id='switcherTabs-pane-4']/ul/li/div/div[2]/div/div'. Please recheck the objects properties to make sure the desired element is located. 

2020-02-17 16:41:12 - [MESSAGE][INFO] - Unable to find the element located by 'By.xpath: //div[@id='switcherTabs-pane-4']/ul/li/div/div[2]/div/div'. Please recheck the objects properties to make sure the desired element is located. 

2020-02-17 16:41:12 - [TEST_STEP][PASSED] - for ([j = 0, j < listoffavvalues.size(), (j++)]): null

2020-02-17 16:41:12 - [MESSAGE][PASSED] - Call Test Case 'Test Cases/Atlas Platform/OnBoard/Swicther/TC_100_RemoveAllFavorites' successfully

2020-02-17 16:41:12 - [TEST_STEP][PASSED] - click(findTestObject("Swicther/swicthermenutext")): Object: 'Object Repository/Swicther/swicthermenutext' is clicked on

2020-02-17 16:41:16 - [MESSAGE][PASSED] - Object: 'Object Repository/Swicther/swicthermenutext' is clicked on

2020-02-17 16:41:16 - [TEST_STEP][PASSED] - click(findTestObject("Swicther/accounts_tab_swicther")): Object: 'Object Repository/Swicther/accounts_tab_swicther' is clicked on

2020-02-17 16:41:16 - [MESSAGE][PASSED] - Object: 'Object Repository/Swicther/accounts_tab_swicther' is clicked on

2020-02-17 16:41:16 - [TEST_STEP][PASSED] - listofoptions = findWebElements(findTestObject("Swicther/accounts_tab_all_values"), 5): null

2020-02-17 16:41:16 - [TEST_STEP][PASSED] - listoffavicons = findWebElements(findTestObject("Swicther/accounts_tab_fav_icon"), 5): null

2020-02-17 16:41:17 - [TEST_STEP][PASSED] - listofoptioninstring = new java.util.ArrayList(): null

2020-02-17 16:41:17 - [TEST_STEP][PASSED] - for (org.openqa.selenium.WebElement ele : listofoptions): null

2020-02-17 16:41:17 - [TEST_STEP][PASSED] - listofoptioninstring.addAll(ele.getText()): null

2020-02-17 16:41:17 - [TEST_STEP][PASSED] - listofoptioninstring.addAll(ele.getText()): null

2020-02-17 16:41:17 - [TEST_STEP][PASSED] - listofoptioninstring.addAll(ele.getText()): null

2020-02-17 16:41:17 - [TEST_STEP][PASSED] - listofoptioninstring.addAll(ele.getText()): null

2020-02-17 16:41:17 - [TEST_STEP][PASSED] - listofoptioninstring.addAll(ele.getText()): null

2020-02-17 16:41:17 - [TEST_STEP][PASSED] - listofoptioninstring.addAll(ele.getText()): null

2020-02-17 16:41:17 - [TEST_STEP][PASSED] - listofoptioninstring.addAll(ele.getText()): null

2020-02-17 16:41:17 - [TEST_STEP][PASSED] - listofoptioninstring.addAll(ele.getText()): null

2020-02-17 16:41:17 - [TEST_STEP][PASSED] - verify_accountName = web.CustomKeyword.getrandomStingValue(listofoptioninstring): web.CustomKeyword.getrandomStingValue is PASSED

2020-02-17 16:41:17 - [MESSAGE][PASSED] - web.CustomKeyword.getrandomStingValue is PASSED

2020-02-17 16:41:17 - [TEST_STEP][PASSED] - for ([h = 0, h < listofoptions.size(), (h++)]): null

2020-02-17 16:41:17 - [TEST_STEP][PASSED] - if (getText().equalsIgnoreCase(verify_accountName)): null

2020-02-17 16:41:17 - [TEST_STEP][PASSED] - get(h).click(): null

2020-02-17 16:41:17 - [TEST_STEP][PASSED] - break: null

2020-02-17 16:41:17 - [TEST_STEP][PASSED] - click(findTestObject("Swicther/favorites_tabs_swicther")): Object: 'Object Repository/Swicther/favorites_tabs_swicther' is clicked on

2020-02-17 16:41:18 - [MESSAGE][PASSED] - Object: 'Object Repository/Swicther/favorites_tabs_swicther' is clicked on

2020-02-17 16:41:18 - [TEST_STEP][PASSED] - listoffavvalues = findWebElements(findTestObject("Swicther/favorites_tab_all_values"), 5): null

2020-02-17 16:41:19 - [TEST_STEP][PASSED] - isPresent = false: null

2020-02-17 16:41:19 - [TEST_STEP][PASSED] - for ([j = 0, j < listoffavvalues.size(), (j++)]): null

2020-02-17 16:41:19 - [TEST_STEP][PASSED] - if (getText().equalsIgnoreCase(verify_accountName)): null

2020-02-17 16:41:19 - [TEST_STEP][PASSED] - isPresent = true: null

2020-02-17 16:41:19 - [TEST_STEP][NOT_RUN] - click(findTestObject("Swicther/favorite_icon")): NOT_RUN: click(findTestObject("Swicther/favorite_icon"))

2020-02-17 16:41:19 - [MESSAGE][NOT_RUN] - NOT_RUN: click(findTestObject("Swicther/favorite_icon"))

2020-02-17 16:41:19 - [TEST_STEP][PASSED] - verifyEqual(isPresent, true): Actual object 'true' and expected object 'true' are equal

2020-02-17 16:41:19 - [MESSAGE][PASSED] - Actual object 'true' and expected object 'true' are equal

2020-02-17 16:41:19 - [TEST_STEP][PASSED] - Start listener action : sampleAfterTestCase: null

2020-02-17 16:41:19 - [TEST_STEP][PASSED] - println(testCaseContext.getTestCaseId()): null

2020-02-17 16:41:19 - [TEST_STEP][PASSED] - println(testCaseContext.getTestCaseStatus()): null

2020-02-17 16:41:19 - [TEST_STEP][PASSED] - println("On Failure Method is Calling : " + testCaseContext.getTestCaseStatus()): null

2020-02-17 16:41:19 - [TEST_STEP][PASSED] - if (!(getTestCaseStatus().equalsIgnoreCase("PASSED"))): null]]></system-out>
         <system-err><![CDATA[]]></system-err>
      </testcase>
      <testcase name="Test Cases/Atlas Platform/OnBoard/Swicther/TC_022_Verify_Favorite_tab_sorting" time="6.687" classname="Test Cases/Atlas Platform/OnBoard/Swicther/TC_022_Verify_Favorite_tab_sorting" status="PASSED">
         <system-out><![CDATA[2020-02-17 16:41:21 - [TEST_CASE][PASSED] - Test Cases/Atlas Platform/OnBoard/Swicther/TC_022_Verify_Favorite_tab_sorting: Test Cases/Atlas Platform/OnBoard/Swicther/TC_022_Verify_Favorite_tab_sorting

2020-02-17 16:41:21 - [TEST_STEP][NOT_RUN] - callTestCase(findTestCase("Atlas Platform/OnBoard/Login/LoginWithRootAdmin"), [:], STOP_ON_FAILURE): NOT_RUN: callTestCase(findTestCase("Atlas Platform/OnBoard/Login/LoginWithRootAdmin"), [:], STOP_ON_FAILURE)

2020-02-17 16:41:22 - [MESSAGE][NOT_RUN] - NOT_RUN: callTestCase(findTestCase("Atlas Platform/OnBoard/Login/LoginWithRootAdmin"), [:], STOP_ON_FAILURE)

2020-02-17 16:41:22 - [TEST_STEP][PASSED] - click(findTestObject("Swicther/swicthermenutext")): Object: 'Object Repository/Swicther/swicthermenutext' is clicked on

2020-02-17 16:41:24 - [MESSAGE][PASSED] - Object: 'Object Repository/Swicther/swicthermenutext' is clicked on

2020-02-17 16:41:24 - [TEST_STEP][PASSED] - click(findTestObject("Swicther/favorites_tabs_swicther")): Object: 'Object Repository/Swicther/favorites_tabs_swicther' is clicked on

2020-02-17 16:41:25 - [MESSAGE][PASSED] - Object: 'Object Repository/Swicther/favorites_tabs_swicther' is clicked on

2020-02-17 16:41:25 - [TEST_STEP][PASSED] - listofoptions = findWebElements(findTestObject("Swicther/favorites_tab_all_values"), 5): null

2020-02-17 16:41:25 - [TEST_STEP][PASSED] - listofoptioninstring = new java.util.ArrayList(): null

2020-02-17 16:41:25 - [TEST_STEP][PASSED] - for (org.openqa.selenium.WebElement ele : listofoptions): null

2020-02-17 16:41:25 - [TEST_STEP][PASSED] - listofoptioninstring.addAll(split("Last")[0].trim()): null

2020-02-17 16:41:25 - [TEST_STEP][PASSED] - isSorted = web.CustomKeyword.checkListAscendingOrder(listofoptioninstring): web.CustomKeyword.checkListAscendingOrder is PASSED

2020-02-17 16:41:25 - [MESSAGE][PASSED] - web.CustomKeyword.checkListAscendingOrder is PASSED

2020-02-17 16:41:25 - [TEST_STEP][PASSED] - verifyEqual(isSorted, true): Actual object 'true' and expected object 'true' are equal

2020-02-17 16:41:25 - [MESSAGE][PASSED] - Actual object 'true' and expected object 'true' are equal

2020-02-17 16:41:25 - [TEST_STEP][PASSED] - click(findTestObject("Swicther/closeIcon")): Object: 'Object Repository/Swicther/closeIcon' is clicked on

2020-02-17 16:41:26 - [MESSAGE][PASSED] - Object: 'Object Repository/Swicther/closeIcon' is clicked on

2020-02-17 16:41:26 - [TEST_STEP][PASSED] - Start listener action : sampleAfterTestCase: null

2020-02-17 16:41:26 - [TEST_STEP][PASSED] - println(testCaseContext.getTestCaseId()): null

2020-02-17 16:41:26 - [TEST_STEP][PASSED] - println(testCaseContext.getTestCaseStatus()): null

2020-02-17 16:41:26 - [TEST_STEP][PASSED] - println("On Failure Method is Calling : " + testCaseContext.getTestCaseStatus()): null

2020-02-17 16:41:26 - [TEST_STEP][PASSED] - if (!(getTestCaseStatus().equalsIgnoreCase("PASSED"))): null]]></system-out>
         <system-err><![CDATA[]]></system-err>
      </testcase>
      <testcase name="Test Cases/Atlas Platform/OnBoard/Swicther/TC_023_Remove_Selected_Account_From_Favorites" time="69.945" classname="Test Cases/Atlas Platform/OnBoard/Swicther/TC_023_Remove_Selected_Account_From_Favorites" status="PASSED">
         <system-out><![CDATA[2020-02-17 16:41:28 - [TEST_CASE][PASSED] - Test Cases/Atlas Platform/OnBoard/Swicther/TC_023_Remove_Selected_Account_From_Favorites: Test Cases/Atlas Platform/OnBoard/Swicther/TC_023_Remove_Selected_Account_From_Favorites

2020-02-17 16:41:28 - [TEST_STEP][PASSED] - callTestCase(findTestCase("Atlas Platform/OnBoard/Swicther/TC_021_Validate_Accounts_Favorites"), [:], STOP_ON_FAILURE): Call Test Case 'Test Cases/Atlas Platform/OnBoard/Swicther/TC_021_Validate_Accounts_Favorites' successfully

2020-02-17 16:41:28 - [TEST_CASE][PASSED] - Test Cases/Atlas Platform/OnBoard/Swicther/TC_021_Validate_Accounts_Favorites: Test Cases/Atlas Platform/OnBoard/Swicther/TC_021_Validate_Accounts_Favorites

2020-02-17 16:41:28 - [TEST_STEP][PASSED] - callTestCase(findTestCase("Atlas Platform/OnBoard/Swicther/TC_100_RemoveAllFavorites"), [:], STOP_ON_FAILURE): Call Test Case 'Test Cases/Atlas Platform/OnBoard/Swicther/TC_100_RemoveAllFavorites' successfully

2020-02-17 16:41:28 - [TEST_CASE][PASSED] - Test Cases/Atlas Platform/OnBoard/Swicther/TC_100_RemoveAllFavorites: Test Cases/Atlas Platform/OnBoard/Swicther/TC_100_RemoveAllFavorites

2020-02-17 16:41:28 - [TEST_STEP][PASSED] - callTestCase(findTestCase("Atlas Platform/OnBoard/Login/LoginWithRootAdmin"), [:], STOP_ON_FAILURE): Call Test Case 'Test Cases/Atlas Platform/OnBoard/Login/LoginWithRootAdmin' successfully

2020-02-17 16:41:28 - [TEST_CASE][PASSED] - Test Cases/Atlas Platform/OnBoard/Login/LoginWithRootAdmin: Test Cases/Atlas Platform/OnBoard/Login/LoginWithRootAdmin

2020-02-17 16:41:28 - [TEST_STEP][NOT_RUN] - openBrowser(""): NOT_RUN: openBrowser("")

2020-02-17 16:41:29 - [MESSAGE][NOT_RUN] - NOT_RUN: openBrowser("")

2020-02-17 16:41:29 - [TEST_STEP][PASSED] - callTestCase(findTestCase("Atlas Platform/OnBoard/SwictherDBValidation/TC_100_ForSecurityURLSAcceptance"), [:], CONTINUE_ON_FAILURE): Call Test Case 'Test Cases/Atlas Platform/OnBoard/SwictherDBValidation/TC_100_ForSecurityURLSAcceptance' successfully

2020-02-17 16:41:29 - [TEST_CASE][PASSED] - Test Cases/Atlas Platform/OnBoard/SwictherDBValidation/TC_100_ForSecurityURLSAcceptance: Test Cases/Atlas Platform/OnBoard/SwictherDBValidation/TC_100_ForSecurityURLSAcceptance

2020-02-17 16:41:29 - [TEST_STEP][PASSED] - openBrowser(""): Browser is opened with url: ''

2020-02-17 16:41:29 - [MESSAGE][WARNING] - A browser is already opened. Closing browser and opening a new one

2020-02-17 16:41:29 - [MESSAGE][INFO] - Starting 'Chrome' driver

2020-02-17 16:41:29 - [MESSAGE][INFO] - User set preference: ['args', '[--start-maximized, --disable-web-security, --no-proxy-server]']

2020-02-17 16:41:29 - [MESSAGE][INFO] - User set preference: ['prefs', '{credentials_enable_service=false, profile.password_manager_enabled=false}']

2020-02-17 16:41:36 - [MESSAGE][PASSED] - Browser is opened with url: ''

2020-02-17 16:41:36 - [TEST_STEP][PASSED] - navigateToUrl("https://ec2-3-133-54-242.us-east-2.compute.amazonaws.com:9092/services/message/api/programs"): Navigate to 'https://ec2-3-133-54-242.us-east-2.compute.amazonaws.com:9092/services/message/api/programs' successfully

2020-02-17 16:41:37 - [MESSAGE][PASSED] - Navigate to 'https://ec2-3-133-54-242.us-east-2.compute.amazonaws.com:9092/services/message/api/programs' successfully

2020-02-17 16:41:37 - [TEST_STEP][PASSED] - click(findTestObject("LoginPage/httpAdvanceBtn")): Object: 'Object Repository/LoginPage/httpAdvanceBtn' is clicked on

2020-02-17 16:41:38 - [MESSAGE][PASSED] - Object: 'Object Repository/LoginPage/httpAdvanceBtn' is clicked on

2020-02-17 16:41:38 - [TEST_STEP][PASSED] - click(findTestObject("LoginPage/httpsproceedlink")): Object: 'Object Repository/LoginPage/httpsproceedlink' is clicked on

2020-02-17 16:41:40 - [MESSAGE][PASSED] - Object: 'Object Repository/LoginPage/httpsproceedlink' is clicked on

2020-02-17 16:41:40 - [TEST_STEP][PASSED] - navigateToUrl("https://3.19.246.255:9090/services/configuration/api/authenticate"): Navigate to 'https://3.19.246.255:9090/services/configuration/api/authenticate' successfully

2020-02-17 16:41:44 - [MESSAGE][PASSED] - Navigate to 'https://3.19.246.255:9090/services/configuration/api/authenticate' successfully

2020-02-17 16:41:44 - [TEST_STEP][PASSED] - click(findTestObject("LoginPage/httpAdvanceBtn")): Object: 'Object Repository/LoginPage/httpAdvanceBtn' is clicked on

2020-02-17 16:41:44 - [MESSAGE][PASSED] - Object: 'Object Repository/LoginPage/httpAdvanceBtn' is clicked on

2020-02-17 16:41:44 - [TEST_STEP][PASSED] - click(findTestObject("LoginPage/httpsproceedlink")): Object: 'Object Repository/LoginPage/httpsproceedlink' is clicked on

2020-02-17 16:41:46 - [MESSAGE][PASSED] - Object: 'Object Repository/LoginPage/httpsproceedlink' is clicked on

2020-02-17 16:41:46 - [TEST_STEP][PASSED] - navigateToUrl("https://ec2-3-133-54-242.us-east-2.compute.amazonaws.com:8080/services/data/api/data-sources?search=Repair&filters=ACTIVE&page=0&size=20&sort=accountId,DESC"): Navigate to 'https://ec2-3-133-54-242.us-east-2.compute.amazonaws.com:8080/services/data/api/data-sources?search=Repair&filters=ACTIVE&page=0&size=20&sort=accountId,DESC' successfully

2020-02-17 16:41:49 - [MESSAGE][PASSED] - Navigate to 'https://ec2-3-133-54-242.us-east-2.compute.amazonaws.com:8080/services/data/api/data-sources?search=Repair&filters=ACTIVE&page=0&size=20&sort=accountId,DESC' successfully

2020-02-17 16:41:49 - [TEST_STEP][PASSED] - click(findTestObject("LoginPage/httpAdvanceBtn")): Object: 'Object Repository/LoginPage/httpAdvanceBtn' is clicked on

2020-02-17 16:41:49 - [MESSAGE][PASSED] - Object: 'Object Repository/LoginPage/httpAdvanceBtn' is clicked on

2020-02-17 16:41:49 - [TEST_STEP][PASSED] - click(findTestObject("LoginPage/httpsproceedlink")): Object: 'Object Repository/LoginPage/httpsproceedlink' is clicked on

2020-02-17 16:41:51 - [MESSAGE][PASSED] - Object: 'Object Repository/LoginPage/httpsproceedlink' is clicked on

2020-02-17 16:41:51 - [TEST_STEP][PASSED] - navigateToUrl("https://3.19.246.255:9091/services/content/api/images?page=0&size=10"): Navigate to 'https://3.19.246.255:9091/services/content/api/images?page=0&size=10' successfully

2020-02-17 16:41:55 - [MESSAGE][PASSED] - Navigate to 'https://3.19.246.255:9091/services/content/api/images?page=0&size=10' successfully

2020-02-17 16:41:55 - [TEST_STEP][PASSED] - click(findTestObject("LoginPage/httpAdvanceBtn")): Object: 'Object Repository/LoginPage/httpAdvanceBtn' is clicked on

2020-02-17 16:41:55 - [MESSAGE][PASSED] - Object: 'Object Repository/LoginPage/httpAdvanceBtn' is clicked on

2020-02-17 16:41:55 - [TEST_STEP][PASSED] - click(findTestObject("LoginPage/httpsproceedlink")): Object: 'Object Repository/LoginPage/httpsproceedlink' is clicked on

2020-02-17 16:41:57 - [MESSAGE][PASSED] - Object: 'Object Repository/LoginPage/httpsproceedlink' is clicked on

2020-02-17 16:41:57 - [MESSAGE][PASSED] - Call Test Case 'Test Cases/Atlas Platform/OnBoard/SwictherDBValidation/TC_100_ForSecurityURLSAcceptance' successfully

2020-02-17 16:41:57 - [TEST_STEP][PASSED] - navigateToUrl("https://atlas-dev.gsm.auto/"): Navigate to 'https://atlas-dev.gsm.auto/' successfully

2020-02-17 16:42:04 - [MESSAGE][PASSED] - Navigate to 'https://atlas-dev.gsm.auto/' successfully

2020-02-17 16:42:04 - [TEST_STEP][PASSED] - setText(findTestObject("Object Repository/LoginPage/loginpageemailtxtbox"), user_Email): Text 'navaraj@totient.co.in' is set on object 'Object Repository/LoginPage/loginpageemailtxtbox'

2020-02-17 16:42:05 - [MESSAGE][PASSED] - Text 'navaraj@totient.co.in' is set on object 'Object Repository/LoginPage/loginpageemailtxtbox'

2020-02-17 16:42:05 - [TEST_STEP][PASSED] - setText(findTestObject("Object Repository/LoginPage/loginpaepasswordtxtbox"), user_Password): Text 'Totient@123' is set on object 'Object Repository/LoginPage/loginpaepasswordtxtbox'

2020-02-17 16:42:06 - [MESSAGE][PASSED] - Text 'Totient@123' is set on object 'Object Repository/LoginPage/loginpaepasswordtxtbox'

2020-02-17 16:42:06 - [TEST_STEP][PASSED] - click(findTestObject("LoginPage/loginpageloginbtn")): Object: 'Object Repository/LoginPage/loginpageloginbtn' is clicked on

2020-02-17 16:42:06 - [MESSAGE][PASSED] - Object: 'Object Repository/LoginPage/loginpageloginbtn' is clicked on

2020-02-17 16:42:06 - [TEST_STEP][PASSED] - conn = com.katalon.plugin.keyword.connection.DatabaseKeywords.getGlobalConnection(): com.katalon.plugin.keyword.connection.DatabaseKeywords.getGlobalConnection is PASSED

2020-02-17 16:42:10 - [MESSAGE][PASSED] - com.katalon.plugin.keyword.connection.DatabaseKeywords.getGlobalConnection is PASSED

2020-02-17 16:42:10 - [TEST_STEP][PASSED] - resultValues1 = com.katalon.plugin.keyword.connection.DatabaseKeywords.executeQuery(conn, "SELECT * FROM atlas_config.user WHERE email ="" + user_Email + "";"): com.katalon.plugin.keyword.connection.DatabaseKeywords.executeQuery is PASSED

2020-02-17 16:42:11 - [MESSAGE][PASSED] - com.katalon.plugin.keyword.connection.DatabaseKeywords.executeQuery is PASSED

2020-02-17 16:42:11 - [TEST_STEP][PASSED] - println(com.katalon.plugin.keyword.connection.ResultSetKeywords.getSingleCellValue(resultValues1, 1, "user_id")): com.katalon.plugin.keyword.connection.ResultSetKeywords.getSingleCellValue is PASSED

2020-02-17 16:42:11 - [MESSAGE][PASSED] - com.katalon.plugin.keyword.connection.ResultSetKeywords.getSingleCellValue is PASSED

2020-02-17 16:42:11 - [TEST_STEP][PASSED] - user_id = com.katalon.plugin.keyword.connection.ResultSetKeywords.getSingleCellValue(resultValues1, 1, "user_id"): com.katalon.plugin.keyword.connection.ResultSetKeywords.getSingleCellValue is PASSED

2020-02-17 16:42:11 - [MESSAGE][PASSED] - com.katalon.plugin.keyword.connection.ResultSetKeywords.getSingleCellValue is PASSED

2020-02-17 16:42:11 - [TEST_STEP][PASSED] - println("User ID Variable value is : " + user_id): null

2020-02-17 16:42:11 - [MESSAGE][PASSED] - Call Test Case 'Test Cases/Atlas Platform/OnBoard/Login/LoginWithRootAdmin' successfully

2020-02-17 16:42:11 - [TEST_STEP][PASSED] - click(findTestObject("Swicther/swicthermenutext")): Object: 'Object Repository/Swicther/swicthermenutext' is clicked on

2020-02-17 16:42:11 - [MESSAGE][PASSED] - Object: 'Object Repository/Swicther/swicthermenutext' is clicked on

2020-02-17 16:42:11 - [TEST_STEP][PASSED] - click(findTestObject("Swicther/favorites_tabs_swicther")): Object: 'Object Repository/Swicther/favorites_tabs_swicther' is clicked on

2020-02-17 16:42:12 - [MESSAGE][PASSED] - Object: 'Object Repository/Swicther/favorites_tabs_swicther' is clicked on

2020-02-17 16:42:12 - [TEST_STEP][PASSED] - listoffavvalues = findWebElements(findTestObject("Swicther/favorites_tab_all_fav_icon"), 5): Unable to find the element located by 'By.xpath: //div[@id='switcherTabs-pane-4']/ul/li/div/div[2]/div/div'. Please recheck the objects properties to make sure the desired element is located. 

2020-02-17 16:42:20 - [MESSAGE][INFO] - Unable to find the element located by 'By.xpath: //div[@id='switcherTabs-pane-4']/ul/li/div/div[2]/div/div'. Please recheck the objects properties to make sure the desired element is located. 

2020-02-17 16:42:20 - [TEST_STEP][PASSED] - for ([j = 0, j < listoffavvalues.size(), (j++)]): null

2020-02-17 16:42:20 - [MESSAGE][PASSED] - Call Test Case 'Test Cases/Atlas Platform/OnBoard/Swicther/TC_100_RemoveAllFavorites' successfully

2020-02-17 16:42:20 - [TEST_STEP][PASSED] - click(findTestObject("Swicther/swicthermenutext")): Object: 'Object Repository/Swicther/swicthermenutext' is clicked on

2020-02-17 16:42:23 - [MESSAGE][PASSED] - Object: 'Object Repository/Swicther/swicthermenutext' is clicked on

2020-02-17 16:42:23 - [TEST_STEP][PASSED] - click(findTestObject("Swicther/accounts_tab_swicther")): Object: 'Object Repository/Swicther/accounts_tab_swicther' is clicked on

2020-02-17 16:42:24 - [MESSAGE][PASSED] - Object: 'Object Repository/Swicther/accounts_tab_swicther' is clicked on

2020-02-17 16:42:24 - [TEST_STEP][PASSED] - listofoptions = findWebElements(findTestObject("Swicther/accounts_tab_all_values"), 5): null

2020-02-17 16:42:24 - [TEST_STEP][PASSED] - listoffavicons = findWebElements(findTestObject("Swicther/accounts_tab_fav_icon"), 5): null

2020-02-17 16:42:24 - [TEST_STEP][PASSED] - listofoptioninstring = new java.util.ArrayList(): null

2020-02-17 16:42:24 - [TEST_STEP][PASSED] - for (org.openqa.selenium.WebElement ele : listofoptions): null

2020-02-17 16:42:24 - [TEST_STEP][PASSED] - listofoptioninstring.addAll(ele.getText()): null

2020-02-17 16:42:24 - [TEST_STEP][PASSED] - listofoptioninstring.addAll(ele.getText()): null

2020-02-17 16:42:24 - [TEST_STEP][PASSED] - listofoptioninstring.addAll(ele.getText()): null

2020-02-17 16:42:24 - [TEST_STEP][PASSED] - listofoptioninstring.addAll(ele.getText()): null

2020-02-17 16:42:25 - [TEST_STEP][PASSED] - listofoptioninstring.addAll(ele.getText()): null

2020-02-17 16:42:25 - [TEST_STEP][PASSED] - listofoptioninstring.addAll(ele.getText()): null

2020-02-17 16:42:25 - [TEST_STEP][PASSED] - listofoptioninstring.addAll(ele.getText()): null

2020-02-17 16:42:25 - [TEST_STEP][PASSED] - listofoptioninstring.addAll(ele.getText()): null

2020-02-17 16:42:25 - [TEST_STEP][PASSED] - verify_accountName = web.CustomKeyword.getrandomStingValue(listofoptioninstring): web.CustomKeyword.getrandomStingValue is PASSED

2020-02-17 16:42:25 - [MESSAGE][PASSED] - web.CustomKeyword.getrandomStingValue is PASSED

2020-02-17 16:42:25 - [TEST_STEP][PASSED] - for ([h = 0, h < listofoptions.size(), (h++)]): null

2020-02-17 16:42:25 - [TEST_STEP][PASSED] - if (getText().equalsIgnoreCase(verify_accountName)): null

2020-02-17 16:42:25 - [TEST_STEP][PASSED] - if (getText().equalsIgnoreCase(verify_accountName)): null

2020-02-17 16:42:25 - [TEST_STEP][PASSED] - if (getText().equalsIgnoreCase(verify_accountName)): null

2020-02-17 16:42:25 - [TEST_STEP][PASSED] - get(h).click(): null

2020-02-17 16:42:25 - [TEST_STEP][PASSED] - break: null

2020-02-17 16:42:25 - [TEST_STEP][PASSED] - click(findTestObject("Swicther/favorites_tabs_swicther")): Object: 'Object Repository/Swicther/favorites_tabs_swicther' is clicked on

2020-02-17 16:42:26 - [MESSAGE][PASSED] - Object: 'Object Repository/Swicther/favorites_tabs_swicther' is clicked on

2020-02-17 16:42:26 - [TEST_STEP][PASSED] - listoffavvalues = findWebElements(findTestObject("Swicther/favorites_tab_all_values"), 5): null

2020-02-17 16:42:27 - [TEST_STEP][PASSED] - isPresent = false: null

2020-02-17 16:42:27 - [TEST_STEP][PASSED] - for ([j = 0, j < listoffavvalues.size(), (j++)]): null

2020-02-17 16:42:27 - [TEST_STEP][PASSED] - if (getText().equalsIgnoreCase(verify_accountName)): null

2020-02-17 16:42:27 - [TEST_STEP][PASSED] - isPresent = true: null

2020-02-17 16:42:27 - [TEST_STEP][NOT_RUN] - click(findTestObject("Swicther/favorite_icon")): NOT_RUN: click(findTestObject("Swicther/favorite_icon"))

2020-02-17 16:42:27 - [MESSAGE][NOT_RUN] - NOT_RUN: click(findTestObject("Swicther/favorite_icon"))

2020-02-17 16:42:27 - [TEST_STEP][PASSED] - verifyEqual(isPresent, true): Actual object 'true' and expected object 'true' are equal

2020-02-17 16:42:27 - [MESSAGE][PASSED] - Actual object 'true' and expected object 'true' are equal

2020-02-17 16:42:27 - [MESSAGE][PASSED] - Call Test Case 'Test Cases/Atlas Platform/OnBoard/Swicther/TC_021_Validate_Accounts_Favorites' successfully

2020-02-17 16:42:27 - [TEST_STEP][PASSED] - listoffavvalues = findWebElements(findTestObject("Swicther/favorites_tab_all_values"), 5): null

2020-02-17 16:42:27 - [TEST_STEP][PASSED] - listofstaricon = findWebElements(findTestObject("Swicther/favorites_tab_all_fav_icon"), 5): null

2020-02-17 16:42:28 - [TEST_STEP][PASSED] - beforeRemoveStar_FavoriteListCount = listoffavvalues.size(): null

2020-02-17 16:42:28 - [TEST_STEP][PASSED] - for ([h = 0, h < listoffavvalues.size(), (h++)]): null

2020-02-17 16:42:28 - [TEST_STEP][PASSED] - get(h).click(): null

2020-02-17 16:42:28 - [TEST_STEP][PASSED] - break: null

2020-02-17 16:42:28 - [TEST_STEP][PASSED] - listoffavvalues = findWebElements(findTestObject("Swicther/favorites_tab_all_values"), 5): Unable to find the element located by 'By.xpath: //div[@id='switcherTabs-pane-4']/ul/li/div/div/div[2]/div'. Please recheck the objects properties to make sure the desired element is located. 

2020-02-17 16:42:36 - [MESSAGE][INFO] - Unable to find the element located by 'By.xpath: //div[@id='switcherTabs-pane-4']/ul/li/div/div/div[2]/div'. Please recheck the objects properties to make sure the desired element is located. 

2020-02-17 16:42:36 - [TEST_STEP][PASSED] - afterRemovedStar_FavoriteListCount = listoffavvalues.size(): null

2020-02-17 16:42:36 - [TEST_STEP][PASSED] - verifyNotEqual(beforeRemoveStar_FavoriteListCount, afterRemovedStar_FavoriteListCount): Actual object '1' and expected object '0' are not equal

2020-02-17 16:42:36 - [MESSAGE][PASSED] - Actual object '1' and expected object '0' are not equal

2020-02-17 16:42:36 - [TEST_STEP][PASSED] - Start listener action : sampleAfterTestCase: null

2020-02-17 16:42:36 - [TEST_STEP][PASSED] - println(testCaseContext.getTestCaseId()): null

2020-02-17 16:42:36 - [TEST_STEP][PASSED] - println(testCaseContext.getTestCaseStatus()): null

2020-02-17 16:42:36 - [TEST_STEP][PASSED] - println("On Failure Method is Calling : " + testCaseContext.getTestCaseStatus()): null

2020-02-17 16:42:36 - [TEST_STEP][PASSED] - if (!(getTestCaseStatus().equalsIgnoreCase("PASSED"))): null]]></system-out>
         <system-err><![CDATA[]]></system-err>
      </testcase>
      <testcase name="Test Cases/Atlas Platform/OnBoard/Swicther/TC_024_Verify_Assign_Multiple_Account_Login(TBD)" time="2.387" classname="Test Cases/Atlas Platform/OnBoard/Swicther/TC_024_Verify_Assign_Multiple_Account_Login(TBD)" status="PASSED">
         <system-out><![CDATA[2020-02-17 16:42:38 - [TEST_CASE][PASSED] - Test Cases/Atlas Platform/OnBoard/Swicther/TC_024_Verify_Assign_Multiple_Account_Login(TBD): Test Cases/Atlas Platform/OnBoard/Swicther/TC_024_Verify_Assign_Multiple_Account_Login(TBD)

2020-02-17 16:42:38 - [TEST_STEP][PASSED] - return null: null

2020-02-17 16:42:38 - [TEST_STEP][PASSED] - Start listener action : sampleAfterTestCase: null

2020-02-17 16:42:38 - [TEST_STEP][PASSED] - println(testCaseContext.getTestCaseId()): null

2020-02-17 16:42:38 - [TEST_STEP][PASSED] - println(testCaseContext.getTestCaseStatus()): null

2020-02-17 16:42:38 - [TEST_STEP][PASSED] - println("On Failure Method is Calling : " + testCaseContext.getTestCaseStatus()): null

2020-02-17 16:42:38 - [TEST_STEP][PASSED] - if (!(getTestCaseStatus().equalsIgnoreCase("PASSED"))): null]]></system-out>
         <system-err><![CDATA[]]></system-err>
      </testcase>
      <testcase name="Test Cases/Atlas Platform/OnBoard/Swicther/TC_025_Verify_After_Swicth_Login(TBD)" time="2.252" classname="Test Cases/Atlas Platform/OnBoard/Swicther/TC_025_Verify_After_Swicth_Login(TBD)" status="PASSED">
         <system-out><![CDATA[2020-02-17 16:42:40 - [TEST_CASE][PASSED] - Test Cases/Atlas Platform/OnBoard/Swicther/TC_025_Verify_After_Swicth_Login(TBD): Test Cases/Atlas Platform/OnBoard/Swicther/TC_025_Verify_After_Swicth_Login(TBD)

2020-02-17 16:42:40 - [TEST_STEP][PASSED] - return null: null

2020-02-17 16:42:41 - [TEST_STEP][PASSED] - Start listener action : sampleAfterTestCase: null

2020-02-17 16:42:41 - [TEST_STEP][PASSED] - println(testCaseContext.getTestCaseId()): null

2020-02-17 16:42:41 - [TEST_STEP][PASSED] - println(testCaseContext.getTestCaseStatus()): null

2020-02-17 16:42:41 - [TEST_STEP][PASSED] - println("On Failure Method is Calling : " + testCaseContext.getTestCaseStatus()): null

2020-02-17 16:42:41 - [TEST_STEP][PASSED] - if (!(getTestCaseStatus().equalsIgnoreCase("PASSED"))): null]]></system-out>
         <system-err><![CDATA[]]></system-err>
      </testcase>
      <testcase name="Test Cases/Atlas Platform/OnBoard/Swicther/TC_026_Validate_Valid_Search_Record(TBD)" time="6.196" classname="Test Cases/Atlas Platform/OnBoard/Swicther/TC_026_Validate_Valid_Search_Record(TBD)" status="PASSED">
         <system-out><![CDATA[2020-02-17 16:42:43 - [TEST_CASE][PASSED] - Test Cases/Atlas Platform/OnBoard/Swicther/TC_026_Validate_Valid_Search_Record(TBD): Test Cases/Atlas Platform/OnBoard/Swicther/TC_026_Validate_Valid_Search_Record(TBD)

2020-02-17 16:42:43 - [TEST_STEP][PASSED] - web.MySQLDataBase.conncetDBWithOutParams(): web.MySQLDataBase.conncetDBWithOutParams is PASSED

2020-02-17 16:42:46 - [MESSAGE][PASSED] - web.MySQLDataBase.conncetDBWithOutParams is PASSED

2020-02-17 16:42:46 - [TEST_STEP][PASSED] - rs = web.MySQLDataBase.executeQuery("select account.name from atlas_config.account INNER join atlas_config.account_access ON account_access.account_id=account.account_id where user_id=2;"): web.MySQLDataBase.executeQuery is PASSED

2020-02-17 16:42:46 - [MESSAGE][PASSED] - web.MySQLDataBase.executeQuery is PASSED

2020-02-17 16:42:46 - [TEST_STEP][PASSED] - rs1 = web.MySQLDataBase.executeQuery("select count(*) AS total from atlas_config.account INNER join atlas_config.account_access ON account_access.account_id=account.account_id where user_id=2;"): web.MySQLDataBase.executeQuery is PASSED

2020-02-17 16:42:46 - [MESSAGE][PASSED] - web.MySQLDataBase.executeQuery is PASSED

2020-02-17 16:42:46 - [TEST_STEP][PASSED] - count = <not implemented yet for class: org.codehaus.groovy.ast.expr.EmptyExpression>: null

2020-02-17 16:42:46 - [TEST_STEP][PASSED] - while (rs1.next()): null

2020-02-17 16:42:46 - [TEST_STEP][PASSED] - count = rs1.getInt("total"): null

2020-02-17 16:42:47 - [TEST_STEP][PASSED] - println(count): null

2020-02-17 16:42:47 - [TEST_STEP][PASSED] - while (rs.next()): null

2020-02-17 16:42:47 - [TEST_STEP][PASSED] - println(rs.getString("name")): null

2020-02-17 16:42:47 - [TEST_STEP][PASSED] - println(rs.getString("name")): null

2020-02-17 16:42:47 - [TEST_STEP][PASSED] - println(rs.getString("name")): null

2020-02-17 16:42:47 - [TEST_STEP][PASSED] - println(rs.getString("name")): null

2020-02-17 16:42:47 - [TEST_STEP][PASSED] - println(rs.getString("name")): null

2020-02-17 16:42:47 - [TEST_STEP][PASSED] - println(rs.getString("name")): null

2020-02-17 16:42:47 - [TEST_STEP][PASSED] - println(rs.getString("name")): null

2020-02-17 16:42:47 - [TEST_STEP][PASSED] - println(rs.getString("name")): null

2020-02-17 16:42:47 - [TEST_STEP][PASSED] - Start listener action : sampleAfterTestCase: null

2020-02-17 16:42:47 - [TEST_STEP][PASSED] - println(testCaseContext.getTestCaseId()): null

2020-02-17 16:42:47 - [TEST_STEP][PASSED] - println(testCaseContext.getTestCaseStatus()): null

2020-02-17 16:42:47 - [TEST_STEP][PASSED] - println("On Failure Method is Calling : " + testCaseContext.getTestCaseStatus()): null

2020-02-17 16:42:47 - [TEST_STEP][PASSED] - if (!(getTestCaseStatus().equalsIgnoreCase("PASSED"))): null]]></system-out>
         <system-err><![CDATA[]]></system-err>
      </testcase>
      <testcase name="Test Cases/Atlas Platform/OnBoard/Swicther/TC_027_Validate_Invalid_Search_Record(TBD)" time="2.389" classname="Test Cases/Atlas Platform/OnBoard/Swicther/TC_027_Validate_Invalid_Search_Record(TBD)" status="PASSED">
         <system-out><![CDATA[2020-02-17 16:42:49 - [TEST_CASE][PASSED] - Test Cases/Atlas Platform/OnBoard/Swicther/TC_027_Validate_Invalid_Search_Record(TBD): Test Cases/Atlas Platform/OnBoard/Swicther/TC_027_Validate_Invalid_Search_Record(TBD)

2020-02-17 16:42:49 - [TEST_STEP][PASSED] - return null: null

2020-02-17 16:42:49 - [TEST_STEP][PASSED] - Start listener action : sampleAfterTestCase: null

2020-02-17 16:42:49 - [TEST_STEP][PASSED] - println(testCaseContext.getTestCaseId()): null

2020-02-17 16:42:49 - [TEST_STEP][PASSED] - println(testCaseContext.getTestCaseStatus()): null

2020-02-17 16:42:49 - [TEST_STEP][PASSED] - println("On Failure Method is Calling : " + testCaseContext.getTestCaseStatus()): null

2020-02-17 16:42:49 - [TEST_STEP][PASSED] - if (!(getTestCaseStatus().equalsIgnoreCase("PASSED"))): null]]></system-out>
         <system-err><![CDATA[]]></system-err>
      </testcase>
      <testcase name="Test Cases/Atlas Platform/OnBoard/Swicther/TC_028_Verify_Valid_Search_Record_Char_Seq(TBD)" time="2.33" classname="Test Cases/Atlas Platform/OnBoard/Swicther/TC_028_Verify_Valid_Search_Record_Char_Seq(TBD)" status="PASSED">
         <system-out><![CDATA[2020-02-17 16:42:51 - [TEST_CASE][PASSED] - Test Cases/Atlas Platform/OnBoard/Swicther/TC_028_Verify_Valid_Search_Record_Char_Seq(TBD): Test Cases/Atlas Platform/OnBoard/Swicther/TC_028_Verify_Valid_Search_Record_Char_Seq(TBD)

2020-02-17 16:42:51 - [TEST_STEP][PASSED] - return null: null

2020-02-17 16:42:51 - [TEST_STEP][PASSED] - Start listener action : sampleAfterTestCase: null

2020-02-17 16:42:51 - [TEST_STEP][PASSED] - println(testCaseContext.getTestCaseId()): null

2020-02-17 16:42:51 - [TEST_STEP][PASSED] - println(testCaseContext.getTestCaseStatus()): null

2020-02-17 16:42:52 - [TEST_STEP][PASSED] - println("On Failure Method is Calling : " + testCaseContext.getTestCaseStatus()): null

2020-02-17 16:42:52 - [TEST_STEP][PASSED] - if (!(getTestCaseStatus().equalsIgnoreCase("PASSED"))): null]]></system-out>
         <system-err><![CDATA[]]></system-err>
      </testcase>
      <testcase name="Test Cases/Atlas Platform/OnBoard/Swicther/TC_029_Validate_Invalid_Search_Record(TBD)" time="2.325" classname="Test Cases/Atlas Platform/OnBoard/Swicther/TC_029_Validate_Invalid_Search_Record(TBD)" status="PASSED">
         <system-out><![CDATA[2020-02-17 16:42:54 - [TEST_CASE][PASSED] - Test Cases/Atlas Platform/OnBoard/Swicther/TC_029_Validate_Invalid_Search_Record(TBD): Test Cases/Atlas Platform/OnBoard/Swicther/TC_029_Validate_Invalid_Search_Record(TBD)

2020-02-17 16:42:54 - [TEST_STEP][PASSED] - return null: null

2020-02-17 16:42:54 - [TEST_STEP][PASSED] - Start listener action : sampleAfterTestCase: null

2020-02-17 16:42:54 - [TEST_STEP][PASSED] - println(testCaseContext.getTestCaseId()): null

2020-02-17 16:42:54 - [TEST_STEP][PASSED] - println(testCaseContext.getTestCaseStatus()): null

2020-02-17 16:42:54 - [TEST_STEP][PASSED] - println("On Failure Method is Calling : " + testCaseContext.getTestCaseStatus()): null

2020-02-17 16:42:54 - [TEST_STEP][PASSED] - if (!(getTestCaseStatus().equalsIgnoreCase("PASSED"))): null]]></system-out>
         <system-err><![CDATA[]]></system-err>
      </testcase>
      <testcase name="Test Cases/Atlas Platform/OnBoard/Swicther/TC_030_Validate_Star_InSearchLising(TBD)" time="2.342" classname="Test Cases/Atlas Platform/OnBoard/Swicther/TC_030_Validate_Star_InSearchLising(TBD)" status="PASSED">
         <system-out><![CDATA[2020-02-17 16:42:56 - [TEST_CASE][PASSED] - Test Cases/Atlas Platform/OnBoard/Swicther/TC_030_Validate_Star_InSearchLising(TBD): Test Cases/Atlas Platform/OnBoard/Swicther/TC_030_Validate_Star_InSearchLising(TBD)

2020-02-17 16:42:56 - [TEST_STEP][PASSED] - return null: null

2020-02-17 16:42:56 - [TEST_STEP][PASSED] - Start listener action : sampleAfterTestCase: null

2020-02-17 16:42:56 - [TEST_STEP][PASSED] - println(testCaseContext.getTestCaseId()): null

2020-02-17 16:42:56 - [TEST_STEP][PASSED] - println(testCaseContext.getTestCaseStatus()): null

2020-02-17 16:42:56 - [TEST_STEP][PASSED] - println("On Failure Method is Calling : " + testCaseContext.getTestCaseStatus()): null

2020-02-17 16:42:56 - [TEST_STEP][PASSED] - if (!(getTestCaseStatus().equalsIgnoreCase("PASSED"))): null]]></system-out>
         <system-err><![CDATA[]]></system-err>
      </testcase>
      <testcase name="Test Cases/Atlas Platform/OnBoard/Swicther/TC_031_Validate_Search_list_Sort_Order(TBD)" time="2.585" classname="Test Cases/Atlas Platform/OnBoard/Swicther/TC_031_Validate_Search_list_Sort_Order(TBD)" status="PASSED">
         <system-out><![CDATA[2020-02-17 16:42:58 - [TEST_CASE][PASSED] - Test Cases/Atlas Platform/OnBoard/Swicther/TC_031_Validate_Search_list_Sort_Order(TBD): Test Cases/Atlas Platform/OnBoard/Swicther/TC_031_Validate_Search_list_Sort_Order(TBD)

2020-02-17 16:42:59 - [TEST_STEP][PASSED] - return null: null

2020-02-17 16:42:59 - [TEST_STEP][PASSED] - Start listener action : sampleAfterTestCase: null

2020-02-17 16:42:59 - [TEST_STEP][PASSED] - println(testCaseContext.getTestCaseId()): null

2020-02-17 16:42:59 - [TEST_STEP][PASSED] - println(testCaseContext.getTestCaseStatus()): null

2020-02-17 16:42:59 - [TEST_STEP][PASSED] - println("On Failure Method is Calling : " + testCaseContext.getTestCaseStatus()): null

2020-02-17 16:42:59 - [TEST_STEP][PASSED] - if (!(getTestCaseStatus().equalsIgnoreCase("PASSED"))): null]]></system-out>
         <system-err><![CDATA[]]></system-err>
      </testcase>
      <testcase name="Test Cases/Atlas Platform/OnBoard/Swicther/TC_032_Validate_Cancel_Button_On_Search" time="8.074" classname="Test Cases/Atlas Platform/OnBoard/Swicther/TC_032_Validate_Cancel_Button_On_Search" status="PASSED">
         <system-out><![CDATA[2020-02-17 16:43:01 - [TEST_CASE][PASSED] - Test Cases/Atlas Platform/OnBoard/Swicther/TC_032_Validate_Cancel_Button_On_Search: Test Cases/Atlas Platform/OnBoard/Swicther/TC_032_Validate_Cancel_Button_On_Search

2020-02-17 16:43:02 - [TEST_STEP][NOT_RUN] - callTestCase(findTestCase("Atlas Platform/OnBoard/Login/LoginWithRootAdmin"), [:], STOP_ON_FAILURE): NOT_RUN: callTestCase(findTestCase("Atlas Platform/OnBoard/Login/LoginWithRootAdmin"), [:], STOP_ON_FAILURE)

2020-02-17 16:43:02 - [MESSAGE][NOT_RUN] - NOT_RUN: callTestCase(findTestCase("Atlas Platform/OnBoard/Login/LoginWithRootAdmin"), [:], STOP_ON_FAILURE)

2020-02-17 16:43:02 - [TEST_STEP][PASSED] - click(findTestObject("Swicther/swicthermenutext")): Object: 'Object Repository/Swicther/swicthermenutext' is clicked on

2020-02-17 16:43:04 - [MESSAGE][PASSED] - Object: 'Object Repository/Swicther/swicthermenutext' is clicked on

2020-02-17 16:43:04 - [TEST_STEP][PASSED] - click(findTestObject("Swicther/search_in_swicther")): Object: 'Object Repository/Swicther/search_in_swicther' is clicked on

2020-02-17 16:43:05 - [MESSAGE][PASSED] - Object: 'Object Repository/Swicther/search_in_swicther' is clicked on

2020-02-17 16:43:05 - [TEST_STEP][PASSED] - verifyElementText(findTestObject("Swicther/search_cancel_btn"), "Cancel"): Actual text and expected text of test object 'Object Repository/Swicther/search_cancel_btn' are matched.

2020-02-17 16:43:06 - [MESSAGE][PASSED] - Actual text and expected text of test object 'Object Repository/Swicther/search_cancel_btn' are matched.

2020-02-17 16:43:06 - [TEST_STEP][PASSED] - click(findTestObject("Swicther/search_cancel_btn")): Object: 'Object Repository/Swicther/search_cancel_btn' is clicked on

2020-02-17 16:43:06 - [MESSAGE][PASSED] - Object: 'Object Repository/Swicther/search_cancel_btn' is clicked on

2020-02-17 16:43:06 - [TEST_STEP][PASSED] - verifyElementText(findTestObject("Swicther/organization_tab_swicther"), "Organizations"): Actual text and expected text of test object 'Object Repository/Swicther/organization_tab_swicther' are matched.

2020-02-17 16:43:06 - [MESSAGE][PASSED] - Actual text and expected text of test object 'Object Repository/Swicther/organization_tab_swicther' are matched.

2020-02-17 16:43:06 - [TEST_STEP][PASSED] - click(findTestObject("Swicther/closeIcon")): Object: 'Object Repository/Swicther/closeIcon' is clicked on

2020-02-17 16:43:07 - [MESSAGE][PASSED] - Object: 'Object Repository/Swicther/closeIcon' is clicked on

2020-02-17 16:43:07 - [TEST_STEP][PASSED] - Start listener action : sampleAfterTestCase: null

2020-02-17 16:43:07 - [TEST_STEP][PASSED] - println(testCaseContext.getTestCaseId()): null

2020-02-17 16:43:07 - [TEST_STEP][PASSED] - println(testCaseContext.getTestCaseStatus()): null

2020-02-17 16:43:07 - [TEST_STEP][PASSED] - println("On Failure Method is Calling : " + testCaseContext.getTestCaseStatus()): null

2020-02-17 16:43:07 - [TEST_STEP][PASSED] - if (!(getTestCaseStatus().equalsIgnoreCase("PASSED"))): null]]></system-out>
         <system-err><![CDATA[]]></system-err>
      </testcase>
      <testcase name="Test Cases/Atlas Platform/OnBoard/Swicther/TC_033_Verify_Clear_Icon_Present" time="5.585" classname="Test Cases/Atlas Platform/OnBoard/Swicther/TC_033_Verify_Clear_Icon_Present" status="PASSED">
         <system-out><![CDATA[2020-02-17 16:43:09 - [TEST_CASE][PASSED] - Test Cases/Atlas Platform/OnBoard/Swicther/TC_033_Verify_Clear_Icon_Present: Test Cases/Atlas Platform/OnBoard/Swicther/TC_033_Verify_Clear_Icon_Present

2020-02-17 16:43:10 - [TEST_STEP][NOT_RUN] - callTestCase(findTestCase("Atlas Platform/OnBoard/Login/LoginWithRootAdmin"), [:], STOP_ON_FAILURE): NOT_RUN: callTestCase(findTestCase("Atlas Platform/OnBoard/Login/LoginWithRootAdmin"), [:], STOP_ON_FAILURE)

2020-02-17 16:43:10 - [MESSAGE][NOT_RUN] - NOT_RUN: callTestCase(findTestCase("Atlas Platform/OnBoard/Login/LoginWithRootAdmin"), [:], STOP_ON_FAILURE)

2020-02-17 16:43:10 - [TEST_STEP][PASSED] - click(findTestObject("Swicther/swicthermenutext")): Object: 'Object Repository/Swicther/swicthermenutext' is clicked on

2020-02-17 16:43:10 - [MESSAGE][PASSED] - Object: 'Object Repository/Swicther/swicthermenutext' is clicked on

2020-02-17 16:43:10 - [TEST_STEP][PASSED] - click(findTestObject("Swicther/search_in_swicther")): Object: 'Object Repository/Swicther/search_in_swicther' is clicked on

2020-02-17 16:43:11 - [MESSAGE][PASSED] - Object: 'Object Repository/Swicther/search_in_swicther' is clicked on

2020-02-17 16:43:11 - [TEST_STEP][PASSED] - verifyElementPresent(findTestObject("Swicther/Swicther_Search_Clear_Icon"), 0): Object 'Object Repository/Swicther/Swicther_Search_Clear_Icon' is present

2020-02-17 16:43:11 - [MESSAGE][WARNING] - Timeout '0' is invalid. Using default page load timeout: '230'

2020-02-17 16:43:11 - [MESSAGE][PASSED] - Object 'Object Repository/Swicther/Swicther_Search_Clear_Icon' is present

2020-02-17 16:43:11 - [TEST_STEP][PASSED] - click(findTestObject("Swicther/search_cancel_btn")): Object: 'Object Repository/Swicther/search_cancel_btn' is clicked on

2020-02-17 16:43:12 - [MESSAGE][PASSED] - Object: 'Object Repository/Swicther/search_cancel_btn' is clicked on

2020-02-17 16:43:12 - [TEST_STEP][PASSED] - click(findTestObject("Swicther/closeIcon")): Object: 'Object Repository/Swicther/closeIcon' is clicked on

2020-02-17 16:43:12 - [MESSAGE][PASSED] - Object: 'Object Repository/Swicther/closeIcon' is clicked on

2020-02-17 16:43:12 - [TEST_STEP][PASSED] - Start listener action : sampleAfterTestCase: null

2020-02-17 16:43:12 - [TEST_STEP][PASSED] - println(testCaseContext.getTestCaseId()): null

2020-02-17 16:43:13 - [TEST_STEP][PASSED] - println(testCaseContext.getTestCaseStatus()): null

2020-02-17 16:43:13 - [TEST_STEP][PASSED] - println("On Failure Method is Calling : " + testCaseContext.getTestCaseStatus()): null

2020-02-17 16:43:13 - [TEST_STEP][PASSED] - if (!(getTestCaseStatus().equalsIgnoreCase("PASSED"))): null]]></system-out>
         <system-err><![CDATA[]]></system-err>
      </testcase>
      <testcase name="Test Cases/Atlas Platform/OnBoard/Swicther/TC_034_Validate_Clear_Opt_On_Search_Box" time="9.998" classname="Test Cases/Atlas Platform/OnBoard/Swicther/TC_034_Validate_Clear_Opt_On_Search_Box" status="PASSED">
         <system-out><![CDATA[2020-02-17 16:43:15 - [TEST_CASE][PASSED] - Test Cases/Atlas Platform/OnBoard/Swicther/TC_034_Validate_Clear_Opt_On_Search_Box: Test Cases/Atlas Platform/OnBoard/Swicther/TC_034_Validate_Clear_Opt_On_Search_Box

2020-02-17 16:43:15 - [TEST_STEP][NOT_RUN] - callTestCase(findTestCase("Atlas Platform/OnBoard/Login/LoginWithRootAdmin"), [:], STOP_ON_FAILURE): NOT_RUN: callTestCase(findTestCase("Atlas Platform/OnBoard/Login/LoginWithRootAdmin"), [:], STOP_ON_FAILURE)

2020-02-17 16:43:15 - [MESSAGE][NOT_RUN] - NOT_RUN: callTestCase(findTestCase("Atlas Platform/OnBoard/Login/LoginWithRootAdmin"), [:], STOP_ON_FAILURE)

2020-02-17 16:43:15 - [TEST_STEP][PASSED] - click(findTestObject("Swicther/swicthermenutext")): Object: 'Object Repository/Swicther/swicthermenutext' is clicked on

2020-02-17 16:43:16 - [MESSAGE][PASSED] - Object: 'Object Repository/Swicther/swicthermenutext' is clicked on

2020-02-17 16:43:16 - [TEST_STEP][PASSED] - click(findTestObject("Swicther/search_in_swicther")): Object: 'Object Repository/Swicther/search_in_swicther' is clicked on

2020-02-17 16:43:16 - [MESSAGE][PASSED] - Object: 'Object Repository/Swicther/search_in_swicther' is clicked on

2020-02-17 16:43:16 - [TEST_STEP][PASSED] - setText(findTestObject("Swicther/Swicher_Search_box"), web.CustomKeyword.randomEmailIDGenerator()): Text 'ccuiv@yopmail.com' is set on object 'Object Repository/Swicther/Swicher_Search_box'

2020-02-17 16:43:17 - [MESSAGE][PASSED] - web.CustomKeyword.randomEmailIDGenerator is PASSED

2020-02-17 16:43:17 - [MESSAGE][PASSED] - Text 'ccuiv@yopmail.com' is set on object 'Object Repository/Swicther/Swicher_Search_box'

2020-02-17 16:43:17 - [TEST_STEP][PASSED] - beforClearSearchBox = getAttribute(findTestObject("Swicther/Swicher_Search_box"), "value"): Attribute 'value' of object 'Object Repository/Swicther/Swicher_Search_box' is: 'ccuiv@yopmail.com'

2020-02-17 16:43:18 - [MESSAGE][PASSED] - Attribute 'value' of object 'Object Repository/Swicther/Swicher_Search_box' is: 'ccuiv@yopmail.com'

2020-02-17 16:43:18 - [TEST_STEP][PASSED] - click(findTestObject("Swicther/Swicther_Search_Clear_Icon")): Object: 'Object Repository/Swicther/Swicther_Search_Clear_Icon' is clicked on

2020-02-17 16:43:21 - [MESSAGE][PASSED] - Object: 'Object Repository/Swicther/Swicther_Search_Clear_Icon' is clicked on

2020-02-17 16:43:21 - [TEST_STEP][PASSED] - afterClearSearchBox = getAttribute(findTestObject("Swicther/Swicher_Search_box"), "value"): Attribute 'value' of object 'Object Repository/Swicther/Swicher_Search_box' is: ''

2020-02-17 16:43:21 - [MESSAGE][PASSED] - Attribute 'value' of object 'Object Repository/Swicther/Swicher_Search_box' is: ''

2020-02-17 16:43:21 - [TEST_STEP][PASSED] - verifyNotEqual(afterClearSearchBox, beforClearSearchBox): Actual object '' and expected object 'ccuiv@yopmail.com' are not equal

2020-02-17 16:43:21 - [MESSAGE][PASSED] - Actual object '' and expected object 'ccuiv@yopmail.com' are not equal

2020-02-17 16:43:21 - [TEST_STEP][PASSED] - click(findTestObject("Swicther/search_cancel_btn")): Object: 'Object Repository/Swicther/search_cancel_btn' is clicked on

2020-02-17 16:43:22 - [MESSAGE][PASSED] - Object: 'Object Repository/Swicther/search_cancel_btn' is clicked on

2020-02-17 16:43:22 - [TEST_STEP][PASSED] - click(findTestObject("Swicther/closeIcon")): Object: 'Object Repository/Swicther/closeIcon' is clicked on

2020-02-17 16:43:23 - [MESSAGE][PASSED] - Object: 'Object Repository/Swicther/closeIcon' is clicked on

2020-02-17 16:43:23 - [TEST_STEP][PASSED] - Start listener action : sampleAfterTestCase: null

2020-02-17 16:43:23 - [TEST_STEP][PASSED] - println(testCaseContext.getTestCaseId()): null

2020-02-17 16:43:23 - [TEST_STEP][PASSED] - println(testCaseContext.getTestCaseStatus()): null

2020-02-17 16:43:23 - [TEST_STEP][PASSED] - println("On Failure Method is Calling : " + testCaseContext.getTestCaseStatus()): null

2020-02-17 16:43:23 - [TEST_STEP][PASSED] - if (!(getTestCaseStatus().equalsIgnoreCase("PASSED"))): null]]></system-out>
         <system-err><![CDATA[]]></system-err>
      </testcase>
      <testcase name="Test Cases/Atlas Platform/OnBoard/Swicther/TC_099_Close_Common_Browser" time="3.047" classname="Test Cases/Atlas Platform/OnBoard/Swicther/TC_099_Close_Common_Browser" status="PASSED">
         <system-out><![CDATA[2020-02-17 16:43:25 - [TEST_CASE][PASSED] - Test Cases/Atlas Platform/OnBoard/Swicther/TC_099_Close_Common_Browser: Test Cases/Atlas Platform/OnBoard/Swicther/TC_099_Close_Common_Browser

2020-02-17 16:43:25 - [TEST_STEP][PASSED] - closeBrowser(): Browser is closed

2020-02-17 16:43:26 - [MESSAGE][PASSED] - Browser is closed

2020-02-17 16:43:26 - [TEST_STEP][PASSED] - Start listener action : sampleAfterTestCase: null

2020-02-17 16:43:26 - [TEST_STEP][PASSED] - println(testCaseContext.getTestCaseId()): null

2020-02-17 16:43:26 - [TEST_STEP][PASSED] - println(testCaseContext.getTestCaseStatus()): null

2020-02-17 16:43:26 - [TEST_STEP][PASSED] - println("On Failure Method is Calling : " + testCaseContext.getTestCaseStatus()): null

2020-02-17 16:43:26 - [TEST_STEP][PASSED] - if (!(getTestCaseStatus().equalsIgnoreCase("PASSED"))): null]]></system-out>
         <system-err><![CDATA[]]></system-err>
      </testcase>
      <system-out><![CDATA[2020-02-17 16:35:37 - [TEST_SUITE][PASSED] - SwitcherTestSuite: Test Cases/Atlas Platform/OnBoard/Swicther/TC_099_Close_Common_Browser]]></system-out>
      <system-err><![CDATA[]]></system-err>
   </testsuite>
</testsuites>
