<?xml version="1.0" encoding="UTF-8"?>
<testsuites name="Roles" time="801.588" tests="26" failures="0" errors="0">
   <testsuite name="Roles" tests="26" failures="0" errors="0" time="801.588" timestamp="2020-03-13 14:31:30" hostname="Dell - DESKTOP-8FKLJ50" id="Test Suites/ROLES/Roles">
      <properties>
         <property name="deviceName" value=""/>
         <property name="devicePlatform" value=""/>
         <property name="logFolder" value="C:\\Users\\Dell\\git\\AtlasPlatform_QA\\Reports\\20200313_143116\\ROLES\\Roles\\20200313_143116"/>
         <property name="logFiles" value="C:\\Users\\Dell\\git\\AtlasPlatform_QA\\Reports\\20200313_143116\\ROLES\\Roles\\20200313_143116\\execution0.log"/>
         <property name="attachments" value=""/>
         <property name="hostName" value="Dell - DESKTOP-8FKLJ50"/>
         <property name="os" value="Windows 10 64bit"/>
         <property name="katalonVersion" value="7.2.1.1"/>
         <property name="browser" value="Chrome 80.0.3987.132"/>
         <property name="hostAddress" value="10.0.75.1"/>
         <property name="sessionId" value="e024e95e4023e6b1bc9a5f2212fcce8a"/>
         <property name="seleniumVersion" value="3.141.59"/>
         <property name="proxyInformation" value="ProxyInformation{proxyOption=NO_PROXY, proxyServerType=HTTP, password=, proxyServerAddress=, proxyServerPort=0, executionList=}"/>
         <property name="platform" value="Windows 10"/>
      </properties>
      <testcase name="Test Cases/Atlas Platform/Configuration Management/Platform Management/ROLES/Role Listing Grid/RLG-001 Validate Role Manager page Attributes" time="31.391" classname="Test Cases/Atlas Platform/Configuration Management/Platform Management/ROLES/Role Listing Grid/RLG-001 Validate Role Manager page Attributes" status="PASSED">
         <system-out><![CDATA[2020-03-13 14:31:31 - [TEST_CASE][PASSED] - Test Cases/Atlas Platform/Configuration Management/Platform Management/ROLES/Role Listing Grid/RLG-001 Validate Role Manager page Attributes: Test Cases/Atlas Platform/Configuration Management/Platform Management/ROLES/Role Listing Grid/RLG-001 Validate Role Manager page Attributes

2020-03-13 14:31:32 - [TEST_STEP][PASSED] - callTestCase(findTestCase("Atlas Platform/Platform Navigation/Login/Default Logins/Default_Login_as_Root Admin"), ["Email":findTestData("AMP_Y").getValue(1, 1), "Password":findTestData("AMP_Y").getValue(2, 1), "dashboard_exp_title":""], CONTINUE_ON_FAILURE): Call Test Case 'Test Cases/Atlas Platform/Platform Navigation/Login/Default Logins/Default_Login_as_Root Admin' successfully

2020-03-13 14:31:33 - [TEST_CASE][PASSED] - Test Cases/Atlas Platform/Platform Navigation/Login/Default Logins/Default_Login_as_Root Admin: Test Cases/Atlas Platform/Platform Navigation/Login/Default Logins/Default_Login_as_Root Admin

2020-03-13 14:31:34 - [TEST_STEP][PASSED] - openBrowser(""): Browser is opened with url: ''

2020-03-13 14:31:35 - [MESSAGE][INFO] - Starting 'Chrome' driver

2020-03-13 14:31:35 - [MESSAGE][INFO] - User set preference: ['args', '[--start-maximized, --disable-web-security, --no-proxy-server]']

2020-03-13 14:31:35 - [MESSAGE][INFO] - User set preference: ['prefs', '{credentials_enable_service=false, profile.password_manager_enabled=false}']

2020-03-13 14:31:35 - [MESSAGE][INFO] - Action delay is set to 0 seconds

2020-03-13 14:31:42 - [MESSAGE][PASSED] - Browser is opened with url: ''

2020-03-13 14:31:42 - [TEST_STEP][NOT_RUN] - callTestCase(findTestCase("Atlas Platform/Platform Navigation/Login/Default Logins/TC_100_ForSecurityURLSAcceptance"), [:], CONTINUE_ON_FAILURE): NOT_RUN: callTestCase(findTestCase("Atlas Platform/Platform Navigation/Login/Default Logins/TC_100_ForSecurityURLSAcceptance"), [:], CONTINUE_ON_FAILURE)

2020-03-13 14:31:42 - [MESSAGE][NOT_RUN] - NOT_RUN: callTestCase(findTestCase("Atlas Platform/Platform Navigation/Login/Default Logins/TC_100_ForSecurityURLSAcceptance"), [:], CONTINUE_ON_FAILURE)

2020-03-13 14:31:42 - [TEST_STEP][PASSED] - navigateToUrl("https://atlas-dev.gsm.auto/"): Navigate to 'https://atlas-dev.gsm.auto/' successfully

2020-03-13 14:31:47 - [MESSAGE][PASSED] - Navigate to 'https://atlas-dev.gsm.auto/' successfully

2020-03-13 14:31:47 - [TEST_STEP][PASSED] - setText(findTestObject("Login_Page/Page_/email address placeholder"), Email): Text 'Navaraj@totient.co.in' is set on object 'Object Repository/Login_Page/Page_/email address placeholder'

2020-03-13 14:31:48 - [MESSAGE][PASSED] - Text 'Navaraj@totient.co.in' is set on object 'Object Repository/Login_Page/Page_/email address placeholder'

2020-03-13 14:31:48 - [TEST_STEP][PASSED] - setText(findTestObject("Login_Page/Page_/Password placeholder"), Password): Text 'Totient@123' is set on object 'Object Repository/Login_Page/Page_/Password placeholder'

2020-03-13 14:31:49 - [MESSAGE][PASSED] - Text 'Totient@123' is set on object 'Object Repository/Login_Page/Page_/Password placeholder'

2020-03-13 14:31:49 - [TEST_STEP][PASSED] - click(findTestObject("Login_Page/Page_/Log In button")): Object: 'Object Repository/Login_Page/Page_/Log In button' is clicked on

2020-03-13 14:31:49 - [MESSAGE][PASSED] - Object: 'Object Repository/Login_Page/Page_/Log In button' is clicked on

2020-03-13 14:31:49 - [TEST_STEP][PASSED] - dashboard_act_title = getWindowTitle(): Current window's title is: ''

2020-03-13 14:31:49 - [MESSAGE][PASSED] - Current window's title is: ''

2020-03-13 14:31:49 - [TEST_STEP][PASSED] - verifyEqual(dashboard_act_title, dashboard_exp_title): Actual object '' and expected object '' are equal

2020-03-13 14:31:49 - [MESSAGE][PASSED] - Actual object '' and expected object '' are equal

2020-03-13 14:31:49 - [MESSAGE][PASSED] - Call Test Case 'Test Cases/Atlas Platform/Platform Navigation/Login/Default Logins/Default_Login_as_Root Admin' successfully

2020-03-13 14:31:49 - [TEST_STEP][PASSED] - click(findTestObject("ROLES/Role_Navigation/a_ADMIN")): Object: 'Object Repository/ROLES/Role_Navigation/a_ADMIN' is clicked on

2020-03-13 14:31:52 - [MESSAGE][PASSED] - Object: 'Object Repository/ROLES/Role_Navigation/a_ADMIN' is clicked on

2020-03-13 14:31:52 - [TEST_STEP][PASSED] - verifyElementPresent(findTestObject("ROLES/Roles_page/Role Manager"), 0): Object 'Object Repository/ROLES/Roles_page/Role Manager' is present

2020-03-13 14:31:52 - [MESSAGE][WARNING] - Timeout '0' is invalid. Using default page load timeout: '230'

2020-03-13 14:31:54 - [MESSAGE][PASSED] - Object 'Object Repository/ROLES/Roles_page/Role Manager' is present

2020-03-13 14:31:54 - [TEST_STEP][PASSED] - verifyElementPresent(findTestObject("ROLES/Roles_page/Role Manager_Expand button"), 0): Object 'Object Repository/ROLES/Roles_page/Role Manager_Expand button' is present

2020-03-13 14:31:54 - [MESSAGE][WARNING] - Timeout '0' is invalid. Using default page load timeout: '230'

2020-03-13 14:31:54 - [MESSAGE][PASSED] - Object 'Object Repository/ROLES/Roles_page/Role Manager_Expand button' is present

2020-03-13 14:31:54 - [TEST_STEP][PASSED] - verifyElementPresent(findTestObject("ROLES/Roles_page/All Roles"), 0): Object 'Object Repository/ROLES/Roles_page/All Roles' is present

2020-03-13 14:31:54 - [MESSAGE][WARNING] - Timeout '0' is invalid. Using default page load timeout: '230'

2020-03-13 14:31:54 - [MESSAGE][PASSED] - Object 'Object Repository/ROLES/Roles_page/All Roles' is present

2020-03-13 14:31:54 - [TEST_STEP][PASSED] - verifyElementPresent(findTestObject("ROLES/Roles_page/Search Box"), 0): Object 'Object Repository/ROLES/Roles_page/Search Box' is present

2020-03-13 14:31:54 - [MESSAGE][WARNING] - Timeout '0' is invalid. Using default page load timeout: '230'

2020-03-13 14:31:55 - [MESSAGE][PASSED] - Object 'Object Repository/ROLES/Roles_page/Search Box' is present

2020-03-13 14:31:55 - [TEST_STEP][PASSED] - verifyElementPresent(findTestObject("ROLES/Roles_page/Search_placeholder"), 0): Object 'Object Repository/ROLES/Roles_page/Search_placeholder' is present

2020-03-13 14:31:55 - [MESSAGE][WARNING] - Timeout '0' is invalid. Using default page load timeout: '230'

2020-03-13 14:31:55 - [MESSAGE][PASSED] - Object 'Object Repository/ROLES/Roles_page/Search_placeholder' is present

2020-03-13 14:31:55 - [TEST_STEP][PASSED] - verifyElementPresent(findTestObject("ROLES/Roles_page/Create Role_button"), 0): Object 'Object Repository/ROLES/Roles_page/Create Role_button' is present

2020-03-13 14:31:55 - [MESSAGE][WARNING] - Timeout '0' is invalid. Using default page load timeout: '230'

2020-03-13 14:31:55 - [MESSAGE][PASSED] - Object 'Object Repository/ROLES/Roles_page/Create Role_button' is present

2020-03-13 14:31:55 - [TEST_STEP][PASSED] - verifyElementPresent(findTestObject("ROLES/Roles_page/Role_grid"), 0): Object 'Object Repository/ROLES/Roles_page/Role_grid' is present

2020-03-13 14:31:56 - [MESSAGE][WARNING] - Timeout '0' is invalid. Using default page load timeout: '230'

2020-03-13 14:31:56 - [MESSAGE][PASSED] - Object 'Object Repository/ROLES/Roles_page/Role_grid' is present

2020-03-13 14:31:56 - [TEST_STEP][PASSED] - verifyElementPresent(findTestObject("ROLES/Roles_page/No. Users_grid"), 0): Object 'Object Repository/ROLES/Roles_page/No. Users_grid' is present

2020-03-13 14:31:56 - [MESSAGE][WARNING] - Timeout '0' is invalid. Using default page load timeout: '230'

2020-03-13 14:31:56 - [MESSAGE][PASSED] - Object 'Object Repository/ROLES/Roles_page/No. Users_grid' is present

2020-03-13 14:31:56 - [TEST_STEP][PASSED] - verifyElementPresent(findTestObject("ROLES/Roles_page/Status_grid"), 0): Object 'Object Repository/ROLES/Roles_page/Status_grid' is present

2020-03-13 14:31:57 - [MESSAGE][WARNING] - Timeout '0' is invalid. Using default page load timeout: '230'

2020-03-13 14:31:57 - [MESSAGE][PASSED] - Object 'Object Repository/ROLES/Roles_page/Status_grid' is present

2020-03-13 14:31:57 - [TEST_STEP][PASSED] - verifyElementPresent(findTestObject("ROLES/Roles_page/Created_grid"), 0): Object 'Object Repository/ROLES/Roles_page/Created_grid' is present

2020-03-13 14:31:57 - [MESSAGE][WARNING] - Timeout '0' is invalid. Using default page load timeout: '230'

2020-03-13 14:31:57 - [MESSAGE][PASSED] - Object 'Object Repository/ROLES/Roles_page/Created_grid' is present

2020-03-13 14:31:57 - [TEST_STEP][PASSED] - verifyElementPresent(findTestObject("ROLES/Roles_page/Modified_grid"), 0): Object 'Object Repository/ROLES/Roles_page/Modified_grid' is present

2020-03-13 14:31:57 - [MESSAGE][WARNING] - Timeout '0' is invalid. Using default page load timeout: '230'

2020-03-13 14:31:58 - [MESSAGE][PASSED] - Object 'Object Repository/ROLES/Roles_page/Modified_grid' is present

2020-03-13 14:31:58 - [TEST_STEP][PASSED] - verifyElementPresent(findTestObject("ROLES/Roles_page/toggle button_grid"), 0): Object 'Object Repository/ROLES/Roles_page/toggle button_grid' is present

2020-03-13 14:31:58 - [MESSAGE][WARNING] - Timeout '0' is invalid. Using default page load timeout: '230'

2020-03-13 14:31:58 - [MESSAGE][PASSED] - Object 'Object Repository/ROLES/Roles_page/toggle button_grid' is present

2020-03-13 14:31:58 - [TEST_STEP][PASSED] - verifyElementPresent(findTestObject("ROLES/Roles_page/Pagination/label_Page"), 0): Object 'Object Repository/ROLES/Roles_page/Pagination/label_Page' is present

2020-03-13 14:31:58 - [MESSAGE][WARNING] - Timeout '0' is invalid. Using default page load timeout: '230'

2020-03-13 14:31:58 - [MESSAGE][PASSED] - Object 'Object Repository/ROLES/Roles_page/Pagination/label_Page' is present

2020-03-13 14:31:58 - [TEST_STEP][PASSED] - verifyElementPresent(findTestObject("ROLES/Roles_page/Pagination/input_Page_form-control"), 0): Object 'Object Repository/ROLES/Roles_page/Pagination/input_Page_form-control' is present

2020-03-13 14:31:58 - [MESSAGE][WARNING] - Timeout '0' is invalid. Using default page load timeout: '230'

2020-03-13 14:31:59 - [MESSAGE][PASSED] - Object 'Object Repository/ROLES/Roles_page/Pagination/input_Page_form-control' is present

2020-03-13 14:31:59 - [TEST_STEP][PASSED] - verifyElementPresent(findTestObject("ROLES/Roles_page/Pagination/label_of 10"), 0): Object 'Object Repository/ROLES/Roles_page/Pagination/label_of 10' is present

2020-03-13 14:31:59 - [MESSAGE][WARNING] - Timeout '0' is invalid. Using default page load timeout: '230'

2020-03-13 14:31:59 - [MESSAGE][PASSED] - Object 'Object Repository/ROLES/Roles_page/Pagination/label_of 10' is present

2020-03-13 14:31:59 - [TEST_STEP][PASSED] - verifyElementPresent(findTestObject("ROLES/Roles_page/Pagination/front_navigation"), 0): Object 'Object Repository/ROLES/Roles_page/Pagination/front_navigation' is present

2020-03-13 14:31:59 - [MESSAGE][WARNING] - Timeout '0' is invalid. Using default page load timeout: '230'

2020-03-13 14:31:59 - [MESSAGE][PASSED] - Object 'Object Repository/ROLES/Roles_page/Pagination/front_navigation' is present

2020-03-13 14:31:59 - [TEST_STEP][PASSED] - verifyElementPresent(findTestObject("ROLES/Roles_page/Pagination/Back_navigation"), 0): Object 'Object Repository/ROLES/Roles_page/Pagination/Back_navigation' is present

2020-03-13 14:32:00 - [MESSAGE][WARNING] - Timeout '0' is invalid. Using default page load timeout: '230'

2020-03-13 14:32:00 - [MESSAGE][PASSED] - Object 'Object Repository/ROLES/Roles_page/Pagination/Back_navigation' is present

2020-03-13 14:32:00 - [TEST_STEP][PASSED] - verifyElementPresent(findTestObject("ROLES/Roles_page/Pagination/label_Showing 4-6 of 30 role(s)"), 0): Object 'Object Repository/ROLES/Roles_page/Pagination/label_Showing 4-6 of 30 role(s)' is present

2020-03-13 14:32:00 - [MESSAGE][WARNING] - Timeout '0' is invalid. Using default page load timeout: '230'

2020-03-13 14:32:00 - [MESSAGE][PASSED] - Object 'Object Repository/ROLES/Roles_page/Pagination/label_Showing 4-6 of 30 role(s)' is present

2020-03-13 14:32:00 - [TEST_STEP][PASSED] - Start listener action : sampleAfterTestCase: null

2020-03-13 14:32:00 - [TEST_STEP][PASSED] - println(testCaseContext.getTestCaseId()): null

2020-03-13 14:32:00 - [TEST_STEP][PASSED] - println(testCaseContext.getTestCaseStatus()): null

2020-03-13 14:32:00 - [TEST_STEP][PASSED] - println("On Failure Method is Calling : " + testCaseContext.getTestCaseStatus()): null

2020-03-13 14:32:00 - [TEST_STEP][PASSED] - if (!(getTestCaseStatus().equalsIgnoreCase("PASSED"))): null]]></system-out>
         <system-err><![CDATA[]]></system-err>
      </testcase>
      <testcase name="Test Cases/Atlas Platform/Configuration Management/Platform Management/ROLES/Role Listing Grid/RLG-002 Validate Role Manager expand and collapse button" time="8.839" classname="Test Cases/Atlas Platform/Configuration Management/Platform Management/ROLES/Role Listing Grid/RLG-002 Validate Role Manager expand and collapse button" status="PASSED">
         <system-out><![CDATA[2020-03-13 14:32:02 - [TEST_CASE][PASSED] - Test Cases/Atlas Platform/Configuration Management/Platform Management/ROLES/Role Listing Grid/RLG-002 Validate Role Manager expand and collapse button: Test Cases/Atlas Platform/Configuration Management/Platform Management/ROLES/Role Listing Grid/RLG-002 Validate Role Manager expand and collapse button

2020-03-13 14:32:03 - [TEST_STEP][NOT_RUN] - callTestCase(findTestCase("Atlas Platform/Platform Navigation/Login/Default Logins/Default_Login_as_Root Admin"), ["Email":findTestData("AMP_Y").getValue(1, 1), "Password":findTestData("AMP_Y").getValue(2, 1), "dashboard_exp_title":""], CONTINUE_ON_FAILURE): NOT_RUN: callTestCase(findTestCase("Atlas Platform/Platform Navigation/Login/Default Logins/Default_Login_as_Root Admin"), ["Email":findTestData("AMP_Y").getValue(1, 1), "Password":findTestData("AMP_Y").getValue(2, 1), "dashboard_exp_title":""], CONTINUE_ON_FAILURE)

2020-03-13 14:32:03 - [MESSAGE][NOT_RUN] - NOT_RUN: callTestCase(findTestCase("Atlas Platform/Platform Navigation/Login/Default Logins/Default_Login_as_Root Admin"), ["Email":findTestData("AMP_Y").getValue(1, 1), "Password":findTestData("AMP_Y").getValue(2, 1), "dashboard_exp_title":""], CONTINUE_ON_FAILURE)

2020-03-13 14:32:03 - [TEST_STEP][NOT_RUN] - click(findTestObject("ROLES/Role_Navigation/a_ADMIN")): NOT_RUN: click(findTestObject("ROLES/Role_Navigation/a_ADMIN"))

2020-03-13 14:32:03 - [MESSAGE][NOT_RUN] - NOT_RUN: click(findTestObject("ROLES/Role_Navigation/a_ADMIN"))

2020-03-13 14:32:03 - [TEST_STEP][PASSED] - click(findTestObject("ROLES/Roles_page/Role Manager_Expand button")): Object: 'Object Repository/ROLES/Roles_page/Role Manager_Expand button' is clicked on

2020-03-13 14:32:03 - [MESSAGE][PASSED] - Object: 'Object Repository/ROLES/Roles_page/Role Manager_Expand button' is clicked on

2020-03-13 14:32:03 - [TEST_STEP][PASSED] - verifyElementPresent(findTestObject("ROLES/Roles_page/Super Admin"), 0): Object 'Object Repository/ROLES/Roles_page/Super Admin' is present

2020-03-13 14:32:03 - [MESSAGE][WARNING] - Timeout '0' is invalid. Using default page load timeout: '230'

2020-03-13 14:32:04 - [MESSAGE][PASSED] - Object 'Object Repository/ROLES/Roles_page/Super Admin' is present

2020-03-13 14:32:04 - [TEST_STEP][PASSED] - verifyElementPresent(findTestObject("ROLES/Roles_page/Bundle Admin"), 0): Object 'Object Repository/ROLES/Roles_page/Bundle Admin' is present

2020-03-13 14:32:04 - [MESSAGE][WARNING] - Timeout '0' is invalid. Using default page load timeout: '230'

2020-03-13 14:32:04 - [MESSAGE][PASSED] - Object 'Object Repository/ROLES/Roles_page/Bundle Admin' is present

2020-03-13 14:32:04 - [TEST_STEP][PASSED] - verifyElementPresent(findTestObject("ROLES/Roles_page/Services Admin"), 0): Object 'Object Repository/ROLES/Roles_page/Services Admin' is present

2020-03-13 14:32:04 - [MESSAGE][WARNING] - Timeout '0' is invalid. Using default page load timeout: '230'

2020-03-13 14:32:04 - [MESSAGE][PASSED] - Object 'Object Repository/ROLES/Roles_page/Services Admin' is present

2020-03-13 14:32:04 - [TEST_STEP][PASSED] - verifyElementPresent(findTestObject("ROLES/Roles_page/Organization Admin"), 0): Object 'Object Repository/ROLES/Roles_page/Organization Admin' is present

2020-03-13 14:32:04 - [MESSAGE][WARNING] - Timeout '0' is invalid. Using default page load timeout: '230'

2020-03-13 14:32:05 - [MESSAGE][PASSED] - Object 'Object Repository/ROLES/Roles_page/Organization Admin' is present

2020-03-13 14:32:05 - [TEST_STEP][PASSED] - verifyElementPresent(findTestObject("ROLES/Roles_page/Account Admin"), 0): Object 'Object Repository/ROLES/Roles_page/Account Admin' is present

2020-03-13 14:32:05 - [MESSAGE][WARNING] - Timeout '0' is invalid. Using default page load timeout: '230'

2020-03-13 14:32:05 - [MESSAGE][PASSED] - Object 'Object Repository/ROLES/Roles_page/Account Admin' is present

2020-03-13 14:32:05 - [TEST_STEP][PASSED] - verifyElementPresent(findTestObject("ROLES/Roles_page/GSM Sales"), 0): Object 'Object Repository/ROLES/Roles_page/GSM Sales' is present

2020-03-13 14:32:05 - [MESSAGE][WARNING] - Timeout '0' is invalid. Using default page load timeout: '230'

2020-03-13 14:32:05 - [MESSAGE][PASSED] - Object 'Object Repository/ROLES/Roles_page/GSM Sales' is present

2020-03-13 14:32:05 - [TEST_STEP][PASSED] - verifyElementPresent(findTestObject("ROLES/Roles_page/Customer Success"), 0): Object 'Object Repository/ROLES/Roles_page/Customer Success' is present

2020-03-13 14:32:05 - [MESSAGE][WARNING] - Timeout '0' is invalid. Using default page load timeout: '230'

2020-03-13 14:32:06 - [MESSAGE][PASSED] - Object 'Object Repository/ROLES/Roles_page/Customer Success' is present

2020-03-13 14:32:06 - [TEST_STEP][PASSED] - click(findTestObject("ROLES/Roles_page/Role Manager_Collapse button")): Object: 'Object Repository/ROLES/Roles_page/Role Manager_Collapse button' is clicked on

2020-03-13 14:32:06 - [MESSAGE][PASSED] - Object: 'Object Repository/ROLES/Roles_page/Role Manager_Collapse button' is clicked on

2020-03-13 14:32:06 - [TEST_STEP][PASSED] - verifyElementNotVisibleInViewport(findTestObject("ROLES/Roles_page/Super Admin"), 0): Object 'Object Repository/ROLES/Roles_page/Super Admin' is present and NOT visible in viewport

2020-03-13 14:32:06 - [MESSAGE][WARNING] - Timeout '0' is invalid. Using default page load timeout: '230'

2020-03-13 14:32:07 - [MESSAGE][PASSED] - Object 'Object Repository/ROLES/Roles_page/Super Admin' is present and NOT visible in viewport

2020-03-13 14:32:07 - [TEST_STEP][PASSED] - verifyElementNotVisibleInViewport(findTestObject("ROLES/Roles_page/Bundle Admin"), 0): Object 'Object Repository/ROLES/Roles_page/Bundle Admin' is present and NOT visible in viewport

2020-03-13 14:32:07 - [MESSAGE][WARNING] - Timeout '0' is invalid. Using default page load timeout: '230'

2020-03-13 14:32:07 - [MESSAGE][PASSED] - Object 'Object Repository/ROLES/Roles_page/Bundle Admin' is present and NOT visible in viewport

2020-03-13 14:32:07 - [TEST_STEP][PASSED] - verifyElementNotVisibleInViewport(findTestObject("ROLES/Roles_page/Services Admin"), 0): Object 'Object Repository/ROLES/Roles_page/Services Admin' is present and NOT visible in viewport

2020-03-13 14:32:07 - [MESSAGE][WARNING] - Timeout '0' is invalid. Using default page load timeout: '230'

2020-03-13 14:32:07 - [MESSAGE][PASSED] - Object 'Object Repository/ROLES/Roles_page/Services Admin' is present and NOT visible in viewport

2020-03-13 14:32:07 - [TEST_STEP][PASSED] - verifyElementNotVisibleInViewport(findTestObject("ROLES/Roles_page/Organization Admin"), 0): Object 'Object Repository/ROLES/Roles_page/Organization Admin' is present and NOT visible in viewport

2020-03-13 14:32:08 - [MESSAGE][WARNING] - Timeout '0' is invalid. Using default page load timeout: '230'

2020-03-13 14:32:08 - [MESSAGE][PASSED] - Object 'Object Repository/ROLES/Roles_page/Organization Admin' is present and NOT visible in viewport

2020-03-13 14:32:08 - [TEST_STEP][PASSED] - verifyElementNotVisibleInViewport(findTestObject("ROLES/Roles_page/Account Admin"), 0): Object 'Object Repository/ROLES/Roles_page/Account Admin' is present and NOT visible in viewport

2020-03-13 14:32:08 - [MESSAGE][WARNING] - Timeout '0' is invalid. Using default page load timeout: '230'

2020-03-13 14:32:08 - [MESSAGE][PASSED] - Object 'Object Repository/ROLES/Roles_page/Account Admin' is present and NOT visible in viewport

2020-03-13 14:32:08 - [TEST_STEP][PASSED] - verifyElementNotVisibleInViewport(findTestObject("ROLES/Roles_page/GSM Sales"), 0): Object 'Object Repository/ROLES/Roles_page/GSM Sales' is present and NOT visible in viewport

2020-03-13 14:32:08 - [MESSAGE][WARNING] - Timeout '0' is invalid. Using default page load timeout: '230'

2020-03-13 14:32:09 - [MESSAGE][PASSED] - Object 'Object Repository/ROLES/Roles_page/GSM Sales' is present and NOT visible in viewport

2020-03-13 14:32:09 - [TEST_STEP][PASSED] - verifyElementNotVisibleInViewport(findTestObject("ROLES/Roles_page/Customer Success"), 0): Object 'Object Repository/ROLES/Roles_page/Customer Success' is present and NOT visible in viewport

2020-03-13 14:32:09 - [MESSAGE][WARNING] - Timeout '0' is invalid. Using default page load timeout: '230'

2020-03-13 14:32:09 - [MESSAGE][PASSED] - Object 'Object Repository/ROLES/Roles_page/Customer Success' is present and NOT visible in viewport

2020-03-13 14:32:09 - [TEST_STEP][PASSED] - Start listener action : sampleAfterTestCase: null

2020-03-13 14:32:09 - [TEST_STEP][PASSED] - println(testCaseContext.getTestCaseId()): null

2020-03-13 14:32:09 - [TEST_STEP][PASSED] - println(testCaseContext.getTestCaseStatus()): null

2020-03-13 14:32:09 - [TEST_STEP][PASSED] - println("On Failure Method is Calling : " + testCaseContext.getTestCaseStatus()): null

2020-03-13 14:32:09 - [TEST_STEP][PASSED] - if (!(getTestCaseStatus().equalsIgnoreCase("PASSED"))): null]]></system-out>
         <system-err><![CDATA[]]></system-err>
      </testcase>
      <testcase name="Test Cases/Atlas Platform/Configuration Management/Platform Management/ROLES/Role Listing Grid/RLG-003 Verify Filter functions in Role Manager page" time="49.654" classname="Test Cases/Atlas Platform/Configuration Management/Platform Management/ROLES/Role Listing Grid/RLG-003 Verify Filter functions in Role Manager page" status="PASSED">
         <system-out><![CDATA[2020-03-13 14:32:11 - [TEST_CASE][PASSED] - Test Cases/Atlas Platform/Configuration Management/Platform Management/ROLES/Role Listing Grid/RLG-003 Verify Filter functions in Role Manager page: Test Cases/Atlas Platform/Configuration Management/Platform Management/ROLES/Role Listing Grid/RLG-003 Verify Filter functions in Role Manager page

2020-03-13 14:32:12 - [TEST_STEP][NOT_RUN] - callTestCase(findTestCase("Atlas Platform/Platform Navigation/Login/Default Logins/Default_Login_as_Root Admin"), ["Email":findTestData("AMP_Y").getValue(1, 1), "Password":findTestData("AMP_Y").getValue(2, 1), "dashboard_exp_title":""], CONTINUE_ON_FAILURE): NOT_RUN: callTestCase(findTestCase("Atlas Platform/Platform Navigation/Login/Default Logins/Default_Login_as_Root Admin"), ["Email":findTestData("AMP_Y").getValue(1, 1), "Password":findTestData("AMP_Y").getValue(2, 1), "dashboard_exp_title":""], CONTINUE_ON_FAILURE)

2020-03-13 14:32:12 - [MESSAGE][NOT_RUN] - NOT_RUN: callTestCase(findTestCase("Atlas Platform/Platform Navigation/Login/Default Logins/Default_Login_as_Root Admin"), ["Email":findTestData("AMP_Y").getValue(1, 1), "Password":findTestData("AMP_Y").getValue(2, 1), "dashboard_exp_title":""], CONTINUE_ON_FAILURE)

2020-03-13 14:32:12 - [TEST_STEP][NOT_RUN] - click(findTestObject("ROLES/Role_Navigation/a_ADMIN")): NOT_RUN: click(findTestObject("ROLES/Role_Navigation/a_ADMIN"))

2020-03-13 14:32:12 - [MESSAGE][NOT_RUN] - NOT_RUN: click(findTestObject("ROLES/Role_Navigation/a_ADMIN"))

2020-03-13 14:32:12 - [TEST_STEP][PASSED] - click(findTestObject("ROLES/Roles_page/Filter")): Object: 'Object Repository/ROLES/Roles_page/Filter' is clicked on

2020-03-13 14:32:12 - [MESSAGE][PASSED] - Object: 'Object Repository/ROLES/Roles_page/Filter' is clicked on

2020-03-13 14:32:12 - [TEST_STEP][PASSED] - verifyElementPresent(findTestObject("ROLES/Roles_page/Filter_link/li_Status"), 0): Object 'Object Repository/ROLES/Roles_page/Filter_link/li_Status' is present

2020-03-13 14:32:12 - [MESSAGE][WARNING] - Timeout '0' is invalid. Using default page load timeout: '230'

2020-03-13 14:32:13 - [MESSAGE][PASSED] - Object 'Object Repository/ROLES/Roles_page/Filter_link/li_Status' is present

2020-03-13 14:32:13 - [TEST_STEP][PASSED] - verifyElementPresent(findTestObject("ROLES/Roles_page/Filter_link/span_Active"), 0): Object 'Object Repository/ROLES/Roles_page/Filter_link/span_Active' is present

2020-03-13 14:32:13 - [MESSAGE][WARNING] - Timeout '0' is invalid. Using default page load timeout: '230'

2020-03-13 14:32:13 - [MESSAGE][PASSED] - Object 'Object Repository/ROLES/Roles_page/Filter_link/span_Active' is present

2020-03-13 14:32:13 - [TEST_STEP][PASSED] - verifyElementPresent(findTestObject("ROLES/Roles_page/Filter_link/active_checkbox"), 0): Object 'Object Repository/ROLES/Roles_page/Filter_link/active_checkbox' is present

2020-03-13 14:32:13 - [MESSAGE][WARNING] - Timeout '0' is invalid. Using default page load timeout: '230'

2020-03-13 14:32:13 - [MESSAGE][PASSED] - Object 'Object Repository/ROLES/Roles_page/Filter_link/active_checkbox' is present

2020-03-13 14:32:13 - [TEST_STEP][PASSED] - verifyElementPresent(findTestObject("ROLES/Roles_page/Filter_link/span_Archived"), 0): Object 'Object Repository/ROLES/Roles_page/Filter_link/span_Archived' is present

2020-03-13 14:32:14 - [MESSAGE][WARNING] - Timeout '0' is invalid. Using default page load timeout: '230'

2020-03-13 14:32:14 - [MESSAGE][PASSED] - Object 'Object Repository/ROLES/Roles_page/Filter_link/span_Archived' is present

2020-03-13 14:32:14 - [TEST_STEP][PASSED] - verifyElementPresent(findTestObject("ROLES/Roles_page/Filter_link/archived_checkbox"), 0): Object 'Object Repository/ROLES/Roles_page/Filter_link/archived_checkbox' is present

2020-03-13 14:32:14 - [MESSAGE][WARNING] - Timeout '0' is invalid. Using default page load timeout: '230'

2020-03-13 14:32:14 - [MESSAGE][PASSED] - Object 'Object Repository/ROLES/Roles_page/Filter_link/archived_checkbox' is present

2020-03-13 14:32:14 - [TEST_STEP][PASSED] - verifyElementPresent(findTestObject("ROLES/Roles_page/Filter_link/button_Apply"), 0): Object 'Object Repository/ROLES/Roles_page/Filter_link/button_Apply' is present

2020-03-13 14:32:14 - [MESSAGE][WARNING] - Timeout '0' is invalid. Using default page load timeout: '230'

2020-03-13 14:32:14 - [MESSAGE][PASSED] - Object 'Object Repository/ROLES/Roles_page/Filter_link/button_Apply' is present

2020-03-13 14:32:14 - [TEST_STEP][PASSED] - noOfPages_text = getText(findTestObject("ROLES/Roles_page/Pagination/label_of 10")): Text of object 'Object Repository/ROLES/Roles_page/Pagination/label_of 10' is: 'of 18'

2020-03-13 14:32:15 - [MESSAGE][PASSED] - Text of object 'Object Repository/ROLES/Roles_page/Pagination/label_of 10' is: 'of 18'

2020-03-13 14:32:15 - [TEST_STEP][PASSED] - noOfPages = Integer.parseInt(noOfPages_text.substring(3)): null

2020-03-13 14:32:15 - [TEST_STEP][PASSED] - println(noOfPages): null

2020-03-13 14:32:15 - [TEST_STEP][PASSED] - status = <not implemented yet for class: org.codehaus.groovy.ast.expr.EmptyExpression>: null

2020-03-13 14:32:15 - [TEST_STEP][PASSED] - ActiveStatus = new java.util.ArrayList(): null

2020-03-13 14:32:15 - [TEST_STEP][PASSED] - ArchivedStatus = new java.util.ArrayList(): null

2020-03-13 14:32:15 - [TEST_STEP][PASSED] - for ([i = 1, i <= noOfPages, (i++)]): Object: 'Object Repository/ROLES/Roles_page/Pagination/front_navigation' is clicked on

2020-03-13 14:32:15 - [TEST_STEP][PASSED] - status = findWebElements(findTestObject("ROLES/Roles_page/sorting/status"), 2): null

2020-03-13 14:32:15 - [TEST_STEP][PASSED] - for (org.openqa.selenium.WebElement a : status): null

2020-03-13 14:32:15 - [TEST_STEP][PASSED] - s = a.getText(): null

2020-03-13 14:32:15 - [TEST_STEP][PASSED] - if (s == "Active"): null

2020-03-13 14:32:15 - [TEST_STEP][PASSED] - ActiveStatus.add(s): null

2020-03-13 14:32:15 - [TEST_STEP][PASSED] - s = a.getText(): null

2020-03-13 14:32:15 - [TEST_STEP][PASSED] - if (s == "Active"): null

2020-03-13 14:32:15 - [TEST_STEP][PASSED] - ActiveStatus.add(s): null

2020-03-13 14:32:15 - [TEST_STEP][PASSED] - s = a.getText(): null

2020-03-13 14:32:15 - [TEST_STEP][PASSED] - if (s == "Active"): null

2020-03-13 14:32:15 - [TEST_STEP][PASSED] - ActiveStatus.add(s): null

2020-03-13 14:32:15 - [TEST_STEP][PASSED] - s = a.getText(): null

2020-03-13 14:32:15 - [TEST_STEP][PASSED] - if (s == "Active"): null

2020-03-13 14:32:15 - [TEST_STEP][PASSED] - else: null

2020-03-13 14:32:15 - [TEST_STEP][PASSED] - ArchivedStatus.add(s): null

2020-03-13 14:32:15 - [TEST_STEP][PASSED] - s = a.getText(): null

2020-03-13 14:32:15 - [TEST_STEP][PASSED] - if (s == "Active"): null

2020-03-13 14:32:15 - [TEST_STEP][PASSED] - ActiveStatus.add(s): null

2020-03-13 14:32:15 - [TEST_STEP][PASSED] - s = a.getText(): null

2020-03-13 14:32:15 - [TEST_STEP][PASSED] - if (s == "Active"): null

2020-03-13 14:32:15 - [TEST_STEP][PASSED] - ActiveStatus.add(s): null

2020-03-13 14:32:15 - [TEST_STEP][PASSED] - s = a.getText(): null

2020-03-13 14:32:15 - [TEST_STEP][PASSED] - if (s == "Active"): null

2020-03-13 14:32:15 - [TEST_STEP][PASSED] - ActiveStatus.add(s): null

2020-03-13 14:32:15 - [TEST_STEP][PASSED] - s = a.getText(): null

2020-03-13 14:32:15 - [TEST_STEP][PASSED] - if (s == "Active"): null

2020-03-13 14:32:15 - [TEST_STEP][PASSED] - ActiveStatus.add(s): null

2020-03-13 14:32:15 - [TEST_STEP][PASSED] - s = a.getText(): null

2020-03-13 14:32:15 - [TEST_STEP][PASSED] - if (s == "Active"): null

2020-03-13 14:32:15 - [TEST_STEP][PASSED] - ActiveStatus.add(s): null

2020-03-13 14:32:15 - [TEST_STEP][PASSED] - s = a.getText(): null

2020-03-13 14:32:15 - [TEST_STEP][PASSED] - if (s == "Active"): null

2020-03-13 14:32:16 - [TEST_STEP][PASSED] - ActiveStatus.add(s): null

2020-03-13 14:32:16 - [TEST_STEP][PASSED] - click(findTestObject("ROLES/Roles_page/Pagination/front_navigation")): Object: 'Object Repository/ROLES/Roles_page/Pagination/front_navigation' is clicked on

2020-03-13 14:32:16 - [MESSAGE][PASSED] - Object: 'Object Repository/ROLES/Roles_page/Pagination/front_navigation' is clicked on

2020-03-13 14:32:16 - [TEST_STEP][PASSED] - status = findWebElements(findTestObject("ROLES/Roles_page/sorting/status"), 2): null

2020-03-13 14:32:17 - [TEST_STEP][PASSED] - for (org.openqa.selenium.WebElement a : status): null

2020-03-13 14:32:17 - [TEST_STEP][PASSED] - s = a.getText(): null

2020-03-13 14:32:17 - [TEST_STEP][PASSED] - if (s == "Active"): null

2020-03-13 14:32:17 - [TEST_STEP][PASSED] - ActiveStatus.add(s): null

2020-03-13 14:32:17 - [TEST_STEP][PASSED] - s = a.getText(): null

2020-03-13 14:32:17 - [TEST_STEP][PASSED] - if (s == "Active"): null

2020-03-13 14:32:17 - [TEST_STEP][PASSED] - ActiveStatus.add(s): null

2020-03-13 14:32:17 - [TEST_STEP][PASSED] - s = a.getText(): null

2020-03-13 14:32:17 - [TEST_STEP][PASSED] - if (s == "Active"): null

2020-03-13 14:32:17 - [TEST_STEP][PASSED] - ActiveStatus.add(s): null

2020-03-13 14:32:17 - [TEST_STEP][PASSED] - s = a.getText(): null

2020-03-13 14:32:17 - [TEST_STEP][PASSED] - if (s == "Active"): null

2020-03-13 14:32:17 - [TEST_STEP][PASSED] - else: null

2020-03-13 14:32:17 - [TEST_STEP][PASSED] - ArchivedStatus.add(s): null

2020-03-13 14:32:17 - [TEST_STEP][PASSED] - s = a.getText(): null

2020-03-13 14:32:17 - [TEST_STEP][PASSED] - if (s == "Active"): null

2020-03-13 14:32:17 - [TEST_STEP][PASSED] - ActiveStatus.add(s): null

2020-03-13 14:32:17 - [TEST_STEP][PASSED] - s = a.getText(): null

2020-03-13 14:32:17 - [TEST_STEP][PASSED] - if (s == "Active"): null

2020-03-13 14:32:17 - [TEST_STEP][PASSED] - ActiveStatus.add(s): null

2020-03-13 14:32:17 - [TEST_STEP][PASSED] - s = a.getText(): null

2020-03-13 14:32:17 - [TEST_STEP][PASSED] - if (s == "Active"): null

2020-03-13 14:32:17 - [TEST_STEP][PASSED] - ActiveStatus.add(s): null

2020-03-13 14:32:17 - [TEST_STEP][PASSED] - s = a.getText(): null

2020-03-13 14:32:17 - [TEST_STEP][PASSED] - if (s == "Active"): null

2020-03-13 14:32:17 - [TEST_STEP][PASSED] - ActiveStatus.add(s): null

2020-03-13 14:32:17 - [TEST_STEP][PASSED] - s = a.getText(): null

2020-03-13 14:32:17 - [TEST_STEP][PASSED] - if (s == "Active"): null

2020-03-13 14:32:17 - [TEST_STEP][PASSED] - else: null

2020-03-13 14:32:17 - [TEST_STEP][PASSED] - ArchivedStatus.add(s): null

2020-03-13 14:32:17 - [TEST_STEP][PASSED] - s = a.getText(): null

2020-03-13 14:32:17 - [TEST_STEP][PASSED] - if (s == "Active"): null

2020-03-13 14:32:17 - [TEST_STEP][PASSED] - ActiveStatus.add(s): null

2020-03-13 14:32:17 - [TEST_STEP][PASSED] - click(findTestObject("ROLES/Roles_page/Pagination/front_navigation")): Object: 'Object Repository/ROLES/Roles_page/Pagination/front_navigation' is clicked on

2020-03-13 14:32:18 - [MESSAGE][PASSED] - Object: 'Object Repository/ROLES/Roles_page/Pagination/front_navigation' is clicked on

2020-03-13 14:32:18 - [TEST_STEP][PASSED] - status = findWebElements(findTestObject("ROLES/Roles_page/sorting/status"), 2): null

2020-03-13 14:32:19 - [TEST_STEP][PASSED] - for (org.openqa.selenium.WebElement a : status): null

2020-03-13 14:32:19 - [TEST_STEP][PASSED] - s = a.getText(): null

2020-03-13 14:32:19 - [TEST_STEP][PASSED] - if (s == "Active"): null

2020-03-13 14:32:19 - [TEST_STEP][PASSED] - else: null

2020-03-13 14:32:19 - [TEST_STEP][PASSED] - ArchivedStatus.add(s): null

2020-03-13 14:32:19 - [TEST_STEP][PASSED] - s = a.getText(): null

2020-03-13 14:32:19 - [TEST_STEP][PASSED] - if (s == "Active"): null

2020-03-13 14:32:19 - [TEST_STEP][PASSED] - ActiveStatus.add(s): null

2020-03-13 14:32:19 - [TEST_STEP][PASSED] - s = a.getText(): null

2020-03-13 14:32:19 - [TEST_STEP][PASSED] - if (s == "Active"): null

2020-03-13 14:32:19 - [TEST_STEP][PASSED] - ActiveStatus.add(s): null

2020-03-13 14:32:19 - [TEST_STEP][PASSED] - s = a.getText(): null

2020-03-13 14:32:19 - [TEST_STEP][PASSED] - if (s == "Active"): null

2020-03-13 14:32:19 - [TEST_STEP][PASSED] - ActiveStatus.add(s): null

2020-03-13 14:32:19 - [TEST_STEP][PASSED] - s = a.getText(): null

2020-03-13 14:32:19 - [TEST_STEP][PASSED] - if (s == "Active"): null

2020-03-13 14:32:19 - [TEST_STEP][PASSED] - ActiveStatus.add(s): null

2020-03-13 14:32:19 - [TEST_STEP][PASSED] - s = a.getText(): null

2020-03-13 14:32:19 - [TEST_STEP][PASSED] - if (s == "Active"): null

2020-03-13 14:32:19 - [TEST_STEP][PASSED] - ActiveStatus.add(s): null

2020-03-13 14:32:19 - [TEST_STEP][PASSED] - s = a.getText(): null

2020-03-13 14:32:19 - [TEST_STEP][PASSED] - if (s == "Active"): null

2020-03-13 14:32:19 - [TEST_STEP][PASSED] - ActiveStatus.add(s): null

2020-03-13 14:32:19 - [TEST_STEP][PASSED] - s = a.getText(): null

2020-03-13 14:32:19 - [TEST_STEP][PASSED] - if (s == "Active"): null

2020-03-13 14:32:19 - [TEST_STEP][PASSED] - ActiveStatus.add(s): null

2020-03-13 14:32:19 - [TEST_STEP][PASSED] - s = a.getText(): null

2020-03-13 14:32:19 - [TEST_STEP][PASSED] - if (s == "Active"): null

2020-03-13 14:32:19 - [TEST_STEP][PASSED] - ActiveStatus.add(s): null

2020-03-13 14:32:19 - [TEST_STEP][PASSED] - s = a.getText(): null

2020-03-13 14:32:19 - [TEST_STEP][PASSED] - if (s == "Active"): null

2020-03-13 14:32:19 - [TEST_STEP][PASSED] - ActiveStatus.add(s): null

2020-03-13 14:32:19 - [TEST_STEP][PASSED] - click(findTestObject("ROLES/Roles_page/Pagination/front_navigation")): Object: 'Object Repository/ROLES/Roles_page/Pagination/front_navigation' is clicked on

2020-03-13 14:32:20 - [MESSAGE][PASSED] - Object: 'Object Repository/ROLES/Roles_page/Pagination/front_navigation' is clicked on

2020-03-13 14:32:20 - [TEST_STEP][PASSED] - status = findWebElements(findTestObject("ROLES/Roles_page/sorting/status"), 2): null

2020-03-13 14:32:21 - [TEST_STEP][PASSED] - for (org.openqa.selenium.WebElement a : status): null

2020-03-13 14:32:21 - [TEST_STEP][PASSED] - s = a.getText(): null

2020-03-13 14:32:21 - [TEST_STEP][PASSED] - if (s == "Active"): null

2020-03-13 14:32:21 - [TEST_STEP][PASSED] - ActiveStatus.add(s): null

2020-03-13 14:32:21 - [TEST_STEP][PASSED] - s = a.getText(): null

2020-03-13 14:32:21 - [TEST_STEP][PASSED] - if (s == "Active"): null

2020-03-13 14:32:21 - [TEST_STEP][PASSED] - ActiveStatus.add(s): null

2020-03-13 14:32:21 - [TEST_STEP][PASSED] - s = a.getText(): null

2020-03-13 14:32:21 - [TEST_STEP][PASSED] - if (s == "Active"): null

2020-03-13 14:32:21 - [TEST_STEP][PASSED] - ActiveStatus.add(s): null

2020-03-13 14:32:21 - [TEST_STEP][PASSED] - s = a.getText(): null

2020-03-13 14:32:21 - [TEST_STEP][PASSED] - if (s == "Active"): null

2020-03-13 14:32:21 - [TEST_STEP][PASSED] - ActiveStatus.add(s): null

2020-03-13 14:32:21 - [TEST_STEP][PASSED] - s = a.getText(): null

2020-03-13 14:32:21 - [TEST_STEP][PASSED] - if (s == "Active"): null

2020-03-13 14:32:21 - [TEST_STEP][PASSED] - ActiveStatus.add(s): null

2020-03-13 14:32:21 - [TEST_STEP][PASSED] - s = a.getText(): null

2020-03-13 14:32:21 - [TEST_STEP][PASSED] - if (s == "Active"): null

2020-03-13 14:32:21 - [TEST_STEP][PASSED] - ActiveStatus.add(s): null

2020-03-13 14:32:21 - [TEST_STEP][PASSED] - s = a.getText(): null

2020-03-13 14:32:21 - [TEST_STEP][PASSED] - if (s == "Active"): null

2020-03-13 14:32:21 - [TEST_STEP][PASSED] - ActiveStatus.add(s): null

2020-03-13 14:32:21 - [TEST_STEP][PASSED] - s = a.getText(): null

2020-03-13 14:32:21 - [TEST_STEP][PASSED] - if (s == "Active"): null

2020-03-13 14:32:21 - [TEST_STEP][PASSED] - ActiveStatus.add(s): null

2020-03-13 14:32:21 - [TEST_STEP][PASSED] - s = a.getText(): null

2020-03-13 14:32:21 - [TEST_STEP][PASSED] - if (s == "Active"): null

2020-03-13 14:32:21 - [TEST_STEP][PASSED] - else: null

2020-03-13 14:32:21 - [TEST_STEP][PASSED] - ArchivedStatus.add(s): null

2020-03-13 14:32:21 - [TEST_STEP][PASSED] - s = a.getText(): null

2020-03-13 14:32:21 - [TEST_STEP][PASSED] - if (s == "Active"): null

2020-03-13 14:32:21 - [TEST_STEP][PASSED] - ActiveStatus.add(s): null

2020-03-13 14:32:21 - [TEST_STEP][PASSED] - click(findTestObject("ROLES/Roles_page/Pagination/front_navigation")): Object: 'Object Repository/ROLES/Roles_page/Pagination/front_navigation' is clicked on

2020-03-13 14:32:22 - [MESSAGE][PASSED] - Object: 'Object Repository/ROLES/Roles_page/Pagination/front_navigation' is clicked on

2020-03-13 14:32:22 - [TEST_STEP][PASSED] - status = findWebElements(findTestObject("ROLES/Roles_page/sorting/status"), 2): null

2020-03-13 14:32:22 - [TEST_STEP][PASSED] - for (org.openqa.selenium.WebElement a : status): null

2020-03-13 14:32:22 - [TEST_STEP][PASSED] - s = a.getText(): null

2020-03-13 14:32:22 - [TEST_STEP][PASSED] - if (s == "Active"): null

2020-03-13 14:32:22 - [TEST_STEP][PASSED] - ActiveStatus.add(s): null

2020-03-13 14:32:22 - [TEST_STEP][PASSED] - s = a.getText(): null

2020-03-13 14:32:22 - [TEST_STEP][PASSED] - if (s == "Active"): null

2020-03-13 14:32:22 - [TEST_STEP][PASSED] - ActiveStatus.add(s): null

2020-03-13 14:32:22 - [TEST_STEP][PASSED] - s = a.getText(): null

2020-03-13 14:32:22 - [TEST_STEP][PASSED] - if (s == "Active"): null

2020-03-13 14:32:22 - [TEST_STEP][PASSED] - ActiveStatus.add(s): null

2020-03-13 14:32:22 - [TEST_STEP][PASSED] - s = a.getText(): null

2020-03-13 14:32:22 - [TEST_STEP][PASSED] - if (s == "Active"): null

2020-03-13 14:32:22 - [TEST_STEP][PASSED] - ActiveStatus.add(s): null

2020-03-13 14:32:22 - [TEST_STEP][PASSED] - s = a.getText(): null

2020-03-13 14:32:22 - [TEST_STEP][PASSED] - if (s == "Active"): null

2020-03-13 14:32:22 - [TEST_STEP][PASSED] - ActiveStatus.add(s): null

2020-03-13 14:32:22 - [TEST_STEP][PASSED] - s = a.getText(): null

2020-03-13 14:32:23 - [TEST_STEP][PASSED] - if (s == "Active"): null

2020-03-13 14:32:23 - [TEST_STEP][PASSED] - ActiveStatus.add(s): null

2020-03-13 14:32:23 - [TEST_STEP][PASSED] - s = a.getText(): null

2020-03-13 14:32:23 - [TEST_STEP][PASSED] - if (s == "Active"): null

2020-03-13 14:32:23 - [TEST_STEP][PASSED] - ActiveStatus.add(s): null

2020-03-13 14:32:23 - [TEST_STEP][PASSED] - s = a.getText(): null

2020-03-13 14:32:23 - [TEST_STEP][PASSED] - if (s == "Active"): null

2020-03-13 14:32:23 - [TEST_STEP][PASSED] - else: null

2020-03-13 14:32:23 - [TEST_STEP][PASSED] - ArchivedStatus.add(s): null

2020-03-13 14:32:23 - [TEST_STEP][PASSED] - s = a.getText(): null

2020-03-13 14:32:23 - [TEST_STEP][PASSED] - if (s == "Active"): null

2020-03-13 14:32:23 - [TEST_STEP][PASSED] - ActiveStatus.add(s): null

2020-03-13 14:32:23 - [TEST_STEP][PASSED] - s = a.getText(): null

2020-03-13 14:32:23 - [TEST_STEP][PASSED] - if (s == "Active"): null

2020-03-13 14:32:23 - [TEST_STEP][PASSED] - ActiveStatus.add(s): null

2020-03-13 14:32:23 - [TEST_STEP][PASSED] - click(findTestObject("ROLES/Roles_page/Pagination/front_navigation")): Object: 'Object Repository/ROLES/Roles_page/Pagination/front_navigation' is clicked on

2020-03-13 14:32:23 - [MESSAGE][PASSED] - Object: 'Object Repository/ROLES/Roles_page/Pagination/front_navigation' is clicked on

2020-03-13 14:32:23 - [TEST_STEP][PASSED] - status = findWebElements(findTestObject("ROLES/Roles_page/sorting/status"), 2): null

2020-03-13 14:32:24 - [TEST_STEP][PASSED] - for (org.openqa.selenium.WebElement a : status): null

2020-03-13 14:32:24 - [TEST_STEP][PASSED] - s = a.getText(): null

2020-03-13 14:32:24 - [TEST_STEP][PASSED] - if (s == "Active"): null

2020-03-13 14:32:24 - [TEST_STEP][PASSED] - ActiveStatus.add(s): null

2020-03-13 14:32:24 - [TEST_STEP][PASSED] - s = a.getText(): null

2020-03-13 14:32:24 - [TEST_STEP][PASSED] - if (s == "Active"): null

2020-03-13 14:32:24 - [TEST_STEP][PASSED] - ActiveStatus.add(s): null

2020-03-13 14:32:24 - [TEST_STEP][PASSED] - s = a.getText(): null

2020-03-13 14:32:24 - [TEST_STEP][PASSED] - if (s == "Active"): null

2020-03-13 14:32:24 - [TEST_STEP][PASSED] - ActiveStatus.add(s): null

2020-03-13 14:32:24 - [TEST_STEP][PASSED] - s = a.getText(): null

2020-03-13 14:32:24 - [TEST_STEP][PASSED] - if (s == "Active"): null

2020-03-13 14:32:24 - [TEST_STEP][PASSED] - ActiveStatus.add(s): null

2020-03-13 14:32:24 - [TEST_STEP][PASSED] - s = a.getText(): null

2020-03-13 14:32:25 - [TEST_STEP][PASSED] - if (s == "Active"): null

2020-03-13 14:32:25 - [TEST_STEP][PASSED] - ActiveStatus.add(s): null

2020-03-13 14:32:25 - [TEST_STEP][PASSED] - s = a.getText(): null

2020-03-13 14:32:25 - [TEST_STEP][PASSED] - if (s == "Active"): null

2020-03-13 14:32:25 - [TEST_STEP][PASSED] - ActiveStatus.add(s): null

2020-03-13 14:32:25 - [TEST_STEP][PASSED] - s = a.getText(): null

2020-03-13 14:32:25 - [TEST_STEP][PASSED] - if (s == "Active"): null

2020-03-13 14:32:25 - [TEST_STEP][PASSED] - ActiveStatus.add(s): null

2020-03-13 14:32:25 - [TEST_STEP][PASSED] - s = a.getText(): null

2020-03-13 14:32:25 - [TEST_STEP][PASSED] - if (s == "Active"): null

2020-03-13 14:32:25 - [TEST_STEP][PASSED] - ActiveStatus.add(s): null

2020-03-13 14:32:25 - [TEST_STEP][PASSED] - s = a.getText(): null

2020-03-13 14:32:25 - [TEST_STEP][PASSED] - if (s == "Active"): null

2020-03-13 14:32:25 - [TEST_STEP][PASSED] - ActiveStatus.add(s): null

2020-03-13 14:32:25 - [TEST_STEP][PASSED] - s = a.getText(): null

2020-03-13 14:32:25 - [TEST_STEP][PASSED] - if (s == "Active"): null

2020-03-13 14:32:25 - [TEST_STEP][PASSED] - ActiveStatus.add(s): null

2020-03-13 14:32:25 - [TEST_STEP][PASSED] - click(findTestObject("ROLES/Roles_page/Pagination/front_navigation")): Object: 'Object Repository/ROLES/Roles_page/Pagination/front_navigation' is clicked on

2020-03-13 14:32:25 - [MESSAGE][PASSED] - Object: 'Object Repository/ROLES/Roles_page/Pagination/front_navigation' is clicked on

2020-03-13 14:32:25 - [TEST_STEP][PASSED] - status = findWebElements(findTestObject("ROLES/Roles_page/sorting/status"), 2): null

2020-03-13 14:32:26 - [TEST_STEP][PASSED] - for (org.openqa.selenium.WebElement a : status): null

2020-03-13 14:32:26 - [TEST_STEP][PASSED] - s = a.getText(): null

2020-03-13 14:32:26 - [TEST_STEP][PASSED] - if (s == "Active"): null

2020-03-13 14:32:26 - [TEST_STEP][PASSED] - ActiveStatus.add(s): null

2020-03-13 14:32:26 - [TEST_STEP][PASSED] - s = a.getText(): null

2020-03-13 14:32:26 - [TEST_STEP][PASSED] - if (s == "Active"): null

2020-03-13 14:32:26 - [TEST_STEP][PASSED] - ActiveStatus.add(s): null

2020-03-13 14:32:26 - [TEST_STEP][PASSED] - s = a.getText(): null

2020-03-13 14:32:26 - [TEST_STEP][PASSED] - if (s == "Active"): null

2020-03-13 14:32:26 - [TEST_STEP][PASSED] - ActiveStatus.add(s): null

2020-03-13 14:32:26 - [TEST_STEP][PASSED] - s = a.getText(): null

2020-03-13 14:32:26 - [TEST_STEP][PASSED] - if (s == "Active"): null

2020-03-13 14:32:26 - [TEST_STEP][PASSED] - ActiveStatus.add(s): null

2020-03-13 14:32:26 - [TEST_STEP][PASSED] - s = a.getText(): null

2020-03-13 14:32:26 - [TEST_STEP][PASSED] - if (s == "Active"): null

2020-03-13 14:32:26 - [TEST_STEP][PASSED] - ActiveStatus.add(s): null

2020-03-13 14:32:26 - [TEST_STEP][PASSED] - s = a.getText(): null

2020-03-13 14:32:26 - [TEST_STEP][PASSED] - if (s == "Active"): null

2020-03-13 14:32:26 - [TEST_STEP][PASSED] - else: null

2020-03-13 14:32:26 - [TEST_STEP][PASSED] - ArchivedStatus.add(s): null

2020-03-13 14:32:26 - [TEST_STEP][PASSED] - s = a.getText(): null

2020-03-13 14:32:26 - [TEST_STEP][PASSED] - if (s == "Active"): null

2020-03-13 14:32:26 - [TEST_STEP][PASSED] - ActiveStatus.add(s): null

2020-03-13 14:32:26 - [TEST_STEP][PASSED] - s = a.getText(): null

2020-03-13 14:32:26 - [TEST_STEP][PASSED] - if (s == "Active"): null

2020-03-13 14:32:26 - [TEST_STEP][PASSED] - ActiveStatus.add(s): null

2020-03-13 14:32:26 - [TEST_STEP][PASSED] - s = a.getText(): null

2020-03-13 14:32:26 - [TEST_STEP][PASSED] - if (s == "Active"): null

2020-03-13 14:32:26 - [TEST_STEP][PASSED] - ActiveStatus.add(s): null

2020-03-13 14:32:26 - [TEST_STEP][PASSED] - s = a.getText(): null

2020-03-13 14:32:26 - [TEST_STEP][PASSED] - if (s == "Active"): null

2020-03-13 14:32:26 - [TEST_STEP][PASSED] - ActiveStatus.add(s): null

2020-03-13 14:32:26 - [TEST_STEP][PASSED] - click(findTestObject("ROLES/Roles_page/Pagination/front_navigation")): Object: 'Object Repository/ROLES/Roles_page/Pagination/front_navigation' is clicked on

2020-03-13 14:32:27 - [MESSAGE][PASSED] - Object: 'Object Repository/ROLES/Roles_page/Pagination/front_navigation' is clicked on

2020-03-13 14:32:27 - [TEST_STEP][PASSED] - status = findWebElements(findTestObject("ROLES/Roles_page/sorting/status"), 2): null

2020-03-13 14:32:28 - [TEST_STEP][PASSED] - for (org.openqa.selenium.WebElement a : status): null

2020-03-13 14:32:28 - [TEST_STEP][PASSED] - s = a.getText(): null

2020-03-13 14:32:28 - [TEST_STEP][PASSED] - if (s == "Active"): null

2020-03-13 14:32:28 - [TEST_STEP][PASSED] - ActiveStatus.add(s): null

2020-03-13 14:32:28 - [TEST_STEP][PASSED] - s = a.getText(): null

2020-03-13 14:32:28 - [TEST_STEP][PASSED] - if (s == "Active"): null

2020-03-13 14:32:28 - [TEST_STEP][PASSED] - ActiveStatus.add(s): null

2020-03-13 14:32:28 - [TEST_STEP][PASSED] - s = a.getText(): null

2020-03-13 14:32:28 - [TEST_STEP][PASSED] - if (s == "Active"): null

2020-03-13 14:32:28 - [TEST_STEP][PASSED] - ActiveStatus.add(s): null

2020-03-13 14:32:28 - [TEST_STEP][PASSED] - s = a.getText(): null

2020-03-13 14:32:28 - [TEST_STEP][PASSED] - if (s == "Active"): null

2020-03-13 14:32:28 - [TEST_STEP][PASSED] - ActiveStatus.add(s): null

2020-03-13 14:32:28 - [TEST_STEP][PASSED] - s = a.getText(): null

2020-03-13 14:32:28 - [TEST_STEP][PASSED] - if (s == "Active"): null

2020-03-13 14:32:28 - [TEST_STEP][PASSED] - else: null

2020-03-13 14:32:28 - [TEST_STEP][PASSED] - ArchivedStatus.add(s): null

2020-03-13 14:32:28 - [TEST_STEP][PASSED] - s = a.getText(): null

2020-03-13 14:32:28 - [TEST_STEP][PASSED] - if (s == "Active"): null

2020-03-13 14:32:28 - [TEST_STEP][PASSED] - ActiveStatus.add(s): null

2020-03-13 14:32:28 - [TEST_STEP][PASSED] - s = a.getText(): null

2020-03-13 14:32:28 - [TEST_STEP][PASSED] - if (s == "Active"): null

2020-03-13 14:32:28 - [TEST_STEP][PASSED] - ActiveStatus.add(s): null

2020-03-13 14:32:28 - [TEST_STEP][PASSED] - s = a.getText(): null

2020-03-13 14:32:28 - [TEST_STEP][PASSED] - if (s == "Active"): null

2020-03-13 14:32:28 - [TEST_STEP][PASSED] - ActiveStatus.add(s): null

2020-03-13 14:32:28 - [TEST_STEP][PASSED] - s = a.getText(): null

2020-03-13 14:32:28 - [TEST_STEP][PASSED] - if (s == "Active"): null

2020-03-13 14:32:28 - [TEST_STEP][PASSED] - else: null

2020-03-13 14:32:28 - [TEST_STEP][PASSED] - ArchivedStatus.add(s): null

2020-03-13 14:32:28 - [TEST_STEP][PASSED] - s = a.getText(): null

2020-03-13 14:32:28 - [TEST_STEP][PASSED] - if (s == "Active"): null

2020-03-13 14:32:28 - [TEST_STEP][PASSED] - ActiveStatus.add(s): null

2020-03-13 14:32:28 - [TEST_STEP][PASSED] - click(findTestObject("ROLES/Roles_page/Pagination/front_navigation")): Object: 'Object Repository/ROLES/Roles_page/Pagination/front_navigation' is clicked on

2020-03-13 14:32:29 - [MESSAGE][PASSED] - Object: 'Object Repository/ROLES/Roles_page/Pagination/front_navigation' is clicked on

2020-03-13 14:32:29 - [TEST_STEP][PASSED] - status = findWebElements(findTestObject("ROLES/Roles_page/sorting/status"), 2): null

2020-03-13 14:32:29 - [TEST_STEP][PASSED] - for (org.openqa.selenium.WebElement a : status): null

2020-03-13 14:32:29 - [TEST_STEP][PASSED] - s = a.getText(): null

2020-03-13 14:32:29 - [TEST_STEP][PASSED] - if (s == "Active"): null

2020-03-13 14:32:29 - [TEST_STEP][PASSED] - ActiveStatus.add(s): null

2020-03-13 14:32:29 - [TEST_STEP][PASSED] - s = a.getText(): null

2020-03-13 14:32:30 - [TEST_STEP][PASSED] - if (s == "Active"): null

2020-03-13 14:32:30 - [TEST_STEP][PASSED] - else: null

2020-03-13 14:32:30 - [TEST_STEP][PASSED] - ArchivedStatus.add(s): null

2020-03-13 14:32:30 - [TEST_STEP][PASSED] - s = a.getText(): null

2020-03-13 14:32:30 - [TEST_STEP][PASSED] - if (s == "Active"): null

2020-03-13 14:32:30 - [TEST_STEP][PASSED] - ActiveStatus.add(s): null

2020-03-13 14:32:30 - [TEST_STEP][PASSED] - s = a.getText(): null

2020-03-13 14:32:30 - [TEST_STEP][PASSED] - if (s == "Active"): null

2020-03-13 14:32:30 - [TEST_STEP][PASSED] - ActiveStatus.add(s): null

2020-03-13 14:32:30 - [TEST_STEP][PASSED] - s = a.getText(): null

2020-03-13 14:32:30 - [TEST_STEP][PASSED] - if (s == "Active"): null

2020-03-13 14:32:30 - [TEST_STEP][PASSED] - ActiveStatus.add(s): null

2020-03-13 14:32:30 - [TEST_STEP][PASSED] - s = a.getText(): null

2020-03-13 14:32:30 - [TEST_STEP][PASSED] - if (s == "Active"): null

2020-03-13 14:32:30 - [TEST_STEP][PASSED] - ActiveStatus.add(s): null

2020-03-13 14:32:30 - [TEST_STEP][PASSED] - s = a.getText(): null

2020-03-13 14:32:30 - [TEST_STEP][PASSED] - if (s == "Active"): null

2020-03-13 14:32:30 - [TEST_STEP][PASSED] - ActiveStatus.add(s): null

2020-03-13 14:32:30 - [TEST_STEP][PASSED] - s = a.getText(): null

2020-03-13 14:32:30 - [TEST_STEP][PASSED] - if (s == "Active"): null

2020-03-13 14:32:30 - [TEST_STEP][PASSED] - ActiveStatus.add(s): null

2020-03-13 14:32:30 - [TEST_STEP][PASSED] - s = a.getText(): null

2020-03-13 14:32:30 - [TEST_STEP][PASSED] - if (s == "Active"): null

2020-03-13 14:32:30 - [TEST_STEP][PASSED] - ActiveStatus.add(s): null

2020-03-13 14:32:30 - [TEST_STEP][PASSED] - s = a.getText(): null

2020-03-13 14:32:30 - [TEST_STEP][PASSED] - if (s == "Active"): null

2020-03-13 14:32:30 - [TEST_STEP][PASSED] - ActiveStatus.add(s): null

2020-03-13 14:32:30 - [TEST_STEP][PASSED] - click(findTestObject("ROLES/Roles_page/Pagination/front_navigation")): Object: 'Object Repository/ROLES/Roles_page/Pagination/front_navigation' is clicked on

2020-03-13 14:32:30 - [MESSAGE][PASSED] - Object: 'Object Repository/ROLES/Roles_page/Pagination/front_navigation' is clicked on

2020-03-13 14:32:30 - [TEST_STEP][PASSED] - status = findWebElements(findTestObject("ROLES/Roles_page/sorting/status"), 2): null

2020-03-13 14:32:31 - [TEST_STEP][PASSED] - for (org.openqa.selenium.WebElement a : status): null

2020-03-13 14:32:31 - [TEST_STEP][PASSED] - s = a.getText(): null

2020-03-13 14:32:31 - [TEST_STEP][PASSED] - if (s == "Active"): null

2020-03-13 14:32:31 - [TEST_STEP][PASSED] - ActiveStatus.add(s): null

2020-03-13 14:32:31 - [TEST_STEP][PASSED] - s = a.getText(): null

2020-03-13 14:32:31 - [TEST_STEP][PASSED] - if (s == "Active"): null

2020-03-13 14:32:31 - [TEST_STEP][PASSED] - ActiveStatus.add(s): null

2020-03-13 14:32:31 - [TEST_STEP][PASSED] - s = a.getText(): null

2020-03-13 14:32:31 - [TEST_STEP][PASSED] - if (s == "Active"): null

2020-03-13 14:32:31 - [TEST_STEP][PASSED] - ActiveStatus.add(s): null

2020-03-13 14:32:31 - [TEST_STEP][PASSED] - s = a.getText(): null

2020-03-13 14:32:31 - [TEST_STEP][PASSED] - if (s == "Active"): null

2020-03-13 14:32:31 - [TEST_STEP][PASSED] - ActiveStatus.add(s): null

2020-03-13 14:32:31 - [TEST_STEP][PASSED] - s = a.getText(): null

2020-03-13 14:32:31 - [TEST_STEP][PASSED] - if (s == "Active"): null

2020-03-13 14:32:31 - [TEST_STEP][PASSED] - ActiveStatus.add(s): null

2020-03-13 14:32:31 - [TEST_STEP][PASSED] - s = a.getText(): null

2020-03-13 14:32:31 - [TEST_STEP][PASSED] - if (s == "Active"): null

2020-03-13 14:32:31 - [TEST_STEP][PASSED] - ActiveStatus.add(s): null

2020-03-13 14:32:31 - [TEST_STEP][PASSED] - s = a.getText(): null

2020-03-13 14:32:31 - [TEST_STEP][PASSED] - if (s == "Active"): null

2020-03-13 14:32:31 - [TEST_STEP][PASSED] - ActiveStatus.add(s): null

2020-03-13 14:32:31 - [TEST_STEP][PASSED] - s = a.getText(): null

2020-03-13 14:32:31 - [TEST_STEP][PASSED] - if (s == "Active"): null

2020-03-13 14:32:31 - [TEST_STEP][PASSED] - else: null

2020-03-13 14:32:31 - [TEST_STEP][PASSED] - ArchivedStatus.add(s): null

2020-03-13 14:32:31 - [TEST_STEP][PASSED] - s = a.getText(): null

2020-03-13 14:32:31 - [TEST_STEP][PASSED] - if (s == "Active"): null

2020-03-13 14:32:31 - [TEST_STEP][PASSED] - ActiveStatus.add(s): null

2020-03-13 14:32:31 - [TEST_STEP][PASSED] - s = a.getText(): null

2020-03-13 14:32:32 - [TEST_STEP][PASSED] - if (s == "Active"): null

2020-03-13 14:32:32 - [TEST_STEP][PASSED] - ActiveStatus.add(s): null

2020-03-13 14:32:32 - [TEST_STEP][PASSED] - click(findTestObject("ROLES/Roles_page/Pagination/front_navigation")): Object: 'Object Repository/ROLES/Roles_page/Pagination/front_navigation' is clicked on

2020-03-13 14:32:32 - [MESSAGE][PASSED] - Object: 'Object Repository/ROLES/Roles_page/Pagination/front_navigation' is clicked on

2020-03-13 14:32:32 - [TEST_STEP][PASSED] - status = findWebElements(findTestObject("ROLES/Roles_page/sorting/status"), 2): null

2020-03-13 14:32:33 - [TEST_STEP][PASSED] - for (org.openqa.selenium.WebElement a : status): null

2020-03-13 14:32:33 - [TEST_STEP][PASSED] - s = a.getText(): null

2020-03-13 14:32:33 - [TEST_STEP][PASSED] - if (s == "Active"): null

2020-03-13 14:32:33 - [TEST_STEP][PASSED] - else: null

2020-03-13 14:32:33 - [TEST_STEP][PASSED] - ArchivedStatus.add(s): null

2020-03-13 14:32:33 - [TEST_STEP][PASSED] - s = a.getText(): null

2020-03-13 14:32:33 - [TEST_STEP][PASSED] - if (s == "Active"): null

2020-03-13 14:32:33 - [TEST_STEP][PASSED] - ActiveStatus.add(s): null

2020-03-13 14:32:33 - [TEST_STEP][PASSED] - s = a.getText(): null

2020-03-13 14:32:33 - [TEST_STEP][PASSED] - if (s == "Active"): null

2020-03-13 14:32:33 - [TEST_STEP][PASSED] - ActiveStatus.add(s): null

2020-03-13 14:32:33 - [TEST_STEP][PASSED] - s = a.getText(): null

2020-03-13 14:32:33 - [TEST_STEP][PASSED] - if (s == "Active"): null

2020-03-13 14:32:33 - [TEST_STEP][PASSED] - ActiveStatus.add(s): null

2020-03-13 14:32:33 - [TEST_STEP][PASSED] - s = a.getText(): null

2020-03-13 14:32:33 - [TEST_STEP][PASSED] - if (s == "Active"): null

2020-03-13 14:32:33 - [TEST_STEP][PASSED] - ActiveStatus.add(s): null

2020-03-13 14:32:33 - [TEST_STEP][PASSED] - s = a.getText(): null

2020-03-13 14:32:33 - [TEST_STEP][PASSED] - if (s == "Active"): null

2020-03-13 14:32:33 - [TEST_STEP][PASSED] - ActiveStatus.add(s): null

2020-03-13 14:32:33 - [TEST_STEP][PASSED] - s = a.getText(): null

2020-03-13 14:32:33 - [TEST_STEP][PASSED] - if (s == "Active"): null

2020-03-13 14:32:33 - [TEST_STEP][PASSED] - ActiveStatus.add(s): null

2020-03-13 14:32:33 - [TEST_STEP][PASSED] - s = a.getText(): null

2020-03-13 14:32:33 - [TEST_STEP][PASSED] - if (s == "Active"): null

2020-03-13 14:32:33 - [TEST_STEP][PASSED] - ActiveStatus.add(s): null

2020-03-13 14:32:33 - [TEST_STEP][PASSED] - s = a.getText(): null

2020-03-13 14:32:33 - [TEST_STEP][PASSED] - if (s == "Active"): null

2020-03-13 14:32:33 - [TEST_STEP][PASSED] - ActiveStatus.add(s): null

2020-03-13 14:32:33 - [TEST_STEP][PASSED] - s = a.getText(): null

2020-03-13 14:32:33 - [TEST_STEP][PASSED] - if (s == "Active"): null

2020-03-13 14:32:33 - [TEST_STEP][PASSED] - ActiveStatus.add(s): null

2020-03-13 14:32:33 - [TEST_STEP][PASSED] - click(findTestObject("ROLES/Roles_page/Pagination/front_navigation")): Object: 'Object Repository/ROLES/Roles_page/Pagination/front_navigation' is clicked on

2020-03-13 14:32:34 - [MESSAGE][PASSED] - Object: 'Object Repository/ROLES/Roles_page/Pagination/front_navigation' is clicked on

2020-03-13 14:32:34 - [TEST_STEP][PASSED] - status = findWebElements(findTestObject("ROLES/Roles_page/sorting/status"), 2): null

2020-03-13 14:32:34 - [TEST_STEP][PASSED] - for (org.openqa.selenium.WebElement a : status): null

2020-03-13 14:32:34 - [TEST_STEP][PASSED] - s = a.getText(): null

2020-03-13 14:32:34 - [TEST_STEP][PASSED] - if (s == "Active"): null

2020-03-13 14:32:34 - [TEST_STEP][PASSED] - ActiveStatus.add(s): null

2020-03-13 14:32:34 - [TEST_STEP][PASSED] - s = a.getText(): null

2020-03-13 14:32:34 - [TEST_STEP][PASSED] - if (s == "Active"): null

2020-03-13 14:32:34 - [TEST_STEP][PASSED] - ActiveStatus.add(s): null

2020-03-13 14:32:34 - [TEST_STEP][PASSED] - s = a.getText(): null

2020-03-13 14:32:34 - [TEST_STEP][PASSED] - if (s == "Active"): null

2020-03-13 14:32:34 - [TEST_STEP][PASSED] - ActiveStatus.add(s): null

2020-03-13 14:32:34 - [TEST_STEP][PASSED] - s = a.getText(): null

2020-03-13 14:32:34 - [TEST_STEP][PASSED] - if (s == "Active"): null

2020-03-13 14:32:34 - [TEST_STEP][PASSED] - ActiveStatus.add(s): null

2020-03-13 14:32:35 - [TEST_STEP][PASSED] - s = a.getText(): null

2020-03-13 14:32:35 - [TEST_STEP][PASSED] - if (s == "Active"): null

2020-03-13 14:32:35 - [TEST_STEP][PASSED] - ActiveStatus.add(s): null

2020-03-13 14:32:35 - [TEST_STEP][PASSED] - s = a.getText(): null

2020-03-13 14:32:35 - [TEST_STEP][PASSED] - if (s == "Active"): null

2020-03-13 14:32:35 - [TEST_STEP][PASSED] - ActiveStatus.add(s): null

2020-03-13 14:32:35 - [TEST_STEP][PASSED] - s = a.getText(): null

2020-03-13 14:32:35 - [TEST_STEP][PASSED] - if (s == "Active"): null

2020-03-13 14:32:35 - [TEST_STEP][PASSED] - ActiveStatus.add(s): null

2020-03-13 14:32:35 - [TEST_STEP][PASSED] - s = a.getText(): null

2020-03-13 14:32:35 - [TEST_STEP][PASSED] - if (s == "Active"): null

2020-03-13 14:32:35 - [TEST_STEP][PASSED] - ActiveStatus.add(s): null

2020-03-13 14:32:35 - [TEST_STEP][PASSED] - s = a.getText(): null

2020-03-13 14:32:35 - [TEST_STEP][PASSED] - if (s == "Active"): null

2020-03-13 14:32:35 - [TEST_STEP][PASSED] - ActiveStatus.add(s): null

2020-03-13 14:32:35 - [TEST_STEP][PASSED] - s = a.getText(): null

2020-03-13 14:32:35 - [TEST_STEP][PASSED] - if (s == "Active"): null

2020-03-13 14:32:35 - [TEST_STEP][PASSED] - ActiveStatus.add(s): null

2020-03-13 14:32:35 - [TEST_STEP][PASSED] - click(findTestObject("ROLES/Roles_page/Pagination/front_navigation")): Object: 'Object Repository/ROLES/Roles_page/Pagination/front_navigation' is clicked on

2020-03-13 14:32:35 - [MESSAGE][PASSED] - Object: 'Object Repository/ROLES/Roles_page/Pagination/front_navigation' is clicked on

2020-03-13 14:32:35 - [TEST_STEP][PASSED] - status = findWebElements(findTestObject("ROLES/Roles_page/sorting/status"), 2): null

2020-03-13 14:32:36 - [TEST_STEP][PASSED] - for (org.openqa.selenium.WebElement a : status): null

2020-03-13 14:32:36 - [TEST_STEP][PASSED] - s = a.getText(): null

2020-03-13 14:32:36 - [TEST_STEP][PASSED] - if (s == "Active"): null

2020-03-13 14:32:36 - [TEST_STEP][PASSED] - ActiveStatus.add(s): null

2020-03-13 14:32:36 - [TEST_STEP][PASSED] - s = a.getText(): null

2020-03-13 14:32:36 - [TEST_STEP][PASSED] - if (s == "Active"): null

2020-03-13 14:32:36 - [TEST_STEP][PASSED] - ActiveStatus.add(s): null

2020-03-13 14:32:36 - [TEST_STEP][PASSED] - s = a.getText(): null

2020-03-13 14:32:36 - [TEST_STEP][PASSED] - if (s == "Active"): null

2020-03-13 14:32:36 - [TEST_STEP][PASSED] - ActiveStatus.add(s): null

2020-03-13 14:32:36 - [TEST_STEP][PASSED] - s = a.getText(): null

2020-03-13 14:32:36 - [TEST_STEP][PASSED] - if (s == "Active"): null

2020-03-13 14:32:36 - [TEST_STEP][PASSED] - ActiveStatus.add(s): null

2020-03-13 14:32:36 - [TEST_STEP][PASSED] - s = a.getText(): null

2020-03-13 14:32:36 - [TEST_STEP][PASSED] - if (s == "Active"): null

2020-03-13 14:32:36 - [TEST_STEP][PASSED] - ActiveStatus.add(s): null

2020-03-13 14:32:36 - [TEST_STEP][PASSED] - s = a.getText(): null

2020-03-13 14:32:36 - [TEST_STEP][PASSED] - if (s == "Active"): null

2020-03-13 14:32:36 - [TEST_STEP][PASSED] - ActiveStatus.add(s): null

2020-03-13 14:32:36 - [TEST_STEP][PASSED] - s = a.getText(): null

2020-03-13 14:32:36 - [TEST_STEP][PASSED] - if (s == "Active"): null

2020-03-13 14:32:36 - [TEST_STEP][PASSED] - ActiveStatus.add(s): null

2020-03-13 14:32:36 - [TEST_STEP][PASSED] - s = a.getText(): null

2020-03-13 14:32:36 - [TEST_STEP][PASSED] - if (s == "Active"): null

2020-03-13 14:32:36 - [TEST_STEP][PASSED] - ActiveStatus.add(s): null

2020-03-13 14:32:36 - [TEST_STEP][PASSED] - s = a.getText(): null

2020-03-13 14:32:36 - [TEST_STEP][PASSED] - if (s == "Active"): null

2020-03-13 14:32:36 - [TEST_STEP][PASSED] - ActiveStatus.add(s): null

2020-03-13 14:32:36 - [TEST_STEP][PASSED] - s = a.getText(): null

2020-03-13 14:32:36 - [TEST_STEP][PASSED] - if (s == "Active"): null

2020-03-13 14:32:36 - [TEST_STEP][PASSED] - else: null

2020-03-13 14:32:36 - [TEST_STEP][PASSED] - ArchivedStatus.add(s): null

2020-03-13 14:32:36 - [TEST_STEP][PASSED] - click(findTestObject("ROLES/Roles_page/Pagination/front_navigation")): Object: 'Object Repository/ROLES/Roles_page/Pagination/front_navigation' is clicked on

2020-03-13 14:32:37 - [MESSAGE][PASSED] - Object: 'Object Repository/ROLES/Roles_page/Pagination/front_navigation' is clicked on

2020-03-13 14:32:37 - [TEST_STEP][PASSED] - status = findWebElements(findTestObject("ROLES/Roles_page/sorting/status"), 2): null

2020-03-13 14:32:38 - [TEST_STEP][PASSED] - for (org.openqa.selenium.WebElement a : status): null

2020-03-13 14:32:38 - [TEST_STEP][PASSED] - s = a.getText(): null

2020-03-13 14:32:38 - [TEST_STEP][PASSED] - if (s == "Active"): null

2020-03-13 14:32:38 - [TEST_STEP][PASSED] - ActiveStatus.add(s): null

2020-03-13 14:32:38 - [TEST_STEP][PASSED] - s = a.getText(): null

2020-03-13 14:32:38 - [TEST_STEP][PASSED] - if (s == "Active"): null

2020-03-13 14:32:38 - [TEST_STEP][PASSED] - ActiveStatus.add(s): null

2020-03-13 14:32:38 - [TEST_STEP][PASSED] - s = a.getText(): null

2020-03-13 14:32:38 - [TEST_STEP][PASSED] - if (s == "Active"): null

2020-03-13 14:32:38 - [TEST_STEP][PASSED] - ActiveStatus.add(s): null

2020-03-13 14:32:38 - [TEST_STEP][PASSED] - s = a.getText(): null

2020-03-13 14:32:38 - [TEST_STEP][PASSED] - if (s == "Active"): null

2020-03-13 14:32:38 - [TEST_STEP][PASSED] - ActiveStatus.add(s): null

2020-03-13 14:32:38 - [TEST_STEP][PASSED] - s = a.getText(): null

2020-03-13 14:32:38 - [TEST_STEP][PASSED] - if (s == "Active"): null

2020-03-13 14:32:38 - [TEST_STEP][PASSED] - ActiveStatus.add(s): null

2020-03-13 14:32:38 - [TEST_STEP][PASSED] - s = a.getText(): null

2020-03-13 14:32:38 - [TEST_STEP][PASSED] - if (s == "Active"): null

2020-03-13 14:32:38 - [TEST_STEP][PASSED] - ActiveStatus.add(s): null

2020-03-13 14:32:38 - [TEST_STEP][PASSED] - s = a.getText(): null

2020-03-13 14:32:38 - [TEST_STEP][PASSED] - if (s == "Active"): null

2020-03-13 14:32:38 - [TEST_STEP][PASSED] - ActiveStatus.add(s): null

2020-03-13 14:32:38 - [TEST_STEP][PASSED] - s = a.getText(): null

2020-03-13 14:32:38 - [TEST_STEP][PASSED] - if (s == "Active"): null

2020-03-13 14:32:38 - [TEST_STEP][PASSED] - else: null

2020-03-13 14:32:38 - [TEST_STEP][PASSED] - ArchivedStatus.add(s): null

2020-03-13 14:32:38 - [TEST_STEP][PASSED] - s = a.getText(): null

2020-03-13 14:32:38 - [TEST_STEP][PASSED] - if (s == "Active"): null

2020-03-13 14:32:38 - [TEST_STEP][PASSED] - ActiveStatus.add(s): null

2020-03-13 14:32:38 - [TEST_STEP][PASSED] - s = a.getText(): null

2020-03-13 14:32:38 - [TEST_STEP][PASSED] - if (s == "Active"): null

2020-03-13 14:32:38 - [TEST_STEP][PASSED] - else: null

2020-03-13 14:32:38 - [TEST_STEP][PASSED] - ArchivedStatus.add(s): null

2020-03-13 14:32:38 - [TEST_STEP][PASSED] - click(findTestObject("ROLES/Roles_page/Pagination/front_navigation")): Object: 'Object Repository/ROLES/Roles_page/Pagination/front_navigation' is clicked on

2020-03-13 14:32:38 - [MESSAGE][PASSED] - Object: 'Object Repository/ROLES/Roles_page/Pagination/front_navigation' is clicked on

2020-03-13 14:32:38 - [TEST_STEP][PASSED] - status = findWebElements(findTestObject("ROLES/Roles_page/sorting/status"), 2): null

2020-03-13 14:32:39 - [TEST_STEP][PASSED] - for (org.openqa.selenium.WebElement a : status): null

2020-03-13 14:32:39 - [TEST_STEP][PASSED] - s = a.getText(): null

2020-03-13 14:32:39 - [TEST_STEP][PASSED] - if (s == "Active"): null

2020-03-13 14:32:39 - [TEST_STEP][PASSED] - else: null

2020-03-13 14:32:39 - [TEST_STEP][PASSED] - ArchivedStatus.add(s): null

2020-03-13 14:32:39 - [TEST_STEP][PASSED] - s = a.getText(): null

2020-03-13 14:32:39 - [TEST_STEP][PASSED] - if (s == "Active"): null

2020-03-13 14:32:39 - [TEST_STEP][PASSED] - ActiveStatus.add(s): null

2020-03-13 14:32:39 - [TEST_STEP][PASSED] - s = a.getText(): null

2020-03-13 14:32:39 - [TEST_STEP][PASSED] - if (s == "Active"): null

2020-03-13 14:32:39 - [TEST_STEP][PASSED] - ActiveStatus.add(s): null

2020-03-13 14:32:39 - [TEST_STEP][PASSED] - s = a.getText(): null

2020-03-13 14:32:39 - [TEST_STEP][PASSED] - if (s == "Active"): null

2020-03-13 14:32:39 - [TEST_STEP][PASSED] - ActiveStatus.add(s): null

2020-03-13 14:32:39 - [TEST_STEP][PASSED] - s = a.getText(): null

2020-03-13 14:32:39 - [TEST_STEP][PASSED] - if (s == "Active"): null

2020-03-13 14:32:39 - [TEST_STEP][PASSED] - ActiveStatus.add(s): null

2020-03-13 14:32:39 - [TEST_STEP][PASSED] - s = a.getText(): null

2020-03-13 14:32:39 - [TEST_STEP][PASSED] - if (s == "Active"): null

2020-03-13 14:32:39 - [TEST_STEP][PASSED] - ActiveStatus.add(s): null

2020-03-13 14:32:39 - [TEST_STEP][PASSED] - s = a.getText(): null

2020-03-13 14:32:39 - [TEST_STEP][PASSED] - if (s == "Active"): null

2020-03-13 14:32:39 - [TEST_STEP][PASSED] - ActiveStatus.add(s): null

2020-03-13 14:32:39 - [TEST_STEP][PASSED] - s = a.getText(): null

2020-03-13 14:32:39 - [TEST_STEP][PASSED] - if (s == "Active"): null

2020-03-13 14:32:39 - [TEST_STEP][PASSED] - ActiveStatus.add(s): null

2020-03-13 14:32:39 - [TEST_STEP][PASSED] - s = a.getText(): null

2020-03-13 14:32:39 - [TEST_STEP][PASSED] - if (s == "Active"): null

2020-03-13 14:32:39 - [TEST_STEP][PASSED] - ActiveStatus.add(s): null

2020-03-13 14:32:39 - [TEST_STEP][PASSED] - s = a.getText(): null

2020-03-13 14:32:40 - [TEST_STEP][PASSED] - if (s == "Active"): null

2020-03-13 14:32:40 - [TEST_STEP][PASSED] - ActiveStatus.add(s): null

2020-03-13 14:32:40 - [TEST_STEP][PASSED] - click(findTestObject("ROLES/Roles_page/Pagination/front_navigation")): Object: 'Object Repository/ROLES/Roles_page/Pagination/front_navigation' is clicked on

2020-03-13 14:32:40 - [MESSAGE][PASSED] - Object: 'Object Repository/ROLES/Roles_page/Pagination/front_navigation' is clicked on

2020-03-13 14:32:40 - [TEST_STEP][PASSED] - status = findWebElements(findTestObject("ROLES/Roles_page/sorting/status"), 2): null

2020-03-13 14:32:41 - [TEST_STEP][PASSED] - for (org.openqa.selenium.WebElement a : status): null

2020-03-13 14:32:41 - [TEST_STEP][PASSED] - s = a.getText(): null

2020-03-13 14:32:41 - [TEST_STEP][PASSED] - if (s == "Active"): null

2020-03-13 14:32:41 - [TEST_STEP][PASSED] - ActiveStatus.add(s): null

2020-03-13 14:32:41 - [TEST_STEP][PASSED] - s = a.getText(): null

2020-03-13 14:32:41 - [TEST_STEP][PASSED] - if (s == "Active"): null

2020-03-13 14:32:41 - [TEST_STEP][PASSED] - else: null

2020-03-13 14:32:41 - [TEST_STEP][PASSED] - ArchivedStatus.add(s): null

2020-03-13 14:32:41 - [TEST_STEP][PASSED] - s = a.getText(): null

2020-03-13 14:32:41 - [TEST_STEP][PASSED] - if (s == "Active"): null

2020-03-13 14:32:41 - [TEST_STEP][PASSED] - ActiveStatus.add(s): null

2020-03-13 14:32:41 - [TEST_STEP][PASSED] - s = a.getText(): null

2020-03-13 14:32:41 - [TEST_STEP][PASSED] - if (s == "Active"): null

2020-03-13 14:32:41 - [TEST_STEP][PASSED] - ActiveStatus.add(s): null

2020-03-13 14:32:41 - [TEST_STEP][PASSED] - s = a.getText(): null

2020-03-13 14:32:41 - [TEST_STEP][PASSED] - if (s == "Active"): null

2020-03-13 14:32:41 - [TEST_STEP][PASSED] - ActiveStatus.add(s): null

2020-03-13 14:32:41 - [TEST_STEP][PASSED] - s = a.getText(): null

2020-03-13 14:32:41 - [TEST_STEP][PASSED] - if (s == "Active"): null

2020-03-13 14:32:41 - [TEST_STEP][PASSED] - ActiveStatus.add(s): null

2020-03-13 14:32:41 - [TEST_STEP][PASSED] - s = a.getText(): null

2020-03-13 14:32:41 - [TEST_STEP][PASSED] - if (s == "Active"): null

2020-03-13 14:32:41 - [TEST_STEP][PASSED] - ActiveStatus.add(s): null

2020-03-13 14:32:41 - [TEST_STEP][PASSED] - s = a.getText(): null

2020-03-13 14:32:41 - [TEST_STEP][PASSED] - if (s == "Active"): null

2020-03-13 14:32:41 - [TEST_STEP][PASSED] - ActiveStatus.add(s): null

2020-03-13 14:32:41 - [TEST_STEP][PASSED] - s = a.getText(): null

2020-03-13 14:32:41 - [TEST_STEP][PASSED] - if (s == "Active"): null

2020-03-13 14:32:41 - [TEST_STEP][PASSED] - ActiveStatus.add(s): null

2020-03-13 14:32:41 - [TEST_STEP][PASSED] - s = a.getText(): null

2020-03-13 14:32:41 - [TEST_STEP][PASSED] - if (s == "Active"): null

2020-03-13 14:32:41 - [TEST_STEP][PASSED] - ActiveStatus.add(s): null

2020-03-13 14:32:41 - [TEST_STEP][PASSED] - click(findTestObject("ROLES/Roles_page/Pagination/front_navigation")): Object: 'Object Repository/ROLES/Roles_page/Pagination/front_navigation' is clicked on

2020-03-13 14:32:42 - [MESSAGE][PASSED] - Object: 'Object Repository/ROLES/Roles_page/Pagination/front_navigation' is clicked on

2020-03-13 14:32:42 - [TEST_STEP][PASSED] - status = findWebElements(findTestObject("ROLES/Roles_page/sorting/status"), 2): null

2020-03-13 14:32:43 - [TEST_STEP][PASSED] - for (org.openqa.selenium.WebElement a : status): null

2020-03-13 14:32:43 - [TEST_STEP][PASSED] - s = a.getText(): null

2020-03-13 14:32:43 - [TEST_STEP][PASSED] - if (s == "Active"): null

2020-03-13 14:32:43 - [TEST_STEP][PASSED] - ActiveStatus.add(s): null

2020-03-13 14:32:43 - [TEST_STEP][PASSED] - s = a.getText(): null

2020-03-13 14:32:43 - [TEST_STEP][PASSED] - if (s == "Active"): null

2020-03-13 14:32:43 - [TEST_STEP][PASSED] - ActiveStatus.add(s): null

2020-03-13 14:32:43 - [TEST_STEP][PASSED] - s = a.getText(): null

2020-03-13 14:32:43 - [TEST_STEP][PASSED] - if (s == "Active"): null

2020-03-13 14:32:43 - [TEST_STEP][PASSED] - ActiveStatus.add(s): null

2020-03-13 14:32:43 - [TEST_STEP][PASSED] - s = a.getText(): null

2020-03-13 14:32:43 - [TEST_STEP][PASSED] - if (s == "Active"): null

2020-03-13 14:32:43 - [TEST_STEP][PASSED] - ActiveStatus.add(s): null

2020-03-13 14:32:43 - [TEST_STEP][PASSED] - s = a.getText(): null

2020-03-13 14:32:43 - [TEST_STEP][PASSED] - if (s == "Active"): null

2020-03-13 14:32:43 - [TEST_STEP][PASSED] - ActiveStatus.add(s): null

2020-03-13 14:32:43 - [TEST_STEP][PASSED] - s = a.getText(): null

2020-03-13 14:32:43 - [TEST_STEP][PASSED] - if (s == "Active"): null

2020-03-13 14:32:43 - [TEST_STEP][PASSED] - ActiveStatus.add(s): null

2020-03-13 14:32:43 - [TEST_STEP][PASSED] - s = a.getText(): null

2020-03-13 14:32:43 - [TEST_STEP][PASSED] - if (s == "Active"): null

2020-03-13 14:32:43 - [TEST_STEP][PASSED] - ActiveStatus.add(s): null

2020-03-13 14:32:43 - [TEST_STEP][PASSED] - s = a.getText(): null

2020-03-13 14:32:43 - [TEST_STEP][PASSED] - if (s == "Active"): null

2020-03-13 14:32:43 - [TEST_STEP][PASSED] - ActiveStatus.add(s): null

2020-03-13 14:32:43 - [TEST_STEP][PASSED] - s = a.getText(): null

2020-03-13 14:32:43 - [TEST_STEP][PASSED] - if (s == "Active"): null

2020-03-13 14:32:43 - [TEST_STEP][PASSED] - ActiveStatus.add(s): null

2020-03-13 14:32:43 - [TEST_STEP][PASSED] - s = a.getText(): null

2020-03-13 14:32:43 - [TEST_STEP][PASSED] - if (s == "Active"): null

2020-03-13 14:32:43 - [TEST_STEP][PASSED] - ActiveStatus.add(s): null

2020-03-13 14:32:43 - [TEST_STEP][PASSED] - click(findTestObject("ROLES/Roles_page/Pagination/front_navigation")): Object: 'Object Repository/ROLES/Roles_page/Pagination/front_navigation' is clicked on

2020-03-13 14:32:44 - [MESSAGE][PASSED] - Object: 'Object Repository/ROLES/Roles_page/Pagination/front_navigation' is clicked on

2020-03-13 14:32:44 - [TEST_STEP][PASSED] - status = findWebElements(findTestObject("ROLES/Roles_page/sorting/status"), 2): null

2020-03-13 14:32:44 - [TEST_STEP][PASSED] - for (org.openqa.selenium.WebElement a : status): null

2020-03-13 14:32:44 - [TEST_STEP][PASSED] - s = a.getText(): null

2020-03-13 14:32:44 - [TEST_STEP][PASSED] - if (s == "Active"): null

2020-03-13 14:32:44 - [TEST_STEP][PASSED] - ActiveStatus.add(s): null

2020-03-13 14:32:44 - [TEST_STEP][PASSED] - s = a.getText(): null

2020-03-13 14:32:44 - [TEST_STEP][PASSED] - if (s == "Active"): null

2020-03-13 14:32:44 - [TEST_STEP][PASSED] - ActiveStatus.add(s): null

2020-03-13 14:32:44 - [TEST_STEP][PASSED] - s = a.getText(): null

2020-03-13 14:32:44 - [TEST_STEP][PASSED] - if (s == "Active"): null

2020-03-13 14:32:44 - [TEST_STEP][PASSED] - ActiveStatus.add(s): null

2020-03-13 14:32:44 - [TEST_STEP][PASSED] - s = a.getText(): null

2020-03-13 14:32:44 - [TEST_STEP][PASSED] - if (s == "Active"): null

2020-03-13 14:32:44 - [TEST_STEP][PASSED] - ActiveStatus.add(s): null

2020-03-13 14:32:44 - [TEST_STEP][PASSED] - click(findTestObject("ROLES/Roles_page/Pagination/front_navigation")): Object: 'Object Repository/ROLES/Roles_page/Pagination/front_navigation' is clicked on

2020-03-13 14:32:47 - [MESSAGE][PASSED] - Object: 'Object Repository/ROLES/Roles_page/Pagination/front_navigation' is clicked on

2020-03-13 14:32:47 - [TEST_STEP][PASSED] - noOfActiveStatus = ActiveStatus.size(): null

2020-03-13 14:32:47 - [TEST_STEP][PASSED] - println(noOfActiveStatus): null

2020-03-13 14:32:47 - [TEST_STEP][PASSED] - noOfArchivedStatus = ArchivedStatus.size(): null

2020-03-13 14:32:47 - [TEST_STEP][PASSED] - println(noOfArchivedStatus): null

2020-03-13 14:32:47 - [TEST_STEP][PASSED] - click(findTestObject("ROLES/Roles_page/Filter")): Object: 'Object Repository/ROLES/Roles_page/Filter' is clicked on

2020-03-13 14:32:48 - [MESSAGE][PASSED] - Object: 'Object Repository/ROLES/Roles_page/Filter' is clicked on

2020-03-13 14:32:48 - [TEST_STEP][PASSED] - click(findTestObject("ROLES/Roles_page/Filter_link/span_Active"), CONTINUE_ON_FAILURE): Object: 'Object Repository/ROLES/Roles_page/Filter_link/span_Active' is clicked on

2020-03-13 14:32:48 - [MESSAGE][PASSED] - Object: 'Object Repository/ROLES/Roles_page/Filter_link/span_Active' is clicked on

2020-03-13 14:32:48 - [TEST_STEP][PASSED] - click(findTestObject("ROLES/Roles_page/Filter_link/button_Apply"), CONTINUE_ON_FAILURE): Object: 'Object Repository/ROLES/Roles_page/Filter_link/button_Apply' is clicked on

2020-03-13 14:32:49 - [MESSAGE][PASSED] - Object: 'Object Repository/ROLES/Roles_page/Filter_link/button_Apply' is clicked on

2020-03-13 14:32:49 - [TEST_STEP][PASSED] - noOfResultsMatching1 = getText(findTestObject("ROLES/Roles_page/Filter_link/ResultsMatching")): Text of object 'Object Repository/ROLES/Roles_page/Filter_link/ResultsMatching' is: '157 Results Matching'

2020-03-13 14:32:50 - [MESSAGE][PASSED] - Text of object 'Object Repository/ROLES/Roles_page/Filter_link/ResultsMatching' is: '157 Results Matching'

2020-03-13 14:32:50 - [TEST_STEP][PASSED] - NoOfActiveRoles = Integer.parseInt(noOfResultsMatching1.substring(0, noOfResultsMatching1.length() - 17)): null

2020-03-13 14:32:50 - [TEST_STEP][PASSED] - println(NoOfActiveRoles): null

2020-03-13 14:32:50 - [TEST_STEP][PASSED] - verify1 = noOfActiveStatus.equals(NoOfActiveRoles): null

2020-03-13 14:32:50 - [TEST_STEP][PASSED] - verifyEqual(verify1, true): Actual object 'true' and expected object 'true' are equal

2020-03-13 14:32:50 - [MESSAGE][PASSED] - Actual object 'true' and expected object 'true' are equal

2020-03-13 14:32:50 - [TEST_STEP][PASSED] - click(findTestObject("ROLES/Roles_page/Filter_link/clearAllFilters")): Object: 'Object Repository/ROLES/Roles_page/Filter_link/clearAllFilters' is clicked on

2020-03-13 14:32:50 - [MESSAGE][PASSED] - Object: 'Object Repository/ROLES/Roles_page/Filter_link/clearAllFilters' is clicked on

2020-03-13 14:32:50 - [TEST_STEP][PASSED] - click(findTestObject("ROLES/Roles_page/Filter")): Object: 'Object Repository/ROLES/Roles_page/Filter' is clicked on

2020-03-13 14:32:51 - [MESSAGE][PASSED] - Object: 'Object Repository/ROLES/Roles_page/Filter' is clicked on

2020-03-13 14:32:51 - [TEST_STEP][PASSED] - click(findTestObject("ROLES/Roles_page/Filter_link/span_Archived"), CONTINUE_ON_FAILURE): Object: 'Object Repository/ROLES/Roles_page/Filter_link/span_Archived' is clicked on

2020-03-13 14:32:52 - [MESSAGE][PASSED] - Object: 'Object Repository/ROLES/Roles_page/Filter_link/span_Archived' is clicked on

2020-03-13 14:32:52 - [TEST_STEP][PASSED] - click(findTestObject("ROLES/Roles_page/Filter_link/button_Apply"), CONTINUE_ON_FAILURE): Object: 'Object Repository/ROLES/Roles_page/Filter_link/button_Apply' is clicked on

2020-03-13 14:32:52 - [MESSAGE][PASSED] - Object: 'Object Repository/ROLES/Roles_page/Filter_link/button_Apply' is clicked on

2020-03-13 14:32:52 - [TEST_STEP][PASSED] - noOfResultsMatching = getText(findTestObject("ROLES/Roles_page/Filter_link/ResultsMatching")): Text of object 'Object Repository/ROLES/Roles_page/Filter_link/ResultsMatching' is: '17 Results Matching'

2020-03-13 14:32:53 - [MESSAGE][PASSED] - Text of object 'Object Repository/ROLES/Roles_page/Filter_link/ResultsMatching' is: '17 Results Matching'

2020-03-13 14:32:53 - [TEST_STEP][PASSED] - NoOfArchivedRoles = Integer.parseInt(noOfResultsMatching.substring(0, noOfResultsMatching.length() - 17)): null

2020-03-13 14:32:53 - [TEST_STEP][PASSED] - println(NoOfArchivedRoles): null

2020-03-13 14:32:53 - [TEST_STEP][PASSED] - verify2 = noOfArchivedStatus.equals(NoOfArchivedRoles): null

2020-03-13 14:32:53 - [TEST_STEP][PASSED] - verifyEqual(verify2, true): Actual object 'true' and expected object 'true' are equal

2020-03-13 14:32:53 - [MESSAGE][PASSED] - Actual object 'true' and expected object 'true' are equal

2020-03-13 14:32:53 - [TEST_STEP][PASSED] - click(findTestObject("ROLES/Roles_page/Filter_link/clearAllFilters")): Object: 'Object Repository/ROLES/Roles_page/Filter_link/clearAllFilters' is clicked on

2020-03-13 14:32:54 - [MESSAGE][PASSED] - Object: 'Object Repository/ROLES/Roles_page/Filter_link/clearAllFilters' is clicked on

2020-03-13 14:32:54 - [TEST_STEP][PASSED] - click(findTestObject("ROLES/Roles_page/Filter")): Object: 'Object Repository/ROLES/Roles_page/Filter' is clicked on

2020-03-13 14:32:55 - [MESSAGE][PASSED] - Object: 'Object Repository/ROLES/Roles_page/Filter' is clicked on

2020-03-13 14:32:55 - [TEST_STEP][PASSED] - click(findTestObject("ROLES/Roles_page/Filter_link/span_Active"), CONTINUE_ON_FAILURE): Object: 'Object Repository/ROLES/Roles_page/Filter_link/span_Active' is clicked on

2020-03-13 14:32:55 - [MESSAGE][PASSED] - Object: 'Object Repository/ROLES/Roles_page/Filter_link/span_Active' is clicked on

2020-03-13 14:32:55 - [TEST_STEP][PASSED] - click(findTestObject("ROLES/Roles_page/Filter_link/span_Archived"), CONTINUE_ON_FAILURE): Object: 'Object Repository/ROLES/Roles_page/Filter_link/span_Archived' is clicked on

2020-03-13 14:32:56 - [MESSAGE][PASSED] - Object: 'Object Repository/ROLES/Roles_page/Filter_link/span_Archived' is clicked on

2020-03-13 14:32:56 - [TEST_STEP][PASSED] - click(findTestObject("ROLES/Roles_page/Filter_link/button_Apply"), CONTINUE_ON_FAILURE): Object: 'Object Repository/ROLES/Roles_page/Filter_link/button_Apply' is clicked on

2020-03-13 14:32:56 - [MESSAGE][PASSED] - Object: 'Object Repository/ROLES/Roles_page/Filter_link/button_Apply' is clicked on

2020-03-13 14:32:56 - [TEST_STEP][PASSED] - click(findTestObject("ROLES/Roles_page/Filter_link/cancelFilter_1"), CONTINUE_ON_FAILURE): Object: 'Object Repository/ROLES/Roles_page/Filter_link/cancelFilter_1' is clicked on

2020-03-13 14:32:58 - [MESSAGE][PASSED] - Object: 'Object Repository/ROLES/Roles_page/Filter_link/cancelFilter_1' is clicked on

2020-03-13 14:32:58 - [TEST_STEP][PASSED] - click(findTestObject("ROLES/Roles_page/Filter_link/cancelFilter_1"), CONTINUE_ON_FAILURE): Object: 'Object Repository/ROLES/Roles_page/Filter_link/cancelFilter_1' is clicked on

2020-03-13 14:32:59 - [MESSAGE][PASSED] - Object: 'Object Repository/ROLES/Roles_page/Filter_link/cancelFilter_1' is clicked on

2020-03-13 14:32:59 - [TEST_STEP][NOT_RUN] - click(findTestObject("ROLES/Roles_page/Filter_link/cancelFilter_2"), CONTINUE_ON_FAILURE): NOT_RUN: click(findTestObject("ROLES/Roles_page/Filter_link/cancelFilter_2"), CONTINUE_ON_FAILURE)

2020-03-13 14:32:59 - [MESSAGE][NOT_RUN] - NOT_RUN: click(findTestObject("ROLES/Roles_page/Filter_link/cancelFilter_2"), CONTINUE_ON_FAILURE)

2020-03-13 14:32:59 - [TEST_STEP][PASSED] - Start listener action : sampleAfterTestCase: null

2020-03-13 14:32:59 - [TEST_STEP][PASSED] - println(testCaseContext.getTestCaseId()): null

2020-03-13 14:32:59 - [TEST_STEP][PASSED] - println(testCaseContext.getTestCaseStatus()): null

2020-03-13 14:32:59 - [TEST_STEP][PASSED] - println("On Failure Method is Calling : " + testCaseContext.getTestCaseStatus()): null

2020-03-13 14:32:59 - [TEST_STEP][PASSED] - if (!(getTestCaseStatus().equalsIgnoreCase("PASSED"))): null]]></system-out>
         <system-err><![CDATA[]]></system-err>
      </testcase>
      <testcase name="Test Cases/Atlas Platform/Configuration Management/Platform Management/ROLES/Role Listing Grid/RLG-004 Validate Pagination in Role Manager page" time="22.243" classname="Test Cases/Atlas Platform/Configuration Management/Platform Management/ROLES/Role Listing Grid/RLG-004 Validate Pagination in Role Manager page" status="PASSED">
         <system-out><![CDATA[2020-03-13 14:33:01 - [TEST_CASE][PASSED] - Test Cases/Atlas Platform/Configuration Management/Platform Management/ROLES/Role Listing Grid/RLG-004 Validate Pagination in Role Manager page: Test Cases/Atlas Platform/Configuration Management/Platform Management/ROLES/Role Listing Grid/RLG-004 Validate Pagination in Role Manager page

2020-03-13 14:33:01 - [TEST_STEP][NOT_RUN] - callTestCase(findTestCase("Atlas Platform/Platform Navigation/Login/Default Logins/Default_Login_as_Root Admin"), ["Email":findTestData("AMP_Y").getValue(1, 1), "Password":findTestData("AMP_Y").getValue(2, 1), "dashboard_exp_title":""], CONTINUE_ON_FAILURE): NOT_RUN: callTestCase(findTestCase("Atlas Platform/Platform Navigation/Login/Default Logins/Default_Login_as_Root Admin"), ["Email":findTestData("AMP_Y").getValue(1, 1), "Password":findTestData("AMP_Y").getValue(2, 1), "dashboard_exp_title":""], CONTINUE_ON_FAILURE)

2020-03-13 14:33:01 - [MESSAGE][NOT_RUN] - NOT_RUN: callTestCase(findTestCase("Atlas Platform/Platform Navigation/Login/Default Logins/Default_Login_as_Root Admin"), ["Email":findTestData("AMP_Y").getValue(1, 1), "Password":findTestData("AMP_Y").getValue(2, 1), "dashboard_exp_title":""], CONTINUE_ON_FAILURE)

2020-03-13 14:33:01 - [TEST_STEP][NOT_RUN] - click(findTestObject("ROLES/Role_Navigation/a_ADMIN")): NOT_RUN: click(findTestObject("ROLES/Role_Navigation/a_ADMIN"))

2020-03-13 14:33:01 - [MESSAGE][NOT_RUN] - NOT_RUN: click(findTestObject("ROLES/Role_Navigation/a_ADMIN"))

2020-03-13 14:33:01 - [TEST_STEP][PASSED] - verifyElementClickable(findTestObject("ROLES/Roles_page/Pagination/input_Page_form-control")): Object 'Object Repository/ROLES/Roles_page/Pagination/input_Page_form-control' is clickable

2020-03-13 14:33:02 - [MESSAGE][PASSED] - Object 'Object Repository/ROLES/Roles_page/Pagination/input_Page_form-control' is clickable

2020-03-13 14:33:02 - [TEST_STEP][PASSED] - verifyElementAttributeValue(findTestObject("ROLES/Roles_page/Pagination/input_Page_form-control"), "value", value1, 30): Object 'Object Repository/ROLES/Roles_page/Pagination/input_Page_form-control' has attribute 'value' with value '1'

2020-03-13 14:33:02 - [MESSAGE][PASSED] - Object 'Object Repository/ROLES/Roles_page/Pagination/input_Page_form-control' has attribute 'value' with value '1'

2020-03-13 14:33:02 - [TEST_STEP][PASSED] - click(findTestObject("ROLES/Roles_page/Pagination/front_navigation")): Object: 'Object Repository/ROLES/Roles_page/Pagination/front_navigation' is clicked on

2020-03-13 14:33:03 - [MESSAGE][PASSED] - Object: 'Object Repository/ROLES/Roles_page/Pagination/front_navigation' is clicked on

2020-03-13 14:33:03 - [TEST_STEP][PASSED] - verifyElementAttributeValue(findTestObject("ROLES/Roles_page/Pagination/input_Page_form-control"), "value", value2, 30): Object 'Object Repository/ROLES/Roles_page/Pagination/input_Page_form-control' has attribute 'value' with value '2'

2020-03-13 14:33:04 - [MESSAGE][PASSED] - Object 'Object Repository/ROLES/Roles_page/Pagination/input_Page_form-control' has attribute 'value' with value '2'

2020-03-13 14:33:04 - [TEST_STEP][PASSED] - click(findTestObject("ROLES/Roles_page/Pagination/Back_navigation")): Object: 'Object Repository/ROLES/Roles_page/Pagination/Back_navigation' is clicked on

2020-03-13 14:33:04 - [MESSAGE][PASSED] - Object: 'Object Repository/ROLES/Roles_page/Pagination/Back_navigation' is clicked on

2020-03-13 14:33:04 - [TEST_STEP][PASSED] - verifyElementAttributeValue(findTestObject("ROLES/Roles_page/Pagination/input_Page_form-control"), "value", value1, 30): Object 'Object Repository/ROLES/Roles_page/Pagination/input_Page_form-control' has attribute 'value' with value '1'

2020-03-13 14:33:05 - [MESSAGE][PASSED] - Object 'Object Repository/ROLES/Roles_page/Pagination/input_Page_form-control' has attribute 'value' with value '1'

2020-03-13 14:33:05 - [TEST_STEP][PASSED] - click(findTestObject("ROLES/Roles_page/Pagination/Back_navigation")): Object: 'Object Repository/ROLES/Roles_page/Pagination/Back_navigation' is clicked on

2020-03-13 14:33:08 - [MESSAGE][PASSED] - Object: 'Object Repository/ROLES/Roles_page/Pagination/Back_navigation' is clicked on

2020-03-13 14:33:08 - [TEST_STEP][PASSED] - verifyElementAttributeValue(findTestObject("ROLES/Roles_page/Pagination/input_Page_form-control"), "value", value1, 30): Object 'Object Repository/ROLES/Roles_page/Pagination/input_Page_form-control' has attribute 'value' with value '1'

2020-03-13 14:33:08 - [MESSAGE][PASSED] - Object 'Object Repository/ROLES/Roles_page/Pagination/input_Page_form-control' has attribute 'value' with value '1'

2020-03-13 14:33:08 - [TEST_STEP][PASSED] - page = getText(findTestObject("ROLES/Roles_page/Pagination/label_of 10")): Text of object 'Object Repository/ROLES/Roles_page/Pagination/label_of 10' is: 'of 18'

2020-03-13 14:33:09 - [MESSAGE][PASSED] - Text of object 'Object Repository/ROLES/Roles_page/Pagination/label_of 10' is: 'of 18'

2020-03-13 14:33:09 - [TEST_STEP][PASSED] - page_no = page.substring(3): null

2020-03-13 14:33:09 - [TEST_STEP][PASSED] - println(page_no.length()): null

2020-03-13 14:33:09 - [TEST_STEP][PASSED] - page_length = page_no.length(): null

2020-03-13 14:33:09 - [TEST_STEP][PASSED] - for ([<not implemented yet for class: org.codehaus.groovy.ast.expr.EmptyExpression>, page_length > 0, (page_length--)]): Keys 'BACK_SPACE + ' sent to object: 'Object Repository/ROLES/Roles_page/Pagination/input_Page_form-control'

2020-03-13 14:33:09 - [TEST_STEP][PASSED] - sendKeys(findTestObject("ROLES/Roles_page/Pagination/input_Page_form-control"), Keys.chord(BACK_SPACE)): Keys 'BACK_SPACE + ' sent to object: 'Object Repository/ROLES/Roles_page/Pagination/input_Page_form-control'

2020-03-13 14:33:09 - [MESSAGE][PASSED] - Keys 'BACK_SPACE + ' sent to object: 'Object Repository/ROLES/Roles_page/Pagination/input_Page_form-control'

2020-03-13 14:33:09 - [TEST_STEP][PASSED] - sendKeys(findTestObject("ROLES/Roles_page/Pagination/input_Page_form-control"), Keys.chord(BACK_SPACE)): Keys 'BACK_SPACE + ' sent to object: 'Object Repository/ROLES/Roles_page/Pagination/input_Page_form-control'

2020-03-13 14:33:10 - [MESSAGE][PASSED] - Keys 'BACK_SPACE + ' sent to object: 'Object Repository/ROLES/Roles_page/Pagination/input_Page_form-control'

2020-03-13 14:33:10 - [TEST_STEP][PASSED] - sendKeys(findTestObject("ROLES/Roles_page/Pagination/input_Page_form-control"), Keys.chord(page_no, ENTER)): Keys 'ENTER + 18' sent to object: 'Object Repository/ROLES/Roles_page/Pagination/input_Page_form-control'

2020-03-13 14:33:10 - [MESSAGE][PASSED] - Keys 'ENTER + 18' sent to object: 'Object Repository/ROLES/Roles_page/Pagination/input_Page_form-control'

2020-03-13 14:33:10 - [TEST_STEP][PASSED] - verifyElementAttributeValue(findTestObject("ROLES/Roles_page/Pagination/input_Page_form-control"), "value", page_no, 30): Object 'Object Repository/ROLES/Roles_page/Pagination/input_Page_form-control' has attribute 'value' with value '18'

2020-03-13 14:33:11 - [MESSAGE][PASSED] - Object 'Object Repository/ROLES/Roles_page/Pagination/input_Page_form-control' has attribute 'value' with value '18'

2020-03-13 14:33:11 - [TEST_STEP][NOT_RUN] - com.katalon.plugin.keyword.shadow.ShadowKeywords.isDisabled(findTestObject("ROLES/Roles_page/Pagination/front_navigation")): NOT_RUN: com.katalon.plugin.keyword.shadow.ShadowKeywords.isDisabled(findTestObject("ROLES/Roles_page/Pagination/front_navigation"))

2020-03-13 14:33:11 - [MESSAGE][NOT_RUN] - NOT_RUN: com.katalon.plugin.keyword.shadow.ShadowKeywords.isDisabled(findTestObject("ROLES/Roles_page/Pagination/front_navigation"))

2020-03-13 14:33:11 - [TEST_STEP][PASSED] - click(findTestObject("ROLES/Roles_page/Pagination/front_navigation")): Object: 'Object Repository/ROLES/Roles_page/Pagination/front_navigation' is clicked on

2020-03-13 14:33:14 - [MESSAGE][PASSED] - Object: 'Object Repository/ROLES/Roles_page/Pagination/front_navigation' is clicked on

2020-03-13 14:33:14 - [TEST_STEP][PASSED] - verifyElementAttributeValue(findTestObject("ROLES/Roles_page/Pagination/input_Page_form-control"), "value", page_no, 30): Object 'Object Repository/ROLES/Roles_page/Pagination/input_Page_form-control' has attribute 'value' with value '18'

2020-03-13 14:33:14 - [MESSAGE][PASSED] - Object 'Object Repository/ROLES/Roles_page/Pagination/input_Page_form-control' has attribute 'value' with value '18'

2020-03-13 14:33:14 - [TEST_STEP][PASSED] - page_in1 = getAttribute(findTestObject("ROLES/Roles_page/Pagination/input_Page_form-control"), "value"): Attribute 'value' of object 'Object Repository/ROLES/Roles_page/Pagination/input_Page_form-control' is: '18'

2020-03-13 14:33:14 - [MESSAGE][PASSED] - Attribute 'value' of object 'Object Repository/ROLES/Roles_page/Pagination/input_Page_form-control' is: '18'

2020-03-13 14:33:14 - [TEST_STEP][PASSED] - page_inl = page_in1.length(): null

2020-03-13 14:33:14 - [TEST_STEP][PASSED] - for ([<not implemented yet for class: org.codehaus.groovy.ast.expr.EmptyExpression>, page_inl > 0, (page_inl--)]): Keys 'BACK_SPACE + ' sent to object: 'Object Repository/ROLES/Roles_page/Pagination/input_Page_form-control'

2020-03-13 14:33:14 - [TEST_STEP][PASSED] - sendKeys(findTestObject("ROLES/Roles_page/Pagination/input_Page_form-control"), Keys.chord(BACK_SPACE)): Keys 'BACK_SPACE + ' sent to object: 'Object Repository/ROLES/Roles_page/Pagination/input_Page_form-control'

2020-03-13 14:33:15 - [MESSAGE][PASSED] - Keys 'BACK_SPACE + ' sent to object: 'Object Repository/ROLES/Roles_page/Pagination/input_Page_form-control'

2020-03-13 14:33:15 - [TEST_STEP][PASSED] - sendKeys(findTestObject("ROLES/Roles_page/Pagination/input_Page_form-control"), Keys.chord(BACK_SPACE)): Keys 'BACK_SPACE + ' sent to object: 'Object Repository/ROLES/Roles_page/Pagination/input_Page_form-control'

2020-03-13 14:33:15 - [MESSAGE][PASSED] - Keys 'BACK_SPACE + ' sent to object: 'Object Repository/ROLES/Roles_page/Pagination/input_Page_form-control'

2020-03-13 14:33:15 - [TEST_STEP][PASSED] - sendKeys(findTestObject("ROLES/Roles_page/Pagination/input_Page_form-control"), Keys.chord(value3, ENTER)): Keys 'ENTER + 3' sent to object: 'Object Repository/ROLES/Roles_page/Pagination/input_Page_form-control'

2020-03-13 14:33:16 - [MESSAGE][PASSED] - Keys 'ENTER + 3' sent to object: 'Object Repository/ROLES/Roles_page/Pagination/input_Page_form-control'

2020-03-13 14:33:16 - [TEST_STEP][PASSED] - verifyElementAttributeValue(findTestObject("ROLES/Roles_page/Pagination/input_Page_form-control"), "value", value3, 30): Object 'Object Repository/ROLES/Roles_page/Pagination/input_Page_form-control' has attribute 'value' with value '3'

2020-03-13 14:33:16 - [MESSAGE][PASSED] - Object 'Object Repository/ROLES/Roles_page/Pagination/input_Page_form-control' has attribute 'value' with value '3'

2020-03-13 14:33:16 - [TEST_STEP][PASSED] - page_in2 = getAttribute(findTestObject("ROLES/Roles_page/Pagination/input_Page_form-control"), "value"): Attribute 'value' of object 'Object Repository/ROLES/Roles_page/Pagination/input_Page_form-control' is: '3'

2020-03-13 14:33:17 - [MESSAGE][PASSED] - Attribute 'value' of object 'Object Repository/ROLES/Roles_page/Pagination/input_Page_form-control' is: '3'

2020-03-13 14:33:17 - [TEST_STEP][PASSED] - page_in2 = page_in2.length(): null

2020-03-13 14:33:17 - [TEST_STEP][PASSED] - for ([<not implemented yet for class: org.codehaus.groovy.ast.expr.EmptyExpression>, page_in2 > 0, (page_in2--)]): Keys 'BACK_SPACE + ' sent to object: 'Object Repository/ROLES/Roles_page/Pagination/input_Page_form-control'

2020-03-13 14:33:17 - [TEST_STEP][PASSED] - sendKeys(findTestObject("ROLES/Roles_page/Pagination/input_Page_form-control"), Keys.chord(BACK_SPACE)): Keys 'BACK_SPACE + ' sent to object: 'Object Repository/ROLES/Roles_page/Pagination/input_Page_form-control'

2020-03-13 14:33:17 - [MESSAGE][PASSED] - Keys 'BACK_SPACE + ' sent to object: 'Object Repository/ROLES/Roles_page/Pagination/input_Page_form-control'

2020-03-13 14:33:17 - [TEST_STEP][PASSED] - sendKeys(findTestObject("ROLES/Roles_page/Pagination/input_Page_form-control"), Keys.chord(value500000, ENTER)): Keys 'ENTER + 500000' sent to object: 'Object Repository/ROLES/Roles_page/Pagination/input_Page_form-control'

2020-03-13 14:33:18 - [MESSAGE][PASSED] - Keys 'ENTER + 500000' sent to object: 'Object Repository/ROLES/Roles_page/Pagination/input_Page_form-control'

2020-03-13 14:33:18 - [TEST_STEP][PASSED] - verifyElementAttributeValue(findTestObject("ROLES/Roles_page/Pagination/input_Page_form-control"), "value", value3, 30): Object 'Object Repository/ROLES/Roles_page/Pagination/input_Page_form-control' has attribute 'value' with value '3'

2020-03-13 14:33:18 - [MESSAGE][PASSED] - Object 'Object Repository/ROLES/Roles_page/Pagination/input_Page_form-control' has attribute 'value' with value '3'

2020-03-13 14:33:18 - [TEST_STEP][PASSED] - page_in3 = getAttribute(findTestObject("ROLES/Roles_page/Pagination/input_Page_form-control"), "value"): Attribute 'value' of object 'Object Repository/ROLES/Roles_page/Pagination/input_Page_form-control' is: '3'

2020-03-13 14:33:18 - [MESSAGE][PASSED] - Attribute 'value' of object 'Object Repository/ROLES/Roles_page/Pagination/input_Page_form-control' is: '3'

2020-03-13 14:33:18 - [TEST_STEP][PASSED] - page_in3 = page_in3.length(): null

2020-03-13 14:33:18 - [TEST_STEP][PASSED] - for ([<not implemented yet for class: org.codehaus.groovy.ast.expr.EmptyExpression>, page_in3 > 0, (page_in3--)]): Keys 'BACK_SPACE + ' sent to object: 'Object Repository/ROLES/Roles_page/Pagination/input_Page_form-control'

2020-03-13 14:33:18 - [TEST_STEP][PASSED] - sendKeys(findTestObject("ROLES/Roles_page/Pagination/input_Page_form-control"), Keys.chord(BACK_SPACE)): Keys 'BACK_SPACE + ' sent to object: 'Object Repository/ROLES/Roles_page/Pagination/input_Page_form-control'

2020-03-13 14:33:18 - [MESSAGE][PASSED] - Keys 'BACK_SPACE + ' sent to object: 'Object Repository/ROLES/Roles_page/Pagination/input_Page_form-control'

2020-03-13 14:33:18 - [TEST_STEP][PASSED] - sendKeys(findTestObject("ROLES/Roles_page/Pagination/input_Page_form-control"), Keys.chord(value4, ENTER)): Keys 'ENTER + 4' sent to object: 'Object Repository/ROLES/Roles_page/Pagination/input_Page_form-control'

2020-03-13 14:33:19 - [MESSAGE][PASSED] - Keys 'ENTER + 4' sent to object: 'Object Repository/ROLES/Roles_page/Pagination/input_Page_form-control'

2020-03-13 14:33:19 - [TEST_STEP][PASSED] - page_showing = getText(findTestObject("ROLES/Roles_page/Pagination/input_Page_form-control")): Text of object 'Object Repository/ROLES/Roles_page/Pagination/input_Page_form-control' is: ''

2020-03-13 14:33:20 - [MESSAGE][PASSED] - Text of object 'Object Repository/ROLES/Roles_page/Pagination/input_Page_form-control' is: ''

2020-03-13 14:33:20 - [TEST_STEP][PASSED] - if (page_showing.contains(page4)): null

2020-03-13 14:33:20 - [TEST_STEP][PASSED] - sendKeys(findTestObject("ROLES/Roles_page/Pagination/input_Page_form-control"), Keys.chord(BACK_SPACE)): Keys 'BACK_SPACE + ' sent to object: 'Object Repository/ROLES/Roles_page/Pagination/input_Page_form-control'

2020-03-13 14:33:20 - [MESSAGE][PASSED] - Keys 'BACK_SPACE + ' sent to object: 'Object Repository/ROLES/Roles_page/Pagination/input_Page_form-control'

2020-03-13 14:33:20 - [TEST_STEP][PASSED] - sendKeys(findTestObject("ROLES/Roles_page/Pagination/input_Page_form-control"), Keys.chord(value1, ENTER)): Keys 'ENTER + 1' sent to object: 'Object Repository/ROLES/Roles_page/Pagination/input_Page_form-control'

2020-03-13 14:33:21 - [MESSAGE][PASSED] - Keys 'ENTER + 1' sent to object: 'Object Repository/ROLES/Roles_page/Pagination/input_Page_form-control'

2020-03-13 14:33:21 - [TEST_STEP][PASSED] - Start listener action : sampleAfterTestCase: null

2020-03-13 14:33:21 - [TEST_STEP][PASSED] - println(testCaseContext.getTestCaseId()): null

2020-03-13 14:33:21 - [TEST_STEP][PASSED] - println(testCaseContext.getTestCaseStatus()): null

2020-03-13 14:33:21 - [TEST_STEP][PASSED] - println("On Failure Method is Calling : " + testCaseContext.getTestCaseStatus()): null

2020-03-13 14:33:21 - [TEST_STEP][PASSED] - if (!(getTestCaseStatus().equalsIgnoreCase("PASSED"))): null]]></system-out>
         <system-err><![CDATA[]]></system-err>
      </testcase>
      <testcase name="Test Cases/Atlas Platform/Configuration Management/Platform Management/ROLES/Role Listing Grid/RLG-005 Verify Hamburger icon of a Role in Role Manager page" time="3.653" classname="Test Cases/Atlas Platform/Configuration Management/Platform Management/ROLES/Role Listing Grid/RLG-005 Verify Hamburger icon of a Role in Role Manager page" status="PASSED">
         <system-out><![CDATA[2020-03-13 14:33:23 - [TEST_CASE][PASSED] - Test Cases/Atlas Platform/Configuration Management/Platform Management/ROLES/Role Listing Grid/RLG-005 Verify Hamburger icon of a Role in Role Manager page: Test Cases/Atlas Platform/Configuration Management/Platform Management/ROLES/Role Listing Grid/RLG-005 Verify Hamburger icon of a Role in Role Manager page

2020-03-13 14:33:23 - [TEST_STEP][NOT_RUN] - callTestCase(findTestCase("Atlas Platform/Platform Navigation/Login/Default Logins/Default_Login_as_Root Admin"), ["Email":findTestData("AMP_Y").getValue(1, 1), "Password":findTestData("AMP_Y").getValue(2, 1), "dashboard_exp_title":""], CONTINUE_ON_FAILURE): NOT_RUN: callTestCase(findTestCase("Atlas Platform/Platform Navigation/Login/Default Logins/Default_Login_as_Root Admin"), ["Email":findTestData("AMP_Y").getValue(1, 1), "Password":findTestData("AMP_Y").getValue(2, 1), "dashboard_exp_title":""], CONTINUE_ON_FAILURE)

2020-03-13 14:33:23 - [MESSAGE][NOT_RUN] - NOT_RUN: callTestCase(findTestCase("Atlas Platform/Platform Navigation/Login/Default Logins/Default_Login_as_Root Admin"), ["Email":findTestData("AMP_Y").getValue(1, 1), "Password":findTestData("AMP_Y").getValue(2, 1), "dashboard_exp_title":""], CONTINUE_ON_FAILURE)

2020-03-13 14:33:23 - [TEST_STEP][NOT_RUN] - click(findTestObject("ROLES/Role_Navigation/a_ADMIN")): NOT_RUN: click(findTestObject("ROLES/Role_Navigation/a_ADMIN"))

2020-03-13 14:33:23 - [MESSAGE][NOT_RUN] - NOT_RUN: click(findTestObject("ROLES/Role_Navigation/a_ADMIN"))

2020-03-13 14:33:23 - [TEST_STEP][PASSED] - click(findTestObject("ROLES/Roles_page/Hamburger/button_hamburger")): Object: 'Object Repository/ROLES/Roles_page/Hamburger/button_hamburger' is clicked on

2020-03-13 14:33:24 - [MESSAGE][PASSED] - Object: 'Object Repository/ROLES/Roles_page/Hamburger/button_hamburger' is clicked on

2020-03-13 14:33:24 - [TEST_STEP][PASSED] - verifyElementPresent(findTestObject("ROLES/Roles_page/Hamburger/a_Edit"), 0): Object 'Object Repository/ROLES/Roles_page/Hamburger/a_Edit' is present

2020-03-13 14:33:24 - [MESSAGE][WARNING] - Timeout '0' is invalid. Using default page load timeout: '230'

2020-03-13 14:33:24 - [MESSAGE][PASSED] - Object 'Object Repository/ROLES/Roles_page/Hamburger/a_Edit' is present

2020-03-13 14:33:24 - [TEST_STEP][NOT_RUN] - verifyElementPresent(findTestObject("ROLES/Roles_page/Hamburger/a_Copy"), 0): NOT_RUN: verifyElementPresent(findTestObject("ROLES/Roles_page/Hamburger/a_Copy"), 0)

2020-03-13 14:33:24 - [MESSAGE][NOT_RUN] - NOT_RUN: verifyElementPresent(findTestObject("ROLES/Roles_page/Hamburger/a_Copy"), 0)

2020-03-13 14:33:24 - [TEST_STEP][PASSED] - verifyElementPresent(findTestObject("ROLES/Roles_page/Hamburger/a_Change Status"), 0): Object 'Object Repository/ROLES/Roles_page/Hamburger/a_Change Status' is present

2020-03-13 14:33:24 - [MESSAGE][WARNING] - Timeout '0' is invalid. Using default page load timeout: '230'

2020-03-13 14:33:25 - [MESSAGE][PASSED] - Object 'Object Repository/ROLES/Roles_page/Hamburger/a_Change Status' is present

2020-03-13 14:33:25 - [TEST_STEP][NOT_RUN] - verifyElementPresent(findTestObject("ROLES/Roles_page/Hamburger/a_Delete"), 0): NOT_RUN: verifyElementPresent(findTestObject("ROLES/Roles_page/Hamburger/a_Delete"), 0)

2020-03-13 14:33:25 - [MESSAGE][NOT_RUN] - NOT_RUN: verifyElementPresent(findTestObject("ROLES/Roles_page/Hamburger/a_Delete"), 0)

2020-03-13 14:33:25 - [TEST_STEP][PASSED] - Start listener action : sampleAfterTestCase: null

2020-03-13 14:33:25 - [TEST_STEP][PASSED] - println(testCaseContext.getTestCaseId()): null

2020-03-13 14:33:25 - [TEST_STEP][PASSED] - println(testCaseContext.getTestCaseStatus()): null

2020-03-13 14:33:25 - [TEST_STEP][PASSED] - println("On Failure Method is Calling : " + testCaseContext.getTestCaseStatus()): null

2020-03-13 14:33:25 - [TEST_STEP][PASSED] - if (!(getTestCaseStatus().equalsIgnoreCase("PASSED"))): null]]></system-out>
         <system-err><![CDATA[]]></system-err>
      </testcase>
      <testcase name="Test Cases/Atlas Platform/Configuration Management/Platform Management/ROLES/Role Listing Grid/RLG-006 Validate Create New Role button" time="9.323" classname="Test Cases/Atlas Platform/Configuration Management/Platform Management/ROLES/Role Listing Grid/RLG-006 Validate Create New Role button" status="PASSED">
         <system-out><![CDATA[2020-03-13 14:33:27 - [TEST_CASE][PASSED] - Test Cases/Atlas Platform/Configuration Management/Platform Management/ROLES/Role Listing Grid/RLG-006 Validate Create New Role button: Test Cases/Atlas Platform/Configuration Management/Platform Management/ROLES/Role Listing Grid/RLG-006 Validate Create New Role button

2020-03-13 14:33:27 - [TEST_STEP][NOT_RUN] - callTestCase(findTestCase("Atlas Platform/Platform Navigation/Login/Default Logins/Default_Login_as_Root Admin"), ["Email":findTestData("AMP_Y").getValue(1, 1), "Password":findTestData("AMP_Y").getValue(2, 1), "dashboard_exp_title":""], CONTINUE_ON_FAILURE): NOT_RUN: callTestCase(findTestCase("Atlas Platform/Platform Navigation/Login/Default Logins/Default_Login_as_Root Admin"), ["Email":findTestData("AMP_Y").getValue(1, 1), "Password":findTestData("AMP_Y").getValue(2, 1), "dashboard_exp_title":""], CONTINUE_ON_FAILURE)

2020-03-13 14:33:27 - [MESSAGE][NOT_RUN] - NOT_RUN: callTestCase(findTestCase("Atlas Platform/Platform Navigation/Login/Default Logins/Default_Login_as_Root Admin"), ["Email":findTestData("AMP_Y").getValue(1, 1), "Password":findTestData("AMP_Y").getValue(2, 1), "dashboard_exp_title":""], CONTINUE_ON_FAILURE)

2020-03-13 14:33:27 - [TEST_STEP][NOT_RUN] - click(findTestObject("ROLES/Role_Navigation/a_ADMIN")): NOT_RUN: click(findTestObject("ROLES/Role_Navigation/a_ADMIN"))

2020-03-13 14:33:27 - [MESSAGE][NOT_RUN] - NOT_RUN: click(findTestObject("ROLES/Role_Navigation/a_ADMIN"))

2020-03-13 14:33:27 - [TEST_STEP][PASSED] - click(findTestObject("ROLES/Roles_page/Create Role_button")): Object: 'Object Repository/ROLES/Roles_page/Create Role_button' is clicked on

2020-03-13 14:33:28 - [MESSAGE][PASSED] - Object: 'Object Repository/ROLES/Roles_page/Create Role_button' is clicked on

2020-03-13 14:33:28 - [TEST_STEP][PASSED] - verifyElementPresent(findTestObject("ROLES/Create Role/New Role_page/h2_New Role"), 0): Object 'Object Repository/ROLES/Create Role/New Role_page/h2_New Role' is present

2020-03-13 14:33:28 - [MESSAGE][WARNING] - Timeout '0' is invalid. Using default page load timeout: '230'

2020-03-13 14:33:29 - [MESSAGE][PASSED] - Object 'Object Repository/ROLES/Create Role/New Role_page/h2_New Role' is present

2020-03-13 14:33:29 - [TEST_STEP][PASSED] - verifyElementPresent(findTestObject("ROLES/Create Role/New Role_page/a_Role Properties"), 0): Object 'Object Repository/ROLES/Create Role/New Role_page/a_Role Properties' is present

2020-03-13 14:33:29 - [MESSAGE][WARNING] - Timeout '0' is invalid. Using default page load timeout: '230'

2020-03-13 14:33:29 - [MESSAGE][PASSED] - Object 'Object Repository/ROLES/Create Role/New Role_page/a_Role Properties' is present

2020-03-13 14:33:29 - [TEST_STEP][PASSED] - verifyElementPresent(findTestObject("ROLES/Create Role/New Role_page/a_Platform"), 0): Object 'Object Repository/ROLES/Create Role/New Role_page/a_Platform' is present

2020-03-13 14:33:29 - [MESSAGE][WARNING] - Timeout '0' is invalid. Using default page load timeout: '230'

2020-03-13 14:33:29 - [MESSAGE][PASSED] - Object 'Object Repository/ROLES/Create Role/New Role_page/a_Platform' is present

2020-03-13 14:33:29 - [TEST_STEP][PASSED] - verifyElementPresent(findTestObject("ROLES/Create Role/New Role_page/a_Content Features"), 0): Object 'Object Repository/ROLES/Create Role/New Role_page/a_Content Features' is present

2020-03-13 14:33:29 - [MESSAGE][WARNING] - Timeout '0' is invalid. Using default page load timeout: '230'

2020-03-13 14:33:29 - [MESSAGE][PASSED] - Object 'Object Repository/ROLES/Create Role/New Role_page/a_Content Features' is present

2020-03-13 14:33:29 - [TEST_STEP][PASSED] - verifyElementPresent(findTestObject("ROLES/Create Role/New Role_page/a_Audience Features"), 0): Object 'Object Repository/ROLES/Create Role/New Role_page/a_Audience Features' is present

2020-03-13 14:33:30 - [MESSAGE][WARNING] - Timeout '0' is invalid. Using default page load timeout: '230'

2020-03-13 14:33:30 - [MESSAGE][PASSED] - Object 'Object Repository/ROLES/Create Role/New Role_page/a_Audience Features' is present

2020-03-13 14:33:30 - [TEST_STEP][PASSED] - verifyElementPresent(findTestObject("ROLES/Create Role/New Role_page/a_Message Features"), 0): Object 'Object Repository/ROLES/Create Role/New Role_page/a_Message Features' is present

2020-03-13 14:33:30 - [MESSAGE][WARNING] - Timeout '0' is invalid. Using default page load timeout: '230'

2020-03-13 14:33:30 - [MESSAGE][PASSED] - Object 'Object Repository/ROLES/Create Role/New Role_page/a_Message Features' is present

2020-03-13 14:33:30 - [TEST_STEP][PASSED] - verifyElementPresent(findTestObject("ROLES/Create Role/New Role_page/a_Report Features"), 0): Object 'Object Repository/ROLES/Create Role/New Role_page/a_Report Features' is present

2020-03-13 14:33:30 - [MESSAGE][WARNING] - Timeout '0' is invalid. Using default page load timeout: '230'

2020-03-13 14:33:31 - [MESSAGE][PASSED] - Object 'Object Repository/ROLES/Create Role/New Role_page/a_Report Features' is present

2020-03-13 14:33:31 - [TEST_STEP][PASSED] - verifyElementPresent(findTestObject("ROLES/Create Role/New Role_page/h2_Role Properties"), 0): Object 'Object Repository/ROLES/Create Role/New Role_page/h2_Role Properties' is present

2020-03-13 14:33:31 - [MESSAGE][WARNING] - Timeout '0' is invalid. Using default page load timeout: '230'

2020-03-13 14:33:31 - [MESSAGE][PASSED] - Object 'Object Repository/ROLES/Create Role/New Role_page/h2_Role Properties' is present

2020-03-13 14:33:31 - [TEST_STEP][PASSED] - verifyElementPresent(findTestObject("ROLES/Create Role/New Role_page/label_Role Name"), 0): Object 'Object Repository/ROLES/Create Role/New Role_page/label_Role Name' is present

2020-03-13 14:33:31 - [MESSAGE][WARNING] - Timeout '0' is invalid. Using default page load timeout: '230'

2020-03-13 14:33:31 - [MESSAGE][PASSED] - Object 'Object Repository/ROLES/Create Role/New Role_page/label_Role Name' is present

2020-03-13 14:33:31 - [TEST_STEP][PASSED] - verifyElementPresent(findTestObject("ROLES/Create Role/New Role_page/input_Role Name_name"), 0): Object 'Object Repository/ROLES/Create Role/New Role_page/input_Role Name_name' is present

2020-03-13 14:33:31 - [MESSAGE][WARNING] - Timeout '0' is invalid. Using default page load timeout: '230'

2020-03-13 14:33:32 - [MESSAGE][PASSED] - Object 'Object Repository/ROLES/Create Role/New Role_page/input_Role Name_name' is present

2020-03-13 14:33:32 - [TEST_STEP][PASSED] - verifyElementPresent(findTestObject("ROLES/Create Role/New Role_page/label_Role Description"), 0): Object 'Object Repository/ROLES/Create Role/New Role_page/label_Role Description' is present

2020-03-13 14:33:32 - [MESSAGE][WARNING] - Timeout '0' is invalid. Using default page load timeout: '230'

2020-03-13 14:33:32 - [MESSAGE][PASSED] - Object 'Object Repository/ROLES/Create Role/New Role_page/label_Role Description' is present

2020-03-13 14:33:32 - [TEST_STEP][PASSED] - verifyElementPresent(findTestObject("ROLES/Create Role/New Role_page/textarea_Role Description_description"), 0): Object 'Object Repository/ROLES/Create Role/New Role_page/textarea_Role Description_description' is present

2020-03-13 14:33:32 - [MESSAGE][WARNING] - Timeout '0' is invalid. Using default page load timeout: '230'

2020-03-13 14:33:32 - [MESSAGE][PASSED] - Object 'Object Repository/ROLES/Create Role/New Role_page/textarea_Role Description_description' is present

2020-03-13 14:33:32 - [TEST_STEP][PASSED] - verifyElementPresent(findTestObject("ROLES/Create Role/New Role_page/button_Cancel"), 0): Object 'Object Repository/ROLES/Create Role/New Role_page/button_Cancel' is present

2020-03-13 14:33:32 - [MESSAGE][WARNING] - Timeout '0' is invalid. Using default page load timeout: '230'

2020-03-13 14:33:33 - [MESSAGE][PASSED] - Object 'Object Repository/ROLES/Create Role/New Role_page/button_Cancel' is present

2020-03-13 14:33:33 - [TEST_STEP][PASSED] - verifyElementPresent(findTestObject("ROLES/Create Role/New Role_page/div_Create"), 0): Object 'Object Repository/ROLES/Create Role/New Role_page/div_Create' is present

2020-03-13 14:33:33 - [MESSAGE][WARNING] - Timeout '0' is invalid. Using default page load timeout: '230'

2020-03-13 14:33:33 - [MESSAGE][PASSED] - Object 'Object Repository/ROLES/Create Role/New Role_page/div_Create' is present

2020-03-13 14:33:33 - [TEST_STEP][PASSED] - verifyElementPresent(findTestObject("ROLES/Create Role/New Role_page/Role Properties_collapse button"), 0): Object 'Object Repository/ROLES/Create Role/New Role_page/Role Properties_collapse button' is present

2020-03-13 14:33:33 - [MESSAGE][WARNING] - Timeout '0' is invalid. Using default page load timeout: '230'

2020-03-13 14:33:33 - [MESSAGE][PASSED] - Object 'Object Repository/ROLES/Create Role/New Role_page/Role Properties_collapse button' is present

2020-03-13 14:33:33 - [TEST_STEP][PASSED] - click(findTestObject("ROLES/Create Role/New Role_page/button_Cancel")): Object: 'Object Repository/ROLES/Create Role/New Role_page/button_Cancel' is clicked on

2020-03-13 14:33:34 - [MESSAGE][PASSED] - Object: 'Object Repository/ROLES/Create Role/New Role_page/button_Cancel' is clicked on

2020-03-13 14:33:34 - [TEST_STEP][PASSED] - Start listener action : sampleAfterTestCase: null

2020-03-13 14:33:34 - [TEST_STEP][PASSED] - println(testCaseContext.getTestCaseId()): null

2020-03-13 14:33:34 - [TEST_STEP][PASSED] - println(testCaseContext.getTestCaseStatus()): null

2020-03-13 14:33:34 - [TEST_STEP][PASSED] - println("On Failure Method is Calling : " + testCaseContext.getTestCaseStatus()): null

2020-03-13 14:33:34 - [TEST_STEP][PASSED] - if (!(getTestCaseStatus().equalsIgnoreCase("PASSED"))): null]]></system-out>
         <system-err><![CDATA[]]></system-err>
      </testcase>
      <testcase name="Test Cases/Atlas Platform/Configuration Management/Platform Management/ROLES/Role Listing Grid/RLG-007 Verify sorting by CreatedDate" time="67.939" classname="Test Cases/Atlas Platform/Configuration Management/Platform Management/ROLES/Role Listing Grid/RLG-007 Verify sorting by CreatedDate" status="PASSED">
         <system-out><![CDATA[2020-03-13 14:33:36 - [TEST_CASE][PASSED] - Test Cases/Atlas Platform/Configuration Management/Platform Management/ROLES/Role Listing Grid/RLG-007 Verify sorting by CreatedDate: Test Cases/Atlas Platform/Configuration Management/Platform Management/ROLES/Role Listing Grid/RLG-007 Verify sorting by CreatedDate

2020-03-13 14:33:37 - [TEST_STEP][NOT_RUN] - callTestCase(findTestCase("Atlas Platform/Platform Navigation/Login/Default Logins/Default_Login_as_Root Admin"), ["Email":findTestData("AMP_Y").getValue(1, 1), "Password":findTestData("AMP_Y").getValue(2, 1), "dashboard_exp_title":""], CONTINUE_ON_FAILURE): NOT_RUN: callTestCase(findTestCase("Atlas Platform/Platform Navigation/Login/Default Logins/Default_Login_as_Root Admin"), ["Email":findTestData("AMP_Y").getValue(1, 1), "Password":findTestData("AMP_Y").getValue(2, 1), "dashboard_exp_title":""], CONTINUE_ON_FAILURE)

2020-03-13 14:33:37 - [MESSAGE][NOT_RUN] - NOT_RUN: callTestCase(findTestCase("Atlas Platform/Platform Navigation/Login/Default Logins/Default_Login_as_Root Admin"), ["Email":findTestData("AMP_Y").getValue(1, 1), "Password":findTestData("AMP_Y").getValue(2, 1), "dashboard_exp_title":""], CONTINUE_ON_FAILURE)

2020-03-13 14:33:37 - [TEST_STEP][NOT_RUN] - click(findTestObject("ROLES/Role_Navigation/a_ADMIN")): NOT_RUN: click(findTestObject("ROLES/Role_Navigation/a_ADMIN"))

2020-03-13 14:33:37 - [MESSAGE][NOT_RUN] - NOT_RUN: click(findTestObject("ROLES/Role_Navigation/a_ADMIN"))

2020-03-13 14:33:37 - [TEST_STEP][PASSED] - driver = getWebDriver(): null

2020-03-13 14:33:37 - [TEST_STEP][PASSED] - noOfPages_text = getText(findTestObject("ROLES/Roles_page/Pagination/label_of 10")): Text of object 'Object Repository/ROLES/Roles_page/Pagination/label_of 10' is: 'of 18'

2020-03-13 14:33:37 - [MESSAGE][PASSED] - Text of object 'Object Repository/ROLES/Roles_page/Pagination/label_of 10' is: 'of 18'

2020-03-13 14:33:37 - [TEST_STEP][PASSED] - noOfPages = Integer.parseInt(noOfPages_text.substring(3)): null

2020-03-13 14:33:37 - [TEST_STEP][PASSED] - println(noOfPages): null

2020-03-13 14:33:37 - [TEST_STEP][PASSED] - for ([j = 1, j < 3, (j++)]): Actual object 'true' and expected object 'true' are equal

2020-03-13 14:33:37 - [TEST_STEP][PASSED] - click(findTestObject("ROLES/Roles_page/sorting/Created_header")): Object: 'Object Repository/ROLES/Roles_page/sorting/Created_header' is clicked on

2020-03-13 14:33:37 - [MESSAGE][PASSED] - Object: 'Object Repository/ROLES/Roles_page/sorting/Created_header' is clicked on

2020-03-13 14:33:37 - [TEST_STEP][PASSED] - createdDate = <not implemented yet for class: org.codehaus.groovy.ast.expr.EmptyExpression>: null

2020-03-13 14:33:37 - [TEST_STEP][PASSED] - AllCreatedDate = new java.util.ArrayList(): null

2020-03-13 14:33:37 - [TEST_STEP][PASSED] - for ([i = 1, i <= noOfPages, (i++)]): Object: 'Object Repository/ROLES/Roles_page/Pagination/front_navigation' is clicked on

2020-03-13 14:33:37 - [TEST_STEP][PASSED] - createdDate = findWebElements(findTestObject("ROLES/Roles_page/sorting/created"), 2): null

2020-03-13 14:33:38 - [TEST_STEP][PASSED] - for (org.openqa.selenium.WebElement a : createdDate): null

2020-03-13 14:33:38 - [TEST_STEP][PASSED] - AllCreatedDate.add(a.getText()): null

2020-03-13 14:33:38 - [TEST_STEP][PASSED] - AllCreatedDate.add(a.getText()): null

2020-03-13 14:33:38 - [TEST_STEP][PASSED] - AllCreatedDate.add(a.getText()): null

2020-03-13 14:33:38 - [TEST_STEP][PASSED] - AllCreatedDate.add(a.getText()): null

2020-03-13 14:33:38 - [TEST_STEP][PASSED] - AllCreatedDate.add(a.getText()): null

2020-03-13 14:33:38 - [TEST_STEP][PASSED] - AllCreatedDate.add(a.getText()): null

2020-03-13 14:33:38 - [TEST_STEP][PASSED] - AllCreatedDate.add(a.getText()): null

2020-03-13 14:33:38 - [TEST_STEP][PASSED] - AllCreatedDate.add(a.getText()): null

2020-03-13 14:33:38 - [TEST_STEP][PASSED] - AllCreatedDate.add(a.getText()): null

2020-03-13 14:33:38 - [TEST_STEP][PASSED] - AllCreatedDate.add(a.getText()): null

2020-03-13 14:33:39 - [TEST_STEP][PASSED] - click(findTestObject("ROLES/Roles_page/Pagination/front_navigation")): Object: 'Object Repository/ROLES/Roles_page/Pagination/front_navigation' is clicked on

2020-03-13 14:33:39 - [MESSAGE][PASSED] - Object: 'Object Repository/ROLES/Roles_page/Pagination/front_navigation' is clicked on

2020-03-13 14:33:39 - [TEST_STEP][PASSED] - createdDate = findWebElements(findTestObject("ROLES/Roles_page/sorting/created"), 2): null

2020-03-13 14:33:40 - [TEST_STEP][PASSED] - for (org.openqa.selenium.WebElement a : createdDate): null

2020-03-13 14:33:40 - [TEST_STEP][PASSED] - AllCreatedDate.add(a.getText()): null

2020-03-13 14:33:40 - [TEST_STEP][PASSED] - AllCreatedDate.add(a.getText()): null

2020-03-13 14:33:40 - [TEST_STEP][PASSED] - AllCreatedDate.add(a.getText()): null

2020-03-13 14:33:40 - [TEST_STEP][PASSED] - AllCreatedDate.add(a.getText()): null

2020-03-13 14:33:40 - [TEST_STEP][PASSED] - AllCreatedDate.add(a.getText()): null

2020-03-13 14:33:40 - [TEST_STEP][PASSED] - AllCreatedDate.add(a.getText()): null

2020-03-13 14:33:40 - [TEST_STEP][PASSED] - AllCreatedDate.add(a.getText()): null

2020-03-13 14:33:40 - [TEST_STEP][PASSED] - AllCreatedDate.add(a.getText()): null

2020-03-13 14:33:40 - [TEST_STEP][PASSED] - AllCreatedDate.add(a.getText()): null

2020-03-13 14:33:40 - [TEST_STEP][PASSED] - AllCreatedDate.add(a.getText()): null

2020-03-13 14:33:40 - [TEST_STEP][PASSED] - click(findTestObject("ROLES/Roles_page/Pagination/front_navigation")): Object: 'Object Repository/ROLES/Roles_page/Pagination/front_navigation' is clicked on

2020-03-13 14:33:40 - [MESSAGE][PASSED] - Object: 'Object Repository/ROLES/Roles_page/Pagination/front_navigation' is clicked on

2020-03-13 14:33:40 - [TEST_STEP][PASSED] - createdDate = findWebElements(findTestObject("ROLES/Roles_page/sorting/created"), 2): null

2020-03-13 14:33:41 - [TEST_STEP][PASSED] - for (org.openqa.selenium.WebElement a : createdDate): null

2020-03-13 14:33:41 - [TEST_STEP][PASSED] - AllCreatedDate.add(a.getText()): null

2020-03-13 14:33:41 - [TEST_STEP][PASSED] - AllCreatedDate.add(a.getText()): null

2020-03-13 14:33:41 - [TEST_STEP][PASSED] - AllCreatedDate.add(a.getText()): null

2020-03-13 14:33:41 - [TEST_STEP][PASSED] - AllCreatedDate.add(a.getText()): null

2020-03-13 14:33:41 - [TEST_STEP][PASSED] - AllCreatedDate.add(a.getText()): null

2020-03-13 14:33:41 - [TEST_STEP][PASSED] - AllCreatedDate.add(a.getText()): null

2020-03-13 14:33:41 - [TEST_STEP][PASSED] - AllCreatedDate.add(a.getText()): null

2020-03-13 14:33:41 - [TEST_STEP][PASSED] - AllCreatedDate.add(a.getText()): null

2020-03-13 14:33:42 - [TEST_STEP][PASSED] - AllCreatedDate.add(a.getText()): null

2020-03-13 14:33:42 - [TEST_STEP][PASSED] - AllCreatedDate.add(a.getText()): null

2020-03-13 14:33:42 - [TEST_STEP][PASSED] - click(findTestObject("ROLES/Roles_page/Pagination/front_navigation")): Object: 'Object Repository/ROLES/Roles_page/Pagination/front_navigation' is clicked on

2020-03-13 14:33:42 - [MESSAGE][PASSED] - Object: 'Object Repository/ROLES/Roles_page/Pagination/front_navigation' is clicked on

2020-03-13 14:33:42 - [TEST_STEP][PASSED] - createdDate = findWebElements(findTestObject("ROLES/Roles_page/sorting/created"), 2): null

2020-03-13 14:33:43 - [TEST_STEP][PASSED] - for (org.openqa.selenium.WebElement a : createdDate): null

2020-03-13 14:33:43 - [TEST_STEP][PASSED] - AllCreatedDate.add(a.getText()): null

2020-03-13 14:33:43 - [TEST_STEP][PASSED] - AllCreatedDate.add(a.getText()): null

2020-03-13 14:33:43 - [TEST_STEP][PASSED] - AllCreatedDate.add(a.getText()): null

2020-03-13 14:33:43 - [TEST_STEP][PASSED] - AllCreatedDate.add(a.getText()): null

2020-03-13 14:33:43 - [TEST_STEP][PASSED] - AllCreatedDate.add(a.getText()): null

2020-03-13 14:33:43 - [TEST_STEP][PASSED] - AllCreatedDate.add(a.getText()): null

2020-03-13 14:33:43 - [TEST_STEP][PASSED] - AllCreatedDate.add(a.getText()): null

2020-03-13 14:33:43 - [TEST_STEP][PASSED] - AllCreatedDate.add(a.getText()): null

2020-03-13 14:33:43 - [TEST_STEP][PASSED] - AllCreatedDate.add(a.getText()): null

2020-03-13 14:33:43 - [TEST_STEP][PASSED] - AllCreatedDate.add(a.getText()): null

2020-03-13 14:33:43 - [TEST_STEP][PASSED] - click(findTestObject("ROLES/Roles_page/Pagination/front_navigation")): Object: 'Object Repository/ROLES/Roles_page/Pagination/front_navigation' is clicked on

2020-03-13 14:33:44 - [MESSAGE][PASSED] - Object: 'Object Repository/ROLES/Roles_page/Pagination/front_navigation' is clicked on

2020-03-13 14:33:44 - [TEST_STEP][PASSED] - createdDate = findWebElements(findTestObject("ROLES/Roles_page/sorting/created"), 2): null

2020-03-13 14:33:44 - [TEST_STEP][PASSED] - for (org.openqa.selenium.WebElement a : createdDate): null

2020-03-13 14:33:44 - [TEST_STEP][PASSED] - AllCreatedDate.add(a.getText()): null

2020-03-13 14:33:45 - [TEST_STEP][PASSED] - AllCreatedDate.add(a.getText()): null

2020-03-13 14:33:45 - [TEST_STEP][PASSED] - AllCreatedDate.add(a.getText()): null

2020-03-13 14:33:45 - [TEST_STEP][PASSED] - AllCreatedDate.add(a.getText()): null

2020-03-13 14:33:45 - [TEST_STEP][PASSED] - AllCreatedDate.add(a.getText()): null

2020-03-13 14:33:45 - [TEST_STEP][PASSED] - AllCreatedDate.add(a.getText()): null

2020-03-13 14:33:45 - [TEST_STEP][PASSED] - AllCreatedDate.add(a.getText()): null

2020-03-13 14:33:45 - [TEST_STEP][PASSED] - AllCreatedDate.add(a.getText()): null

2020-03-13 14:33:45 - [TEST_STEP][PASSED] - AllCreatedDate.add(a.getText()): null

2020-03-13 14:33:45 - [TEST_STEP][PASSED] - AllCreatedDate.add(a.getText()): null

2020-03-13 14:33:45 - [TEST_STEP][PASSED] - click(findTestObject("ROLES/Roles_page/Pagination/front_navigation")): Object: 'Object Repository/ROLES/Roles_page/Pagination/front_navigation' is clicked on

2020-03-13 14:33:45 - [MESSAGE][PASSED] - Object: 'Object Repository/ROLES/Roles_page/Pagination/front_navigation' is clicked on

2020-03-13 14:33:45 - [TEST_STEP][PASSED] - createdDate = findWebElements(findTestObject("ROLES/Roles_page/sorting/created"), 2): null

2020-03-13 14:33:46 - [TEST_STEP][PASSED] - for (org.openqa.selenium.WebElement a : createdDate): null

2020-03-13 14:33:46 - [TEST_STEP][PASSED] - AllCreatedDate.add(a.getText()): null

2020-03-13 14:33:46 - [TEST_STEP][PASSED] - AllCreatedDate.add(a.getText()): null

2020-03-13 14:33:46 - [TEST_STEP][PASSED] - AllCreatedDate.add(a.getText()): null

2020-03-13 14:33:46 - [TEST_STEP][PASSED] - AllCreatedDate.add(a.getText()): null

2020-03-13 14:33:46 - [TEST_STEP][PASSED] - AllCreatedDate.add(a.getText()): null

2020-03-13 14:33:46 - [TEST_STEP][PASSED] - AllCreatedDate.add(a.getText()): null

2020-03-13 14:33:46 - [TEST_STEP][PASSED] - AllCreatedDate.add(a.getText()): null

2020-03-13 14:33:46 - [TEST_STEP][PASSED] - AllCreatedDate.add(a.getText()): null

2020-03-13 14:33:46 - [TEST_STEP][PASSED] - AllCreatedDate.add(a.getText()): null

2020-03-13 14:33:46 - [TEST_STEP][PASSED] - AllCreatedDate.add(a.getText()): null

2020-03-13 14:33:46 - [TEST_STEP][PASSED] - click(findTestObject("ROLES/Roles_page/Pagination/front_navigation")): Object: 'Object Repository/ROLES/Roles_page/Pagination/front_navigation' is clicked on

2020-03-13 14:33:47 - [MESSAGE][PASSED] - Object: 'Object Repository/ROLES/Roles_page/Pagination/front_navigation' is clicked on

2020-03-13 14:33:47 - [TEST_STEP][PASSED] - createdDate = findWebElements(findTestObject("ROLES/Roles_page/sorting/created"), 2): null

2020-03-13 14:33:47 - [TEST_STEP][PASSED] - for (org.openqa.selenium.WebElement a : createdDate): null

2020-03-13 14:33:47 - [TEST_STEP][PASSED] - AllCreatedDate.add(a.getText()): null

2020-03-13 14:33:48 - [TEST_STEP][PASSED] - AllCreatedDate.add(a.getText()): null

2020-03-13 14:33:48 - [TEST_STEP][PASSED] - AllCreatedDate.add(a.getText()): null

2020-03-13 14:33:48 - [TEST_STEP][PASSED] - AllCreatedDate.add(a.getText()): null

2020-03-13 14:33:48 - [TEST_STEP][PASSED] - AllCreatedDate.add(a.getText()): null

2020-03-13 14:33:48 - [TEST_STEP][PASSED] - AllCreatedDate.add(a.getText()): null

2020-03-13 14:33:48 - [TEST_STEP][PASSED] - AllCreatedDate.add(a.getText()): null

2020-03-13 14:33:48 - [TEST_STEP][PASSED] - AllCreatedDate.add(a.getText()): null

2020-03-13 14:33:48 - [TEST_STEP][PASSED] - AllCreatedDate.add(a.getText()): null

2020-03-13 14:33:48 - [TEST_STEP][PASSED] - AllCreatedDate.add(a.getText()): null

2020-03-13 14:33:48 - [TEST_STEP][PASSED] - click(findTestObject("ROLES/Roles_page/Pagination/front_navigation")): Object: 'Object Repository/ROLES/Roles_page/Pagination/front_navigation' is clicked on

2020-03-13 14:33:48 - [MESSAGE][PASSED] - Object: 'Object Repository/ROLES/Roles_page/Pagination/front_navigation' is clicked on

2020-03-13 14:33:48 - [TEST_STEP][PASSED] - createdDate = findWebElements(findTestObject("ROLES/Roles_page/sorting/created"), 2): null

2020-03-13 14:33:49 - [TEST_STEP][PASSED] - for (org.openqa.selenium.WebElement a : createdDate): null

2020-03-13 14:33:49 - [TEST_STEP][PASSED] - AllCreatedDate.add(a.getText()): null

2020-03-13 14:33:49 - [TEST_STEP][PASSED] - AllCreatedDate.add(a.getText()): null

2020-03-13 14:33:49 - [TEST_STEP][PASSED] - AllCreatedDate.add(a.getText()): null

2020-03-13 14:33:49 - [TEST_STEP][PASSED] - AllCreatedDate.add(a.getText()): null

2020-03-13 14:33:49 - [TEST_STEP][PASSED] - AllCreatedDate.add(a.getText()): null

2020-03-13 14:33:49 - [TEST_STEP][PASSED] - AllCreatedDate.add(a.getText()): null

2020-03-13 14:33:49 - [TEST_STEP][PASSED] - AllCreatedDate.add(a.getText()): null

2020-03-13 14:33:49 - [TEST_STEP][PASSED] - AllCreatedDate.add(a.getText()): null

2020-03-13 14:33:49 - [TEST_STEP][PASSED] - AllCreatedDate.add(a.getText()): null

2020-03-13 14:33:49 - [TEST_STEP][PASSED] - AllCreatedDate.add(a.getText()): null

2020-03-13 14:33:50 - [TEST_STEP][PASSED] - click(findTestObject("ROLES/Roles_page/Pagination/front_navigation")): Object: 'Object Repository/ROLES/Roles_page/Pagination/front_navigation' is clicked on

2020-03-13 14:33:50 - [MESSAGE][PASSED] - Object: 'Object Repository/ROLES/Roles_page/Pagination/front_navigation' is clicked on

2020-03-13 14:33:50 - [TEST_STEP][PASSED] - createdDate = findWebElements(findTestObject("ROLES/Roles_page/sorting/created"), 2): null

2020-03-13 14:33:51 - [TEST_STEP][PASSED] - for (org.openqa.selenium.WebElement a : createdDate): null

2020-03-13 14:33:51 - [TEST_STEP][PASSED] - AllCreatedDate.add(a.getText()): null

2020-03-13 14:33:51 - [TEST_STEP][PASSED] - AllCreatedDate.add(a.getText()): null

2020-03-13 14:33:51 - [TEST_STEP][PASSED] - AllCreatedDate.add(a.getText()): null

2020-03-13 14:33:51 - [TEST_STEP][PASSED] - AllCreatedDate.add(a.getText()): null

2020-03-13 14:33:51 - [TEST_STEP][PASSED] - AllCreatedDate.add(a.getText()): null

2020-03-13 14:33:51 - [TEST_STEP][PASSED] - AllCreatedDate.add(a.getText()): null

2020-03-13 14:33:51 - [TEST_STEP][PASSED] - AllCreatedDate.add(a.getText()): null

2020-03-13 14:33:51 - [TEST_STEP][PASSED] - AllCreatedDate.add(a.getText()): null

2020-03-13 14:33:51 - [TEST_STEP][PASSED] - AllCreatedDate.add(a.getText()): null

2020-03-13 14:33:51 - [TEST_STEP][PASSED] - AllCreatedDate.add(a.getText()): null

2020-03-13 14:33:51 - [TEST_STEP][PASSED] - click(findTestObject("ROLES/Roles_page/Pagination/front_navigation")): Object: 'Object Repository/ROLES/Roles_page/Pagination/front_navigation' is clicked on

2020-03-13 14:33:51 - [MESSAGE][PASSED] - Object: 'Object Repository/ROLES/Roles_page/Pagination/front_navigation' is clicked on

2020-03-13 14:33:51 - [TEST_STEP][PASSED] - createdDate = findWebElements(findTestObject("ROLES/Roles_page/sorting/created"), 2): null

2020-03-13 14:33:52 - [TEST_STEP][PASSED] - for (org.openqa.selenium.WebElement a : createdDate): null

2020-03-13 14:33:52 - [TEST_STEP][PASSED] - AllCreatedDate.add(a.getText()): null

2020-03-13 14:33:52 - [TEST_STEP][PASSED] - AllCreatedDate.add(a.getText()): null

2020-03-13 14:33:52 - [TEST_STEP][PASSED] - AllCreatedDate.add(a.getText()): null

2020-03-13 14:33:52 - [TEST_STEP][PASSED] - AllCreatedDate.add(a.getText()): null

2020-03-13 14:33:52 - [TEST_STEP][PASSED] - AllCreatedDate.add(a.getText()): null

2020-03-13 14:33:52 - [TEST_STEP][PASSED] - AllCreatedDate.add(a.getText()): null

2020-03-13 14:33:52 - [TEST_STEP][PASSED] - AllCreatedDate.add(a.getText()): null

2020-03-13 14:33:52 - [TEST_STEP][PASSED] - AllCreatedDate.add(a.getText()): null

2020-03-13 14:33:52 - [TEST_STEP][PASSED] - AllCreatedDate.add(a.getText()): null

2020-03-13 14:33:52 - [TEST_STEP][PASSED] - AllCreatedDate.add(a.getText()): null

2020-03-13 14:33:53 - [TEST_STEP][PASSED] - click(findTestObject("ROLES/Roles_page/Pagination/front_navigation")): Object: 'Object Repository/ROLES/Roles_page/Pagination/front_navigation' is clicked on

2020-03-13 14:33:53 - [MESSAGE][PASSED] - Object: 'Object Repository/ROLES/Roles_page/Pagination/front_navigation' is clicked on

2020-03-13 14:33:53 - [TEST_STEP][PASSED] - createdDate = findWebElements(findTestObject("ROLES/Roles_page/sorting/created"), 2): null

2020-03-13 14:33:54 - [TEST_STEP][PASSED] - for (org.openqa.selenium.WebElement a : createdDate): null

2020-03-13 14:33:54 - [TEST_STEP][PASSED] - AllCreatedDate.add(a.getText()): null

2020-03-13 14:33:54 - [TEST_STEP][PASSED] - AllCreatedDate.add(a.getText()): null

2020-03-13 14:33:54 - [TEST_STEP][PASSED] - AllCreatedDate.add(a.getText()): null

2020-03-13 14:33:54 - [TEST_STEP][PASSED] - AllCreatedDate.add(a.getText()): null

2020-03-13 14:33:54 - [TEST_STEP][PASSED] - AllCreatedDate.add(a.getText()): null

2020-03-13 14:33:54 - [TEST_STEP][PASSED] - AllCreatedDate.add(a.getText()): null

2020-03-13 14:33:54 - [TEST_STEP][PASSED] - AllCreatedDate.add(a.getText()): null

2020-03-13 14:33:54 - [TEST_STEP][PASSED] - AllCreatedDate.add(a.getText()): null

2020-03-13 14:33:54 - [TEST_STEP][PASSED] - AllCreatedDate.add(a.getText()): null

2020-03-13 14:33:54 - [TEST_STEP][PASSED] - AllCreatedDate.add(a.getText()): null

2020-03-13 14:33:54 - [TEST_STEP][PASSED] - click(findTestObject("ROLES/Roles_page/Pagination/front_navigation")): Object: 'Object Repository/ROLES/Roles_page/Pagination/front_navigation' is clicked on

2020-03-13 14:33:55 - [MESSAGE][PASSED] - Object: 'Object Repository/ROLES/Roles_page/Pagination/front_navigation' is clicked on

2020-03-13 14:33:55 - [TEST_STEP][PASSED] - createdDate = findWebElements(findTestObject("ROLES/Roles_page/sorting/created"), 2): null

2020-03-13 14:33:56 - [TEST_STEP][PASSED] - for (org.openqa.selenium.WebElement a : createdDate): null

2020-03-13 14:33:56 - [TEST_STEP][PASSED] - AllCreatedDate.add(a.getText()): null

2020-03-13 14:33:56 - [TEST_STEP][PASSED] - AllCreatedDate.add(a.getText()): null

2020-03-13 14:33:56 - [TEST_STEP][PASSED] - AllCreatedDate.add(a.getText()): null

2020-03-13 14:33:56 - [TEST_STEP][PASSED] - AllCreatedDate.add(a.getText()): null

2020-03-13 14:33:56 - [TEST_STEP][PASSED] - AllCreatedDate.add(a.getText()): null

2020-03-13 14:33:56 - [TEST_STEP][PASSED] - AllCreatedDate.add(a.getText()): null

2020-03-13 14:33:56 - [TEST_STEP][PASSED] - AllCreatedDate.add(a.getText()): null

2020-03-13 14:33:56 - [TEST_STEP][PASSED] - AllCreatedDate.add(a.getText()): null

2020-03-13 14:33:56 - [TEST_STEP][PASSED] - AllCreatedDate.add(a.getText()): null

2020-03-13 14:33:56 - [TEST_STEP][PASSED] - AllCreatedDate.add(a.getText()): null

2020-03-13 14:33:56 - [TEST_STEP][PASSED] - click(findTestObject("ROLES/Roles_page/Pagination/front_navigation")): Object: 'Object Repository/ROLES/Roles_page/Pagination/front_navigation' is clicked on

2020-03-13 14:33:56 - [MESSAGE][PASSED] - Object: 'Object Repository/ROLES/Roles_page/Pagination/front_navigation' is clicked on

2020-03-13 14:33:56 - [TEST_STEP][PASSED] - createdDate = findWebElements(findTestObject("ROLES/Roles_page/sorting/created"), 2): null

2020-03-13 14:33:57 - [TEST_STEP][PASSED] - for (org.openqa.selenium.WebElement a : createdDate): null

2020-03-13 14:33:57 - [TEST_STEP][PASSED] - AllCreatedDate.add(a.getText()): null

2020-03-13 14:33:57 - [TEST_STEP][PASSED] - AllCreatedDate.add(a.getText()): null

2020-03-13 14:33:57 - [TEST_STEP][PASSED] - AllCreatedDate.add(a.getText()): null

2020-03-13 14:33:57 - [TEST_STEP][PASSED] - AllCreatedDate.add(a.getText()): null

2020-03-13 14:33:57 - [TEST_STEP][PASSED] - AllCreatedDate.add(a.getText()): null

2020-03-13 14:33:57 - [TEST_STEP][PASSED] - AllCreatedDate.add(a.getText()): null

2020-03-13 14:33:57 - [TEST_STEP][PASSED] - AllCreatedDate.add(a.getText()): null

2020-03-13 14:33:57 - [TEST_STEP][PASSED] - AllCreatedDate.add(a.getText()): null

2020-03-13 14:33:57 - [TEST_STEP][PASSED] - AllCreatedDate.add(a.getText()): null

2020-03-13 14:33:57 - [TEST_STEP][PASSED] - AllCreatedDate.add(a.getText()): null

2020-03-13 14:33:57 - [TEST_STEP][PASSED] - click(findTestObject("ROLES/Roles_page/Pagination/front_navigation")): Object: 'Object Repository/ROLES/Roles_page/Pagination/front_navigation' is clicked on

2020-03-13 14:33:58 - [MESSAGE][PASSED] - Object: 'Object Repository/ROLES/Roles_page/Pagination/front_navigation' is clicked on

2020-03-13 14:33:58 - [TEST_STEP][PASSED] - createdDate = findWebElements(findTestObject("ROLES/Roles_page/sorting/created"), 2): null

2020-03-13 14:33:59 - [TEST_STEP][PASSED] - for (org.openqa.selenium.WebElement a : createdDate): null

2020-03-13 14:33:59 - [TEST_STEP][PASSED] - AllCreatedDate.add(a.getText()): null

2020-03-13 14:33:59 - [TEST_STEP][PASSED] - AllCreatedDate.add(a.getText()): null

2020-03-13 14:33:59 - [TEST_STEP][PASSED] - AllCreatedDate.add(a.getText()): null

2020-03-13 14:33:59 - [TEST_STEP][PASSED] - AllCreatedDate.add(a.getText()): null

2020-03-13 14:33:59 - [TEST_STEP][PASSED] - AllCreatedDate.add(a.getText()): null

2020-03-13 14:33:59 - [TEST_STEP][PASSED] - AllCreatedDate.add(a.getText()): null

2020-03-13 14:33:59 - [TEST_STEP][PASSED] - AllCreatedDate.add(a.getText()): null

2020-03-13 14:33:59 - [TEST_STEP][PASSED] - AllCreatedDate.add(a.getText()): null

2020-03-13 14:33:59 - [TEST_STEP][PASSED] - AllCreatedDate.add(a.getText()): null

2020-03-13 14:33:59 - [TEST_STEP][PASSED] - AllCreatedDate.add(a.getText()): null

2020-03-13 14:33:59 - [TEST_STEP][PASSED] - click(findTestObject("ROLES/Roles_page/Pagination/front_navigation")): Object: 'Object Repository/ROLES/Roles_page/Pagination/front_navigation' is clicked on

2020-03-13 14:33:59 - [MESSAGE][PASSED] - Object: 'Object Repository/ROLES/Roles_page/Pagination/front_navigation' is clicked on

2020-03-13 14:33:59 - [TEST_STEP][PASSED] - createdDate = findWebElements(findTestObject("ROLES/Roles_page/sorting/created"), 2): null

2020-03-13 14:34:00 - [TEST_STEP][PASSED] - for (org.openqa.selenium.WebElement a : createdDate): null

2020-03-13 14:34:00 - [TEST_STEP][PASSED] - AllCreatedDate.add(a.getText()): null

2020-03-13 14:34:00 - [TEST_STEP][PASSED] - AllCreatedDate.add(a.getText()): null

2020-03-13 14:34:00 - [TEST_STEP][PASSED] - AllCreatedDate.add(a.getText()): null

2020-03-13 14:34:00 - [TEST_STEP][PASSED] - AllCreatedDate.add(a.getText()): null

2020-03-13 14:34:00 - [TEST_STEP][PASSED] - AllCreatedDate.add(a.getText()): null

2020-03-13 14:34:00 - [TEST_STEP][PASSED] - AllCreatedDate.add(a.getText()): null

2020-03-13 14:34:00 - [TEST_STEP][PASSED] - AllCreatedDate.add(a.getText()): null

2020-03-13 14:34:00 - [TEST_STEP][PASSED] - AllCreatedDate.add(a.getText()): null

2020-03-13 14:34:00 - [TEST_STEP][PASSED] - AllCreatedDate.add(a.getText()): null

2020-03-13 14:34:00 - [TEST_STEP][PASSED] - AllCreatedDate.add(a.getText()): null

2020-03-13 14:34:00 - [TEST_STEP][PASSED] - click(findTestObject("ROLES/Roles_page/Pagination/front_navigation")): Object: 'Object Repository/ROLES/Roles_page/Pagination/front_navigation' is clicked on

2020-03-13 14:34:01 - [MESSAGE][PASSED] - Object: 'Object Repository/ROLES/Roles_page/Pagination/front_navigation' is clicked on

2020-03-13 14:34:01 - [TEST_STEP][PASSED] - createdDate = findWebElements(findTestObject("ROLES/Roles_page/sorting/created"), 2): null

2020-03-13 14:34:02 - [TEST_STEP][PASSED] - for (org.openqa.selenium.WebElement a : createdDate): null

2020-03-13 14:34:02 - [TEST_STEP][PASSED] - AllCreatedDate.add(a.getText()): null

2020-03-13 14:34:02 - [TEST_STEP][PASSED] - AllCreatedDate.add(a.getText()): null

2020-03-13 14:34:02 - [TEST_STEP][PASSED] - AllCreatedDate.add(a.getText()): null

2020-03-13 14:34:02 - [TEST_STEP][PASSED] - AllCreatedDate.add(a.getText()): null

2020-03-13 14:34:02 - [TEST_STEP][PASSED] - AllCreatedDate.add(a.getText()): null

2020-03-13 14:34:02 - [TEST_STEP][PASSED] - AllCreatedDate.add(a.getText()): null

2020-03-13 14:34:02 - [TEST_STEP][PASSED] - AllCreatedDate.add(a.getText()): null

2020-03-13 14:34:02 - [TEST_STEP][PASSED] - AllCreatedDate.add(a.getText()): null

2020-03-13 14:34:02 - [TEST_STEP][PASSED] - AllCreatedDate.add(a.getText()): null

2020-03-13 14:34:02 - [TEST_STEP][PASSED] - AllCreatedDate.add(a.getText()): null

2020-03-13 14:34:02 - [TEST_STEP][PASSED] - click(findTestObject("ROLES/Roles_page/Pagination/front_navigation")): Object: 'Object Repository/ROLES/Roles_page/Pagination/front_navigation' is clicked on

2020-03-13 14:34:02 - [MESSAGE][PASSED] - Object: 'Object Repository/ROLES/Roles_page/Pagination/front_navigation' is clicked on

2020-03-13 14:34:02 - [TEST_STEP][PASSED] - createdDate = findWebElements(findTestObject("ROLES/Roles_page/sorting/created"), 2): null

2020-03-13 14:34:03 - [TEST_STEP][PASSED] - for (org.openqa.selenium.WebElement a : createdDate): null

2020-03-13 14:34:03 - [TEST_STEP][PASSED] - AllCreatedDate.add(a.getText()): null

2020-03-13 14:34:03 - [TEST_STEP][PASSED] - AllCreatedDate.add(a.getText()): null

2020-03-13 14:34:03 - [TEST_STEP][PASSED] - AllCreatedDate.add(a.getText()): null

2020-03-13 14:34:03 - [TEST_STEP][PASSED] - AllCreatedDate.add(a.getText()): null

2020-03-13 14:34:03 - [TEST_STEP][PASSED] - AllCreatedDate.add(a.getText()): null

2020-03-13 14:34:03 - [TEST_STEP][PASSED] - AllCreatedDate.add(a.getText()): null

2020-03-13 14:34:03 - [TEST_STEP][PASSED] - AllCreatedDate.add(a.getText()): null

2020-03-13 14:34:03 - [TEST_STEP][PASSED] - AllCreatedDate.add(a.getText()): null

2020-03-13 14:34:03 - [TEST_STEP][PASSED] - AllCreatedDate.add(a.getText()): null

2020-03-13 14:34:03 - [TEST_STEP][PASSED] - AllCreatedDate.add(a.getText()): null

2020-03-13 14:34:04 - [TEST_STEP][PASSED] - click(findTestObject("ROLES/Roles_page/Pagination/front_navigation")): Object: 'Object Repository/ROLES/Roles_page/Pagination/front_navigation' is clicked on

2020-03-13 14:34:04 - [MESSAGE][PASSED] - Object: 'Object Repository/ROLES/Roles_page/Pagination/front_navigation' is clicked on

2020-03-13 14:34:04 - [TEST_STEP][PASSED] - createdDate = findWebElements(findTestObject("ROLES/Roles_page/sorting/created"), 2): null

2020-03-13 14:34:05 - [TEST_STEP][PASSED] - for (org.openqa.selenium.WebElement a : createdDate): null

2020-03-13 14:34:05 - [TEST_STEP][PASSED] - AllCreatedDate.add(a.getText()): null

2020-03-13 14:34:05 - [TEST_STEP][PASSED] - AllCreatedDate.add(a.getText()): null

2020-03-13 14:34:05 - [TEST_STEP][PASSED] - AllCreatedDate.add(a.getText()): null

2020-03-13 14:34:05 - [TEST_STEP][PASSED] - AllCreatedDate.add(a.getText()): null

2020-03-13 14:34:05 - [TEST_STEP][PASSED] - click(findTestObject("ROLES/Roles_page/Pagination/front_navigation")): Object: 'Object Repository/ROLES/Roles_page/Pagination/front_navigation' is clicked on

2020-03-13 14:34:08 - [MESSAGE][PASSED] - Object: 'Object Repository/ROLES/Roles_page/Pagination/front_navigation' is clicked on

2020-03-13 14:34:08 - [TEST_STEP][PASSED] - if (j == 1): Text 'BACK_SPACE + BACK_SPACE + ENTER + 1' is set on object 'Object Repository/ROLES/Roles_page/Pagination/input_Page_form-control'

2020-03-13 14:34:08 - [TEST_STEP][PASSED] - isSorted = web.CustomKeyword.checkListDescending(AllCreatedDate): web.CustomKeyword.checkListDescending is PASSED

2020-03-13 14:34:08 - [MESSAGE][PASSED] - web.CustomKeyword.checkListDescending is PASSED

2020-03-13 14:34:08 - [TEST_STEP][PASSED] - println(AllCreatedDate.size()): null

2020-03-13 14:34:08 - [TEST_STEP][PASSED] - println(AllCreatedDate): null

2020-03-13 14:34:08 - [TEST_STEP][PASSED] - verifyEqual(isSorted, true): Actual object 'true' and expected object 'true' are equal

2020-03-13 14:34:08 - [MESSAGE][PASSED] - Actual object 'true' and expected object 'true' are equal

2020-03-13 14:34:08 - [TEST_STEP][PASSED] - clearText(findTestObject("Object Repository/ROLES/Roles_page/Pagination/input_Page_form-control")): Text of object 'Object Repository/ROLES/Roles_page/Pagination/input_Page_form-control' is cleared

2020-03-13 14:34:08 - [MESSAGE][PASSED] - Text of object 'Object Repository/ROLES/Roles_page/Pagination/input_Page_form-control' is cleared

2020-03-13 14:34:08 - [TEST_STEP][PASSED] - setText(findTestObject("Object Repository/ROLES/Roles_page/Pagination/input_Page_form-control"), BACK_SPACE + BACK_SPACE + "1" + ENTER): Text 'BACK_SPACE + BACK_SPACE + ENTER + 1' is set on object 'Object Repository/ROLES/Roles_page/Pagination/input_Page_form-control'

2020-03-13 14:34:09 - [MESSAGE][PASSED] - Text 'BACK_SPACE + BACK_SPACE + ENTER + 1' is set on object 'Object Repository/ROLES/Roles_page/Pagination/input_Page_form-control'

2020-03-13 14:34:09 - [TEST_STEP][PASSED] - if (j == 2): null

2020-03-13 14:34:09 - [TEST_STEP][PASSED] - click(findTestObject("ROLES/Roles_page/sorting/Created_header")): Object: 'Object Repository/ROLES/Roles_page/sorting/Created_header' is clicked on

2020-03-13 14:34:10 - [MESSAGE][PASSED] - Object: 'Object Repository/ROLES/Roles_page/sorting/Created_header' is clicked on

2020-03-13 14:34:10 - [TEST_STEP][PASSED] - createdDate = <not implemented yet for class: org.codehaus.groovy.ast.expr.EmptyExpression>: null

2020-03-13 14:34:10 - [TEST_STEP][PASSED] - AllCreatedDate = new java.util.ArrayList(): null

2020-03-13 14:34:10 - [TEST_STEP][PASSED] - for ([i = 1, i <= noOfPages, (i++)]): Object: 'Object Repository/ROLES/Roles_page/Pagination/front_navigation' is clicked on

2020-03-13 14:34:10 - [TEST_STEP][PASSED] - createdDate = findWebElements(findTestObject("ROLES/Roles_page/sorting/created"), 2): null

2020-03-13 14:34:10 - [TEST_STEP][PASSED] - for (org.openqa.selenium.WebElement a : createdDate): null

2020-03-13 14:34:10 - [TEST_STEP][PASSED] - AllCreatedDate.add(a.getText()): null

2020-03-13 14:34:11 - [TEST_STEP][PASSED] - AllCreatedDate.add(a.getText()): null

2020-03-13 14:34:11 - [TEST_STEP][PASSED] - AllCreatedDate.add(a.getText()): null

2020-03-13 14:34:11 - [TEST_STEP][PASSED] - AllCreatedDate.add(a.getText()): null

2020-03-13 14:34:11 - [TEST_STEP][PASSED] - AllCreatedDate.add(a.getText()): null

2020-03-13 14:34:11 - [TEST_STEP][PASSED] - AllCreatedDate.add(a.getText()): null

2020-03-13 14:34:11 - [TEST_STEP][PASSED] - AllCreatedDate.add(a.getText()): null

2020-03-13 14:34:11 - [TEST_STEP][PASSED] - AllCreatedDate.add(a.getText()): null

2020-03-13 14:34:11 - [TEST_STEP][PASSED] - AllCreatedDate.add(a.getText()): null

2020-03-13 14:34:11 - [TEST_STEP][PASSED] - AllCreatedDate.add(a.getText()): null

2020-03-13 14:34:11 - [TEST_STEP][PASSED] - click(findTestObject("ROLES/Roles_page/Pagination/front_navigation")): Object: 'Object Repository/ROLES/Roles_page/Pagination/front_navigation' is clicked on

2020-03-13 14:34:11 - [MESSAGE][PASSED] - Object: 'Object Repository/ROLES/Roles_page/Pagination/front_navigation' is clicked on

2020-03-13 14:34:11 - [TEST_STEP][PASSED] - createdDate = findWebElements(findTestObject("ROLES/Roles_page/sorting/created"), 2): null

2020-03-13 14:34:12 - [TEST_STEP][PASSED] - for (org.openqa.selenium.WebElement a : createdDate): null

2020-03-13 14:34:12 - [TEST_STEP][PASSED] - AllCreatedDate.add(a.getText()): null

2020-03-13 14:34:12 - [TEST_STEP][PASSED] - AllCreatedDate.add(a.getText()): null

2020-03-13 14:34:12 - [TEST_STEP][PASSED] - AllCreatedDate.add(a.getText()): null

2020-03-13 14:34:12 - [TEST_STEP][PASSED] - AllCreatedDate.add(a.getText()): null

2020-03-13 14:34:12 - [TEST_STEP][PASSED] - AllCreatedDate.add(a.getText()): null

2020-03-13 14:34:12 - [TEST_STEP][PASSED] - AllCreatedDate.add(a.getText()): null

2020-03-13 14:34:12 - [TEST_STEP][PASSED] - AllCreatedDate.add(a.getText()): null

2020-03-13 14:34:12 - [TEST_STEP][PASSED] - AllCreatedDate.add(a.getText()): null

2020-03-13 14:34:12 - [TEST_STEP][PASSED] - AllCreatedDate.add(a.getText()): null

2020-03-13 14:34:12 - [TEST_STEP][PASSED] - AllCreatedDate.add(a.getText()): null

2020-03-13 14:34:13 - [TEST_STEP][PASSED] - click(findTestObject("ROLES/Roles_page/Pagination/front_navigation")): Object: 'Object Repository/ROLES/Roles_page/Pagination/front_navigation' is clicked on

2020-03-13 14:34:13 - [MESSAGE][PASSED] - Object: 'Object Repository/ROLES/Roles_page/Pagination/front_navigation' is clicked on

2020-03-13 14:34:13 - [TEST_STEP][PASSED] - createdDate = findWebElements(findTestObject("ROLES/Roles_page/sorting/created"), 2): null

2020-03-13 14:34:14 - [TEST_STEP][PASSED] - for (org.openqa.selenium.WebElement a : createdDate): null

2020-03-13 14:34:14 - [TEST_STEP][PASSED] - AllCreatedDate.add(a.getText()): null

2020-03-13 14:34:14 - [TEST_STEP][PASSED] - AllCreatedDate.add(a.getText()): null

2020-03-13 14:34:14 - [TEST_STEP][PASSED] - AllCreatedDate.add(a.getText()): null

2020-03-13 14:34:14 - [TEST_STEP][PASSED] - AllCreatedDate.add(a.getText()): null

2020-03-13 14:34:14 - [TEST_STEP][PASSED] - AllCreatedDate.add(a.getText()): null

2020-03-13 14:34:14 - [TEST_STEP][PASSED] - AllCreatedDate.add(a.getText()): null

2020-03-13 14:34:14 - [TEST_STEP][PASSED] - AllCreatedDate.add(a.getText()): null

2020-03-13 14:34:14 - [TEST_STEP][PASSED] - AllCreatedDate.add(a.getText()): null

2020-03-13 14:34:14 - [TEST_STEP][PASSED] - AllCreatedDate.add(a.getText()): null

2020-03-13 14:34:14 - [TEST_STEP][PASSED] - AllCreatedDate.add(a.getText()): null

2020-03-13 14:34:14 - [TEST_STEP][PASSED] - click(findTestObject("ROLES/Roles_page/Pagination/front_navigation")): Object: 'Object Repository/ROLES/Roles_page/Pagination/front_navigation' is clicked on

2020-03-13 14:34:15 - [MESSAGE][PASSED] - Object: 'Object Repository/ROLES/Roles_page/Pagination/front_navigation' is clicked on

2020-03-13 14:34:15 - [TEST_STEP][PASSED] - createdDate = findWebElements(findTestObject("ROLES/Roles_page/sorting/created"), 2): null

2020-03-13 14:34:16 - [TEST_STEP][PASSED] - for (org.openqa.selenium.WebElement a : createdDate): null

2020-03-13 14:34:16 - [TEST_STEP][PASSED] - AllCreatedDate.add(a.getText()): null

2020-03-13 14:34:16 - [TEST_STEP][PASSED] - AllCreatedDate.add(a.getText()): null

2020-03-13 14:34:16 - [TEST_STEP][PASSED] - AllCreatedDate.add(a.getText()): null

2020-03-13 14:34:16 - [TEST_STEP][PASSED] - AllCreatedDate.add(a.getText()): null

2020-03-13 14:34:16 - [TEST_STEP][PASSED] - AllCreatedDate.add(a.getText()): null

2020-03-13 14:34:16 - [TEST_STEP][PASSED] - AllCreatedDate.add(a.getText()): null

2020-03-13 14:34:16 - [TEST_STEP][PASSED] - AllCreatedDate.add(a.getText()): null

2020-03-13 14:34:16 - [TEST_STEP][PASSED] - AllCreatedDate.add(a.getText()): null

2020-03-13 14:34:16 - [TEST_STEP][PASSED] - AllCreatedDate.add(a.getText()): null

2020-03-13 14:34:16 - [TEST_STEP][PASSED] - AllCreatedDate.add(a.getText()): null

2020-03-13 14:34:16 - [TEST_STEP][PASSED] - click(findTestObject("ROLES/Roles_page/Pagination/front_navigation")): Object: 'Object Repository/ROLES/Roles_page/Pagination/front_navigation' is clicked on

2020-03-13 14:34:17 - [MESSAGE][PASSED] - Object: 'Object Repository/ROLES/Roles_page/Pagination/front_navigation' is clicked on

2020-03-13 14:34:17 - [TEST_STEP][PASSED] - createdDate = findWebElements(findTestObject("ROLES/Roles_page/sorting/created"), 2): null

2020-03-13 14:34:18 - [TEST_STEP][PASSED] - for (org.openqa.selenium.WebElement a : createdDate): null

2020-03-13 14:34:18 - [TEST_STEP][PASSED] - AllCreatedDate.add(a.getText()): null

2020-03-13 14:34:18 - [TEST_STEP][PASSED] - AllCreatedDate.add(a.getText()): null

2020-03-13 14:34:18 - [TEST_STEP][PASSED] - AllCreatedDate.add(a.getText()): null

2020-03-13 14:34:18 - [TEST_STEP][PASSED] - AllCreatedDate.add(a.getText()): null

2020-03-13 14:34:18 - [TEST_STEP][PASSED] - AllCreatedDate.add(a.getText()): null

2020-03-13 14:34:18 - [TEST_STEP][PASSED] - AllCreatedDate.add(a.getText()): null

2020-03-13 14:34:18 - [TEST_STEP][PASSED] - AllCreatedDate.add(a.getText()): null

2020-03-13 14:34:18 - [TEST_STEP][PASSED] - AllCreatedDate.add(a.getText()): null

2020-03-13 14:34:18 - [TEST_STEP][PASSED] - AllCreatedDate.add(a.getText()): null

2020-03-13 14:34:18 - [TEST_STEP][PASSED] - AllCreatedDate.add(a.getText()): null

2020-03-13 14:34:18 - [TEST_STEP][PASSED] - click(findTestObject("ROLES/Roles_page/Pagination/front_navigation")): Object: 'Object Repository/ROLES/Roles_page/Pagination/front_navigation' is clicked on

2020-03-13 14:34:18 - [MESSAGE][PASSED] - Object: 'Object Repository/ROLES/Roles_page/Pagination/front_navigation' is clicked on

2020-03-13 14:34:18 - [TEST_STEP][PASSED] - createdDate = findWebElements(findTestObject("ROLES/Roles_page/sorting/created"), 2): null

2020-03-13 14:34:19 - [TEST_STEP][PASSED] - for (org.openqa.selenium.WebElement a : createdDate): null

2020-03-13 14:34:19 - [TEST_STEP][PASSED] - AllCreatedDate.add(a.getText()): null

2020-03-13 14:34:19 - [TEST_STEP][PASSED] - AllCreatedDate.add(a.getText()): null

2020-03-13 14:34:19 - [TEST_STEP][PASSED] - AllCreatedDate.add(a.getText()): null

2020-03-13 14:34:19 - [TEST_STEP][PASSED] - AllCreatedDate.add(a.getText()): null

2020-03-13 14:34:19 - [TEST_STEP][PASSED] - AllCreatedDate.add(a.getText()): null

2020-03-13 14:34:19 - [TEST_STEP][PASSED] - AllCreatedDate.add(a.getText()): null

2020-03-13 14:34:19 - [TEST_STEP][PASSED] - AllCreatedDate.add(a.getText()): null

2020-03-13 14:34:19 - [TEST_STEP][PASSED] - AllCreatedDate.add(a.getText()): null

2020-03-13 14:34:19 - [TEST_STEP][PASSED] - AllCreatedDate.add(a.getText()): null

2020-03-13 14:34:19 - [TEST_STEP][PASSED] - AllCreatedDate.add(a.getText()): null

2020-03-13 14:34:19 - [TEST_STEP][PASSED] - click(findTestObject("ROLES/Roles_page/Pagination/front_navigation")): Object: 'Object Repository/ROLES/Roles_page/Pagination/front_navigation' is clicked on

2020-03-13 14:34:20 - [MESSAGE][PASSED] - Object: 'Object Repository/ROLES/Roles_page/Pagination/front_navigation' is clicked on

2020-03-13 14:34:20 - [TEST_STEP][PASSED] - createdDate = findWebElements(findTestObject("ROLES/Roles_page/sorting/created"), 2): null

2020-03-13 14:34:20 - [TEST_STEP][PASSED] - for (org.openqa.selenium.WebElement a : createdDate): null

2020-03-13 14:34:20 - [TEST_STEP][PASSED] - AllCreatedDate.add(a.getText()): null

2020-03-13 14:34:20 - [TEST_STEP][PASSED] - AllCreatedDate.add(a.getText()): null

2020-03-13 14:34:21 - [TEST_STEP][PASSED] - AllCreatedDate.add(a.getText()): null

2020-03-13 14:34:21 - [TEST_STEP][PASSED] - AllCreatedDate.add(a.getText()): null

2020-03-13 14:34:21 - [TEST_STEP][PASSED] - AllCreatedDate.add(a.getText()): null

2020-03-13 14:34:21 - [TEST_STEP][PASSED] - AllCreatedDate.add(a.getText()): null

2020-03-13 14:34:21 - [TEST_STEP][PASSED] - AllCreatedDate.add(a.getText()): null

2020-03-13 14:34:21 - [TEST_STEP][PASSED] - AllCreatedDate.add(a.getText()): null

2020-03-13 14:34:21 - [TEST_STEP][PASSED] - AllCreatedDate.add(a.getText()): null

2020-03-13 14:34:21 - [TEST_STEP][PASSED] - AllCreatedDate.add(a.getText()): null

2020-03-13 14:34:21 - [TEST_STEP][PASSED] - click(findTestObject("ROLES/Roles_page/Pagination/front_navigation")): Object: 'Object Repository/ROLES/Roles_page/Pagination/front_navigation' is clicked on

2020-03-13 14:34:21 - [MESSAGE][PASSED] - Object: 'Object Repository/ROLES/Roles_page/Pagination/front_navigation' is clicked on

2020-03-13 14:34:21 - [TEST_STEP][PASSED] - createdDate = findWebElements(findTestObject("ROLES/Roles_page/sorting/created"), 2): null

2020-03-13 14:34:22 - [TEST_STEP][PASSED] - for (org.openqa.selenium.WebElement a : createdDate): null

2020-03-13 14:34:22 - [TEST_STEP][PASSED] - AllCreatedDate.add(a.getText()): null

2020-03-13 14:34:22 - [TEST_STEP][PASSED] - AllCreatedDate.add(a.getText()): null

2020-03-13 14:34:22 - [TEST_STEP][PASSED] - AllCreatedDate.add(a.getText()): null

2020-03-13 14:34:22 - [TEST_STEP][PASSED] - AllCreatedDate.add(a.getText()): null

2020-03-13 14:34:22 - [TEST_STEP][PASSED] - AllCreatedDate.add(a.getText()): null

2020-03-13 14:34:22 - [TEST_STEP][PASSED] - AllCreatedDate.add(a.getText()): null

2020-03-13 14:34:22 - [TEST_STEP][PASSED] - AllCreatedDate.add(a.getText()): null

2020-03-13 14:34:22 - [TEST_STEP][PASSED] - AllCreatedDate.add(a.getText()): null

2020-03-13 14:34:22 - [TEST_STEP][PASSED] - AllCreatedDate.add(a.getText()): null

2020-03-13 14:34:22 - [TEST_STEP][PASSED] - AllCreatedDate.add(a.getText()): null

2020-03-13 14:34:22 - [TEST_STEP][PASSED] - click(findTestObject("ROLES/Roles_page/Pagination/front_navigation")): Object: 'Object Repository/ROLES/Roles_page/Pagination/front_navigation' is clicked on

2020-03-13 14:34:23 - [MESSAGE][PASSED] - Object: 'Object Repository/ROLES/Roles_page/Pagination/front_navigation' is clicked on

2020-03-13 14:34:23 - [TEST_STEP][PASSED] - createdDate = findWebElements(findTestObject("ROLES/Roles_page/sorting/created"), 2): null

2020-03-13 14:34:24 - [TEST_STEP][PASSED] - for (org.openqa.selenium.WebElement a : createdDate): null

2020-03-13 14:34:24 - [TEST_STEP][PASSED] - AllCreatedDate.add(a.getText()): null

2020-03-13 14:34:24 - [TEST_STEP][PASSED] - AllCreatedDate.add(a.getText()): null

2020-03-13 14:34:24 - [TEST_STEP][PASSED] - AllCreatedDate.add(a.getText()): null

2020-03-13 14:34:24 - [TEST_STEP][PASSED] - AllCreatedDate.add(a.getText()): null

2020-03-13 14:34:24 - [TEST_STEP][PASSED] - AllCreatedDate.add(a.getText()): null

2020-03-13 14:34:24 - [TEST_STEP][PASSED] - AllCreatedDate.add(a.getText()): null

2020-03-13 14:34:24 - [TEST_STEP][PASSED] - AllCreatedDate.add(a.getText()): null

2020-03-13 14:34:24 - [TEST_STEP][PASSED] - AllCreatedDate.add(a.getText()): null

2020-03-13 14:34:24 - [TEST_STEP][PASSED] - AllCreatedDate.add(a.getText()): null

2020-03-13 14:34:24 - [TEST_STEP][PASSED] - AllCreatedDate.add(a.getText()): null

2020-03-13 14:34:24 - [TEST_STEP][PASSED] - click(findTestObject("ROLES/Roles_page/Pagination/front_navigation")): Object: 'Object Repository/ROLES/Roles_page/Pagination/front_navigation' is clicked on

2020-03-13 14:34:24 - [MESSAGE][PASSED] - Object: 'Object Repository/ROLES/Roles_page/Pagination/front_navigation' is clicked on

2020-03-13 14:34:24 - [TEST_STEP][PASSED] - createdDate = findWebElements(findTestObject("ROLES/Roles_page/sorting/created"), 2): null

2020-03-13 14:34:25 - [TEST_STEP][PASSED] - for (org.openqa.selenium.WebElement a : createdDate): null

2020-03-13 14:34:25 - [TEST_STEP][PASSED] - AllCreatedDate.add(a.getText()): null

2020-03-13 14:34:25 - [TEST_STEP][PASSED] - AllCreatedDate.add(a.getText()): null

2020-03-13 14:34:25 - [TEST_STEP][PASSED] - AllCreatedDate.add(a.getText()): null

2020-03-13 14:34:25 - [TEST_STEP][PASSED] - AllCreatedDate.add(a.getText()): null

2020-03-13 14:34:25 - [TEST_STEP][PASSED] - AllCreatedDate.add(a.getText()): null

2020-03-13 14:34:25 - [TEST_STEP][PASSED] - AllCreatedDate.add(a.getText()): null

2020-03-13 14:34:25 - [TEST_STEP][PASSED] - AllCreatedDate.add(a.getText()): null

2020-03-13 14:34:25 - [TEST_STEP][PASSED] - AllCreatedDate.add(a.getText()): null

2020-03-13 14:34:25 - [TEST_STEP][PASSED] - AllCreatedDate.add(a.getText()): null

2020-03-13 14:34:25 - [TEST_STEP][PASSED] - AllCreatedDate.add(a.getText()): null

2020-03-13 14:34:25 - [TEST_STEP][PASSED] - click(findTestObject("ROLES/Roles_page/Pagination/front_navigation")): Object: 'Object Repository/ROLES/Roles_page/Pagination/front_navigation' is clicked on

2020-03-13 14:34:26 - [MESSAGE][PASSED] - Object: 'Object Repository/ROLES/Roles_page/Pagination/front_navigation' is clicked on

2020-03-13 14:34:26 - [TEST_STEP][PASSED] - createdDate = findWebElements(findTestObject("ROLES/Roles_page/sorting/created"), 2): null

2020-03-13 14:34:27 - [TEST_STEP][PASSED] - for (org.openqa.selenium.WebElement a : createdDate): null

2020-03-13 14:34:27 - [TEST_STEP][PASSED] - AllCreatedDate.add(a.getText()): null

2020-03-13 14:34:27 - [TEST_STEP][PASSED] - AllCreatedDate.add(a.getText()): null

2020-03-13 14:34:27 - [TEST_STEP][PASSED] - AllCreatedDate.add(a.getText()): null

2020-03-13 14:34:27 - [TEST_STEP][PASSED] - AllCreatedDate.add(a.getText()): null

2020-03-13 14:34:27 - [TEST_STEP][PASSED] - AllCreatedDate.add(a.getText()): null

2020-03-13 14:34:27 - [TEST_STEP][PASSED] - AllCreatedDate.add(a.getText()): null

2020-03-13 14:34:27 - [TEST_STEP][PASSED] - AllCreatedDate.add(a.getText()): null

2020-03-13 14:34:27 - [TEST_STEP][PASSED] - AllCreatedDate.add(a.getText()): null

2020-03-13 14:34:27 - [TEST_STEP][PASSED] - AllCreatedDate.add(a.getText()): null

2020-03-13 14:34:27 - [TEST_STEP][PASSED] - AllCreatedDate.add(a.getText()): null

2020-03-13 14:34:27 - [TEST_STEP][PASSED] - click(findTestObject("ROLES/Roles_page/Pagination/front_navigation")): Object: 'Object Repository/ROLES/Roles_page/Pagination/front_navigation' is clicked on

2020-03-13 14:34:27 - [MESSAGE][PASSED] - Object: 'Object Repository/ROLES/Roles_page/Pagination/front_navigation' is clicked on

2020-03-13 14:34:27 - [TEST_STEP][PASSED] - createdDate = findWebElements(findTestObject("ROLES/Roles_page/sorting/created"), 2): null

2020-03-13 14:34:28 - [TEST_STEP][PASSED] - for (org.openqa.selenium.WebElement a : createdDate): null

2020-03-13 14:34:28 - [TEST_STEP][PASSED] - AllCreatedDate.add(a.getText()): null

2020-03-13 14:34:28 - [TEST_STEP][PASSED] - AllCreatedDate.add(a.getText()): null

2020-03-13 14:34:28 - [TEST_STEP][PASSED] - AllCreatedDate.add(a.getText()): null

2020-03-13 14:34:28 - [TEST_STEP][PASSED] - AllCreatedDate.add(a.getText()): null

2020-03-13 14:34:28 - [TEST_STEP][PASSED] - AllCreatedDate.add(a.getText()): null

2020-03-13 14:34:28 - [TEST_STEP][PASSED] - AllCreatedDate.add(a.getText()): null

2020-03-13 14:34:28 - [TEST_STEP][PASSED] - AllCreatedDate.add(a.getText()): null

2020-03-13 14:34:28 - [TEST_STEP][PASSED] - AllCreatedDate.add(a.getText()): null

2020-03-13 14:34:28 - [TEST_STEP][PASSED] - AllCreatedDate.add(a.getText()): null

2020-03-13 14:34:28 - [TEST_STEP][PASSED] - AllCreatedDate.add(a.getText()): null

2020-03-13 14:34:28 - [TEST_STEP][PASSED] - click(findTestObject("ROLES/Roles_page/Pagination/front_navigation")): Object: 'Object Repository/ROLES/Roles_page/Pagination/front_navigation' is clicked on

2020-03-13 14:34:29 - [MESSAGE][PASSED] - Object: 'Object Repository/ROLES/Roles_page/Pagination/front_navigation' is clicked on

2020-03-13 14:34:29 - [TEST_STEP][PASSED] - createdDate = findWebElements(findTestObject("ROLES/Roles_page/sorting/created"), 2): null

2020-03-13 14:34:30 - [TEST_STEP][PASSED] - for (org.openqa.selenium.WebElement a : createdDate): null

2020-03-13 14:34:30 - [TEST_STEP][PASSED] - AllCreatedDate.add(a.getText()): null

2020-03-13 14:34:30 - [TEST_STEP][PASSED] - AllCreatedDate.add(a.getText()): null

2020-03-13 14:34:30 - [TEST_STEP][PASSED] - AllCreatedDate.add(a.getText()): null

2020-03-13 14:34:30 - [TEST_STEP][PASSED] - AllCreatedDate.add(a.getText()): null

2020-03-13 14:34:30 - [TEST_STEP][PASSED] - AllCreatedDate.add(a.getText()): null

2020-03-13 14:34:30 - [TEST_STEP][PASSED] - AllCreatedDate.add(a.getText()): null

2020-03-13 14:34:30 - [TEST_STEP][PASSED] - AllCreatedDate.add(a.getText()): null

2020-03-13 14:34:30 - [TEST_STEP][PASSED] - AllCreatedDate.add(a.getText()): null

2020-03-13 14:34:30 - [TEST_STEP][PASSED] - AllCreatedDate.add(a.getText()): null

2020-03-13 14:34:30 - [TEST_STEP][PASSED] - AllCreatedDate.add(a.getText()): null

2020-03-13 14:34:30 - [TEST_STEP][PASSED] - click(findTestObject("ROLES/Roles_page/Pagination/front_navigation")): Object: 'Object Repository/ROLES/Roles_page/Pagination/front_navigation' is clicked on

2020-03-13 14:34:30 - [MESSAGE][PASSED] - Object: 'Object Repository/ROLES/Roles_page/Pagination/front_navigation' is clicked on

2020-03-13 14:34:30 - [TEST_STEP][PASSED] - createdDate = findWebElements(findTestObject("ROLES/Roles_page/sorting/created"), 2): null

2020-03-13 14:34:31 - [TEST_STEP][PASSED] - for (org.openqa.selenium.WebElement a : createdDate): null

2020-03-13 14:34:31 - [TEST_STEP][PASSED] - AllCreatedDate.add(a.getText()): null

2020-03-13 14:34:31 - [TEST_STEP][PASSED] - AllCreatedDate.add(a.getText()): null

2020-03-13 14:34:31 - [TEST_STEP][PASSED] - AllCreatedDate.add(a.getText()): null

2020-03-13 14:34:31 - [TEST_STEP][PASSED] - AllCreatedDate.add(a.getText()): null

2020-03-13 14:34:31 - [TEST_STEP][PASSED] - AllCreatedDate.add(a.getText()): null

2020-03-13 14:34:31 - [TEST_STEP][PASSED] - AllCreatedDate.add(a.getText()): null

2020-03-13 14:34:31 - [TEST_STEP][PASSED] - AllCreatedDate.add(a.getText()): null

2020-03-13 14:34:31 - [TEST_STEP][PASSED] - AllCreatedDate.add(a.getText()): null

2020-03-13 14:34:31 - [TEST_STEP][PASSED] - AllCreatedDate.add(a.getText()): null

2020-03-13 14:34:31 - [TEST_STEP][PASSED] - AllCreatedDate.add(a.getText()): null

2020-03-13 14:34:31 - [TEST_STEP][PASSED] - click(findTestObject("ROLES/Roles_page/Pagination/front_navigation")): Object: 'Object Repository/ROLES/Roles_page/Pagination/front_navigation' is clicked on

2020-03-13 14:34:32 - [MESSAGE][PASSED] - Object: 'Object Repository/ROLES/Roles_page/Pagination/front_navigation' is clicked on

2020-03-13 14:34:32 - [TEST_STEP][PASSED] - createdDate = findWebElements(findTestObject("ROLES/Roles_page/sorting/created"), 2): null

2020-03-13 14:34:33 - [TEST_STEP][PASSED] - for (org.openqa.selenium.WebElement a : createdDate): null

2020-03-13 14:34:33 - [TEST_STEP][PASSED] - AllCreatedDate.add(a.getText()): null

2020-03-13 14:34:33 - [TEST_STEP][PASSED] - AllCreatedDate.add(a.getText()): null

2020-03-13 14:34:33 - [TEST_STEP][PASSED] - AllCreatedDate.add(a.getText()): null

2020-03-13 14:34:33 - [TEST_STEP][PASSED] - AllCreatedDate.add(a.getText()): null

2020-03-13 14:34:33 - [TEST_STEP][PASSED] - AllCreatedDate.add(a.getText()): null

2020-03-13 14:34:33 - [TEST_STEP][PASSED] - AllCreatedDate.add(a.getText()): null

2020-03-13 14:34:33 - [TEST_STEP][PASSED] - AllCreatedDate.add(a.getText()): null

2020-03-13 14:34:33 - [TEST_STEP][PASSED] - AllCreatedDate.add(a.getText()): null

2020-03-13 14:34:33 - [TEST_STEP][PASSED] - AllCreatedDate.add(a.getText()): null

2020-03-13 14:34:33 - [TEST_STEP][PASSED] - AllCreatedDate.add(a.getText()): null

2020-03-13 14:34:33 - [TEST_STEP][PASSED] - click(findTestObject("ROLES/Roles_page/Pagination/front_navigation")): Object: 'Object Repository/ROLES/Roles_page/Pagination/front_navigation' is clicked on

2020-03-13 14:34:33 - [MESSAGE][PASSED] - Object: 'Object Repository/ROLES/Roles_page/Pagination/front_navigation' is clicked on

2020-03-13 14:34:33 - [TEST_STEP][PASSED] - createdDate = findWebElements(findTestObject("ROLES/Roles_page/sorting/created"), 2): null

2020-03-13 14:34:35 - [TEST_STEP][PASSED] - for (org.openqa.selenium.WebElement a : createdDate): null

2020-03-13 14:34:35 - [TEST_STEP][PASSED] - AllCreatedDate.add(a.getText()): null

2020-03-13 14:34:35 - [TEST_STEP][PASSED] - AllCreatedDate.add(a.getText()): null

2020-03-13 14:34:35 - [TEST_STEP][PASSED] - AllCreatedDate.add(a.getText()): null

2020-03-13 14:34:35 - [TEST_STEP][PASSED] - AllCreatedDate.add(a.getText()): null

2020-03-13 14:34:35 - [TEST_STEP][PASSED] - AllCreatedDate.add(a.getText()): null

2020-03-13 14:34:35 - [TEST_STEP][PASSED] - AllCreatedDate.add(a.getText()): null

2020-03-13 14:34:35 - [TEST_STEP][PASSED] - AllCreatedDate.add(a.getText()): null

2020-03-13 14:34:35 - [TEST_STEP][PASSED] - AllCreatedDate.add(a.getText()): null

2020-03-13 14:34:35 - [TEST_STEP][PASSED] - AllCreatedDate.add(a.getText()): null

2020-03-13 14:34:35 - [TEST_STEP][PASSED] - AllCreatedDate.add(a.getText()): null

2020-03-13 14:34:35 - [TEST_STEP][PASSED] - click(findTestObject("ROLES/Roles_page/Pagination/front_navigation")): Object: 'Object Repository/ROLES/Roles_page/Pagination/front_navigation' is clicked on

2020-03-13 14:34:36 - [MESSAGE][PASSED] - Object: 'Object Repository/ROLES/Roles_page/Pagination/front_navigation' is clicked on

2020-03-13 14:34:36 - [TEST_STEP][PASSED] - createdDate = findWebElements(findTestObject("ROLES/Roles_page/sorting/created"), 2): null

2020-03-13 14:34:37 - [TEST_STEP][PASSED] - for (org.openqa.selenium.WebElement a : createdDate): null

2020-03-13 14:34:37 - [TEST_STEP][PASSED] - AllCreatedDate.add(a.getText()): null

2020-03-13 14:34:37 - [TEST_STEP][PASSED] - AllCreatedDate.add(a.getText()): null

2020-03-13 14:34:37 - [TEST_STEP][PASSED] - AllCreatedDate.add(a.getText()): null

2020-03-13 14:34:37 - [TEST_STEP][PASSED] - AllCreatedDate.add(a.getText()): null

2020-03-13 14:34:37 - [TEST_STEP][PASSED] - AllCreatedDate.add(a.getText()): null

2020-03-13 14:34:37 - [TEST_STEP][PASSED] - AllCreatedDate.add(a.getText()): null

2020-03-13 14:34:37 - [TEST_STEP][PASSED] - AllCreatedDate.add(a.getText()): null

2020-03-13 14:34:37 - [TEST_STEP][PASSED] - AllCreatedDate.add(a.getText()): null

2020-03-13 14:34:37 - [TEST_STEP][PASSED] - AllCreatedDate.add(a.getText()): null

2020-03-13 14:34:37 - [TEST_STEP][PASSED] - AllCreatedDate.add(a.getText()): null

2020-03-13 14:34:37 - [TEST_STEP][PASSED] - click(findTestObject("ROLES/Roles_page/Pagination/front_navigation")): Object: 'Object Repository/ROLES/Roles_page/Pagination/front_navigation' is clicked on

2020-03-13 14:34:37 - [MESSAGE][PASSED] - Object: 'Object Repository/ROLES/Roles_page/Pagination/front_navigation' is clicked on

2020-03-13 14:34:37 - [TEST_STEP][PASSED] - createdDate = findWebElements(findTestObject("ROLES/Roles_page/sorting/created"), 2): null

2020-03-13 14:34:38 - [TEST_STEP][PASSED] - for (org.openqa.selenium.WebElement a : createdDate): null

2020-03-13 14:34:38 - [TEST_STEP][PASSED] - AllCreatedDate.add(a.getText()): null

2020-03-13 14:34:38 - [TEST_STEP][PASSED] - AllCreatedDate.add(a.getText()): null

2020-03-13 14:34:38 - [TEST_STEP][PASSED] - AllCreatedDate.add(a.getText()): null

2020-03-13 14:34:38 - [TEST_STEP][PASSED] - AllCreatedDate.add(a.getText()): null

2020-03-13 14:34:38 - [TEST_STEP][PASSED] - click(findTestObject("ROLES/Roles_page/Pagination/front_navigation")): Object: 'Object Repository/ROLES/Roles_page/Pagination/front_navigation' is clicked on

2020-03-13 14:34:41 - [MESSAGE][PASSED] - Object: 'Object Repository/ROLES/Roles_page/Pagination/front_navigation' is clicked on

2020-03-13 14:34:41 - [TEST_STEP][PASSED] - if (j == 1): null

2020-03-13 14:34:41 - [TEST_STEP][PASSED] - if (j == 2): Actual object 'true' and expected object 'true' are equal

2020-03-13 14:34:41 - [TEST_STEP][PASSED] - isSorted = web.CustomKeyword.checkListAscendingOrder(AllCreatedDate): web.CustomKeyword.checkListAscendingOrder is PASSED

2020-03-13 14:34:41 - [MESSAGE][PASSED] - web.CustomKeyword.checkListAscendingOrder is PASSED

2020-03-13 14:34:41 - [TEST_STEP][PASSED] - println(AllCreatedDate.size()): null

2020-03-13 14:34:41 - [TEST_STEP][PASSED] - println(AllCreatedDate): null

2020-03-13 14:34:41 - [TEST_STEP][PASSED] - verifyEqual(isSorted, true): Actual object 'true' and expected object 'true' are equal

2020-03-13 14:34:41 - [MESSAGE][PASSED] - Actual object 'true' and expected object 'true' are equal

2020-03-13 14:34:41 - [TEST_STEP][PASSED] - clearText(findTestObject("Object Repository/ROLES/Roles_page/Pagination/input_Page_form-control")): Text of object 'Object Repository/ROLES/Roles_page/Pagination/input_Page_form-control' is cleared

2020-03-13 14:34:41 - [MESSAGE][PASSED] - Text of object 'Object Repository/ROLES/Roles_page/Pagination/input_Page_form-control' is cleared

2020-03-13 14:34:41 - [TEST_STEP][PASSED] - setText(findTestObject("Object Repository/ROLES/Roles_page/Pagination/input_Page_form-control"), BACK_SPACE + BACK_SPACE + "1" + ENTER): Text 'BACK_SPACE + BACK_SPACE + ENTER + 1' is set on object 'Object Repository/ROLES/Roles_page/Pagination/input_Page_form-control'

2020-03-13 14:34:42 - [MESSAGE][PASSED] - Text 'BACK_SPACE + BACK_SPACE + ENTER + 1' is set on object 'Object Repository/ROLES/Roles_page/Pagination/input_Page_form-control'

2020-03-13 14:34:42 - [TEST_STEP][PASSED] - Start listener action : sampleAfterTestCase: null

2020-03-13 14:34:42 - [TEST_STEP][PASSED] - println(testCaseContext.getTestCaseId()): null

2020-03-13 14:34:42 - [TEST_STEP][PASSED] - println(testCaseContext.getTestCaseStatus()): null

2020-03-13 14:34:42 - [TEST_STEP][PASSED] - println("On Failure Method is Calling : " + testCaseContext.getTestCaseStatus()): null

2020-03-13 14:34:42 - [TEST_STEP][PASSED] - if (!(getTestCaseStatus().equalsIgnoreCase("PASSED"))): null]]></system-out>
         <system-err><![CDATA[]]></system-err>
      </testcase>
      <testcase name="Test Cases/Atlas Platform/Configuration Management/Platform Management/ROLES/Role Listing Grid/RLG-008 Verify sorting by ModifiedDate" time="68.031" classname="Test Cases/Atlas Platform/Configuration Management/Platform Management/ROLES/Role Listing Grid/RLG-008 Verify sorting by ModifiedDate" status="PASSED">
         <system-out><![CDATA[2020-03-13 14:34:44 - [TEST_CASE][PASSED] - Test Cases/Atlas Platform/Configuration Management/Platform Management/ROLES/Role Listing Grid/RLG-008 Verify sorting by ModifiedDate: Test Cases/Atlas Platform/Configuration Management/Platform Management/ROLES/Role Listing Grid/RLG-008 Verify sorting by ModifiedDate

2020-03-13 14:34:44 - [TEST_STEP][NOT_RUN] - callTestCase(findTestCase("Atlas Platform/Platform Navigation/Login/Default Logins/Default_Login_as_Root Admin"), ["Email":findTestData("AMP_Y").getValue(1, 1), "Password":findTestData("AMP_Y").getValue(2, 1), "dashboard_exp_title":""], CONTINUE_ON_FAILURE): NOT_RUN: callTestCase(findTestCase("Atlas Platform/Platform Navigation/Login/Default Logins/Default_Login_as_Root Admin"), ["Email":findTestData("AMP_Y").getValue(1, 1), "Password":findTestData("AMP_Y").getValue(2, 1), "dashboard_exp_title":""], CONTINUE_ON_FAILURE)

2020-03-13 14:34:44 - [MESSAGE][NOT_RUN] - NOT_RUN: callTestCase(findTestCase("Atlas Platform/Platform Navigation/Login/Default Logins/Default_Login_as_Root Admin"), ["Email":findTestData("AMP_Y").getValue(1, 1), "Password":findTestData("AMP_Y").getValue(2, 1), "dashboard_exp_title":""], CONTINUE_ON_FAILURE)

2020-03-13 14:34:44 - [TEST_STEP][NOT_RUN] - click(findTestObject("ROLES/Role_Navigation/a_ADMIN")): NOT_RUN: click(findTestObject("ROLES/Role_Navigation/a_ADMIN"))

2020-03-13 14:34:44 - [MESSAGE][NOT_RUN] - NOT_RUN: click(findTestObject("ROLES/Role_Navigation/a_ADMIN"))

2020-03-13 14:34:44 - [TEST_STEP][PASSED] - driver = getWebDriver(): null

2020-03-13 14:34:44 - [TEST_STEP][PASSED] - noOfPages_text = getText(findTestObject("ROLES/Roles_page/Pagination/label_of 10")): Text of object 'Object Repository/ROLES/Roles_page/Pagination/label_of 10' is: 'of 18'

2020-03-13 14:34:45 - [MESSAGE][PASSED] - Text of object 'Object Repository/ROLES/Roles_page/Pagination/label_of 10' is: 'of 18'

2020-03-13 14:34:45 - [TEST_STEP][PASSED] - noOfPages = Integer.parseInt(noOfPages_text.substring(3)): null

2020-03-13 14:34:45 - [TEST_STEP][PASSED] - println(noOfPages): null

2020-03-13 14:34:45 - [TEST_STEP][PASSED] - for ([j = 1, j < 3, (j++)]): Actual object 'true' and expected object 'true' are equal

2020-03-13 14:34:45 - [TEST_STEP][PASSED] - click(findTestObject("ROLES/Roles_page/sorting/Modified_header")): Object: 'Object Repository/ROLES/Roles_page/sorting/Modified_header' is clicked on

2020-03-13 14:34:45 - [MESSAGE][PASSED] - Object: 'Object Repository/ROLES/Roles_page/sorting/Modified_header' is clicked on

2020-03-13 14:34:45 - [TEST_STEP][PASSED] - modifiedDate = <not implemented yet for class: org.codehaus.groovy.ast.expr.EmptyExpression>: null

2020-03-13 14:34:45 - [TEST_STEP][PASSED] - AllModifiedDate = new java.util.ArrayList(): null

2020-03-13 14:34:45 - [TEST_STEP][PASSED] - for ([i = 1, i <= noOfPages, (i++)]): Object: 'Object Repository/ROLES/Roles_page/Pagination/front_navigation' is clicked on

2020-03-13 14:34:45 - [TEST_STEP][PASSED] - modifiedDate = findWebElements(findTestObject("ROLES/Roles_page/sorting/modified"), 2): null

2020-03-13 14:34:47 - [TEST_STEP][PASSED] - for (org.openqa.selenium.WebElement a : modifiedDate): null

2020-03-13 14:34:47 - [TEST_STEP][PASSED] - AllModifiedDate.add(a.getText()): null

2020-03-13 14:34:47 - [TEST_STEP][PASSED] - AllModifiedDate.add(a.getText()): null

2020-03-13 14:34:47 - [TEST_STEP][PASSED] - AllModifiedDate.add(a.getText()): null

2020-03-13 14:34:47 - [TEST_STEP][PASSED] - AllModifiedDate.add(a.getText()): null

2020-03-13 14:34:47 - [TEST_STEP][PASSED] - AllModifiedDate.add(a.getText()): null

2020-03-13 14:34:47 - [TEST_STEP][PASSED] - AllModifiedDate.add(a.getText()): null

2020-03-13 14:34:47 - [TEST_STEP][PASSED] - AllModifiedDate.add(a.getText()): null

2020-03-13 14:34:47 - [TEST_STEP][PASSED] - AllModifiedDate.add(a.getText()): null

2020-03-13 14:34:47 - [TEST_STEP][PASSED] - AllModifiedDate.add(a.getText()): null

2020-03-13 14:34:47 - [TEST_STEP][PASSED] - AllModifiedDate.add(a.getText()): null

2020-03-13 14:34:47 - [TEST_STEP][PASSED] - click(findTestObject("ROLES/Roles_page/Pagination/front_navigation")): Object: 'Object Repository/ROLES/Roles_page/Pagination/front_navigation' is clicked on

2020-03-13 14:34:47 - [MESSAGE][PASSED] - Object: 'Object Repository/ROLES/Roles_page/Pagination/front_navigation' is clicked on

2020-03-13 14:34:47 - [TEST_STEP][PASSED] - modifiedDate = findWebElements(findTestObject("ROLES/Roles_page/sorting/modified"), 2): null

2020-03-13 14:34:48 - [TEST_STEP][PASSED] - for (org.openqa.selenium.WebElement a : modifiedDate): null

2020-03-13 14:34:48 - [TEST_STEP][PASSED] - AllModifiedDate.add(a.getText()): null

2020-03-13 14:34:48 - [TEST_STEP][PASSED] - AllModifiedDate.add(a.getText()): null

2020-03-13 14:34:48 - [TEST_STEP][PASSED] - AllModifiedDate.add(a.getText()): null

2020-03-13 14:34:48 - [TEST_STEP][PASSED] - AllModifiedDate.add(a.getText()): null

2020-03-13 14:34:48 - [TEST_STEP][PASSED] - AllModifiedDate.add(a.getText()): null

2020-03-13 14:34:48 - [TEST_STEP][PASSED] - AllModifiedDate.add(a.getText()): null

2020-03-13 14:34:48 - [TEST_STEP][PASSED] - AllModifiedDate.add(a.getText()): null

2020-03-13 14:34:48 - [TEST_STEP][PASSED] - AllModifiedDate.add(a.getText()): null

2020-03-13 14:34:48 - [TEST_STEP][PASSED] - AllModifiedDate.add(a.getText()): null

2020-03-13 14:34:48 - [TEST_STEP][PASSED] - AllModifiedDate.add(a.getText()): null

2020-03-13 14:34:48 - [TEST_STEP][PASSED] - click(findTestObject("ROLES/Roles_page/Pagination/front_navigation")): Object: 'Object Repository/ROLES/Roles_page/Pagination/front_navigation' is clicked on

2020-03-13 14:34:49 - [MESSAGE][PASSED] - Object: 'Object Repository/ROLES/Roles_page/Pagination/front_navigation' is clicked on

2020-03-13 14:34:49 - [TEST_STEP][PASSED] - modifiedDate = findWebElements(findTestObject("ROLES/Roles_page/sorting/modified"), 2): null

2020-03-13 14:34:50 - [TEST_STEP][PASSED] - for (org.openqa.selenium.WebElement a : modifiedDate): null

2020-03-13 14:34:50 - [TEST_STEP][PASSED] - AllModifiedDate.add(a.getText()): null

2020-03-13 14:34:50 - [TEST_STEP][PASSED] - AllModifiedDate.add(a.getText()): null

2020-03-13 14:34:50 - [TEST_STEP][PASSED] - AllModifiedDate.add(a.getText()): null

2020-03-13 14:34:50 - [TEST_STEP][PASSED] - AllModifiedDate.add(a.getText()): null

2020-03-13 14:34:50 - [TEST_STEP][PASSED] - AllModifiedDate.add(a.getText()): null

2020-03-13 14:34:50 - [TEST_STEP][PASSED] - AllModifiedDate.add(a.getText()): null

2020-03-13 14:34:50 - [TEST_STEP][PASSED] - AllModifiedDate.add(a.getText()): null

2020-03-13 14:34:50 - [TEST_STEP][PASSED] - AllModifiedDate.add(a.getText()): null

2020-03-13 14:34:50 - [TEST_STEP][PASSED] - AllModifiedDate.add(a.getText()): null

2020-03-13 14:34:50 - [TEST_STEP][PASSED] - AllModifiedDate.add(a.getText()): null

2020-03-13 14:34:50 - [TEST_STEP][PASSED] - click(findTestObject("ROLES/Roles_page/Pagination/front_navigation")): Object: 'Object Repository/ROLES/Roles_page/Pagination/front_navigation' is clicked on

2020-03-13 14:34:50 - [MESSAGE][PASSED] - Object: 'Object Repository/ROLES/Roles_page/Pagination/front_navigation' is clicked on

2020-03-13 14:34:50 - [TEST_STEP][PASSED] - modifiedDate = findWebElements(findTestObject("ROLES/Roles_page/sorting/modified"), 2): null

2020-03-13 14:34:51 - [TEST_STEP][PASSED] - for (org.openqa.selenium.WebElement a : modifiedDate): null

2020-03-13 14:34:51 - [TEST_STEP][PASSED] - AllModifiedDate.add(a.getText()): null

2020-03-13 14:34:51 - [TEST_STEP][PASSED] - AllModifiedDate.add(a.getText()): null

2020-03-13 14:34:51 - [TEST_STEP][PASSED] - AllModifiedDate.add(a.getText()): null

2020-03-13 14:34:51 - [TEST_STEP][PASSED] - AllModifiedDate.add(a.getText()): null

2020-03-13 14:34:51 - [TEST_STEP][PASSED] - AllModifiedDate.add(a.getText()): null

2020-03-13 14:34:51 - [TEST_STEP][PASSED] - AllModifiedDate.add(a.getText()): null

2020-03-13 14:34:51 - [TEST_STEP][PASSED] - AllModifiedDate.add(a.getText()): null

2020-03-13 14:34:51 - [TEST_STEP][PASSED] - AllModifiedDate.add(a.getText()): null

2020-03-13 14:34:52 - [TEST_STEP][PASSED] - AllModifiedDate.add(a.getText()): null

2020-03-13 14:34:52 - [TEST_STEP][PASSED] - AllModifiedDate.add(a.getText()): null

2020-03-13 14:34:52 - [TEST_STEP][PASSED] - click(findTestObject("ROLES/Roles_page/Pagination/front_navigation")): Object: 'Object Repository/ROLES/Roles_page/Pagination/front_navigation' is clicked on

2020-03-13 14:34:52 - [MESSAGE][PASSED] - Object: 'Object Repository/ROLES/Roles_page/Pagination/front_navigation' is clicked on

2020-03-13 14:34:52 - [TEST_STEP][PASSED] - modifiedDate = findWebElements(findTestObject("ROLES/Roles_page/sorting/modified"), 2): null

2020-03-13 14:34:53 - [TEST_STEP][PASSED] - for (org.openqa.selenium.WebElement a : modifiedDate): null

2020-03-13 14:34:53 - [TEST_STEP][PASSED] - AllModifiedDate.add(a.getText()): null

2020-03-13 14:34:53 - [TEST_STEP][PASSED] - AllModifiedDate.add(a.getText()): null

2020-03-13 14:34:53 - [TEST_STEP][PASSED] - AllModifiedDate.add(a.getText()): null

2020-03-13 14:34:53 - [TEST_STEP][PASSED] - AllModifiedDate.add(a.getText()): null

2020-03-13 14:34:53 - [TEST_STEP][PASSED] - AllModifiedDate.add(a.getText()): null

2020-03-13 14:34:53 - [TEST_STEP][PASSED] - AllModifiedDate.add(a.getText()): null

2020-03-13 14:34:53 - [TEST_STEP][PASSED] - AllModifiedDate.add(a.getText()): null

2020-03-13 14:34:53 - [TEST_STEP][PASSED] - AllModifiedDate.add(a.getText()): null

2020-03-13 14:34:53 - [TEST_STEP][PASSED] - AllModifiedDate.add(a.getText()): null

2020-03-13 14:34:53 - [TEST_STEP][PASSED] - AllModifiedDate.add(a.getText()): null

2020-03-13 14:34:53 - [TEST_STEP][PASSED] - click(findTestObject("ROLES/Roles_page/Pagination/front_navigation")): Object: 'Object Repository/ROLES/Roles_page/Pagination/front_navigation' is clicked on

2020-03-13 14:34:53 - [MESSAGE][PASSED] - Object: 'Object Repository/ROLES/Roles_page/Pagination/front_navigation' is clicked on

2020-03-13 14:34:53 - [TEST_STEP][PASSED] - modifiedDate = findWebElements(findTestObject("ROLES/Roles_page/sorting/modified"), 2): null

2020-03-13 14:34:55 - [TEST_STEP][PASSED] - for (org.openqa.selenium.WebElement a : modifiedDate): null

2020-03-13 14:34:55 - [TEST_STEP][PASSED] - AllModifiedDate.add(a.getText()): null

2020-03-13 14:34:55 - [TEST_STEP][PASSED] - AllModifiedDate.add(a.getText()): null

2020-03-13 14:34:55 - [TEST_STEP][PASSED] - AllModifiedDate.add(a.getText()): null

2020-03-13 14:34:55 - [TEST_STEP][PASSED] - AllModifiedDate.add(a.getText()): null

2020-03-13 14:34:55 - [TEST_STEP][PASSED] - AllModifiedDate.add(a.getText()): null

2020-03-13 14:34:55 - [TEST_STEP][PASSED] - AllModifiedDate.add(a.getText()): null

2020-03-13 14:34:55 - [TEST_STEP][PASSED] - AllModifiedDate.add(a.getText()): null

2020-03-13 14:34:55 - [TEST_STEP][PASSED] - AllModifiedDate.add(a.getText()): null

2020-03-13 14:34:55 - [TEST_STEP][PASSED] - AllModifiedDate.add(a.getText()): null

2020-03-13 14:34:55 - [TEST_STEP][PASSED] - AllModifiedDate.add(a.getText()): null

2020-03-13 14:34:55 - [TEST_STEP][PASSED] - click(findTestObject("ROLES/Roles_page/Pagination/front_navigation")): Object: 'Object Repository/ROLES/Roles_page/Pagination/front_navigation' is clicked on

2020-03-13 14:34:55 - [MESSAGE][PASSED] - Object: 'Object Repository/ROLES/Roles_page/Pagination/front_navigation' is clicked on

2020-03-13 14:34:55 - [TEST_STEP][PASSED] - modifiedDate = findWebElements(findTestObject("ROLES/Roles_page/sorting/modified"), 2): null

2020-03-13 14:34:56 - [TEST_STEP][PASSED] - for (org.openqa.selenium.WebElement a : modifiedDate): null

2020-03-13 14:34:56 - [TEST_STEP][PASSED] - AllModifiedDate.add(a.getText()): null

2020-03-13 14:34:56 - [TEST_STEP][PASSED] - AllModifiedDate.add(a.getText()): null

2020-03-13 14:34:56 - [TEST_STEP][PASSED] - AllModifiedDate.add(a.getText()): null

2020-03-13 14:34:56 - [TEST_STEP][PASSED] - AllModifiedDate.add(a.getText()): null

2020-03-13 14:34:56 - [TEST_STEP][PASSED] - AllModifiedDate.add(a.getText()): null

2020-03-13 14:34:56 - [TEST_STEP][PASSED] - AllModifiedDate.add(a.getText()): null

2020-03-13 14:34:56 - [TEST_STEP][PASSED] - AllModifiedDate.add(a.getText()): null

2020-03-13 14:34:57 - [TEST_STEP][PASSED] - AllModifiedDate.add(a.getText()): null

2020-03-13 14:34:57 - [TEST_STEP][PASSED] - AllModifiedDate.add(a.getText()): null

2020-03-13 14:34:57 - [TEST_STEP][PASSED] - AllModifiedDate.add(a.getText()): null

2020-03-13 14:34:57 - [TEST_STEP][PASSED] - click(findTestObject("ROLES/Roles_page/Pagination/front_navigation")): Object: 'Object Repository/ROLES/Roles_page/Pagination/front_navigation' is clicked on

2020-03-13 14:34:57 - [MESSAGE][PASSED] - Object: 'Object Repository/ROLES/Roles_page/Pagination/front_navigation' is clicked on

2020-03-13 14:34:57 - [TEST_STEP][PASSED] - modifiedDate = findWebElements(findTestObject("ROLES/Roles_page/sorting/modified"), 2): null

2020-03-13 14:34:58 - [TEST_STEP][PASSED] - for (org.openqa.selenium.WebElement a : modifiedDate): null

2020-03-13 14:34:58 - [TEST_STEP][PASSED] - AllModifiedDate.add(a.getText()): null

2020-03-13 14:34:58 - [TEST_STEP][PASSED] - AllModifiedDate.add(a.getText()): null

2020-03-13 14:34:58 - [TEST_STEP][PASSED] - AllModifiedDate.add(a.getText()): null

2020-03-13 14:34:58 - [TEST_STEP][PASSED] - AllModifiedDate.add(a.getText()): null

2020-03-13 14:34:58 - [TEST_STEP][PASSED] - AllModifiedDate.add(a.getText()): null

2020-03-13 14:34:58 - [TEST_STEP][PASSED] - AllModifiedDate.add(a.getText()): null

2020-03-13 14:34:58 - [TEST_STEP][PASSED] - AllModifiedDate.add(a.getText()): null

2020-03-13 14:34:58 - [TEST_STEP][PASSED] - AllModifiedDate.add(a.getText()): null

2020-03-13 14:34:58 - [TEST_STEP][PASSED] - AllModifiedDate.add(a.getText()): null

2020-03-13 14:34:58 - [TEST_STEP][PASSED] - AllModifiedDate.add(a.getText()): null

2020-03-13 14:34:58 - [TEST_STEP][PASSED] - click(findTestObject("ROLES/Roles_page/Pagination/front_navigation")): Object: 'Object Repository/ROLES/Roles_page/Pagination/front_navigation' is clicked on

2020-03-13 14:34:58 - [MESSAGE][PASSED] - Object: 'Object Repository/ROLES/Roles_page/Pagination/front_navigation' is clicked on

2020-03-13 14:34:58 - [TEST_STEP][PASSED] - modifiedDate = findWebElements(findTestObject("ROLES/Roles_page/sorting/modified"), 2): null

2020-03-13 14:34:59 - [TEST_STEP][PASSED] - for (org.openqa.selenium.WebElement a : modifiedDate): null

2020-03-13 14:34:59 - [TEST_STEP][PASSED] - AllModifiedDate.add(a.getText()): null

2020-03-13 14:34:59 - [TEST_STEP][PASSED] - AllModifiedDate.add(a.getText()): null

2020-03-13 14:34:59 - [TEST_STEP][PASSED] - AllModifiedDate.add(a.getText()): null

2020-03-13 14:34:59 - [TEST_STEP][PASSED] - AllModifiedDate.add(a.getText()): null

2020-03-13 14:34:59 - [TEST_STEP][PASSED] - AllModifiedDate.add(a.getText()): null

2020-03-13 14:34:59 - [TEST_STEP][PASSED] - AllModifiedDate.add(a.getText()): null

2020-03-13 14:34:59 - [TEST_STEP][PASSED] - AllModifiedDate.add(a.getText()): null

2020-03-13 14:34:59 - [TEST_STEP][PASSED] - AllModifiedDate.add(a.getText()): null

2020-03-13 14:34:59 - [TEST_STEP][PASSED] - AllModifiedDate.add(a.getText()): null

2020-03-13 14:34:59 - [TEST_STEP][PASSED] - AllModifiedDate.add(a.getText()): null

2020-03-13 14:34:59 - [TEST_STEP][PASSED] - click(findTestObject("ROLES/Roles_page/Pagination/front_navigation")): Object: 'Object Repository/ROLES/Roles_page/Pagination/front_navigation' is clicked on

2020-03-13 14:35:00 - [MESSAGE][PASSED] - Object: 'Object Repository/ROLES/Roles_page/Pagination/front_navigation' is clicked on

2020-03-13 14:35:00 - [TEST_STEP][PASSED] - modifiedDate = findWebElements(findTestObject("ROLES/Roles_page/sorting/modified"), 2): null

2020-03-13 14:35:01 - [TEST_STEP][PASSED] - for (org.openqa.selenium.WebElement a : modifiedDate): null

2020-03-13 14:35:01 - [TEST_STEP][PASSED] - AllModifiedDate.add(a.getText()): null

2020-03-13 14:35:01 - [TEST_STEP][PASSED] - AllModifiedDate.add(a.getText()): null

2020-03-13 14:35:01 - [TEST_STEP][PASSED] - AllModifiedDate.add(a.getText()): null

2020-03-13 14:35:01 - [TEST_STEP][PASSED] - AllModifiedDate.add(a.getText()): null

2020-03-13 14:35:01 - [TEST_STEP][PASSED] - AllModifiedDate.add(a.getText()): null

2020-03-13 14:35:01 - [TEST_STEP][PASSED] - AllModifiedDate.add(a.getText()): null

2020-03-13 14:35:01 - [TEST_STEP][PASSED] - AllModifiedDate.add(a.getText()): null

2020-03-13 14:35:01 - [TEST_STEP][PASSED] - AllModifiedDate.add(a.getText()): null

2020-03-13 14:35:01 - [TEST_STEP][PASSED] - AllModifiedDate.add(a.getText()): null

2020-03-13 14:35:01 - [TEST_STEP][PASSED] - AllModifiedDate.add(a.getText()): null

2020-03-13 14:35:01 - [TEST_STEP][PASSED] - click(findTestObject("ROLES/Roles_page/Pagination/front_navigation")): Object: 'Object Repository/ROLES/Roles_page/Pagination/front_navigation' is clicked on

2020-03-13 14:35:01 - [MESSAGE][PASSED] - Object: 'Object Repository/ROLES/Roles_page/Pagination/front_navigation' is clicked on

2020-03-13 14:35:01 - [TEST_STEP][PASSED] - modifiedDate = findWebElements(findTestObject("ROLES/Roles_page/sorting/modified"), 2): null

2020-03-13 14:35:02 - [TEST_STEP][PASSED] - for (org.openqa.selenium.WebElement a : modifiedDate): null

2020-03-13 14:35:02 - [TEST_STEP][PASSED] - AllModifiedDate.add(a.getText()): null

2020-03-13 14:35:02 - [TEST_STEP][PASSED] - AllModifiedDate.add(a.getText()): null

2020-03-13 14:35:02 - [TEST_STEP][PASSED] - AllModifiedDate.add(a.getText()): null

2020-03-13 14:35:02 - [TEST_STEP][PASSED] - AllModifiedDate.add(a.getText()): null

2020-03-13 14:35:02 - [TEST_STEP][PASSED] - AllModifiedDate.add(a.getText()): null

2020-03-13 14:35:02 - [TEST_STEP][PASSED] - AllModifiedDate.add(a.getText()): null

2020-03-13 14:35:02 - [TEST_STEP][PASSED] - AllModifiedDate.add(a.getText()): null

2020-03-13 14:35:02 - [TEST_STEP][PASSED] - AllModifiedDate.add(a.getText()): null

2020-03-13 14:35:03 - [TEST_STEP][PASSED] - AllModifiedDate.add(a.getText()): null

2020-03-13 14:35:03 - [TEST_STEP][PASSED] - AllModifiedDate.add(a.getText()): null

2020-03-13 14:35:03 - [TEST_STEP][PASSED] - click(findTestObject("ROLES/Roles_page/Pagination/front_navigation")): Object: 'Object Repository/ROLES/Roles_page/Pagination/front_navigation' is clicked on

2020-03-13 14:35:03 - [MESSAGE][PASSED] - Object: 'Object Repository/ROLES/Roles_page/Pagination/front_navigation' is clicked on

2020-03-13 14:35:03 - [TEST_STEP][PASSED] - modifiedDate = findWebElements(findTestObject("ROLES/Roles_page/sorting/modified"), 2): null

2020-03-13 14:35:04 - [TEST_STEP][PASSED] - for (org.openqa.selenium.WebElement a : modifiedDate): null

2020-03-13 14:35:04 - [TEST_STEP][PASSED] - AllModifiedDate.add(a.getText()): null

2020-03-13 14:35:04 - [TEST_STEP][PASSED] - AllModifiedDate.add(a.getText()): null

2020-03-13 14:35:04 - [TEST_STEP][PASSED] - AllModifiedDate.add(a.getText()): null

2020-03-13 14:35:04 - [TEST_STEP][PASSED] - AllModifiedDate.add(a.getText()): null

2020-03-13 14:35:04 - [TEST_STEP][PASSED] - AllModifiedDate.add(a.getText()): null

2020-03-13 14:35:04 - [TEST_STEP][PASSED] - AllModifiedDate.add(a.getText()): null

2020-03-13 14:35:04 - [TEST_STEP][PASSED] - AllModifiedDate.add(a.getText()): null

2020-03-13 14:35:04 - [TEST_STEP][PASSED] - AllModifiedDate.add(a.getText()): null

2020-03-13 14:35:04 - [TEST_STEP][PASSED] - AllModifiedDate.add(a.getText()): null

2020-03-13 14:35:04 - [TEST_STEP][PASSED] - AllModifiedDate.add(a.getText()): null

2020-03-13 14:35:04 - [TEST_STEP][PASSED] - click(findTestObject("ROLES/Roles_page/Pagination/front_navigation")): Object: 'Object Repository/ROLES/Roles_page/Pagination/front_navigation' is clicked on

2020-03-13 14:35:05 - [MESSAGE][PASSED] - Object: 'Object Repository/ROLES/Roles_page/Pagination/front_navigation' is clicked on

2020-03-13 14:35:05 - [TEST_STEP][PASSED] - modifiedDate = findWebElements(findTestObject("ROLES/Roles_page/sorting/modified"), 2): null

2020-03-13 14:35:06 - [TEST_STEP][PASSED] - for (org.openqa.selenium.WebElement a : modifiedDate): null

2020-03-13 14:35:06 - [TEST_STEP][PASSED] - AllModifiedDate.add(a.getText()): null

2020-03-13 14:35:06 - [TEST_STEP][PASSED] - AllModifiedDate.add(a.getText()): null

2020-03-13 14:35:06 - [TEST_STEP][PASSED] - AllModifiedDate.add(a.getText()): null

2020-03-13 14:35:06 - [TEST_STEP][PASSED] - AllModifiedDate.add(a.getText()): null

2020-03-13 14:35:06 - [TEST_STEP][PASSED] - AllModifiedDate.add(a.getText()): null

2020-03-13 14:35:06 - [TEST_STEP][PASSED] - AllModifiedDate.add(a.getText()): null

2020-03-13 14:35:06 - [TEST_STEP][PASSED] - AllModifiedDate.add(a.getText()): null

2020-03-13 14:35:06 - [TEST_STEP][PASSED] - AllModifiedDate.add(a.getText()): null

2020-03-13 14:35:06 - [TEST_STEP][PASSED] - AllModifiedDate.add(a.getText()): null

2020-03-13 14:35:06 - [TEST_STEP][PASSED] - AllModifiedDate.add(a.getText()): null

2020-03-13 14:35:06 - [TEST_STEP][PASSED] - click(findTestObject("ROLES/Roles_page/Pagination/front_navigation")): Object: 'Object Repository/ROLES/Roles_page/Pagination/front_navigation' is clicked on

2020-03-13 14:35:06 - [MESSAGE][PASSED] - Object: 'Object Repository/ROLES/Roles_page/Pagination/front_navigation' is clicked on

2020-03-13 14:35:06 - [TEST_STEP][PASSED] - modifiedDate = findWebElements(findTestObject("ROLES/Roles_page/sorting/modified"), 2): null

2020-03-13 14:35:07 - [TEST_STEP][PASSED] - for (org.openqa.selenium.WebElement a : modifiedDate): null

2020-03-13 14:35:07 - [TEST_STEP][PASSED] - AllModifiedDate.add(a.getText()): null

2020-03-13 14:35:07 - [TEST_STEP][PASSED] - AllModifiedDate.add(a.getText()): null

2020-03-13 14:35:07 - [TEST_STEP][PASSED] - AllModifiedDate.add(a.getText()): null

2020-03-13 14:35:07 - [TEST_STEP][PASSED] - AllModifiedDate.add(a.getText()): null

2020-03-13 14:35:07 - [TEST_STEP][PASSED] - AllModifiedDate.add(a.getText()): null

2020-03-13 14:35:07 - [TEST_STEP][PASSED] - AllModifiedDate.add(a.getText()): null

2020-03-13 14:35:07 - [TEST_STEP][PASSED] - AllModifiedDate.add(a.getText()): null

2020-03-13 14:35:07 - [TEST_STEP][PASSED] - AllModifiedDate.add(a.getText()): null

2020-03-13 14:35:07 - [TEST_STEP][PASSED] - AllModifiedDate.add(a.getText()): null

2020-03-13 14:35:08 - [TEST_STEP][PASSED] - AllModifiedDate.add(a.getText()): null

2020-03-13 14:35:08 - [TEST_STEP][PASSED] - click(findTestObject("ROLES/Roles_page/Pagination/front_navigation")): Object: 'Object Repository/ROLES/Roles_page/Pagination/front_navigation' is clicked on

2020-03-13 14:35:08 - [MESSAGE][PASSED] - Object: 'Object Repository/ROLES/Roles_page/Pagination/front_navigation' is clicked on

2020-03-13 14:35:08 - [TEST_STEP][PASSED] - modifiedDate = findWebElements(findTestObject("ROLES/Roles_page/sorting/modified"), 2): null

2020-03-13 14:35:09 - [TEST_STEP][PASSED] - for (org.openqa.selenium.WebElement a : modifiedDate): null

2020-03-13 14:35:09 - [TEST_STEP][PASSED] - AllModifiedDate.add(a.getText()): null

2020-03-13 14:35:09 - [TEST_STEP][PASSED] - AllModifiedDate.add(a.getText()): null

2020-03-13 14:35:09 - [TEST_STEP][PASSED] - AllModifiedDate.add(a.getText()): null

2020-03-13 14:35:09 - [TEST_STEP][PASSED] - AllModifiedDate.add(a.getText()): null

2020-03-13 14:35:09 - [TEST_STEP][PASSED] - AllModifiedDate.add(a.getText()): null

2020-03-13 14:35:09 - [TEST_STEP][PASSED] - AllModifiedDate.add(a.getText()): null

2020-03-13 14:35:09 - [TEST_STEP][PASSED] - AllModifiedDate.add(a.getText()): null

2020-03-13 14:35:09 - [TEST_STEP][PASSED] - AllModifiedDate.add(a.getText()): null

2020-03-13 14:35:09 - [TEST_STEP][PASSED] - AllModifiedDate.add(a.getText()): null

2020-03-13 14:35:09 - [TEST_STEP][PASSED] - AllModifiedDate.add(a.getText()): null

2020-03-13 14:35:09 - [TEST_STEP][PASSED] - click(findTestObject("ROLES/Roles_page/Pagination/front_navigation")): Object: 'Object Repository/ROLES/Roles_page/Pagination/front_navigation' is clicked on

2020-03-13 14:35:09 - [MESSAGE][PASSED] - Object: 'Object Repository/ROLES/Roles_page/Pagination/front_navigation' is clicked on

2020-03-13 14:35:09 - [TEST_STEP][PASSED] - modifiedDate = findWebElements(findTestObject("ROLES/Roles_page/sorting/modified"), 2): null

2020-03-13 14:35:10 - [TEST_STEP][PASSED] - for (org.openqa.selenium.WebElement a : modifiedDate): null

2020-03-13 14:35:10 - [TEST_STEP][PASSED] - AllModifiedDate.add(a.getText()): null

2020-03-13 14:35:10 - [TEST_STEP][PASSED] - AllModifiedDate.add(a.getText()): null

2020-03-13 14:35:10 - [TEST_STEP][PASSED] - AllModifiedDate.add(a.getText()): null

2020-03-13 14:35:10 - [TEST_STEP][PASSED] - AllModifiedDate.add(a.getText()): null

2020-03-13 14:35:10 - [TEST_STEP][PASSED] - AllModifiedDate.add(a.getText()): null

2020-03-13 14:35:10 - [TEST_STEP][PASSED] - AllModifiedDate.add(a.getText()): null

2020-03-13 14:35:10 - [TEST_STEP][PASSED] - AllModifiedDate.add(a.getText()): null

2020-03-13 14:35:10 - [TEST_STEP][PASSED] - AllModifiedDate.add(a.getText()): null

2020-03-13 14:35:11 - [TEST_STEP][PASSED] - AllModifiedDate.add(a.getText()): null

2020-03-13 14:35:11 - [TEST_STEP][PASSED] - AllModifiedDate.add(a.getText()): null

2020-03-13 14:35:11 - [TEST_STEP][PASSED] - click(findTestObject("ROLES/Roles_page/Pagination/front_navigation")): Object: 'Object Repository/ROLES/Roles_page/Pagination/front_navigation' is clicked on

2020-03-13 14:35:11 - [MESSAGE][PASSED] - Object: 'Object Repository/ROLES/Roles_page/Pagination/front_navigation' is clicked on

2020-03-13 14:35:11 - [TEST_STEP][PASSED] - modifiedDate = findWebElements(findTestObject("ROLES/Roles_page/sorting/modified"), 2): null

2020-03-13 14:35:12 - [TEST_STEP][PASSED] - for (org.openqa.selenium.WebElement a : modifiedDate): null

2020-03-13 14:35:12 - [TEST_STEP][PASSED] - AllModifiedDate.add(a.getText()): null

2020-03-13 14:35:12 - [TEST_STEP][PASSED] - AllModifiedDate.add(a.getText()): null

2020-03-13 14:35:12 - [TEST_STEP][PASSED] - AllModifiedDate.add(a.getText()): null

2020-03-13 14:35:12 - [TEST_STEP][PASSED] - AllModifiedDate.add(a.getText()): null

2020-03-13 14:35:12 - [TEST_STEP][PASSED] - AllModifiedDate.add(a.getText()): null

2020-03-13 14:35:12 - [TEST_STEP][PASSED] - AllModifiedDate.add(a.getText()): null

2020-03-13 14:35:12 - [TEST_STEP][PASSED] - AllModifiedDate.add(a.getText()): null

2020-03-13 14:35:12 - [TEST_STEP][PASSED] - AllModifiedDate.add(a.getText()): null

2020-03-13 14:35:12 - [TEST_STEP][PASSED] - AllModifiedDate.add(a.getText()): null

2020-03-13 14:35:12 - [TEST_STEP][PASSED] - AllModifiedDate.add(a.getText()): null

2020-03-13 14:35:12 - [TEST_STEP][PASSED] - click(findTestObject("ROLES/Roles_page/Pagination/front_navigation")): Object: 'Object Repository/ROLES/Roles_page/Pagination/front_navigation' is clicked on

2020-03-13 14:35:12 - [MESSAGE][PASSED] - Object: 'Object Repository/ROLES/Roles_page/Pagination/front_navigation' is clicked on

2020-03-13 14:35:12 - [TEST_STEP][PASSED] - modifiedDate = findWebElements(findTestObject("ROLES/Roles_page/sorting/modified"), 2): null

2020-03-13 14:35:13 - [TEST_STEP][PASSED] - for (org.openqa.selenium.WebElement a : modifiedDate): null

2020-03-13 14:35:13 - [TEST_STEP][PASSED] - AllModifiedDate.add(a.getText()): null

2020-03-13 14:35:13 - [TEST_STEP][PASSED] - AllModifiedDate.add(a.getText()): null

2020-03-13 14:35:13 - [TEST_STEP][PASSED] - AllModifiedDate.add(a.getText()): null

2020-03-13 14:35:14 - [TEST_STEP][PASSED] - AllModifiedDate.add(a.getText()): null

2020-03-13 14:35:14 - [TEST_STEP][PASSED] - click(findTestObject("ROLES/Roles_page/Pagination/front_navigation")): Object: 'Object Repository/ROLES/Roles_page/Pagination/front_navigation' is clicked on

2020-03-13 14:35:16 - [MESSAGE][PASSED] - Object: 'Object Repository/ROLES/Roles_page/Pagination/front_navigation' is clicked on

2020-03-13 14:35:16 - [TEST_STEP][PASSED] - if (j == 1): Text 'BACK_SPACE + BACK_SPACE + ENTER + 1' is set on object 'Object Repository/ROLES/Roles_page/Pagination/input_Page_form-control'

2020-03-13 14:35:16 - [TEST_STEP][PASSED] - isSorted = web.CustomKeyword.checkListDescending(AllModifiedDate): web.CustomKeyword.checkListDescending is PASSED

2020-03-13 14:35:16 - [MESSAGE][PASSED] - web.CustomKeyword.checkListDescending is PASSED

2020-03-13 14:35:16 - [TEST_STEP][PASSED] - println(AllModifiedDate.size()): null

2020-03-13 14:35:16 - [TEST_STEP][PASSED] - println(AllModifiedDate): null

2020-03-13 14:35:16 - [TEST_STEP][PASSED] - verifyEqual(isSorted, true): Actual object 'true' and expected object 'true' are equal

2020-03-13 14:35:16 - [MESSAGE][PASSED] - Actual object 'true' and expected object 'true' are equal

2020-03-13 14:35:16 - [TEST_STEP][PASSED] - clearText(findTestObject("Object Repository/ROLES/Roles_page/Pagination/input_Page_form-control")): Text of object 'Object Repository/ROLES/Roles_page/Pagination/input_Page_form-control' is cleared

2020-03-13 14:35:17 - [MESSAGE][PASSED] - Text of object 'Object Repository/ROLES/Roles_page/Pagination/input_Page_form-control' is cleared

2020-03-13 14:35:17 - [TEST_STEP][PASSED] - setText(findTestObject("Object Repository/ROLES/Roles_page/Pagination/input_Page_form-control"), BACK_SPACE + BACK_SPACE + "1" + ENTER): Text 'BACK_SPACE + BACK_SPACE + ENTER + 1' is set on object 'Object Repository/ROLES/Roles_page/Pagination/input_Page_form-control'

2020-03-13 14:35:17 - [MESSAGE][PASSED] - Text 'BACK_SPACE + BACK_SPACE + ENTER + 1' is set on object 'Object Repository/ROLES/Roles_page/Pagination/input_Page_form-control'

2020-03-13 14:35:17 - [TEST_STEP][PASSED] - if (j == 2): null

2020-03-13 14:35:17 - [TEST_STEP][PASSED] - click(findTestObject("ROLES/Roles_page/sorting/Modified_header")): Object: 'Object Repository/ROLES/Roles_page/sorting/Modified_header' is clicked on

2020-03-13 14:35:18 - [MESSAGE][PASSED] - Object: 'Object Repository/ROLES/Roles_page/sorting/Modified_header' is clicked on

2020-03-13 14:35:18 - [TEST_STEP][PASSED] - modifiedDate = <not implemented yet for class: org.codehaus.groovy.ast.expr.EmptyExpression>: null

2020-03-13 14:35:18 - [TEST_STEP][PASSED] - AllModifiedDate = new java.util.ArrayList(): null

2020-03-13 14:35:18 - [TEST_STEP][PASSED] - for ([i = 1, i <= noOfPages, (i++)]): Object: 'Object Repository/ROLES/Roles_page/Pagination/front_navigation' is clicked on

2020-03-13 14:35:18 - [TEST_STEP][PASSED] - modifiedDate = findWebElements(findTestObject("ROLES/Roles_page/sorting/modified"), 2): null

2020-03-13 14:35:19 - [TEST_STEP][PASSED] - for (org.openqa.selenium.WebElement a : modifiedDate): null

2020-03-13 14:35:19 - [TEST_STEP][PASSED] - AllModifiedDate.add(a.getText()): null

2020-03-13 14:35:19 - [TEST_STEP][PASSED] - AllModifiedDate.add(a.getText()): null

2020-03-13 14:35:19 - [TEST_STEP][PASSED] - AllModifiedDate.add(a.getText()): null

2020-03-13 14:35:19 - [TEST_STEP][PASSED] - AllModifiedDate.add(a.getText()): null

2020-03-13 14:35:19 - [TEST_STEP][PASSED] - AllModifiedDate.add(a.getText()): null

2020-03-13 14:35:19 - [TEST_STEP][PASSED] - AllModifiedDate.add(a.getText()): null

2020-03-13 14:35:19 - [TEST_STEP][PASSED] - AllModifiedDate.add(a.getText()): null

2020-03-13 14:35:19 - [TEST_STEP][PASSED] - AllModifiedDate.add(a.getText()): null

2020-03-13 14:35:19 - [TEST_STEP][PASSED] - AllModifiedDate.add(a.getText()): null

2020-03-13 14:35:19 - [TEST_STEP][PASSED] - AllModifiedDate.add(a.getText()): null

2020-03-13 14:35:19 - [TEST_STEP][PASSED] - click(findTestObject("ROLES/Roles_page/Pagination/front_navigation")): Object: 'Object Repository/ROLES/Roles_page/Pagination/front_navigation' is clicked on

2020-03-13 14:35:20 - [MESSAGE][PASSED] - Object: 'Object Repository/ROLES/Roles_page/Pagination/front_navigation' is clicked on

2020-03-13 14:35:20 - [TEST_STEP][PASSED] - modifiedDate = findWebElements(findTestObject("ROLES/Roles_page/sorting/modified"), 2): null

2020-03-13 14:35:20 - [TEST_STEP][PASSED] - for (org.openqa.selenium.WebElement a : modifiedDate): null

2020-03-13 14:35:20 - [TEST_STEP][PASSED] - AllModifiedDate.add(a.getText()): null

2020-03-13 14:35:20 - [TEST_STEP][PASSED] - AllModifiedDate.add(a.getText()): null

2020-03-13 14:35:20 - [TEST_STEP][PASSED] - AllModifiedDate.add(a.getText()): null

2020-03-13 14:35:20 - [TEST_STEP][PASSED] - AllModifiedDate.add(a.getText()): null

2020-03-13 14:35:20 - [TEST_STEP][PASSED] - AllModifiedDate.add(a.getText()): null

2020-03-13 14:35:20 - [TEST_STEP][PASSED] - AllModifiedDate.add(a.getText()): null

2020-03-13 14:35:20 - [TEST_STEP][PASSED] - AllModifiedDate.add(a.getText()): null

2020-03-13 14:35:21 - [TEST_STEP][PASSED] - AllModifiedDate.add(a.getText()): null

2020-03-13 14:35:21 - [TEST_STEP][PASSED] - AllModifiedDate.add(a.getText()): null

2020-03-13 14:35:21 - [TEST_STEP][PASSED] - AllModifiedDate.add(a.getText()): null

2020-03-13 14:35:21 - [TEST_STEP][PASSED] - click(findTestObject("ROLES/Roles_page/Pagination/front_navigation")): Object: 'Object Repository/ROLES/Roles_page/Pagination/front_navigation' is clicked on

2020-03-13 14:35:21 - [MESSAGE][PASSED] - Object: 'Object Repository/ROLES/Roles_page/Pagination/front_navigation' is clicked on

2020-03-13 14:35:21 - [TEST_STEP][PASSED] - modifiedDate = findWebElements(findTestObject("ROLES/Roles_page/sorting/modified"), 2): null

2020-03-13 14:35:22 - [TEST_STEP][PASSED] - for (org.openqa.selenium.WebElement a : modifiedDate): null

2020-03-13 14:35:22 - [TEST_STEP][PASSED] - AllModifiedDate.add(a.getText()): null

2020-03-13 14:35:22 - [TEST_STEP][PASSED] - AllModifiedDate.add(a.getText()): null

2020-03-13 14:35:22 - [TEST_STEP][PASSED] - AllModifiedDate.add(a.getText()): null

2020-03-13 14:35:22 - [TEST_STEP][PASSED] - AllModifiedDate.add(a.getText()): null

2020-03-13 14:35:22 - [TEST_STEP][PASSED] - AllModifiedDate.add(a.getText()): null

2020-03-13 14:35:22 - [TEST_STEP][PASSED] - AllModifiedDate.add(a.getText()): null

2020-03-13 14:35:22 - [TEST_STEP][PASSED] - AllModifiedDate.add(a.getText()): null

2020-03-13 14:35:22 - [TEST_STEP][PASSED] - AllModifiedDate.add(a.getText()): null

2020-03-13 14:35:22 - [TEST_STEP][PASSED] - AllModifiedDate.add(a.getText()): null

2020-03-13 14:35:22 - [TEST_STEP][PASSED] - AllModifiedDate.add(a.getText()): null

2020-03-13 14:35:22 - [TEST_STEP][PASSED] - click(findTestObject("ROLES/Roles_page/Pagination/front_navigation")): Object: 'Object Repository/ROLES/Roles_page/Pagination/front_navigation' is clicked on

2020-03-13 14:35:22 - [MESSAGE][PASSED] - Object: 'Object Repository/ROLES/Roles_page/Pagination/front_navigation' is clicked on

2020-03-13 14:35:22 - [TEST_STEP][PASSED] - modifiedDate = findWebElements(findTestObject("ROLES/Roles_page/sorting/modified"), 2): null

2020-03-13 14:35:23 - [TEST_STEP][PASSED] - for (org.openqa.selenium.WebElement a : modifiedDate): null

2020-03-13 14:35:23 - [TEST_STEP][PASSED] - AllModifiedDate.add(a.getText()): null

2020-03-13 14:35:23 - [TEST_STEP][PASSED] - AllModifiedDate.add(a.getText()): null

2020-03-13 14:35:23 - [TEST_STEP][PASSED] - AllModifiedDate.add(a.getText()): null

2020-03-13 14:35:23 - [TEST_STEP][PASSED] - AllModifiedDate.add(a.getText()): null

2020-03-13 14:35:23 - [TEST_STEP][PASSED] - AllModifiedDate.add(a.getText()): null

2020-03-13 14:35:23 - [TEST_STEP][PASSED] - AllModifiedDate.add(a.getText()): null

2020-03-13 14:35:23 - [TEST_STEP][PASSED] - AllModifiedDate.add(a.getText()): null

2020-03-13 14:35:23 - [TEST_STEP][PASSED] - AllModifiedDate.add(a.getText()): null

2020-03-13 14:35:23 - [TEST_STEP][PASSED] - AllModifiedDate.add(a.getText()): null

2020-03-13 14:35:23 - [TEST_STEP][PASSED] - AllModifiedDate.add(a.getText()): null

2020-03-13 14:35:23 - [TEST_STEP][PASSED] - click(findTestObject("ROLES/Roles_page/Pagination/front_navigation")): Object: 'Object Repository/ROLES/Roles_page/Pagination/front_navigation' is clicked on

2020-03-13 14:35:24 - [MESSAGE][PASSED] - Object: 'Object Repository/ROLES/Roles_page/Pagination/front_navigation' is clicked on

2020-03-13 14:35:24 - [TEST_STEP][PASSED] - modifiedDate = findWebElements(findTestObject("ROLES/Roles_page/sorting/modified"), 2): null

2020-03-13 14:35:25 - [TEST_STEP][PASSED] - for (org.openqa.selenium.WebElement a : modifiedDate): null

2020-03-13 14:35:25 - [TEST_STEP][PASSED] - AllModifiedDate.add(a.getText()): null

2020-03-13 14:35:25 - [TEST_STEP][PASSED] - AllModifiedDate.add(a.getText()): null

2020-03-13 14:35:25 - [TEST_STEP][PASSED] - AllModifiedDate.add(a.getText()): null

2020-03-13 14:35:25 - [TEST_STEP][PASSED] - AllModifiedDate.add(a.getText()): null

2020-03-13 14:35:25 - [TEST_STEP][PASSED] - AllModifiedDate.add(a.getText()): null

2020-03-13 14:35:25 - [TEST_STEP][PASSED] - AllModifiedDate.add(a.getText()): null

2020-03-13 14:35:25 - [TEST_STEP][PASSED] - AllModifiedDate.add(a.getText()): null

2020-03-13 14:35:25 - [TEST_STEP][PASSED] - AllModifiedDate.add(a.getText()): null

2020-03-13 14:35:25 - [TEST_STEP][PASSED] - AllModifiedDate.add(a.getText()): null

2020-03-13 14:35:25 - [TEST_STEP][PASSED] - AllModifiedDate.add(a.getText()): null

2020-03-13 14:35:25 - [TEST_STEP][PASSED] - click(findTestObject("ROLES/Roles_page/Pagination/front_navigation")): Object: 'Object Repository/ROLES/Roles_page/Pagination/front_navigation' is clicked on

2020-03-13 14:35:26 - [MESSAGE][PASSED] - Object: 'Object Repository/ROLES/Roles_page/Pagination/front_navigation' is clicked on

2020-03-13 14:35:26 - [TEST_STEP][PASSED] - modifiedDate = findWebElements(findTestObject("ROLES/Roles_page/sorting/modified"), 2): null

2020-03-13 14:35:27 - [TEST_STEP][PASSED] - for (org.openqa.selenium.WebElement a : modifiedDate): null

2020-03-13 14:35:27 - [TEST_STEP][PASSED] - AllModifiedDate.add(a.getText()): null

2020-03-13 14:35:27 - [TEST_STEP][PASSED] - AllModifiedDate.add(a.getText()): null

2020-03-13 14:35:27 - [TEST_STEP][PASSED] - AllModifiedDate.add(a.getText()): null

2020-03-13 14:35:27 - [TEST_STEP][PASSED] - AllModifiedDate.add(a.getText()): null

2020-03-13 14:35:27 - [TEST_STEP][PASSED] - AllModifiedDate.add(a.getText()): null

2020-03-13 14:35:27 - [TEST_STEP][PASSED] - AllModifiedDate.add(a.getText()): null

2020-03-13 14:35:27 - [TEST_STEP][PASSED] - AllModifiedDate.add(a.getText()): null

2020-03-13 14:35:27 - [TEST_STEP][PASSED] - AllModifiedDate.add(a.getText()): null

2020-03-13 14:35:27 - [TEST_STEP][PASSED] - AllModifiedDate.add(a.getText()): null

2020-03-13 14:35:27 - [TEST_STEP][PASSED] - AllModifiedDate.add(a.getText()): null

2020-03-13 14:35:27 - [TEST_STEP][PASSED] - click(findTestObject("ROLES/Roles_page/Pagination/front_navigation")): Object: 'Object Repository/ROLES/Roles_page/Pagination/front_navigation' is clicked on

2020-03-13 14:35:27 - [MESSAGE][PASSED] - Object: 'Object Repository/ROLES/Roles_page/Pagination/front_navigation' is clicked on

2020-03-13 14:35:27 - [TEST_STEP][PASSED] - modifiedDate = findWebElements(findTestObject("ROLES/Roles_page/sorting/modified"), 2): null

2020-03-13 14:35:28 - [TEST_STEP][PASSED] - for (org.openqa.selenium.WebElement a : modifiedDate): null

2020-03-13 14:35:28 - [TEST_STEP][PASSED] - AllModifiedDate.add(a.getText()): null

2020-03-13 14:35:28 - [TEST_STEP][PASSED] - AllModifiedDate.add(a.getText()): null

2020-03-13 14:35:28 - [TEST_STEP][PASSED] - AllModifiedDate.add(a.getText()): null

2020-03-13 14:35:28 - [TEST_STEP][PASSED] - AllModifiedDate.add(a.getText()): null

2020-03-13 14:35:28 - [TEST_STEP][PASSED] - AllModifiedDate.add(a.getText()): null

2020-03-13 14:35:28 - [TEST_STEP][PASSED] - AllModifiedDate.add(a.getText()): null

2020-03-13 14:35:28 - [TEST_STEP][PASSED] - AllModifiedDate.add(a.getText()): null

2020-03-13 14:35:28 - [TEST_STEP][PASSED] - AllModifiedDate.add(a.getText()): null

2020-03-13 14:35:28 - [TEST_STEP][PASSED] - AllModifiedDate.add(a.getText()): null

2020-03-13 14:35:28 - [TEST_STEP][PASSED] - AllModifiedDate.add(a.getText()): null

2020-03-13 14:35:28 - [TEST_STEP][PASSED] - click(findTestObject("ROLES/Roles_page/Pagination/front_navigation")): Object: 'Object Repository/ROLES/Roles_page/Pagination/front_navigation' is clicked on

2020-03-13 14:35:29 - [MESSAGE][PASSED] - Object: 'Object Repository/ROLES/Roles_page/Pagination/front_navigation' is clicked on

2020-03-13 14:35:29 - [TEST_STEP][PASSED] - modifiedDate = findWebElements(findTestObject("ROLES/Roles_page/sorting/modified"), 2): null

2020-03-13 14:35:30 - [TEST_STEP][PASSED] - for (org.openqa.selenium.WebElement a : modifiedDate): null

2020-03-13 14:35:30 - [TEST_STEP][PASSED] - AllModifiedDate.add(a.getText()): null

2020-03-13 14:35:30 - [TEST_STEP][PASSED] - AllModifiedDate.add(a.getText()): null

2020-03-13 14:35:30 - [TEST_STEP][PASSED] - AllModifiedDate.add(a.getText()): null

2020-03-13 14:35:30 - [TEST_STEP][PASSED] - AllModifiedDate.add(a.getText()): null

2020-03-13 14:35:30 - [TEST_STEP][PASSED] - AllModifiedDate.add(a.getText()): null

2020-03-13 14:35:30 - [TEST_STEP][PASSED] - AllModifiedDate.add(a.getText()): null

2020-03-13 14:35:30 - [TEST_STEP][PASSED] - AllModifiedDate.add(a.getText()): null

2020-03-13 14:35:30 - [TEST_STEP][PASSED] - AllModifiedDate.add(a.getText()): null

2020-03-13 14:35:30 - [TEST_STEP][PASSED] - AllModifiedDate.add(a.getText()): null

2020-03-13 14:35:30 - [TEST_STEP][PASSED] - AllModifiedDate.add(a.getText()): null

2020-03-13 14:35:30 - [TEST_STEP][PASSED] - click(findTestObject("ROLES/Roles_page/Pagination/front_navigation")): Object: 'Object Repository/ROLES/Roles_page/Pagination/front_navigation' is clicked on

2020-03-13 14:35:30 - [MESSAGE][PASSED] - Object: 'Object Repository/ROLES/Roles_page/Pagination/front_navigation' is clicked on

2020-03-13 14:35:30 - [TEST_STEP][PASSED] - modifiedDate = findWebElements(findTestObject("ROLES/Roles_page/sorting/modified"), 2): null

2020-03-13 14:35:31 - [TEST_STEP][PASSED] - for (org.openqa.selenium.WebElement a : modifiedDate): null

2020-03-13 14:35:31 - [TEST_STEP][PASSED] - AllModifiedDate.add(a.getText()): null

2020-03-13 14:35:31 - [TEST_STEP][PASSED] - AllModifiedDate.add(a.getText()): null

2020-03-13 14:35:31 - [TEST_STEP][PASSED] - AllModifiedDate.add(a.getText()): null

2020-03-13 14:35:31 - [TEST_STEP][PASSED] - AllModifiedDate.add(a.getText()): null

2020-03-13 14:35:31 - [TEST_STEP][PASSED] - AllModifiedDate.add(a.getText()): null

2020-03-13 14:35:31 - [TEST_STEP][PASSED] - AllModifiedDate.add(a.getText()): null

2020-03-13 14:35:31 - [TEST_STEP][PASSED] - AllModifiedDate.add(a.getText()): null

2020-03-13 14:35:31 - [TEST_STEP][PASSED] - AllModifiedDate.add(a.getText()): null

2020-03-13 14:35:31 - [TEST_STEP][PASSED] - AllModifiedDate.add(a.getText()): null

2020-03-13 14:35:32 - [TEST_STEP][PASSED] - AllModifiedDate.add(a.getText()): null

2020-03-13 14:35:32 - [TEST_STEP][PASSED] - click(findTestObject("ROLES/Roles_page/Pagination/front_navigation")): Object: 'Object Repository/ROLES/Roles_page/Pagination/front_navigation' is clicked on

2020-03-13 14:35:32 - [MESSAGE][PASSED] - Object: 'Object Repository/ROLES/Roles_page/Pagination/front_navigation' is clicked on

2020-03-13 14:35:32 - [TEST_STEP][PASSED] - modifiedDate = findWebElements(findTestObject("ROLES/Roles_page/sorting/modified"), 2): null

2020-03-13 14:35:33 - [TEST_STEP][PASSED] - for (org.openqa.selenium.WebElement a : modifiedDate): null

2020-03-13 14:35:33 - [TEST_STEP][PASSED] - AllModifiedDate.add(a.getText()): null

2020-03-13 14:35:33 - [TEST_STEP][PASSED] - AllModifiedDate.add(a.getText()): null

2020-03-13 14:35:33 - [TEST_STEP][PASSED] - AllModifiedDate.add(a.getText()): null

2020-03-13 14:35:33 - [TEST_STEP][PASSED] - AllModifiedDate.add(a.getText()): null

2020-03-13 14:35:33 - [TEST_STEP][PASSED] - AllModifiedDate.add(a.getText()): null

2020-03-13 14:35:33 - [TEST_STEP][PASSED] - AllModifiedDate.add(a.getText()): null

2020-03-13 14:35:33 - [TEST_STEP][PASSED] - AllModifiedDate.add(a.getText()): null

2020-03-13 14:35:33 - [TEST_STEP][PASSED] - AllModifiedDate.add(a.getText()): null

2020-03-13 14:35:33 - [TEST_STEP][PASSED] - AllModifiedDate.add(a.getText()): null

2020-03-13 14:35:33 - [TEST_STEP][PASSED] - AllModifiedDate.add(a.getText()): null

2020-03-13 14:35:33 - [TEST_STEP][PASSED] - click(findTestObject("ROLES/Roles_page/Pagination/front_navigation")): Object: 'Object Repository/ROLES/Roles_page/Pagination/front_navigation' is clicked on

2020-03-13 14:35:33 - [MESSAGE][PASSED] - Object: 'Object Repository/ROLES/Roles_page/Pagination/front_navigation' is clicked on

2020-03-13 14:35:33 - [TEST_STEP][PASSED] - modifiedDate = findWebElements(findTestObject("ROLES/Roles_page/sorting/modified"), 2): null

2020-03-13 14:35:35 - [TEST_STEP][PASSED] - for (org.openqa.selenium.WebElement a : modifiedDate): null

2020-03-13 14:35:35 - [TEST_STEP][PASSED] - AllModifiedDate.add(a.getText()): null

2020-03-13 14:35:35 - [TEST_STEP][PASSED] - AllModifiedDate.add(a.getText()): null

2020-03-13 14:35:35 - [TEST_STEP][PASSED] - AllModifiedDate.add(a.getText()): null

2020-03-13 14:35:35 - [TEST_STEP][PASSED] - AllModifiedDate.add(a.getText()): null

2020-03-13 14:35:35 - [TEST_STEP][PASSED] - AllModifiedDate.add(a.getText()): null

2020-03-13 14:35:35 - [TEST_STEP][PASSED] - AllModifiedDate.add(a.getText()): null

2020-03-13 14:35:35 - [TEST_STEP][PASSED] - AllModifiedDate.add(a.getText()): null

2020-03-13 14:35:35 - [TEST_STEP][PASSED] - AllModifiedDate.add(a.getText()): null

2020-03-13 14:35:35 - [TEST_STEP][PASSED] - AllModifiedDate.add(a.getText()): null

2020-03-13 14:35:35 - [TEST_STEP][PASSED] - AllModifiedDate.add(a.getText()): null

2020-03-13 14:35:35 - [TEST_STEP][PASSED] - click(findTestObject("ROLES/Roles_page/Pagination/front_navigation")): Object: 'Object Repository/ROLES/Roles_page/Pagination/front_navigation' is clicked on

2020-03-13 14:35:35 - [MESSAGE][PASSED] - Object: 'Object Repository/ROLES/Roles_page/Pagination/front_navigation' is clicked on

2020-03-13 14:35:35 - [TEST_STEP][PASSED] - modifiedDate = findWebElements(findTestObject("ROLES/Roles_page/sorting/modified"), 2): null

2020-03-13 14:35:36 - [TEST_STEP][PASSED] - for (org.openqa.selenium.WebElement a : modifiedDate): null

2020-03-13 14:35:36 - [TEST_STEP][PASSED] - AllModifiedDate.add(a.getText()): null

2020-03-13 14:35:36 - [TEST_STEP][PASSED] - AllModifiedDate.add(a.getText()): null

2020-03-13 14:35:36 - [TEST_STEP][PASSED] - AllModifiedDate.add(a.getText()): null

2020-03-13 14:35:36 - [TEST_STEP][PASSED] - AllModifiedDate.add(a.getText()): null

2020-03-13 14:35:36 - [TEST_STEP][PASSED] - AllModifiedDate.add(a.getText()): null

2020-03-13 14:35:36 - [TEST_STEP][PASSED] - AllModifiedDate.add(a.getText()): null

2020-03-13 14:35:36 - [TEST_STEP][PASSED] - AllModifiedDate.add(a.getText()): null

2020-03-13 14:35:36 - [TEST_STEP][PASSED] - AllModifiedDate.add(a.getText()): null

2020-03-13 14:35:36 - [TEST_STEP][PASSED] - AllModifiedDate.add(a.getText()): null

2020-03-13 14:35:36 - [TEST_STEP][PASSED] - AllModifiedDate.add(a.getText()): null

2020-03-13 14:35:36 - [TEST_STEP][PASSED] - click(findTestObject("ROLES/Roles_page/Pagination/front_navigation")): Object: 'Object Repository/ROLES/Roles_page/Pagination/front_navigation' is clicked on

2020-03-13 14:35:37 - [MESSAGE][PASSED] - Object: 'Object Repository/ROLES/Roles_page/Pagination/front_navigation' is clicked on

2020-03-13 14:35:37 - [TEST_STEP][PASSED] - modifiedDate = findWebElements(findTestObject("ROLES/Roles_page/sorting/modified"), 2): null

2020-03-13 14:35:38 - [TEST_STEP][PASSED] - for (org.openqa.selenium.WebElement a : modifiedDate): null

2020-03-13 14:35:38 - [TEST_STEP][PASSED] - AllModifiedDate.add(a.getText()): null

2020-03-13 14:35:38 - [TEST_STEP][PASSED] - AllModifiedDate.add(a.getText()): null

2020-03-13 14:35:38 - [TEST_STEP][PASSED] - AllModifiedDate.add(a.getText()): null

2020-03-13 14:35:38 - [TEST_STEP][PASSED] - AllModifiedDate.add(a.getText()): null

2020-03-13 14:35:38 - [TEST_STEP][PASSED] - AllModifiedDate.add(a.getText()): null

2020-03-13 14:35:38 - [TEST_STEP][PASSED] - AllModifiedDate.add(a.getText()): null

2020-03-13 14:35:38 - [TEST_STEP][PASSED] - AllModifiedDate.add(a.getText()): null

2020-03-13 14:35:38 - [TEST_STEP][PASSED] - AllModifiedDate.add(a.getText()): null

2020-03-13 14:35:38 - [TEST_STEP][PASSED] - AllModifiedDate.add(a.getText()): null

2020-03-13 14:35:38 - [TEST_STEP][PASSED] - AllModifiedDate.add(a.getText()): null

2020-03-13 14:35:38 - [TEST_STEP][PASSED] - click(findTestObject("ROLES/Roles_page/Pagination/front_navigation")): Object: 'Object Repository/ROLES/Roles_page/Pagination/front_navigation' is clicked on

2020-03-13 14:35:38 - [MESSAGE][PASSED] - Object: 'Object Repository/ROLES/Roles_page/Pagination/front_navigation' is clicked on

2020-03-13 14:35:38 - [TEST_STEP][PASSED] - modifiedDate = findWebElements(findTestObject("ROLES/Roles_page/sorting/modified"), 2): null

2020-03-13 14:35:39 - [TEST_STEP][PASSED] - for (org.openqa.selenium.WebElement a : modifiedDate): null

2020-03-13 14:35:39 - [TEST_STEP][PASSED] - AllModifiedDate.add(a.getText()): null

2020-03-13 14:35:39 - [TEST_STEP][PASSED] - AllModifiedDate.add(a.getText()): null

2020-03-13 14:35:39 - [TEST_STEP][PASSED] - AllModifiedDate.add(a.getText()): null

2020-03-13 14:35:39 - [TEST_STEP][PASSED] - AllModifiedDate.add(a.getText()): null

2020-03-13 14:35:39 - [TEST_STEP][PASSED] - AllModifiedDate.add(a.getText()): null

2020-03-13 14:35:39 - [TEST_STEP][PASSED] - AllModifiedDate.add(a.getText()): null

2020-03-13 14:35:39 - [TEST_STEP][PASSED] - AllModifiedDate.add(a.getText()): null

2020-03-13 14:35:39 - [TEST_STEP][PASSED] - AllModifiedDate.add(a.getText()): null

2020-03-13 14:35:39 - [TEST_STEP][PASSED] - AllModifiedDate.add(a.getText()): null

2020-03-13 14:35:39 - [TEST_STEP][PASSED] - AllModifiedDate.add(a.getText()): null

2020-03-13 14:35:39 - [TEST_STEP][PASSED] - click(findTestObject("ROLES/Roles_page/Pagination/front_navigation")): Object: 'Object Repository/ROLES/Roles_page/Pagination/front_navigation' is clicked on

2020-03-13 14:35:40 - [MESSAGE][PASSED] - Object: 'Object Repository/ROLES/Roles_page/Pagination/front_navigation' is clicked on

2020-03-13 14:35:40 - [TEST_STEP][PASSED] - modifiedDate = findWebElements(findTestObject("ROLES/Roles_page/sorting/modified"), 2): null

2020-03-13 14:35:41 - [TEST_STEP][PASSED] - for (org.openqa.selenium.WebElement a : modifiedDate): null

2020-03-13 14:35:41 - [TEST_STEP][PASSED] - AllModifiedDate.add(a.getText()): null

2020-03-13 14:35:41 - [TEST_STEP][PASSED] - AllModifiedDate.add(a.getText()): null

2020-03-13 14:35:41 - [TEST_STEP][PASSED] - AllModifiedDate.add(a.getText()): null

2020-03-13 14:35:41 - [TEST_STEP][PASSED] - AllModifiedDate.add(a.getText()): null

2020-03-13 14:35:41 - [TEST_STEP][PASSED] - AllModifiedDate.add(a.getText()): null

2020-03-13 14:35:41 - [TEST_STEP][PASSED] - AllModifiedDate.add(a.getText()): null

2020-03-13 14:35:41 - [TEST_STEP][PASSED] - AllModifiedDate.add(a.getText()): null

2020-03-13 14:35:41 - [TEST_STEP][PASSED] - AllModifiedDate.add(a.getText()): null

2020-03-13 14:35:41 - [TEST_STEP][PASSED] - AllModifiedDate.add(a.getText()): null

2020-03-13 14:35:41 - [TEST_STEP][PASSED] - AllModifiedDate.add(a.getText()): null

2020-03-13 14:35:41 - [TEST_STEP][PASSED] - click(findTestObject("ROLES/Roles_page/Pagination/front_navigation")): Object: 'Object Repository/ROLES/Roles_page/Pagination/front_navigation' is clicked on

2020-03-13 14:35:42 - [MESSAGE][PASSED] - Object: 'Object Repository/ROLES/Roles_page/Pagination/front_navigation' is clicked on

2020-03-13 14:35:42 - [TEST_STEP][PASSED] - modifiedDate = findWebElements(findTestObject("ROLES/Roles_page/sorting/modified"), 2): null

2020-03-13 14:35:43 - [TEST_STEP][PASSED] - for (org.openqa.selenium.WebElement a : modifiedDate): null

2020-03-13 14:35:43 - [TEST_STEP][PASSED] - AllModifiedDate.add(a.getText()): null

2020-03-13 14:35:43 - [TEST_STEP][PASSED] - AllModifiedDate.add(a.getText()): null

2020-03-13 14:35:43 - [TEST_STEP][PASSED] - AllModifiedDate.add(a.getText()): null

2020-03-13 14:35:43 - [TEST_STEP][PASSED] - AllModifiedDate.add(a.getText()): null

2020-03-13 14:35:43 - [TEST_STEP][PASSED] - AllModifiedDate.add(a.getText()): null

2020-03-13 14:35:43 - [TEST_STEP][PASSED] - AllModifiedDate.add(a.getText()): null

2020-03-13 14:35:43 - [TEST_STEP][PASSED] - AllModifiedDate.add(a.getText()): null

2020-03-13 14:35:43 - [TEST_STEP][PASSED] - AllModifiedDate.add(a.getText()): null

2020-03-13 14:35:43 - [TEST_STEP][PASSED] - AllModifiedDate.add(a.getText()): null

2020-03-13 14:35:43 - [TEST_STEP][PASSED] - AllModifiedDate.add(a.getText()): null

2020-03-13 14:35:43 - [TEST_STEP][PASSED] - click(findTestObject("ROLES/Roles_page/Pagination/front_navigation")): Object: 'Object Repository/ROLES/Roles_page/Pagination/front_navigation' is clicked on

2020-03-13 14:35:43 - [MESSAGE][PASSED] - Object: 'Object Repository/ROLES/Roles_page/Pagination/front_navigation' is clicked on

2020-03-13 14:35:43 - [TEST_STEP][PASSED] - modifiedDate = findWebElements(findTestObject("ROLES/Roles_page/sorting/modified"), 2): null

2020-03-13 14:35:45 - [TEST_STEP][PASSED] - for (org.openqa.selenium.WebElement a : modifiedDate): null

2020-03-13 14:35:45 - [TEST_STEP][PASSED] - AllModifiedDate.add(a.getText()): null

2020-03-13 14:35:45 - [TEST_STEP][PASSED] - AllModifiedDate.add(a.getText()): null

2020-03-13 14:35:45 - [TEST_STEP][PASSED] - AllModifiedDate.add(a.getText()): null

2020-03-13 14:35:45 - [TEST_STEP][PASSED] - AllModifiedDate.add(a.getText()): null

2020-03-13 14:35:45 - [TEST_STEP][PASSED] - AllModifiedDate.add(a.getText()): null

2020-03-13 14:35:45 - [TEST_STEP][PASSED] - AllModifiedDate.add(a.getText()): null

2020-03-13 14:35:45 - [TEST_STEP][PASSED] - AllModifiedDate.add(a.getText()): null

2020-03-13 14:35:45 - [TEST_STEP][PASSED] - AllModifiedDate.add(a.getText()): null

2020-03-13 14:35:45 - [TEST_STEP][PASSED] - AllModifiedDate.add(a.getText()): null

2020-03-13 14:35:45 - [TEST_STEP][PASSED] - AllModifiedDate.add(a.getText()): null

2020-03-13 14:35:45 - [TEST_STEP][PASSED] - click(findTestObject("ROLES/Roles_page/Pagination/front_navigation")): Object: 'Object Repository/ROLES/Roles_page/Pagination/front_navigation' is clicked on

2020-03-13 14:35:45 - [MESSAGE][PASSED] - Object: 'Object Repository/ROLES/Roles_page/Pagination/front_navigation' is clicked on

2020-03-13 14:35:45 - [TEST_STEP][PASSED] - modifiedDate = findWebElements(findTestObject("ROLES/Roles_page/sorting/modified"), 2): null

2020-03-13 14:35:46 - [TEST_STEP][PASSED] - for (org.openqa.selenium.WebElement a : modifiedDate): null

2020-03-13 14:35:46 - [TEST_STEP][PASSED] - AllModifiedDate.add(a.getText()): null

2020-03-13 14:35:46 - [TEST_STEP][PASSED] - AllModifiedDate.add(a.getText()): null

2020-03-13 14:35:46 - [TEST_STEP][PASSED] - AllModifiedDate.add(a.getText()): null

2020-03-13 14:35:46 - [TEST_STEP][PASSED] - AllModifiedDate.add(a.getText()): null

2020-03-13 14:35:46 - [TEST_STEP][PASSED] - click(findTestObject("ROLES/Roles_page/Pagination/front_navigation")): Object: 'Object Repository/ROLES/Roles_page/Pagination/front_navigation' is clicked on

2020-03-13 14:35:49 - [MESSAGE][PASSED] - Object: 'Object Repository/ROLES/Roles_page/Pagination/front_navigation' is clicked on

2020-03-13 14:35:49 - [TEST_STEP][PASSED] - if (j == 1): null

2020-03-13 14:35:49 - [TEST_STEP][PASSED] - if (j == 2): Actual object 'true' and expected object 'true' are equal

2020-03-13 14:35:49 - [TEST_STEP][PASSED] - isSorted = web.CustomKeyword.checkListAscendingOrder(AllModifiedDate): web.CustomKeyword.checkListAscendingOrder is PASSED

2020-03-13 14:35:49 - [MESSAGE][PASSED] - web.CustomKeyword.checkListAscendingOrder is PASSED

2020-03-13 14:35:49 - [TEST_STEP][PASSED] - println(AllModifiedDate.size()): null

2020-03-13 14:35:49 - [TEST_STEP][PASSED] - println(AllModifiedDate): null

2020-03-13 14:35:49 - [TEST_STEP][PASSED] - verifyEqual(isSorted, true): Actual object 'true' and expected object 'true' are equal

2020-03-13 14:35:49 - [MESSAGE][PASSED] - Actual object 'true' and expected object 'true' are equal

2020-03-13 14:35:49 - [TEST_STEP][PASSED] - clearText(findTestObject("Object Repository/ROLES/Roles_page/Pagination/input_Page_form-control")): Text of object 'Object Repository/ROLES/Roles_page/Pagination/input_Page_form-control' is cleared

2020-03-13 14:35:49 - [MESSAGE][PASSED] - Text of object 'Object Repository/ROLES/Roles_page/Pagination/input_Page_form-control' is cleared

2020-03-13 14:35:49 - [TEST_STEP][PASSED] - setText(findTestObject("Object Repository/ROLES/Roles_page/Pagination/input_Page_form-control"), BACK_SPACE + BACK_SPACE + "1" + ENTER): Text 'BACK_SPACE + BACK_SPACE + ENTER + 1' is set on object 'Object Repository/ROLES/Roles_page/Pagination/input_Page_form-control'

2020-03-13 14:35:50 - [MESSAGE][PASSED] - Text 'BACK_SPACE + BACK_SPACE + ENTER + 1' is set on object 'Object Repository/ROLES/Roles_page/Pagination/input_Page_form-control'

2020-03-13 14:35:50 - [TEST_STEP][PASSED] - Start listener action : sampleAfterTestCase: null

2020-03-13 14:35:50 - [TEST_STEP][PASSED] - println(testCaseContext.getTestCaseId()): null

2020-03-13 14:35:50 - [TEST_STEP][PASSED] - println(testCaseContext.getTestCaseStatus()): null

2020-03-13 14:35:50 - [TEST_STEP][PASSED] - println("On Failure Method is Calling : " + testCaseContext.getTestCaseStatus()): null

2020-03-13 14:35:50 - [TEST_STEP][PASSED] - if (!(getTestCaseStatus().equalsIgnoreCase("PASSED"))): null]]></system-out>
         <system-err><![CDATA[]]></system-err>
      </testcase>
      <testcase name="Test Cases/Atlas Platform/Configuration Management/Platform Management/ROLES/Role Listing Grid/RLG-009 Verify sorting by No of Users" time="70.536" classname="Test Cases/Atlas Platform/Configuration Management/Platform Management/ROLES/Role Listing Grid/RLG-009 Verify sorting by No of Users" status="PASSED">
         <system-out><![CDATA[2020-03-13 14:35:52 - [TEST_CASE][PASSED] - Test Cases/Atlas Platform/Configuration Management/Platform Management/ROLES/Role Listing Grid/RLG-009 Verify sorting by No of Users: Test Cases/Atlas Platform/Configuration Management/Platform Management/ROLES/Role Listing Grid/RLG-009 Verify sorting by No of Users

2020-03-13 14:35:53 - [TEST_STEP][NOT_RUN] - callTestCase(findTestCase("Atlas Platform/Platform Navigation/Login/Default Logins/Default_Login_as_Root Admin"), ["Email":findTestData("AMP_Y").getValue(1, 1), "Password":findTestData("AMP_Y").getValue(2, 1), "dashboard_exp_title":""], CONTINUE_ON_FAILURE): NOT_RUN: callTestCase(findTestCase("Atlas Platform/Platform Navigation/Login/Default Logins/Default_Login_as_Root Admin"), ["Email":findTestData("AMP_Y").getValue(1, 1), "Password":findTestData("AMP_Y").getValue(2, 1), "dashboard_exp_title":""], CONTINUE_ON_FAILURE)

2020-03-13 14:35:53 - [MESSAGE][NOT_RUN] - NOT_RUN: callTestCase(findTestCase("Atlas Platform/Platform Navigation/Login/Default Logins/Default_Login_as_Root Admin"), ["Email":findTestData("AMP_Y").getValue(1, 1), "Password":findTestData("AMP_Y").getValue(2, 1), "dashboard_exp_title":""], CONTINUE_ON_FAILURE)

2020-03-13 14:35:53 - [TEST_STEP][PASSED] - driver = getWebDriver(): null

2020-03-13 14:35:53 - [TEST_STEP][NOT_RUN] - click(findTestObject("ROLES/Role_Navigation/a_ADMIN")): NOT_RUN: click(findTestObject("ROLES/Role_Navigation/a_ADMIN"))

2020-03-13 14:35:53 - [MESSAGE][NOT_RUN] - NOT_RUN: click(findTestObject("ROLES/Role_Navigation/a_ADMIN"))

2020-03-13 14:35:53 - [TEST_STEP][PASSED] - noOfPages_text = getText(findTestObject("ROLES/Roles_page/Pagination/label_of 10")): Text of object 'Object Repository/ROLES/Roles_page/Pagination/label_of 10' is: 'of 18'

2020-03-13 14:35:53 - [MESSAGE][PASSED] - Text of object 'Object Repository/ROLES/Roles_page/Pagination/label_of 10' is: 'of 18'

2020-03-13 14:35:53 - [TEST_STEP][PASSED] - noOfPages = Integer.parseInt(noOfPages_text.substring(3)): null

2020-03-13 14:35:53 - [TEST_STEP][PASSED] - println(noOfPages): null

2020-03-13 14:35:53 - [TEST_STEP][PASSED] - for ([j = 1, j < 3, (j++)]): Actual object 'true' and expected object 'true' are equal

2020-03-13 14:35:53 - [TEST_STEP][PASSED] - click(findTestObject("ROLES/Roles_page/sorting/No.Users_header")): Object: 'Object Repository/ROLES/Roles_page/sorting/No.Users_header' is clicked on

2020-03-13 14:35:54 - [MESSAGE][PASSED] - Object: 'Object Repository/ROLES/Roles_page/sorting/No.Users_header' is clicked on

2020-03-13 14:35:54 - [TEST_STEP][PASSED] - NoOfUsers = <not implemented yet for class: org.codehaus.groovy.ast.expr.EmptyExpression>: null

2020-03-13 14:35:54 - [TEST_STEP][PASSED] - AllNoOfUsers = new java.util.ArrayList(): null

2020-03-13 14:35:54 - [TEST_STEP][PASSED] - for ([i = 1, i <= noOfPages, (i++)]): Object: 'Object Repository/ROLES/Roles_page/Pagination/front_navigation' is clicked on

2020-03-13 14:35:54 - [TEST_STEP][PASSED] - NoOfUsers = findWebElements(findTestObject("ROLES/Roles_page/sorting/No.Users"), 2): null

2020-03-13 14:35:55 - [TEST_STEP][PASSED] - for (org.openqa.selenium.WebElement a : NoOfUsers): null

2020-03-13 14:35:55 - [TEST_STEP][PASSED] - AllNoOfUsers.add(getText().toLowerCase()): null

2020-03-13 14:35:55 - [TEST_STEP][PASSED] - AllNoOfUsers.add(getText().toLowerCase()): null

2020-03-13 14:35:55 - [TEST_STEP][PASSED] - AllNoOfUsers.add(getText().toLowerCase()): null

2020-03-13 14:35:55 - [TEST_STEP][PASSED] - AllNoOfUsers.add(getText().toLowerCase()): null

2020-03-13 14:35:55 - [TEST_STEP][PASSED] - AllNoOfUsers.add(getText().toLowerCase()): null

2020-03-13 14:35:55 - [TEST_STEP][PASSED] - AllNoOfUsers.add(getText().toLowerCase()): null

2020-03-13 14:35:55 - [TEST_STEP][PASSED] - AllNoOfUsers.add(getText().toLowerCase()): null

2020-03-13 14:35:55 - [TEST_STEP][PASSED] - AllNoOfUsers.add(getText().toLowerCase()): null

2020-03-13 14:35:55 - [TEST_STEP][PASSED] - AllNoOfUsers.add(getText().toLowerCase()): null

2020-03-13 14:35:55 - [TEST_STEP][PASSED] - AllNoOfUsers.add(getText().toLowerCase()): null

2020-03-13 14:35:55 - [TEST_STEP][PASSED] - click(findTestObject("ROLES/Roles_page/Pagination/front_navigation")): Object: 'Object Repository/ROLES/Roles_page/Pagination/front_navigation' is clicked on

2020-03-13 14:35:56 - [MESSAGE][PASSED] - Object: 'Object Repository/ROLES/Roles_page/Pagination/front_navigation' is clicked on

2020-03-13 14:35:56 - [TEST_STEP][PASSED] - NoOfUsers = findWebElements(findTestObject("ROLES/Roles_page/sorting/No.Users"), 2): null

2020-03-13 14:35:57 - [TEST_STEP][PASSED] - for (org.openqa.selenium.WebElement a : NoOfUsers): null

2020-03-13 14:35:57 - [TEST_STEP][PASSED] - AllNoOfUsers.add(getText().toLowerCase()): null

2020-03-13 14:35:57 - [TEST_STEP][PASSED] - AllNoOfUsers.add(getText().toLowerCase()): null

2020-03-13 14:35:57 - [TEST_STEP][PASSED] - AllNoOfUsers.add(getText().toLowerCase()): null

2020-03-13 14:35:57 - [TEST_STEP][PASSED] - AllNoOfUsers.add(getText().toLowerCase()): null

2020-03-13 14:35:57 - [TEST_STEP][PASSED] - AllNoOfUsers.add(getText().toLowerCase()): null

2020-03-13 14:35:57 - [TEST_STEP][PASSED] - AllNoOfUsers.add(getText().toLowerCase()): null

2020-03-13 14:35:57 - [TEST_STEP][PASSED] - AllNoOfUsers.add(getText().toLowerCase()): null

2020-03-13 14:35:57 - [TEST_STEP][PASSED] - AllNoOfUsers.add(getText().toLowerCase()): null

2020-03-13 14:35:57 - [TEST_STEP][PASSED] - AllNoOfUsers.add(getText().toLowerCase()): null

2020-03-13 14:35:57 - [TEST_STEP][PASSED] - AllNoOfUsers.add(getText().toLowerCase()): null

2020-03-13 14:35:57 - [TEST_STEP][PASSED] - click(findTestObject("ROLES/Roles_page/Pagination/front_navigation")): Object: 'Object Repository/ROLES/Roles_page/Pagination/front_navigation' is clicked on

2020-03-13 14:35:57 - [MESSAGE][PASSED] - Object: 'Object Repository/ROLES/Roles_page/Pagination/front_navigation' is clicked on

2020-03-13 14:35:57 - [TEST_STEP][PASSED] - NoOfUsers = findWebElements(findTestObject("ROLES/Roles_page/sorting/No.Users"), 2): null

2020-03-13 14:35:58 - [TEST_STEP][PASSED] - for (org.openqa.selenium.WebElement a : NoOfUsers): null

2020-03-13 14:35:58 - [TEST_STEP][PASSED] - AllNoOfUsers.add(getText().toLowerCase()): null

2020-03-13 14:35:58 - [TEST_STEP][PASSED] - AllNoOfUsers.add(getText().toLowerCase()): null

2020-03-13 14:35:58 - [TEST_STEP][PASSED] - AllNoOfUsers.add(getText().toLowerCase()): null

2020-03-13 14:35:58 - [TEST_STEP][PASSED] - AllNoOfUsers.add(getText().toLowerCase()): null

2020-03-13 14:35:58 - [TEST_STEP][PASSED] - AllNoOfUsers.add(getText().toLowerCase()): null

2020-03-13 14:35:58 - [TEST_STEP][PASSED] - AllNoOfUsers.add(getText().toLowerCase()): null

2020-03-13 14:35:59 - [TEST_STEP][PASSED] - AllNoOfUsers.add(getText().toLowerCase()): null

2020-03-13 14:35:59 - [TEST_STEP][PASSED] - AllNoOfUsers.add(getText().toLowerCase()): null

2020-03-13 14:35:59 - [TEST_STEP][PASSED] - AllNoOfUsers.add(getText().toLowerCase()): null

2020-03-13 14:35:59 - [TEST_STEP][PASSED] - AllNoOfUsers.add(getText().toLowerCase()): null

2020-03-13 14:35:59 - [TEST_STEP][PASSED] - click(findTestObject("ROLES/Roles_page/Pagination/front_navigation")): Object: 'Object Repository/ROLES/Roles_page/Pagination/front_navigation' is clicked on

2020-03-13 14:35:59 - [MESSAGE][PASSED] - Object: 'Object Repository/ROLES/Roles_page/Pagination/front_navigation' is clicked on

2020-03-13 14:35:59 - [TEST_STEP][PASSED] - NoOfUsers = findWebElements(findTestObject("ROLES/Roles_page/sorting/No.Users"), 2): null

2020-03-13 14:36:00 - [TEST_STEP][PASSED] - for (org.openqa.selenium.WebElement a : NoOfUsers): null

2020-03-13 14:36:00 - [TEST_STEP][PASSED] - AllNoOfUsers.add(getText().toLowerCase()): null

2020-03-13 14:36:00 - [TEST_STEP][PASSED] - AllNoOfUsers.add(getText().toLowerCase()): null

2020-03-13 14:36:00 - [TEST_STEP][PASSED] - AllNoOfUsers.add(getText().toLowerCase()): null

2020-03-13 14:36:00 - [TEST_STEP][PASSED] - AllNoOfUsers.add(getText().toLowerCase()): null

2020-03-13 14:36:00 - [TEST_STEP][PASSED] - AllNoOfUsers.add(getText().toLowerCase()): null

2020-03-13 14:36:00 - [TEST_STEP][PASSED] - AllNoOfUsers.add(getText().toLowerCase()): null

2020-03-13 14:36:00 - [TEST_STEP][PASSED] - AllNoOfUsers.add(getText().toLowerCase()): null

2020-03-13 14:36:00 - [TEST_STEP][PASSED] - AllNoOfUsers.add(getText().toLowerCase()): null

2020-03-13 14:36:00 - [TEST_STEP][PASSED] - AllNoOfUsers.add(getText().toLowerCase()): null

2020-03-13 14:36:00 - [TEST_STEP][PASSED] - AllNoOfUsers.add(getText().toLowerCase()): null

2020-03-13 14:36:00 - [TEST_STEP][PASSED] - click(findTestObject("ROLES/Roles_page/Pagination/front_navigation")): Object: 'Object Repository/ROLES/Roles_page/Pagination/front_navigation' is clicked on

2020-03-13 14:36:01 - [MESSAGE][PASSED] - Object: 'Object Repository/ROLES/Roles_page/Pagination/front_navigation' is clicked on

2020-03-13 14:36:01 - [TEST_STEP][PASSED] - NoOfUsers = findWebElements(findTestObject("ROLES/Roles_page/sorting/No.Users"), 2): null

2020-03-13 14:36:02 - [TEST_STEP][PASSED] - for (org.openqa.selenium.WebElement a : NoOfUsers): null

2020-03-13 14:36:02 - [TEST_STEP][PASSED] - AllNoOfUsers.add(getText().toLowerCase()): null

2020-03-13 14:36:02 - [TEST_STEP][PASSED] - AllNoOfUsers.add(getText().toLowerCase()): null

2020-03-13 14:36:02 - [TEST_STEP][PASSED] - AllNoOfUsers.add(getText().toLowerCase()): null

2020-03-13 14:36:02 - [TEST_STEP][PASSED] - AllNoOfUsers.add(getText().toLowerCase()): null

2020-03-13 14:36:02 - [TEST_STEP][PASSED] - AllNoOfUsers.add(getText().toLowerCase()): null

2020-03-13 14:36:02 - [TEST_STEP][PASSED] - AllNoOfUsers.add(getText().toLowerCase()): null

2020-03-13 14:36:02 - [TEST_STEP][PASSED] - AllNoOfUsers.add(getText().toLowerCase()): null

2020-03-13 14:36:02 - [TEST_STEP][PASSED] - AllNoOfUsers.add(getText().toLowerCase()): null

2020-03-13 14:36:02 - [TEST_STEP][PASSED] - AllNoOfUsers.add(getText().toLowerCase()): null

2020-03-13 14:36:02 - [TEST_STEP][PASSED] - AllNoOfUsers.add(getText().toLowerCase()): null

2020-03-13 14:36:02 - [TEST_STEP][PASSED] - click(findTestObject("ROLES/Roles_page/Pagination/front_navigation")): Object: 'Object Repository/ROLES/Roles_page/Pagination/front_navigation' is clicked on

2020-03-13 14:36:02 - [MESSAGE][PASSED] - Object: 'Object Repository/ROLES/Roles_page/Pagination/front_navigation' is clicked on

2020-03-13 14:36:02 - [TEST_STEP][PASSED] - NoOfUsers = findWebElements(findTestObject("ROLES/Roles_page/sorting/No.Users"), 2): null

2020-03-13 14:36:03 - [TEST_STEP][PASSED] - for (org.openqa.selenium.WebElement a : NoOfUsers): null

2020-03-13 14:36:03 - [TEST_STEP][PASSED] - AllNoOfUsers.add(getText().toLowerCase()): null

2020-03-13 14:36:03 - [TEST_STEP][PASSED] - AllNoOfUsers.add(getText().toLowerCase()): null

2020-03-13 14:36:03 - [TEST_STEP][PASSED] - AllNoOfUsers.add(getText().toLowerCase()): null

2020-03-13 14:36:03 - [TEST_STEP][PASSED] - AllNoOfUsers.add(getText().toLowerCase()): null

2020-03-13 14:36:03 - [TEST_STEP][PASSED] - AllNoOfUsers.add(getText().toLowerCase()): null

2020-03-13 14:36:03 - [TEST_STEP][PASSED] - AllNoOfUsers.add(getText().toLowerCase()): null

2020-03-13 14:36:03 - [TEST_STEP][PASSED] - AllNoOfUsers.add(getText().toLowerCase()): null

2020-03-13 14:36:03 - [TEST_STEP][PASSED] - AllNoOfUsers.add(getText().toLowerCase()): null

2020-03-13 14:36:03 - [TEST_STEP][PASSED] - AllNoOfUsers.add(getText().toLowerCase()): null

2020-03-13 14:36:03 - [TEST_STEP][PASSED] - AllNoOfUsers.add(getText().toLowerCase()): null

2020-03-13 14:36:03 - [TEST_STEP][PASSED] - click(findTestObject("ROLES/Roles_page/Pagination/front_navigation")): Object: 'Object Repository/ROLES/Roles_page/Pagination/front_navigation' is clicked on

2020-03-13 14:36:04 - [MESSAGE][PASSED] - Object: 'Object Repository/ROLES/Roles_page/Pagination/front_navigation' is clicked on

2020-03-13 14:36:04 - [TEST_STEP][PASSED] - NoOfUsers = findWebElements(findTestObject("ROLES/Roles_page/sorting/No.Users"), 2): null

2020-03-13 14:36:05 - [TEST_STEP][PASSED] - for (org.openqa.selenium.WebElement a : NoOfUsers): null

2020-03-13 14:36:05 - [TEST_STEP][PASSED] - AllNoOfUsers.add(getText().toLowerCase()): null

2020-03-13 14:36:05 - [TEST_STEP][PASSED] - AllNoOfUsers.add(getText().toLowerCase()): null

2020-03-13 14:36:05 - [TEST_STEP][PASSED] - AllNoOfUsers.add(getText().toLowerCase()): null

2020-03-13 14:36:05 - [TEST_STEP][PASSED] - AllNoOfUsers.add(getText().toLowerCase()): null

2020-03-13 14:36:05 - [TEST_STEP][PASSED] - AllNoOfUsers.add(getText().toLowerCase()): null

2020-03-13 14:36:05 - [TEST_STEP][PASSED] - AllNoOfUsers.add(getText().toLowerCase()): null

2020-03-13 14:36:05 - [TEST_STEP][PASSED] - AllNoOfUsers.add(getText().toLowerCase()): null

2020-03-13 14:36:05 - [TEST_STEP][PASSED] - AllNoOfUsers.add(getText().toLowerCase()): null

2020-03-13 14:36:05 - [TEST_STEP][PASSED] - AllNoOfUsers.add(getText().toLowerCase()): null

2020-03-13 14:36:06 - [TEST_STEP][PASSED] - AllNoOfUsers.add(getText().toLowerCase()): null

2020-03-13 14:36:06 - [TEST_STEP][PASSED] - click(findTestObject("ROLES/Roles_page/Pagination/front_navigation")): Object: 'Object Repository/ROLES/Roles_page/Pagination/front_navigation' is clicked on

2020-03-13 14:36:06 - [MESSAGE][PASSED] - Object: 'Object Repository/ROLES/Roles_page/Pagination/front_navigation' is clicked on

2020-03-13 14:36:06 - [TEST_STEP][PASSED] - NoOfUsers = findWebElements(findTestObject("ROLES/Roles_page/sorting/No.Users"), 2): null

2020-03-13 14:36:07 - [TEST_STEP][PASSED] - for (org.openqa.selenium.WebElement a : NoOfUsers): null

2020-03-13 14:36:07 - [TEST_STEP][PASSED] - AllNoOfUsers.add(getText().toLowerCase()): null

2020-03-13 14:36:07 - [TEST_STEP][PASSED] - AllNoOfUsers.add(getText().toLowerCase()): null

2020-03-13 14:36:07 - [TEST_STEP][PASSED] - AllNoOfUsers.add(getText().toLowerCase()): null

2020-03-13 14:36:07 - [TEST_STEP][PASSED] - AllNoOfUsers.add(getText().toLowerCase()): null

2020-03-13 14:36:07 - [TEST_STEP][PASSED] - AllNoOfUsers.add(getText().toLowerCase()): null

2020-03-13 14:36:07 - [TEST_STEP][PASSED] - AllNoOfUsers.add(getText().toLowerCase()): null

2020-03-13 14:36:07 - [TEST_STEP][PASSED] - AllNoOfUsers.add(getText().toLowerCase()): null

2020-03-13 14:36:07 - [TEST_STEP][PASSED] - AllNoOfUsers.add(getText().toLowerCase()): null

2020-03-13 14:36:07 - [TEST_STEP][PASSED] - AllNoOfUsers.add(getText().toLowerCase()): null

2020-03-13 14:36:07 - [TEST_STEP][PASSED] - AllNoOfUsers.add(getText().toLowerCase()): null

2020-03-13 14:36:07 - [TEST_STEP][PASSED] - click(findTestObject("ROLES/Roles_page/Pagination/front_navigation")): Object: 'Object Repository/ROLES/Roles_page/Pagination/front_navigation' is clicked on

2020-03-13 14:36:07 - [MESSAGE][PASSED] - Object: 'Object Repository/ROLES/Roles_page/Pagination/front_navigation' is clicked on

2020-03-13 14:36:07 - [TEST_STEP][PASSED] - NoOfUsers = findWebElements(findTestObject("ROLES/Roles_page/sorting/No.Users"), 2): null

2020-03-13 14:36:08 - [TEST_STEP][PASSED] - for (org.openqa.selenium.WebElement a : NoOfUsers): null

2020-03-13 14:36:08 - [TEST_STEP][PASSED] - AllNoOfUsers.add(getText().toLowerCase()): null

2020-03-13 14:36:08 - [TEST_STEP][PASSED] - AllNoOfUsers.add(getText().toLowerCase()): null

2020-03-13 14:36:08 - [TEST_STEP][PASSED] - AllNoOfUsers.add(getText().toLowerCase()): null

2020-03-13 14:36:08 - [TEST_STEP][PASSED] - AllNoOfUsers.add(getText().toLowerCase()): null

2020-03-13 14:36:08 - [TEST_STEP][PASSED] - AllNoOfUsers.add(getText().toLowerCase()): null

2020-03-13 14:36:08 - [TEST_STEP][PASSED] - AllNoOfUsers.add(getText().toLowerCase()): null

2020-03-13 14:36:09 - [TEST_STEP][PASSED] - AllNoOfUsers.add(getText().toLowerCase()): null

2020-03-13 14:36:09 - [TEST_STEP][PASSED] - AllNoOfUsers.add(getText().toLowerCase()): null

2020-03-13 14:36:09 - [TEST_STEP][PASSED] - AllNoOfUsers.add(getText().toLowerCase()): null

2020-03-13 14:36:09 - [TEST_STEP][PASSED] - AllNoOfUsers.add(getText().toLowerCase()): null

2020-03-13 14:36:09 - [TEST_STEP][PASSED] - click(findTestObject("ROLES/Roles_page/Pagination/front_navigation")): Object: 'Object Repository/ROLES/Roles_page/Pagination/front_navigation' is clicked on

2020-03-13 14:36:09 - [MESSAGE][PASSED] - Object: 'Object Repository/ROLES/Roles_page/Pagination/front_navigation' is clicked on

2020-03-13 14:36:09 - [TEST_STEP][PASSED] - NoOfUsers = findWebElements(findTestObject("ROLES/Roles_page/sorting/No.Users"), 2): null

2020-03-13 14:36:10 - [TEST_STEP][PASSED] - for (org.openqa.selenium.WebElement a : NoOfUsers): null

2020-03-13 14:36:10 - [TEST_STEP][PASSED] - AllNoOfUsers.add(getText().toLowerCase()): null

2020-03-13 14:36:10 - [TEST_STEP][PASSED] - AllNoOfUsers.add(getText().toLowerCase()): null

2020-03-13 14:36:10 - [TEST_STEP][PASSED] - AllNoOfUsers.add(getText().toLowerCase()): null

2020-03-13 14:36:10 - [TEST_STEP][PASSED] - AllNoOfUsers.add(getText().toLowerCase()): null

2020-03-13 14:36:10 - [TEST_STEP][PASSED] - AllNoOfUsers.add(getText().toLowerCase()): null

2020-03-13 14:36:10 - [TEST_STEP][PASSED] - AllNoOfUsers.add(getText().toLowerCase()): null

2020-03-13 14:36:10 - [TEST_STEP][PASSED] - AllNoOfUsers.add(getText().toLowerCase()): null

2020-03-13 14:36:10 - [TEST_STEP][PASSED] - AllNoOfUsers.add(getText().toLowerCase()): null

2020-03-13 14:36:10 - [TEST_STEP][PASSED] - AllNoOfUsers.add(getText().toLowerCase()): null

2020-03-13 14:36:10 - [TEST_STEP][PASSED] - AllNoOfUsers.add(getText().toLowerCase()): null

2020-03-13 14:36:10 - [TEST_STEP][PASSED] - click(findTestObject("ROLES/Roles_page/Pagination/front_navigation")): Object: 'Object Repository/ROLES/Roles_page/Pagination/front_navigation' is clicked on

2020-03-13 14:36:11 - [MESSAGE][PASSED] - Object: 'Object Repository/ROLES/Roles_page/Pagination/front_navigation' is clicked on

2020-03-13 14:36:11 - [TEST_STEP][PASSED] - NoOfUsers = findWebElements(findTestObject("ROLES/Roles_page/sorting/No.Users"), 2): null

2020-03-13 14:36:11 - [TEST_STEP][PASSED] - for (org.openqa.selenium.WebElement a : NoOfUsers): null

2020-03-13 14:36:11 - [TEST_STEP][PASSED] - AllNoOfUsers.add(getText().toLowerCase()): null

2020-03-13 14:36:11 - [TEST_STEP][PASSED] - AllNoOfUsers.add(getText().toLowerCase()): null

2020-03-13 14:36:11 - [TEST_STEP][PASSED] - AllNoOfUsers.add(getText().toLowerCase()): null

2020-03-13 14:36:11 - [TEST_STEP][PASSED] - AllNoOfUsers.add(getText().toLowerCase()): null

2020-03-13 14:36:12 - [TEST_STEP][PASSED] - AllNoOfUsers.add(getText().toLowerCase()): null

2020-03-13 14:36:12 - [TEST_STEP][PASSED] - AllNoOfUsers.add(getText().toLowerCase()): null

2020-03-13 14:36:12 - [TEST_STEP][PASSED] - AllNoOfUsers.add(getText().toLowerCase()): null

2020-03-13 14:36:12 - [TEST_STEP][PASSED] - AllNoOfUsers.add(getText().toLowerCase()): null

2020-03-13 14:36:12 - [TEST_STEP][PASSED] - AllNoOfUsers.add(getText().toLowerCase()): null

2020-03-13 14:36:12 - [TEST_STEP][PASSED] - AllNoOfUsers.add(getText().toLowerCase()): null

2020-03-13 14:36:12 - [TEST_STEP][PASSED] - click(findTestObject("ROLES/Roles_page/Pagination/front_navigation")): Object: 'Object Repository/ROLES/Roles_page/Pagination/front_navigation' is clicked on

2020-03-13 14:36:12 - [MESSAGE][PASSED] - Object: 'Object Repository/ROLES/Roles_page/Pagination/front_navigation' is clicked on

2020-03-13 14:36:12 - [TEST_STEP][PASSED] - NoOfUsers = findWebElements(findTestObject("ROLES/Roles_page/sorting/No.Users"), 2): null

2020-03-13 14:36:13 - [TEST_STEP][PASSED] - for (org.openqa.selenium.WebElement a : NoOfUsers): null

2020-03-13 14:36:13 - [TEST_STEP][PASSED] - AllNoOfUsers.add(getText().toLowerCase()): null

2020-03-13 14:36:13 - [TEST_STEP][PASSED] - AllNoOfUsers.add(getText().toLowerCase()): null

2020-03-13 14:36:13 - [TEST_STEP][PASSED] - AllNoOfUsers.add(getText().toLowerCase()): null

2020-03-13 14:36:13 - [TEST_STEP][PASSED] - AllNoOfUsers.add(getText().toLowerCase()): null

2020-03-13 14:36:13 - [TEST_STEP][PASSED] - AllNoOfUsers.add(getText().toLowerCase()): null

2020-03-13 14:36:13 - [TEST_STEP][PASSED] - AllNoOfUsers.add(getText().toLowerCase()): null

2020-03-13 14:36:13 - [TEST_STEP][PASSED] - AllNoOfUsers.add(getText().toLowerCase()): null

2020-03-13 14:36:13 - [TEST_STEP][PASSED] - AllNoOfUsers.add(getText().toLowerCase()): null

2020-03-13 14:36:13 - [TEST_STEP][PASSED] - AllNoOfUsers.add(getText().toLowerCase()): null

2020-03-13 14:36:13 - [TEST_STEP][PASSED] - AllNoOfUsers.add(getText().toLowerCase()): null

2020-03-13 14:36:13 - [TEST_STEP][PASSED] - click(findTestObject("ROLES/Roles_page/Pagination/front_navigation")): Object: 'Object Repository/ROLES/Roles_page/Pagination/front_navigation' is clicked on

2020-03-13 14:36:13 - [MESSAGE][PASSED] - Object: 'Object Repository/ROLES/Roles_page/Pagination/front_navigation' is clicked on

2020-03-13 14:36:13 - [TEST_STEP][PASSED] - NoOfUsers = findWebElements(findTestObject("ROLES/Roles_page/sorting/No.Users"), 2): null

2020-03-13 14:36:15 - [TEST_STEP][PASSED] - for (org.openqa.selenium.WebElement a : NoOfUsers): null

2020-03-13 14:36:15 - [TEST_STEP][PASSED] - AllNoOfUsers.add(getText().toLowerCase()): null

2020-03-13 14:36:15 - [TEST_STEP][PASSED] - AllNoOfUsers.add(getText().toLowerCase()): null

2020-03-13 14:36:15 - [TEST_STEP][PASSED] - AllNoOfUsers.add(getText().toLowerCase()): null

2020-03-13 14:36:15 - [TEST_STEP][PASSED] - AllNoOfUsers.add(getText().toLowerCase()): null

2020-03-13 14:36:15 - [TEST_STEP][PASSED] - AllNoOfUsers.add(getText().toLowerCase()): null

2020-03-13 14:36:15 - [TEST_STEP][PASSED] - AllNoOfUsers.add(getText().toLowerCase()): null

2020-03-13 14:36:15 - [TEST_STEP][PASSED] - AllNoOfUsers.add(getText().toLowerCase()): null

2020-03-13 14:36:15 - [TEST_STEP][PASSED] - AllNoOfUsers.add(getText().toLowerCase()): null

2020-03-13 14:36:15 - [TEST_STEP][PASSED] - AllNoOfUsers.add(getText().toLowerCase()): null

2020-03-13 14:36:15 - [TEST_STEP][PASSED] - AllNoOfUsers.add(getText().toLowerCase()): null

2020-03-13 14:36:15 - [TEST_STEP][PASSED] - click(findTestObject("ROLES/Roles_page/Pagination/front_navigation")): Object: 'Object Repository/ROLES/Roles_page/Pagination/front_navigation' is clicked on

2020-03-13 14:36:16 - [MESSAGE][PASSED] - Object: 'Object Repository/ROLES/Roles_page/Pagination/front_navigation' is clicked on

2020-03-13 14:36:16 - [TEST_STEP][PASSED] - NoOfUsers = findWebElements(findTestObject("ROLES/Roles_page/sorting/No.Users"), 2): null

2020-03-13 14:36:16 - [TEST_STEP][PASSED] - for (org.openqa.selenium.WebElement a : NoOfUsers): null

2020-03-13 14:36:16 - [TEST_STEP][PASSED] - AllNoOfUsers.add(getText().toLowerCase()): null

2020-03-13 14:36:16 - [TEST_STEP][PASSED] - AllNoOfUsers.add(getText().toLowerCase()): null

2020-03-13 14:36:16 - [TEST_STEP][PASSED] - AllNoOfUsers.add(getText().toLowerCase()): null

2020-03-13 14:36:16 - [TEST_STEP][PASSED] - AllNoOfUsers.add(getText().toLowerCase()): null

2020-03-13 14:36:16 - [TEST_STEP][PASSED] - AllNoOfUsers.add(getText().toLowerCase()): null

2020-03-13 14:36:17 - [TEST_STEP][PASSED] - AllNoOfUsers.add(getText().toLowerCase()): null

2020-03-13 14:36:17 - [TEST_STEP][PASSED] - AllNoOfUsers.add(getText().toLowerCase()): null

2020-03-13 14:36:17 - [TEST_STEP][PASSED] - AllNoOfUsers.add(getText().toLowerCase()): null

2020-03-13 14:36:17 - [TEST_STEP][PASSED] - AllNoOfUsers.add(getText().toLowerCase()): null

2020-03-13 14:36:17 - [TEST_STEP][PASSED] - AllNoOfUsers.add(getText().toLowerCase()): null

2020-03-13 14:36:17 - [TEST_STEP][PASSED] - click(findTestObject("ROLES/Roles_page/Pagination/front_navigation")): Object: 'Object Repository/ROLES/Roles_page/Pagination/front_navigation' is clicked on

2020-03-13 14:36:17 - [MESSAGE][PASSED] - Object: 'Object Repository/ROLES/Roles_page/Pagination/front_navigation' is clicked on

2020-03-13 14:36:17 - [TEST_STEP][PASSED] - NoOfUsers = findWebElements(findTestObject("ROLES/Roles_page/sorting/No.Users"), 2): null

2020-03-13 14:36:18 - [TEST_STEP][PASSED] - for (org.openqa.selenium.WebElement a : NoOfUsers): null

2020-03-13 14:36:18 - [TEST_STEP][PASSED] - AllNoOfUsers.add(getText().toLowerCase()): null

2020-03-13 14:36:18 - [TEST_STEP][PASSED] - AllNoOfUsers.add(getText().toLowerCase()): null

2020-03-13 14:36:18 - [TEST_STEP][PASSED] - AllNoOfUsers.add(getText().toLowerCase()): null

2020-03-13 14:36:18 - [TEST_STEP][PASSED] - AllNoOfUsers.add(getText().toLowerCase()): null

2020-03-13 14:36:18 - [TEST_STEP][PASSED] - AllNoOfUsers.add(getText().toLowerCase()): null

2020-03-13 14:36:18 - [TEST_STEP][PASSED] - AllNoOfUsers.add(getText().toLowerCase()): null

2020-03-13 14:36:18 - [TEST_STEP][PASSED] - AllNoOfUsers.add(getText().toLowerCase()): null

2020-03-13 14:36:18 - [TEST_STEP][PASSED] - AllNoOfUsers.add(getText().toLowerCase()): null

2020-03-13 14:36:18 - [TEST_STEP][PASSED] - AllNoOfUsers.add(getText().toLowerCase()): null

2020-03-13 14:36:18 - [TEST_STEP][PASSED] - AllNoOfUsers.add(getText().toLowerCase()): null

2020-03-13 14:36:18 - [TEST_STEP][PASSED] - click(findTestObject("ROLES/Roles_page/Pagination/front_navigation")): Object: 'Object Repository/ROLES/Roles_page/Pagination/front_navigation' is clicked on

2020-03-13 14:36:19 - [MESSAGE][PASSED] - Object: 'Object Repository/ROLES/Roles_page/Pagination/front_navigation' is clicked on

2020-03-13 14:36:19 - [TEST_STEP][PASSED] - NoOfUsers = findWebElements(findTestObject("ROLES/Roles_page/sorting/No.Users"), 2): null

2020-03-13 14:36:19 - [TEST_STEP][PASSED] - for (org.openqa.selenium.WebElement a : NoOfUsers): null

2020-03-13 14:36:19 - [TEST_STEP][PASSED] - AllNoOfUsers.add(getText().toLowerCase()): null

2020-03-13 14:36:19 - [TEST_STEP][PASSED] - AllNoOfUsers.add(getText().toLowerCase()): null

2020-03-13 14:36:19 - [TEST_STEP][PASSED] - AllNoOfUsers.add(getText().toLowerCase()): null

2020-03-13 14:36:19 - [TEST_STEP][PASSED] - AllNoOfUsers.add(getText().toLowerCase()): null

2020-03-13 14:36:19 - [TEST_STEP][PASSED] - AllNoOfUsers.add(getText().toLowerCase()): null

2020-03-13 14:36:19 - [TEST_STEP][PASSED] - AllNoOfUsers.add(getText().toLowerCase()): null

2020-03-13 14:36:19 - [TEST_STEP][PASSED] - AllNoOfUsers.add(getText().toLowerCase()): null

2020-03-13 14:36:20 - [TEST_STEP][PASSED] - AllNoOfUsers.add(getText().toLowerCase()): null

2020-03-13 14:36:20 - [TEST_STEP][PASSED] - AllNoOfUsers.add(getText().toLowerCase()): null

2020-03-13 14:36:20 - [TEST_STEP][PASSED] - AllNoOfUsers.add(getText().toLowerCase()): null

2020-03-13 14:36:20 - [TEST_STEP][PASSED] - click(findTestObject("ROLES/Roles_page/Pagination/front_navigation")): Object: 'Object Repository/ROLES/Roles_page/Pagination/front_navigation' is clicked on

2020-03-13 14:36:20 - [MESSAGE][PASSED] - Object: 'Object Repository/ROLES/Roles_page/Pagination/front_navigation' is clicked on

2020-03-13 14:36:20 - [TEST_STEP][PASSED] - NoOfUsers = findWebElements(findTestObject("ROLES/Roles_page/sorting/No.Users"), 2): null

2020-03-13 14:36:21 - [TEST_STEP][PASSED] - for (org.openqa.selenium.WebElement a : NoOfUsers): null

2020-03-13 14:36:21 - [TEST_STEP][PASSED] - AllNoOfUsers.add(getText().toLowerCase()): null

2020-03-13 14:36:21 - [TEST_STEP][PASSED] - AllNoOfUsers.add(getText().toLowerCase()): null

2020-03-13 14:36:21 - [TEST_STEP][PASSED] - AllNoOfUsers.add(getText().toLowerCase()): null

2020-03-13 14:36:21 - [TEST_STEP][PASSED] - AllNoOfUsers.add(getText().toLowerCase()): null

2020-03-13 14:36:21 - [TEST_STEP][PASSED] - AllNoOfUsers.add(getText().toLowerCase()): null

2020-03-13 14:36:21 - [TEST_STEP][PASSED] - AllNoOfUsers.add(getText().toLowerCase()): null

2020-03-13 14:36:21 - [TEST_STEP][PASSED] - AllNoOfUsers.add(getText().toLowerCase()): null

2020-03-13 14:36:21 - [TEST_STEP][PASSED] - AllNoOfUsers.add(getText().toLowerCase()): null

2020-03-13 14:36:21 - [TEST_STEP][PASSED] - AllNoOfUsers.add(getText().toLowerCase()): null

2020-03-13 14:36:21 - [TEST_STEP][PASSED] - AllNoOfUsers.add(getText().toLowerCase()): null

2020-03-13 14:36:21 - [TEST_STEP][PASSED] - click(findTestObject("ROLES/Roles_page/Pagination/front_navigation")): Object: 'Object Repository/ROLES/Roles_page/Pagination/front_navigation' is clicked on

2020-03-13 14:36:22 - [MESSAGE][PASSED] - Object: 'Object Repository/ROLES/Roles_page/Pagination/front_navigation' is clicked on

2020-03-13 14:36:22 - [TEST_STEP][PASSED] - NoOfUsers = findWebElements(findTestObject("ROLES/Roles_page/sorting/No.Users"), 2): null

2020-03-13 14:36:22 - [TEST_STEP][PASSED] - for (org.openqa.selenium.WebElement a : NoOfUsers): null

2020-03-13 14:36:22 - [TEST_STEP][PASSED] - AllNoOfUsers.add(getText().toLowerCase()): null

2020-03-13 14:36:22 - [TEST_STEP][PASSED] - AllNoOfUsers.add(getText().toLowerCase()): null

2020-03-13 14:36:22 - [TEST_STEP][PASSED] - AllNoOfUsers.add(getText().toLowerCase()): null

2020-03-13 14:36:23 - [TEST_STEP][PASSED] - AllNoOfUsers.add(getText().toLowerCase()): null

2020-03-13 14:36:23 - [TEST_STEP][PASSED] - click(findTestObject("ROLES/Roles_page/Pagination/front_navigation")): Object: 'Object Repository/ROLES/Roles_page/Pagination/front_navigation' is clicked on

2020-03-13 14:36:25 - [MESSAGE][PASSED] - Object: 'Object Repository/ROLES/Roles_page/Pagination/front_navigation' is clicked on

2020-03-13 14:36:25 - [TEST_STEP][PASSED] - if (j == 1): Text 'BACK_SPACE + BACK_SPACE + ENTER + 1' is set on object 'Object Repository/ROLES/Roles_page/Pagination/input_Page_form-control'

2020-03-13 14:36:25 - [TEST_STEP][PASSED] - isSorted = web.CustomKeyword.checkListDescending(AllNoOfUsers): web.CustomKeyword.checkListDescending is PASSED

2020-03-13 14:36:25 - [MESSAGE][PASSED] - web.CustomKeyword.checkListDescending is PASSED

2020-03-13 14:36:25 - [TEST_STEP][PASSED] - println(AllNoOfUsers.size()): null

2020-03-13 14:36:25 - [TEST_STEP][PASSED] - println(AllNoOfUsers): null

2020-03-13 14:36:25 - [TEST_STEP][PASSED] - verifyEqual(isSorted, true): Actual object 'true' and expected object 'true' are equal

2020-03-13 14:36:25 - [MESSAGE][PASSED] - Actual object 'true' and expected object 'true' are equal

2020-03-13 14:36:25 - [TEST_STEP][PASSED] - clearText(findTestObject("Object Repository/ROLES/Roles_page/Pagination/input_Page_form-control")): Text of object 'Object Repository/ROLES/Roles_page/Pagination/input_Page_form-control' is cleared

2020-03-13 14:36:26 - [MESSAGE][PASSED] - Text of object 'Object Repository/ROLES/Roles_page/Pagination/input_Page_form-control' is cleared

2020-03-13 14:36:26 - [TEST_STEP][PASSED] - setText(findTestObject("Object Repository/ROLES/Roles_page/Pagination/input_Page_form-control"), BACK_SPACE + BACK_SPACE + "1" + ENTER): Text 'BACK_SPACE + BACK_SPACE + ENTER + 1' is set on object 'Object Repository/ROLES/Roles_page/Pagination/input_Page_form-control'

2020-03-13 14:36:26 - [MESSAGE][PASSED] - Text 'BACK_SPACE + BACK_SPACE + ENTER + 1' is set on object 'Object Repository/ROLES/Roles_page/Pagination/input_Page_form-control'

2020-03-13 14:36:26 - [TEST_STEP][PASSED] - if (j == 2): null

2020-03-13 14:36:26 - [TEST_STEP][PASSED] - click(findTestObject("ROLES/Roles_page/sorting/No.Users_header")): Object: 'Object Repository/ROLES/Roles_page/sorting/No.Users_header' is clicked on

2020-03-13 14:36:28 - [MESSAGE][PASSED] - Object: 'Object Repository/ROLES/Roles_page/sorting/No.Users_header' is clicked on

2020-03-13 14:36:28 - [TEST_STEP][PASSED] - NoOfUsers = <not implemented yet for class: org.codehaus.groovy.ast.expr.EmptyExpression>: null

2020-03-13 14:36:28 - [TEST_STEP][PASSED] - AllNoOfUsers = new java.util.ArrayList(): null

2020-03-13 14:36:28 - [TEST_STEP][PASSED] - for ([i = 1, i <= noOfPages, (i++)]): Object: 'Object Repository/ROLES/Roles_page/Pagination/front_navigation' is clicked on

2020-03-13 14:36:28 - [TEST_STEP][PASSED] - NoOfUsers = findWebElements(findTestObject("ROLES/Roles_page/sorting/No.Users"), 2): null

2020-03-13 14:36:28 - [TEST_STEP][PASSED] - for (org.openqa.selenium.WebElement a : NoOfUsers): null

2020-03-13 14:36:28 - [TEST_STEP][PASSED] - AllNoOfUsers.add(getText().toLowerCase()): null

2020-03-13 14:36:28 - [TEST_STEP][PASSED] - AllNoOfUsers.add(getText().toLowerCase()): null

2020-03-13 14:36:28 - [TEST_STEP][PASSED] - AllNoOfUsers.add(getText().toLowerCase()): null

2020-03-13 14:36:29 - [TEST_STEP][PASSED] - AllNoOfUsers.add(getText().toLowerCase()): null

2020-03-13 14:36:29 - [TEST_STEP][PASSED] - AllNoOfUsers.add(getText().toLowerCase()): null

2020-03-13 14:36:29 - [TEST_STEP][PASSED] - AllNoOfUsers.add(getText().toLowerCase()): null

2020-03-13 14:36:29 - [TEST_STEP][PASSED] - AllNoOfUsers.add(getText().toLowerCase()): null

2020-03-13 14:36:29 - [TEST_STEP][PASSED] - AllNoOfUsers.add(getText().toLowerCase()): null

2020-03-13 14:36:29 - [TEST_STEP][PASSED] - AllNoOfUsers.add(getText().toLowerCase()): null

2020-03-13 14:36:29 - [TEST_STEP][PASSED] - AllNoOfUsers.add(getText().toLowerCase()): null

2020-03-13 14:36:29 - [TEST_STEP][PASSED] - click(findTestObject("ROLES/Roles_page/Pagination/front_navigation")): Object: 'Object Repository/ROLES/Roles_page/Pagination/front_navigation' is clicked on

2020-03-13 14:36:29 - [MESSAGE][PASSED] - Object: 'Object Repository/ROLES/Roles_page/Pagination/front_navigation' is clicked on

2020-03-13 14:36:29 - [TEST_STEP][PASSED] - NoOfUsers = findWebElements(findTestObject("ROLES/Roles_page/sorting/No.Users"), 2): null

2020-03-13 14:36:30 - [TEST_STEP][PASSED] - for (org.openqa.selenium.WebElement a : NoOfUsers): null

2020-03-13 14:36:30 - [TEST_STEP][PASSED] - AllNoOfUsers.add(getText().toLowerCase()): null

2020-03-13 14:36:30 - [TEST_STEP][PASSED] - AllNoOfUsers.add(getText().toLowerCase()): null

2020-03-13 14:36:30 - [TEST_STEP][PASSED] - AllNoOfUsers.add(getText().toLowerCase()): null

2020-03-13 14:36:30 - [TEST_STEP][PASSED] - AllNoOfUsers.add(getText().toLowerCase()): null

2020-03-13 14:36:30 - [TEST_STEP][PASSED] - AllNoOfUsers.add(getText().toLowerCase()): null

2020-03-13 14:36:30 - [TEST_STEP][PASSED] - AllNoOfUsers.add(getText().toLowerCase()): null

2020-03-13 14:36:30 - [TEST_STEP][PASSED] - AllNoOfUsers.add(getText().toLowerCase()): null

2020-03-13 14:36:30 - [TEST_STEP][PASSED] - AllNoOfUsers.add(getText().toLowerCase()): null

2020-03-13 14:36:30 - [TEST_STEP][PASSED] - AllNoOfUsers.add(getText().toLowerCase()): null

2020-03-13 14:36:30 - [TEST_STEP][PASSED] - AllNoOfUsers.add(getText().toLowerCase()): null

2020-03-13 14:36:30 - [TEST_STEP][PASSED] - click(findTestObject("ROLES/Roles_page/Pagination/front_navigation")): Object: 'Object Repository/ROLES/Roles_page/Pagination/front_navigation' is clicked on

2020-03-13 14:36:31 - [MESSAGE][PASSED] - Object: 'Object Repository/ROLES/Roles_page/Pagination/front_navigation' is clicked on

2020-03-13 14:36:31 - [TEST_STEP][PASSED] - NoOfUsers = findWebElements(findTestObject("ROLES/Roles_page/sorting/No.Users"), 2): null

2020-03-13 14:36:31 - [TEST_STEP][PASSED] - for (org.openqa.selenium.WebElement a : NoOfUsers): null

2020-03-13 14:36:31 - [TEST_STEP][PASSED] - AllNoOfUsers.add(getText().toLowerCase()): null

2020-03-13 14:36:31 - [TEST_STEP][PASSED] - AllNoOfUsers.add(getText().toLowerCase()): null

2020-03-13 14:36:31 - [TEST_STEP][PASSED] - AllNoOfUsers.add(getText().toLowerCase()): null

2020-03-13 14:36:31 - [TEST_STEP][PASSED] - AllNoOfUsers.add(getText().toLowerCase()): null

2020-03-13 14:36:32 - [TEST_STEP][PASSED] - AllNoOfUsers.add(getText().toLowerCase()): null

2020-03-13 14:36:32 - [TEST_STEP][PASSED] - AllNoOfUsers.add(getText().toLowerCase()): null

2020-03-13 14:36:32 - [TEST_STEP][PASSED] - AllNoOfUsers.add(getText().toLowerCase()): null

2020-03-13 14:36:32 - [TEST_STEP][PASSED] - AllNoOfUsers.add(getText().toLowerCase()): null

2020-03-13 14:36:32 - [TEST_STEP][PASSED] - AllNoOfUsers.add(getText().toLowerCase()): null

2020-03-13 14:36:32 - [TEST_STEP][PASSED] - AllNoOfUsers.add(getText().toLowerCase()): null

2020-03-13 14:36:32 - [TEST_STEP][PASSED] - click(findTestObject("ROLES/Roles_page/Pagination/front_navigation")): Object: 'Object Repository/ROLES/Roles_page/Pagination/front_navigation' is clicked on

2020-03-13 14:36:32 - [MESSAGE][PASSED] - Object: 'Object Repository/ROLES/Roles_page/Pagination/front_navigation' is clicked on

2020-03-13 14:36:32 - [TEST_STEP][PASSED] - NoOfUsers = findWebElements(findTestObject("ROLES/Roles_page/sorting/No.Users"), 2): null

2020-03-13 14:36:33 - [TEST_STEP][PASSED] - for (org.openqa.selenium.WebElement a : NoOfUsers): null

2020-03-13 14:36:33 - [TEST_STEP][PASSED] - AllNoOfUsers.add(getText().toLowerCase()): null

2020-03-13 14:36:33 - [TEST_STEP][PASSED] - AllNoOfUsers.add(getText().toLowerCase()): null

2020-03-13 14:36:33 - [TEST_STEP][PASSED] - AllNoOfUsers.add(getText().toLowerCase()): null

2020-03-13 14:36:33 - [TEST_STEP][PASSED] - AllNoOfUsers.add(getText().toLowerCase()): null

2020-03-13 14:36:33 - [TEST_STEP][PASSED] - AllNoOfUsers.add(getText().toLowerCase()): null

2020-03-13 14:36:33 - [TEST_STEP][PASSED] - AllNoOfUsers.add(getText().toLowerCase()): null

2020-03-13 14:36:33 - [TEST_STEP][PASSED] - AllNoOfUsers.add(getText().toLowerCase()): null

2020-03-13 14:36:33 - [TEST_STEP][PASSED] - AllNoOfUsers.add(getText().toLowerCase()): null

2020-03-13 14:36:33 - [TEST_STEP][PASSED] - AllNoOfUsers.add(getText().toLowerCase()): null

2020-03-13 14:36:33 - [TEST_STEP][PASSED] - AllNoOfUsers.add(getText().toLowerCase()): null

2020-03-13 14:36:33 - [TEST_STEP][PASSED] - click(findTestObject("ROLES/Roles_page/Pagination/front_navigation")): Object: 'Object Repository/ROLES/Roles_page/Pagination/front_navigation' is clicked on

2020-03-13 14:36:34 - [MESSAGE][PASSED] - Object: 'Object Repository/ROLES/Roles_page/Pagination/front_navigation' is clicked on

2020-03-13 14:36:34 - [TEST_STEP][PASSED] - NoOfUsers = findWebElements(findTestObject("ROLES/Roles_page/sorting/No.Users"), 2): null

2020-03-13 14:36:35 - [TEST_STEP][PASSED] - for (org.openqa.selenium.WebElement a : NoOfUsers): null

2020-03-13 14:36:35 - [TEST_STEP][PASSED] - AllNoOfUsers.add(getText().toLowerCase()): null

2020-03-13 14:36:35 - [TEST_STEP][PASSED] - AllNoOfUsers.add(getText().toLowerCase()): null

2020-03-13 14:36:35 - [TEST_STEP][PASSED] - AllNoOfUsers.add(getText().toLowerCase()): null

2020-03-13 14:36:35 - [TEST_STEP][PASSED] - AllNoOfUsers.add(getText().toLowerCase()): null

2020-03-13 14:36:35 - [TEST_STEP][PASSED] - AllNoOfUsers.add(getText().toLowerCase()): null

2020-03-13 14:36:35 - [TEST_STEP][PASSED] - AllNoOfUsers.add(getText().toLowerCase()): null

2020-03-13 14:36:35 - [TEST_STEP][PASSED] - AllNoOfUsers.add(getText().toLowerCase()): null

2020-03-13 14:36:35 - [TEST_STEP][PASSED] - AllNoOfUsers.add(getText().toLowerCase()): null

2020-03-13 14:36:35 - [TEST_STEP][PASSED] - AllNoOfUsers.add(getText().toLowerCase()): null

2020-03-13 14:36:35 - [TEST_STEP][PASSED] - AllNoOfUsers.add(getText().toLowerCase()): null

2020-03-13 14:36:35 - [TEST_STEP][PASSED] - click(findTestObject("ROLES/Roles_page/Pagination/front_navigation")): Object: 'Object Repository/ROLES/Roles_page/Pagination/front_navigation' is clicked on

2020-03-13 14:36:36 - [MESSAGE][PASSED] - Object: 'Object Repository/ROLES/Roles_page/Pagination/front_navigation' is clicked on

2020-03-13 14:36:36 - [TEST_STEP][PASSED] - NoOfUsers = findWebElements(findTestObject("ROLES/Roles_page/sorting/No.Users"), 2): null

2020-03-13 14:36:36 - [TEST_STEP][PASSED] - for (org.openqa.selenium.WebElement a : NoOfUsers): null

2020-03-13 14:36:36 - [TEST_STEP][PASSED] - AllNoOfUsers.add(getText().toLowerCase()): null

2020-03-13 14:36:37 - [TEST_STEP][PASSED] - AllNoOfUsers.add(getText().toLowerCase()): null

2020-03-13 14:36:37 - [TEST_STEP][PASSED] - AllNoOfUsers.add(getText().toLowerCase()): null

2020-03-13 14:36:37 - [TEST_STEP][PASSED] - AllNoOfUsers.add(getText().toLowerCase()): null

2020-03-13 14:36:37 - [TEST_STEP][PASSED] - AllNoOfUsers.add(getText().toLowerCase()): null

2020-03-13 14:36:37 - [TEST_STEP][PASSED] - AllNoOfUsers.add(getText().toLowerCase()): null

2020-03-13 14:36:37 - [TEST_STEP][PASSED] - AllNoOfUsers.add(getText().toLowerCase()): null

2020-03-13 14:36:37 - [TEST_STEP][PASSED] - AllNoOfUsers.add(getText().toLowerCase()): null

2020-03-13 14:36:37 - [TEST_STEP][PASSED] - AllNoOfUsers.add(getText().toLowerCase()): null

2020-03-13 14:36:37 - [TEST_STEP][PASSED] - AllNoOfUsers.add(getText().toLowerCase()): null

2020-03-13 14:36:37 - [TEST_STEP][PASSED] - click(findTestObject("ROLES/Roles_page/Pagination/front_navigation")): Object: 'Object Repository/ROLES/Roles_page/Pagination/front_navigation' is clicked on

2020-03-13 14:36:37 - [MESSAGE][PASSED] - Object: 'Object Repository/ROLES/Roles_page/Pagination/front_navigation' is clicked on

2020-03-13 14:36:37 - [TEST_STEP][PASSED] - NoOfUsers = findWebElements(findTestObject("ROLES/Roles_page/sorting/No.Users"), 2): null

2020-03-13 14:36:38 - [TEST_STEP][PASSED] - for (org.openqa.selenium.WebElement a : NoOfUsers): null

2020-03-13 14:36:38 - [TEST_STEP][PASSED] - AllNoOfUsers.add(getText().toLowerCase()): null

2020-03-13 14:36:38 - [TEST_STEP][PASSED] - AllNoOfUsers.add(getText().toLowerCase()): null

2020-03-13 14:36:38 - [TEST_STEP][PASSED] - AllNoOfUsers.add(getText().toLowerCase()): null

2020-03-13 14:36:38 - [TEST_STEP][PASSED] - AllNoOfUsers.add(getText().toLowerCase()): null

2020-03-13 14:36:38 - [TEST_STEP][PASSED] - AllNoOfUsers.add(getText().toLowerCase()): null

2020-03-13 14:36:38 - [TEST_STEP][PASSED] - AllNoOfUsers.add(getText().toLowerCase()): null

2020-03-13 14:36:38 - [TEST_STEP][PASSED] - AllNoOfUsers.add(getText().toLowerCase()): null

2020-03-13 14:36:38 - [TEST_STEP][PASSED] - AllNoOfUsers.add(getText().toLowerCase()): null

2020-03-13 14:36:38 - [TEST_STEP][PASSED] - AllNoOfUsers.add(getText().toLowerCase()): null

2020-03-13 14:36:38 - [TEST_STEP][PASSED] - AllNoOfUsers.add(getText().toLowerCase()): null

2020-03-13 14:36:38 - [TEST_STEP][PASSED] - click(findTestObject("ROLES/Roles_page/Pagination/front_navigation")): Object: 'Object Repository/ROLES/Roles_page/Pagination/front_navigation' is clicked on

2020-03-13 14:36:39 - [MESSAGE][PASSED] - Object: 'Object Repository/ROLES/Roles_page/Pagination/front_navigation' is clicked on

2020-03-13 14:36:39 - [TEST_STEP][PASSED] - NoOfUsers = findWebElements(findTestObject("ROLES/Roles_page/sorting/No.Users"), 2): null

2020-03-13 14:36:40 - [TEST_STEP][PASSED] - for (org.openqa.selenium.WebElement a : NoOfUsers): null

2020-03-13 14:36:40 - [TEST_STEP][PASSED] - AllNoOfUsers.add(getText().toLowerCase()): null

2020-03-13 14:36:40 - [TEST_STEP][PASSED] - AllNoOfUsers.add(getText().toLowerCase()): null

2020-03-13 14:36:40 - [TEST_STEP][PASSED] - AllNoOfUsers.add(getText().toLowerCase()): null

2020-03-13 14:36:40 - [TEST_STEP][PASSED] - AllNoOfUsers.add(getText().toLowerCase()): null

2020-03-13 14:36:40 - [TEST_STEP][PASSED] - AllNoOfUsers.add(getText().toLowerCase()): null

2020-03-13 14:36:40 - [TEST_STEP][PASSED] - AllNoOfUsers.add(getText().toLowerCase()): null

2020-03-13 14:36:40 - [TEST_STEP][PASSED] - AllNoOfUsers.add(getText().toLowerCase()): null

2020-03-13 14:36:40 - [TEST_STEP][PASSED] - AllNoOfUsers.add(getText().toLowerCase()): null

2020-03-13 14:36:40 - [TEST_STEP][PASSED] - AllNoOfUsers.add(getText().toLowerCase()): null

2020-03-13 14:36:40 - [TEST_STEP][PASSED] - AllNoOfUsers.add(getText().toLowerCase()): null

2020-03-13 14:36:40 - [TEST_STEP][PASSED] - click(findTestObject("ROLES/Roles_page/Pagination/front_navigation")): Object: 'Object Repository/ROLES/Roles_page/Pagination/front_navigation' is clicked on

2020-03-13 14:36:40 - [MESSAGE][PASSED] - Object: 'Object Repository/ROLES/Roles_page/Pagination/front_navigation' is clicked on

2020-03-13 14:36:40 - [TEST_STEP][PASSED] - NoOfUsers = findWebElements(findTestObject("ROLES/Roles_page/sorting/No.Users"), 2): null

2020-03-13 14:36:41 - [TEST_STEP][PASSED] - for (org.openqa.selenium.WebElement a : NoOfUsers): null

2020-03-13 14:36:41 - [TEST_STEP][PASSED] - AllNoOfUsers.add(getText().toLowerCase()): null

2020-03-13 14:36:41 - [TEST_STEP][PASSED] - AllNoOfUsers.add(getText().toLowerCase()): null

2020-03-13 14:36:41 - [TEST_STEP][PASSED] - AllNoOfUsers.add(getText().toLowerCase()): null

2020-03-13 14:36:41 - [TEST_STEP][PASSED] - AllNoOfUsers.add(getText().toLowerCase()): null

2020-03-13 14:36:41 - [TEST_STEP][PASSED] - AllNoOfUsers.add(getText().toLowerCase()): null

2020-03-13 14:36:41 - [TEST_STEP][PASSED] - AllNoOfUsers.add(getText().toLowerCase()): null

2020-03-13 14:36:41 - [TEST_STEP][PASSED] - AllNoOfUsers.add(getText().toLowerCase()): null

2020-03-13 14:36:41 - [TEST_STEP][PASSED] - AllNoOfUsers.add(getText().toLowerCase()): null

2020-03-13 14:36:42 - [TEST_STEP][PASSED] - AllNoOfUsers.add(getText().toLowerCase()): null

2020-03-13 14:36:42 - [TEST_STEP][PASSED] - AllNoOfUsers.add(getText().toLowerCase()): null

2020-03-13 14:36:42 - [TEST_STEP][PASSED] - click(findTestObject("ROLES/Roles_page/Pagination/front_navigation")): Object: 'Object Repository/ROLES/Roles_page/Pagination/front_navigation' is clicked on

2020-03-13 14:36:42 - [MESSAGE][PASSED] - Object: 'Object Repository/ROLES/Roles_page/Pagination/front_navigation' is clicked on

2020-03-13 14:36:42 - [TEST_STEP][PASSED] - NoOfUsers = findWebElements(findTestObject("ROLES/Roles_page/sorting/No.Users"), 2): null

2020-03-13 14:36:43 - [TEST_STEP][PASSED] - for (org.openqa.selenium.WebElement a : NoOfUsers): null

2020-03-13 14:36:43 - [TEST_STEP][PASSED] - AllNoOfUsers.add(getText().toLowerCase()): null

2020-03-13 14:36:43 - [TEST_STEP][PASSED] - AllNoOfUsers.add(getText().toLowerCase()): null

2020-03-13 14:36:43 - [TEST_STEP][PASSED] - AllNoOfUsers.add(getText().toLowerCase()): null

2020-03-13 14:36:43 - [TEST_STEP][PASSED] - AllNoOfUsers.add(getText().toLowerCase()): null

2020-03-13 14:36:43 - [TEST_STEP][PASSED] - AllNoOfUsers.add(getText().toLowerCase()): null

2020-03-13 14:36:43 - [TEST_STEP][PASSED] - AllNoOfUsers.add(getText().toLowerCase()): null

2020-03-13 14:36:43 - [TEST_STEP][PASSED] - AllNoOfUsers.add(getText().toLowerCase()): null

2020-03-13 14:36:43 - [TEST_STEP][PASSED] - AllNoOfUsers.add(getText().toLowerCase()): null

2020-03-13 14:36:43 - [TEST_STEP][PASSED] - AllNoOfUsers.add(getText().toLowerCase()): null

2020-03-13 14:36:43 - [TEST_STEP][PASSED] - AllNoOfUsers.add(getText().toLowerCase()): null

2020-03-13 14:36:43 - [TEST_STEP][PASSED] - click(findTestObject("ROLES/Roles_page/Pagination/front_navigation")): Object: 'Object Repository/ROLES/Roles_page/Pagination/front_navigation' is clicked on

2020-03-13 14:36:44 - [MESSAGE][PASSED] - Object: 'Object Repository/ROLES/Roles_page/Pagination/front_navigation' is clicked on

2020-03-13 14:36:44 - [TEST_STEP][PASSED] - NoOfUsers = findWebElements(findTestObject("ROLES/Roles_page/sorting/No.Users"), 2): null

2020-03-13 14:36:45 - [TEST_STEP][PASSED] - for (org.openqa.selenium.WebElement a : NoOfUsers): null

2020-03-13 14:36:45 - [TEST_STEP][PASSED] - AllNoOfUsers.add(getText().toLowerCase()): null

2020-03-13 14:36:45 - [TEST_STEP][PASSED] - AllNoOfUsers.add(getText().toLowerCase()): null

2020-03-13 14:36:45 - [TEST_STEP][PASSED] - AllNoOfUsers.add(getText().toLowerCase()): null

2020-03-13 14:36:45 - [TEST_STEP][PASSED] - AllNoOfUsers.add(getText().toLowerCase()): null

2020-03-13 14:36:45 - [TEST_STEP][PASSED] - AllNoOfUsers.add(getText().toLowerCase()): null

2020-03-13 14:36:45 - [TEST_STEP][PASSED] - AllNoOfUsers.add(getText().toLowerCase()): null

2020-03-13 14:36:46 - [TEST_STEP][PASSED] - AllNoOfUsers.add(getText().toLowerCase()): null

2020-03-13 14:36:46 - [TEST_STEP][PASSED] - AllNoOfUsers.add(getText().toLowerCase()): null

2020-03-13 14:36:46 - [TEST_STEP][PASSED] - AllNoOfUsers.add(getText().toLowerCase()): null

2020-03-13 14:36:46 - [TEST_STEP][PASSED] - AllNoOfUsers.add(getText().toLowerCase()): null

2020-03-13 14:36:46 - [TEST_STEP][PASSED] - click(findTestObject("ROLES/Roles_page/Pagination/front_navigation")): Object: 'Object Repository/ROLES/Roles_page/Pagination/front_navigation' is clicked on

2020-03-13 14:36:46 - [MESSAGE][PASSED] - Object: 'Object Repository/ROLES/Roles_page/Pagination/front_navigation' is clicked on

2020-03-13 14:36:46 - [TEST_STEP][PASSED] - NoOfUsers = findWebElements(findTestObject("ROLES/Roles_page/sorting/No.Users"), 2): null

2020-03-13 14:36:47 - [TEST_STEP][PASSED] - for (org.openqa.selenium.WebElement a : NoOfUsers): null

2020-03-13 14:36:47 - [TEST_STEP][PASSED] - AllNoOfUsers.add(getText().toLowerCase()): null

2020-03-13 14:36:47 - [TEST_STEP][PASSED] - AllNoOfUsers.add(getText().toLowerCase()): null

2020-03-13 14:36:47 - [TEST_STEP][PASSED] - AllNoOfUsers.add(getText().toLowerCase()): null

2020-03-13 14:36:47 - [TEST_STEP][PASSED] - AllNoOfUsers.add(getText().toLowerCase()): null

2020-03-13 14:36:47 - [TEST_STEP][PASSED] - AllNoOfUsers.add(getText().toLowerCase()): null

2020-03-13 14:36:47 - [TEST_STEP][PASSED] - AllNoOfUsers.add(getText().toLowerCase()): null

2020-03-13 14:36:47 - [TEST_STEP][PASSED] - AllNoOfUsers.add(getText().toLowerCase()): null

2020-03-13 14:36:47 - [TEST_STEP][PASSED] - AllNoOfUsers.add(getText().toLowerCase()): null

2020-03-13 14:36:47 - [TEST_STEP][PASSED] - AllNoOfUsers.add(getText().toLowerCase()): null

2020-03-13 14:36:47 - [TEST_STEP][PASSED] - AllNoOfUsers.add(getText().toLowerCase()): null

2020-03-13 14:36:47 - [TEST_STEP][PASSED] - click(findTestObject("ROLES/Roles_page/Pagination/front_navigation")): Object: 'Object Repository/ROLES/Roles_page/Pagination/front_navigation' is clicked on

2020-03-13 14:36:48 - [MESSAGE][PASSED] - Object: 'Object Repository/ROLES/Roles_page/Pagination/front_navigation' is clicked on

2020-03-13 14:36:48 - [TEST_STEP][PASSED] - NoOfUsers = findWebElements(findTestObject("ROLES/Roles_page/sorting/No.Users"), 2): null

2020-03-13 14:36:49 - [TEST_STEP][PASSED] - for (org.openqa.selenium.WebElement a : NoOfUsers): null

2020-03-13 14:36:49 - [TEST_STEP][PASSED] - AllNoOfUsers.add(getText().toLowerCase()): null

2020-03-13 14:36:49 - [TEST_STEP][PASSED] - AllNoOfUsers.add(getText().toLowerCase()): null

2020-03-13 14:36:49 - [TEST_STEP][PASSED] - AllNoOfUsers.add(getText().toLowerCase()): null

2020-03-13 14:36:49 - [TEST_STEP][PASSED] - AllNoOfUsers.add(getText().toLowerCase()): null

2020-03-13 14:36:49 - [TEST_STEP][PASSED] - AllNoOfUsers.add(getText().toLowerCase()): null

2020-03-13 14:36:49 - [TEST_STEP][PASSED] - AllNoOfUsers.add(getText().toLowerCase()): null

2020-03-13 14:36:49 - [TEST_STEP][PASSED] - AllNoOfUsers.add(getText().toLowerCase()): null

2020-03-13 14:36:49 - [TEST_STEP][PASSED] - AllNoOfUsers.add(getText().toLowerCase()): null

2020-03-13 14:36:49 - [TEST_STEP][PASSED] - AllNoOfUsers.add(getText().toLowerCase()): null

2020-03-13 14:36:49 - [TEST_STEP][PASSED] - AllNoOfUsers.add(getText().toLowerCase()): null

2020-03-13 14:36:49 - [TEST_STEP][PASSED] - click(findTestObject("ROLES/Roles_page/Pagination/front_navigation")): Object: 'Object Repository/ROLES/Roles_page/Pagination/front_navigation' is clicked on

2020-03-13 14:36:49 - [MESSAGE][PASSED] - Object: 'Object Repository/ROLES/Roles_page/Pagination/front_navigation' is clicked on

2020-03-13 14:36:49 - [TEST_STEP][PASSED] - NoOfUsers = findWebElements(findTestObject("ROLES/Roles_page/sorting/No.Users"), 2): null

2020-03-13 14:36:50 - [TEST_STEP][PASSED] - for (org.openqa.selenium.WebElement a : NoOfUsers): null

2020-03-13 14:36:50 - [TEST_STEP][PASSED] - AllNoOfUsers.add(getText().toLowerCase()): null

2020-03-13 14:36:50 - [TEST_STEP][PASSED] - AllNoOfUsers.add(getText().toLowerCase()): null

2020-03-13 14:36:50 - [TEST_STEP][PASSED] - AllNoOfUsers.add(getText().toLowerCase()): null

2020-03-13 14:36:50 - [TEST_STEP][PASSED] - AllNoOfUsers.add(getText().toLowerCase()): null

2020-03-13 14:36:50 - [TEST_STEP][PASSED] - AllNoOfUsers.add(getText().toLowerCase()): null

2020-03-13 14:36:50 - [TEST_STEP][PASSED] - AllNoOfUsers.add(getText().toLowerCase()): null

2020-03-13 14:36:50 - [TEST_STEP][PASSED] - AllNoOfUsers.add(getText().toLowerCase()): null

2020-03-13 14:36:50 - [TEST_STEP][PASSED] - AllNoOfUsers.add(getText().toLowerCase()): null

2020-03-13 14:36:50 - [TEST_STEP][PASSED] - AllNoOfUsers.add(getText().toLowerCase()): null

2020-03-13 14:36:50 - [TEST_STEP][PASSED] - AllNoOfUsers.add(getText().toLowerCase()): null

2020-03-13 14:36:50 - [TEST_STEP][PASSED] - click(findTestObject("ROLES/Roles_page/Pagination/front_navigation")): Object: 'Object Repository/ROLES/Roles_page/Pagination/front_navigation' is clicked on

2020-03-13 14:36:51 - [MESSAGE][PASSED] - Object: 'Object Repository/ROLES/Roles_page/Pagination/front_navigation' is clicked on

2020-03-13 14:36:51 - [TEST_STEP][PASSED] - NoOfUsers = findWebElements(findTestObject("ROLES/Roles_page/sorting/No.Users"), 2): null

2020-03-13 14:36:52 - [TEST_STEP][PASSED] - for (org.openqa.selenium.WebElement a : NoOfUsers): null

2020-03-13 14:36:52 - [TEST_STEP][PASSED] - AllNoOfUsers.add(getText().toLowerCase()): null

2020-03-13 14:36:52 - [TEST_STEP][PASSED] - AllNoOfUsers.add(getText().toLowerCase()): null

2020-03-13 14:36:52 - [TEST_STEP][PASSED] - AllNoOfUsers.add(getText().toLowerCase()): null

2020-03-13 14:36:52 - [TEST_STEP][PASSED] - AllNoOfUsers.add(getText().toLowerCase()): null

2020-03-13 14:36:52 - [TEST_STEP][PASSED] - AllNoOfUsers.add(getText().toLowerCase()): null

2020-03-13 14:36:52 - [TEST_STEP][PASSED] - AllNoOfUsers.add(getText().toLowerCase()): null

2020-03-13 14:36:52 - [TEST_STEP][PASSED] - AllNoOfUsers.add(getText().toLowerCase()): null

2020-03-13 14:36:52 - [TEST_STEP][PASSED] - AllNoOfUsers.add(getText().toLowerCase()): null

2020-03-13 14:36:52 - [TEST_STEP][PASSED] - AllNoOfUsers.add(getText().toLowerCase()): null

2020-03-13 14:36:52 - [TEST_STEP][PASSED] - AllNoOfUsers.add(getText().toLowerCase()): null

2020-03-13 14:36:52 - [TEST_STEP][PASSED] - click(findTestObject("ROLES/Roles_page/Pagination/front_navigation")): Object: 'Object Repository/ROLES/Roles_page/Pagination/front_navigation' is clicked on

2020-03-13 14:36:52 - [MESSAGE][PASSED] - Object: 'Object Repository/ROLES/Roles_page/Pagination/front_navigation' is clicked on

2020-03-13 14:36:52 - [TEST_STEP][PASSED] - NoOfUsers = findWebElements(findTestObject("ROLES/Roles_page/sorting/No.Users"), 2): null

2020-03-13 14:36:53 - [TEST_STEP][PASSED] - for (org.openqa.selenium.WebElement a : NoOfUsers): null

2020-03-13 14:36:53 - [TEST_STEP][PASSED] - AllNoOfUsers.add(getText().toLowerCase()): null

2020-03-13 14:36:53 - [TEST_STEP][PASSED] - AllNoOfUsers.add(getText().toLowerCase()): null

2020-03-13 14:36:53 - [TEST_STEP][PASSED] - AllNoOfUsers.add(getText().toLowerCase()): null

2020-03-13 14:36:53 - [TEST_STEP][PASSED] - AllNoOfUsers.add(getText().toLowerCase()): null

2020-03-13 14:36:53 - [TEST_STEP][PASSED] - AllNoOfUsers.add(getText().toLowerCase()): null

2020-03-13 14:36:53 - [TEST_STEP][PASSED] - AllNoOfUsers.add(getText().toLowerCase()): null

2020-03-13 14:36:53 - [TEST_STEP][PASSED] - AllNoOfUsers.add(getText().toLowerCase()): null

2020-03-13 14:36:53 - [TEST_STEP][PASSED] - AllNoOfUsers.add(getText().toLowerCase()): null

2020-03-13 14:36:53 - [TEST_STEP][PASSED] - AllNoOfUsers.add(getText().toLowerCase()): null

2020-03-13 14:36:54 - [TEST_STEP][PASSED] - AllNoOfUsers.add(getText().toLowerCase()): null

2020-03-13 14:36:54 - [TEST_STEP][PASSED] - click(findTestObject("ROLES/Roles_page/Pagination/front_navigation")): Object: 'Object Repository/ROLES/Roles_page/Pagination/front_navigation' is clicked on

2020-03-13 14:36:54 - [MESSAGE][PASSED] - Object: 'Object Repository/ROLES/Roles_page/Pagination/front_navigation' is clicked on

2020-03-13 14:36:54 - [TEST_STEP][PASSED] - NoOfUsers = findWebElements(findTestObject("ROLES/Roles_page/sorting/No.Users"), 2): null

2020-03-13 14:36:55 - [TEST_STEP][PASSED] - for (org.openqa.selenium.WebElement a : NoOfUsers): null

2020-03-13 14:36:55 - [TEST_STEP][PASSED] - AllNoOfUsers.add(getText().toLowerCase()): null

2020-03-13 14:36:55 - [TEST_STEP][PASSED] - AllNoOfUsers.add(getText().toLowerCase()): null

2020-03-13 14:36:55 - [TEST_STEP][PASSED] - AllNoOfUsers.add(getText().toLowerCase()): null

2020-03-13 14:36:55 - [TEST_STEP][PASSED] - AllNoOfUsers.add(getText().toLowerCase()): null

2020-03-13 14:36:55 - [TEST_STEP][PASSED] - AllNoOfUsers.add(getText().toLowerCase()): null

2020-03-13 14:36:55 - [TEST_STEP][PASSED] - AllNoOfUsers.add(getText().toLowerCase()): null

2020-03-13 14:36:55 - [TEST_STEP][PASSED] - AllNoOfUsers.add(getText().toLowerCase()): null

2020-03-13 14:36:55 - [TEST_STEP][PASSED] - AllNoOfUsers.add(getText().toLowerCase()): null

2020-03-13 14:36:56 - [TEST_STEP][PASSED] - AllNoOfUsers.add(getText().toLowerCase()): null

2020-03-13 14:36:56 - [TEST_STEP][PASSED] - AllNoOfUsers.add(getText().toLowerCase()): null

2020-03-13 14:36:56 - [TEST_STEP][PASSED] - click(findTestObject("ROLES/Roles_page/Pagination/front_navigation")): Object: 'Object Repository/ROLES/Roles_page/Pagination/front_navigation' is clicked on

2020-03-13 14:36:56 - [MESSAGE][PASSED] - Object: 'Object Repository/ROLES/Roles_page/Pagination/front_navigation' is clicked on

2020-03-13 14:36:56 - [TEST_STEP][PASSED] - NoOfUsers = findWebElements(findTestObject("ROLES/Roles_page/sorting/No.Users"), 2): null

2020-03-13 14:36:57 - [TEST_STEP][PASSED] - for (org.openqa.selenium.WebElement a : NoOfUsers): null

2020-03-13 14:36:57 - [TEST_STEP][PASSED] - AllNoOfUsers.add(getText().toLowerCase()): null

2020-03-13 14:36:57 - [TEST_STEP][PASSED] - AllNoOfUsers.add(getText().toLowerCase()): null

2020-03-13 14:36:57 - [TEST_STEP][PASSED] - AllNoOfUsers.add(getText().toLowerCase()): null

2020-03-13 14:36:57 - [TEST_STEP][PASSED] - AllNoOfUsers.add(getText().toLowerCase()): null

2020-03-13 14:36:57 - [TEST_STEP][PASSED] - click(findTestObject("ROLES/Roles_page/Pagination/front_navigation")): Object: 'Object Repository/ROLES/Roles_page/Pagination/front_navigation' is clicked on

2020-03-13 14:37:00 - [MESSAGE][PASSED] - Object: 'Object Repository/ROLES/Roles_page/Pagination/front_navigation' is clicked on

2020-03-13 14:37:00 - [TEST_STEP][PASSED] - if (j == 1): null

2020-03-13 14:37:00 - [TEST_STEP][PASSED] - if (j == 2): Actual object 'true' and expected object 'true' are equal

2020-03-13 14:37:00 - [TEST_STEP][PASSED] - isSorted = web.CustomKeyword.checkListAscendingOrder(AllNoOfUsers): web.CustomKeyword.checkListAscendingOrder is PASSED

2020-03-13 14:37:00 - [MESSAGE][PASSED] - web.CustomKeyword.checkListAscendingOrder is PASSED

2020-03-13 14:37:00 - [TEST_STEP][PASSED] - println(AllNoOfUsers.size()): null

2020-03-13 14:37:00 - [TEST_STEP][PASSED] - println(AllNoOfUsers): null

2020-03-13 14:37:00 - [TEST_STEP][PASSED] - verifyEqual(isSorted, true): Actual object 'true' and expected object 'true' are equal

2020-03-13 14:37:00 - [MESSAGE][PASSED] - Actual object 'true' and expected object 'true' are equal

2020-03-13 14:37:00 - [TEST_STEP][PASSED] - clearText(findTestObject("Object Repository/ROLES/Roles_page/Pagination/input_Page_form-control")): Text of object 'Object Repository/ROLES/Roles_page/Pagination/input_Page_form-control' is cleared

2020-03-13 14:37:00 - [MESSAGE][PASSED] - Text of object 'Object Repository/ROLES/Roles_page/Pagination/input_Page_form-control' is cleared

2020-03-13 14:37:00 - [TEST_STEP][PASSED] - setText(findTestObject("Object Repository/ROLES/Roles_page/Pagination/input_Page_form-control"), BACK_SPACE + BACK_SPACE + "1" + ENTER): Text 'BACK_SPACE + BACK_SPACE + ENTER + 1' is set on object 'Object Repository/ROLES/Roles_page/Pagination/input_Page_form-control'

2020-03-13 14:37:00 - [MESSAGE][PASSED] - Text 'BACK_SPACE + BACK_SPACE + ENTER + 1' is set on object 'Object Repository/ROLES/Roles_page/Pagination/input_Page_form-control'

2020-03-13 14:37:00 - [TEST_STEP][PASSED] - Start listener action : sampleAfterTestCase: null

2020-03-13 14:37:00 - [TEST_STEP][PASSED] - println(testCaseContext.getTestCaseId()): null

2020-03-13 14:37:00 - [TEST_STEP][PASSED] - println(testCaseContext.getTestCaseStatus()): null

2020-03-13 14:37:00 - [TEST_STEP][PASSED] - println("On Failure Method is Calling : " + testCaseContext.getTestCaseStatus()): null

2020-03-13 14:37:00 - [TEST_STEP][PASSED] - if (!(getTestCaseStatus().equalsIgnoreCase("PASSED"))): null]]></system-out>
         <system-err><![CDATA[]]></system-err>
      </testcase>
      <testcase name="Test Cases/Atlas Platform/Configuration Management/Platform Management/ROLES/Role Listing Grid/RLG-010 Verify sorting by RoleName" time="143.83" classname="Test Cases/Atlas Platform/Configuration Management/Platform Management/ROLES/Role Listing Grid/RLG-010 Verify sorting by RoleName" status="PASSED">
         <system-out><![CDATA[2020-03-13 14:37:03 - [TEST_CASE][PASSED] - Test Cases/Atlas Platform/Configuration Management/Platform Management/ROLES/Role Listing Grid/RLG-010 Verify sorting by RoleName: Test Cases/Atlas Platform/Configuration Management/Platform Management/ROLES/Role Listing Grid/RLG-010 Verify sorting by RoleName

2020-03-13 14:37:03 - [TEST_STEP][NOT_RUN] - callTestCase(findTestCase("Atlas Platform/Platform Navigation/Login/Default Logins/Default_Login_as_Root Admin"), ["Email":findTestData("AMP_Y").getValue(1, 1), "Password":findTestData("AMP_Y").getValue(2, 1), "dashboard_exp_title":""], CONTINUE_ON_FAILURE): NOT_RUN: callTestCase(findTestCase("Atlas Platform/Platform Navigation/Login/Default Logins/Default_Login_as_Root Admin"), ["Email":findTestData("AMP_Y").getValue(1, 1), "Password":findTestData("AMP_Y").getValue(2, 1), "dashboard_exp_title":""], CONTINUE_ON_FAILURE)

2020-03-13 14:37:03 - [MESSAGE][NOT_RUN] - NOT_RUN: callTestCase(findTestCase("Atlas Platform/Platform Navigation/Login/Default Logins/Default_Login_as_Root Admin"), ["Email":findTestData("AMP_Y").getValue(1, 1), "Password":findTestData("AMP_Y").getValue(2, 1), "dashboard_exp_title":""], CONTINUE_ON_FAILURE)

2020-03-13 14:37:03 - [TEST_STEP][PASSED] - driver = getWebDriver(): null

2020-03-13 14:37:03 - [TEST_STEP][NOT_RUN] - click(findTestObject("ROLES/Role_Navigation/a_ADMIN")): NOT_RUN: click(findTestObject("ROLES/Role_Navigation/a_ADMIN"))

2020-03-13 14:37:03 - [MESSAGE][NOT_RUN] - NOT_RUN: click(findTestObject("ROLES/Role_Navigation/a_ADMIN"))

2020-03-13 14:37:03 - [TEST_STEP][PASSED] - noOfPages_text = getText(findTestObject("ROLES/Roles_page/Pagination/label_of 10")): Text of object 'Object Repository/ROLES/Roles_page/Pagination/label_of 10' is: 'of 18'

2020-03-13 14:37:03 - [MESSAGE][PASSED] - Text of object 'Object Repository/ROLES/Roles_page/Pagination/label_of 10' is: 'of 18'

2020-03-13 14:37:03 - [TEST_STEP][PASSED] - noOfPages = Integer.parseInt(noOfPages_text.substring(3)): null

2020-03-13 14:37:03 - [TEST_STEP][PASSED] - println(noOfPages): null

2020-03-13 14:37:03 - [TEST_STEP][PASSED] - for ([j = 1, j < 3, (j++)]): Actual object 'true' and expected object 'true' are equal

2020-03-13 14:37:03 - [TEST_STEP][PASSED] - click(findTestObject("ROLES/Roles_page/sorting/RoleName_header")): Object: 'Object Repository/ROLES/Roles_page/sorting/RoleName_header' is clicked on

2020-03-13 14:37:04 - [MESSAGE][PASSED] - Object: 'Object Repository/ROLES/Roles_page/sorting/RoleName_header' is clicked on

2020-03-13 14:37:04 - [TEST_STEP][PASSED] - RoleNames = <not implemented yet for class: org.codehaus.groovy.ast.expr.EmptyExpression>: null

2020-03-13 14:37:04 - [TEST_STEP][PASSED] - AllRoleNames = new java.util.ArrayList(): null

2020-03-13 14:37:04 - [TEST_STEP][PASSED] - for ([i = 1, i <= noOfPages, (i++)]): Object: 'Object Repository/ROLES/Roles_page/Pagination/front_navigation' is clicked on

2020-03-13 14:37:04 - [TEST_STEP][PASSED] - RoleNames = findWebElements(findTestObject("ROLES/Roles_page/Role Names"), 2): null

2020-03-13 14:37:05 - [TEST_STEP][PASSED] - for (org.openqa.selenium.WebElement a : RoleNames): null

2020-03-13 14:37:05 - [TEST_STEP][PASSED] - AllRoleNames.add(getText().toLowerCase()): null

2020-03-13 14:37:05 - [TEST_STEP][PASSED] - println(a.getText()): null

2020-03-13 14:37:05 - [TEST_STEP][PASSED] - AllRoleNames.add(getText().toLowerCase()): null

2020-03-13 14:37:05 - [TEST_STEP][PASSED] - println(a.getText()): null

2020-03-13 14:37:05 - [TEST_STEP][PASSED] - AllRoleNames.add(getText().toLowerCase()): null

2020-03-13 14:37:05 - [TEST_STEP][PASSED] - println(a.getText()): null

2020-03-13 14:37:05 - [TEST_STEP][PASSED] - AllRoleNames.add(getText().toLowerCase()): null

2020-03-13 14:37:05 - [TEST_STEP][PASSED] - println(a.getText()): null

2020-03-13 14:37:05 - [TEST_STEP][PASSED] - AllRoleNames.add(getText().toLowerCase()): null

2020-03-13 14:37:05 - [TEST_STEP][PASSED] - println(a.getText()): null

2020-03-13 14:37:05 - [TEST_STEP][PASSED] - AllRoleNames.add(getText().toLowerCase()): null

2020-03-13 14:37:05 - [TEST_STEP][PASSED] - println(a.getText()): null

2020-03-13 14:37:05 - [TEST_STEP][PASSED] - AllRoleNames.add(getText().toLowerCase()): null

2020-03-13 14:37:05 - [TEST_STEP][PASSED] - println(a.getText()): null

2020-03-13 14:37:05 - [TEST_STEP][PASSED] - AllRoleNames.add(getText().toLowerCase()): null

2020-03-13 14:37:05 - [TEST_STEP][PASSED] - println(a.getText()): null

2020-03-13 14:37:05 - [TEST_STEP][PASSED] - AllRoleNames.add(getText().toLowerCase()): null

2020-03-13 14:37:05 - [TEST_STEP][PASSED] - println(a.getText()): null

2020-03-13 14:37:05 - [TEST_STEP][PASSED] - AllRoleNames.add(getText().toLowerCase()): null

2020-03-13 14:37:05 - [TEST_STEP][PASSED] - println(a.getText()): null

2020-03-13 14:37:05 - [TEST_STEP][PASSED] - delay(2): Delayed 2 second(s)

2020-03-13 14:37:07 - [MESSAGE][PASSED] - Delayed 2 second(s)

2020-03-13 14:37:07 - [TEST_STEP][PASSED] - click(findTestObject("ROLES/Roles_page/Pagination/front_navigation")): Object: 'Object Repository/ROLES/Roles_page/Pagination/front_navigation' is clicked on

2020-03-13 14:37:08 - [MESSAGE][PASSED] - Object: 'Object Repository/ROLES/Roles_page/Pagination/front_navigation' is clicked on

2020-03-13 14:37:08 - [TEST_STEP][PASSED] - RoleNames = findWebElements(findTestObject("ROLES/Roles_page/Role Names"), 2): null

2020-03-13 14:37:09 - [TEST_STEP][PASSED] - for (org.openqa.selenium.WebElement a : RoleNames): null

2020-03-13 14:37:09 - [TEST_STEP][PASSED] - AllRoleNames.add(getText().toLowerCase()): null

2020-03-13 14:37:09 - [TEST_STEP][PASSED] - println(a.getText()): null

2020-03-13 14:37:09 - [TEST_STEP][PASSED] - AllRoleNames.add(getText().toLowerCase()): null

2020-03-13 14:37:09 - [TEST_STEP][PASSED] - println(a.getText()): null

2020-03-13 14:37:09 - [TEST_STEP][PASSED] - AllRoleNames.add(getText().toLowerCase()): null

2020-03-13 14:37:09 - [TEST_STEP][PASSED] - println(a.getText()): null

2020-03-13 14:37:09 - [TEST_STEP][PASSED] - AllRoleNames.add(getText().toLowerCase()): null

2020-03-13 14:37:09 - [TEST_STEP][PASSED] - println(a.getText()): null

2020-03-13 14:37:09 - [TEST_STEP][PASSED] - AllRoleNames.add(getText().toLowerCase()): null

2020-03-13 14:37:09 - [TEST_STEP][PASSED] - println(a.getText()): null

2020-03-13 14:37:09 - [TEST_STEP][PASSED] - AllRoleNames.add(getText().toLowerCase()): null

2020-03-13 14:37:09 - [TEST_STEP][PASSED] - println(a.getText()): null

2020-03-13 14:37:09 - [TEST_STEP][PASSED] - AllRoleNames.add(getText().toLowerCase()): null

2020-03-13 14:37:09 - [TEST_STEP][PASSED] - println(a.getText()): null

2020-03-13 14:37:09 - [TEST_STEP][PASSED] - AllRoleNames.add(getText().toLowerCase()): null

2020-03-13 14:37:09 - [TEST_STEP][PASSED] - println(a.getText()): null

2020-03-13 14:37:09 - [TEST_STEP][PASSED] - AllRoleNames.add(getText().toLowerCase()): null

2020-03-13 14:37:09 - [TEST_STEP][PASSED] - println(a.getText()): null

2020-03-13 14:37:09 - [TEST_STEP][PASSED] - AllRoleNames.add(getText().toLowerCase()): null

2020-03-13 14:37:09 - [TEST_STEP][PASSED] - println(a.getText()): null

2020-03-13 14:37:09 - [TEST_STEP][PASSED] - delay(2): Delayed 2 second(s)

2020-03-13 14:37:11 - [MESSAGE][PASSED] - Delayed 2 second(s)

2020-03-13 14:37:11 - [TEST_STEP][PASSED] - click(findTestObject("ROLES/Roles_page/Pagination/front_navigation")): Object: 'Object Repository/ROLES/Roles_page/Pagination/front_navigation' is clicked on

2020-03-13 14:37:11 - [MESSAGE][PASSED] - Object: 'Object Repository/ROLES/Roles_page/Pagination/front_navigation' is clicked on

2020-03-13 14:37:11 - [TEST_STEP][PASSED] - RoleNames = findWebElements(findTestObject("ROLES/Roles_page/Role Names"), 2): null

2020-03-13 14:37:12 - [TEST_STEP][PASSED] - for (org.openqa.selenium.WebElement a : RoleNames): null

2020-03-13 14:37:12 - [TEST_STEP][PASSED] - AllRoleNames.add(getText().toLowerCase()): null

2020-03-13 14:37:12 - [TEST_STEP][PASSED] - println(a.getText()): null

2020-03-13 14:37:12 - [TEST_STEP][PASSED] - AllRoleNames.add(getText().toLowerCase()): null

2020-03-13 14:37:12 - [TEST_STEP][PASSED] - println(a.getText()): null

2020-03-13 14:37:12 - [TEST_STEP][PASSED] - AllRoleNames.add(getText().toLowerCase()): null

2020-03-13 14:37:12 - [TEST_STEP][PASSED] - println(a.getText()): null

2020-03-13 14:37:12 - [TEST_STEP][PASSED] - AllRoleNames.add(getText().toLowerCase()): null

2020-03-13 14:37:12 - [TEST_STEP][PASSED] - println(a.getText()): null

2020-03-13 14:37:12 - [TEST_STEP][PASSED] - AllRoleNames.add(getText().toLowerCase()): null

2020-03-13 14:37:12 - [TEST_STEP][PASSED] - println(a.getText()): null

2020-03-13 14:37:12 - [TEST_STEP][PASSED] - AllRoleNames.add(getText().toLowerCase()): null

2020-03-13 14:37:12 - [TEST_STEP][PASSED] - println(a.getText()): null

2020-03-13 14:37:12 - [TEST_STEP][PASSED] - AllRoleNames.add(getText().toLowerCase()): null

2020-03-13 14:37:13 - [TEST_STEP][PASSED] - println(a.getText()): null

2020-03-13 14:37:13 - [TEST_STEP][PASSED] - AllRoleNames.add(getText().toLowerCase()): null

2020-03-13 14:37:13 - [TEST_STEP][PASSED] - println(a.getText()): null

2020-03-13 14:37:13 - [TEST_STEP][PASSED] - AllRoleNames.add(getText().toLowerCase()): null

2020-03-13 14:37:13 - [TEST_STEP][PASSED] - println(a.getText()): null

2020-03-13 14:37:13 - [TEST_STEP][PASSED] - AllRoleNames.add(getText().toLowerCase()): null

2020-03-13 14:37:13 - [TEST_STEP][PASSED] - println(a.getText()): null

2020-03-13 14:37:13 - [TEST_STEP][PASSED] - delay(2): Delayed 2 second(s)

2020-03-13 14:37:15 - [MESSAGE][PASSED] - Delayed 2 second(s)

2020-03-13 14:37:15 - [TEST_STEP][PASSED] - click(findTestObject("ROLES/Roles_page/Pagination/front_navigation")): Object: 'Object Repository/ROLES/Roles_page/Pagination/front_navigation' is clicked on

2020-03-13 14:37:15 - [MESSAGE][PASSED] - Object: 'Object Repository/ROLES/Roles_page/Pagination/front_navigation' is clicked on

2020-03-13 14:37:15 - [TEST_STEP][PASSED] - RoleNames = findWebElements(findTestObject("ROLES/Roles_page/Role Names"), 2): null

2020-03-13 14:37:16 - [TEST_STEP][PASSED] - for (org.openqa.selenium.WebElement a : RoleNames): null

2020-03-13 14:37:16 - [TEST_STEP][PASSED] - AllRoleNames.add(getText().toLowerCase()): null

2020-03-13 14:37:16 - [TEST_STEP][PASSED] - println(a.getText()): null

2020-03-13 14:37:16 - [TEST_STEP][PASSED] - AllRoleNames.add(getText().toLowerCase()): null

2020-03-13 14:37:16 - [TEST_STEP][PASSED] - println(a.getText()): null

2020-03-13 14:37:16 - [TEST_STEP][PASSED] - AllRoleNames.add(getText().toLowerCase()): null

2020-03-13 14:37:16 - [TEST_STEP][PASSED] - println(a.getText()): null

2020-03-13 14:37:16 - [TEST_STEP][PASSED] - AllRoleNames.add(getText().toLowerCase()): null

2020-03-13 14:37:16 - [TEST_STEP][PASSED] - println(a.getText()): null

2020-03-13 14:37:17 - [TEST_STEP][PASSED] - AllRoleNames.add(getText().toLowerCase()): null

2020-03-13 14:37:17 - [TEST_STEP][PASSED] - println(a.getText()): null

2020-03-13 14:37:17 - [TEST_STEP][PASSED] - AllRoleNames.add(getText().toLowerCase()): null

2020-03-13 14:37:17 - [TEST_STEP][PASSED] - println(a.getText()): null

2020-03-13 14:37:17 - [TEST_STEP][PASSED] - AllRoleNames.add(getText().toLowerCase()): null

2020-03-13 14:37:17 - [TEST_STEP][PASSED] - println(a.getText()): null

2020-03-13 14:37:17 - [TEST_STEP][PASSED] - AllRoleNames.add(getText().toLowerCase()): null

2020-03-13 14:37:17 - [TEST_STEP][PASSED] - println(a.getText()): null

2020-03-13 14:37:17 - [TEST_STEP][PASSED] - AllRoleNames.add(getText().toLowerCase()): null

2020-03-13 14:37:17 - [TEST_STEP][PASSED] - println(a.getText()): null

2020-03-13 14:37:17 - [TEST_STEP][PASSED] - AllRoleNames.add(getText().toLowerCase()): null

2020-03-13 14:37:17 - [TEST_STEP][PASSED] - println(a.getText()): null

2020-03-13 14:37:17 - [TEST_STEP][PASSED] - delay(2): Delayed 2 second(s)

2020-03-13 14:37:19 - [MESSAGE][PASSED] - Delayed 2 second(s)

2020-03-13 14:37:19 - [TEST_STEP][PASSED] - click(findTestObject("ROLES/Roles_page/Pagination/front_navigation")): Object: 'Object Repository/ROLES/Roles_page/Pagination/front_navigation' is clicked on

2020-03-13 14:37:19 - [MESSAGE][PASSED] - Object: 'Object Repository/ROLES/Roles_page/Pagination/front_navigation' is clicked on

2020-03-13 14:37:19 - [TEST_STEP][PASSED] - RoleNames = findWebElements(findTestObject("ROLES/Roles_page/Role Names"), 2): null

2020-03-13 14:37:20 - [TEST_STEP][PASSED] - for (org.openqa.selenium.WebElement a : RoleNames): null

2020-03-13 14:37:20 - [TEST_STEP][PASSED] - AllRoleNames.add(getText().toLowerCase()): null

2020-03-13 14:37:20 - [TEST_STEP][PASSED] - println(a.getText()): null

2020-03-13 14:37:20 - [TEST_STEP][PASSED] - AllRoleNames.add(getText().toLowerCase()): null

2020-03-13 14:37:20 - [TEST_STEP][PASSED] - println(a.getText()): null

2020-03-13 14:37:20 - [TEST_STEP][PASSED] - AllRoleNames.add(getText().toLowerCase()): null

2020-03-13 14:37:20 - [TEST_STEP][PASSED] - println(a.getText()): null

2020-03-13 14:37:20 - [TEST_STEP][PASSED] - AllRoleNames.add(getText().toLowerCase()): null

2020-03-13 14:37:20 - [TEST_STEP][PASSED] - println(a.getText()): null

2020-03-13 14:37:20 - [TEST_STEP][PASSED] - AllRoleNames.add(getText().toLowerCase()): null

2020-03-13 14:37:20 - [TEST_STEP][PASSED] - println(a.getText()): null

2020-03-13 14:37:20 - [TEST_STEP][PASSED] - AllRoleNames.add(getText().toLowerCase()): null

2020-03-13 14:37:20 - [TEST_STEP][PASSED] - println(a.getText()): null

2020-03-13 14:37:20 - [TEST_STEP][PASSED] - AllRoleNames.add(getText().toLowerCase()): null

2020-03-13 14:37:20 - [TEST_STEP][PASSED] - println(a.getText()): null

2020-03-13 14:37:20 - [TEST_STEP][PASSED] - AllRoleNames.add(getText().toLowerCase()): null

2020-03-13 14:37:20 - [TEST_STEP][PASSED] - println(a.getText()): null

2020-03-13 14:37:20 - [TEST_STEP][PASSED] - AllRoleNames.add(getText().toLowerCase()): null

2020-03-13 14:37:20 - [TEST_STEP][PASSED] - println(a.getText()): null

2020-03-13 14:37:20 - [TEST_STEP][PASSED] - AllRoleNames.add(getText().toLowerCase()): null

2020-03-13 14:37:20 - [TEST_STEP][PASSED] - println(a.getText()): null

2020-03-13 14:37:20 - [TEST_STEP][PASSED] - delay(2): Delayed 2 second(s)

2020-03-13 14:37:22 - [MESSAGE][PASSED] - Delayed 2 second(s)

2020-03-13 14:37:22 - [TEST_STEP][PASSED] - click(findTestObject("ROLES/Roles_page/Pagination/front_navigation")): Object: 'Object Repository/ROLES/Roles_page/Pagination/front_navigation' is clicked on

2020-03-13 14:37:23 - [MESSAGE][PASSED] - Object: 'Object Repository/ROLES/Roles_page/Pagination/front_navigation' is clicked on

2020-03-13 14:37:23 - [TEST_STEP][PASSED] - RoleNames = findWebElements(findTestObject("ROLES/Roles_page/Role Names"), 2): null

2020-03-13 14:37:24 - [TEST_STEP][PASSED] - for (org.openqa.selenium.WebElement a : RoleNames): null

2020-03-13 14:37:24 - [TEST_STEP][PASSED] - AllRoleNames.add(getText().toLowerCase()): null

2020-03-13 14:37:24 - [TEST_STEP][PASSED] - println(a.getText()): null

2020-03-13 14:37:24 - [TEST_STEP][PASSED] - AllRoleNames.add(getText().toLowerCase()): null

2020-03-13 14:37:24 - [TEST_STEP][PASSED] - println(a.getText()): null

2020-03-13 14:37:24 - [TEST_STEP][PASSED] - AllRoleNames.add(getText().toLowerCase()): null

2020-03-13 14:37:24 - [TEST_STEP][PASSED] - println(a.getText()): null

2020-03-13 14:37:24 - [TEST_STEP][PASSED] - AllRoleNames.add(getText().toLowerCase()): null

2020-03-13 14:37:24 - [TEST_STEP][PASSED] - println(a.getText()): null

2020-03-13 14:37:24 - [TEST_STEP][PASSED] - AllRoleNames.add(getText().toLowerCase()): null

2020-03-13 14:37:24 - [TEST_STEP][PASSED] - println(a.getText()): null

2020-03-13 14:37:24 - [TEST_STEP][PASSED] - AllRoleNames.add(getText().toLowerCase()): null

2020-03-13 14:37:24 - [TEST_STEP][PASSED] - println(a.getText()): null

2020-03-13 14:37:24 - [TEST_STEP][PASSED] - AllRoleNames.add(getText().toLowerCase()): null

2020-03-13 14:37:24 - [TEST_STEP][PASSED] - println(a.getText()): null

2020-03-13 14:37:24 - [TEST_STEP][PASSED] - AllRoleNames.add(getText().toLowerCase()): null

2020-03-13 14:37:24 - [TEST_STEP][PASSED] - println(a.getText()): null

2020-03-13 14:37:24 - [TEST_STEP][PASSED] - AllRoleNames.add(getText().toLowerCase()): null

2020-03-13 14:37:24 - [TEST_STEP][PASSED] - println(a.getText()): null

2020-03-13 14:37:25 - [TEST_STEP][PASSED] - AllRoleNames.add(getText().toLowerCase()): null

2020-03-13 14:37:25 - [TEST_STEP][PASSED] - println(a.getText()): null

2020-03-13 14:37:25 - [TEST_STEP][PASSED] - delay(2): Delayed 2 second(s)

2020-03-13 14:37:27 - [MESSAGE][PASSED] - Delayed 2 second(s)

2020-03-13 14:37:27 - [TEST_STEP][PASSED] - click(findTestObject("ROLES/Roles_page/Pagination/front_navigation")): Object: 'Object Repository/ROLES/Roles_page/Pagination/front_navigation' is clicked on

2020-03-13 14:37:27 - [MESSAGE][PASSED] - Object: 'Object Repository/ROLES/Roles_page/Pagination/front_navigation' is clicked on

2020-03-13 14:37:27 - [TEST_STEP][PASSED] - RoleNames = findWebElements(findTestObject("ROLES/Roles_page/Role Names"), 2): null

2020-03-13 14:37:28 - [TEST_STEP][PASSED] - for (org.openqa.selenium.WebElement a : RoleNames): null

2020-03-13 14:37:28 - [TEST_STEP][PASSED] - AllRoleNames.add(getText().toLowerCase()): null

2020-03-13 14:37:28 - [TEST_STEP][PASSED] - println(a.getText()): null

2020-03-13 14:37:28 - [TEST_STEP][PASSED] - AllRoleNames.add(getText().toLowerCase()): null

2020-03-13 14:37:28 - [TEST_STEP][PASSED] - println(a.getText()): null

2020-03-13 14:37:28 - [TEST_STEP][PASSED] - AllRoleNames.add(getText().toLowerCase()): null

2020-03-13 14:37:28 - [TEST_STEP][PASSED] - println(a.getText()): null

2020-03-13 14:37:28 - [TEST_STEP][PASSED] - AllRoleNames.add(getText().toLowerCase()): null

2020-03-13 14:37:28 - [TEST_STEP][PASSED] - println(a.getText()): null

2020-03-13 14:37:28 - [TEST_STEP][PASSED] - AllRoleNames.add(getText().toLowerCase()): null

2020-03-13 14:37:28 - [TEST_STEP][PASSED] - println(a.getText()): null

2020-03-13 14:37:28 - [TEST_STEP][PASSED] - AllRoleNames.add(getText().toLowerCase()): null

2020-03-13 14:37:28 - [TEST_STEP][PASSED] - println(a.getText()): null

2020-03-13 14:37:28 - [TEST_STEP][PASSED] - AllRoleNames.add(getText().toLowerCase()): null

2020-03-13 14:37:28 - [TEST_STEP][PASSED] - println(a.getText()): null

2020-03-13 14:37:28 - [TEST_STEP][PASSED] - AllRoleNames.add(getText().toLowerCase()): null

2020-03-13 14:37:28 - [TEST_STEP][PASSED] - println(a.getText()): null

2020-03-13 14:37:28 - [TEST_STEP][PASSED] - AllRoleNames.add(getText().toLowerCase()): null

2020-03-13 14:37:28 - [TEST_STEP][PASSED] - println(a.getText()): null

2020-03-13 14:37:28 - [TEST_STEP][PASSED] - AllRoleNames.add(getText().toLowerCase()): null

2020-03-13 14:37:28 - [TEST_STEP][PASSED] - println(a.getText()): null

2020-03-13 14:37:28 - [TEST_STEP][PASSED] - delay(2): Delayed 2 second(s)

2020-03-13 14:37:30 - [MESSAGE][PASSED] - Delayed 2 second(s)

2020-03-13 14:37:30 - [TEST_STEP][PASSED] - click(findTestObject("ROLES/Roles_page/Pagination/front_navigation")): Object: 'Object Repository/ROLES/Roles_page/Pagination/front_navigation' is clicked on

2020-03-13 14:37:31 - [MESSAGE][PASSED] - Object: 'Object Repository/ROLES/Roles_page/Pagination/front_navigation' is clicked on

2020-03-13 14:37:31 - [TEST_STEP][PASSED] - RoleNames = findWebElements(findTestObject("ROLES/Roles_page/Role Names"), 2): null

2020-03-13 14:37:31 - [TEST_STEP][PASSED] - for (org.openqa.selenium.WebElement a : RoleNames): null

2020-03-13 14:37:31 - [TEST_STEP][PASSED] - AllRoleNames.add(getText().toLowerCase()): null

2020-03-13 14:37:31 - [TEST_STEP][PASSED] - println(a.getText()): null

2020-03-13 14:37:32 - [TEST_STEP][PASSED] - AllRoleNames.add(getText().toLowerCase()): null

2020-03-13 14:37:32 - [TEST_STEP][PASSED] - println(a.getText()): null

2020-03-13 14:37:32 - [TEST_STEP][PASSED] - AllRoleNames.add(getText().toLowerCase()): null

2020-03-13 14:37:32 - [TEST_STEP][PASSED] - println(a.getText()): null

2020-03-13 14:37:32 - [TEST_STEP][PASSED] - AllRoleNames.add(getText().toLowerCase()): null

2020-03-13 14:37:32 - [TEST_STEP][PASSED] - println(a.getText()): null

2020-03-13 14:37:32 - [TEST_STEP][PASSED] - AllRoleNames.add(getText().toLowerCase()): null

2020-03-13 14:37:32 - [TEST_STEP][PASSED] - println(a.getText()): null

2020-03-13 14:37:32 - [TEST_STEP][PASSED] - AllRoleNames.add(getText().toLowerCase()): null

2020-03-13 14:37:32 - [TEST_STEP][PASSED] - println(a.getText()): null

2020-03-13 14:37:32 - [TEST_STEP][PASSED] - AllRoleNames.add(getText().toLowerCase()): null

2020-03-13 14:37:32 - [TEST_STEP][PASSED] - println(a.getText()): null

2020-03-13 14:37:32 - [TEST_STEP][PASSED] - AllRoleNames.add(getText().toLowerCase()): null

2020-03-13 14:37:32 - [TEST_STEP][PASSED] - println(a.getText()): null

2020-03-13 14:37:32 - [TEST_STEP][PASSED] - AllRoleNames.add(getText().toLowerCase()): null

2020-03-13 14:37:32 - [TEST_STEP][PASSED] - println(a.getText()): null

2020-03-13 14:37:32 - [TEST_STEP][PASSED] - AllRoleNames.add(getText().toLowerCase()): null

2020-03-13 14:37:32 - [TEST_STEP][PASSED] - println(a.getText()): null

2020-03-13 14:37:32 - [TEST_STEP][PASSED] - delay(2): Delayed 2 second(s)

2020-03-13 14:37:34 - [MESSAGE][PASSED] - Delayed 2 second(s)

2020-03-13 14:37:34 - [TEST_STEP][PASSED] - click(findTestObject("ROLES/Roles_page/Pagination/front_navigation")): Object: 'Object Repository/ROLES/Roles_page/Pagination/front_navigation' is clicked on

2020-03-13 14:37:35 - [MESSAGE][PASSED] - Object: 'Object Repository/ROLES/Roles_page/Pagination/front_navigation' is clicked on

2020-03-13 14:37:35 - [TEST_STEP][PASSED] - RoleNames = findWebElements(findTestObject("ROLES/Roles_page/Role Names"), 2): null

2020-03-13 14:37:36 - [TEST_STEP][PASSED] - for (org.openqa.selenium.WebElement a : RoleNames): null

2020-03-13 14:37:36 - [TEST_STEP][PASSED] - AllRoleNames.add(getText().toLowerCase()): null

2020-03-13 14:37:36 - [TEST_STEP][PASSED] - println(a.getText()): null

2020-03-13 14:37:36 - [TEST_STEP][PASSED] - AllRoleNames.add(getText().toLowerCase()): null

2020-03-13 14:37:36 - [TEST_STEP][PASSED] - println(a.getText()): null

2020-03-13 14:37:36 - [TEST_STEP][PASSED] - AllRoleNames.add(getText().toLowerCase()): null

2020-03-13 14:37:36 - [TEST_STEP][PASSED] - println(a.getText()): null

2020-03-13 14:37:36 - [TEST_STEP][PASSED] - AllRoleNames.add(getText().toLowerCase()): null

2020-03-13 14:37:36 - [TEST_STEP][PASSED] - println(a.getText()): null

2020-03-13 14:37:36 - [TEST_STEP][PASSED] - AllRoleNames.add(getText().toLowerCase()): null

2020-03-13 14:37:36 - [TEST_STEP][PASSED] - println(a.getText()): null

2020-03-13 14:37:36 - [TEST_STEP][PASSED] - AllRoleNames.add(getText().toLowerCase()): null

2020-03-13 14:37:36 - [TEST_STEP][PASSED] - println(a.getText()): null

2020-03-13 14:37:36 - [TEST_STEP][PASSED] - AllRoleNames.add(getText().toLowerCase()): null

2020-03-13 14:37:36 - [TEST_STEP][PASSED] - println(a.getText()): null

2020-03-13 14:37:36 - [TEST_STEP][PASSED] - AllRoleNames.add(getText().toLowerCase()): null

2020-03-13 14:37:36 - [TEST_STEP][PASSED] - println(a.getText()): null

2020-03-13 14:37:36 - [TEST_STEP][PASSED] - AllRoleNames.add(getText().toLowerCase()): null

2020-03-13 14:37:36 - [TEST_STEP][PASSED] - println(a.getText()): null

2020-03-13 14:37:36 - [TEST_STEP][PASSED] - AllRoleNames.add(getText().toLowerCase()): null

2020-03-13 14:37:36 - [TEST_STEP][PASSED] - println(a.getText()): null

2020-03-13 14:37:36 - [TEST_STEP][PASSED] - delay(2): Delayed 2 second(s)

2020-03-13 14:37:38 - [MESSAGE][PASSED] - Delayed 2 second(s)

2020-03-13 14:37:38 - [TEST_STEP][PASSED] - click(findTestObject("ROLES/Roles_page/Pagination/front_navigation")): Object: 'Object Repository/ROLES/Roles_page/Pagination/front_navigation' is clicked on

2020-03-13 14:37:39 - [MESSAGE][PASSED] - Object: 'Object Repository/ROLES/Roles_page/Pagination/front_navigation' is clicked on

2020-03-13 14:37:39 - [TEST_STEP][PASSED] - RoleNames = findWebElements(findTestObject("ROLES/Roles_page/Role Names"), 2): null

2020-03-13 14:37:39 - [TEST_STEP][PASSED] - for (org.openqa.selenium.WebElement a : RoleNames): null

2020-03-13 14:37:39 - [TEST_STEP][PASSED] - AllRoleNames.add(getText().toLowerCase()): null

2020-03-13 14:37:39 - [TEST_STEP][PASSED] - println(a.getText()): null

2020-03-13 14:37:40 - [TEST_STEP][PASSED] - AllRoleNames.add(getText().toLowerCase()): null

2020-03-13 14:37:40 - [TEST_STEP][PASSED] - println(a.getText()): null

2020-03-13 14:37:40 - [TEST_STEP][PASSED] - AllRoleNames.add(getText().toLowerCase()): null

2020-03-13 14:37:40 - [TEST_STEP][PASSED] - println(a.getText()): null

2020-03-13 14:37:40 - [TEST_STEP][PASSED] - AllRoleNames.add(getText().toLowerCase()): null

2020-03-13 14:37:40 - [TEST_STEP][PASSED] - println(a.getText()): null

2020-03-13 14:37:40 - [TEST_STEP][PASSED] - AllRoleNames.add(getText().toLowerCase()): null

2020-03-13 14:37:40 - [TEST_STEP][PASSED] - println(a.getText()): null

2020-03-13 14:37:40 - [TEST_STEP][PASSED] - AllRoleNames.add(getText().toLowerCase()): null

2020-03-13 14:37:40 - [TEST_STEP][PASSED] - println(a.getText()): null

2020-03-13 14:37:40 - [TEST_STEP][PASSED] - AllRoleNames.add(getText().toLowerCase()): null

2020-03-13 14:37:40 - [TEST_STEP][PASSED] - println(a.getText()): null

2020-03-13 14:37:40 - [TEST_STEP][PASSED] - AllRoleNames.add(getText().toLowerCase()): null

2020-03-13 14:37:40 - [TEST_STEP][PASSED] - println(a.getText()): null

2020-03-13 14:37:40 - [TEST_STEP][PASSED] - AllRoleNames.add(getText().toLowerCase()): null

2020-03-13 14:37:40 - [TEST_STEP][PASSED] - println(a.getText()): null

2020-03-13 14:37:40 - [TEST_STEP][PASSED] - AllRoleNames.add(getText().toLowerCase()): null

2020-03-13 14:37:40 - [TEST_STEP][PASSED] - println(a.getText()): null

2020-03-13 14:37:40 - [TEST_STEP][PASSED] - delay(2): Delayed 2 second(s)

2020-03-13 14:37:42 - [MESSAGE][PASSED] - Delayed 2 second(s)

2020-03-13 14:37:42 - [TEST_STEP][PASSED] - click(findTestObject("ROLES/Roles_page/Pagination/front_navigation")): Object: 'Object Repository/ROLES/Roles_page/Pagination/front_navigation' is clicked on

2020-03-13 14:37:42 - [MESSAGE][PASSED] - Object: 'Object Repository/ROLES/Roles_page/Pagination/front_navigation' is clicked on

2020-03-13 14:37:42 - [TEST_STEP][PASSED] - RoleNames = findWebElements(findTestObject("ROLES/Roles_page/Role Names"), 2): null

2020-03-13 14:37:43 - [TEST_STEP][PASSED] - for (org.openqa.selenium.WebElement a : RoleNames): null

2020-03-13 14:37:43 - [TEST_STEP][PASSED] - AllRoleNames.add(getText().toLowerCase()): null

2020-03-13 14:37:43 - [TEST_STEP][PASSED] - println(a.getText()): null

2020-03-13 14:37:43 - [TEST_STEP][PASSED] - AllRoleNames.add(getText().toLowerCase()): null

2020-03-13 14:37:43 - [TEST_STEP][PASSED] - println(a.getText()): null

2020-03-13 14:37:43 - [TEST_STEP][PASSED] - AllRoleNames.add(getText().toLowerCase()): null

2020-03-13 14:37:43 - [TEST_STEP][PASSED] - println(a.getText()): null

2020-03-13 14:37:43 - [TEST_STEP][PASSED] - AllRoleNames.add(getText().toLowerCase()): null

2020-03-13 14:37:43 - [TEST_STEP][PASSED] - println(a.getText()): null

2020-03-13 14:37:43 - [TEST_STEP][PASSED] - AllRoleNames.add(getText().toLowerCase()): null

2020-03-13 14:37:44 - [TEST_STEP][PASSED] - println(a.getText()): null

2020-03-13 14:37:44 - [TEST_STEP][PASSED] - AllRoleNames.add(getText().toLowerCase()): null

2020-03-13 14:37:44 - [TEST_STEP][PASSED] - println(a.getText()): null

2020-03-13 14:37:44 - [TEST_STEP][PASSED] - AllRoleNames.add(getText().toLowerCase()): null

2020-03-13 14:37:44 - [TEST_STEP][PASSED] - println(a.getText()): null

2020-03-13 14:37:44 - [TEST_STEP][PASSED] - AllRoleNames.add(getText().toLowerCase()): null

2020-03-13 14:37:44 - [TEST_STEP][PASSED] - println(a.getText()): null

2020-03-13 14:37:44 - [TEST_STEP][PASSED] - AllRoleNames.add(getText().toLowerCase()): null

2020-03-13 14:37:44 - [TEST_STEP][PASSED] - println(a.getText()): null

2020-03-13 14:37:44 - [TEST_STEP][PASSED] - AllRoleNames.add(getText().toLowerCase()): null

2020-03-13 14:37:44 - [TEST_STEP][PASSED] - println(a.getText()): null

2020-03-13 14:37:44 - [TEST_STEP][PASSED] - delay(2): Delayed 2 second(s)

2020-03-13 14:37:46 - [MESSAGE][PASSED] - Delayed 2 second(s)

2020-03-13 14:37:46 - [TEST_STEP][PASSED] - click(findTestObject("ROLES/Roles_page/Pagination/front_navigation")): Object: 'Object Repository/ROLES/Roles_page/Pagination/front_navigation' is clicked on

2020-03-13 14:37:46 - [MESSAGE][PASSED] - Object: 'Object Repository/ROLES/Roles_page/Pagination/front_navigation' is clicked on

2020-03-13 14:37:46 - [TEST_STEP][PASSED] - RoleNames = findWebElements(findTestObject("ROLES/Roles_page/Role Names"), 2): null

2020-03-13 14:37:47 - [TEST_STEP][PASSED] - for (org.openqa.selenium.WebElement a : RoleNames): null

2020-03-13 14:37:47 - [TEST_STEP][PASSED] - AllRoleNames.add(getText().toLowerCase()): null

2020-03-13 14:37:47 - [TEST_STEP][PASSED] - println(a.getText()): null

2020-03-13 14:37:47 - [TEST_STEP][PASSED] - AllRoleNames.add(getText().toLowerCase()): null

2020-03-13 14:37:47 - [TEST_STEP][PASSED] - println(a.getText()): null

2020-03-13 14:37:47 - [TEST_STEP][PASSED] - AllRoleNames.add(getText().toLowerCase()): null

2020-03-13 14:37:47 - [TEST_STEP][PASSED] - println(a.getText()): null

2020-03-13 14:37:47 - [TEST_STEP][PASSED] - AllRoleNames.add(getText().toLowerCase()): null

2020-03-13 14:37:47 - [TEST_STEP][PASSED] - println(a.getText()): null

2020-03-13 14:37:47 - [TEST_STEP][PASSED] - AllRoleNames.add(getText().toLowerCase()): null

2020-03-13 14:37:47 - [TEST_STEP][PASSED] - println(a.getText()): null

2020-03-13 14:37:47 - [TEST_STEP][PASSED] - AllRoleNames.add(getText().toLowerCase()): null

2020-03-13 14:37:47 - [TEST_STEP][PASSED] - println(a.getText()): null

2020-03-13 14:37:47 - [TEST_STEP][PASSED] - AllRoleNames.add(getText().toLowerCase()): null

2020-03-13 14:37:47 - [TEST_STEP][PASSED] - println(a.getText()): null

2020-03-13 14:37:47 - [TEST_STEP][PASSED] - AllRoleNames.add(getText().toLowerCase()): null

2020-03-13 14:37:47 - [TEST_STEP][PASSED] - println(a.getText()): null

2020-03-13 14:37:47 - [TEST_STEP][PASSED] - AllRoleNames.add(getText().toLowerCase()): null

2020-03-13 14:37:47 - [TEST_STEP][PASSED] - println(a.getText()): null

2020-03-13 14:37:47 - [TEST_STEP][PASSED] - AllRoleNames.add(getText().toLowerCase()): null

2020-03-13 14:37:47 - [TEST_STEP][PASSED] - println(a.getText()): null

2020-03-13 14:37:47 - [TEST_STEP][PASSED] - delay(2): Delayed 2 second(s)

2020-03-13 14:37:49 - [MESSAGE][PASSED] - Delayed 2 second(s)

2020-03-13 14:37:49 - [TEST_STEP][PASSED] - click(findTestObject("ROLES/Roles_page/Pagination/front_navigation")): Object: 'Object Repository/ROLES/Roles_page/Pagination/front_navigation' is clicked on

2020-03-13 14:37:50 - [MESSAGE][PASSED] - Object: 'Object Repository/ROLES/Roles_page/Pagination/front_navigation' is clicked on

2020-03-13 14:37:50 - [TEST_STEP][PASSED] - RoleNames = findWebElements(findTestObject("ROLES/Roles_page/Role Names"), 2): null

2020-03-13 14:37:51 - [TEST_STEP][PASSED] - for (org.openqa.selenium.WebElement a : RoleNames): null

2020-03-13 14:37:51 - [TEST_STEP][PASSED] - AllRoleNames.add(getText().toLowerCase()): null

2020-03-13 14:37:51 - [TEST_STEP][PASSED] - println(a.getText()): null

2020-03-13 14:37:51 - [TEST_STEP][PASSED] - AllRoleNames.add(getText().toLowerCase()): null

2020-03-13 14:37:51 - [TEST_STEP][PASSED] - println(a.getText()): null

2020-03-13 14:37:51 - [TEST_STEP][PASSED] - AllRoleNames.add(getText().toLowerCase()): null

2020-03-13 14:37:51 - [TEST_STEP][PASSED] - println(a.getText()): null

2020-03-13 14:37:51 - [TEST_STEP][PASSED] - AllRoleNames.add(getText().toLowerCase()): null

2020-03-13 14:37:51 - [TEST_STEP][PASSED] - println(a.getText()): null

2020-03-13 14:37:51 - [TEST_STEP][PASSED] - AllRoleNames.add(getText().toLowerCase()): null

2020-03-13 14:37:51 - [TEST_STEP][PASSED] - println(a.getText()): null

2020-03-13 14:37:51 - [TEST_STEP][PASSED] - AllRoleNames.add(getText().toLowerCase()): null

2020-03-13 14:37:51 - [TEST_STEP][PASSED] - println(a.getText()): null

2020-03-13 14:37:51 - [TEST_STEP][PASSED] - AllRoleNames.add(getText().toLowerCase()): null

2020-03-13 14:37:51 - [TEST_STEP][PASSED] - println(a.getText()): null

2020-03-13 14:37:51 - [TEST_STEP][PASSED] - AllRoleNames.add(getText().toLowerCase()): null

2020-03-13 14:37:51 - [TEST_STEP][PASSED] - println(a.getText()): null

2020-03-13 14:37:51 - [TEST_STEP][PASSED] - AllRoleNames.add(getText().toLowerCase()): null

2020-03-13 14:37:51 - [TEST_STEP][PASSED] - println(a.getText()): null

2020-03-13 14:37:51 - [TEST_STEP][PASSED] - AllRoleNames.add(getText().toLowerCase()): null

2020-03-13 14:37:51 - [TEST_STEP][PASSED] - println(a.getText()): null

2020-03-13 14:37:51 - [TEST_STEP][PASSED] - delay(2): Delayed 2 second(s)

2020-03-13 14:37:53 - [MESSAGE][PASSED] - Delayed 2 second(s)

2020-03-13 14:37:53 - [TEST_STEP][PASSED] - click(findTestObject("ROLES/Roles_page/Pagination/front_navigation")): Object: 'Object Repository/ROLES/Roles_page/Pagination/front_navigation' is clicked on

2020-03-13 14:37:53 - [MESSAGE][PASSED] - Object: 'Object Repository/ROLES/Roles_page/Pagination/front_navigation' is clicked on

2020-03-13 14:37:53 - [TEST_STEP][PASSED] - RoleNames = findWebElements(findTestObject("ROLES/Roles_page/Role Names"), 2): null

2020-03-13 14:37:54 - [TEST_STEP][PASSED] - for (org.openqa.selenium.WebElement a : RoleNames): null

2020-03-13 14:37:54 - [TEST_STEP][PASSED] - AllRoleNames.add(getText().toLowerCase()): null

2020-03-13 14:37:54 - [TEST_STEP][PASSED] - println(a.getText()): null

2020-03-13 14:37:54 - [TEST_STEP][PASSED] - AllRoleNames.add(getText().toLowerCase()): null

2020-03-13 14:37:54 - [TEST_STEP][PASSED] - println(a.getText()): null

2020-03-13 14:37:54 - [TEST_STEP][PASSED] - AllRoleNames.add(getText().toLowerCase()): null

2020-03-13 14:37:54 - [TEST_STEP][PASSED] - println(a.getText()): null

2020-03-13 14:37:54 - [TEST_STEP][PASSED] - AllRoleNames.add(getText().toLowerCase()): null

2020-03-13 14:37:54 - [TEST_STEP][PASSED] - println(a.getText()): null

2020-03-13 14:37:54 - [TEST_STEP][PASSED] - AllRoleNames.add(getText().toLowerCase()): null

2020-03-13 14:37:54 - [TEST_STEP][PASSED] - println(a.getText()): null

2020-03-13 14:37:54 - [TEST_STEP][PASSED] - AllRoleNames.add(getText().toLowerCase()): null

2020-03-13 14:37:55 - [TEST_STEP][PASSED] - println(a.getText()): null

2020-03-13 14:37:55 - [TEST_STEP][PASSED] - AllRoleNames.add(getText().toLowerCase()): null

2020-03-13 14:37:55 - [TEST_STEP][PASSED] - println(a.getText()): null

2020-03-13 14:37:55 - [TEST_STEP][PASSED] - AllRoleNames.add(getText().toLowerCase()): null

2020-03-13 14:37:55 - [TEST_STEP][PASSED] - println(a.getText()): null

2020-03-13 14:37:55 - [TEST_STEP][PASSED] - AllRoleNames.add(getText().toLowerCase()): null

2020-03-13 14:37:55 - [TEST_STEP][PASSED] - println(a.getText()): null

2020-03-13 14:37:55 - [TEST_STEP][PASSED] - AllRoleNames.add(getText().toLowerCase()): null

2020-03-13 14:37:55 - [TEST_STEP][PASSED] - println(a.getText()): null

2020-03-13 14:37:55 - [TEST_STEP][PASSED] - delay(2): Delayed 2 second(s)

2020-03-13 14:37:57 - [MESSAGE][PASSED] - Delayed 2 second(s)

2020-03-13 14:37:57 - [TEST_STEP][PASSED] - click(findTestObject("ROLES/Roles_page/Pagination/front_navigation")): Object: 'Object Repository/ROLES/Roles_page/Pagination/front_navigation' is clicked on

2020-03-13 14:37:57 - [MESSAGE][PASSED] - Object: 'Object Repository/ROLES/Roles_page/Pagination/front_navigation' is clicked on

2020-03-13 14:37:57 - [TEST_STEP][PASSED] - RoleNames = findWebElements(findTestObject("ROLES/Roles_page/Role Names"), 2): null

2020-03-13 14:37:58 - [TEST_STEP][PASSED] - for (org.openqa.selenium.WebElement a : RoleNames): null

2020-03-13 14:37:58 - [TEST_STEP][PASSED] - AllRoleNames.add(getText().toLowerCase()): null

2020-03-13 14:37:58 - [TEST_STEP][PASSED] - println(a.getText()): null

2020-03-13 14:37:58 - [TEST_STEP][PASSED] - AllRoleNames.add(getText().toLowerCase()): null

2020-03-13 14:37:58 - [TEST_STEP][PASSED] - println(a.getText()): null

2020-03-13 14:37:58 - [TEST_STEP][PASSED] - AllRoleNames.add(getText().toLowerCase()): null

2020-03-13 14:37:58 - [TEST_STEP][PASSED] - println(a.getText()): null

2020-03-13 14:37:58 - [TEST_STEP][PASSED] - AllRoleNames.add(getText().toLowerCase()): null

2020-03-13 14:37:58 - [TEST_STEP][PASSED] - println(a.getText()): null

2020-03-13 14:37:58 - [TEST_STEP][PASSED] - AllRoleNames.add(getText().toLowerCase()): null

2020-03-13 14:37:58 - [TEST_STEP][PASSED] - println(a.getText()): null

2020-03-13 14:37:58 - [TEST_STEP][PASSED] - AllRoleNames.add(getText().toLowerCase()): null

2020-03-13 14:37:58 - [TEST_STEP][PASSED] - println(a.getText()): null

2020-03-13 14:37:58 - [TEST_STEP][PASSED] - AllRoleNames.add(getText().toLowerCase()): null

2020-03-13 14:37:58 - [TEST_STEP][PASSED] - println(a.getText()): null

2020-03-13 14:37:58 - [TEST_STEP][PASSED] - AllRoleNames.add(getText().toLowerCase()): null

2020-03-13 14:37:58 - [TEST_STEP][PASSED] - println(a.getText()): null

2020-03-13 14:37:58 - [TEST_STEP][PASSED] - AllRoleNames.add(getText().toLowerCase()): null

2020-03-13 14:37:58 - [TEST_STEP][PASSED] - println(a.getText()): null

2020-03-13 14:37:58 - [TEST_STEP][PASSED] - AllRoleNames.add(getText().toLowerCase()): null

2020-03-13 14:37:58 - [TEST_STEP][PASSED] - println(a.getText()): null

2020-03-13 14:37:58 - [TEST_STEP][PASSED] - delay(2): Delayed 2 second(s)

2020-03-13 14:38:00 - [MESSAGE][PASSED] - Delayed 2 second(s)

2020-03-13 14:38:00 - [TEST_STEP][PASSED] - click(findTestObject("ROLES/Roles_page/Pagination/front_navigation")): Object: 'Object Repository/ROLES/Roles_page/Pagination/front_navigation' is clicked on

2020-03-13 14:38:01 - [MESSAGE][PASSED] - Object: 'Object Repository/ROLES/Roles_page/Pagination/front_navigation' is clicked on

2020-03-13 14:38:01 - [TEST_STEP][PASSED] - RoleNames = findWebElements(findTestObject("ROLES/Roles_page/Role Names"), 2): null

2020-03-13 14:38:01 - [TEST_STEP][PASSED] - for (org.openqa.selenium.WebElement a : RoleNames): null

2020-03-13 14:38:01 - [TEST_STEP][PASSED] - AllRoleNames.add(getText().toLowerCase()): null

2020-03-13 14:38:01 - [TEST_STEP][PASSED] - println(a.getText()): null

2020-03-13 14:38:01 - [TEST_STEP][PASSED] - AllRoleNames.add(getText().toLowerCase()): null

2020-03-13 14:38:01 - [TEST_STEP][PASSED] - println(a.getText()): null

2020-03-13 14:38:01 - [TEST_STEP][PASSED] - AllRoleNames.add(getText().toLowerCase()): null

2020-03-13 14:38:01 - [TEST_STEP][PASSED] - println(a.getText()): null

2020-03-13 14:38:01 - [TEST_STEP][PASSED] - AllRoleNames.add(getText().toLowerCase()): null

2020-03-13 14:38:02 - [TEST_STEP][PASSED] - println(a.getText()): null

2020-03-13 14:38:02 - [TEST_STEP][PASSED] - AllRoleNames.add(getText().toLowerCase()): null

2020-03-13 14:38:02 - [TEST_STEP][PASSED] - println(a.getText()): null

2020-03-13 14:38:02 - [TEST_STEP][PASSED] - AllRoleNames.add(getText().toLowerCase()): null

2020-03-13 14:38:02 - [TEST_STEP][PASSED] - println(a.getText()): null

2020-03-13 14:38:02 - [TEST_STEP][PASSED] - AllRoleNames.add(getText().toLowerCase()): null

2020-03-13 14:38:02 - [TEST_STEP][PASSED] - println(a.getText()): null

2020-03-13 14:38:02 - [TEST_STEP][PASSED] - AllRoleNames.add(getText().toLowerCase()): null

2020-03-13 14:38:02 - [TEST_STEP][PASSED] - println(a.getText()): null

2020-03-13 14:38:02 - [TEST_STEP][PASSED] - AllRoleNames.add(getText().toLowerCase()): null

2020-03-13 14:38:02 - [TEST_STEP][PASSED] - println(a.getText()): null

2020-03-13 14:38:02 - [TEST_STEP][PASSED] - AllRoleNames.add(getText().toLowerCase()): null

2020-03-13 14:38:02 - [TEST_STEP][PASSED] - println(a.getText()): null

2020-03-13 14:38:02 - [TEST_STEP][PASSED] - delay(2): Delayed 2 second(s)

2020-03-13 14:38:04 - [MESSAGE][PASSED] - Delayed 2 second(s)

2020-03-13 14:38:04 - [TEST_STEP][PASSED] - click(findTestObject("ROLES/Roles_page/Pagination/front_navigation")): Object: 'Object Repository/ROLES/Roles_page/Pagination/front_navigation' is clicked on

2020-03-13 14:38:04 - [MESSAGE][PASSED] - Object: 'Object Repository/ROLES/Roles_page/Pagination/front_navigation' is clicked on

2020-03-13 14:38:04 - [TEST_STEP][PASSED] - RoleNames = findWebElements(findTestObject("ROLES/Roles_page/Role Names"), 2): null

2020-03-13 14:38:05 - [TEST_STEP][PASSED] - for (org.openqa.selenium.WebElement a : RoleNames): null

2020-03-13 14:38:05 - [TEST_STEP][PASSED] - AllRoleNames.add(getText().toLowerCase()): null

2020-03-13 14:38:05 - [TEST_STEP][PASSED] - println(a.getText()): null

2020-03-13 14:38:05 - [TEST_STEP][PASSED] - AllRoleNames.add(getText().toLowerCase()): null

2020-03-13 14:38:05 - [TEST_STEP][PASSED] - println(a.getText()): null

2020-03-13 14:38:05 - [TEST_STEP][PASSED] - AllRoleNames.add(getText().toLowerCase()): null

2020-03-13 14:38:05 - [TEST_STEP][PASSED] - println(a.getText()): null

2020-03-13 14:38:05 - [TEST_STEP][PASSED] - AllRoleNames.add(getText().toLowerCase()): null

2020-03-13 14:38:05 - [TEST_STEP][PASSED] - println(a.getText()): null

2020-03-13 14:38:05 - [TEST_STEP][PASSED] - AllRoleNames.add(getText().toLowerCase()): null

2020-03-13 14:38:05 - [TEST_STEP][PASSED] - println(a.getText()): null

2020-03-13 14:38:05 - [TEST_STEP][PASSED] - AllRoleNames.add(getText().toLowerCase()): null

2020-03-13 14:38:05 - [TEST_STEP][PASSED] - println(a.getText()): null

2020-03-13 14:38:05 - [TEST_STEP][PASSED] - AllRoleNames.add(getText().toLowerCase()): null

2020-03-13 14:38:05 - [TEST_STEP][PASSED] - println(a.getText()): null

2020-03-13 14:38:05 - [TEST_STEP][PASSED] - AllRoleNames.add(getText().toLowerCase()): null

2020-03-13 14:38:05 - [TEST_STEP][PASSED] - println(a.getText()): null

2020-03-13 14:38:05 - [TEST_STEP][PASSED] - AllRoleNames.add(getText().toLowerCase()): null

2020-03-13 14:38:05 - [TEST_STEP][PASSED] - println(a.getText()): null

2020-03-13 14:38:05 - [TEST_STEP][PASSED] - AllRoleNames.add(getText().toLowerCase()): null

2020-03-13 14:38:05 - [TEST_STEP][PASSED] - println(a.getText()): null

2020-03-13 14:38:05 - [TEST_STEP][PASSED] - delay(2): Delayed 2 second(s)

2020-03-13 14:38:08 - [MESSAGE][PASSED] - Delayed 2 second(s)

2020-03-13 14:38:08 - [TEST_STEP][PASSED] - click(findTestObject("ROLES/Roles_page/Pagination/front_navigation")): Object: 'Object Repository/ROLES/Roles_page/Pagination/front_navigation' is clicked on

2020-03-13 14:38:08 - [MESSAGE][PASSED] - Object: 'Object Repository/ROLES/Roles_page/Pagination/front_navigation' is clicked on

2020-03-13 14:38:08 - [TEST_STEP][PASSED] - RoleNames = findWebElements(findTestObject("ROLES/Roles_page/Role Names"), 2): null

2020-03-13 14:38:09 - [TEST_STEP][PASSED] - for (org.openqa.selenium.WebElement a : RoleNames): null

2020-03-13 14:38:09 - [TEST_STEP][PASSED] - AllRoleNames.add(getText().toLowerCase()): null

2020-03-13 14:38:09 - [TEST_STEP][PASSED] - println(a.getText()): null

2020-03-13 14:38:09 - [TEST_STEP][PASSED] - AllRoleNames.add(getText().toLowerCase()): null

2020-03-13 14:38:09 - [TEST_STEP][PASSED] - println(a.getText()): null

2020-03-13 14:38:09 - [TEST_STEP][PASSED] - AllRoleNames.add(getText().toLowerCase()): null

2020-03-13 14:38:09 - [TEST_STEP][PASSED] - println(a.getText()): null

2020-03-13 14:38:09 - [TEST_STEP][PASSED] - AllRoleNames.add(getText().toLowerCase()): null

2020-03-13 14:38:09 - [TEST_STEP][PASSED] - println(a.getText()): null

2020-03-13 14:38:09 - [TEST_STEP][PASSED] - delay(2): Delayed 2 second(s)

2020-03-13 14:38:11 - [MESSAGE][PASSED] - Delayed 2 second(s)

2020-03-13 14:38:11 - [TEST_STEP][PASSED] - click(findTestObject("ROLES/Roles_page/Pagination/front_navigation")): Object: 'Object Repository/ROLES/Roles_page/Pagination/front_navigation' is clicked on

2020-03-13 14:38:14 - [MESSAGE][PASSED] - Object: 'Object Repository/ROLES/Roles_page/Pagination/front_navigation' is clicked on

2020-03-13 14:38:14 - [TEST_STEP][PASSED] - if (j == 1): Text 'BACK_SPACE + BACK_SPACE + ENTER + 1' is set on object 'Object Repository/ROLES/Roles_page/Pagination/input_Page_form-control'

2020-03-13 14:38:14 - [TEST_STEP][PASSED] - isSorted = web.CustomKeyword.checkListDescending(AllRoleNames): web.CustomKeyword.checkListDescending is PASSED

2020-03-13 14:38:14 - [MESSAGE][PASSED] - web.CustomKeyword.checkListDescending is PASSED

2020-03-13 14:38:14 - [TEST_STEP][PASSED] - println(AllRoleNames.size()): null

2020-03-13 14:38:14 - [TEST_STEP][PASSED] - println(AllRoleNames): null

2020-03-13 14:38:14 - [TEST_STEP][PASSED] - verifyEqual(isSorted, true): Actual object 'true' and expected object 'true' are equal

2020-03-13 14:38:14 - [MESSAGE][PASSED] - Actual object 'true' and expected object 'true' are equal

2020-03-13 14:38:14 - [TEST_STEP][PASSED] - clearText(findTestObject("Object Repository/ROLES/Roles_page/Pagination/input_Page_form-control")): Text of object 'Object Repository/ROLES/Roles_page/Pagination/input_Page_form-control' is cleared

2020-03-13 14:38:14 - [MESSAGE][PASSED] - Text of object 'Object Repository/ROLES/Roles_page/Pagination/input_Page_form-control' is cleared

2020-03-13 14:38:14 - [TEST_STEP][PASSED] - setText(findTestObject("Object Repository/ROLES/Roles_page/Pagination/input_Page_form-control"), BACK_SPACE + BACK_SPACE + "1" + ENTER): Text 'BACK_SPACE + BACK_SPACE + ENTER + 1' is set on object 'Object Repository/ROLES/Roles_page/Pagination/input_Page_form-control'

2020-03-13 14:38:15 - [MESSAGE][PASSED] - Text 'BACK_SPACE + BACK_SPACE + ENTER + 1' is set on object 'Object Repository/ROLES/Roles_page/Pagination/input_Page_form-control'

2020-03-13 14:38:15 - [TEST_STEP][PASSED] - if (j == 2): null

2020-03-13 14:38:15 - [TEST_STEP][PASSED] - click(findTestObject("ROLES/Roles_page/sorting/RoleName_header")): Object: 'Object Repository/ROLES/Roles_page/sorting/RoleName_header' is clicked on

2020-03-13 14:38:16 - [MESSAGE][PASSED] - Object: 'Object Repository/ROLES/Roles_page/sorting/RoleName_header' is clicked on

2020-03-13 14:38:16 - [TEST_STEP][PASSED] - RoleNames = <not implemented yet for class: org.codehaus.groovy.ast.expr.EmptyExpression>: null

2020-03-13 14:38:16 - [TEST_STEP][PASSED] - AllRoleNames = new java.util.ArrayList(): null

2020-03-13 14:38:16 - [TEST_STEP][PASSED] - for ([i = 1, i <= noOfPages, (i++)]): Object: 'Object Repository/ROLES/Roles_page/Pagination/front_navigation' is clicked on

2020-03-13 14:38:16 - [TEST_STEP][PASSED] - RoleNames = findWebElements(findTestObject("ROLES/Roles_page/Role Names"), 2): null

2020-03-13 14:38:17 - [TEST_STEP][PASSED] - for (org.openqa.selenium.WebElement a : RoleNames): null

2020-03-13 14:38:17 - [TEST_STEP][PASSED] - AllRoleNames.add(getText().toLowerCase()): null

2020-03-13 14:38:17 - [TEST_STEP][PASSED] - println(a.getText()): null

2020-03-13 14:38:17 - [TEST_STEP][PASSED] - AllRoleNames.add(getText().toLowerCase()): null

2020-03-13 14:38:17 - [TEST_STEP][PASSED] - println(a.getText()): null

2020-03-13 14:38:17 - [TEST_STEP][PASSED] - AllRoleNames.add(getText().toLowerCase()): null

2020-03-13 14:38:17 - [TEST_STEP][PASSED] - println(a.getText()): null

2020-03-13 14:38:17 - [TEST_STEP][PASSED] - AllRoleNames.add(getText().toLowerCase()): null

2020-03-13 14:38:17 - [TEST_STEP][PASSED] - println(a.getText()): null

2020-03-13 14:38:17 - [TEST_STEP][PASSED] - AllRoleNames.add(getText().toLowerCase()): null

2020-03-13 14:38:17 - [TEST_STEP][PASSED] - println(a.getText()): null

2020-03-13 14:38:17 - [TEST_STEP][PASSED] - AllRoleNames.add(getText().toLowerCase()): null

2020-03-13 14:38:17 - [TEST_STEP][PASSED] - println(a.getText()): null

2020-03-13 14:38:17 - [TEST_STEP][PASSED] - AllRoleNames.add(getText().toLowerCase()): null

2020-03-13 14:38:17 - [TEST_STEP][PASSED] - println(a.getText()): null

2020-03-13 14:38:17 - [TEST_STEP][PASSED] - AllRoleNames.add(getText().toLowerCase()): null

2020-03-13 14:38:17 - [TEST_STEP][PASSED] - println(a.getText()): null

2020-03-13 14:38:17 - [TEST_STEP][PASSED] - AllRoleNames.add(getText().toLowerCase()): null

2020-03-13 14:38:17 - [TEST_STEP][PASSED] - println(a.getText()): null

2020-03-13 14:38:17 - [TEST_STEP][PASSED] - AllRoleNames.add(getText().toLowerCase()): null

2020-03-13 14:38:17 - [TEST_STEP][PASSED] - println(a.getText()): null

2020-03-13 14:38:17 - [TEST_STEP][PASSED] - delay(2): Delayed 2 second(s)

2020-03-13 14:38:19 - [MESSAGE][PASSED] - Delayed 2 second(s)

2020-03-13 14:38:19 - [TEST_STEP][PASSED] - click(findTestObject("ROLES/Roles_page/Pagination/front_navigation")): Object: 'Object Repository/ROLES/Roles_page/Pagination/front_navigation' is clicked on

2020-03-13 14:38:19 - [MESSAGE][PASSED] - Object: 'Object Repository/ROLES/Roles_page/Pagination/front_navigation' is clicked on

2020-03-13 14:38:19 - [TEST_STEP][PASSED] - RoleNames = findWebElements(findTestObject("ROLES/Roles_page/Role Names"), 2): null

2020-03-13 14:38:20 - [TEST_STEP][PASSED] - for (org.openqa.selenium.WebElement a : RoleNames): null

2020-03-13 14:38:20 - [TEST_STEP][PASSED] - AllRoleNames.add(getText().toLowerCase()): null

2020-03-13 14:38:20 - [TEST_STEP][PASSED] - println(a.getText()): null

2020-03-13 14:38:20 - [TEST_STEP][PASSED] - AllRoleNames.add(getText().toLowerCase()): null

2020-03-13 14:38:20 - [TEST_STEP][PASSED] - println(a.getText()): null

2020-03-13 14:38:20 - [TEST_STEP][PASSED] - AllRoleNames.add(getText().toLowerCase()): null

2020-03-13 14:38:20 - [TEST_STEP][PASSED] - println(a.getText()): null

2020-03-13 14:38:20 - [TEST_STEP][PASSED] - AllRoleNames.add(getText().toLowerCase()): null

2020-03-13 14:38:20 - [TEST_STEP][PASSED] - println(a.getText()): null

2020-03-13 14:38:20 - [TEST_STEP][PASSED] - AllRoleNames.add(getText().toLowerCase()): null

2020-03-13 14:38:20 - [TEST_STEP][PASSED] - println(a.getText()): null

2020-03-13 14:38:20 - [TEST_STEP][PASSED] - AllRoleNames.add(getText().toLowerCase()): null

2020-03-13 14:38:20 - [TEST_STEP][PASSED] - println(a.getText()): null

2020-03-13 14:38:20 - [TEST_STEP][PASSED] - AllRoleNames.add(getText().toLowerCase()): null

2020-03-13 14:38:20 - [TEST_STEP][PASSED] - println(a.getText()): null

2020-03-13 14:38:20 - [TEST_STEP][PASSED] - AllRoleNames.add(getText().toLowerCase()): null

2020-03-13 14:38:20 - [TEST_STEP][PASSED] - println(a.getText()): null

2020-03-13 14:38:21 - [TEST_STEP][PASSED] - AllRoleNames.add(getText().toLowerCase()): null

2020-03-13 14:38:21 - [TEST_STEP][PASSED] - println(a.getText()): null

2020-03-13 14:38:21 - [TEST_STEP][PASSED] - AllRoleNames.add(getText().toLowerCase()): null

2020-03-13 14:38:21 - [TEST_STEP][PASSED] - println(a.getText()): null

2020-03-13 14:38:21 - [TEST_STEP][PASSED] - delay(2): Delayed 2 second(s)

2020-03-13 14:38:23 - [MESSAGE][PASSED] - Delayed 2 second(s)

2020-03-13 14:38:23 - [TEST_STEP][PASSED] - click(findTestObject("ROLES/Roles_page/Pagination/front_navigation")): Object: 'Object Repository/ROLES/Roles_page/Pagination/front_navigation' is clicked on

2020-03-13 14:38:23 - [MESSAGE][PASSED] - Object: 'Object Repository/ROLES/Roles_page/Pagination/front_navigation' is clicked on

2020-03-13 14:38:23 - [TEST_STEP][PASSED] - RoleNames = findWebElements(findTestObject("ROLES/Roles_page/Role Names"), 2): null

2020-03-13 14:38:24 - [TEST_STEP][PASSED] - for (org.openqa.selenium.WebElement a : RoleNames): null

2020-03-13 14:38:24 - [TEST_STEP][PASSED] - AllRoleNames.add(getText().toLowerCase()): null

2020-03-13 14:38:24 - [TEST_STEP][PASSED] - println(a.getText()): null

2020-03-13 14:38:24 - [TEST_STEP][PASSED] - AllRoleNames.add(getText().toLowerCase()): null

2020-03-13 14:38:24 - [TEST_STEP][PASSED] - println(a.getText()): null

2020-03-13 14:38:24 - [TEST_STEP][PASSED] - AllRoleNames.add(getText().toLowerCase()): null

2020-03-13 14:38:24 - [TEST_STEP][PASSED] - println(a.getText()): null

2020-03-13 14:38:24 - [TEST_STEP][PASSED] - AllRoleNames.add(getText().toLowerCase()): null

2020-03-13 14:38:24 - [TEST_STEP][PASSED] - println(a.getText()): null

2020-03-13 14:38:24 - [TEST_STEP][PASSED] - AllRoleNames.add(getText().toLowerCase()): null

2020-03-13 14:38:24 - [TEST_STEP][PASSED] - println(a.getText()): null

2020-03-13 14:38:24 - [TEST_STEP][PASSED] - AllRoleNames.add(getText().toLowerCase()): null

2020-03-13 14:38:24 - [TEST_STEP][PASSED] - println(a.getText()): null

2020-03-13 14:38:24 - [TEST_STEP][PASSED] - AllRoleNames.add(getText().toLowerCase()): null

2020-03-13 14:38:24 - [TEST_STEP][PASSED] - println(a.getText()): null

2020-03-13 14:38:24 - [TEST_STEP][PASSED] - AllRoleNames.add(getText().toLowerCase()): null

2020-03-13 14:38:24 - [TEST_STEP][PASSED] - println(a.getText()): null

2020-03-13 14:38:24 - [TEST_STEP][PASSED] - AllRoleNames.add(getText().toLowerCase()): null

2020-03-13 14:38:24 - [TEST_STEP][PASSED] - println(a.getText()): null

2020-03-13 14:38:24 - [TEST_STEP][PASSED] - AllRoleNames.add(getText().toLowerCase()): null

2020-03-13 14:38:24 - [TEST_STEP][PASSED] - println(a.getText()): null

2020-03-13 14:38:24 - [TEST_STEP][PASSED] - delay(2): Delayed 2 second(s)

2020-03-13 14:38:26 - [MESSAGE][PASSED] - Delayed 2 second(s)

2020-03-13 14:38:26 - [TEST_STEP][PASSED] - click(findTestObject("ROLES/Roles_page/Pagination/front_navigation")): Object: 'Object Repository/ROLES/Roles_page/Pagination/front_navigation' is clicked on

2020-03-13 14:38:27 - [MESSAGE][PASSED] - Object: 'Object Repository/ROLES/Roles_page/Pagination/front_navigation' is clicked on

2020-03-13 14:38:27 - [TEST_STEP][PASSED] - RoleNames = findWebElements(findTestObject("ROLES/Roles_page/Role Names"), 2): null

2020-03-13 14:38:27 - [TEST_STEP][PASSED] - for (org.openqa.selenium.WebElement a : RoleNames): null

2020-03-13 14:38:27 - [TEST_STEP][PASSED] - AllRoleNames.add(getText().toLowerCase()): null

2020-03-13 14:38:28 - [TEST_STEP][PASSED] - println(a.getText()): null

2020-03-13 14:38:28 - [TEST_STEP][PASSED] - AllRoleNames.add(getText().toLowerCase()): null

2020-03-13 14:38:28 - [TEST_STEP][PASSED] - println(a.getText()): null

2020-03-13 14:38:28 - [TEST_STEP][PASSED] - AllRoleNames.add(getText().toLowerCase()): null

2020-03-13 14:38:28 - [TEST_STEP][PASSED] - println(a.getText()): null

2020-03-13 14:38:28 - [TEST_STEP][PASSED] - AllRoleNames.add(getText().toLowerCase()): null

2020-03-13 14:38:28 - [TEST_STEP][PASSED] - println(a.getText()): null

2020-03-13 14:38:28 - [TEST_STEP][PASSED] - AllRoleNames.add(getText().toLowerCase()): null

2020-03-13 14:38:28 - [TEST_STEP][PASSED] - println(a.getText()): null

2020-03-13 14:38:28 - [TEST_STEP][PASSED] - AllRoleNames.add(getText().toLowerCase()): null

2020-03-13 14:38:28 - [TEST_STEP][PASSED] - println(a.getText()): null

2020-03-13 14:38:28 - [TEST_STEP][PASSED] - AllRoleNames.add(getText().toLowerCase()): null

2020-03-13 14:38:28 - [TEST_STEP][PASSED] - println(a.getText()): null

2020-03-13 14:38:28 - [TEST_STEP][PASSED] - AllRoleNames.add(getText().toLowerCase()): null

2020-03-13 14:38:28 - [TEST_STEP][PASSED] - println(a.getText()): null

2020-03-13 14:38:28 - [TEST_STEP][PASSED] - AllRoleNames.add(getText().toLowerCase()): null

2020-03-13 14:38:28 - [TEST_STEP][PASSED] - println(a.getText()): null

2020-03-13 14:38:28 - [TEST_STEP][PASSED] - AllRoleNames.add(getText().toLowerCase()): null

2020-03-13 14:38:28 - [TEST_STEP][PASSED] - println(a.getText()): null

2020-03-13 14:38:28 - [TEST_STEP][PASSED] - delay(2): Delayed 2 second(s)

2020-03-13 14:38:30 - [MESSAGE][PASSED] - Delayed 2 second(s)

2020-03-13 14:38:30 - [TEST_STEP][PASSED] - click(findTestObject("ROLES/Roles_page/Pagination/front_navigation")): Object: 'Object Repository/ROLES/Roles_page/Pagination/front_navigation' is clicked on

2020-03-13 14:38:30 - [MESSAGE][PASSED] - Object: 'Object Repository/ROLES/Roles_page/Pagination/front_navigation' is clicked on

2020-03-13 14:38:30 - [TEST_STEP][PASSED] - RoleNames = findWebElements(findTestObject("ROLES/Roles_page/Role Names"), 2): null

2020-03-13 14:38:31 - [TEST_STEP][PASSED] - for (org.openqa.selenium.WebElement a : RoleNames): null

2020-03-13 14:38:31 - [TEST_STEP][PASSED] - AllRoleNames.add(getText().toLowerCase()): null

2020-03-13 14:38:31 - [TEST_STEP][PASSED] - println(a.getText()): null

2020-03-13 14:38:31 - [TEST_STEP][PASSED] - AllRoleNames.add(getText().toLowerCase()): null

2020-03-13 14:38:31 - [TEST_STEP][PASSED] - println(a.getText()): null

2020-03-13 14:38:31 - [TEST_STEP][PASSED] - AllRoleNames.add(getText().toLowerCase()): null

2020-03-13 14:38:31 - [TEST_STEP][PASSED] - println(a.getText()): null

2020-03-13 14:38:31 - [TEST_STEP][PASSED] - AllRoleNames.add(getText().toLowerCase()): null

2020-03-13 14:38:31 - [TEST_STEP][PASSED] - println(a.getText()): null

2020-03-13 14:38:31 - [TEST_STEP][PASSED] - AllRoleNames.add(getText().toLowerCase()): null

2020-03-13 14:38:31 - [TEST_STEP][PASSED] - println(a.getText()): null

2020-03-13 14:38:31 - [TEST_STEP][PASSED] - AllRoleNames.add(getText().toLowerCase()): null

2020-03-13 14:38:31 - [TEST_STEP][PASSED] - println(a.getText()): null

2020-03-13 14:38:31 - [TEST_STEP][PASSED] - AllRoleNames.add(getText().toLowerCase()): null

2020-03-13 14:38:31 - [TEST_STEP][PASSED] - println(a.getText()): null

2020-03-13 14:38:31 - [TEST_STEP][PASSED] - AllRoleNames.add(getText().toLowerCase()): null

2020-03-13 14:38:31 - [TEST_STEP][PASSED] - println(a.getText()): null

2020-03-13 14:38:31 - [TEST_STEP][PASSED] - AllRoleNames.add(getText().toLowerCase()): null

2020-03-13 14:38:31 - [TEST_STEP][PASSED] - println(a.getText()): null

2020-03-13 14:38:31 - [TEST_STEP][PASSED] - AllRoleNames.add(getText().toLowerCase()): null

2020-03-13 14:38:31 - [TEST_STEP][PASSED] - println(a.getText()): null

2020-03-13 14:38:31 - [TEST_STEP][PASSED] - delay(2): Delayed 2 second(s)

2020-03-13 14:38:33 - [MESSAGE][PASSED] - Delayed 2 second(s)

2020-03-13 14:38:33 - [TEST_STEP][PASSED] - click(findTestObject("ROLES/Roles_page/Pagination/front_navigation")): Object: 'Object Repository/ROLES/Roles_page/Pagination/front_navigation' is clicked on

2020-03-13 14:38:34 - [MESSAGE][PASSED] - Object: 'Object Repository/ROLES/Roles_page/Pagination/front_navigation' is clicked on

2020-03-13 14:38:34 - [TEST_STEP][PASSED] - RoleNames = findWebElements(findTestObject("ROLES/Roles_page/Role Names"), 2): null

2020-03-13 14:38:35 - [TEST_STEP][PASSED] - for (org.openqa.selenium.WebElement a : RoleNames): null

2020-03-13 14:38:35 - [TEST_STEP][PASSED] - AllRoleNames.add(getText().toLowerCase()): null

2020-03-13 14:38:35 - [TEST_STEP][PASSED] - println(a.getText()): null

2020-03-13 14:38:35 - [TEST_STEP][PASSED] - AllRoleNames.add(getText().toLowerCase()): null

2020-03-13 14:38:35 - [TEST_STEP][PASSED] - println(a.getText()): null

2020-03-13 14:38:35 - [TEST_STEP][PASSED] - AllRoleNames.add(getText().toLowerCase()): null

2020-03-13 14:38:35 - [TEST_STEP][PASSED] - println(a.getText()): null

2020-03-13 14:38:35 - [TEST_STEP][PASSED] - AllRoleNames.add(getText().toLowerCase()): null

2020-03-13 14:38:35 - [TEST_STEP][PASSED] - println(a.getText()): null

2020-03-13 14:38:35 - [TEST_STEP][PASSED] - AllRoleNames.add(getText().toLowerCase()): null

2020-03-13 14:38:35 - [TEST_STEP][PASSED] - println(a.getText()): null

2020-03-13 14:38:35 - [TEST_STEP][PASSED] - AllRoleNames.add(getText().toLowerCase()): null

2020-03-13 14:38:35 - [TEST_STEP][PASSED] - println(a.getText()): null

2020-03-13 14:38:35 - [TEST_STEP][PASSED] - AllRoleNames.add(getText().toLowerCase()): null

2020-03-13 14:38:35 - [TEST_STEP][PASSED] - println(a.getText()): null

2020-03-13 14:38:35 - [TEST_STEP][PASSED] - AllRoleNames.add(getText().toLowerCase()): null

2020-03-13 14:38:35 - [TEST_STEP][PASSED] - println(a.getText()): null

2020-03-13 14:38:35 - [TEST_STEP][PASSED] - AllRoleNames.add(getText().toLowerCase()): null

2020-03-13 14:38:35 - [TEST_STEP][PASSED] - println(a.getText()): null

2020-03-13 14:38:35 - [TEST_STEP][PASSED] - AllRoleNames.add(getText().toLowerCase()): null

2020-03-13 14:38:35 - [TEST_STEP][PASSED] - println(a.getText()): null

2020-03-13 14:38:35 - [TEST_STEP][PASSED] - delay(2): Delayed 2 second(s)

2020-03-13 14:38:37 - [MESSAGE][PASSED] - Delayed 2 second(s)

2020-03-13 14:38:37 - [TEST_STEP][PASSED] - click(findTestObject("ROLES/Roles_page/Pagination/front_navigation")): Object: 'Object Repository/ROLES/Roles_page/Pagination/front_navigation' is clicked on

2020-03-13 14:38:38 - [MESSAGE][PASSED] - Object: 'Object Repository/ROLES/Roles_page/Pagination/front_navigation' is clicked on

2020-03-13 14:38:38 - [TEST_STEP][PASSED] - RoleNames = findWebElements(findTestObject("ROLES/Roles_page/Role Names"), 2): null

2020-03-13 14:38:38 - [TEST_STEP][PASSED] - for (org.openqa.selenium.WebElement a : RoleNames): null

2020-03-13 14:38:38 - [TEST_STEP][PASSED] - AllRoleNames.add(getText().toLowerCase()): null

2020-03-13 14:38:38 - [TEST_STEP][PASSED] - println(a.getText()): null

2020-03-13 14:38:38 - [TEST_STEP][PASSED] - AllRoleNames.add(getText().toLowerCase()): null

2020-03-13 14:38:38 - [TEST_STEP][PASSED] - println(a.getText()): null

2020-03-13 14:38:38 - [TEST_STEP][PASSED] - AllRoleNames.add(getText().toLowerCase()): null

2020-03-13 14:38:38 - [TEST_STEP][PASSED] - println(a.getText()): null

2020-03-13 14:38:39 - [TEST_STEP][PASSED] - AllRoleNames.add(getText().toLowerCase()): null

2020-03-13 14:38:39 - [TEST_STEP][PASSED] - println(a.getText()): null

2020-03-13 14:38:39 - [TEST_STEP][PASSED] - AllRoleNames.add(getText().toLowerCase()): null

2020-03-13 14:38:39 - [TEST_STEP][PASSED] - println(a.getText()): null

2020-03-13 14:38:39 - [TEST_STEP][PASSED] - AllRoleNames.add(getText().toLowerCase()): null

2020-03-13 14:38:39 - [TEST_STEP][PASSED] - println(a.getText()): null

2020-03-13 14:38:39 - [TEST_STEP][PASSED] - AllRoleNames.add(getText().toLowerCase()): null

2020-03-13 14:38:39 - [TEST_STEP][PASSED] - println(a.getText()): null

2020-03-13 14:38:39 - [TEST_STEP][PASSED] - AllRoleNames.add(getText().toLowerCase()): null

2020-03-13 14:38:39 - [TEST_STEP][PASSED] - println(a.getText()): null

2020-03-13 14:38:39 - [TEST_STEP][PASSED] - AllRoleNames.add(getText().toLowerCase()): null

2020-03-13 14:38:39 - [TEST_STEP][PASSED] - println(a.getText()): null

2020-03-13 14:38:39 - [TEST_STEP][PASSED] - AllRoleNames.add(getText().toLowerCase()): null

2020-03-13 14:38:39 - [TEST_STEP][PASSED] - println(a.getText()): null

2020-03-13 14:38:39 - [TEST_STEP][PASSED] - delay(2): Delayed 2 second(s)

2020-03-13 14:38:41 - [MESSAGE][PASSED] - Delayed 2 second(s)

2020-03-13 14:38:41 - [TEST_STEP][PASSED] - click(findTestObject("ROLES/Roles_page/Pagination/front_navigation")): Object: 'Object Repository/ROLES/Roles_page/Pagination/front_navigation' is clicked on

2020-03-13 14:38:41 - [MESSAGE][PASSED] - Object: 'Object Repository/ROLES/Roles_page/Pagination/front_navigation' is clicked on

2020-03-13 14:38:41 - [TEST_STEP][PASSED] - RoleNames = findWebElements(findTestObject("ROLES/Roles_page/Role Names"), 2): null

2020-03-13 14:38:42 - [TEST_STEP][PASSED] - for (org.openqa.selenium.WebElement a : RoleNames): null

2020-03-13 14:38:42 - [TEST_STEP][PASSED] - AllRoleNames.add(getText().toLowerCase()): null

2020-03-13 14:38:42 - [TEST_STEP][PASSED] - println(a.getText()): null

2020-03-13 14:38:42 - [TEST_STEP][PASSED] - AllRoleNames.add(getText().toLowerCase()): null

2020-03-13 14:38:42 - [TEST_STEP][PASSED] - println(a.getText()): null

2020-03-13 14:38:42 - [TEST_STEP][PASSED] - AllRoleNames.add(getText().toLowerCase()): null

2020-03-13 14:38:42 - [TEST_STEP][PASSED] - println(a.getText()): null

2020-03-13 14:38:42 - [TEST_STEP][PASSED] - AllRoleNames.add(getText().toLowerCase()): null

2020-03-13 14:38:42 - [TEST_STEP][PASSED] - println(a.getText()): null

2020-03-13 14:38:42 - [TEST_STEP][PASSED] - AllRoleNames.add(getText().toLowerCase()): null

2020-03-13 14:38:42 - [TEST_STEP][PASSED] - println(a.getText()): null

2020-03-13 14:38:42 - [TEST_STEP][PASSED] - AllRoleNames.add(getText().toLowerCase()): null

2020-03-13 14:38:42 - [TEST_STEP][PASSED] - println(a.getText()): null

2020-03-13 14:38:42 - [TEST_STEP][PASSED] - AllRoleNames.add(getText().toLowerCase()): null

2020-03-13 14:38:42 - [TEST_STEP][PASSED] - println(a.getText()): null

2020-03-13 14:38:42 - [TEST_STEP][PASSED] - AllRoleNames.add(getText().toLowerCase()): null

2020-03-13 14:38:42 - [TEST_STEP][PASSED] - println(a.getText()): null

2020-03-13 14:38:42 - [TEST_STEP][PASSED] - AllRoleNames.add(getText().toLowerCase()): null

2020-03-13 14:38:42 - [TEST_STEP][PASSED] - println(a.getText()): null

2020-03-13 14:38:42 - [TEST_STEP][PASSED] - AllRoleNames.add(getText().toLowerCase()): null

2020-03-13 14:38:42 - [TEST_STEP][PASSED] - println(a.getText()): null

2020-03-13 14:38:42 - [TEST_STEP][PASSED] - delay(2): Delayed 2 second(s)

2020-03-13 14:38:44 - [MESSAGE][PASSED] - Delayed 2 second(s)

2020-03-13 14:38:44 - [TEST_STEP][PASSED] - click(findTestObject("ROLES/Roles_page/Pagination/front_navigation")): Object: 'Object Repository/ROLES/Roles_page/Pagination/front_navigation' is clicked on

2020-03-13 14:38:45 - [MESSAGE][PASSED] - Object: 'Object Repository/ROLES/Roles_page/Pagination/front_navigation' is clicked on

2020-03-13 14:38:45 - [TEST_STEP][PASSED] - RoleNames = findWebElements(findTestObject("ROLES/Roles_page/Role Names"), 2): null

2020-03-13 14:38:46 - [TEST_STEP][PASSED] - for (org.openqa.selenium.WebElement a : RoleNames): null

2020-03-13 14:38:46 - [TEST_STEP][PASSED] - AllRoleNames.add(getText().toLowerCase()): null

2020-03-13 14:38:46 - [TEST_STEP][PASSED] - println(a.getText()): null

2020-03-13 14:38:46 - [TEST_STEP][PASSED] - AllRoleNames.add(getText().toLowerCase()): null

2020-03-13 14:38:46 - [TEST_STEP][PASSED] - println(a.getText()): null

2020-03-13 14:38:46 - [TEST_STEP][PASSED] - AllRoleNames.add(getText().toLowerCase()): null

2020-03-13 14:38:46 - [TEST_STEP][PASSED] - println(a.getText()): null

2020-03-13 14:38:46 - [TEST_STEP][PASSED] - AllRoleNames.add(getText().toLowerCase()): null

2020-03-13 14:38:46 - [TEST_STEP][PASSED] - println(a.getText()): null

2020-03-13 14:38:46 - [TEST_STEP][PASSED] - AllRoleNames.add(getText().toLowerCase()): null

2020-03-13 14:38:46 - [TEST_STEP][PASSED] - println(a.getText()): null

2020-03-13 14:38:46 - [TEST_STEP][PASSED] - AllRoleNames.add(getText().toLowerCase()): null

2020-03-13 14:38:46 - [TEST_STEP][PASSED] - println(a.getText()): null

2020-03-13 14:38:46 - [TEST_STEP][PASSED] - AllRoleNames.add(getText().toLowerCase()): null

2020-03-13 14:38:46 - [TEST_STEP][PASSED] - println(a.getText()): null

2020-03-13 14:38:46 - [TEST_STEP][PASSED] - AllRoleNames.add(getText().toLowerCase()): null

2020-03-13 14:38:46 - [TEST_STEP][PASSED] - println(a.getText()): null

2020-03-13 14:38:46 - [TEST_STEP][PASSED] - AllRoleNames.add(getText().toLowerCase()): null

2020-03-13 14:38:46 - [TEST_STEP][PASSED] - println(a.getText()): null

2020-03-13 14:38:46 - [TEST_STEP][PASSED] - AllRoleNames.add(getText().toLowerCase()): null

2020-03-13 14:38:46 - [TEST_STEP][PASSED] - println(a.getText()): null

2020-03-13 14:38:46 - [TEST_STEP][PASSED] - delay(2): Delayed 2 second(s)

2020-03-13 14:38:48 - [MESSAGE][PASSED] - Delayed 2 second(s)

2020-03-13 14:38:48 - [TEST_STEP][PASSED] - click(findTestObject("ROLES/Roles_page/Pagination/front_navigation")): Object: 'Object Repository/ROLES/Roles_page/Pagination/front_navigation' is clicked on

2020-03-13 14:38:49 - [MESSAGE][PASSED] - Object: 'Object Repository/ROLES/Roles_page/Pagination/front_navigation' is clicked on

2020-03-13 14:38:49 - [TEST_STEP][PASSED] - RoleNames = findWebElements(findTestObject("ROLES/Roles_page/Role Names"), 2): null

2020-03-13 14:38:49 - [TEST_STEP][PASSED] - for (org.openqa.selenium.WebElement a : RoleNames): null

2020-03-13 14:38:49 - [TEST_STEP][PASSED] - AllRoleNames.add(getText().toLowerCase()): null

2020-03-13 14:38:49 - [TEST_STEP][PASSED] - println(a.getText()): null

2020-03-13 14:38:49 - [TEST_STEP][PASSED] - AllRoleNames.add(getText().toLowerCase()): null

2020-03-13 14:38:49 - [TEST_STEP][PASSED] - println(a.getText()): null

2020-03-13 14:38:49 - [TEST_STEP][PASSED] - AllRoleNames.add(getText().toLowerCase()): null

2020-03-13 14:38:49 - [TEST_STEP][PASSED] - println(a.getText()): null

2020-03-13 14:38:49 - [TEST_STEP][PASSED] - AllRoleNames.add(getText().toLowerCase()): null

2020-03-13 14:38:50 - [TEST_STEP][PASSED] - println(a.getText()): null

2020-03-13 14:38:50 - [TEST_STEP][PASSED] - AllRoleNames.add(getText().toLowerCase()): null

2020-03-13 14:38:50 - [TEST_STEP][PASSED] - println(a.getText()): null

2020-03-13 14:38:50 - [TEST_STEP][PASSED] - AllRoleNames.add(getText().toLowerCase()): null

2020-03-13 14:38:50 - [TEST_STEP][PASSED] - println(a.getText()): null

2020-03-13 14:38:50 - [TEST_STEP][PASSED] - AllRoleNames.add(getText().toLowerCase()): null

2020-03-13 14:38:50 - [TEST_STEP][PASSED] - println(a.getText()): null

2020-03-13 14:38:50 - [TEST_STEP][PASSED] - AllRoleNames.add(getText().toLowerCase()): null

2020-03-13 14:38:50 - [TEST_STEP][PASSED] - println(a.getText()): null

2020-03-13 14:38:50 - [TEST_STEP][PASSED] - AllRoleNames.add(getText().toLowerCase()): null

2020-03-13 14:38:50 - [TEST_STEP][PASSED] - println(a.getText()): null

2020-03-13 14:38:50 - [TEST_STEP][PASSED] - AllRoleNames.add(getText().toLowerCase()): null

2020-03-13 14:38:50 - [TEST_STEP][PASSED] - println(a.getText()): null

2020-03-13 14:38:50 - [TEST_STEP][PASSED] - delay(2): Delayed 2 second(s)

2020-03-13 14:38:52 - [MESSAGE][PASSED] - Delayed 2 second(s)

2020-03-13 14:38:52 - [TEST_STEP][PASSED] - click(findTestObject("ROLES/Roles_page/Pagination/front_navigation")): Object: 'Object Repository/ROLES/Roles_page/Pagination/front_navigation' is clicked on

2020-03-13 14:38:52 - [MESSAGE][PASSED] - Object: 'Object Repository/ROLES/Roles_page/Pagination/front_navigation' is clicked on

2020-03-13 14:38:52 - [TEST_STEP][PASSED] - RoleNames = findWebElements(findTestObject("ROLES/Roles_page/Role Names"), 2): null

2020-03-13 14:38:53 - [TEST_STEP][PASSED] - for (org.openqa.selenium.WebElement a : RoleNames): null

2020-03-13 14:38:53 - [TEST_STEP][PASSED] - AllRoleNames.add(getText().toLowerCase()): null

2020-03-13 14:38:53 - [TEST_STEP][PASSED] - println(a.getText()): null

2020-03-13 14:38:53 - [TEST_STEP][PASSED] - AllRoleNames.add(getText().toLowerCase()): null

2020-03-13 14:38:53 - [TEST_STEP][PASSED] - println(a.getText()): null

2020-03-13 14:38:53 - [TEST_STEP][PASSED] - AllRoleNames.add(getText().toLowerCase()): null

2020-03-13 14:38:53 - [TEST_STEP][PASSED] - println(a.getText()): null

2020-03-13 14:38:53 - [TEST_STEP][PASSED] - AllRoleNames.add(getText().toLowerCase()): null

2020-03-13 14:38:53 - [TEST_STEP][PASSED] - println(a.getText()): null

2020-03-13 14:38:53 - [TEST_STEP][PASSED] - AllRoleNames.add(getText().toLowerCase()): null

2020-03-13 14:38:53 - [TEST_STEP][PASSED] - println(a.getText()): null

2020-03-13 14:38:53 - [TEST_STEP][PASSED] - AllRoleNames.add(getText().toLowerCase()): null

2020-03-13 14:38:53 - [TEST_STEP][PASSED] - println(a.getText()): null

2020-03-13 14:38:53 - [TEST_STEP][PASSED] - AllRoleNames.add(getText().toLowerCase()): null

2020-03-13 14:38:53 - [TEST_STEP][PASSED] - println(a.getText()): null

2020-03-13 14:38:53 - [TEST_STEP][PASSED] - AllRoleNames.add(getText().toLowerCase()): null

2020-03-13 14:38:53 - [TEST_STEP][PASSED] - println(a.getText()): null

2020-03-13 14:38:53 - [TEST_STEP][PASSED] - AllRoleNames.add(getText().toLowerCase()): null

2020-03-13 14:38:53 - [TEST_STEP][PASSED] - println(a.getText()): null

2020-03-13 14:38:53 - [TEST_STEP][PASSED] - AllRoleNames.add(getText().toLowerCase()): null

2020-03-13 14:38:53 - [TEST_STEP][PASSED] - println(a.getText()): null

2020-03-13 14:38:53 - [TEST_STEP][PASSED] - delay(2): Delayed 2 second(s)

2020-03-13 14:38:55 - [MESSAGE][PASSED] - Delayed 2 second(s)

2020-03-13 14:38:55 - [TEST_STEP][PASSED] - click(findTestObject("ROLES/Roles_page/Pagination/front_navigation")): Object: 'Object Repository/ROLES/Roles_page/Pagination/front_navigation' is clicked on

2020-03-13 14:38:56 - [MESSAGE][PASSED] - Object: 'Object Repository/ROLES/Roles_page/Pagination/front_navigation' is clicked on

2020-03-13 14:38:56 - [TEST_STEP][PASSED] - RoleNames = findWebElements(findTestObject("ROLES/Roles_page/Role Names"), 2): null

2020-03-13 14:38:57 - [TEST_STEP][PASSED] - for (org.openqa.selenium.WebElement a : RoleNames): null

2020-03-13 14:38:57 - [TEST_STEP][PASSED] - AllRoleNames.add(getText().toLowerCase()): null

2020-03-13 14:38:57 - [TEST_STEP][PASSED] - println(a.getText()): null

2020-03-13 14:38:57 - [TEST_STEP][PASSED] - AllRoleNames.add(getText().toLowerCase()): null

2020-03-13 14:38:57 - [TEST_STEP][PASSED] - println(a.getText()): null

2020-03-13 14:38:57 - [TEST_STEP][PASSED] - AllRoleNames.add(getText().toLowerCase()): null

2020-03-13 14:38:57 - [TEST_STEP][PASSED] - println(a.getText()): null

2020-03-13 14:38:57 - [TEST_STEP][PASSED] - AllRoleNames.add(getText().toLowerCase()): null

2020-03-13 14:38:57 - [TEST_STEP][PASSED] - println(a.getText()): null

2020-03-13 14:38:57 - [TEST_STEP][PASSED] - AllRoleNames.add(getText().toLowerCase()): null

2020-03-13 14:38:57 - [TEST_STEP][PASSED] - println(a.getText()): null

2020-03-13 14:38:57 - [TEST_STEP][PASSED] - AllRoleNames.add(getText().toLowerCase()): null

2020-03-13 14:38:57 - [TEST_STEP][PASSED] - println(a.getText()): null

2020-03-13 14:38:57 - [TEST_STEP][PASSED] - AllRoleNames.add(getText().toLowerCase()): null

2020-03-13 14:38:57 - [TEST_STEP][PASSED] - println(a.getText()): null

2020-03-13 14:38:57 - [TEST_STEP][PASSED] - AllRoleNames.add(getText().toLowerCase()): null

2020-03-13 14:38:57 - [TEST_STEP][PASSED] - println(a.getText()): null

2020-03-13 14:38:57 - [TEST_STEP][PASSED] - AllRoleNames.add(getText().toLowerCase()): null

2020-03-13 14:38:57 - [TEST_STEP][PASSED] - println(a.getText()): null

2020-03-13 14:38:57 - [TEST_STEP][PASSED] - AllRoleNames.add(getText().toLowerCase()): null

2020-03-13 14:38:57 - [TEST_STEP][PASSED] - println(a.getText()): null

2020-03-13 14:38:57 - [TEST_STEP][PASSED] - delay(2): Delayed 2 second(s)

2020-03-13 14:38:59 - [MESSAGE][PASSED] - Delayed 2 second(s)

2020-03-13 14:38:59 - [TEST_STEP][PASSED] - click(findTestObject("ROLES/Roles_page/Pagination/front_navigation")): Object: 'Object Repository/ROLES/Roles_page/Pagination/front_navigation' is clicked on

2020-03-13 14:38:59 - [MESSAGE][PASSED] - Object: 'Object Repository/ROLES/Roles_page/Pagination/front_navigation' is clicked on

2020-03-13 14:38:59 - [TEST_STEP][PASSED] - RoleNames = findWebElements(findTestObject("ROLES/Roles_page/Role Names"), 2): null

2020-03-13 14:39:00 - [TEST_STEP][PASSED] - for (org.openqa.selenium.WebElement a : RoleNames): null

2020-03-13 14:39:00 - [TEST_STEP][PASSED] - AllRoleNames.add(getText().toLowerCase()): null

2020-03-13 14:39:00 - [TEST_STEP][PASSED] - println(a.getText()): null

2020-03-13 14:39:00 - [TEST_STEP][PASSED] - AllRoleNames.add(getText().toLowerCase()): null

2020-03-13 14:39:00 - [TEST_STEP][PASSED] - println(a.getText()): null

2020-03-13 14:39:00 - [TEST_STEP][PASSED] - AllRoleNames.add(getText().toLowerCase()): null

2020-03-13 14:39:00 - [TEST_STEP][PASSED] - println(a.getText()): null

2020-03-13 14:39:00 - [TEST_STEP][PASSED] - AllRoleNames.add(getText().toLowerCase()): null

2020-03-13 14:39:00 - [TEST_STEP][PASSED] - println(a.getText()): null

2020-03-13 14:39:00 - [TEST_STEP][PASSED] - AllRoleNames.add(getText().toLowerCase()): null

2020-03-13 14:39:00 - [TEST_STEP][PASSED] - println(a.getText()): null

2020-03-13 14:39:00 - [TEST_STEP][PASSED] - AllRoleNames.add(getText().toLowerCase()): null

2020-03-13 14:39:00 - [TEST_STEP][PASSED] - println(a.getText()): null

2020-03-13 14:39:01 - [TEST_STEP][PASSED] - AllRoleNames.add(getText().toLowerCase()): null

2020-03-13 14:39:01 - [TEST_STEP][PASSED] - println(a.getText()): null

2020-03-13 14:39:01 - [TEST_STEP][PASSED] - AllRoleNames.add(getText().toLowerCase()): null

2020-03-13 14:39:01 - [TEST_STEP][PASSED] - println(a.getText()): null

2020-03-13 14:39:01 - [TEST_STEP][PASSED] - AllRoleNames.add(getText().toLowerCase()): null

2020-03-13 14:39:01 - [TEST_STEP][PASSED] - println(a.getText()): null

2020-03-13 14:39:01 - [TEST_STEP][PASSED] - AllRoleNames.add(getText().toLowerCase()): null

2020-03-13 14:39:01 - [TEST_STEP][PASSED] - println(a.getText()): null

2020-03-13 14:39:01 - [TEST_STEP][PASSED] - delay(2): Delayed 2 second(s)

2020-03-13 14:39:03 - [MESSAGE][PASSED] - Delayed 2 second(s)

2020-03-13 14:39:03 - [TEST_STEP][PASSED] - click(findTestObject("ROLES/Roles_page/Pagination/front_navigation")): Object: 'Object Repository/ROLES/Roles_page/Pagination/front_navigation' is clicked on

2020-03-13 14:39:03 - [MESSAGE][PASSED] - Object: 'Object Repository/ROLES/Roles_page/Pagination/front_navigation' is clicked on

2020-03-13 14:39:03 - [TEST_STEP][PASSED] - RoleNames = findWebElements(findTestObject("ROLES/Roles_page/Role Names"), 2): null

2020-03-13 14:39:04 - [TEST_STEP][PASSED] - for (org.openqa.selenium.WebElement a : RoleNames): null

2020-03-13 14:39:04 - [TEST_STEP][PASSED] - AllRoleNames.add(getText().toLowerCase()): null

2020-03-13 14:39:04 - [TEST_STEP][PASSED] - println(a.getText()): null

2020-03-13 14:39:04 - [TEST_STEP][PASSED] - AllRoleNames.add(getText().toLowerCase()): null

2020-03-13 14:39:04 - [TEST_STEP][PASSED] - println(a.getText()): null

2020-03-13 14:39:04 - [TEST_STEP][PASSED] - AllRoleNames.add(getText().toLowerCase()): null

2020-03-13 14:39:04 - [TEST_STEP][PASSED] - println(a.getText()): null

2020-03-13 14:39:04 - [TEST_STEP][PASSED] - AllRoleNames.add(getText().toLowerCase()): null

2020-03-13 14:39:04 - [TEST_STEP][PASSED] - println(a.getText()): null

2020-03-13 14:39:04 - [TEST_STEP][PASSED] - AllRoleNames.add(getText().toLowerCase()): null

2020-03-13 14:39:04 - [TEST_STEP][PASSED] - println(a.getText()): null

2020-03-13 14:39:04 - [TEST_STEP][PASSED] - AllRoleNames.add(getText().toLowerCase()): null

2020-03-13 14:39:04 - [TEST_STEP][PASSED] - println(a.getText()): null

2020-03-13 14:39:04 - [TEST_STEP][PASSED] - AllRoleNames.add(getText().toLowerCase()): null

2020-03-13 14:39:04 - [TEST_STEP][PASSED] - println(a.getText()): null

2020-03-13 14:39:04 - [TEST_STEP][PASSED] - AllRoleNames.add(getText().toLowerCase()): null

2020-03-13 14:39:04 - [TEST_STEP][PASSED] - println(a.getText()): null

2020-03-13 14:39:04 - [TEST_STEP][PASSED] - AllRoleNames.add(getText().toLowerCase()): null

2020-03-13 14:39:04 - [TEST_STEP][PASSED] - println(a.getText()): null

2020-03-13 14:39:04 - [TEST_STEP][PASSED] - AllRoleNames.add(getText().toLowerCase()): null

2020-03-13 14:39:04 - [TEST_STEP][PASSED] - println(a.getText()): null

2020-03-13 14:39:04 - [TEST_STEP][PASSED] - delay(2): Delayed 2 second(s)

2020-03-13 14:39:06 - [MESSAGE][PASSED] - Delayed 2 second(s)

2020-03-13 14:39:06 - [TEST_STEP][PASSED] - click(findTestObject("ROLES/Roles_page/Pagination/front_navigation")): Object: 'Object Repository/ROLES/Roles_page/Pagination/front_navigation' is clicked on

2020-03-13 14:39:07 - [MESSAGE][PASSED] - Object: 'Object Repository/ROLES/Roles_page/Pagination/front_navigation' is clicked on

2020-03-13 14:39:07 - [TEST_STEP][PASSED] - RoleNames = findWebElements(findTestObject("ROLES/Roles_page/Role Names"), 2): null

2020-03-13 14:39:08 - [TEST_STEP][PASSED] - for (org.openqa.selenium.WebElement a : RoleNames): null

2020-03-13 14:39:08 - [TEST_STEP][PASSED] - AllRoleNames.add(getText().toLowerCase()): null

2020-03-13 14:39:08 - [TEST_STEP][PASSED] - println(a.getText()): null

2020-03-13 14:39:08 - [TEST_STEP][PASSED] - AllRoleNames.add(getText().toLowerCase()): null

2020-03-13 14:39:08 - [TEST_STEP][PASSED] - println(a.getText()): null

2020-03-13 14:39:08 - [TEST_STEP][PASSED] - AllRoleNames.add(getText().toLowerCase()): null

2020-03-13 14:39:08 - [TEST_STEP][PASSED] - println(a.getText()): null

2020-03-13 14:39:08 - [TEST_STEP][PASSED] - AllRoleNames.add(getText().toLowerCase()): null

2020-03-13 14:39:08 - [TEST_STEP][PASSED] - println(a.getText()): null

2020-03-13 14:39:08 - [TEST_STEP][PASSED] - AllRoleNames.add(getText().toLowerCase()): null

2020-03-13 14:39:08 - [TEST_STEP][PASSED] - println(a.getText()): null

2020-03-13 14:39:08 - [TEST_STEP][PASSED] - AllRoleNames.add(getText().toLowerCase()): null

2020-03-13 14:39:08 - [TEST_STEP][PASSED] - println(a.getText()): null

2020-03-13 14:39:08 - [TEST_STEP][PASSED] - AllRoleNames.add(getText().toLowerCase()): null

2020-03-13 14:39:08 - [TEST_STEP][PASSED] - println(a.getText()): null

2020-03-13 14:39:08 - [TEST_STEP][PASSED] - AllRoleNames.add(getText().toLowerCase()): null

2020-03-13 14:39:08 - [TEST_STEP][PASSED] - println(a.getText()): null

2020-03-13 14:39:08 - [TEST_STEP][PASSED] - AllRoleNames.add(getText().toLowerCase()): null

2020-03-13 14:39:08 - [TEST_STEP][PASSED] - println(a.getText()): null

2020-03-13 14:39:08 - [TEST_STEP][PASSED] - AllRoleNames.add(getText().toLowerCase()): null

2020-03-13 14:39:08 - [TEST_STEP][PASSED] - println(a.getText()): null

2020-03-13 14:39:08 - [TEST_STEP][PASSED] - delay(2): Delayed 2 second(s)

2020-03-13 14:39:10 - [MESSAGE][PASSED] - Delayed 2 second(s)

2020-03-13 14:39:10 - [TEST_STEP][PASSED] - click(findTestObject("ROLES/Roles_page/Pagination/front_navigation")): Object: 'Object Repository/ROLES/Roles_page/Pagination/front_navigation' is clicked on

2020-03-13 14:39:10 - [MESSAGE][PASSED] - Object: 'Object Repository/ROLES/Roles_page/Pagination/front_navigation' is clicked on

2020-03-13 14:39:10 - [TEST_STEP][PASSED] - RoleNames = findWebElements(findTestObject("ROLES/Roles_page/Role Names"), 2): null

2020-03-13 14:39:11 - [TEST_STEP][PASSED] - for (org.openqa.selenium.WebElement a : RoleNames): null

2020-03-13 14:39:11 - [TEST_STEP][PASSED] - AllRoleNames.add(getText().toLowerCase()): null

2020-03-13 14:39:11 - [TEST_STEP][PASSED] - println(a.getText()): null

2020-03-13 14:39:11 - [TEST_STEP][PASSED] - AllRoleNames.add(getText().toLowerCase()): null

2020-03-13 14:39:11 - [TEST_STEP][PASSED] - println(a.getText()): null

2020-03-13 14:39:11 - [TEST_STEP][PASSED] - AllRoleNames.add(getText().toLowerCase()): null

2020-03-13 14:39:11 - [TEST_STEP][PASSED] - println(a.getText()): null

2020-03-13 14:39:11 - [TEST_STEP][PASSED] - AllRoleNames.add(getText().toLowerCase()): null

2020-03-13 14:39:11 - [TEST_STEP][PASSED] - println(a.getText()): null

2020-03-13 14:39:11 - [TEST_STEP][PASSED] - AllRoleNames.add(getText().toLowerCase()): null

2020-03-13 14:39:11 - [TEST_STEP][PASSED] - println(a.getText()): null

2020-03-13 14:39:11 - [TEST_STEP][PASSED] - AllRoleNames.add(getText().toLowerCase()): null

2020-03-13 14:39:11 - [TEST_STEP][PASSED] - println(a.getText()): null

2020-03-13 14:39:11 - [TEST_STEP][PASSED] - AllRoleNames.add(getText().toLowerCase()): null

2020-03-13 14:39:11 - [TEST_STEP][PASSED] - println(a.getText()): null

2020-03-13 14:39:11 - [TEST_STEP][PASSED] - AllRoleNames.add(getText().toLowerCase()): null

2020-03-13 14:39:11 - [TEST_STEP][PASSED] - println(a.getText()): null

2020-03-13 14:39:11 - [TEST_STEP][PASSED] - AllRoleNames.add(getText().toLowerCase()): null

2020-03-13 14:39:12 - [TEST_STEP][PASSED] - println(a.getText()): null

2020-03-13 14:39:12 - [TEST_STEP][PASSED] - AllRoleNames.add(getText().toLowerCase()): null

2020-03-13 14:39:12 - [TEST_STEP][PASSED] - println(a.getText()): null

2020-03-13 14:39:12 - [TEST_STEP][PASSED] - delay(2): Delayed 2 second(s)

2020-03-13 14:39:14 - [MESSAGE][PASSED] - Delayed 2 second(s)

2020-03-13 14:39:14 - [TEST_STEP][PASSED] - click(findTestObject("ROLES/Roles_page/Pagination/front_navigation")): Object: 'Object Repository/ROLES/Roles_page/Pagination/front_navigation' is clicked on

2020-03-13 14:39:14 - [MESSAGE][PASSED] - Object: 'Object Repository/ROLES/Roles_page/Pagination/front_navigation' is clicked on

2020-03-13 14:39:14 - [TEST_STEP][PASSED] - RoleNames = findWebElements(findTestObject("ROLES/Roles_page/Role Names"), 2): null

2020-03-13 14:39:15 - [TEST_STEP][PASSED] - for (org.openqa.selenium.WebElement a : RoleNames): null

2020-03-13 14:39:15 - [TEST_STEP][PASSED] - AllRoleNames.add(getText().toLowerCase()): null

2020-03-13 14:39:15 - [TEST_STEP][PASSED] - println(a.getText()): null

2020-03-13 14:39:15 - [TEST_STEP][PASSED] - AllRoleNames.add(getText().toLowerCase()): null

2020-03-13 14:39:15 - [TEST_STEP][PASSED] - println(a.getText()): null

2020-03-13 14:39:15 - [TEST_STEP][PASSED] - AllRoleNames.add(getText().toLowerCase()): null

2020-03-13 14:39:15 - [TEST_STEP][PASSED] - println(a.getText()): null

2020-03-13 14:39:15 - [TEST_STEP][PASSED] - AllRoleNames.add(getText().toLowerCase()): null

2020-03-13 14:39:15 - [TEST_STEP][PASSED] - println(a.getText()): null

2020-03-13 14:39:15 - [TEST_STEP][PASSED] - AllRoleNames.add(getText().toLowerCase()): null

2020-03-13 14:39:15 - [TEST_STEP][PASSED] - println(a.getText()): null

2020-03-13 14:39:15 - [TEST_STEP][PASSED] - AllRoleNames.add(getText().toLowerCase()): null

2020-03-13 14:39:15 - [TEST_STEP][PASSED] - println(a.getText()): null

2020-03-13 14:39:15 - [TEST_STEP][PASSED] - AllRoleNames.add(getText().toLowerCase()): null

2020-03-13 14:39:15 - [TEST_STEP][PASSED] - println(a.getText()): null

2020-03-13 14:39:15 - [TEST_STEP][PASSED] - AllRoleNames.add(getText().toLowerCase()): null

2020-03-13 14:39:15 - [TEST_STEP][PASSED] - println(a.getText()): null

2020-03-13 14:39:15 - [TEST_STEP][PASSED] - AllRoleNames.add(getText().toLowerCase()): null

2020-03-13 14:39:15 - [TEST_STEP][PASSED] - println(a.getText()): null

2020-03-13 14:39:15 - [TEST_STEP][PASSED] - AllRoleNames.add(getText().toLowerCase()): null

2020-03-13 14:39:15 - [TEST_STEP][PASSED] - println(a.getText()): null

2020-03-13 14:39:15 - [TEST_STEP][PASSED] - delay(2): Delayed 2 second(s)

2020-03-13 14:39:17 - [MESSAGE][PASSED] - Delayed 2 second(s)

2020-03-13 14:39:17 - [TEST_STEP][PASSED] - click(findTestObject("ROLES/Roles_page/Pagination/front_navigation")): Object: 'Object Repository/ROLES/Roles_page/Pagination/front_navigation' is clicked on

2020-03-13 14:39:18 - [MESSAGE][PASSED] - Object: 'Object Repository/ROLES/Roles_page/Pagination/front_navigation' is clicked on

2020-03-13 14:39:18 - [TEST_STEP][PASSED] - RoleNames = findWebElements(findTestObject("ROLES/Roles_page/Role Names"), 2): null

2020-03-13 14:39:18 - [TEST_STEP][PASSED] - for (org.openqa.selenium.WebElement a : RoleNames): null

2020-03-13 14:39:18 - [TEST_STEP][PASSED] - AllRoleNames.add(getText().toLowerCase()): null

2020-03-13 14:39:18 - [TEST_STEP][PASSED] - println(a.getText()): null

2020-03-13 14:39:18 - [TEST_STEP][PASSED] - AllRoleNames.add(getText().toLowerCase()): null

2020-03-13 14:39:18 - [TEST_STEP][PASSED] - println(a.getText()): null

2020-03-13 14:39:18 - [TEST_STEP][PASSED] - AllRoleNames.add(getText().toLowerCase()): null

2020-03-13 14:39:19 - [TEST_STEP][PASSED] - println(a.getText()): null

2020-03-13 14:39:19 - [TEST_STEP][PASSED] - AllRoleNames.add(getText().toLowerCase()): null

2020-03-13 14:39:19 - [TEST_STEP][PASSED] - println(a.getText()): null

2020-03-13 14:39:19 - [TEST_STEP][PASSED] - delay(2): Delayed 2 second(s)

2020-03-13 14:39:21 - [MESSAGE][PASSED] - Delayed 2 second(s)

2020-03-13 14:39:21 - [TEST_STEP][PASSED] - click(findTestObject("ROLES/Roles_page/Pagination/front_navigation")): Object: 'Object Repository/ROLES/Roles_page/Pagination/front_navigation' is clicked on

2020-03-13 14:39:23 - [MESSAGE][PASSED] - Object: 'Object Repository/ROLES/Roles_page/Pagination/front_navigation' is clicked on

2020-03-13 14:39:23 - [TEST_STEP][PASSED] - if (j == 1): null

2020-03-13 14:39:23 - [TEST_STEP][PASSED] - if (j == 2): Actual object 'true' and expected object 'true' are equal

2020-03-13 14:39:23 - [TEST_STEP][PASSED] - isSorted = web.CustomKeyword.checkListAscendingOrder(AllRoleNames): web.CustomKeyword.checkListAscendingOrder is PASSED

2020-03-13 14:39:23 - [MESSAGE][PASSED] - web.CustomKeyword.checkListAscendingOrder is PASSED

2020-03-13 14:39:23 - [TEST_STEP][PASSED] - println(AllRoleNames.size()): null

2020-03-13 14:39:23 - [TEST_STEP][PASSED] - println(AllRoleNames): null

2020-03-13 14:39:23 - [TEST_STEP][PASSED] - verifyEqual(isSorted, true): Actual object 'true' and expected object 'true' are equal

2020-03-13 14:39:23 - [MESSAGE][PASSED] - Actual object 'true' and expected object 'true' are equal

2020-03-13 14:39:23 - [TEST_STEP][PASSED] - clearText(findTestObject("Object Repository/ROLES/Roles_page/Pagination/input_Page_form-control")): Text of object 'Object Repository/ROLES/Roles_page/Pagination/input_Page_form-control' is cleared

2020-03-13 14:39:24 - [MESSAGE][PASSED] - Text of object 'Object Repository/ROLES/Roles_page/Pagination/input_Page_form-control' is cleared

2020-03-13 14:39:24 - [TEST_STEP][PASSED] - setText(findTestObject("Object Repository/ROLES/Roles_page/Pagination/input_Page_form-control"), BACK_SPACE + BACK_SPACE + "1" + ENTER): Text 'BACK_SPACE + BACK_SPACE + ENTER + 1' is set on object 'Object Repository/ROLES/Roles_page/Pagination/input_Page_form-control'

2020-03-13 14:39:24 - [MESSAGE][PASSED] - Text 'BACK_SPACE + BACK_SPACE + ENTER + 1' is set on object 'Object Repository/ROLES/Roles_page/Pagination/input_Page_form-control'

2020-03-13 14:39:24 - [TEST_STEP][PASSED] - Start listener action : sampleAfterTestCase: null

2020-03-13 14:39:24 - [TEST_STEP][PASSED] - println(testCaseContext.getTestCaseId()): null

2020-03-13 14:39:24 - [TEST_STEP][PASSED] - println(testCaseContext.getTestCaseStatus()): null

2020-03-13 14:39:24 - [TEST_STEP][PASSED] - println("On Failure Method is Calling : " + testCaseContext.getTestCaseStatus()): null

2020-03-13 14:39:24 - [TEST_STEP][PASSED] - if (!(getTestCaseStatus().equalsIgnoreCase("PASSED"))): null]]></system-out>
         <system-err><![CDATA[]]></system-err>
      </testcase>
      <testcase name="Test Cases/Atlas Platform/Configuration Management/Platform Management/ROLES/Role Listing Grid/RLG-011 Verify sorting by Status" time="65.098" classname="Test Cases/Atlas Platform/Configuration Management/Platform Management/ROLES/Role Listing Grid/RLG-011 Verify sorting by Status" status="PASSED">
         <system-out><![CDATA[2020-03-13 14:39:26 - [TEST_CASE][PASSED] - Test Cases/Atlas Platform/Configuration Management/Platform Management/ROLES/Role Listing Grid/RLG-011 Verify sorting by Status: Test Cases/Atlas Platform/Configuration Management/Platform Management/ROLES/Role Listing Grid/RLG-011 Verify sorting by Status

2020-03-13 14:39:27 - [TEST_STEP][NOT_RUN] - callTestCase(findTestCase("Atlas Platform/Platform Navigation/Login/Default Logins/Default_Login_as_Root Admin"), ["Email":findTestData("AMP_Y").getValue(1, 1), "Password":findTestData("AMP_Y").getValue(2, 1), "dashboard_exp_title":""], CONTINUE_ON_FAILURE): NOT_RUN: callTestCase(findTestCase("Atlas Platform/Platform Navigation/Login/Default Logins/Default_Login_as_Root Admin"), ["Email":findTestData("AMP_Y").getValue(1, 1), "Password":findTestData("AMP_Y").getValue(2, 1), "dashboard_exp_title":""], CONTINUE_ON_FAILURE)

2020-03-13 14:39:27 - [MESSAGE][NOT_RUN] - NOT_RUN: callTestCase(findTestCase("Atlas Platform/Platform Navigation/Login/Default Logins/Default_Login_as_Root Admin"), ["Email":findTestData("AMP_Y").getValue(1, 1), "Password":findTestData("AMP_Y").getValue(2, 1), "dashboard_exp_title":""], CONTINUE_ON_FAILURE)

2020-03-13 14:39:27 - [TEST_STEP][PASSED] - driver = getWebDriver(): null

2020-03-13 14:39:27 - [TEST_STEP][NOT_RUN] - click(findTestObject("ROLES/Role_Navigation/a_ADMIN")): NOT_RUN: click(findTestObject("ROLES/Role_Navigation/a_ADMIN"))

2020-03-13 14:39:27 - [MESSAGE][NOT_RUN] - NOT_RUN: click(findTestObject("ROLES/Role_Navigation/a_ADMIN"))

2020-03-13 14:39:27 - [TEST_STEP][PASSED] - noOfPages_text = getText(findTestObject("ROLES/Roles_page/Pagination/label_of 10")): Text of object 'Object Repository/ROLES/Roles_page/Pagination/label_of 10' is: 'of 18'

2020-03-13 14:39:27 - [MESSAGE][PASSED] - Text of object 'Object Repository/ROLES/Roles_page/Pagination/label_of 10' is: 'of 18'

2020-03-13 14:39:27 - [TEST_STEP][PASSED] - noOfPages = Integer.parseInt(noOfPages_text.substring(3)): null

2020-03-13 14:39:27 - [TEST_STEP][PASSED] - println(noOfPages): null

2020-03-13 14:39:27 - [TEST_STEP][PASSED] - for ([j = 1, j < 3, (j++)]): Actual object 'true' and expected object 'true' are equal

2020-03-13 14:39:27 - [TEST_STEP][PASSED] - click(findTestObject("ROLES/Roles_page/sorting/Status_header")): Object: 'Object Repository/ROLES/Roles_page/sorting/Status_header' is clicked on

2020-03-13 14:39:28 - [MESSAGE][PASSED] - Object: 'Object Repository/ROLES/Roles_page/sorting/Status_header' is clicked on

2020-03-13 14:39:28 - [TEST_STEP][PASSED] - status = <not implemented yet for class: org.codehaus.groovy.ast.expr.EmptyExpression>: null

2020-03-13 14:39:28 - [TEST_STEP][PASSED] - AllStatus = new java.util.ArrayList(): null

2020-03-13 14:39:28 - [TEST_STEP][PASSED] - for ([i = 1, i <= noOfPages, (i++)]): Object: 'Object Repository/ROLES/Roles_page/Pagination/front_navigation' is clicked on

2020-03-13 14:39:28 - [TEST_STEP][PASSED] - status = findWebElements(findTestObject("ROLES/Roles_page/sorting/status"), 2): null

2020-03-13 14:39:29 - [TEST_STEP][PASSED] - for (org.openqa.selenium.WebElement a : status): null

2020-03-13 14:39:29 - [TEST_STEP][PASSED] - AllStatus.add(a.getText()): null

2020-03-13 14:39:29 - [TEST_STEP][PASSED] - AllStatus.add(a.getText()): null

2020-03-13 14:39:29 - [TEST_STEP][PASSED] - AllStatus.add(a.getText()): null

2020-03-13 14:39:29 - [TEST_STEP][PASSED] - AllStatus.add(a.getText()): null

2020-03-13 14:39:29 - [TEST_STEP][PASSED] - AllStatus.add(a.getText()): null

2020-03-13 14:39:29 - [TEST_STEP][PASSED] - AllStatus.add(a.getText()): null

2020-03-13 14:39:29 - [TEST_STEP][PASSED] - AllStatus.add(a.getText()): null

2020-03-13 14:39:29 - [TEST_STEP][PASSED] - AllStatus.add(a.getText()): null

2020-03-13 14:39:29 - [TEST_STEP][PASSED] - AllStatus.add(a.getText()): null

2020-03-13 14:39:29 - [TEST_STEP][PASSED] - AllStatus.add(a.getText()): null

2020-03-13 14:39:29 - [TEST_STEP][PASSED] - click(findTestObject("ROLES/Roles_page/Pagination/front_navigation")): Object: 'Object Repository/ROLES/Roles_page/Pagination/front_navigation' is clicked on

2020-03-13 14:39:29 - [MESSAGE][PASSED] - Object: 'Object Repository/ROLES/Roles_page/Pagination/front_navigation' is clicked on

2020-03-13 14:39:29 - [TEST_STEP][PASSED] - status = findWebElements(findTestObject("ROLES/Roles_page/sorting/status"), 2): null

2020-03-13 14:39:30 - [TEST_STEP][PASSED] - for (org.openqa.selenium.WebElement a : status): null

2020-03-13 14:39:30 - [TEST_STEP][PASSED] - AllStatus.add(a.getText()): null

2020-03-13 14:39:30 - [TEST_STEP][PASSED] - AllStatus.add(a.getText()): null

2020-03-13 14:39:30 - [TEST_STEP][PASSED] - AllStatus.add(a.getText()): null

2020-03-13 14:39:30 - [TEST_STEP][PASSED] - AllStatus.add(a.getText()): null

2020-03-13 14:39:30 - [TEST_STEP][PASSED] - AllStatus.add(a.getText()): null

2020-03-13 14:39:30 - [TEST_STEP][PASSED] - AllStatus.add(a.getText()): null

2020-03-13 14:39:30 - [TEST_STEP][PASSED] - AllStatus.add(a.getText()): null

2020-03-13 14:39:30 - [TEST_STEP][PASSED] - AllStatus.add(a.getText()): null

2020-03-13 14:39:30 - [TEST_STEP][PASSED] - AllStatus.add(a.getText()): null

2020-03-13 14:39:30 - [TEST_STEP][PASSED] - AllStatus.add(a.getText()): null

2020-03-13 14:39:30 - [TEST_STEP][PASSED] - click(findTestObject("ROLES/Roles_page/Pagination/front_navigation")): Object: 'Object Repository/ROLES/Roles_page/Pagination/front_navigation' is clicked on

2020-03-13 14:39:31 - [MESSAGE][PASSED] - Object: 'Object Repository/ROLES/Roles_page/Pagination/front_navigation' is clicked on

2020-03-13 14:39:31 - [TEST_STEP][PASSED] - status = findWebElements(findTestObject("ROLES/Roles_page/sorting/status"), 2): null

2020-03-13 14:39:32 - [TEST_STEP][PASSED] - for (org.openqa.selenium.WebElement a : status): null

2020-03-13 14:39:32 - [TEST_STEP][PASSED] - AllStatus.add(a.getText()): null

2020-03-13 14:39:32 - [TEST_STEP][PASSED] - AllStatus.add(a.getText()): null

2020-03-13 14:39:32 - [TEST_STEP][PASSED] - AllStatus.add(a.getText()): null

2020-03-13 14:39:32 - [TEST_STEP][PASSED] - AllStatus.add(a.getText()): null

2020-03-13 14:39:32 - [TEST_STEP][PASSED] - AllStatus.add(a.getText()): null

2020-03-13 14:39:32 - [TEST_STEP][PASSED] - AllStatus.add(a.getText()): null

2020-03-13 14:39:32 - [TEST_STEP][PASSED] - AllStatus.add(a.getText()): null

2020-03-13 14:39:32 - [TEST_STEP][PASSED] - AllStatus.add(a.getText()): null

2020-03-13 14:39:32 - [TEST_STEP][PASSED] - AllStatus.add(a.getText()): null

2020-03-13 14:39:32 - [TEST_STEP][PASSED] - AllStatus.add(a.getText()): null

2020-03-13 14:39:32 - [TEST_STEP][PASSED] - click(findTestObject("ROLES/Roles_page/Pagination/front_navigation")): Object: 'Object Repository/ROLES/Roles_page/Pagination/front_navigation' is clicked on

2020-03-13 14:39:32 - [MESSAGE][PASSED] - Object: 'Object Repository/ROLES/Roles_page/Pagination/front_navigation' is clicked on

2020-03-13 14:39:32 - [TEST_STEP][PASSED] - status = findWebElements(findTestObject("ROLES/Roles_page/sorting/status"), 2): null

2020-03-13 14:39:33 - [TEST_STEP][PASSED] - for (org.openqa.selenium.WebElement a : status): null

2020-03-13 14:39:33 - [TEST_STEP][PASSED] - AllStatus.add(a.getText()): null

2020-03-13 14:39:33 - [TEST_STEP][PASSED] - AllStatus.add(a.getText()): null

2020-03-13 14:39:33 - [TEST_STEP][PASSED] - AllStatus.add(a.getText()): null

2020-03-13 14:39:33 - [TEST_STEP][PASSED] - AllStatus.add(a.getText()): null

2020-03-13 14:39:33 - [TEST_STEP][PASSED] - AllStatus.add(a.getText()): null

2020-03-13 14:39:33 - [TEST_STEP][PASSED] - AllStatus.add(a.getText()): null

2020-03-13 14:39:33 - [TEST_STEP][PASSED] - AllStatus.add(a.getText()): null

2020-03-13 14:39:33 - [TEST_STEP][PASSED] - AllStatus.add(a.getText()): null

2020-03-13 14:39:33 - [TEST_STEP][PASSED] - AllStatus.add(a.getText()): null

2020-03-13 14:39:33 - [TEST_STEP][PASSED] - AllStatus.add(a.getText()): null

2020-03-13 14:39:33 - [TEST_STEP][PASSED] - click(findTestObject("ROLES/Roles_page/Pagination/front_navigation")): Object: 'Object Repository/ROLES/Roles_page/Pagination/front_navigation' is clicked on

2020-03-13 14:39:34 - [MESSAGE][PASSED] - Object: 'Object Repository/ROLES/Roles_page/Pagination/front_navigation' is clicked on

2020-03-13 14:39:34 - [TEST_STEP][PASSED] - status = findWebElements(findTestObject("ROLES/Roles_page/sorting/status"), 2): null

2020-03-13 14:39:35 - [TEST_STEP][PASSED] - for (org.openqa.selenium.WebElement a : status): null

2020-03-13 14:39:35 - [TEST_STEP][PASSED] - AllStatus.add(a.getText()): null

2020-03-13 14:39:35 - [TEST_STEP][PASSED] - AllStatus.add(a.getText()): null

2020-03-13 14:39:35 - [TEST_STEP][PASSED] - AllStatus.add(a.getText()): null

2020-03-13 14:39:35 - [TEST_STEP][PASSED] - AllStatus.add(a.getText()): null

2020-03-13 14:39:35 - [TEST_STEP][PASSED] - AllStatus.add(a.getText()): null

2020-03-13 14:39:35 - [TEST_STEP][PASSED] - AllStatus.add(a.getText()): null

2020-03-13 14:39:35 - [TEST_STEP][PASSED] - AllStatus.add(a.getText()): null

2020-03-13 14:39:35 - [TEST_STEP][PASSED] - AllStatus.add(a.getText()): null

2020-03-13 14:39:35 - [TEST_STEP][PASSED] - AllStatus.add(a.getText()): null

2020-03-13 14:39:35 - [TEST_STEP][PASSED] - AllStatus.add(a.getText()): null

2020-03-13 14:39:35 - [TEST_STEP][PASSED] - click(findTestObject("ROLES/Roles_page/Pagination/front_navigation")): Object: 'Object Repository/ROLES/Roles_page/Pagination/front_navigation' is clicked on

2020-03-13 14:39:35 - [MESSAGE][PASSED] - Object: 'Object Repository/ROLES/Roles_page/Pagination/front_navigation' is clicked on

2020-03-13 14:39:35 - [TEST_STEP][PASSED] - status = findWebElements(findTestObject("ROLES/Roles_page/sorting/status"), 2): null

2020-03-13 14:39:36 - [TEST_STEP][PASSED] - for (org.openqa.selenium.WebElement a : status): null

2020-03-13 14:39:36 - [TEST_STEP][PASSED] - AllStatus.add(a.getText()): null

2020-03-13 14:39:36 - [TEST_STEP][PASSED] - AllStatus.add(a.getText()): null

2020-03-13 14:39:36 - [TEST_STEP][PASSED] - AllStatus.add(a.getText()): null

2020-03-13 14:39:36 - [TEST_STEP][PASSED] - AllStatus.add(a.getText()): null

2020-03-13 14:39:36 - [TEST_STEP][PASSED] - AllStatus.add(a.getText()): null

2020-03-13 14:39:36 - [TEST_STEP][PASSED] - AllStatus.add(a.getText()): null

2020-03-13 14:39:36 - [TEST_STEP][PASSED] - AllStatus.add(a.getText()): null

2020-03-13 14:39:36 - [TEST_STEP][PASSED] - AllStatus.add(a.getText()): null

2020-03-13 14:39:36 - [TEST_STEP][PASSED] - AllStatus.add(a.getText()): null

2020-03-13 14:39:36 - [TEST_STEP][PASSED] - AllStatus.add(a.getText()): null

2020-03-13 14:39:36 - [TEST_STEP][PASSED] - click(findTestObject("ROLES/Roles_page/Pagination/front_navigation")): Object: 'Object Repository/ROLES/Roles_page/Pagination/front_navigation' is clicked on

2020-03-13 14:39:37 - [MESSAGE][PASSED] - Object: 'Object Repository/ROLES/Roles_page/Pagination/front_navigation' is clicked on

2020-03-13 14:39:37 - [TEST_STEP][PASSED] - status = findWebElements(findTestObject("ROLES/Roles_page/sorting/status"), 2): null

2020-03-13 14:39:38 - [TEST_STEP][PASSED] - for (org.openqa.selenium.WebElement a : status): null

2020-03-13 14:39:38 - [TEST_STEP][PASSED] - AllStatus.add(a.getText()): null

2020-03-13 14:39:38 - [TEST_STEP][PASSED] - AllStatus.add(a.getText()): null

2020-03-13 14:39:38 - [TEST_STEP][PASSED] - AllStatus.add(a.getText()): null

2020-03-13 14:39:38 - [TEST_STEP][PASSED] - AllStatus.add(a.getText()): null

2020-03-13 14:39:38 - [TEST_STEP][PASSED] - AllStatus.add(a.getText()): null

2020-03-13 14:39:38 - [TEST_STEP][PASSED] - AllStatus.add(a.getText()): null

2020-03-13 14:39:38 - [TEST_STEP][PASSED] - AllStatus.add(a.getText()): null

2020-03-13 14:39:38 - [TEST_STEP][PASSED] - AllStatus.add(a.getText()): null

2020-03-13 14:39:38 - [TEST_STEP][PASSED] - AllStatus.add(a.getText()): null

2020-03-13 14:39:38 - [TEST_STEP][PASSED] - AllStatus.add(a.getText()): null

2020-03-13 14:39:38 - [TEST_STEP][PASSED] - click(findTestObject("ROLES/Roles_page/Pagination/front_navigation")): Object: 'Object Repository/ROLES/Roles_page/Pagination/front_navigation' is clicked on

2020-03-13 14:39:38 - [MESSAGE][PASSED] - Object: 'Object Repository/ROLES/Roles_page/Pagination/front_navigation' is clicked on

2020-03-13 14:39:38 - [TEST_STEP][PASSED] - status = findWebElements(findTestObject("ROLES/Roles_page/sorting/status"), 2): null

2020-03-13 14:39:39 - [TEST_STEP][PASSED] - for (org.openqa.selenium.WebElement a : status): null

2020-03-13 14:39:39 - [TEST_STEP][PASSED] - AllStatus.add(a.getText()): null

2020-03-13 14:39:39 - [TEST_STEP][PASSED] - AllStatus.add(a.getText()): null

2020-03-13 14:39:39 - [TEST_STEP][PASSED] - AllStatus.add(a.getText()): null

2020-03-13 14:39:39 - [TEST_STEP][PASSED] - AllStatus.add(a.getText()): null

2020-03-13 14:39:39 - [TEST_STEP][PASSED] - AllStatus.add(a.getText()): null

2020-03-13 14:39:39 - [TEST_STEP][PASSED] - AllStatus.add(a.getText()): null

2020-03-13 14:39:39 - [TEST_STEP][PASSED] - AllStatus.add(a.getText()): null

2020-03-13 14:39:39 - [TEST_STEP][PASSED] - AllStatus.add(a.getText()): null

2020-03-13 14:39:39 - [TEST_STEP][PASSED] - AllStatus.add(a.getText()): null

2020-03-13 14:39:39 - [TEST_STEP][PASSED] - AllStatus.add(a.getText()): null

2020-03-13 14:39:39 - [TEST_STEP][PASSED] - click(findTestObject("ROLES/Roles_page/Pagination/front_navigation")): Object: 'Object Repository/ROLES/Roles_page/Pagination/front_navigation' is clicked on

2020-03-13 14:39:40 - [MESSAGE][PASSED] - Object: 'Object Repository/ROLES/Roles_page/Pagination/front_navigation' is clicked on

2020-03-13 14:39:40 - [TEST_STEP][PASSED] - status = findWebElements(findTestObject("ROLES/Roles_page/sorting/status"), 2): null

2020-03-13 14:39:41 - [TEST_STEP][PASSED] - for (org.openqa.selenium.WebElement a : status): null

2020-03-13 14:39:41 - [TEST_STEP][PASSED] - AllStatus.add(a.getText()): null

2020-03-13 14:39:41 - [TEST_STEP][PASSED] - AllStatus.add(a.getText()): null

2020-03-13 14:39:41 - [TEST_STEP][PASSED] - AllStatus.add(a.getText()): null

2020-03-13 14:39:41 - [TEST_STEP][PASSED] - AllStatus.add(a.getText()): null

2020-03-13 14:39:41 - [TEST_STEP][PASSED] - AllStatus.add(a.getText()): null

2020-03-13 14:39:41 - [TEST_STEP][PASSED] - AllStatus.add(a.getText()): null

2020-03-13 14:39:41 - [TEST_STEP][PASSED] - AllStatus.add(a.getText()): null

2020-03-13 14:39:41 - [TEST_STEP][PASSED] - AllStatus.add(a.getText()): null

2020-03-13 14:39:41 - [TEST_STEP][PASSED] - AllStatus.add(a.getText()): null

2020-03-13 14:39:41 - [TEST_STEP][PASSED] - AllStatus.add(a.getText()): null

2020-03-13 14:39:41 - [TEST_STEP][PASSED] - click(findTestObject("ROLES/Roles_page/Pagination/front_navigation")): Object: 'Object Repository/ROLES/Roles_page/Pagination/front_navigation' is clicked on

2020-03-13 14:39:41 - [MESSAGE][PASSED] - Object: 'Object Repository/ROLES/Roles_page/Pagination/front_navigation' is clicked on

2020-03-13 14:39:41 - [TEST_STEP][PASSED] - status = findWebElements(findTestObject("ROLES/Roles_page/sorting/status"), 2): null

2020-03-13 14:39:42 - [TEST_STEP][PASSED] - for (org.openqa.selenium.WebElement a : status): null

2020-03-13 14:39:42 - [TEST_STEP][PASSED] - AllStatus.add(a.getText()): null

2020-03-13 14:39:42 - [TEST_STEP][PASSED] - AllStatus.add(a.getText()): null

2020-03-13 14:39:42 - [TEST_STEP][PASSED] - AllStatus.add(a.getText()): null

2020-03-13 14:39:42 - [TEST_STEP][PASSED] - AllStatus.add(a.getText()): null

2020-03-13 14:39:42 - [TEST_STEP][PASSED] - AllStatus.add(a.getText()): null

2020-03-13 14:39:42 - [TEST_STEP][PASSED] - AllStatus.add(a.getText()): null

2020-03-13 14:39:42 - [TEST_STEP][PASSED] - AllStatus.add(a.getText()): null

2020-03-13 14:39:42 - [TEST_STEP][PASSED] - AllStatus.add(a.getText()): null

2020-03-13 14:39:42 - [TEST_STEP][PASSED] - AllStatus.add(a.getText()): null

2020-03-13 14:39:42 - [TEST_STEP][PASSED] - AllStatus.add(a.getText()): null

2020-03-13 14:39:42 - [TEST_STEP][PASSED] - click(findTestObject("ROLES/Roles_page/Pagination/front_navigation")): Object: 'Object Repository/ROLES/Roles_page/Pagination/front_navigation' is clicked on

2020-03-13 14:39:43 - [MESSAGE][PASSED] - Object: 'Object Repository/ROLES/Roles_page/Pagination/front_navigation' is clicked on

2020-03-13 14:39:43 - [TEST_STEP][PASSED] - status = findWebElements(findTestObject("ROLES/Roles_page/sorting/status"), 2): null

2020-03-13 14:39:44 - [TEST_STEP][PASSED] - for (org.openqa.selenium.WebElement a : status): null

2020-03-13 14:39:44 - [TEST_STEP][PASSED] - AllStatus.add(a.getText()): null

2020-03-13 14:39:44 - [TEST_STEP][PASSED] - AllStatus.add(a.getText()): null

2020-03-13 14:39:44 - [TEST_STEP][PASSED] - AllStatus.add(a.getText()): null

2020-03-13 14:39:44 - [TEST_STEP][PASSED] - AllStatus.add(a.getText()): null

2020-03-13 14:39:44 - [TEST_STEP][PASSED] - AllStatus.add(a.getText()): null

2020-03-13 14:39:44 - [TEST_STEP][PASSED] - AllStatus.add(a.getText()): null

2020-03-13 14:39:44 - [TEST_STEP][PASSED] - AllStatus.add(a.getText()): null

2020-03-13 14:39:44 - [TEST_STEP][PASSED] - AllStatus.add(a.getText()): null

2020-03-13 14:39:44 - [TEST_STEP][PASSED] - AllStatus.add(a.getText()): null

2020-03-13 14:39:44 - [TEST_STEP][PASSED] - AllStatus.add(a.getText()): null

2020-03-13 14:39:44 - [TEST_STEP][PASSED] - click(findTestObject("ROLES/Roles_page/Pagination/front_navigation")): Object: 'Object Repository/ROLES/Roles_page/Pagination/front_navigation' is clicked on

2020-03-13 14:39:44 - [MESSAGE][PASSED] - Object: 'Object Repository/ROLES/Roles_page/Pagination/front_navigation' is clicked on

2020-03-13 14:39:44 - [TEST_STEP][PASSED] - status = findWebElements(findTestObject("ROLES/Roles_page/sorting/status"), 2): null

2020-03-13 14:39:45 - [TEST_STEP][PASSED] - for (org.openqa.selenium.WebElement a : status): null

2020-03-13 14:39:45 - [TEST_STEP][PASSED] - AllStatus.add(a.getText()): null

2020-03-13 14:39:45 - [TEST_STEP][PASSED] - AllStatus.add(a.getText()): null

2020-03-13 14:39:45 - [TEST_STEP][PASSED] - AllStatus.add(a.getText()): null

2020-03-13 14:39:45 - [TEST_STEP][PASSED] - AllStatus.add(a.getText()): null

2020-03-13 14:39:45 - [TEST_STEP][PASSED] - AllStatus.add(a.getText()): null

2020-03-13 14:39:45 - [TEST_STEP][PASSED] - AllStatus.add(a.getText()): null

2020-03-13 14:39:45 - [TEST_STEP][PASSED] - AllStatus.add(a.getText()): null

2020-03-13 14:39:45 - [TEST_STEP][PASSED] - AllStatus.add(a.getText()): null

2020-03-13 14:39:45 - [TEST_STEP][PASSED] - AllStatus.add(a.getText()): null

2020-03-13 14:39:45 - [TEST_STEP][PASSED] - AllStatus.add(a.getText()): null

2020-03-13 14:39:45 - [TEST_STEP][PASSED] - click(findTestObject("ROLES/Roles_page/Pagination/front_navigation")): Object: 'Object Repository/ROLES/Roles_page/Pagination/front_navigation' is clicked on

2020-03-13 14:39:46 - [MESSAGE][PASSED] - Object: 'Object Repository/ROLES/Roles_page/Pagination/front_navigation' is clicked on

2020-03-13 14:39:46 - [TEST_STEP][PASSED] - status = findWebElements(findTestObject("ROLES/Roles_page/sorting/status"), 2): null

2020-03-13 14:39:47 - [TEST_STEP][PASSED] - for (org.openqa.selenium.WebElement a : status): null

2020-03-13 14:39:47 - [TEST_STEP][PASSED] - AllStatus.add(a.getText()): null

2020-03-13 14:39:47 - [TEST_STEP][PASSED] - AllStatus.add(a.getText()): null

2020-03-13 14:39:47 - [TEST_STEP][PASSED] - AllStatus.add(a.getText()): null

2020-03-13 14:39:47 - [TEST_STEP][PASSED] - AllStatus.add(a.getText()): null

2020-03-13 14:39:47 - [TEST_STEP][PASSED] - AllStatus.add(a.getText()): null

2020-03-13 14:39:47 - [TEST_STEP][PASSED] - AllStatus.add(a.getText()): null

2020-03-13 14:39:47 - [TEST_STEP][PASSED] - AllStatus.add(a.getText()): null

2020-03-13 14:39:47 - [TEST_STEP][PASSED] - AllStatus.add(a.getText()): null

2020-03-13 14:39:47 - [TEST_STEP][PASSED] - AllStatus.add(a.getText()): null

2020-03-13 14:39:47 - [TEST_STEP][PASSED] - AllStatus.add(a.getText()): null

2020-03-13 14:39:47 - [TEST_STEP][PASSED] - click(findTestObject("ROLES/Roles_page/Pagination/front_navigation")): Object: 'Object Repository/ROLES/Roles_page/Pagination/front_navigation' is clicked on

2020-03-13 14:39:47 - [MESSAGE][PASSED] - Object: 'Object Repository/ROLES/Roles_page/Pagination/front_navigation' is clicked on

2020-03-13 14:39:47 - [TEST_STEP][PASSED] - status = findWebElements(findTestObject("ROLES/Roles_page/sorting/status"), 2): null

2020-03-13 14:39:48 - [TEST_STEP][PASSED] - for (org.openqa.selenium.WebElement a : status): null

2020-03-13 14:39:48 - [TEST_STEP][PASSED] - AllStatus.add(a.getText()): null

2020-03-13 14:39:48 - [TEST_STEP][PASSED] - AllStatus.add(a.getText()): null

2020-03-13 14:39:48 - [TEST_STEP][PASSED] - AllStatus.add(a.getText()): null

2020-03-13 14:39:48 - [TEST_STEP][PASSED] - AllStatus.add(a.getText()): null

2020-03-13 14:39:48 - [TEST_STEP][PASSED] - AllStatus.add(a.getText()): null

2020-03-13 14:39:48 - [TEST_STEP][PASSED] - AllStatus.add(a.getText()): null

2020-03-13 14:39:48 - [TEST_STEP][PASSED] - AllStatus.add(a.getText()): null

2020-03-13 14:39:48 - [TEST_STEP][PASSED] - AllStatus.add(a.getText()): null

2020-03-13 14:39:48 - [TEST_STEP][PASSED] - AllStatus.add(a.getText()): null

2020-03-13 14:39:48 - [TEST_STEP][PASSED] - AllStatus.add(a.getText()): null

2020-03-13 14:39:48 - [TEST_STEP][PASSED] - click(findTestObject("ROLES/Roles_page/Pagination/front_navigation")): Object: 'Object Repository/ROLES/Roles_page/Pagination/front_navigation' is clicked on

2020-03-13 14:39:49 - [MESSAGE][PASSED] - Object: 'Object Repository/ROLES/Roles_page/Pagination/front_navigation' is clicked on

2020-03-13 14:39:49 - [TEST_STEP][PASSED] - status = findWebElements(findTestObject("ROLES/Roles_page/sorting/status"), 2): null

2020-03-13 14:39:50 - [TEST_STEP][PASSED] - for (org.openqa.selenium.WebElement a : status): null

2020-03-13 14:39:50 - [TEST_STEP][PASSED] - AllStatus.add(a.getText()): null

2020-03-13 14:39:50 - [TEST_STEP][PASSED] - AllStatus.add(a.getText()): null

2020-03-13 14:39:50 - [TEST_STEP][PASSED] - AllStatus.add(a.getText()): null

2020-03-13 14:39:50 - [TEST_STEP][PASSED] - AllStatus.add(a.getText()): null

2020-03-13 14:39:50 - [TEST_STEP][PASSED] - AllStatus.add(a.getText()): null

2020-03-13 14:39:50 - [TEST_STEP][PASSED] - AllStatus.add(a.getText()): null

2020-03-13 14:39:50 - [TEST_STEP][PASSED] - AllStatus.add(a.getText()): null

2020-03-13 14:39:50 - [TEST_STEP][PASSED] - AllStatus.add(a.getText()): null

2020-03-13 14:39:50 - [TEST_STEP][PASSED] - AllStatus.add(a.getText()): null

2020-03-13 14:39:50 - [TEST_STEP][PASSED] - AllStatus.add(a.getText()): null

2020-03-13 14:39:50 - [TEST_STEP][PASSED] - click(findTestObject("ROLES/Roles_page/Pagination/front_navigation")): Object: 'Object Repository/ROLES/Roles_page/Pagination/front_navigation' is clicked on

2020-03-13 14:39:50 - [MESSAGE][PASSED] - Object: 'Object Repository/ROLES/Roles_page/Pagination/front_navigation' is clicked on

2020-03-13 14:39:50 - [TEST_STEP][PASSED] - status = findWebElements(findTestObject("ROLES/Roles_page/sorting/status"), 2): null

2020-03-13 14:39:51 - [TEST_STEP][PASSED] - for (org.openqa.selenium.WebElement a : status): null

2020-03-13 14:39:51 - [TEST_STEP][PASSED] - AllStatus.add(a.getText()): null

2020-03-13 14:39:51 - [TEST_STEP][PASSED] - AllStatus.add(a.getText()): null

2020-03-13 14:39:51 - [TEST_STEP][PASSED] - AllStatus.add(a.getText()): null

2020-03-13 14:39:51 - [TEST_STEP][PASSED] - AllStatus.add(a.getText()): null

2020-03-13 14:39:51 - [TEST_STEP][PASSED] - AllStatus.add(a.getText()): null

2020-03-13 14:39:51 - [TEST_STEP][PASSED] - AllStatus.add(a.getText()): null

2020-03-13 14:39:51 - [TEST_STEP][PASSED] - AllStatus.add(a.getText()): null

2020-03-13 14:39:51 - [TEST_STEP][PASSED] - AllStatus.add(a.getText()): null

2020-03-13 14:39:51 - [TEST_STEP][PASSED] - AllStatus.add(a.getText()): null

2020-03-13 14:39:51 - [TEST_STEP][PASSED] - AllStatus.add(a.getText()): null

2020-03-13 14:39:51 - [TEST_STEP][PASSED] - click(findTestObject("ROLES/Roles_page/Pagination/front_navigation")): Object: 'Object Repository/ROLES/Roles_page/Pagination/front_navigation' is clicked on

2020-03-13 14:39:52 - [MESSAGE][PASSED] - Object: 'Object Repository/ROLES/Roles_page/Pagination/front_navigation' is clicked on

2020-03-13 14:39:52 - [TEST_STEP][PASSED] - status = findWebElements(findTestObject("ROLES/Roles_page/sorting/status"), 2): null

2020-03-13 14:39:53 - [TEST_STEP][PASSED] - for (org.openqa.selenium.WebElement a : status): null

2020-03-13 14:39:53 - [TEST_STEP][PASSED] - AllStatus.add(a.getText()): null

2020-03-13 14:39:53 - [TEST_STEP][PASSED] - AllStatus.add(a.getText()): null

2020-03-13 14:39:53 - [TEST_STEP][PASSED] - AllStatus.add(a.getText()): null

2020-03-13 14:39:53 - [TEST_STEP][PASSED] - AllStatus.add(a.getText()): null

2020-03-13 14:39:53 - [TEST_STEP][PASSED] - AllStatus.add(a.getText()): null

2020-03-13 14:39:53 - [TEST_STEP][PASSED] - AllStatus.add(a.getText()): null

2020-03-13 14:39:53 - [TEST_STEP][PASSED] - AllStatus.add(a.getText()): null

2020-03-13 14:39:53 - [TEST_STEP][PASSED] - AllStatus.add(a.getText()): null

2020-03-13 14:39:53 - [TEST_STEP][PASSED] - AllStatus.add(a.getText()): null

2020-03-13 14:39:53 - [TEST_STEP][PASSED] - AllStatus.add(a.getText()): null

2020-03-13 14:39:53 - [TEST_STEP][PASSED] - click(findTestObject("ROLES/Roles_page/Pagination/front_navigation")): Object: 'Object Repository/ROLES/Roles_page/Pagination/front_navigation' is clicked on

2020-03-13 14:39:53 - [MESSAGE][PASSED] - Object: 'Object Repository/ROLES/Roles_page/Pagination/front_navigation' is clicked on

2020-03-13 14:39:53 - [TEST_STEP][PASSED] - status = findWebElements(findTestObject("ROLES/Roles_page/sorting/status"), 2): null

2020-03-13 14:39:54 - [TEST_STEP][PASSED] - for (org.openqa.selenium.WebElement a : status): null

2020-03-13 14:39:54 - [TEST_STEP][PASSED] - AllStatus.add(a.getText()): null

2020-03-13 14:39:54 - [TEST_STEP][PASSED] - AllStatus.add(a.getText()): null

2020-03-13 14:39:54 - [TEST_STEP][PASSED] - AllStatus.add(a.getText()): null

2020-03-13 14:39:54 - [TEST_STEP][PASSED] - AllStatus.add(a.getText()): null

2020-03-13 14:39:54 - [TEST_STEP][PASSED] - click(findTestObject("ROLES/Roles_page/Pagination/front_navigation")): Object: 'Object Repository/ROLES/Roles_page/Pagination/front_navigation' is clicked on

2020-03-13 14:39:57 - [MESSAGE][PASSED] - Object: 'Object Repository/ROLES/Roles_page/Pagination/front_navigation' is clicked on

2020-03-13 14:39:57 - [TEST_STEP][PASSED] - if (j == 1): Text 'BACK_SPACE + BACK_SPACE + ENTER + 1' is set on object 'Object Repository/ROLES/Roles_page/Pagination/input_Page_form-control'

2020-03-13 14:39:57 - [TEST_STEP][PASSED] - isSorted = web.CustomKeyword.checkListDescending(AllStatus): web.CustomKeyword.checkListDescending is PASSED

2020-03-13 14:39:57 - [MESSAGE][PASSED] - web.CustomKeyword.checkListDescending is PASSED

2020-03-13 14:39:57 - [TEST_STEP][PASSED] - println(AllStatus.size()): null

2020-03-13 14:39:57 - [TEST_STEP][PASSED] - println(AllStatus): null

2020-03-13 14:39:57 - [TEST_STEP][PASSED] - verifyEqual(isSorted, true): Actual object 'true' and expected object 'true' are equal

2020-03-13 14:39:57 - [MESSAGE][PASSED] - Actual object 'true' and expected object 'true' are equal

2020-03-13 14:39:57 - [TEST_STEP][PASSED] - clearText(findTestObject("Object Repository/ROLES/Roles_page/Pagination/input_Page_form-control")): Text of object 'Object Repository/ROLES/Roles_page/Pagination/input_Page_form-control' is cleared

2020-03-13 14:39:57 - [MESSAGE][PASSED] - Text of object 'Object Repository/ROLES/Roles_page/Pagination/input_Page_form-control' is cleared

2020-03-13 14:39:57 - [TEST_STEP][PASSED] - setText(findTestObject("Object Repository/ROLES/Roles_page/Pagination/input_Page_form-control"), BACK_SPACE + BACK_SPACE + "1" + ENTER): Text 'BACK_SPACE + BACK_SPACE + ENTER + 1' is set on object 'Object Repository/ROLES/Roles_page/Pagination/input_Page_form-control'

2020-03-13 14:39:58 - [MESSAGE][PASSED] - Text 'BACK_SPACE + BACK_SPACE + ENTER + 1' is set on object 'Object Repository/ROLES/Roles_page/Pagination/input_Page_form-control'

2020-03-13 14:39:58 - [TEST_STEP][PASSED] - if (j == 2): null

2020-03-13 14:39:58 - [TEST_STEP][PASSED] - click(findTestObject("ROLES/Roles_page/sorting/Status_header")): Object: 'Object Repository/ROLES/Roles_page/sorting/Status_header' is clicked on

2020-03-13 14:39:59 - [MESSAGE][PASSED] - Object: 'Object Repository/ROLES/Roles_page/sorting/Status_header' is clicked on

2020-03-13 14:39:59 - [TEST_STEP][PASSED] - status = <not implemented yet for class: org.codehaus.groovy.ast.expr.EmptyExpression>: null

2020-03-13 14:39:59 - [TEST_STEP][PASSED] - AllStatus = new java.util.ArrayList(): null

2020-03-13 14:39:59 - [TEST_STEP][PASSED] - for ([i = 1, i <= noOfPages, (i++)]): Object: 'Object Repository/ROLES/Roles_page/Pagination/front_navigation' is clicked on

2020-03-13 14:39:59 - [TEST_STEP][PASSED] - status = findWebElements(findTestObject("ROLES/Roles_page/sorting/status"), 2): null

2020-03-13 14:40:00 - [TEST_STEP][PASSED] - for (org.openqa.selenium.WebElement a : status): null

2020-03-13 14:40:00 - [TEST_STEP][PASSED] - AllStatus.add(a.getText()): null

2020-03-13 14:40:00 - [TEST_STEP][PASSED] - AllStatus.add(a.getText()): null

2020-03-13 14:40:00 - [TEST_STEP][PASSED] - AllStatus.add(a.getText()): null

2020-03-13 14:40:00 - [TEST_STEP][PASSED] - AllStatus.add(a.getText()): null

2020-03-13 14:40:00 - [TEST_STEP][PASSED] - AllStatus.add(a.getText()): null

2020-03-13 14:40:00 - [TEST_STEP][PASSED] - AllStatus.add(a.getText()): null

2020-03-13 14:40:00 - [TEST_STEP][PASSED] - AllStatus.add(a.getText()): null

2020-03-13 14:40:00 - [TEST_STEP][PASSED] - AllStatus.add(a.getText()): null

2020-03-13 14:40:00 - [TEST_STEP][PASSED] - AllStatus.add(a.getText()): null

2020-03-13 14:40:00 - [TEST_STEP][PASSED] - AllStatus.add(a.getText()): null

2020-03-13 14:40:00 - [TEST_STEP][PASSED] - click(findTestObject("ROLES/Roles_page/Pagination/front_navigation")): Object: 'Object Repository/ROLES/Roles_page/Pagination/front_navigation' is clicked on

2020-03-13 14:40:01 - [MESSAGE][PASSED] - Object: 'Object Repository/ROLES/Roles_page/Pagination/front_navigation' is clicked on

2020-03-13 14:40:01 - [TEST_STEP][PASSED] - status = findWebElements(findTestObject("ROLES/Roles_page/sorting/status"), 2): null

2020-03-13 14:40:01 - [TEST_STEP][PASSED] - for (org.openqa.selenium.WebElement a : status): null

2020-03-13 14:40:01 - [TEST_STEP][PASSED] - AllStatus.add(a.getText()): null

2020-03-13 14:40:01 - [TEST_STEP][PASSED] - AllStatus.add(a.getText()): null

2020-03-13 14:40:01 - [TEST_STEP][PASSED] - AllStatus.add(a.getText()): null

2020-03-13 14:40:02 - [TEST_STEP][PASSED] - AllStatus.add(a.getText()): null

2020-03-13 14:40:02 - [TEST_STEP][PASSED] - AllStatus.add(a.getText()): null

2020-03-13 14:40:02 - [TEST_STEP][PASSED] - AllStatus.add(a.getText()): null

2020-03-13 14:40:02 - [TEST_STEP][PASSED] - AllStatus.add(a.getText()): null

2020-03-13 14:40:02 - [TEST_STEP][PASSED] - AllStatus.add(a.getText()): null

2020-03-13 14:40:02 - [TEST_STEP][PASSED] - AllStatus.add(a.getText()): null

2020-03-13 14:40:02 - [TEST_STEP][PASSED] - AllStatus.add(a.getText()): null

2020-03-13 14:40:02 - [TEST_STEP][PASSED] - click(findTestObject("ROLES/Roles_page/Pagination/front_navigation")): Object: 'Object Repository/ROLES/Roles_page/Pagination/front_navigation' is clicked on

2020-03-13 14:40:02 - [MESSAGE][PASSED] - Object: 'Object Repository/ROLES/Roles_page/Pagination/front_navigation' is clicked on

2020-03-13 14:40:02 - [TEST_STEP][PASSED] - status = findWebElements(findTestObject("ROLES/Roles_page/sorting/status"), 2): null

2020-03-13 14:40:03 - [TEST_STEP][PASSED] - for (org.openqa.selenium.WebElement a : status): null

2020-03-13 14:40:03 - [TEST_STEP][PASSED] - AllStatus.add(a.getText()): null

2020-03-13 14:40:03 - [TEST_STEP][PASSED] - AllStatus.add(a.getText()): null

2020-03-13 14:40:03 - [TEST_STEP][PASSED] - AllStatus.add(a.getText()): null

2020-03-13 14:40:03 - [TEST_STEP][PASSED] - AllStatus.add(a.getText()): null

2020-03-13 14:40:03 - [TEST_STEP][PASSED] - AllStatus.add(a.getText()): null

2020-03-13 14:40:03 - [TEST_STEP][PASSED] - AllStatus.add(a.getText()): null

2020-03-13 14:40:03 - [TEST_STEP][PASSED] - AllStatus.add(a.getText()): null

2020-03-13 14:40:03 - [TEST_STEP][PASSED] - AllStatus.add(a.getText()): null

2020-03-13 14:40:03 - [TEST_STEP][PASSED] - AllStatus.add(a.getText()): null

2020-03-13 14:40:03 - [TEST_STEP][PASSED] - AllStatus.add(a.getText()): null

2020-03-13 14:40:03 - [TEST_STEP][PASSED] - click(findTestObject("ROLES/Roles_page/Pagination/front_navigation")): Object: 'Object Repository/ROLES/Roles_page/Pagination/front_navigation' is clicked on

2020-03-13 14:40:04 - [MESSAGE][PASSED] - Object: 'Object Repository/ROLES/Roles_page/Pagination/front_navigation' is clicked on

2020-03-13 14:40:04 - [TEST_STEP][PASSED] - status = findWebElements(findTestObject("ROLES/Roles_page/sorting/status"), 2): null

2020-03-13 14:40:04 - [TEST_STEP][PASSED] - for (org.openqa.selenium.WebElement a : status): null

2020-03-13 14:40:04 - [TEST_STEP][PASSED] - AllStatus.add(a.getText()): null

2020-03-13 14:40:04 - [TEST_STEP][PASSED] - AllStatus.add(a.getText()): null

2020-03-13 14:40:04 - [TEST_STEP][PASSED] - AllStatus.add(a.getText()): null

2020-03-13 14:40:04 - [TEST_STEP][PASSED] - AllStatus.add(a.getText()): null

2020-03-13 14:40:04 - [TEST_STEP][PASSED] - AllStatus.add(a.getText()): null

2020-03-13 14:40:05 - [TEST_STEP][PASSED] - AllStatus.add(a.getText()): null

2020-03-13 14:40:05 - [TEST_STEP][PASSED] - AllStatus.add(a.getText()): null

2020-03-13 14:40:05 - [TEST_STEP][PASSED] - AllStatus.add(a.getText()): null

2020-03-13 14:40:05 - [TEST_STEP][PASSED] - AllStatus.add(a.getText()): null

2020-03-13 14:40:05 - [TEST_STEP][PASSED] - AllStatus.add(a.getText()): null

2020-03-13 14:40:05 - [TEST_STEP][PASSED] - click(findTestObject("ROLES/Roles_page/Pagination/front_navigation")): Object: 'Object Repository/ROLES/Roles_page/Pagination/front_navigation' is clicked on

2020-03-13 14:40:05 - [MESSAGE][PASSED] - Object: 'Object Repository/ROLES/Roles_page/Pagination/front_navigation' is clicked on

2020-03-13 14:40:05 - [TEST_STEP][PASSED] - status = findWebElements(findTestObject("ROLES/Roles_page/sorting/status"), 2): null

2020-03-13 14:40:06 - [TEST_STEP][PASSED] - for (org.openqa.selenium.WebElement a : status): null

2020-03-13 14:40:06 - [TEST_STEP][PASSED] - AllStatus.add(a.getText()): null

2020-03-13 14:40:06 - [TEST_STEP][PASSED] - AllStatus.add(a.getText()): null

2020-03-13 14:40:06 - [TEST_STEP][PASSED] - AllStatus.add(a.getText()): null

2020-03-13 14:40:06 - [TEST_STEP][PASSED] - AllStatus.add(a.getText()): null

2020-03-13 14:40:06 - [TEST_STEP][PASSED] - AllStatus.add(a.getText()): null

2020-03-13 14:40:06 - [TEST_STEP][PASSED] - AllStatus.add(a.getText()): null

2020-03-13 14:40:06 - [TEST_STEP][PASSED] - AllStatus.add(a.getText()): null

2020-03-13 14:40:06 - [TEST_STEP][PASSED] - AllStatus.add(a.getText()): null

2020-03-13 14:40:06 - [TEST_STEP][PASSED] - AllStatus.add(a.getText()): null

2020-03-13 14:40:06 - [TEST_STEP][PASSED] - AllStatus.add(a.getText()): null

2020-03-13 14:40:06 - [TEST_STEP][PASSED] - click(findTestObject("ROLES/Roles_page/Pagination/front_navigation")): Object: 'Object Repository/ROLES/Roles_page/Pagination/front_navigation' is clicked on

2020-03-13 14:40:07 - [MESSAGE][PASSED] - Object: 'Object Repository/ROLES/Roles_page/Pagination/front_navigation' is clicked on

2020-03-13 14:40:07 - [TEST_STEP][PASSED] - status = findWebElements(findTestObject("ROLES/Roles_page/sorting/status"), 2): null

2020-03-13 14:40:07 - [TEST_STEP][PASSED] - for (org.openqa.selenium.WebElement a : status): null

2020-03-13 14:40:07 - [TEST_STEP][PASSED] - AllStatus.add(a.getText()): null

2020-03-13 14:40:08 - [TEST_STEP][PASSED] - AllStatus.add(a.getText()): null

2020-03-13 14:40:08 - [TEST_STEP][PASSED] - AllStatus.add(a.getText()): null

2020-03-13 14:40:08 - [TEST_STEP][PASSED] - AllStatus.add(a.getText()): null

2020-03-13 14:40:08 - [TEST_STEP][PASSED] - AllStatus.add(a.getText()): null

2020-03-13 14:40:08 - [TEST_STEP][PASSED] - AllStatus.add(a.getText()): null

2020-03-13 14:40:08 - [TEST_STEP][PASSED] - AllStatus.add(a.getText()): null

2020-03-13 14:40:08 - [TEST_STEP][PASSED] - AllStatus.add(a.getText()): null

2020-03-13 14:40:08 - [TEST_STEP][PASSED] - AllStatus.add(a.getText()): null

2020-03-13 14:40:08 - [TEST_STEP][PASSED] - AllStatus.add(a.getText()): null

2020-03-13 14:40:08 - [TEST_STEP][PASSED] - click(findTestObject("ROLES/Roles_page/Pagination/front_navigation")): Object: 'Object Repository/ROLES/Roles_page/Pagination/front_navigation' is clicked on

2020-03-13 14:40:08 - [MESSAGE][PASSED] - Object: 'Object Repository/ROLES/Roles_page/Pagination/front_navigation' is clicked on

2020-03-13 14:40:08 - [TEST_STEP][PASSED] - status = findWebElements(findTestObject("ROLES/Roles_page/sorting/status"), 2): null

2020-03-13 14:40:09 - [TEST_STEP][PASSED] - for (org.openqa.selenium.WebElement a : status): null

2020-03-13 14:40:09 - [TEST_STEP][PASSED] - AllStatus.add(a.getText()): null

2020-03-13 14:40:09 - [TEST_STEP][PASSED] - AllStatus.add(a.getText()): null

2020-03-13 14:40:09 - [TEST_STEP][PASSED] - AllStatus.add(a.getText()): null

2020-03-13 14:40:09 - [TEST_STEP][PASSED] - AllStatus.add(a.getText()): null

2020-03-13 14:40:09 - [TEST_STEP][PASSED] - AllStatus.add(a.getText()): null

2020-03-13 14:40:09 - [TEST_STEP][PASSED] - AllStatus.add(a.getText()): null

2020-03-13 14:40:09 - [TEST_STEP][PASSED] - AllStatus.add(a.getText()): null

2020-03-13 14:40:09 - [TEST_STEP][PASSED] - AllStatus.add(a.getText()): null

2020-03-13 14:40:09 - [TEST_STEP][PASSED] - AllStatus.add(a.getText()): null

2020-03-13 14:40:09 - [TEST_STEP][PASSED] - AllStatus.add(a.getText()): null

2020-03-13 14:40:09 - [TEST_STEP][PASSED] - click(findTestObject("ROLES/Roles_page/Pagination/front_navigation")): Object: 'Object Repository/ROLES/Roles_page/Pagination/front_navigation' is clicked on

2020-03-13 14:40:10 - [MESSAGE][PASSED] - Object: 'Object Repository/ROLES/Roles_page/Pagination/front_navigation' is clicked on

2020-03-13 14:40:10 - [TEST_STEP][PASSED] - status = findWebElements(findTestObject("ROLES/Roles_page/sorting/status"), 2): null

2020-03-13 14:40:10 - [TEST_STEP][PASSED] - for (org.openqa.selenium.WebElement a : status): null

2020-03-13 14:40:10 - [TEST_STEP][PASSED] - AllStatus.add(a.getText()): null

2020-03-13 14:40:10 - [TEST_STEP][PASSED] - AllStatus.add(a.getText()): null

2020-03-13 14:40:10 - [TEST_STEP][PASSED] - AllStatus.add(a.getText()): null

2020-03-13 14:40:10 - [TEST_STEP][PASSED] - AllStatus.add(a.getText()): null

2020-03-13 14:40:10 - [TEST_STEP][PASSED] - AllStatus.add(a.getText()): null

2020-03-13 14:40:10 - [TEST_STEP][PASSED] - AllStatus.add(a.getText()): null

2020-03-13 14:40:10 - [TEST_STEP][PASSED] - AllStatus.add(a.getText()): null

2020-03-13 14:40:11 - [TEST_STEP][PASSED] - AllStatus.add(a.getText()): null

2020-03-13 14:40:11 - [TEST_STEP][PASSED] - AllStatus.add(a.getText()): null

2020-03-13 14:40:11 - [TEST_STEP][PASSED] - AllStatus.add(a.getText()): null

2020-03-13 14:40:11 - [TEST_STEP][PASSED] - click(findTestObject("ROLES/Roles_page/Pagination/front_navigation")): Object: 'Object Repository/ROLES/Roles_page/Pagination/front_navigation' is clicked on

2020-03-13 14:40:11 - [MESSAGE][PASSED] - Object: 'Object Repository/ROLES/Roles_page/Pagination/front_navigation' is clicked on

2020-03-13 14:40:11 - [TEST_STEP][PASSED] - status = findWebElements(findTestObject("ROLES/Roles_page/sorting/status"), 2): null

2020-03-13 14:40:12 - [TEST_STEP][PASSED] - for (org.openqa.selenium.WebElement a : status): null

2020-03-13 14:40:12 - [TEST_STEP][PASSED] - AllStatus.add(a.getText()): null

2020-03-13 14:40:12 - [TEST_STEP][PASSED] - AllStatus.add(a.getText()): null

2020-03-13 14:40:12 - [TEST_STEP][PASSED] - AllStatus.add(a.getText()): null

2020-03-13 14:40:12 - [TEST_STEP][PASSED] - AllStatus.add(a.getText()): null

2020-03-13 14:40:12 - [TEST_STEP][PASSED] - AllStatus.add(a.getText()): null

2020-03-13 14:40:12 - [TEST_STEP][PASSED] - AllStatus.add(a.getText()): null

2020-03-13 14:40:12 - [TEST_STEP][PASSED] - AllStatus.add(a.getText()): null

2020-03-13 14:40:12 - [TEST_STEP][PASSED] - AllStatus.add(a.getText()): null

2020-03-13 14:40:12 - [TEST_STEP][PASSED] - AllStatus.add(a.getText()): null

2020-03-13 14:40:12 - [TEST_STEP][PASSED] - AllStatus.add(a.getText()): null

2020-03-13 14:40:12 - [TEST_STEP][PASSED] - click(findTestObject("ROLES/Roles_page/Pagination/front_navigation")): Object: 'Object Repository/ROLES/Roles_page/Pagination/front_navigation' is clicked on

2020-03-13 14:40:13 - [MESSAGE][PASSED] - Object: 'Object Repository/ROLES/Roles_page/Pagination/front_navigation' is clicked on

2020-03-13 14:40:13 - [TEST_STEP][PASSED] - status = findWebElements(findTestObject("ROLES/Roles_page/sorting/status"), 2): null

2020-03-13 14:40:13 - [TEST_STEP][PASSED] - for (org.openqa.selenium.WebElement a : status): null

2020-03-13 14:40:13 - [TEST_STEP][PASSED] - AllStatus.add(a.getText()): null

2020-03-13 14:40:13 - [TEST_STEP][PASSED] - AllStatus.add(a.getText()): null

2020-03-13 14:40:14 - [TEST_STEP][PASSED] - AllStatus.add(a.getText()): null

2020-03-13 14:40:14 - [TEST_STEP][PASSED] - AllStatus.add(a.getText()): null

2020-03-13 14:40:14 - [TEST_STEP][PASSED] - AllStatus.add(a.getText()): null

2020-03-13 14:40:14 - [TEST_STEP][PASSED] - AllStatus.add(a.getText()): null

2020-03-13 14:40:14 - [TEST_STEP][PASSED] - AllStatus.add(a.getText()): null

2020-03-13 14:40:14 - [TEST_STEP][PASSED] - AllStatus.add(a.getText()): null

2020-03-13 14:40:14 - [TEST_STEP][PASSED] - AllStatus.add(a.getText()): null

2020-03-13 14:40:14 - [TEST_STEP][PASSED] - AllStatus.add(a.getText()): null

2020-03-13 14:40:14 - [TEST_STEP][PASSED] - click(findTestObject("ROLES/Roles_page/Pagination/front_navigation")): Object: 'Object Repository/ROLES/Roles_page/Pagination/front_navigation' is clicked on

2020-03-13 14:40:14 - [MESSAGE][PASSED] - Object: 'Object Repository/ROLES/Roles_page/Pagination/front_navigation' is clicked on

2020-03-13 14:40:14 - [TEST_STEP][PASSED] - status = findWebElements(findTestObject("ROLES/Roles_page/sorting/status"), 2): null

2020-03-13 14:40:15 - [TEST_STEP][PASSED] - for (org.openqa.selenium.WebElement a : status): null

2020-03-13 14:40:15 - [TEST_STEP][PASSED] - AllStatus.add(a.getText()): null

2020-03-13 14:40:15 - [TEST_STEP][PASSED] - AllStatus.add(a.getText()): null

2020-03-13 14:40:15 - [TEST_STEP][PASSED] - AllStatus.add(a.getText()): null

2020-03-13 14:40:15 - [TEST_STEP][PASSED] - AllStatus.add(a.getText()): null

2020-03-13 14:40:15 - [TEST_STEP][PASSED] - AllStatus.add(a.getText()): null

2020-03-13 14:40:15 - [TEST_STEP][PASSED] - AllStatus.add(a.getText()): null

2020-03-13 14:40:15 - [TEST_STEP][PASSED] - AllStatus.add(a.getText()): null

2020-03-13 14:40:15 - [TEST_STEP][PASSED] - AllStatus.add(a.getText()): null

2020-03-13 14:40:15 - [TEST_STEP][PASSED] - AllStatus.add(a.getText()): null

2020-03-13 14:40:15 - [TEST_STEP][PASSED] - AllStatus.add(a.getText()): null

2020-03-13 14:40:15 - [TEST_STEP][PASSED] - click(findTestObject("ROLES/Roles_page/Pagination/front_navigation")): Object: 'Object Repository/ROLES/Roles_page/Pagination/front_navigation' is clicked on

2020-03-13 14:40:16 - [MESSAGE][PASSED] - Object: 'Object Repository/ROLES/Roles_page/Pagination/front_navigation' is clicked on

2020-03-13 14:40:16 - [TEST_STEP][PASSED] - status = findWebElements(findTestObject("ROLES/Roles_page/sorting/status"), 2): null

2020-03-13 14:40:16 - [TEST_STEP][PASSED] - for (org.openqa.selenium.WebElement a : status): null

2020-03-13 14:40:16 - [TEST_STEP][PASSED] - AllStatus.add(a.getText()): null

2020-03-13 14:40:16 - [TEST_STEP][PASSED] - AllStatus.add(a.getText()): null

2020-03-13 14:40:16 - [TEST_STEP][PASSED] - AllStatus.add(a.getText()): null

2020-03-13 14:40:16 - [TEST_STEP][PASSED] - AllStatus.add(a.getText()): null

2020-03-13 14:40:16 - [TEST_STEP][PASSED] - AllStatus.add(a.getText()): null

2020-03-13 14:40:16 - [TEST_STEP][PASSED] - AllStatus.add(a.getText()): null

2020-03-13 14:40:17 - [TEST_STEP][PASSED] - AllStatus.add(a.getText()): null

2020-03-13 14:40:17 - [TEST_STEP][PASSED] - AllStatus.add(a.getText()): null

2020-03-13 14:40:17 - [TEST_STEP][PASSED] - AllStatus.add(a.getText()): null

2020-03-13 14:40:17 - [TEST_STEP][PASSED] - AllStatus.add(a.getText()): null

2020-03-13 14:40:17 - [TEST_STEP][PASSED] - click(findTestObject("ROLES/Roles_page/Pagination/front_navigation")): Object: 'Object Repository/ROLES/Roles_page/Pagination/front_navigation' is clicked on

2020-03-13 14:40:17 - [MESSAGE][PASSED] - Object: 'Object Repository/ROLES/Roles_page/Pagination/front_navigation' is clicked on

2020-03-13 14:40:17 - [TEST_STEP][PASSED] - status = findWebElements(findTestObject("ROLES/Roles_page/sorting/status"), 2): null

2020-03-13 14:40:18 - [TEST_STEP][PASSED] - for (org.openqa.selenium.WebElement a : status): null

2020-03-13 14:40:18 - [TEST_STEP][PASSED] - AllStatus.add(a.getText()): null

2020-03-13 14:40:18 - [TEST_STEP][PASSED] - AllStatus.add(a.getText()): null

2020-03-13 14:40:18 - [TEST_STEP][PASSED] - AllStatus.add(a.getText()): null

2020-03-13 14:40:18 - [TEST_STEP][PASSED] - AllStatus.add(a.getText()): null

2020-03-13 14:40:18 - [TEST_STEP][PASSED] - AllStatus.add(a.getText()): null

2020-03-13 14:40:18 - [TEST_STEP][PASSED] - AllStatus.add(a.getText()): null

2020-03-13 14:40:18 - [TEST_STEP][PASSED] - AllStatus.add(a.getText()): null

2020-03-13 14:40:18 - [TEST_STEP][PASSED] - AllStatus.add(a.getText()): null

2020-03-13 14:40:18 - [TEST_STEP][PASSED] - AllStatus.add(a.getText()): null

2020-03-13 14:40:18 - [TEST_STEP][PASSED] - AllStatus.add(a.getText()): null

2020-03-13 14:40:18 - [TEST_STEP][PASSED] - click(findTestObject("ROLES/Roles_page/Pagination/front_navigation")): Object: 'Object Repository/ROLES/Roles_page/Pagination/front_navigation' is clicked on

2020-03-13 14:40:19 - [MESSAGE][PASSED] - Object: 'Object Repository/ROLES/Roles_page/Pagination/front_navigation' is clicked on

2020-03-13 14:40:19 - [TEST_STEP][PASSED] - status = findWebElements(findTestObject("ROLES/Roles_page/sorting/status"), 2): null

2020-03-13 14:40:20 - [TEST_STEP][PASSED] - for (org.openqa.selenium.WebElement a : status): null

2020-03-13 14:40:20 - [TEST_STEP][PASSED] - AllStatus.add(a.getText()): null

2020-03-13 14:40:20 - [TEST_STEP][PASSED] - AllStatus.add(a.getText()): null

2020-03-13 14:40:20 - [TEST_STEP][PASSED] - AllStatus.add(a.getText()): null

2020-03-13 14:40:20 - [TEST_STEP][PASSED] - AllStatus.add(a.getText()): null

2020-03-13 14:40:20 - [TEST_STEP][PASSED] - AllStatus.add(a.getText()): null

2020-03-13 14:40:20 - [TEST_STEP][PASSED] - AllStatus.add(a.getText()): null

2020-03-13 14:40:20 - [TEST_STEP][PASSED] - AllStatus.add(a.getText()): null

2020-03-13 14:40:20 - [TEST_STEP][PASSED] - AllStatus.add(a.getText()): null

2020-03-13 14:40:20 - [TEST_STEP][PASSED] - AllStatus.add(a.getText()): null

2020-03-13 14:40:20 - [TEST_STEP][PASSED] - AllStatus.add(a.getText()): null

2020-03-13 14:40:20 - [TEST_STEP][PASSED] - click(findTestObject("ROLES/Roles_page/Pagination/front_navigation")): Object: 'Object Repository/ROLES/Roles_page/Pagination/front_navigation' is clicked on

2020-03-13 14:40:20 - [MESSAGE][PASSED] - Object: 'Object Repository/ROLES/Roles_page/Pagination/front_navigation' is clicked on

2020-03-13 14:40:20 - [TEST_STEP][PASSED] - status = findWebElements(findTestObject("ROLES/Roles_page/sorting/status"), 2): null

2020-03-13 14:40:21 - [TEST_STEP][PASSED] - for (org.openqa.selenium.WebElement a : status): null

2020-03-13 14:40:21 - [TEST_STEP][PASSED] - AllStatus.add(a.getText()): null

2020-03-13 14:40:21 - [TEST_STEP][PASSED] - AllStatus.add(a.getText()): null

2020-03-13 14:40:21 - [TEST_STEP][PASSED] - AllStatus.add(a.getText()): null

2020-03-13 14:40:21 - [TEST_STEP][PASSED] - AllStatus.add(a.getText()): null

2020-03-13 14:40:21 - [TEST_STEP][PASSED] - AllStatus.add(a.getText()): null

2020-03-13 14:40:21 - [TEST_STEP][PASSED] - AllStatus.add(a.getText()): null

2020-03-13 14:40:21 - [TEST_STEP][PASSED] - AllStatus.add(a.getText()): null

2020-03-13 14:40:21 - [TEST_STEP][PASSED] - AllStatus.add(a.getText()): null

2020-03-13 14:40:21 - [TEST_STEP][PASSED] - AllStatus.add(a.getText()): null

2020-03-13 14:40:21 - [TEST_STEP][PASSED] - AllStatus.add(a.getText()): null

2020-03-13 14:40:21 - [TEST_STEP][PASSED] - click(findTestObject("ROLES/Roles_page/Pagination/front_navigation")): Object: 'Object Repository/ROLES/Roles_page/Pagination/front_navigation' is clicked on

2020-03-13 14:40:22 - [MESSAGE][PASSED] - Object: 'Object Repository/ROLES/Roles_page/Pagination/front_navigation' is clicked on

2020-03-13 14:40:22 - [TEST_STEP][PASSED] - status = findWebElements(findTestObject("ROLES/Roles_page/sorting/status"), 2): null

2020-03-13 14:40:22 - [TEST_STEP][PASSED] - for (org.openqa.selenium.WebElement a : status): null

2020-03-13 14:40:22 - [TEST_STEP][PASSED] - AllStatus.add(a.getText()): null

2020-03-13 14:40:22 - [TEST_STEP][PASSED] - AllStatus.add(a.getText()): null

2020-03-13 14:40:22 - [TEST_STEP][PASSED] - AllStatus.add(a.getText()): null

2020-03-13 14:40:23 - [TEST_STEP][PASSED] - AllStatus.add(a.getText()): null

2020-03-13 14:40:23 - [TEST_STEP][PASSED] - AllStatus.add(a.getText()): null

2020-03-13 14:40:23 - [TEST_STEP][PASSED] - AllStatus.add(a.getText()): null

2020-03-13 14:40:23 - [TEST_STEP][PASSED] - AllStatus.add(a.getText()): null

2020-03-13 14:40:23 - [TEST_STEP][PASSED] - AllStatus.add(a.getText()): null

2020-03-13 14:40:23 - [TEST_STEP][PASSED] - AllStatus.add(a.getText()): null

2020-03-13 14:40:23 - [TEST_STEP][PASSED] - AllStatus.add(a.getText()): null

2020-03-13 14:40:23 - [TEST_STEP][PASSED] - click(findTestObject("ROLES/Roles_page/Pagination/front_navigation")): Object: 'Object Repository/ROLES/Roles_page/Pagination/front_navigation' is clicked on

2020-03-13 14:40:23 - [MESSAGE][PASSED] - Object: 'Object Repository/ROLES/Roles_page/Pagination/front_navigation' is clicked on

2020-03-13 14:40:23 - [TEST_STEP][PASSED] - status = findWebElements(findTestObject("ROLES/Roles_page/sorting/status"), 2): null

2020-03-13 14:40:24 - [TEST_STEP][PASSED] - for (org.openqa.selenium.WebElement a : status): null

2020-03-13 14:40:24 - [TEST_STEP][PASSED] - AllStatus.add(a.getText()): null

2020-03-13 14:40:24 - [TEST_STEP][PASSED] - AllStatus.add(a.getText()): null

2020-03-13 14:40:24 - [TEST_STEP][PASSED] - AllStatus.add(a.getText()): null

2020-03-13 14:40:24 - [TEST_STEP][PASSED] - AllStatus.add(a.getText()): null

2020-03-13 14:40:24 - [TEST_STEP][PASSED] - AllStatus.add(a.getText()): null

2020-03-13 14:40:24 - [TEST_STEP][PASSED] - AllStatus.add(a.getText()): null

2020-03-13 14:40:24 - [TEST_STEP][PASSED] - AllStatus.add(a.getText()): null

2020-03-13 14:40:24 - [TEST_STEP][PASSED] - AllStatus.add(a.getText()): null

2020-03-13 14:40:24 - [TEST_STEP][PASSED] - AllStatus.add(a.getText()): null

2020-03-13 14:40:24 - [TEST_STEP][PASSED] - AllStatus.add(a.getText()): null

2020-03-13 14:40:24 - [TEST_STEP][PASSED] - click(findTestObject("ROLES/Roles_page/Pagination/front_navigation")): Object: 'Object Repository/ROLES/Roles_page/Pagination/front_navigation' is clicked on

2020-03-13 14:40:25 - [MESSAGE][PASSED] - Object: 'Object Repository/ROLES/Roles_page/Pagination/front_navigation' is clicked on

2020-03-13 14:40:25 - [TEST_STEP][PASSED] - status = findWebElements(findTestObject("ROLES/Roles_page/sorting/status"), 2): null

2020-03-13 14:40:26 - [TEST_STEP][PASSED] - for (org.openqa.selenium.WebElement a : status): null

2020-03-13 14:40:26 - [TEST_STEP][PASSED] - AllStatus.add(a.getText()): null

2020-03-13 14:40:26 - [TEST_STEP][PASSED] - AllStatus.add(a.getText()): null

2020-03-13 14:40:26 - [TEST_STEP][PASSED] - AllStatus.add(a.getText()): null

2020-03-13 14:40:26 - [TEST_STEP][PASSED] - AllStatus.add(a.getText()): null

2020-03-13 14:40:26 - [TEST_STEP][PASSED] - click(findTestObject("ROLES/Roles_page/Pagination/front_navigation")): Object: 'Object Repository/ROLES/Roles_page/Pagination/front_navigation' is clicked on

2020-03-13 14:40:28 - [MESSAGE][PASSED] - Object: 'Object Repository/ROLES/Roles_page/Pagination/front_navigation' is clicked on

2020-03-13 14:40:28 - [TEST_STEP][PASSED] - if (j == 1): null

2020-03-13 14:40:28 - [TEST_STEP][PASSED] - if (j == 2): Actual object 'true' and expected object 'true' are equal

2020-03-13 14:40:28 - [TEST_STEP][PASSED] - isSorted = web.CustomKeyword.checkListAscendingOrder(AllStatus): web.CustomKeyword.checkListAscendingOrder is PASSED

2020-03-13 14:40:28 - [MESSAGE][PASSED] - web.CustomKeyword.checkListAscendingOrder is PASSED

2020-03-13 14:40:28 - [TEST_STEP][PASSED] - println(AllStatus.size()): null

2020-03-13 14:40:28 - [TEST_STEP][PASSED] - println(AllStatus): null

2020-03-13 14:40:28 - [TEST_STEP][PASSED] - verifyEqual(isSorted, true): Actual object 'true' and expected object 'true' are equal

2020-03-13 14:40:28 - [MESSAGE][PASSED] - Actual object 'true' and expected object 'true' are equal

2020-03-13 14:40:28 - [TEST_STEP][PASSED] - clearText(findTestObject("Object Repository/ROLES/Roles_page/Pagination/input_Page_form-control")): Text of object 'Object Repository/ROLES/Roles_page/Pagination/input_Page_form-control' is cleared

2020-03-13 14:40:29 - [MESSAGE][PASSED] - Text of object 'Object Repository/ROLES/Roles_page/Pagination/input_Page_form-control' is cleared

2020-03-13 14:40:29 - [TEST_STEP][PASSED] - setText(findTestObject("Object Repository/ROLES/Roles_page/Pagination/input_Page_form-control"), BACK_SPACE + BACK_SPACE + "1" + ENTER): Text 'BACK_SPACE + BACK_SPACE + ENTER + 1' is set on object 'Object Repository/ROLES/Roles_page/Pagination/input_Page_form-control'

2020-03-13 14:40:29 - [MESSAGE][PASSED] - Text 'BACK_SPACE + BACK_SPACE + ENTER + 1' is set on object 'Object Repository/ROLES/Roles_page/Pagination/input_Page_form-control'

2020-03-13 14:40:29 - [TEST_STEP][PASSED] - Start listener action : sampleAfterTestCase: null

2020-03-13 14:40:29 - [TEST_STEP][PASSED] - println(testCaseContext.getTestCaseId()): null

2020-03-13 14:40:29 - [TEST_STEP][PASSED] - println(testCaseContext.getTestCaseStatus()): null

2020-03-13 14:40:29 - [TEST_STEP][PASSED] - println("On Failure Method is Calling : " + testCaseContext.getTestCaseStatus()): null

2020-03-13 14:40:29 - [TEST_STEP][PASSED] - if (!(getTestCaseStatus().equalsIgnoreCase("PASSED"))): null]]></system-out>
         <system-err><![CDATA[]]></system-err>
      </testcase>
      <testcase name="Test Cases/Atlas Platform/Configuration Management/Platform Management/ROLES/Role Listing Grid/Search Role/RLG-012 Validate Search text field in Role Manager page" time="16.491" classname="Test Cases/Atlas Platform/Configuration Management/Platform Management/ROLES/Role Listing Grid/Search Role/RLG-012 Validate Search text field in Role Manager page" status="PASSED">
         <system-out><![CDATA[2020-03-13 14:40:32 - [TEST_CASE][PASSED] - Test Cases/Atlas Platform/Configuration Management/Platform Management/ROLES/Role Listing Grid/Search Role/RLG-012 Validate Search text field in Role Manager page: Test Cases/Atlas Platform/Configuration Management/Platform Management/ROLES/Role Listing Grid/Search Role/RLG-012 Validate Search text field in Role Manager page

2020-03-13 14:40:32 - [TEST_STEP][NOT_RUN] - callTestCase(findTestCase("Atlas Platform/Platform Navigation/Login/Default Logins/Default_Login_as_Root Admin"), ["Email":findTestData("AMP_Y").getValue(1, 1), "Password":findTestData("AMP_Y").getValue(2, 1), "dashboard_exp_title":""], CONTINUE_ON_FAILURE): NOT_RUN: callTestCase(findTestCase("Atlas Platform/Platform Navigation/Login/Default Logins/Default_Login_as_Root Admin"), ["Email":findTestData("AMP_Y").getValue(1, 1), "Password":findTestData("AMP_Y").getValue(2, 1), "dashboard_exp_title":""], CONTINUE_ON_FAILURE)

2020-03-13 14:40:32 - [MESSAGE][NOT_RUN] - NOT_RUN: callTestCase(findTestCase("Atlas Platform/Platform Navigation/Login/Default Logins/Default_Login_as_Root Admin"), ["Email":findTestData("AMP_Y").getValue(1, 1), "Password":findTestData("AMP_Y").getValue(2, 1), "dashboard_exp_title":""], CONTINUE_ON_FAILURE)

2020-03-13 14:40:32 - [TEST_STEP][NOT_RUN] - click(findTestObject("ROLES/Role_Navigation/a_ADMIN")): NOT_RUN: click(findTestObject("ROLES/Role_Navigation/a_ADMIN"))

2020-03-13 14:40:32 - [MESSAGE][NOT_RUN] - NOT_RUN: click(findTestObject("ROLES/Role_Navigation/a_ADMIN"))

2020-03-13 14:40:32 - [TEST_STEP][PASSED] - driver = getWebDriver(): null

2020-03-13 14:40:32 - [TEST_STEP][PASSED] - verifyElementAttributeValue(findTestObject("ROLES/Roles_page/Search text field/input_All Roles (1842)_form-control"), Search_placeholder, "Search", 30): Object 'Object Repository/ROLES/Roles_page/Search text field/input_All Roles (1842)_form-control' has attribute 'placeholder' with value 'Search'

2020-03-13 14:40:32 - [MESSAGE][PASSED] - Object 'Object Repository/ROLES/Roles_page/Search text field/input_All Roles (1842)_form-control' has attribute 'placeholder' with value 'Search'

2020-03-13 14:40:32 - [TEST_STEP][PASSED] - ROLENAME1 = findTestData("Roles").getValue(3, 1): null

2020-03-13 14:40:33 - [TEST_STEP][PASSED] - click(findTestObject("ROLES/Roles_page/Create Role_button")): Object: 'Object Repository/ROLES/Roles_page/Create Role_button' is clicked on

2020-03-13 14:40:34 - [MESSAGE][PASSED] - Object: 'Object Repository/ROLES/Roles_page/Create Role_button' is clicked on

2020-03-13 14:40:34 - [TEST_STEP][PASSED] - sendKeys(findTestObject("ROLES/Create Role/New Role_page/input_Role Name_name"), ROLENAME1): Keys 'Role1 13-03-2020 14:40:33' sent to object: 'Object Repository/ROLES/Create Role/New Role_page/input_Role Name_name'

2020-03-13 14:40:36 - [MESSAGE][PASSED] - Keys 'Role1 13-03-2020 14:40:33' sent to object: 'Object Repository/ROLES/Create Role/New Role_page/input_Role Name_name'

2020-03-13 14:40:36 - [TEST_STEP][PASSED] - sendKeys(findTestObject("ROLES/Create Role/New Role_page/textarea_Role Description_description"), findTestData("Roles").getValue(4, 1)): Keys 'Role Description' sent to object: 'Object Repository/ROLES/Create Role/New Role_page/textarea_Role Description_description'

2020-03-13 14:40:36 - [MESSAGE][PASSED] - Keys 'Role Description' sent to object: 'Object Repository/ROLES/Create Role/New Role_page/textarea_Role Description_description'

2020-03-13 14:40:36 - [TEST_STEP][PASSED] - click(findTestObject("ROLES/Create Role/New Role_page/div_Create")): Object: 'Object Repository/ROLES/Create Role/New Role_page/div_Create' is clicked on

2020-03-13 14:40:37 - [MESSAGE][PASSED] - Object: 'Object Repository/ROLES/Create Role/New Role_page/div_Create' is clicked on

2020-03-13 14:40:37 - [TEST_STEP][PASSED] - delay(1): Delayed 1 second(s)

2020-03-13 14:40:38 - [MESSAGE][PASSED] - Delayed 1 second(s)

2020-03-13 14:40:38 - [TEST_STEP][PASSED] - sendKeys(findTestObject("ROLES/Roles_page/Search_placeholder"), ROLENAME1 + ENTER): Keys 'ENTER + Role1 13-03-2020 14:40:33' sent to object: 'Object Repository/ROLES/Roles_page/Search_placeholder'

2020-03-13 14:40:39 - [MESSAGE][PASSED] - Keys 'ENTER + Role1 13-03-2020 14:40:33' sent to object: 'Object Repository/ROLES/Roles_page/Search_placeholder'

2020-03-13 14:40:39 - [TEST_STEP][PASSED] - delay(1): Delayed 1 second(s)

2020-03-13 14:40:40 - [MESSAGE][PASSED] - Delayed 1 second(s)

2020-03-13 14:40:40 - [TEST_STEP][PASSED] - verifyElementText(findTestObject("ROLES/Roles_page/role name"), ROLENAME1): Actual text and expected text of test object 'Object Repository/ROLES/Roles_page/role name' are matched.

2020-03-13 14:40:40 - [MESSAGE][PASSED] - Actual text and expected text of test object 'Object Repository/ROLES/Roles_page/role name' are matched.

2020-03-13 14:40:40 - [TEST_STEP][PASSED] - click(findTestObject("ROLES/Roles_page/Search text field/clear button")): Object: 'Object Repository/ROLES/Roles_page/Search text field/clear button' is clicked on

2020-03-13 14:40:41 - [MESSAGE][PASSED] - Object: 'Object Repository/ROLES/Roles_page/Search text field/clear button' is clicked on

2020-03-13 14:40:41 - [TEST_STEP][PASSED] - RoleNotCreated = findTestData("Roles").getValue(3, 3): null

2020-03-13 14:40:41 - [TEST_STEP][PASSED] - sendKeys(findTestObject("ROLES/Roles_page/Search_placeholder"), RoleNotCreated + ENTER): Keys 'ENTER + Role0 13-03-2020 14:40:41' sent to object: 'Object Repository/ROLES/Roles_page/Search_placeholder'

2020-03-13 14:40:42 - [MESSAGE][PASSED] - Keys 'ENTER + Role0 13-03-2020 14:40:41' sent to object: 'Object Repository/ROLES/Roles_page/Search_placeholder'

2020-03-13 14:40:42 - [TEST_STEP][PASSED] - delay(1): Delayed 1 second(s)

2020-03-13 14:40:43 - [MESSAGE][PASSED] - Delayed 1 second(s)

2020-03-13 14:40:43 - [TEST_STEP][PASSED] - click(findTestObject("ROLES/Roles_page/Search text field/clear button")): Object: 'Object Repository/ROLES/Roles_page/Search text field/clear button' is clicked on

2020-03-13 14:40:43 - [MESSAGE][PASSED] - Object: 'Object Repository/ROLES/Roles_page/Search text field/clear button' is clicked on

2020-03-13 14:40:43 - [TEST_STEP][PASSED] - sendKeys(findTestObject("ROLES/Roles_page/Search_placeholder"), Role): Keys 'Role' sent to object: 'Object Repository/ROLES/Roles_page/Search_placeholder'

2020-03-13 14:40:44 - [MESSAGE][PASSED] - Keys 'Role' sent to object: 'Object Repository/ROLES/Roles_page/Search_placeholder'

2020-03-13 14:40:44 - [TEST_STEP][PASSED] - AllAutoSug = new java.util.ArrayList(): null

2020-03-13 14:40:44 - [TEST_STEP][PASSED] - autoSug = findWebElements(findTestObject("ROLES/Roles_page/Search text field/autosuggestion_Roles"), 2): null

2020-03-13 14:40:45 - [TEST_STEP][PASSED] - autoSugCount1 = autoSug.size(): null

2020-03-13 14:40:45 - [TEST_STEP][PASSED] - autoSugCount2 = 0: null

2020-03-13 14:40:45 - [TEST_STEP][PASSED] - for (org.openqa.selenium.WebElement a : autoSug): null

2020-03-13 14:40:45 - [TEST_STEP][PASSED] - a1 = a.getText(): null

2020-03-13 14:40:45 - [TEST_STEP][PASSED] - if (a1.contains("role")): null

2020-03-13 14:40:45 - [TEST_STEP][PASSED] - else if (a1.contains(Role)): null

2020-03-13 14:40:45 - [TEST_STEP][PASSED] - (autoSugCount2++): null

2020-03-13 14:40:45 - [TEST_STEP][PASSED] - a1 = a.getText(): null

2020-03-13 14:40:45 - [TEST_STEP][PASSED] - if (a1.contains("role")): null

2020-03-13 14:40:45 - [TEST_STEP][PASSED] - else if (a1.contains(Role)): null

2020-03-13 14:40:45 - [TEST_STEP][PASSED] - (autoSugCount2++): null

2020-03-13 14:40:45 - [TEST_STEP][PASSED] - verifyEqual(autoSugCount1, autoSugCount2): Actual object '2' and expected object '2' are equal

2020-03-13 14:40:45 - [MESSAGE][PASSED] - Actual object '2' and expected object '2' are equal

2020-03-13 14:40:45 - [TEST_STEP][PASSED] - click(findTestObject("ROLES/Create Role/New Role_page/Clear_button")): Object: 'Object Repository/ROLES/Create Role/New Role_page/Clear_button' is clicked on

2020-03-13 14:40:46 - [MESSAGE][PASSED] - Object: 'Object Repository/ROLES/Create Role/New Role_page/Clear_button' is clicked on

2020-03-13 14:40:46 - [TEST_STEP][PASSED] - Start listener action : sampleAfterTestCase: null

2020-03-13 14:40:46 - [TEST_STEP][PASSED] - println(testCaseContext.getTestCaseId()): null

2020-03-13 14:40:46 - [TEST_STEP][PASSED] - println(testCaseContext.getTestCaseStatus()): null

2020-03-13 14:40:46 - [TEST_STEP][PASSED] - println("On Failure Method is Calling : " + testCaseContext.getTestCaseStatus()): null

2020-03-13 14:40:46 - [TEST_STEP][PASSED] - if (!(getTestCaseStatus().equalsIgnoreCase("PASSED"))): null]]></system-out>
         <system-err><![CDATA[]]></system-err>
      </testcase>
      <testcase name="Test Cases/Atlas Platform/Configuration Management/Platform Management/ROLES/Create Role/Validate presence of all the Elements in Creating Role/CR01 Verify Role Properties tab in New Role page" time="7.983" classname="Test Cases/Atlas Platform/Configuration Management/Platform Management/ROLES/Create Role/Validate presence of all the Elements in Creating Role/CR01 Verify Role Properties tab in New Role page" status="PASSED">
         <system-out><![CDATA[2020-03-13 14:40:48 - [TEST_CASE][PASSED] - Test Cases/Atlas Platform/Configuration Management/Platform Management/ROLES/Create Role/Validate presence of all the Elements in Creating Role/CR01 Verify Role Properties tab in New Role page: Test Cases/Atlas Platform/Configuration Management/Platform Management/ROLES/Create Role/Validate presence of all the Elements in Creating Role/CR01 Verify Role Properties tab in New Role page

2020-03-13 14:40:48 - [TEST_STEP][NOT_RUN] - callTestCase(findTestCase("Atlas Platform/Platform Navigation/Login/Default Logins/Default_Login_as_Root Admin"), ["Email":findTestData("AMP_Y").getValue(1, 1), "Password":findTestData("AMP_Y").getValue(2, 1), "dashboard_exp_title":""], CONTINUE_ON_FAILURE): NOT_RUN: callTestCase(findTestCase("Atlas Platform/Platform Navigation/Login/Default Logins/Default_Login_as_Root Admin"), ["Email":findTestData("AMP_Y").getValue(1, 1), "Password":findTestData("AMP_Y").getValue(2, 1), "dashboard_exp_title":""], CONTINUE_ON_FAILURE)

2020-03-13 14:40:48 - [MESSAGE][NOT_RUN] - NOT_RUN: callTestCase(findTestCase("Atlas Platform/Platform Navigation/Login/Default Logins/Default_Login_as_Root Admin"), ["Email":findTestData("AMP_Y").getValue(1, 1), "Password":findTestData("AMP_Y").getValue(2, 1), "dashboard_exp_title":""], CONTINUE_ON_FAILURE)

2020-03-13 14:40:48 - [TEST_STEP][NOT_RUN] - click(findTestObject("ROLES/Role_Navigation/a_ADMIN")): NOT_RUN: click(findTestObject("ROLES/Role_Navigation/a_ADMIN"))

2020-03-13 14:40:48 - [MESSAGE][NOT_RUN] - NOT_RUN: click(findTestObject("ROLES/Role_Navigation/a_ADMIN"))

2020-03-13 14:40:48 - [TEST_STEP][PASSED] - click(findTestObject("ROLES/Roles_page/Create Role_button")): Object: 'Object Repository/ROLES/Roles_page/Create Role_button' is clicked on

2020-03-13 14:40:49 - [MESSAGE][PASSED] - Object: 'Object Repository/ROLES/Roles_page/Create Role_button' is clicked on

2020-03-13 14:40:49 - [TEST_STEP][PASSED] - verifyElementPresent(findTestObject("ROLES/Create Role/New Role_page/h2_New Role"), 0): Object 'Object Repository/ROLES/Create Role/New Role_page/h2_New Role' is present

2020-03-13 14:40:49 - [MESSAGE][WARNING] - Timeout '0' is invalid. Using default page load timeout: '230'

2020-03-13 14:40:50 - [MESSAGE][PASSED] - Object 'Object Repository/ROLES/Create Role/New Role_page/h2_New Role' is present

2020-03-13 14:40:50 - [TEST_STEP][PASSED] - verifyElementPresent(findTestObject("ROLES/Create Role/New Role_page/a_Role Properties"), 0): Object 'Object Repository/ROLES/Create Role/New Role_page/a_Role Properties' is present

2020-03-13 14:40:50 - [MESSAGE][WARNING] - Timeout '0' is invalid. Using default page load timeout: '230'

2020-03-13 14:40:50 - [MESSAGE][PASSED] - Object 'Object Repository/ROLES/Create Role/New Role_page/a_Role Properties' is present

2020-03-13 14:40:50 - [TEST_STEP][PASSED] - verifyElementPresent(findTestObject("ROLES/Create Role/New Role_page/a_Platform"), 0): Object 'Object Repository/ROLES/Create Role/New Role_page/a_Platform' is present

2020-03-13 14:40:50 - [MESSAGE][WARNING] - Timeout '0' is invalid. Using default page load timeout: '230'

2020-03-13 14:40:50 - [MESSAGE][PASSED] - Object 'Object Repository/ROLES/Create Role/New Role_page/a_Platform' is present

2020-03-13 14:40:50 - [TEST_STEP][PASSED] - verifyElementPresent(findTestObject("ROLES/Create Role/New Role_page/a_Content Features"), 0): Object 'Object Repository/ROLES/Create Role/New Role_page/a_Content Features' is present

2020-03-13 14:40:50 - [MESSAGE][WARNING] - Timeout '0' is invalid. Using default page load timeout: '230'

2020-03-13 14:40:50 - [MESSAGE][PASSED] - Object 'Object Repository/ROLES/Create Role/New Role_page/a_Content Features' is present

2020-03-13 14:40:50 - [TEST_STEP][PASSED] - verifyElementPresent(findTestObject("ROLES/Create Role/New Role_page/a_Audience Features"), 0): Object 'Object Repository/ROLES/Create Role/New Role_page/a_Audience Features' is present

2020-03-13 14:40:50 - [MESSAGE][WARNING] - Timeout '0' is invalid. Using default page load timeout: '230'

2020-03-13 14:40:51 - [MESSAGE][PASSED] - Object 'Object Repository/ROLES/Create Role/New Role_page/a_Audience Features' is present

2020-03-13 14:40:51 - [TEST_STEP][PASSED] - verifyElementPresent(findTestObject("ROLES/Create Role/New Role_page/a_Message Features"), 0): Object 'Object Repository/ROLES/Create Role/New Role_page/a_Message Features' is present

2020-03-13 14:40:51 - [MESSAGE][WARNING] - Timeout '0' is invalid. Using default page load timeout: '230'

2020-03-13 14:40:51 - [MESSAGE][PASSED] - Object 'Object Repository/ROLES/Create Role/New Role_page/a_Message Features' is present

2020-03-13 14:40:51 - [TEST_STEP][PASSED] - verifyElementPresent(findTestObject("ROLES/Create Role/New Role_page/a_Report Features"), 0): Object 'Object Repository/ROLES/Create Role/New Role_page/a_Report Features' is present

2020-03-13 14:40:51 - [MESSAGE][WARNING] - Timeout '0' is invalid. Using default page load timeout: '230'

2020-03-13 14:40:52 - [MESSAGE][PASSED] - Object 'Object Repository/ROLES/Create Role/New Role_page/a_Report Features' is present

2020-03-13 14:40:52 - [TEST_STEP][PASSED] - verifyElementPresent(findTestObject("ROLES/Create Role/New Role_page/h2_Role Properties"), 0): Object 'Object Repository/ROLES/Create Role/New Role_page/h2_Role Properties' is present

2020-03-13 14:40:52 - [MESSAGE][WARNING] - Timeout '0' is invalid. Using default page load timeout: '230'

2020-03-13 14:40:52 - [MESSAGE][PASSED] - Object 'Object Repository/ROLES/Create Role/New Role_page/h2_Role Properties' is present

2020-03-13 14:40:52 - [TEST_STEP][PASSED] - verifyElementPresent(findTestObject("ROLES/Create Role/New Role_page/label_Role Name"), 0): Object 'Object Repository/ROLES/Create Role/New Role_page/label_Role Name' is present

2020-03-13 14:40:52 - [MESSAGE][WARNING] - Timeout '0' is invalid. Using default page load timeout: '230'

2020-03-13 14:40:52 - [MESSAGE][PASSED] - Object 'Object Repository/ROLES/Create Role/New Role_page/label_Role Name' is present

2020-03-13 14:40:52 - [TEST_STEP][PASSED] - verifyElementPresent(findTestObject("ROLES/Create Role/New Role_page/input_Role Name_name"), 0): Object 'Object Repository/ROLES/Create Role/New Role_page/input_Role Name_name' is present

2020-03-13 14:40:52 - [MESSAGE][WARNING] - Timeout '0' is invalid. Using default page load timeout: '230'

2020-03-13 14:40:52 - [MESSAGE][PASSED] - Object 'Object Repository/ROLES/Create Role/New Role_page/input_Role Name_name' is present

2020-03-13 14:40:52 - [TEST_STEP][PASSED] - verifyElementPresent(findTestObject("ROLES/Create Role/New Role_page/label_Role Description"), 0): Object 'Object Repository/ROLES/Create Role/New Role_page/label_Role Description' is present

2020-03-13 14:40:52 - [MESSAGE][WARNING] - Timeout '0' is invalid. Using default page load timeout: '230'

2020-03-13 14:40:53 - [MESSAGE][PASSED] - Object 'Object Repository/ROLES/Create Role/New Role_page/label_Role Description' is present

2020-03-13 14:40:53 - [TEST_STEP][PASSED] - verifyElementPresent(findTestObject("ROLES/Create Role/New Role_page/textarea_Role Description_description"), 0): Object 'Object Repository/ROLES/Create Role/New Role_page/textarea_Role Description_description' is present

2020-03-13 14:40:53 - [MESSAGE][WARNING] - Timeout '0' is invalid. Using default page load timeout: '230'

2020-03-13 14:40:53 - [MESSAGE][PASSED] - Object 'Object Repository/ROLES/Create Role/New Role_page/textarea_Role Description_description' is present

2020-03-13 14:40:53 - [TEST_STEP][PASSED] - verifyElementPresent(findTestObject("ROLES/Create Role/New Role_page/button_Cancel"), 0): Object 'Object Repository/ROLES/Create Role/New Role_page/button_Cancel' is present

2020-03-13 14:40:53 - [MESSAGE][WARNING] - Timeout '0' is invalid. Using default page load timeout: '230'

2020-03-13 14:40:53 - [MESSAGE][PASSED] - Object 'Object Repository/ROLES/Create Role/New Role_page/button_Cancel' is present

2020-03-13 14:40:53 - [TEST_STEP][PASSED] - verifyElementPresent(findTestObject("ROLES/Create Role/New Role_page/div_Create"), 0): Object 'Object Repository/ROLES/Create Role/New Role_page/div_Create' is present

2020-03-13 14:40:53 - [MESSAGE][WARNING] - Timeout '0' is invalid. Using default page load timeout: '230'

2020-03-13 14:40:54 - [MESSAGE][PASSED] - Object 'Object Repository/ROLES/Create Role/New Role_page/div_Create' is present

2020-03-13 14:40:54 - [TEST_STEP][PASSED] - verifyElementPresent(findTestObject("ROLES/Create Role/New Role_page/Role Properties_collapse button"), 0): Object 'Object Repository/ROLES/Create Role/New Role_page/Role Properties_collapse button' is present

2020-03-13 14:40:54 - [MESSAGE][WARNING] - Timeout '0' is invalid. Using default page load timeout: '230'

2020-03-13 14:40:54 - [MESSAGE][PASSED] - Object 'Object Repository/ROLES/Create Role/New Role_page/Role Properties_collapse button' is present

2020-03-13 14:40:54 - [TEST_STEP][PASSED] - Start listener action : sampleAfterTestCase: null

2020-03-13 14:40:54 - [TEST_STEP][PASSED] - println(testCaseContext.getTestCaseId()): null

2020-03-13 14:40:54 - [TEST_STEP][PASSED] - println(testCaseContext.getTestCaseStatus()): null

2020-03-13 14:40:54 - [TEST_STEP][PASSED] - println("On Failure Method is Calling : " + testCaseContext.getTestCaseStatus()): null

2020-03-13 14:40:54 - [TEST_STEP][PASSED] - if (!(getTestCaseStatus().equalsIgnoreCase("PASSED"))): null]]></system-out>
         <system-err><![CDATA[]]></system-err>
      </testcase>
      <testcase name="Test Cases/Atlas Platform/Configuration Management/Platform Management/ROLES/Create Role/CR01 Validate Elements of Role Properties tab" time="19.482" classname="Test Cases/Atlas Platform/Configuration Management/Platform Management/ROLES/Create Role/CR01 Validate Elements of Role Properties tab" status="PASSED">
         <system-out><![CDATA[2020-03-13 14:40:56 - [TEST_CASE][PASSED] - Test Cases/Atlas Platform/Configuration Management/Platform Management/ROLES/Create Role/CR01 Validate Elements of Role Properties tab: Test Cases/Atlas Platform/Configuration Management/Platform Management/ROLES/Create Role/CR01 Validate Elements of Role Properties tab

2020-03-13 14:40:57 - [TEST_STEP][NOT_RUN] - callTestCase(findTestCase("Atlas Platform/Platform Navigation/Login/Default Logins/Default_Login_as_Root Admin"), ["Email":findTestData("AMP_Y").getValue(1, 1), "Password":findTestData("AMP_Y").getValue(2, 1), "dashboard_exp_title":""], CONTINUE_ON_FAILURE): NOT_RUN: callTestCase(findTestCase("Atlas Platform/Platform Navigation/Login/Default Logins/Default_Login_as_Root Admin"), ["Email":findTestData("AMP_Y").getValue(1, 1), "Password":findTestData("AMP_Y").getValue(2, 1), "dashboard_exp_title":""], CONTINUE_ON_FAILURE)

2020-03-13 14:40:57 - [MESSAGE][NOT_RUN] - NOT_RUN: callTestCase(findTestCase("Atlas Platform/Platform Navigation/Login/Default Logins/Default_Login_as_Root Admin"), ["Email":findTestData("AMP_Y").getValue(1, 1), "Password":findTestData("AMP_Y").getValue(2, 1), "dashboard_exp_title":""], CONTINUE_ON_FAILURE)

2020-03-13 14:40:57 - [TEST_STEP][NOT_RUN] - click(findTestObject("ROLES/Role_Navigation/a_ADMIN")): NOT_RUN: click(findTestObject("ROLES/Role_Navigation/a_ADMIN"))

2020-03-13 14:40:57 - [MESSAGE][NOT_RUN] - NOT_RUN: click(findTestObject("ROLES/Role_Navigation/a_ADMIN"))

2020-03-13 14:40:57 - [TEST_STEP][NOT_RUN] - click(findTestObject("ROLES/Roles_page/Create Role_button")): NOT_RUN: click(findTestObject("ROLES/Roles_page/Create Role_button"))

2020-03-13 14:40:57 - [MESSAGE][NOT_RUN] - NOT_RUN: click(findTestObject("ROLES/Roles_page/Create Role_button"))

2020-03-13 14:40:57 - [TEST_STEP][PASSED] - verifyElementNotPresent(findTestObject("ROLES/Create Role/New Role_page/tickMark_roleProperties"), 0): Web element with id: 'Object Repository/ROLES/Create Role/New Role_page/tickMark_roleProperties' located by 'By.xpath: //span[@class='pl-4 clearfix has-icon icon-group icon-group-success position-right']' is not present after '230' second(s)

2020-03-13 14:40:57 - [MESSAGE][WARNING] - Timeout '0' is invalid. Using default page load timeout: '230'

2020-03-13 14:40:58 - [MESSAGE][PASSED] - Web element with id: 'Object Repository/ROLES/Create Role/New Role_page/tickMark_roleProperties' located by 'By.xpath: //span[@class='pl-4 clearfix has-icon icon-group icon-group-success position-right']' is not present after '230' second(s)

2020-03-13 14:40:58 - [TEST_STEP][PASSED] - verifyElementHasAttribute(findTestObject("ROLES/Create Role/New Role_page/div_Create"), findTestData("Roles").getValue(8, 2), 0): Object 'Object Repository/ROLES/Create Role/New Role_page/div_Create' has attribute 'disabled'

2020-03-13 14:40:58 - [MESSAGE][WARNING] - Timeout '0' is invalid. Using default page load timeout: '230'

2020-03-13 14:40:58 - [MESSAGE][PASSED] - Object 'Object Repository/ROLES/Create Role/New Role_page/div_Create' has attribute 'disabled'

2020-03-13 14:40:58 - [TEST_STEP][PASSED] - click(findTestObject("ROLES/Create Role/New Role_page/button_Cancel")): Object: 'Object Repository/ROLES/Create Role/New Role_page/button_Cancel' is clicked on

2020-03-13 14:40:59 - [MESSAGE][PASSED] - Object: 'Object Repository/ROLES/Create Role/New Role_page/button_Cancel' is clicked on

2020-03-13 14:40:59 - [TEST_STEP][PASSED] - verifyElementPresent(findTestObject("ROLES/Roles_page/Role Manager"), 0): Object 'Object Repository/ROLES/Roles_page/Role Manager' is present

2020-03-13 14:40:59 - [MESSAGE][WARNING] - Timeout '0' is invalid. Using default page load timeout: '230'

2020-03-13 14:40:59 - [MESSAGE][PASSED] - Object 'Object Repository/ROLES/Roles_page/Role Manager' is present

2020-03-13 14:40:59 - [TEST_STEP][PASSED] - click(findTestObject("ROLES/Roles_page/Create Role_button")): Object: 'Object Repository/ROLES/Roles_page/Create Role_button' is clicked on

2020-03-13 14:41:00 - [MESSAGE][PASSED] - Object: 'Object Repository/ROLES/Roles_page/Create Role_button' is clicked on

2020-03-13 14:41:00 - [TEST_STEP][PASSED] - ROLENAME1 = findTestData("Roles").getValue(3, 1): null

2020-03-13 14:41:00 - [TEST_STEP][PASSED] - sendKeys(findTestObject("ROLES/Create Role/New Role_page/input_Role Name_name"), ROLENAME1): Keys 'Role1 13-03-2020 14:41:00' sent to object: 'Object Repository/ROLES/Create Role/New Role_page/input_Role Name_name'

2020-03-13 14:41:02 - [MESSAGE][PASSED] - Keys 'Role1 13-03-2020 14:41:00' sent to object: 'Object Repository/ROLES/Create Role/New Role_page/input_Role Name_name'

2020-03-13 14:41:02 - [TEST_STEP][PASSED] - verifyElementAttributeValue(findTestObject("ROLES/Create Role/New Role_page/input_Role Name_name"), findTestData("Roles").getValue(8, 1), ROLENAME1, 0): Object 'Object Repository/ROLES/Create Role/New Role_page/input_Role Name_name' has attribute 'value' with value 'Role1 13-03-2020 14:41:00'

2020-03-13 14:41:02 - [MESSAGE][WARNING] - Timeout '0' is invalid. Using default page load timeout: '230'

2020-03-13 14:41:02 - [MESSAGE][PASSED] - Object 'Object Repository/ROLES/Create Role/New Role_page/input_Role Name_name' has attribute 'value' with value 'Role1 13-03-2020 14:41:00'

2020-03-13 14:41:02 - [TEST_STEP][PASSED] - click(findTestObject("ROLES/Create Role/New Role_page/button_Cancel")): Object: 'Object Repository/ROLES/Create Role/New Role_page/button_Cancel' is clicked on

2020-03-13 14:41:03 - [MESSAGE][PASSED] - Object: 'Object Repository/ROLES/Create Role/New Role_page/button_Cancel' is clicked on

2020-03-13 14:41:03 - [TEST_STEP][PASSED] - click(findTestObject("ROLES/Create Role/New Role_page/No Stay_button"), CONTINUE_ON_FAILURE): Object: 'Object Repository/ROLES/Create Role/New Role_page/No Stay_button' is clicked on

2020-03-13 14:41:03 - [MESSAGE][PASSED] - Object: 'Object Repository/ROLES/Create Role/New Role_page/No Stay_button' is clicked on

2020-03-13 14:41:03 - [TEST_STEP][PASSED] - click(findTestObject("ROLES/Create Role/New Role_page/button_Cancel")): Object: 'Object Repository/ROLES/Create Role/New Role_page/button_Cancel' is clicked on

2020-03-13 14:41:04 - [MESSAGE][PASSED] - Object: 'Object Repository/ROLES/Create Role/New Role_page/button_Cancel' is clicked on

2020-03-13 14:41:04 - [TEST_STEP][PASSED] - click(findTestObject("ROLES/Create Role/New Role_page/Yes Leave_button")): Object: 'Object Repository/ROLES/Create Role/New Role_page/Yes Leave_button' is clicked on

2020-03-13 14:41:05 - [MESSAGE][PASSED] - Object: 'Object Repository/ROLES/Create Role/New Role_page/Yes Leave_button' is clicked on

2020-03-13 14:41:05 - [TEST_STEP][PASSED] - click(findTestObject("ROLES/Roles_page/Create Role_button")): Object: 'Object Repository/ROLES/Roles_page/Create Role_button' is clicked on

2020-03-13 14:41:06 - [MESSAGE][PASSED] - Object: 'Object Repository/ROLES/Roles_page/Create Role_button' is clicked on

2020-03-13 14:41:06 - [TEST_STEP][PASSED] - sendKeys(findTestObject("ROLES/Create Role/New Role_page/input_Role Name_name"), ROLENAME1): Keys 'Role1 13-03-2020 14:41:00' sent to object: 'Object Repository/ROLES/Create Role/New Role_page/input_Role Name_name'

2020-03-13 14:41:07 - [MESSAGE][PASSED] - Keys 'Role1 13-03-2020 14:41:00' sent to object: 'Object Repository/ROLES/Create Role/New Role_page/input_Role Name_name'

2020-03-13 14:41:07 - [TEST_STEP][PASSED] - click(findTestObject("ROLES/Create Role/New Role_page/Clear_button")): Object: 'Object Repository/ROLES/Create Role/New Role_page/Clear_button' is clicked on

2020-03-13 14:41:07 - [MESSAGE][PASSED] - Object: 'Object Repository/ROLES/Create Role/New Role_page/Clear_button' is clicked on

2020-03-13 14:41:07 - [TEST_STEP][PASSED] - verifyElementPresent(findTestObject("ROLES/Create Role/New Role_page/Required field"), 0): Object 'Object Repository/ROLES/Create Role/New Role_page/Required field' is present

2020-03-13 14:41:07 - [MESSAGE][WARNING] - Timeout '0' is invalid. Using default page load timeout: '230'

2020-03-13 14:41:08 - [MESSAGE][PASSED] - Object 'Object Repository/ROLES/Create Role/New Role_page/Required field' is present

2020-03-13 14:41:08 - [TEST_STEP][PASSED] - verifyElementAttributeValue(findTestObject("ROLES/Create Role/New Role_page/input_Role Name_name"), findTestData("Roles").getValue(8, 1), findTestData("Roles").getValue(9, 1), 0): Object 'Object Repository/ROLES/Create Role/New Role_page/input_Role Name_name' has attribute 'value' with value ''

2020-03-13 14:41:08 - [MESSAGE][WARNING] - Timeout '0' is invalid. Using default page load timeout: '230'

2020-03-13 14:41:08 - [MESSAGE][PASSED] - Object 'Object Repository/ROLES/Create Role/New Role_page/input_Role Name_name' has attribute 'value' with value ''

2020-03-13 14:41:08 - [TEST_STEP][PASSED] - sendKeys(findTestObject("ROLES/Create Role/New Role_page/input_Role Name_name"), ROLENAME1): Keys 'Role1 13-03-2020 14:41:00' sent to object: 'Object Repository/ROLES/Create Role/New Role_page/input_Role Name_name'

2020-03-13 14:41:09 - [MESSAGE][PASSED] - Keys 'Role1 13-03-2020 14:41:00' sent to object: 'Object Repository/ROLES/Create Role/New Role_page/input_Role Name_name'

2020-03-13 14:41:09 - [TEST_STEP][PASSED] - sendKeys(findTestObject("ROLES/Create Role/New Role_page/textarea_Role Description_description"), findTestData("Roles").getValue(4, 1)): Keys 'Role Description' sent to object: 'Object Repository/ROLES/Create Role/New Role_page/textarea_Role Description_description'

2020-03-13 14:41:10 - [MESSAGE][PASSED] - Keys 'Role Description' sent to object: 'Object Repository/ROLES/Create Role/New Role_page/textarea_Role Description_description'

2020-03-13 14:41:10 - [TEST_STEP][PASSED] - verifyElementAttributeValue(findTestObject("ROLES/Create Role/New Role_page/textarea_Role Description_description"), findTestData("Roles").getValue(8, 1), findTestData("Roles").getValue(4, 1), 0): Object 'Object Repository/ROLES/Create Role/New Role_page/textarea_Role Description_description' has attribute 'value' with value 'Role Description'

2020-03-13 14:41:10 - [MESSAGE][WARNING] - Timeout '0' is invalid. Using default page load timeout: '230'

2020-03-13 14:41:11 - [MESSAGE][PASSED] - Object 'Object Repository/ROLES/Create Role/New Role_page/textarea_Role Description_description' has attribute 'value' with value 'Role Description'

2020-03-13 14:41:11 - [TEST_STEP][PASSED] - verifyElementPresent(findTestObject("ROLES/Create Role/New Role_page/tab_expanded"), 0): Object 'Object Repository/ROLES/Create Role/New Role_page/tab_expanded' is present

2020-03-13 14:41:11 - [MESSAGE][WARNING] - Timeout '0' is invalid. Using default page load timeout: '230'

2020-03-13 14:41:11 - [MESSAGE][PASSED] - Object 'Object Repository/ROLES/Create Role/New Role_page/tab_expanded' is present

2020-03-13 14:41:11 - [TEST_STEP][PASSED] - verifyElementNotPresent(findTestObject("ROLES/Create Role/New Role_page/tab_minimized"), 0): Web element with id: 'Object Repository/ROLES/Create Role/New Role_page/tab_minimized' located by 'By.xpath: (//li[@class='src-components-sidebar-style__sideBarNavItems active'])' is not present after '230' second(s)

2020-03-13 14:41:11 - [MESSAGE][WARNING] - Timeout '0' is invalid. Using default page load timeout: '230'

2020-03-13 14:41:11 - [MESSAGE][PASSED] - Web element with id: 'Object Repository/ROLES/Create Role/New Role_page/tab_minimized' located by 'By.xpath: (//li[@class='src-components-sidebar-style__sideBarNavItems active'])' is not present after '230' second(s)

2020-03-13 14:41:11 - [TEST_STEP][PASSED] - click(findTestObject("ROLES/Create Role/New Role_page/expand and collapse button")): Object: 'Object Repository/ROLES/Create Role/New Role_page/expand and collapse button' is clicked on

2020-03-13 14:41:12 - [MESSAGE][PASSED] - Object: 'Object Repository/ROLES/Create Role/New Role_page/expand and collapse button' is clicked on

2020-03-13 14:41:12 - [TEST_STEP][PASSED] - verifyElementPresent(findTestObject("ROLES/Create Role/New Role_page/tab_minimized"), 0): Object 'Object Repository/ROLES/Create Role/New Role_page/tab_minimized' is present

2020-03-13 14:41:12 - [MESSAGE][WARNING] - Timeout '0' is invalid. Using default page load timeout: '230'

2020-03-13 14:41:12 - [MESSAGE][PASSED] - Object 'Object Repository/ROLES/Create Role/New Role_page/tab_minimized' is present

2020-03-13 14:41:12 - [TEST_STEP][PASSED] - verifyElementNotPresent(findTestObject("ROLES/Create Role/New Role_page/tab_expanded"), 0): Web element with id: 'Object Repository/ROLES/Create Role/New Role_page/tab_expanded' located by 'By.xpath: (//li[@class='active'])[2]' is not present after '230' second(s)

2020-03-13 14:41:12 - [MESSAGE][WARNING] - Timeout '0' is invalid. Using default page load timeout: '230'

2020-03-13 14:41:13 - [MESSAGE][PASSED] - Web element with id: 'Object Repository/ROLES/Create Role/New Role_page/tab_expanded' located by 'By.xpath: (//li[@class='active'])[2]' is not present after '230' second(s)

2020-03-13 14:41:13 - [TEST_STEP][PASSED] - click(findTestObject("ROLES/Create Role/New Role_page/expand and collapse button")): Object: 'Object Repository/ROLES/Create Role/New Role_page/expand and collapse button' is clicked on

2020-03-13 14:41:13 - [MESSAGE][PASSED] - Object: 'Object Repository/ROLES/Create Role/New Role_page/expand and collapse button' is clicked on

2020-03-13 14:41:13 - [TEST_STEP][PASSED] - verifyElementNotHasAttribute(findTestObject("ROLES/Create Role/New Role_page/div_Create"), findTestData("Roles").getValue(8, 2), 0): Object 'Object Repository/ROLES/Create Role/New Role_page/div_Create' does not have attribute 'disabled'

2020-03-13 14:41:13 - [MESSAGE][WARNING] - Timeout '0' is invalid. Using default page load timeout: '230'

2020-03-13 14:41:13 - [MESSAGE][PASSED] - Object 'Object Repository/ROLES/Create Role/New Role_page/div_Create' does not have attribute 'disabled'

2020-03-13 14:41:13 - [TEST_STEP][NOT_RUN] - verifyElementPresent(findTestObject("ROLES/Create Role/New Role_page/tickMark_roleProperties"), 0): NOT_RUN: verifyElementPresent(findTestObject("ROLES/Create Role/New Role_page/tickMark_roleProperties"), 0)

2020-03-13 14:41:13 - [MESSAGE][NOT_RUN] - NOT_RUN: verifyElementPresent(findTestObject("ROLES/Create Role/New Role_page/tickMark_roleProperties"), 0)

2020-03-13 14:41:13 - [TEST_STEP][NOT_RUN] - click(findTestObject("ROLES/Create Role/New Role_page/div_Create")): NOT_RUN: click(findTestObject("ROLES/Create Role/New Role_page/div_Create"))

2020-03-13 14:41:13 - [MESSAGE][NOT_RUN] - NOT_RUN: click(findTestObject("ROLES/Create Role/New Role_page/div_Create"))

2020-03-13 14:41:13 - [TEST_STEP][NOT_RUN] - verifyElementPresent(findTestObject("ROLES/Roles_page/Role Manager"), 0): NOT_RUN: verifyElementPresent(findTestObject("ROLES/Roles_page/Role Manager"), 0)

2020-03-13 14:41:13 - [MESSAGE][NOT_RUN] - NOT_RUN: verifyElementPresent(findTestObject("ROLES/Roles_page/Role Manager"), 0)

2020-03-13 14:41:13 - [TEST_STEP][PASSED] - Start listener action : sampleAfterTestCase: null

2020-03-13 14:41:13 - [TEST_STEP][PASSED] - println(testCaseContext.getTestCaseId()): null

2020-03-13 14:41:13 - [TEST_STEP][PASSED] - println(testCaseContext.getTestCaseStatus()): null

2020-03-13 14:41:13 - [TEST_STEP][PASSED] - println("On Failure Method is Calling : " + testCaseContext.getTestCaseStatus()): null

2020-03-13 14:41:13 - [TEST_STEP][PASSED] - if (!(getTestCaseStatus().equalsIgnoreCase("PASSED"))): null]]></system-out>
         <system-err><![CDATA[]]></system-err>
      </testcase>
      <testcase name="Test Cases/Atlas Platform/Configuration Management/Platform Management/ROLES/Create Role/Validate presence of all the Elements in Creating Role/CR02 Verify Platform tab in New Role page" time="10.118" classname="Test Cases/Atlas Platform/Configuration Management/Platform Management/ROLES/Create Role/Validate presence of all the Elements in Creating Role/CR02 Verify Platform tab in New Role page" status="PASSED">
         <system-out><![CDATA[2020-03-13 14:41:16 - [TEST_CASE][PASSED] - Test Cases/Atlas Platform/Configuration Management/Platform Management/ROLES/Create Role/Validate presence of all the Elements in Creating Role/CR02 Verify Platform tab in New Role page: Test Cases/Atlas Platform/Configuration Management/Platform Management/ROLES/Create Role/Validate presence of all the Elements in Creating Role/CR02 Verify Platform tab in New Role page

2020-03-13 14:41:16 - [TEST_STEP][NOT_RUN] - callTestCase(findTestCase("Atlas Platform/Platform Navigation/Login/Default Logins/Default_Login_as_Root Admin"), ["Email":findTestData("AMP_Y").getValue(1, 1), "Password":findTestData("AMP_Y").getValue(2, 1), "dashboard_exp_title":""], CONTINUE_ON_FAILURE): NOT_RUN: callTestCase(findTestCase("Atlas Platform/Platform Navigation/Login/Default Logins/Default_Login_as_Root Admin"), ["Email":findTestData("AMP_Y").getValue(1, 1), "Password":findTestData("AMP_Y").getValue(2, 1), "dashboard_exp_title":""], CONTINUE_ON_FAILURE)

2020-03-13 14:41:16 - [MESSAGE][NOT_RUN] - NOT_RUN: callTestCase(findTestCase("Atlas Platform/Platform Navigation/Login/Default Logins/Default_Login_as_Root Admin"), ["Email":findTestData("AMP_Y").getValue(1, 1), "Password":findTestData("AMP_Y").getValue(2, 1), "dashboard_exp_title":""], CONTINUE_ON_FAILURE)

2020-03-13 14:41:16 - [TEST_STEP][NOT_RUN] - click(findTestObject("ROLES/Role_Navigation/a_ADMIN")): NOT_RUN: click(findTestObject("ROLES/Role_Navigation/a_ADMIN"))

2020-03-13 14:41:16 - [MESSAGE][NOT_RUN] - NOT_RUN: click(findTestObject("ROLES/Role_Navigation/a_ADMIN"))

2020-03-13 14:41:16 - [TEST_STEP][NOT_RUN] - click(findTestObject("ROLES/Roles_page/Create Role_button")): NOT_RUN: click(findTestObject("ROLES/Roles_page/Create Role_button"))

2020-03-13 14:41:16 - [MESSAGE][NOT_RUN] - NOT_RUN: click(findTestObject("ROLES/Roles_page/Create Role_button"))

2020-03-13 14:41:16 - [TEST_STEP][PASSED] - click(findTestObject("ROLES/Create Role/New Role_page/a_Platform")): Object: 'Object Repository/ROLES/Create Role/New Role_page/a_Platform' is clicked on

2020-03-13 14:41:16 - [MESSAGE][PASSED] - Object: 'Object Repository/ROLES/Create Role/New Role_page/a_Platform' is clicked on

2020-03-13 14:41:16 - [TEST_STEP][PASSED] - verifyElementPresent(findTestObject("ROLES/Create Role/platform/h2_Platform"), 0): Object 'Object Repository/ROLES/Create Role/platform/h2_Platform' is present

2020-03-13 14:41:16 - [MESSAGE][WARNING] - Timeout '0' is invalid. Using default page load timeout: '230'

2020-03-13 14:41:17 - [MESSAGE][PASSED] - Object 'Object Repository/ROLES/Create Role/platform/h2_Platform' is present

2020-03-13 14:41:17 - [TEST_STEP][PASSED] - verifyElementPresent(findTestObject("ROLES/Create Role/platform/checkbox_User Create"), 0): Object 'Object Repository/ROLES/Create Role/platform/checkbox_User Create' is present

2020-03-13 14:41:17 - [MESSAGE][WARNING] - Timeout '0' is invalid. Using default page load timeout: '230'

2020-03-13 14:41:17 - [MESSAGE][PASSED] - Object 'Object Repository/ROLES/Create Role/platform/checkbox_User Create' is present

2020-03-13 14:41:17 - [TEST_STEP][PASSED] - verifyElementChecked(findTestObject("ROLES/Create Role/platform/checkbox_User Create"), 0): Object 'Object Repository/ROLES/Create Role/platform/checkbox_User Create' is checked

2020-03-13 14:41:17 - [MESSAGE][WARNING] - Timeout '0' is invalid. Using default page load timeout: '230'

2020-03-13 14:41:18 - [MESSAGE][PASSED] - Object 'Object Repository/ROLES/Create Role/platform/checkbox_User Create' is checked

2020-03-13 14:41:18 - [TEST_STEP][PASSED] - verifyElementPresent(findTestObject("ROLES/Create Role/platform/span_User Create"), 0): Object 'Object Repository/ROLES/Create Role/platform/span_User Create' is present

2020-03-13 14:41:18 - [MESSAGE][WARNING] - Timeout '0' is invalid. Using default page load timeout: '230'

2020-03-13 14:41:18 - [MESSAGE][PASSED] - Object 'Object Repository/ROLES/Create Role/platform/span_User Create' is present

2020-03-13 14:41:18 - [TEST_STEP][PASSED] - verifyElementPresent(findTestObject("ROLES/Create Role/platform/label_Availability"), 0): Object 'Object Repository/ROLES/Create Role/platform/label_Availability' is present

2020-03-13 14:41:18 - [MESSAGE][WARNING] - Timeout '0' is invalid. Using default page load timeout: '230'

2020-03-13 14:41:18 - [MESSAGE][PASSED] - Object 'Object Repository/ROLES/Create Role/platform/label_Availability' is present

2020-03-13 14:41:18 - [TEST_STEP][PASSED] - verifyElementPresent(findTestObject("ROLES/Create Role/platform/radiobutton_AllAccounts"), 0): Object 'Object Repository/ROLES/Create Role/platform/radiobutton_AllAccounts' is present

2020-03-13 14:41:18 - [MESSAGE][WARNING] - Timeout '0' is invalid. Using default page load timeout: '230'

2020-03-13 14:41:19 - [MESSAGE][PASSED] - Object 'Object Repository/ROLES/Create Role/platform/radiobutton_AllAccounts' is present

2020-03-13 14:41:19 - [TEST_STEP][PASSED] - verifyElementChecked(findTestObject("ROLES/Create Role/platform/radiobutton_AllAccounts"), 0): Object 'Object Repository/ROLES/Create Role/platform/radiobutton_AllAccounts' is checked

2020-03-13 14:41:19 - [MESSAGE][WARNING] - Timeout '0' is invalid. Using default page load timeout: '230'

2020-03-13 14:41:19 - [MESSAGE][PASSED] - Object 'Object Repository/ROLES/Create Role/platform/radiobutton_AllAccounts' is checked

2020-03-13 14:41:19 - [TEST_STEP][PASSED] - verifyElementPresent(findTestObject("ROLES/Create Role/platform/label_All Accounts"), 0): Object 'Object Repository/ROLES/Create Role/platform/label_All Accounts' is present

2020-03-13 14:41:19 - [MESSAGE][WARNING] - Timeout '0' is invalid. Using default page load timeout: '230'

2020-03-13 14:41:19 - [MESSAGE][PASSED] - Object 'Object Repository/ROLES/Create Role/platform/label_All Accounts' is present

2020-03-13 14:41:19 - [TEST_STEP][PASSED] - verifyElementPresent(findTestObject("ROLES/Create Role/platform/radiobutton_AddAffiliation"), 0): Object 'Object Repository/ROLES/Create Role/platform/radiobutton_AddAffiliation' is present

2020-03-13 14:41:20 - [MESSAGE][WARNING] - Timeout '0' is invalid. Using default page load timeout: '230'

2020-03-13 14:41:20 - [MESSAGE][PASSED] - Object 'Object Repository/ROLES/Create Role/platform/radiobutton_AddAffiliation' is present

2020-03-13 14:41:20 - [TEST_STEP][PASSED] - verifyElementPresent(findTestObject("ROLES/Create Role/platform/label_Affilaton"), 0): Object 'Object Repository/ROLES/Create Role/platform/label_Affilaton' is present

2020-03-13 14:41:20 - [MESSAGE][WARNING] - Timeout '0' is invalid. Using default page load timeout: '230'

2020-03-13 14:41:20 - [MESSAGE][PASSED] - Object 'Object Repository/ROLES/Create Role/platform/label_Affilaton' is present

2020-03-13 14:41:20 - [TEST_STEP][PASSED] - verifyElementPresent(findTestObject("ROLES/Create Role/platform/searchbox_affiliation"), 0): Object 'Object Repository/ROLES/Create Role/platform/searchbox_affiliation' is present

2020-03-13 14:41:20 - [MESSAGE][WARNING] - Timeout '0' is invalid. Using default page load timeout: '230'

2020-03-13 14:41:21 - [MESSAGE][PASSED] - Object 'Object Repository/ROLES/Create Role/platform/searchbox_affiliation' is present

2020-03-13 14:41:21 - [TEST_STEP][PASSED] - verifyElementPresent(findTestObject("ROLES/Create Role/platform/Select_affiliationPlaceholder"), 0): Object 'Object Repository/ROLES/Create Role/platform/Select_affiliationPlaceholder' is present

2020-03-13 14:41:21 - [MESSAGE][WARNING] - Timeout '0' is invalid. Using default page load timeout: '230'

2020-03-13 14:41:21 - [MESSAGE][PASSED] - Object 'Object Repository/ROLES/Create Role/platform/Select_affiliationPlaceholder' is present

2020-03-13 14:41:21 - [TEST_STEP][PASSED] - verifyElementPresent(findTestObject("ROLES/Create Role/platform/dropdown_affiliation"), 0): Object 'Object Repository/ROLES/Create Role/platform/dropdown_affiliation' is present

2020-03-13 14:41:21 - [MESSAGE][WARNING] - Timeout '0' is invalid. Using default page load timeout: '230'

2020-03-13 14:41:21 - [MESSAGE][PASSED] - Object 'Object Repository/ROLES/Create Role/platform/dropdown_affiliation' is present

2020-03-13 14:41:21 - [TEST_STEP][PASSED] - verifyElementPresent(findTestObject("ROLES/Create Role/platform/button_Add Affilation"), 0): Object 'Object Repository/ROLES/Create Role/platform/button_Add Affilation' is present

2020-03-13 14:41:21 - [MESSAGE][WARNING] - Timeout '0' is invalid. Using default page load timeout: '230'

2020-03-13 14:41:22 - [MESSAGE][PASSED] - Object 'Object Repository/ROLES/Create Role/platform/button_Add Affilation' is present

2020-03-13 14:41:22 - [TEST_STEP][PASSED] - verifyElementPresent(findTestObject("ROLES/Create Role/platform/radiobutton_AddAccount"), 0): Object 'Object Repository/ROLES/Create Role/platform/radiobutton_AddAccount' is present

2020-03-13 14:41:22 - [MESSAGE][WARNING] - Timeout '0' is invalid. Using default page load timeout: '230'

2020-03-13 14:41:22 - [MESSAGE][PASSED] - Object 'Object Repository/ROLES/Create Role/platform/radiobutton_AddAccount' is present

2020-03-13 14:41:22 - [TEST_STEP][PASSED] - verifyElementPresent(findTestObject("ROLES/Create Role/platform/label_Account"), 0): Object 'Object Repository/ROLES/Create Role/platform/label_Account' is present

2020-03-13 14:41:22 - [MESSAGE][WARNING] - Timeout '0' is invalid. Using default page load timeout: '230'

2020-03-13 14:41:22 - [MESSAGE][PASSED] - Object 'Object Repository/ROLES/Create Role/platform/label_Account' is present

2020-03-13 14:41:22 - [TEST_STEP][PASSED] - verifyElementPresent(findTestObject("ROLES/Create Role/platform/searchbox_account"), 0): Object 'Object Repository/ROLES/Create Role/platform/searchbox_account' is present

2020-03-13 14:41:22 - [MESSAGE][WARNING] - Timeout '0' is invalid. Using default page load timeout: '230'

2020-03-13 14:41:23 - [MESSAGE][PASSED] - Object 'Object Repository/ROLES/Create Role/platform/searchbox_account' is present

2020-03-13 14:41:23 - [TEST_STEP][PASSED] - verifyElementPresent(findTestObject("ROLES/Create Role/platform/Select_accountPlaceholder"), 0): Object 'Object Repository/ROLES/Create Role/platform/Select_accountPlaceholder' is present

2020-03-13 14:41:23 - [MESSAGE][WARNING] - Timeout '0' is invalid. Using default page load timeout: '230'

2020-03-13 14:41:23 - [MESSAGE][PASSED] - Object 'Object Repository/ROLES/Create Role/platform/Select_accountPlaceholder' is present

2020-03-13 14:41:23 - [TEST_STEP][PASSED] - verifyElementPresent(findTestObject("ROLES/Create Role/platform/dropdown_account"), 0): Object 'Object Repository/ROLES/Create Role/platform/dropdown_account' is present

2020-03-13 14:41:23 - [MESSAGE][WARNING] - Timeout '0' is invalid. Using default page load timeout: '230'

2020-03-13 14:41:23 - [MESSAGE][PASSED] - Object 'Object Repository/ROLES/Create Role/platform/dropdown_account' is present

2020-03-13 14:41:23 - [TEST_STEP][PASSED] - verifyElementPresent(findTestObject("ROLES/Create Role/platform/button_Add Account"), 0): Object 'Object Repository/ROLES/Create Role/platform/button_Add Account' is present

2020-03-13 14:41:23 - [MESSAGE][WARNING] - Timeout '0' is invalid. Using default page load timeout: '230'

2020-03-13 14:41:24 - [MESSAGE][PASSED] - Object 'Object Repository/ROLES/Create Role/platform/button_Add Account' is present

2020-03-13 14:41:24 - [TEST_STEP][PASSED] - Start listener action : sampleAfterTestCase: null

2020-03-13 14:41:24 - [TEST_STEP][PASSED] - println(testCaseContext.getTestCaseId()): null

2020-03-13 14:41:24 - [TEST_STEP][PASSED] - println(testCaseContext.getTestCaseStatus()): null

2020-03-13 14:41:24 - [TEST_STEP][PASSED] - println("On Failure Method is Calling : " + testCaseContext.getTestCaseStatus()): null

2020-03-13 14:41:24 - [TEST_STEP][PASSED] - if (!(getTestCaseStatus().equalsIgnoreCase("PASSED"))): null]]></system-out>
         <system-err><![CDATA[]]></system-err>
      </testcase>
      <testcase name="Test Cases/Atlas Platform/Configuration Management/Platform Management/ROLES/Create Role/CR02 Validate Elements of Platform tab" time="44.029" classname="Test Cases/Atlas Platform/Configuration Management/Platform Management/ROLES/Create Role/CR02 Validate Elements of Platform tab" status="PASSED">
         <system-out><![CDATA[2020-03-13 14:41:26 - [TEST_CASE][PASSED] - Test Cases/Atlas Platform/Configuration Management/Platform Management/ROLES/Create Role/CR02 Validate Elements of Platform tab: Test Cases/Atlas Platform/Configuration Management/Platform Management/ROLES/Create Role/CR02 Validate Elements of Platform tab

2020-03-13 14:41:26 - [TEST_STEP][NOT_RUN] - callTestCase(findTestCase("Atlas Platform/Platform Navigation/Login/Default Logins/Default_Login_as_Root Admin"), ["Email":findTestData("AMP_Y").getValue(1, 1), "Password":findTestData("AMP_Y").getValue(2, 1), "dashboard_exp_title":""], CONTINUE_ON_FAILURE): NOT_RUN: callTestCase(findTestCase("Atlas Platform/Platform Navigation/Login/Default Logins/Default_Login_as_Root Admin"), ["Email":findTestData("AMP_Y").getValue(1, 1), "Password":findTestData("AMP_Y").getValue(2, 1), "dashboard_exp_title":""], CONTINUE_ON_FAILURE)

2020-03-13 14:41:26 - [MESSAGE][NOT_RUN] - NOT_RUN: callTestCase(findTestCase("Atlas Platform/Platform Navigation/Login/Default Logins/Default_Login_as_Root Admin"), ["Email":findTestData("AMP_Y").getValue(1, 1), "Password":findTestData("AMP_Y").getValue(2, 1), "dashboard_exp_title":""], CONTINUE_ON_FAILURE)

2020-03-13 14:41:26 - [TEST_STEP][NOT_RUN] - click(findTestObject("ROLES/Role_Navigation/a_ADMIN")): NOT_RUN: click(findTestObject("ROLES/Role_Navigation/a_ADMIN"))

2020-03-13 14:41:26 - [MESSAGE][NOT_RUN] - NOT_RUN: click(findTestObject("ROLES/Role_Navigation/a_ADMIN"))

2020-03-13 14:41:26 - [TEST_STEP][NOT_RUN] - click(findTestObject("ROLES/Roles_page/Create Role_button")): NOT_RUN: click(findTestObject("ROLES/Roles_page/Create Role_button"))

2020-03-13 14:41:26 - [MESSAGE][NOT_RUN] - NOT_RUN: click(findTestObject("ROLES/Roles_page/Create Role_button"))

2020-03-13 14:41:26 - [TEST_STEP][NOT_RUN] - click(findTestObject("ROLES/Create Role/New Role_page/a_Platform")): NOT_RUN: click(findTestObject("ROLES/Create Role/New Role_page/a_Platform"))

2020-03-13 14:41:26 - [MESSAGE][NOT_RUN] - NOT_RUN: click(findTestObject("ROLES/Create Role/New Role_page/a_Platform"))

2020-03-13 14:41:26 - [TEST_STEP][PASSED] - verifyElementNotPresent(findTestObject("ROLES/Create Role/platform/tickMark_Platform"), 0): Web element with id: 'Object Repository/ROLES/Create Role/platform/tickMark_Platform' located by 'By.xpath: //span[@class='pl-4 clearfix has-icon icon-group icon-group-success position-right']' is not present after '230' second(s)

2020-03-13 14:41:26 - [MESSAGE][WARNING] - Timeout '0' is invalid. Using default page load timeout: '230'

2020-03-13 14:41:26 - [MESSAGE][PASSED] - Web element with id: 'Object Repository/ROLES/Create Role/platform/tickMark_Platform' located by 'By.xpath: //span[@class='pl-4 clearfix has-icon icon-group icon-group-success position-right']' is not present after '230' second(s)

2020-03-13 14:41:26 - [TEST_STEP][PASSED] - verifyElementChecked(findTestObject("ROLES/Create Role/platform/checkbox_User Create"), 230): Object 'Object Repository/ROLES/Create Role/platform/checkbox_User Create' is checked

2020-03-13 14:41:27 - [MESSAGE][PASSED] - Object 'Object Repository/ROLES/Create Role/platform/checkbox_User Create' is checked

2020-03-13 14:41:27 - [TEST_STEP][PASSED] - click(findTestObject("ROLES/Create Role/platform/span_User Create")): Object: 'Object Repository/ROLES/Create Role/platform/span_User Create' is clicked on

2020-03-13 14:41:27 - [MESSAGE][PASSED] - Object: 'Object Repository/ROLES/Create Role/platform/span_User Create' is clicked on

2020-03-13 14:41:27 - [TEST_STEP][PASSED] - verifyElementNotChecked(findTestObject("ROLES/Create Role/platform/checkbox_User Create"), 230): Object 'Object Repository/ROLES/Create Role/platform/checkbox_User Create' is not checked

2020-03-13 14:41:27 - [MESSAGE][PASSED] - Object 'Object Repository/ROLES/Create Role/platform/checkbox_User Create' is not checked

2020-03-13 14:41:27 - [TEST_STEP][PASSED] - click(findTestObject("ROLES/Create Role/platform/span_User Create")): Object: 'Object Repository/ROLES/Create Role/platform/span_User Create' is clicked on

2020-03-13 14:41:28 - [MESSAGE][PASSED] - Object: 'Object Repository/ROLES/Create Role/platform/span_User Create' is clicked on

2020-03-13 14:41:28 - [TEST_STEP][PASSED] - verifyElementChecked(findTestObject("ROLES/Create Role/platform/checkbox_User Create"), 230): Object 'Object Repository/ROLES/Create Role/platform/checkbox_User Create' is checked

2020-03-13 14:41:28 - [MESSAGE][PASSED] - Object 'Object Repository/ROLES/Create Role/platform/checkbox_User Create' is checked

2020-03-13 14:41:28 - [TEST_STEP][PASSED] - verifyElementChecked(findTestObject("ROLES/Create Role/platform/radiobutton_AllAccounts"), 230): Object 'Object Repository/ROLES/Create Role/platform/radiobutton_AllAccounts' is checked

2020-03-13 14:41:28 - [MESSAGE][PASSED] - Object 'Object Repository/ROLES/Create Role/platform/radiobutton_AllAccounts' is checked

2020-03-13 14:41:28 - [TEST_STEP][PASSED] - verifyElementHasAttribute(findTestObject("ROLES/Create Role/platform/searchbox_affiliation"), findTestData("Roles").getValue(8, 2), 0): Object 'Object Repository/ROLES/Create Role/platform/searchbox_affiliation' has attribute 'disabled'

2020-03-13 14:41:29 - [MESSAGE][WARNING] - Timeout '0' is invalid. Using default page load timeout: '230'

2020-03-13 14:41:29 - [MESSAGE][PASSED] - Object 'Object Repository/ROLES/Create Role/platform/searchbox_affiliation' has attribute 'disabled'

2020-03-13 14:41:29 - [TEST_STEP][PASSED] - verifyElementHasAttribute(findTestObject("ROLES/Create Role/platform/dropdown_affiliation"), findTestData("Roles").getValue(8, 2), 0): Object 'Object Repository/ROLES/Create Role/platform/dropdown_affiliation' has attribute 'disabled'

2020-03-13 14:41:29 - [MESSAGE][WARNING] - Timeout '0' is invalid. Using default page load timeout: '230'

2020-03-13 14:41:29 - [MESSAGE][PASSED] - Object 'Object Repository/ROLES/Create Role/platform/dropdown_affiliation' has attribute 'disabled'

2020-03-13 14:41:29 - [TEST_STEP][PASSED] - verifyElementHasAttribute(findTestObject("ROLES/Create Role/platform/button_Add Affilation"), findTestData("Roles").getValue(8, 2), 0): Object 'Object Repository/ROLES/Create Role/platform/button_Add Affilation' has attribute 'disabled'

2020-03-13 14:41:29 - [MESSAGE][WARNING] - Timeout '0' is invalid. Using default page load timeout: '230'

2020-03-13 14:41:30 - [MESSAGE][PASSED] - Object 'Object Repository/ROLES/Create Role/platform/button_Add Affilation' has attribute 'disabled'

2020-03-13 14:41:30 - [TEST_STEP][PASSED] - click(findTestObject("ROLES/Create Role/platform/label_Affilaton")): Object: 'Object Repository/ROLES/Create Role/platform/label_Affilaton' is clicked on

2020-03-13 14:41:30 - [MESSAGE][PASSED] - Object: 'Object Repository/ROLES/Create Role/platform/label_Affilaton' is clicked on

2020-03-13 14:41:30 - [TEST_STEP][PASSED] - verifyElementNotChecked(findTestObject("ROLES/Create Role/platform/radiobutton_AllAccounts"), 230): Object 'Object Repository/ROLES/Create Role/platform/radiobutton_AllAccounts' is not checked

2020-03-13 14:41:30 - [MESSAGE][PASSED] - Object 'Object Repository/ROLES/Create Role/platform/radiobutton_AllAccounts' is not checked

2020-03-13 14:41:30 - [TEST_STEP][PASSED] - verifyElementChecked(findTestObject("ROLES/Create Role/platform/radiobutton_AddAffiliation"), 230): Object 'Object Repository/ROLES/Create Role/platform/radiobutton_AddAffiliation' is checked

2020-03-13 14:41:31 - [MESSAGE][PASSED] - Object 'Object Repository/ROLES/Create Role/platform/radiobutton_AddAffiliation' is checked

2020-03-13 14:41:31 - [TEST_STEP][PASSED] - verifyElementNotHasAttribute(findTestObject("ROLES/Create Role/platform/searchbox_affiliation"), findTestData("Roles").getValue(8, 2), 0): Object 'Object Repository/ROLES/Create Role/platform/searchbox_affiliation' does not have attribute 'disabled'

2020-03-13 14:41:31 - [MESSAGE][WARNING] - Timeout '0' is invalid. Using default page load timeout: '230'

2020-03-13 14:41:31 - [MESSAGE][PASSED] - Object 'Object Repository/ROLES/Create Role/platform/searchbox_affiliation' does not have attribute 'disabled'

2020-03-13 14:41:31 - [TEST_STEP][PASSED] - verifyElementNotHasAttribute(findTestObject("ROLES/Create Role/platform/dropdown_affiliation"), findTestData("Roles").getValue(8, 2), 0): Object 'Object Repository/ROLES/Create Role/platform/dropdown_affiliation' does not have attribute 'disabled'

2020-03-13 14:41:31 - [MESSAGE][WARNING] - Timeout '0' is invalid. Using default page load timeout: '230'

2020-03-13 14:41:31 - [MESSAGE][PASSED] - Object 'Object Repository/ROLES/Create Role/platform/dropdown_affiliation' does not have attribute 'disabled'

2020-03-13 14:41:31 - [TEST_STEP][PASSED] - verifyElementNotHasAttribute(findTestObject("ROLES/Create Role/platform/button_Add Affilation"), findTestData("Roles").getValue(8, 2), 0): Object 'Object Repository/ROLES/Create Role/platform/button_Add Affilation' does not have attribute 'disabled'

2020-03-13 14:41:32 - [MESSAGE][WARNING] - Timeout '0' is invalid. Using default page load timeout: '230'

2020-03-13 14:41:32 - [MESSAGE][PASSED] - Object 'Object Repository/ROLES/Create Role/platform/button_Add Affilation' does not have attribute 'disabled'

2020-03-13 14:41:32 - [TEST_STEP][PASSED] - sendKeys(findTestObject("ROLES/Create Role/platform/Select_affiliationPlaceholder"), findTestData("Roles").getValue(6, 1)): Keys 'Toyota' sent to object: 'Object Repository/ROLES/Create Role/platform/Select_affiliationPlaceholder'

2020-03-13 14:41:32 - [MESSAGE][PASSED] - Keys 'Toyota' sent to object: 'Object Repository/ROLES/Create Role/platform/Select_affiliationPlaceholder'

2020-03-13 14:41:32 - [TEST_STEP][NOT_RUN] - verifyElementVisibleInViewport(findTestObject("ROLES/Create Role/platform/affiliation_1st one"), 230): NOT_RUN: verifyElementVisibleInViewport(findTestObject("ROLES/Create Role/platform/affiliation_1st one"), 230)

2020-03-13 14:41:32 - [MESSAGE][NOT_RUN] - NOT_RUN: verifyElementVisibleInViewport(findTestObject("ROLES/Create Role/platform/affiliation_1st one"), 230)

2020-03-13 14:41:32 - [TEST_STEP][NOT_RUN] - verifyElementPresent(findTestObject("ROLES/Create Role/platform/affiliation_1st one"), 230): NOT_RUN: verifyElementPresent(findTestObject("ROLES/Create Role/platform/affiliation_1st one"), 230)

2020-03-13 14:41:32 - [MESSAGE][NOT_RUN] - NOT_RUN: verifyElementPresent(findTestObject("ROLES/Create Role/platform/affiliation_1st one"), 230)

2020-03-13 14:41:32 - [TEST_STEP][PASSED] - click(findTestObject("ROLES/Create Role/platform/affiliation_1st one"), CONTINUE_ON_FAILURE): Object: 'Object Repository/ROLES/Create Role/platform/affiliation_1st one' is clicked on

2020-03-13 14:41:34 - [MESSAGE][PASSED] - Object: 'Object Repository/ROLES/Create Role/platform/affiliation_1st one' is clicked on

2020-03-13 14:41:34 - [TEST_STEP][PASSED] - click(findTestObject("ROLES/Create Role/platform/button_Add Affilation")): Object: 'Object Repository/ROLES/Create Role/platform/button_Add Affilation' is clicked on

2020-03-13 14:41:34 - [MESSAGE][PASSED] - Object: 'Object Repository/ROLES/Create Role/platform/button_Add Affilation' is clicked on

2020-03-13 14:41:34 - [TEST_STEP][PASSED] - delay(2): Delayed 2 second(s)

2020-03-13 14:41:36 - [MESSAGE][PASSED] - Delayed 2 second(s)

2020-03-13 14:41:36 - [TEST_STEP][PASSED] - verifyElementPresent(findTestObject("ROLES/Create Role/platform/affiliation_added"), 0): Object 'Object Repository/ROLES/Create Role/platform/affiliation_added' is present

2020-03-13 14:41:36 - [MESSAGE][WARNING] - Timeout '0' is invalid. Using default page load timeout: '230'

2020-03-13 14:41:36 - [MESSAGE][PASSED] - Object 'Object Repository/ROLES/Create Role/platform/affiliation_added' is present

2020-03-13 14:41:36 - [TEST_STEP][PASSED] - click(findTestObject("ROLES/Create Role/platform 2/delete icon_affiliation")): Object: 'Object Repository/ROLES/Create Role/platform 2/delete icon_affiliation' is clicked on

2020-03-13 14:41:37 - [MESSAGE][PASSED] - Object: 'Object Repository/ROLES/Create Role/platform 2/delete icon_affiliation' is clicked on

2020-03-13 14:41:37 - [TEST_STEP][PASSED] - verifyElementNotPresent(findTestObject("ROLES/Create Role/platform/affiliation_added"), 0): Web element with id: 'Object Repository/ROLES/Create Role/platform/affiliation_added' located by 'By.xpath: //div[@style='display: -webkit-inline-box;']' is not present after '230' second(s)

2020-03-13 14:41:37 - [MESSAGE][WARNING] - Timeout '0' is invalid. Using default page load timeout: '230'

2020-03-13 14:41:37 - [MESSAGE][PASSED] - Web element with id: 'Object Repository/ROLES/Create Role/platform/affiliation_added' located by 'By.xpath: //div[@style='display: -webkit-inline-box;']' is not present after '230' second(s)

2020-03-13 14:41:37 - [TEST_STEP][PASSED] - click(findTestObject("ROLES/Create Role/platform/label_All Accounts")): Object: 'Object Repository/ROLES/Create Role/platform/label_All Accounts' is clicked on

2020-03-13 14:41:38 - [MESSAGE][PASSED] - Object: 'Object Repository/ROLES/Create Role/platform/label_All Accounts' is clicked on

2020-03-13 14:41:38 - [TEST_STEP][PASSED] - click(findTestObject("ROLES/Create Role/platform/label_Affilaton")): Object: 'Object Repository/ROLES/Create Role/platform/label_Affilaton' is clicked on

2020-03-13 14:41:38 - [MESSAGE][PASSED] - Object: 'Object Repository/ROLES/Create Role/platform/label_Affilaton' is clicked on

2020-03-13 14:41:38 - [TEST_STEP][PASSED] - sendKeys(findTestObject("ROLES/Create Role/platform/Select_affiliationPlaceholder"), findTestData("Roles").getValue(6, 2)): Keys 'Totient' sent to object: 'Object Repository/ROLES/Create Role/platform/Select_affiliationPlaceholder'

2020-03-13 14:41:39 - [MESSAGE][PASSED] - Keys 'Totient' sent to object: 'Object Repository/ROLES/Create Role/platform/Select_affiliationPlaceholder'

2020-03-13 14:41:39 - [TEST_STEP][PASSED] - verifyElementNotPresent(findTestObject("ROLES/Create Role/platform/Results_search text field"), 230): Web element with id: 'Object Repository/ROLES/Create Role/platform/Results_search text field' located by 'By.xpath: //li[text()='Results']' is not present after '230' second(s)

2020-03-13 14:41:40 - [MESSAGE][PASSED] - Web element with id: 'Object Repository/ROLES/Create Role/platform/Results_search text field' located by 'By.xpath: //li[text()='Results']' is not present after '230' second(s)

2020-03-13 14:41:40 - [TEST_STEP][PASSED] - click(findTestObject("ROLES/Create Role/platform/label_All Accounts")): Object: 'Object Repository/ROLES/Create Role/platform/label_All Accounts' is clicked on

2020-03-13 14:41:40 - [MESSAGE][PASSED] - Object: 'Object Repository/ROLES/Create Role/platform/label_All Accounts' is clicked on

2020-03-13 14:41:40 - [TEST_STEP][PASSED] - click(findTestObject("ROLES/Create Role/platform/label_Affilaton")): Object: 'Object Repository/ROLES/Create Role/platform/label_Affilaton' is clicked on

2020-03-13 14:41:41 - [MESSAGE][PASSED] - Object: 'Object Repository/ROLES/Create Role/platform/label_Affilaton' is clicked on

2020-03-13 14:41:41 - [TEST_STEP][NOT_RUN] - sendKeys(findTestObject("ROLES/Create Role/platform/Select_affiliationPlaceholder"), findTestData("Roles").getValue(6, 1)): NOT_RUN: sendKeys(findTestObject("ROLES/Create Role/platform/Select_affiliationPlaceholder"), findTestData("Roles").getValue(6, 1))

2020-03-13 14:41:41 - [MESSAGE][NOT_RUN] - NOT_RUN: sendKeys(findTestObject("ROLES/Create Role/platform/Select_affiliationPlaceholder"), findTestData("Roles").getValue(6, 1))

2020-03-13 14:41:41 - [TEST_STEP][NOT_RUN] - click(findTestObject("ROLES/Create Role/platform/affiliation_1st one"), CONTINUE_ON_FAILURE): NOT_RUN: click(findTestObject("ROLES/Create Role/platform/affiliation_1st one"), CONTINUE_ON_FAILURE)

2020-03-13 14:41:41 - [MESSAGE][NOT_RUN] - NOT_RUN: click(findTestObject("ROLES/Create Role/platform/affiliation_1st one"), CONTINUE_ON_FAILURE)

2020-03-13 14:41:41 - [TEST_STEP][NOT_RUN] - verifyElementAttributeValue(findTestObject("ROLES/Create Role/platform/Select_affiliationPlaceholder"), findTestData("Roles").getValue(1, 1), findTestData("Roles").getValue(4, 1), 230): NOT_RUN: verifyElementAttributeValue(findTestObject("ROLES/Create Role/platform/Select_affiliationPlaceholder"), findTestData("Roles").getValue(1, 1), findTestData("Roles").getValue(4, 1), 230)

2020-03-13 14:41:41 - [MESSAGE][NOT_RUN] - NOT_RUN: verifyElementAttributeValue(findTestObject("ROLES/Create Role/platform/Select_affiliationPlaceholder"), findTestData("Roles").getValue(1, 1), findTestData("Roles").getValue(4, 1), 230)

2020-03-13 14:41:41 - [TEST_STEP][PASSED] - click(findTestObject("ROLES/Create Role/platform/dropdown_affiliation")): Object: 'Object Repository/ROLES/Create Role/platform/dropdown_affiliation' is clicked on

2020-03-13 14:41:42 - [MESSAGE][PASSED] - Object: 'Object Repository/ROLES/Create Role/platform/dropdown_affiliation' is clicked on

2020-03-13 14:41:42 - [TEST_STEP][PASSED] - verifyElementPresent(findTestObject("ROLES/Create Role/platform/Results_search text field"), 0): Object 'Object Repository/ROLES/Create Role/platform/Results_search text field' is present

2020-03-13 14:41:42 - [MESSAGE][WARNING] - Timeout '0' is invalid. Using default page load timeout: '230'

2020-03-13 14:41:42 - [MESSAGE][PASSED] - Object 'Object Repository/ROLES/Create Role/platform/Results_search text field' is present

2020-03-13 14:41:42 - [TEST_STEP][PASSED] - click(findTestObject("ROLES/Create Role/platform/affiliation_1st one"), CONTINUE_ON_FAILURE): Object: 'Object Repository/ROLES/Create Role/platform/affiliation_1st one' is clicked on

2020-03-13 14:41:42 - [MESSAGE][PASSED] - Object: 'Object Repository/ROLES/Create Role/platform/affiliation_1st one' is clicked on

2020-03-13 14:41:42 - [TEST_STEP][PASSED] - click(findTestObject("ROLES/Create Role/platform/button_Add Affilation")): Object: 'Object Repository/ROLES/Create Role/platform/button_Add Affilation' is clicked on

2020-03-13 14:41:43 - [MESSAGE][PASSED] - Object: 'Object Repository/ROLES/Create Role/platform/button_Add Affilation' is clicked on

2020-03-13 14:41:43 - [TEST_STEP][PASSED] - delay(2): Delayed 2 second(s)

2020-03-13 14:41:45 - [MESSAGE][PASSED] - Delayed 2 second(s)

2020-03-13 14:41:45 - [TEST_STEP][PASSED] - verifyElementPresent(findTestObject("ROLES/Create Role/platform/affiliation_added"), 0): Object 'Object Repository/ROLES/Create Role/platform/affiliation_added' is present

2020-03-13 14:41:45 - [MESSAGE][WARNING] - Timeout '0' is invalid. Using default page load timeout: '230'

2020-03-13 14:41:45 - [MESSAGE][PASSED] - Object 'Object Repository/ROLES/Create Role/platform/affiliation_added' is present

2020-03-13 14:41:45 - [TEST_STEP][PASSED] - verifyElementPresent(findTestObject("ROLES/Create Role/platform/delete icon_platform tab"), 0): Object 'Object Repository/ROLES/Create Role/platform/delete icon_platform tab' is present

2020-03-13 14:41:45 - [MESSAGE][WARNING] - Timeout '0' is invalid. Using default page load timeout: '230'

2020-03-13 14:41:46 - [MESSAGE][PASSED] - Object 'Object Repository/ROLES/Create Role/platform/delete icon_platform tab' is present

2020-03-13 14:41:46 - [TEST_STEP][PASSED] - click(findTestObject("ROLES/Create Role/platform 2/delete icon_affiliation")): Object: 'Object Repository/ROLES/Create Role/platform 2/delete icon_affiliation' is clicked on

2020-03-13 14:41:46 - [MESSAGE][PASSED] - Object: 'Object Repository/ROLES/Create Role/platform 2/delete icon_affiliation' is clicked on

2020-03-13 14:41:46 - [TEST_STEP][PASSED] - verifyElementNotPresent(findTestObject("ROLES/Create Role/platform/affiliation_added"), 0): Web element with id: 'Object Repository/ROLES/Create Role/platform/affiliation_added' located by 'By.xpath: //div[@style='display: -webkit-inline-box;']' is not present after '230' second(s)

2020-03-13 14:41:46 - [MESSAGE][WARNING] - Timeout '0' is invalid. Using default page load timeout: '230'

2020-03-13 14:41:46 - [MESSAGE][PASSED] - Web element with id: 'Object Repository/ROLES/Create Role/platform/affiliation_added' located by 'By.xpath: //div[@style='display: -webkit-inline-box;']' is not present after '230' second(s)

2020-03-13 14:41:46 - [TEST_STEP][PASSED] - verifyElementHasAttribute(findTestObject("ROLES/Create Role/platform/searchbox_account"), findTestData("Roles").getValue(8, 2), 0): Object 'Object Repository/ROLES/Create Role/platform/searchbox_account' has attribute 'disabled'

2020-03-13 14:41:46 - [MESSAGE][WARNING] - Timeout '0' is invalid. Using default page load timeout: '230'

2020-03-13 14:41:47 - [MESSAGE][PASSED] - Object 'Object Repository/ROLES/Create Role/platform/searchbox_account' has attribute 'disabled'

2020-03-13 14:41:47 - [TEST_STEP][PASSED] - verifyElementHasAttribute(findTestObject("ROLES/Create Role/platform/dropdown_account"), findTestData("Roles").getValue(8, 2), 0): Object 'Object Repository/ROLES/Create Role/platform/dropdown_account' has attribute 'disabled'

2020-03-13 14:41:47 - [MESSAGE][WARNING] - Timeout '0' is invalid. Using default page load timeout: '230'

2020-03-13 14:41:47 - [MESSAGE][PASSED] - Object 'Object Repository/ROLES/Create Role/platform/dropdown_account' has attribute 'disabled'

2020-03-13 14:41:47 - [TEST_STEP][PASSED] - verifyElementHasAttribute(findTestObject("ROLES/Create Role/platform/button_Add Account"), findTestData("Roles").getValue(8, 2), 0): Object 'Object Repository/ROLES/Create Role/platform/button_Add Account' has attribute 'disabled'

2020-03-13 14:41:47 - [MESSAGE][WARNING] - Timeout '0' is invalid. Using default page load timeout: '230'

2020-03-13 14:41:48 - [MESSAGE][PASSED] - Object 'Object Repository/ROLES/Create Role/platform/button_Add Account' has attribute 'disabled'

2020-03-13 14:41:48 - [TEST_STEP][PASSED] - click(findTestObject("ROLES/Create Role/platform/label_Account")): Object: 'Object Repository/ROLES/Create Role/platform/label_Account' is clicked on

2020-03-13 14:41:48 - [MESSAGE][PASSED] - Object: 'Object Repository/ROLES/Create Role/platform/label_Account' is clicked on

2020-03-13 14:41:48 - [TEST_STEP][PASSED] - verifyElementNotChecked(findTestObject("ROLES/Create Role/platform/radiobutton_AddAffiliation"), 230): Object 'Object Repository/ROLES/Create Role/platform/radiobutton_AddAffiliation' is not checked

2020-03-13 14:41:49 - [MESSAGE][PASSED] - Object 'Object Repository/ROLES/Create Role/platform/radiobutton_AddAffiliation' is not checked

2020-03-13 14:41:49 - [TEST_STEP][PASSED] - verifyElementChecked(findTestObject("ROLES/Create Role/platform/radiobutton_AddAccount"), 230): Object 'Object Repository/ROLES/Create Role/platform/radiobutton_AddAccount' is checked

2020-03-13 14:41:49 - [MESSAGE][PASSED] - Object 'Object Repository/ROLES/Create Role/platform/radiobutton_AddAccount' is checked

2020-03-13 14:41:49 - [TEST_STEP][PASSED] - verifyElementNotHasAttribute(findTestObject("ROLES/Create Role/platform/searchbox_account"), findTestData("Roles").getValue(8, 2), 0): Object 'Object Repository/ROLES/Create Role/platform/searchbox_account' does not have attribute 'disabled'

2020-03-13 14:41:49 - [MESSAGE][WARNING] - Timeout '0' is invalid. Using default page load timeout: '230'

2020-03-13 14:41:49 - [MESSAGE][PASSED] - Object 'Object Repository/ROLES/Create Role/platform/searchbox_account' does not have attribute 'disabled'

2020-03-13 14:41:49 - [TEST_STEP][PASSED] - verifyElementNotHasAttribute(findTestObject("ROLES/Create Role/platform/dropdown_account"), findTestData("Roles").getValue(8, 2), 0): Object 'Object Repository/ROLES/Create Role/platform/dropdown_account' does not have attribute 'disabled'

2020-03-13 14:41:49 - [MESSAGE][WARNING] - Timeout '0' is invalid. Using default page load timeout: '230'

2020-03-13 14:41:50 - [MESSAGE][PASSED] - Object 'Object Repository/ROLES/Create Role/platform/dropdown_account' does not have attribute 'disabled'

2020-03-13 14:41:50 - [TEST_STEP][PASSED] - verifyElementNotHasAttribute(findTestObject("ROLES/Create Role/platform/button_Add Account"), findTestData("Roles").getValue(8, 2), 0): Object 'Object Repository/ROLES/Create Role/platform/button_Add Account' does not have attribute 'disabled'

2020-03-13 14:41:50 - [MESSAGE][WARNING] - Timeout '0' is invalid. Using default page load timeout: '230'

2020-03-13 14:41:50 - [MESSAGE][PASSED] - Object 'Object Repository/ROLES/Create Role/platform/button_Add Account' does not have attribute 'disabled'

2020-03-13 14:41:50 - [TEST_STEP][PASSED] - sendKeys(findTestObject("ROLES/Create Role/platform/Select_accountPlaceholder"), findTestData("Roles").getValue(7, 1)): Keys 'Toyota' sent to object: 'Object Repository/ROLES/Create Role/platform/Select_accountPlaceholder'

2020-03-13 14:41:50 - [MESSAGE][PASSED] - Keys 'Toyota' sent to object: 'Object Repository/ROLES/Create Role/platform/Select_accountPlaceholder'

2020-03-13 14:41:50 - [TEST_STEP][PASSED] - verifyElementPresent(findTestObject("ROLES/Create Role/platform/account_1st one"), 230): Object 'Object Repository/ROLES/Create Role/platform/account_1st one' is present

2020-03-13 14:41:52 - [MESSAGE][PASSED] - Object 'Object Repository/ROLES/Create Role/platform/account_1st one' is present

2020-03-13 14:41:52 - [TEST_STEP][PASSED] - click(findTestObject("ROLES/Create Role/platform/account_1st one"), CONTINUE_ON_FAILURE): Object: 'Object Repository/ROLES/Create Role/platform/account_1st one' is clicked on

2020-03-13 14:41:52 - [MESSAGE][PASSED] - Object: 'Object Repository/ROLES/Create Role/platform/account_1st one' is clicked on

2020-03-13 14:41:52 - [TEST_STEP][PASSED] - click(findTestObject("ROLES/Create Role/platform/button_Add Account")): Object: 'Object Repository/ROLES/Create Role/platform/button_Add Account' is clicked on

2020-03-13 14:41:53 - [MESSAGE][PASSED] - Object: 'Object Repository/ROLES/Create Role/platform/button_Add Account' is clicked on

2020-03-13 14:41:53 - [TEST_STEP][PASSED] - delay(2): Delayed 2 second(s)

2020-03-13 14:41:55 - [MESSAGE][PASSED] - Delayed 2 second(s)

2020-03-13 14:41:55 - [TEST_STEP][PASSED] - verifyElementPresent(findTestObject("ROLES/Create Role/platform/account_Toyoto_added"), 0): Object 'Object Repository/ROLES/Create Role/platform/account_Toyoto_added' is present

2020-03-13 14:41:55 - [MESSAGE][WARNING] - Timeout '0' is invalid. Using default page load timeout: '230'

2020-03-13 14:41:55 - [MESSAGE][PASSED] - Object 'Object Repository/ROLES/Create Role/platform/account_Toyoto_added' is present

2020-03-13 14:41:55 - [TEST_STEP][PASSED] - verifyElementPresent(findTestObject("ROLES/Create Role/platform/delete icon_platform tab"), 0): Object 'Object Repository/ROLES/Create Role/platform/delete icon_platform tab' is present

2020-03-13 14:41:55 - [MESSAGE][WARNING] - Timeout '0' is invalid. Using default page load timeout: '230'

2020-03-13 14:41:55 - [MESSAGE][PASSED] - Object 'Object Repository/ROLES/Create Role/platform/delete icon_platform tab' is present

2020-03-13 14:41:55 - [TEST_STEP][PASSED] - click(findTestObject("ROLES/Create Role/platform 2/delete icon_affiliation")): Object: 'Object Repository/ROLES/Create Role/platform 2/delete icon_affiliation' is clicked on

2020-03-13 14:41:56 - [MESSAGE][PASSED] - Object: 'Object Repository/ROLES/Create Role/platform 2/delete icon_affiliation' is clicked on

2020-03-13 14:41:56 - [TEST_STEP][PASSED] - delay(2): Delayed 2 second(s)

2020-03-13 14:41:58 - [MESSAGE][PASSED] - Delayed 2 second(s)

2020-03-13 14:41:58 - [TEST_STEP][PASSED] - verifyElementNotPresent(findTestObject("ROLES/Create Role/platform/account_Toyoto_added"), 0): Web element with id: 'Object Repository/ROLES/Create Role/platform/account_Toyoto_added' located by 'By.xpath: //div[@style='display: -webkit-inline-box;']' is not present after '230' second(s)

2020-03-13 14:41:58 - [MESSAGE][WARNING] - Timeout '0' is invalid. Using default page load timeout: '230'

2020-03-13 14:41:58 - [MESSAGE][PASSED] - Web element with id: 'Object Repository/ROLES/Create Role/platform/account_Toyoto_added' located by 'By.xpath: //div[@style='display: -webkit-inline-box;']' is not present after '230' second(s)

2020-03-13 14:41:58 - [TEST_STEP][PASSED] - click(findTestObject("ROLES/Create Role/platform/label_All Accounts")): Object: 'Object Repository/ROLES/Create Role/platform/label_All Accounts' is clicked on

2020-03-13 14:41:59 - [MESSAGE][PASSED] - Object: 'Object Repository/ROLES/Create Role/platform/label_All Accounts' is clicked on

2020-03-13 14:41:59 - [TEST_STEP][PASSED] - click(findTestObject("ROLES/Create Role/platform/label_Account")): Object: 'Object Repository/ROLES/Create Role/platform/label_Account' is clicked on

2020-03-13 14:41:59 - [MESSAGE][PASSED] - Object: 'Object Repository/ROLES/Create Role/platform/label_Account' is clicked on

2020-03-13 14:41:59 - [TEST_STEP][PASSED] - sendKeys(findTestObject("ROLES/Create Role/platform/Select_accountPlaceholder"), findTestData("Roles").getValue(7, 2)): Keys 'Totient' sent to object: 'Object Repository/ROLES/Create Role/platform/Select_accountPlaceholder'

2020-03-13 14:42:00 - [MESSAGE][PASSED] - Keys 'Totient' sent to object: 'Object Repository/ROLES/Create Role/platform/Select_accountPlaceholder'

2020-03-13 14:42:00 - [TEST_STEP][PASSED] - verifyElementNotPresent(findTestObject("ROLES/Create Role/platform/Results_search text field"), 230): Web element with id: 'Object Repository/ROLES/Create Role/platform/Results_search text field' located by 'By.xpath: //li[text()='Results']' is not present after '230' second(s)

2020-03-13 14:42:01 - [MESSAGE][PASSED] - Web element with id: 'Object Repository/ROLES/Create Role/platform/Results_search text field' located by 'By.xpath: //li[text()='Results']' is not present after '230' second(s)

2020-03-13 14:42:01 - [TEST_STEP][PASSED] - click(findTestObject("ROLES/Create Role/platform/label_All Accounts")): Object: 'Object Repository/ROLES/Create Role/platform/label_All Accounts' is clicked on

2020-03-13 14:42:01 - [MESSAGE][PASSED] - Object: 'Object Repository/ROLES/Create Role/platform/label_All Accounts' is clicked on

2020-03-13 14:42:01 - [TEST_STEP][PASSED] - click(findTestObject("ROLES/Create Role/platform/label_Account")): Object: 'Object Repository/ROLES/Create Role/platform/label_Account' is clicked on

2020-03-13 14:42:02 - [MESSAGE][PASSED] - Object: 'Object Repository/ROLES/Create Role/platform/label_Account' is clicked on

2020-03-13 14:42:02 - [TEST_STEP][NOT_RUN] - sendKeys(findTestObject("ROLES/Create Role/platform/Select_accountPlaceholder"), findTestData("Roles").getValue(5, 1)): NOT_RUN: sendKeys(findTestObject("ROLES/Create Role/platform/Select_accountPlaceholder"), findTestData("Roles").getValue(5, 1))

2020-03-13 14:42:02 - [MESSAGE][NOT_RUN] - NOT_RUN: sendKeys(findTestObject("ROLES/Create Role/platform/Select_accountPlaceholder"), findTestData("Roles").getValue(5, 1))

2020-03-13 14:42:02 - [TEST_STEP][NOT_RUN] - click(findTestObject("ROLES/Create Role/platform/account_1st one"), CONTINUE_ON_FAILURE): NOT_RUN: click(findTestObject("ROLES/Create Role/platform/account_1st one"), CONTINUE_ON_FAILURE)

2020-03-13 14:42:02 - [MESSAGE][NOT_RUN] - NOT_RUN: click(findTestObject("ROLES/Create Role/platform/account_1st one"), CONTINUE_ON_FAILURE)

2020-03-13 14:42:02 - [TEST_STEP][NOT_RUN] - verifyElementAttributeValue(findTestObject("ROLES/Create Role/platform/Select_accountPlaceholder"), findTestData("Roles").getValue(1, 1), findTestData("Roles").getValue(5, 1), 230): NOT_RUN: verifyElementAttributeValue(findTestObject("ROLES/Create Role/platform/Select_accountPlaceholder"), findTestData("Roles").getValue(1, 1), findTestData("Roles").getValue(5, 1), 230)

2020-03-13 14:42:02 - [MESSAGE][NOT_RUN] - NOT_RUN: verifyElementAttributeValue(findTestObject("ROLES/Create Role/platform/Select_accountPlaceholder"), findTestData("Roles").getValue(1, 1), findTestData("Roles").getValue(5, 1), 230)

2020-03-13 14:42:02 - [TEST_STEP][PASSED] - click(findTestObject("ROLES/Create Role/platform/dropdown_account")): Object: 'Object Repository/ROLES/Create Role/platform/dropdown_account' is clicked on

2020-03-13 14:42:02 - [MESSAGE][PASSED] - Object: 'Object Repository/ROLES/Create Role/platform/dropdown_account' is clicked on

2020-03-13 14:42:02 - [TEST_STEP][PASSED] - verifyElementPresent(findTestObject("ROLES/Create Role/platform/Results_search text field"), 0): Object 'Object Repository/ROLES/Create Role/platform/Results_search text field' is present

2020-03-13 14:42:02 - [MESSAGE][WARNING] - Timeout '0' is invalid. Using default page load timeout: '230'

2020-03-13 14:42:03 - [MESSAGE][PASSED] - Object 'Object Repository/ROLES/Create Role/platform/Results_search text field' is present

2020-03-13 14:42:03 - [TEST_STEP][PASSED] - click(findTestObject("ROLES/Create Role/platform/account_1st one"), CONTINUE_ON_FAILURE): Object: 'Object Repository/ROLES/Create Role/platform/account_1st one' is clicked on

2020-03-13 14:42:03 - [MESSAGE][PASSED] - Object: 'Object Repository/ROLES/Create Role/platform/account_1st one' is clicked on

2020-03-13 14:42:03 - [TEST_STEP][PASSED] - click(findTestObject("ROLES/Create Role/platform/button_Add Account")): Object: 'Object Repository/ROLES/Create Role/platform/button_Add Account' is clicked on

2020-03-13 14:42:04 - [MESSAGE][PASSED] - Object: 'Object Repository/ROLES/Create Role/platform/button_Add Account' is clicked on

2020-03-13 14:42:04 - [TEST_STEP][PASSED] - delay(2): Delayed 2 second(s)

2020-03-13 14:42:06 - [MESSAGE][PASSED] - Delayed 2 second(s)

2020-03-13 14:42:06 - [TEST_STEP][PASSED] - verifyElementPresent(findTestObject("ROLES/Create Role/platform/account_Toyoto_added"), 0): Object 'Object Repository/ROLES/Create Role/platform/account_Toyoto_added' is present

2020-03-13 14:42:06 - [MESSAGE][WARNING] - Timeout '0' is invalid. Using default page load timeout: '230'

2020-03-13 14:42:06 - [MESSAGE][PASSED] - Object 'Object Repository/ROLES/Create Role/platform/account_Toyoto_added' is present

2020-03-13 14:42:06 - [TEST_STEP][PASSED] - verifyElementPresent(findTestObject("ROLES/Create Role/platform/delete icon_platform tab"), 0): Object 'Object Repository/ROLES/Create Role/platform/delete icon_platform tab' is present

2020-03-13 14:42:06 - [MESSAGE][WARNING] - Timeout '0' is invalid. Using default page load timeout: '230'

2020-03-13 14:42:06 - [MESSAGE][PASSED] - Object 'Object Repository/ROLES/Create Role/platform/delete icon_platform tab' is present

2020-03-13 14:42:06 - [TEST_STEP][PASSED] - click(findTestObject("ROLES/Create Role/platform/delete icon_platform tab")): Object: 'Object Repository/ROLES/Create Role/platform/delete icon_platform tab' is clicked on

2020-03-13 14:42:07 - [MESSAGE][PASSED] - Object: 'Object Repository/ROLES/Create Role/platform/delete icon_platform tab' is clicked on

2020-03-13 14:42:07 - [TEST_STEP][PASSED] - verifyElementNotPresent(findTestObject("ROLES/Create Role/platform/account_Toyoto_added"), 0): Web element with id: 'Object Repository/ROLES/Create Role/platform/account_Toyoto_added' located by 'By.xpath: //div[@style='display: -webkit-inline-box;']' is not present after '230' second(s)

2020-03-13 14:42:07 - [MESSAGE][WARNING] - Timeout '0' is invalid. Using default page load timeout: '230'

2020-03-13 14:42:07 - [MESSAGE][PASSED] - Web element with id: 'Object Repository/ROLES/Create Role/platform/account_Toyoto_added' located by 'By.xpath: //div[@style='display: -webkit-inline-box;']' is not present after '230' second(s)

2020-03-13 14:42:07 - [TEST_STEP][PASSED] - click(findTestObject("ROLES/Create Role/platform/label_All Accounts")): Object: 'Object Repository/ROLES/Create Role/platform/label_All Accounts' is clicked on

2020-03-13 14:42:08 - [MESSAGE][PASSED] - Object: 'Object Repository/ROLES/Create Role/platform/label_All Accounts' is clicked on

2020-03-13 14:42:08 - [TEST_STEP][NOT_RUN] - verifyElementPresent(findTestObject("ROLES/Create Role/platform/tickMark_Platform"), 0): NOT_RUN: verifyElementPresent(findTestObject("ROLES/Create Role/platform/tickMark_Platform"), 0)

2020-03-13 14:42:08 - [MESSAGE][NOT_RUN] - NOT_RUN: verifyElementPresent(findTestObject("ROLES/Create Role/platform/tickMark_Platform"), 0)

2020-03-13 14:42:08 - [TEST_STEP][PASSED] - Start listener action : sampleAfterTestCase: null

2020-03-13 14:42:08 - [TEST_STEP][PASSED] - println(testCaseContext.getTestCaseId()): null

2020-03-13 14:42:08 - [TEST_STEP][PASSED] - println(testCaseContext.getTestCaseStatus()): null

2020-03-13 14:42:08 - [TEST_STEP][PASSED] - println("On Failure Method is Calling : " + testCaseContext.getTestCaseStatus()): null

2020-03-13 14:42:08 - [TEST_STEP][PASSED] - if (!(getTestCaseStatus().equalsIgnoreCase("PASSED"))): null]]></system-out>
         <system-err><![CDATA[]]></system-err>
      </testcase>
      <testcase name="Test Cases/Atlas Platform/Configuration Management/Platform Management/ROLES/Create Role/Validate presence of all the Elements in Creating Role/CR03 Verify Content Features tab in New Role page" time="16.508" classname="Test Cases/Atlas Platform/Configuration Management/Platform Management/ROLES/Create Role/Validate presence of all the Elements in Creating Role/CR03 Verify Content Features tab in New Role page" status="PASSED">
         <system-out><![CDATA[2020-03-13 14:42:10 - [TEST_CASE][PASSED] - Test Cases/Atlas Platform/Configuration Management/Platform Management/ROLES/Create Role/Validate presence of all the Elements in Creating Role/CR03 Verify Content Features tab in New Role page: Test Cases/Atlas Platform/Configuration Management/Platform Management/ROLES/Create Role/Validate presence of all the Elements in Creating Role/CR03 Verify Content Features tab in New Role page

2020-03-13 14:42:10 - [TEST_STEP][NOT_RUN] - callTestCase(findTestCase("Atlas Platform/Platform Navigation/Login/Default Logins/Default_Login_as_Root Admin"), ["Email":findTestData("AMP_Y").getValue(1, 1), "Password":findTestData("AMP_Y").getValue(2, 1), "dashboard_exp_title":""], CONTINUE_ON_FAILURE): NOT_RUN: callTestCase(findTestCase("Atlas Platform/Platform Navigation/Login/Default Logins/Default_Login_as_Root Admin"), ["Email":findTestData("AMP_Y").getValue(1, 1), "Password":findTestData("AMP_Y").getValue(2, 1), "dashboard_exp_title":""], CONTINUE_ON_FAILURE)

2020-03-13 14:42:10 - [MESSAGE][NOT_RUN] - NOT_RUN: callTestCase(findTestCase("Atlas Platform/Platform Navigation/Login/Default Logins/Default_Login_as_Root Admin"), ["Email":findTestData("AMP_Y").getValue(1, 1), "Password":findTestData("AMP_Y").getValue(2, 1), "dashboard_exp_title":""], CONTINUE_ON_FAILURE)

2020-03-13 14:42:10 - [TEST_STEP][NOT_RUN] - click(findTestObject("ROLES/Role_Navigation/a_ADMIN")): NOT_RUN: click(findTestObject("ROLES/Role_Navigation/a_ADMIN"))

2020-03-13 14:42:10 - [MESSAGE][NOT_RUN] - NOT_RUN: click(findTestObject("ROLES/Role_Navigation/a_ADMIN"))

2020-03-13 14:42:10 - [TEST_STEP][NOT_RUN] - click(findTestObject("ROLES/Roles_page/Create Role_button")): NOT_RUN: click(findTestObject("ROLES/Roles_page/Create Role_button"))

2020-03-13 14:42:10 - [MESSAGE][NOT_RUN] - NOT_RUN: click(findTestObject("ROLES/Roles_page/Create Role_button"))

2020-03-13 14:42:10 - [TEST_STEP][PASSED] - click(findTestObject("ROLES/Create Role/New Role_page/a_Content Features")): Object: 'Object Repository/ROLES/Create Role/New Role_page/a_Content Features' is clicked on

2020-03-13 14:42:11 - [MESSAGE][PASSED] - Object: 'Object Repository/ROLES/Create Role/New Role_page/a_Content Features' is clicked on

2020-03-13 14:42:11 - [TEST_STEP][PASSED] - verifyElementPresent(findTestObject("ROLES/Create Role/Content Features/h2_Content Features"), 0): Object 'Object Repository/ROLES/Create Role/Content Features/h2_Content Features' is present

2020-03-13 14:42:11 - [MESSAGE][WARNING] - Timeout '0' is invalid. Using default page load timeout: '230'

2020-03-13 14:42:11 - [MESSAGE][PASSED] - Object 'Object Repository/ROLES/Create Role/Content Features/h2_Content Features' is present

2020-03-13 14:42:11 - [TEST_STEP][PASSED] - verifyElementPresent(findTestObject("ROLES/Create Role/Content Features/label_Template Library"), 0): Object 'Object Repository/ROLES/Create Role/Content Features/label_Template Library' is present

2020-03-13 14:42:11 - [MESSAGE][WARNING] - Timeout '0' is invalid. Using default page load timeout: '230'

2020-03-13 14:42:11 - [MESSAGE][PASSED] - Object 'Object Repository/ROLES/Create Role/Content Features/label_Template Library' is present

2020-03-13 14:42:11 - [TEST_STEP][PASSED] - verifyElementPresent(findTestObject("ROLES/Create Role/Content Features/label_Image Library"), 0): Object 'Object Repository/ROLES/Create Role/Content Features/label_Image Library' is present

2020-03-13 14:42:11 - [MESSAGE][WARNING] - Timeout '0' is invalid. Using default page load timeout: '230'

2020-03-13 14:42:12 - [MESSAGE][PASSED] - Object 'Object Repository/ROLES/Create Role/Content Features/label_Image Library' is present

2020-03-13 14:42:12 - [TEST_STEP][PASSED] - verifyElementPresent(findTestObject("ROLES/Create Role/Content Features/label_Access Library"), 0): Object 'Object Repository/ROLES/Create Role/Content Features/label_Access Library' is present

2020-03-13 14:42:12 - [MESSAGE][WARNING] - Timeout '0' is invalid. Using default page load timeout: '230'

2020-03-13 14:42:12 - [MESSAGE][PASSED] - Object 'Object Repository/ROLES/Create Role/Content Features/label_Access Library' is present

2020-03-13 14:42:12 - [TEST_STEP][PASSED] - verifyElementPresent(findTestObject("ROLES/Create Role/Content Features/label_Content Block Library"), 0): Object 'Object Repository/ROLES/Create Role/Content Features/label_Content Block Library' is present

2020-03-13 14:42:12 - [MESSAGE][WARNING] - Timeout '0' is invalid. Using default page load timeout: '230'

2020-03-13 14:42:12 - [MESSAGE][PASSED] - Object 'Object Repository/ROLES/Create Role/Content Features/label_Content Block Library' is present

2020-03-13 14:42:12 - [TEST_STEP][PASSED] - verifyElementPresent(findTestObject("ROLES/Create Role/Content Features/label_Offer Library"), 0): Object 'Object Repository/ROLES/Create Role/Content Features/label_Offer Library' is present

2020-03-13 14:42:12 - [MESSAGE][WARNING] - Timeout '0' is invalid. Using default page load timeout: '230'

2020-03-13 14:42:13 - [MESSAGE][PASSED] - Object 'Object Repository/ROLES/Create Role/Content Features/label_Offer Library' is present

2020-03-13 14:42:13 - [TEST_STEP][PASSED] - verifyElementPresent(findTestObject("ROLES/Create Role/Content Features/Access_radioButton/Template_All Access"), 0): Object 'Object Repository/ROLES/Create Role/Content Features/Access_radioButton/Template_All Access' is present

2020-03-13 14:42:13 - [MESSAGE][WARNING] - Timeout '0' is invalid. Using default page load timeout: '230'

2020-03-13 14:42:13 - [MESSAGE][PASSED] - Object 'Object Repository/ROLES/Create Role/Content Features/Access_radioButton/Template_All Access' is present

2020-03-13 14:42:13 - [TEST_STEP][PASSED] - verifyElementPresent(findTestObject("ROLES/Create Role/Content Features/Access_radioButton/Template_Read Only"), 0): Object 'Object Repository/ROLES/Create Role/Content Features/Access_radioButton/Template_Read Only' is present

2020-03-13 14:42:13 - [MESSAGE][WARNING] - Timeout '0' is invalid. Using default page load timeout: '230'

2020-03-13 14:42:13 - [MESSAGE][PASSED] - Object 'Object Repository/ROLES/Create Role/Content Features/Access_radioButton/Template_Read Only' is present

2020-03-13 14:42:13 - [TEST_STEP][PASSED] - verifyElementPresent(findTestObject("ROLES/Create Role/Content Features/Access_radioButton/Template_No Access"), 0): Object 'Object Repository/ROLES/Create Role/Content Features/Access_radioButton/Template_No Access' is present

2020-03-13 14:42:13 - [MESSAGE][WARNING] - Timeout '0' is invalid. Using default page load timeout: '230'

2020-03-13 14:42:14 - [MESSAGE][PASSED] - Object 'Object Repository/ROLES/Create Role/Content Features/Access_radioButton/Template_No Access' is present

2020-03-13 14:42:14 - [TEST_STEP][PASSED] - verifyElementChecked(findTestObject("ROLES/Create Role/Content Features/Access_radioButton/Template_No Access"), 0): Object 'Object Repository/ROLES/Create Role/Content Features/Access_radioButton/Template_No Access' is checked

2020-03-13 14:42:14 - [MESSAGE][WARNING] - Timeout '0' is invalid. Using default page load timeout: '230'

2020-03-13 14:42:14 - [MESSAGE][PASSED] - Object 'Object Repository/ROLES/Create Role/Content Features/Access_radioButton/Template_No Access' is checked

2020-03-13 14:42:14 - [TEST_STEP][PASSED] - verifyElementPresent(findTestObject("ROLES/Create Role/Content Features/Access_radioButton/Image_All Access"), 0): Object 'Object Repository/ROLES/Create Role/Content Features/Access_radioButton/Image_All Access' is present

2020-03-13 14:42:14 - [MESSAGE][WARNING] - Timeout '0' is invalid. Using default page load timeout: '230'

2020-03-13 14:42:14 - [MESSAGE][PASSED] - Object 'Object Repository/ROLES/Create Role/Content Features/Access_radioButton/Image_All Access' is present

2020-03-13 14:42:14 - [TEST_STEP][PASSED] - verifyElementPresent(findTestObject("ROLES/Create Role/Content Features/Access_radioButton/Image_Read Only"), 0): Object 'Object Repository/ROLES/Create Role/Content Features/Access_radioButton/Image_Read Only' is present

2020-03-13 14:42:14 - [MESSAGE][WARNING] - Timeout '0' is invalid. Using default page load timeout: '230'

2020-03-13 14:42:15 - [MESSAGE][PASSED] - Object 'Object Repository/ROLES/Create Role/Content Features/Access_radioButton/Image_Read Only' is present

2020-03-13 14:42:15 - [TEST_STEP][PASSED] - verifyElementPresent(findTestObject("ROLES/Create Role/Content Features/Access_radioButton/Image_No Access"), 0): Object 'Object Repository/ROLES/Create Role/Content Features/Access_radioButton/Image_No Access' is present

2020-03-13 14:42:15 - [MESSAGE][WARNING] - Timeout '0' is invalid. Using default page load timeout: '230'

2020-03-13 14:42:15 - [MESSAGE][PASSED] - Object 'Object Repository/ROLES/Create Role/Content Features/Access_radioButton/Image_No Access' is present

2020-03-13 14:42:15 - [TEST_STEP][PASSED] - verifyElementChecked(findTestObject("ROLES/Create Role/Content Features/Access_radioButton/Image_No Access"), 0): Object 'Object Repository/ROLES/Create Role/Content Features/Access_radioButton/Image_No Access' is checked

2020-03-13 14:42:15 - [MESSAGE][WARNING] - Timeout '0' is invalid. Using default page load timeout: '230'

2020-03-13 14:42:15 - [MESSAGE][PASSED] - Object 'Object Repository/ROLES/Create Role/Content Features/Access_radioButton/Image_No Access' is checked

2020-03-13 14:42:15 - [TEST_STEP][PASSED] - verifyElementPresent(findTestObject("ROLES/Create Role/Content Features/Access_radioButton/Asset_All Access"), 0): Object 'Object Repository/ROLES/Create Role/Content Features/Access_radioButton/Asset_All Access' is present

2020-03-13 14:42:15 - [MESSAGE][WARNING] - Timeout '0' is invalid. Using default page load timeout: '230'

2020-03-13 14:42:16 - [MESSAGE][PASSED] - Object 'Object Repository/ROLES/Create Role/Content Features/Access_radioButton/Asset_All Access' is present

2020-03-13 14:42:16 - [TEST_STEP][PASSED] - verifyElementPresent(findTestObject("ROLES/Create Role/Content Features/Access_radioButton/Asset_Read Only"), 0): Object 'Object Repository/ROLES/Create Role/Content Features/Access_radioButton/Asset_Read Only' is present

2020-03-13 14:42:16 - [MESSAGE][WARNING] - Timeout '0' is invalid. Using default page load timeout: '230'

2020-03-13 14:42:16 - [MESSAGE][PASSED] - Object 'Object Repository/ROLES/Create Role/Content Features/Access_radioButton/Asset_Read Only' is present

2020-03-13 14:42:16 - [TEST_STEP][PASSED] - verifyElementPresent(findTestObject("ROLES/Create Role/Content Features/Access_radioButton/Asset_No Access"), 0): Object 'Object Repository/ROLES/Create Role/Content Features/Access_radioButton/Asset_No Access' is present

2020-03-13 14:42:16 - [MESSAGE][WARNING] - Timeout '0' is invalid. Using default page load timeout: '230'

2020-03-13 14:42:16 - [MESSAGE][PASSED] - Object 'Object Repository/ROLES/Create Role/Content Features/Access_radioButton/Asset_No Access' is present

2020-03-13 14:42:16 - [TEST_STEP][PASSED] - verifyElementChecked(findTestObject("ROLES/Create Role/Content Features/Access_radioButton/Asset_No Access"), 0): Object 'Object Repository/ROLES/Create Role/Content Features/Access_radioButton/Asset_No Access' is checked

2020-03-13 14:42:16 - [MESSAGE][WARNING] - Timeout '0' is invalid. Using default page load timeout: '230'

2020-03-13 14:42:17 - [MESSAGE][PASSED] - Object 'Object Repository/ROLES/Create Role/Content Features/Access_radioButton/Asset_No Access' is checked

2020-03-13 14:42:17 - [TEST_STEP][PASSED] - verifyElementPresent(findTestObject("ROLES/Create Role/Content Features/Access_radioButton/Content_All Access"), 0): Object 'Object Repository/ROLES/Create Role/Content Features/Access_radioButton/Content_All Access' is present

2020-03-13 14:42:17 - [MESSAGE][WARNING] - Timeout '0' is invalid. Using default page load timeout: '230'

2020-03-13 14:42:17 - [MESSAGE][PASSED] - Object 'Object Repository/ROLES/Create Role/Content Features/Access_radioButton/Content_All Access' is present

2020-03-13 14:42:17 - [TEST_STEP][PASSED] - verifyElementPresent(findTestObject("ROLES/Create Role/Content Features/Access_radioButton/Content_Read Only"), 0): Object 'Object Repository/ROLES/Create Role/Content Features/Access_radioButton/Content_Read Only' is present

2020-03-13 14:42:17 - [MESSAGE][WARNING] - Timeout '0' is invalid. Using default page load timeout: '230'

2020-03-13 14:42:17 - [MESSAGE][PASSED] - Object 'Object Repository/ROLES/Create Role/Content Features/Access_radioButton/Content_Read Only' is present

2020-03-13 14:42:17 - [TEST_STEP][PASSED] - verifyElementPresent(findTestObject("ROLES/Create Role/Content Features/Access_radioButton/Content_No Access"), 0): Object 'Object Repository/ROLES/Create Role/Content Features/Access_radioButton/Content_No Access' is present

2020-03-13 14:42:17 - [MESSAGE][WARNING] - Timeout '0' is invalid. Using default page load timeout: '230'

2020-03-13 14:42:18 - [MESSAGE][PASSED] - Object 'Object Repository/ROLES/Create Role/Content Features/Access_radioButton/Content_No Access' is present

2020-03-13 14:42:18 - [TEST_STEP][PASSED] - verifyElementChecked(findTestObject("ROLES/Create Role/Content Features/Access_radioButton/Content_No Access"), 0): Object 'Object Repository/ROLES/Create Role/Content Features/Access_radioButton/Content_No Access' is checked

2020-03-13 14:42:18 - [MESSAGE][WARNING] - Timeout '0' is invalid. Using default page load timeout: '230'

2020-03-13 14:42:18 - [MESSAGE][PASSED] - Object 'Object Repository/ROLES/Create Role/Content Features/Access_radioButton/Content_No Access' is checked

2020-03-13 14:42:18 - [TEST_STEP][PASSED] - verifyElementPresent(findTestObject("ROLES/Create Role/Content Features/Access_radioButton/Offer_All Access"), 0): Object 'Object Repository/ROLES/Create Role/Content Features/Access_radioButton/Offer_All Access' is present

2020-03-13 14:42:18 - [MESSAGE][WARNING] - Timeout '0' is invalid. Using default page load timeout: '230'

2020-03-13 14:42:18 - [MESSAGE][PASSED] - Object 'Object Repository/ROLES/Create Role/Content Features/Access_radioButton/Offer_All Access' is present

2020-03-13 14:42:18 - [TEST_STEP][PASSED] - verifyElementPresent(findTestObject("ROLES/Create Role/Content Features/Access_radioButton/Offer_Read Only"), 0): Object 'Object Repository/ROLES/Create Role/Content Features/Access_radioButton/Offer_Read Only' is present

2020-03-13 14:42:18 - [MESSAGE][WARNING] - Timeout '0' is invalid. Using default page load timeout: '230'

2020-03-13 14:42:19 - [MESSAGE][PASSED] - Object 'Object Repository/ROLES/Create Role/Content Features/Access_radioButton/Offer_Read Only' is present

2020-03-13 14:42:19 - [TEST_STEP][PASSED] - verifyElementPresent(findTestObject("ROLES/Create Role/Content Features/Access_radioButton/Offer_No Access"), 0): Object 'Object Repository/ROLES/Create Role/Content Features/Access_radioButton/Offer_No Access' is present

2020-03-13 14:42:19 - [MESSAGE][WARNING] - Timeout '0' is invalid. Using default page load timeout: '230'

2020-03-13 14:42:19 - [MESSAGE][PASSED] - Object 'Object Repository/ROLES/Create Role/Content Features/Access_radioButton/Offer_No Access' is present

2020-03-13 14:42:19 - [TEST_STEP][PASSED] - verifyElementChecked(findTestObject("ROLES/Create Role/Content Features/Access_radioButton/Offer_No Access"), 0): Object 'Object Repository/ROLES/Create Role/Content Features/Access_radioButton/Offer_No Access' is checked

2020-03-13 14:42:19 - [MESSAGE][WARNING] - Timeout '0' is invalid. Using default page load timeout: '230'

2020-03-13 14:42:19 - [MESSAGE][PASSED] - Object 'Object Repository/ROLES/Create Role/Content Features/Access_radioButton/Offer_No Access' is checked

2020-03-13 14:42:19 - [TEST_STEP][PASSED] - verifyElementPresent(findTestObject("ROLES/Create Role/Content Features/Access_labels/Template_All Access"), 0): Object 'Object Repository/ROLES/Create Role/Content Features/Access_labels/Template_All Access' is present

2020-03-13 14:42:19 - [MESSAGE][WARNING] - Timeout '0' is invalid. Using default page load timeout: '230'

2020-03-13 14:42:20 - [MESSAGE][PASSED] - Object 'Object Repository/ROLES/Create Role/Content Features/Access_labels/Template_All Access' is present

2020-03-13 14:42:20 - [TEST_STEP][PASSED] - verifyElementPresent(findTestObject("ROLES/Create Role/Content Features/Access_labels/Template_Read Only"), 0): Object 'Object Repository/ROLES/Create Role/Content Features/Access_labels/Template_Read Only' is present

2020-03-13 14:42:20 - [MESSAGE][WARNING] - Timeout '0' is invalid. Using default page load timeout: '230'

2020-03-13 14:42:20 - [MESSAGE][PASSED] - Object 'Object Repository/ROLES/Create Role/Content Features/Access_labels/Template_Read Only' is present

2020-03-13 14:42:20 - [TEST_STEP][PASSED] - verifyElementPresent(findTestObject("ROLES/Create Role/Content Features/Access_labels/Template_No Access"), 0): Object 'Object Repository/ROLES/Create Role/Content Features/Access_labels/Template_No Access' is present

2020-03-13 14:42:20 - [MESSAGE][WARNING] - Timeout '0' is invalid. Using default page load timeout: '230'

2020-03-13 14:42:20 - [MESSAGE][PASSED] - Object 'Object Repository/ROLES/Create Role/Content Features/Access_labels/Template_No Access' is present

2020-03-13 14:42:20 - [TEST_STEP][PASSED] - verifyElementPresent(findTestObject("ROLES/Create Role/Content Features/Access_labels/Image_All Access"), 0): Object 'Object Repository/ROLES/Create Role/Content Features/Access_labels/Image_All Access' is present

2020-03-13 14:42:20 - [MESSAGE][WARNING] - Timeout '0' is invalid. Using default page load timeout: '230'

2020-03-13 14:42:21 - [MESSAGE][PASSED] - Object 'Object Repository/ROLES/Create Role/Content Features/Access_labels/Image_All Access' is present

2020-03-13 14:42:21 - [TEST_STEP][PASSED] - verifyElementPresent(findTestObject("ROLES/Create Role/Content Features/Access_labels/Image_Read Only"), 0): Object 'Object Repository/ROLES/Create Role/Content Features/Access_labels/Image_Read Only' is present

2020-03-13 14:42:21 - [MESSAGE][WARNING] - Timeout '0' is invalid. Using default page load timeout: '230'

2020-03-13 14:42:21 - [MESSAGE][PASSED] - Object 'Object Repository/ROLES/Create Role/Content Features/Access_labels/Image_Read Only' is present

2020-03-13 14:42:21 - [TEST_STEP][PASSED] - verifyElementPresent(findTestObject("ROLES/Create Role/Content Features/Access_labels/Image_No Access"), 0): Object 'Object Repository/ROLES/Create Role/Content Features/Access_labels/Image_No Access' is present

2020-03-13 14:42:21 - [MESSAGE][WARNING] - Timeout '0' is invalid. Using default page load timeout: '230'

2020-03-13 14:42:21 - [MESSAGE][PASSED] - Object 'Object Repository/ROLES/Create Role/Content Features/Access_labels/Image_No Access' is present

2020-03-13 14:42:21 - [TEST_STEP][PASSED] - verifyElementPresent(findTestObject("ROLES/Create Role/Content Features/Access_labels/Asset_All Access"), 0): Object 'Object Repository/ROLES/Create Role/Content Features/Access_labels/Asset_All Access' is present

2020-03-13 14:42:21 - [MESSAGE][WARNING] - Timeout '0' is invalid. Using default page load timeout: '230'

2020-03-13 14:42:22 - [MESSAGE][PASSED] - Object 'Object Repository/ROLES/Create Role/Content Features/Access_labels/Asset_All Access' is present

2020-03-13 14:42:22 - [TEST_STEP][PASSED] - verifyElementPresent(findTestObject("ROLES/Create Role/Content Features/Access_labels/Asset_Read Only"), 0): Object 'Object Repository/ROLES/Create Role/Content Features/Access_labels/Asset_Read Only' is present

2020-03-13 14:42:22 - [MESSAGE][WARNING] - Timeout '0' is invalid. Using default page load timeout: '230'

2020-03-13 14:42:22 - [MESSAGE][PASSED] - Object 'Object Repository/ROLES/Create Role/Content Features/Access_labels/Asset_Read Only' is present

2020-03-13 14:42:22 - [TEST_STEP][PASSED] - verifyElementPresent(findTestObject("ROLES/Create Role/Content Features/Access_labels/Asset_No Access"), 0): Object 'Object Repository/ROLES/Create Role/Content Features/Access_labels/Asset_No Access' is present

2020-03-13 14:42:22 - [MESSAGE][WARNING] - Timeout '0' is invalid. Using default page load timeout: '230'

2020-03-13 14:42:22 - [MESSAGE][PASSED] - Object 'Object Repository/ROLES/Create Role/Content Features/Access_labels/Asset_No Access' is present

2020-03-13 14:42:22 - [TEST_STEP][PASSED] - verifyElementPresent(findTestObject("ROLES/Create Role/Content Features/Access_labels/Content_All Access"), 0): Object 'Object Repository/ROLES/Create Role/Content Features/Access_labels/Content_All Access' is present

2020-03-13 14:42:22 - [MESSAGE][WARNING] - Timeout '0' is invalid. Using default page load timeout: '230'

2020-03-13 14:42:23 - [MESSAGE][PASSED] - Object 'Object Repository/ROLES/Create Role/Content Features/Access_labels/Content_All Access' is present

2020-03-13 14:42:23 - [TEST_STEP][PASSED] - verifyElementPresent(findTestObject("ROLES/Create Role/Content Features/Access_labels/Content_Read Only"), 0): Object 'Object Repository/ROLES/Create Role/Content Features/Access_labels/Content_Read Only' is present

2020-03-13 14:42:23 - [MESSAGE][WARNING] - Timeout '0' is invalid. Using default page load timeout: '230'

2020-03-13 14:42:23 - [MESSAGE][PASSED] - Object 'Object Repository/ROLES/Create Role/Content Features/Access_labels/Content_Read Only' is present

2020-03-13 14:42:23 - [TEST_STEP][PASSED] - verifyElementPresent(findTestObject("ROLES/Create Role/Content Features/Access_labels/Content_No Access"), 0): Object 'Object Repository/ROLES/Create Role/Content Features/Access_labels/Content_No Access' is present

2020-03-13 14:42:23 - [MESSAGE][WARNING] - Timeout '0' is invalid. Using default page load timeout: '230'

2020-03-13 14:42:23 - [MESSAGE][PASSED] - Object 'Object Repository/ROLES/Create Role/Content Features/Access_labels/Content_No Access' is present

2020-03-13 14:42:23 - [TEST_STEP][PASSED] - verifyElementPresent(findTestObject("ROLES/Create Role/Content Features/Access_labels/Offer_All Access"), 0): Object 'Object Repository/ROLES/Create Role/Content Features/Access_labels/Offer_All Access' is present

2020-03-13 14:42:23 - [MESSAGE][WARNING] - Timeout '0' is invalid. Using default page load timeout: '230'

2020-03-13 14:42:23 - [MESSAGE][PASSED] - Object 'Object Repository/ROLES/Create Role/Content Features/Access_labels/Offer_All Access' is present

2020-03-13 14:42:23 - [TEST_STEP][PASSED] - verifyElementPresent(findTestObject("ROLES/Create Role/Content Features/Access_labels/Offer_Read Only"), 0): Object 'Object Repository/ROLES/Create Role/Content Features/Access_labels/Offer_Read Only' is present

2020-03-13 14:42:24 - [MESSAGE][WARNING] - Timeout '0' is invalid. Using default page load timeout: '230'

2020-03-13 14:42:24 - [MESSAGE][PASSED] - Object 'Object Repository/ROLES/Create Role/Content Features/Access_labels/Offer_Read Only' is present

2020-03-13 14:42:24 - [TEST_STEP][PASSED] - verifyElementPresent(findTestObject("ROLES/Create Role/Content Features/Access_labels/Offer_No Access"), 0): Object 'Object Repository/ROLES/Create Role/Content Features/Access_labels/Offer_No Access' is present

2020-03-13 14:42:24 - [MESSAGE][WARNING] - Timeout '0' is invalid. Using default page load timeout: '230'

2020-03-13 14:42:24 - [MESSAGE][PASSED] - Object 'Object Repository/ROLES/Create Role/Content Features/Access_labels/Offer_No Access' is present

2020-03-13 14:42:24 - [TEST_STEP][PASSED] - Start listener action : sampleAfterTestCase: null

2020-03-13 14:42:24 - [TEST_STEP][PASSED] - println(testCaseContext.getTestCaseId()): null

2020-03-13 14:42:24 - [TEST_STEP][PASSED] - println(testCaseContext.getTestCaseStatus()): null

2020-03-13 14:42:24 - [TEST_STEP][PASSED] - println("On Failure Method is Calling : " + testCaseContext.getTestCaseStatus()): null

2020-03-13 14:42:24 - [TEST_STEP][PASSED] - if (!(getTestCaseStatus().equalsIgnoreCase("PASSED"))): null]]></system-out>
         <system-err><![CDATA[]]></system-err>
      </testcase>
      <testcase name="Test Cases/Atlas Platform/Configuration Management/Platform Management/ROLES/Create Role/CR03 Validate Elements of Content Features Tab" time="15.465" classname="Test Cases/Atlas Platform/Configuration Management/Platform Management/ROLES/Create Role/CR03 Validate Elements of Content Features Tab" status="PASSED">
         <system-out><![CDATA[2020-03-13 14:42:26 - [TEST_CASE][PASSED] - Test Cases/Atlas Platform/Configuration Management/Platform Management/ROLES/Create Role/CR03 Validate Elements of Content Features Tab: Test Cases/Atlas Platform/Configuration Management/Platform Management/ROLES/Create Role/CR03 Validate Elements of Content Features Tab

2020-03-13 14:42:27 - [TEST_STEP][NOT_RUN] - callTestCase(findTestCase("Atlas Platform/Platform Navigation/Login/Default Logins/Default_Login_as_Root Admin"), ["Email":findTestData("AMP_Y").getValue(1, 1), "Password":findTestData("AMP_Y").getValue(2, 1), "dashboard_exp_title":""], CONTINUE_ON_FAILURE): NOT_RUN: callTestCase(findTestCase("Atlas Platform/Platform Navigation/Login/Default Logins/Default_Login_as_Root Admin"), ["Email":findTestData("AMP_Y").getValue(1, 1), "Password":findTestData("AMP_Y").getValue(2, 1), "dashboard_exp_title":""], CONTINUE_ON_FAILURE)

2020-03-13 14:42:27 - [MESSAGE][NOT_RUN] - NOT_RUN: callTestCase(findTestCase("Atlas Platform/Platform Navigation/Login/Default Logins/Default_Login_as_Root Admin"), ["Email":findTestData("AMP_Y").getValue(1, 1), "Password":findTestData("AMP_Y").getValue(2, 1), "dashboard_exp_title":""], CONTINUE_ON_FAILURE)

2020-03-13 14:42:27 - [TEST_STEP][NOT_RUN] - click(findTestObject("ROLES/Role_Navigation/a_ADMIN")): NOT_RUN: click(findTestObject("ROLES/Role_Navigation/a_ADMIN"))

2020-03-13 14:42:27 - [MESSAGE][NOT_RUN] - NOT_RUN: click(findTestObject("ROLES/Role_Navigation/a_ADMIN"))

2020-03-13 14:42:27 - [TEST_STEP][NOT_RUN] - click(findTestObject("ROLES/Roles_page/Create Role_button")): NOT_RUN: click(findTestObject("ROLES/Roles_page/Create Role_button"))

2020-03-13 14:42:27 - [MESSAGE][NOT_RUN] - NOT_RUN: click(findTestObject("ROLES/Roles_page/Create Role_button"))

2020-03-13 14:42:27 - [TEST_STEP][NOT_RUN] - click(findTestObject("ROLES/Create Role/New Role_page/a_Content Features")): NOT_RUN: click(findTestObject("ROLES/Create Role/New Role_page/a_Content Features"))

2020-03-13 14:42:27 - [MESSAGE][NOT_RUN] - NOT_RUN: click(findTestObject("ROLES/Create Role/New Role_page/a_Content Features"))

2020-03-13 14:42:27 - [TEST_STEP][PASSED] - verifyElementNotPresent(findTestObject("ROLES/Create Role/Content Features/tickMark_ContentFeatures"), 0): Web element with id: 'Object Repository/ROLES/Create Role/Content Features/tickMark_ContentFeatures' located by 'By.xpath: //span[@class='pl-4 clearfix has-icon icon-group icon-group-success position-right']' is not present after '230' second(s)

2020-03-13 14:42:27 - [MESSAGE][WARNING] - Timeout '0' is invalid. Using default page load timeout: '230'

2020-03-13 14:42:27 - [MESSAGE][PASSED] - Web element with id: 'Object Repository/ROLES/Create Role/Content Features/tickMark_ContentFeatures' located by 'By.xpath: //span[@class='pl-4 clearfix has-icon icon-group icon-group-success position-right']' is not present after '230' second(s)

2020-03-13 14:42:27 - [TEST_STEP][PASSED] - verifyElementChecked(findTestObject("ROLES/Create Role/Content Features/Access_radioButton/Asset_No Access"), 230): Object 'Object Repository/ROLES/Create Role/Content Features/Access_radioButton/Asset_No Access' is checked

2020-03-13 14:42:27 - [MESSAGE][PASSED] - Object 'Object Repository/ROLES/Create Role/Content Features/Access_radioButton/Asset_No Access' is checked

2020-03-13 14:42:27 - [TEST_STEP][PASSED] - click(findTestObject("ROLES/Create Role/Content Features/Access_labels/Asset_Read Only")): Object: 'Object Repository/ROLES/Create Role/Content Features/Access_labels/Asset_Read Only' is clicked on

2020-03-13 14:42:28 - [MESSAGE][PASSED] - Object: 'Object Repository/ROLES/Create Role/Content Features/Access_labels/Asset_Read Only' is clicked on

2020-03-13 14:42:28 - [TEST_STEP][PASSED] - verifyElementNotChecked(findTestObject("ROLES/Create Role/Content Features/Access_radioButton/Asset_No Access"), 230): Object 'Object Repository/ROLES/Create Role/Content Features/Access_radioButton/Asset_No Access' is not checked

2020-03-13 14:42:28 - [MESSAGE][PASSED] - Object 'Object Repository/ROLES/Create Role/Content Features/Access_radioButton/Asset_No Access' is not checked

2020-03-13 14:42:28 - [TEST_STEP][PASSED] - verifyElementChecked(findTestObject("ROLES/Create Role/Content Features/Access_radioButton/Asset_Read Only"), 230): Object 'Object Repository/ROLES/Create Role/Content Features/Access_radioButton/Asset_Read Only' is checked

2020-03-13 14:42:29 - [MESSAGE][PASSED] - Object 'Object Repository/ROLES/Create Role/Content Features/Access_radioButton/Asset_Read Only' is checked

2020-03-13 14:42:29 - [TEST_STEP][PASSED] - verifyElementChecked(findTestObject("ROLES/Create Role/Content Features/Access_radioButton/Content_No Access"), 230): Object 'Object Repository/ROLES/Create Role/Content Features/Access_radioButton/Content_No Access' is checked

2020-03-13 14:42:29 - [MESSAGE][PASSED] - Object 'Object Repository/ROLES/Create Role/Content Features/Access_radioButton/Content_No Access' is checked

2020-03-13 14:42:29 - [TEST_STEP][PASSED] - click(findTestObject("ROLES/Create Role/Content Features/Access_labels/Content_Read Only")): Object: 'Object Repository/ROLES/Create Role/Content Features/Access_labels/Content_Read Only' is clicked on

2020-03-13 14:42:29 - [MESSAGE][PASSED] - Object: 'Object Repository/ROLES/Create Role/Content Features/Access_labels/Content_Read Only' is clicked on

2020-03-13 14:42:29 - [TEST_STEP][PASSED] - verifyElementNotChecked(findTestObject("ROLES/Create Role/Content Features/Access_radioButton/Content_No Access"), 230): Object 'Object Repository/ROLES/Create Role/Content Features/Access_radioButton/Content_No Access' is not checked

2020-03-13 14:42:30 - [MESSAGE][PASSED] - Object 'Object Repository/ROLES/Create Role/Content Features/Access_radioButton/Content_No Access' is not checked

2020-03-13 14:42:30 - [TEST_STEP][PASSED] - verifyElementChecked(findTestObject("ROLES/Create Role/Content Features/Access_radioButton/Content_Read Only"), 230): Object 'Object Repository/ROLES/Create Role/Content Features/Access_radioButton/Content_Read Only' is checked

2020-03-13 14:42:30 - [MESSAGE][PASSED] - Object 'Object Repository/ROLES/Create Role/Content Features/Access_radioButton/Content_Read Only' is checked

2020-03-13 14:42:30 - [TEST_STEP][PASSED] - verifyElementChecked(findTestObject("ROLES/Create Role/Content Features/Access_radioButton/Image_No Access"), 230): Object 'Object Repository/ROLES/Create Role/Content Features/Access_radioButton/Image_No Access' is checked

2020-03-13 14:42:30 - [MESSAGE][PASSED] - Object 'Object Repository/ROLES/Create Role/Content Features/Access_radioButton/Image_No Access' is checked

2020-03-13 14:42:30 - [TEST_STEP][PASSED] - click(findTestObject("ROLES/Create Role/Content Features/Access_labels/Image_Read Only")): Object: 'Object Repository/ROLES/Create Role/Content Features/Access_labels/Image_Read Only' is clicked on

2020-03-13 14:42:31 - [MESSAGE][PASSED] - Object: 'Object Repository/ROLES/Create Role/Content Features/Access_labels/Image_Read Only' is clicked on

2020-03-13 14:42:31 - [TEST_STEP][PASSED] - verifyElementNotChecked(findTestObject("ROLES/Create Role/Content Features/Access_radioButton/Image_No Access"), 230): Object 'Object Repository/ROLES/Create Role/Content Features/Access_radioButton/Image_No Access' is not checked

2020-03-13 14:42:31 - [MESSAGE][PASSED] - Object 'Object Repository/ROLES/Create Role/Content Features/Access_radioButton/Image_No Access' is not checked

2020-03-13 14:42:31 - [TEST_STEP][PASSED] - verifyElementChecked(findTestObject("ROLES/Create Role/Content Features/Access_radioButton/Image_Read Only"), 230): Object 'Object Repository/ROLES/Create Role/Content Features/Access_radioButton/Image_Read Only' is checked

2020-03-13 14:42:31 - [MESSAGE][PASSED] - Object 'Object Repository/ROLES/Create Role/Content Features/Access_radioButton/Image_Read Only' is checked

2020-03-13 14:42:31 - [TEST_STEP][PASSED] - verifyElementChecked(findTestObject("ROLES/Create Role/Content Features/Access_radioButton/Offer_No Access"), 230): Object 'Object Repository/ROLES/Create Role/Content Features/Access_radioButton/Offer_No Access' is checked

2020-03-13 14:42:32 - [MESSAGE][PASSED] - Object 'Object Repository/ROLES/Create Role/Content Features/Access_radioButton/Offer_No Access' is checked

2020-03-13 14:42:32 - [TEST_STEP][PASSED] - click(findTestObject("ROLES/Create Role/Content Features/Access_labels/Offer_Read Only")): Object: 'Object Repository/ROLES/Create Role/Content Features/Access_labels/Offer_Read Only' is clicked on

2020-03-13 14:42:32 - [MESSAGE][PASSED] - Object: 'Object Repository/ROLES/Create Role/Content Features/Access_labels/Offer_Read Only' is clicked on

2020-03-13 14:42:32 - [TEST_STEP][PASSED] - verifyElementNotChecked(findTestObject("ROLES/Create Role/Content Features/Access_labels/Offer_No Access"), 230): Object 'Object Repository/ROLES/Create Role/Content Features/Access_labels/Offer_No Access' is not checked

2020-03-13 14:42:33 - [MESSAGE][PASSED] - Object 'Object Repository/ROLES/Create Role/Content Features/Access_labels/Offer_No Access' is not checked

2020-03-13 14:42:33 - [TEST_STEP][PASSED] - verifyElementChecked(findTestObject("ROLES/Create Role/Content Features/Access_radioButton/Offer_Read Only"), 230): Object 'Object Repository/ROLES/Create Role/Content Features/Access_radioButton/Offer_Read Only' is checked

2020-03-13 14:42:33 - [MESSAGE][PASSED] - Object 'Object Repository/ROLES/Create Role/Content Features/Access_radioButton/Offer_Read Only' is checked

2020-03-13 14:42:33 - [TEST_STEP][PASSED] - verifyElementChecked(findTestObject("ROLES/Create Role/Content Features/Access_radioButton/Template_No Access"), 230): Object 'Object Repository/ROLES/Create Role/Content Features/Access_radioButton/Template_No Access' is checked

2020-03-13 14:42:33 - [MESSAGE][PASSED] - Object 'Object Repository/ROLES/Create Role/Content Features/Access_radioButton/Template_No Access' is checked

2020-03-13 14:42:33 - [TEST_STEP][PASSED] - click(findTestObject("ROLES/Create Role/Content Features/Access_labels/Template_Read Only")): Object: 'Object Repository/ROLES/Create Role/Content Features/Access_labels/Template_Read Only' is clicked on

2020-03-13 14:42:34 - [MESSAGE][PASSED] - Object: 'Object Repository/ROLES/Create Role/Content Features/Access_labels/Template_Read Only' is clicked on

2020-03-13 14:42:34 - [TEST_STEP][PASSED] - verifyElementNotChecked(findTestObject("ROLES/Create Role/Content Features/Access_radioButton/Template_No Access"), 230): Object 'Object Repository/ROLES/Create Role/Content Features/Access_radioButton/Template_No Access' is not checked

2020-03-13 14:42:34 - [MESSAGE][PASSED] - Object 'Object Repository/ROLES/Create Role/Content Features/Access_radioButton/Template_No Access' is not checked

2020-03-13 14:42:34 - [TEST_STEP][PASSED] - verifyElementChecked(findTestObject("ROLES/Create Role/Content Features/Access_radioButton/Template_Read Only"), 230): Object 'Object Repository/ROLES/Create Role/Content Features/Access_radioButton/Template_Read Only' is checked

2020-03-13 14:42:34 - [MESSAGE][PASSED] - Object 'Object Repository/ROLES/Create Role/Content Features/Access_radioButton/Template_Read Only' is checked

2020-03-13 14:42:34 - [TEST_STEP][PASSED] - click(findTestObject("ROLES/Create Role/Content Features/Access_labels/Asset_All Access")): Object: 'Object Repository/ROLES/Create Role/Content Features/Access_labels/Asset_All Access' is clicked on

2020-03-13 14:42:35 - [MESSAGE][PASSED] - Object: 'Object Repository/ROLES/Create Role/Content Features/Access_labels/Asset_All Access' is clicked on

2020-03-13 14:42:35 - [TEST_STEP][PASSED] - verifyElementNotChecked(findTestObject("ROLES/Create Role/Content Features/Access_radioButton/Asset_Read Only"), 230): Object 'Object Repository/ROLES/Create Role/Content Features/Access_radioButton/Asset_Read Only' is not checked

2020-03-13 14:42:35 - [MESSAGE][PASSED] - Object 'Object Repository/ROLES/Create Role/Content Features/Access_radioButton/Asset_Read Only' is not checked

2020-03-13 14:42:35 - [TEST_STEP][PASSED] - verifyElementChecked(findTestObject("ROLES/Create Role/Content Features/Access_radioButton/Asset_All Access"), 230): Object 'Object Repository/ROLES/Create Role/Content Features/Access_radioButton/Asset_All Access' is checked

2020-03-13 14:42:35 - [MESSAGE][PASSED] - Object 'Object Repository/ROLES/Create Role/Content Features/Access_radioButton/Asset_All Access' is checked

2020-03-13 14:42:35 - [TEST_STEP][PASSED] - click(findTestObject("ROLES/Create Role/Content Features/Access_labels/Content_All Access")): Object: 'Object Repository/ROLES/Create Role/Content Features/Access_labels/Content_All Access' is clicked on

2020-03-13 14:42:36 - [MESSAGE][PASSED] - Object: 'Object Repository/ROLES/Create Role/Content Features/Access_labels/Content_All Access' is clicked on

2020-03-13 14:42:36 - [TEST_STEP][PASSED] - verifyElementNotChecked(findTestObject("ROLES/Create Role/Content Features/Access_radioButton/Content_Read Only"), 230): Object 'Object Repository/ROLES/Create Role/Content Features/Access_radioButton/Content_Read Only' is not checked

2020-03-13 14:42:36 - [MESSAGE][PASSED] - Object 'Object Repository/ROLES/Create Role/Content Features/Access_radioButton/Content_Read Only' is not checked

2020-03-13 14:42:36 - [TEST_STEP][PASSED] - verifyElementChecked(findTestObject("ROLES/Create Role/Content Features/Access_radioButton/Content_All Access"), 230): Object 'Object Repository/ROLES/Create Role/Content Features/Access_radioButton/Content_All Access' is checked

2020-03-13 14:42:36 - [MESSAGE][PASSED] - Object 'Object Repository/ROLES/Create Role/Content Features/Access_radioButton/Content_All Access' is checked

2020-03-13 14:42:36 - [TEST_STEP][PASSED] - click(findTestObject("ROLES/Create Role/Content Features/Access_labels/Image_All Access")): Object: 'Object Repository/ROLES/Create Role/Content Features/Access_labels/Image_All Access' is clicked on

2020-03-13 14:42:37 - [MESSAGE][PASSED] - Object: 'Object Repository/ROLES/Create Role/Content Features/Access_labels/Image_All Access' is clicked on

2020-03-13 14:42:37 - [TEST_STEP][PASSED] - verifyElementNotChecked(findTestObject("ROLES/Create Role/Content Features/Access_radioButton/Image_Read Only"), 230): Object 'Object Repository/ROLES/Create Role/Content Features/Access_radioButton/Image_Read Only' is not checked

2020-03-13 14:42:37 - [MESSAGE][PASSED] - Object 'Object Repository/ROLES/Create Role/Content Features/Access_radioButton/Image_Read Only' is not checked

2020-03-13 14:42:37 - [TEST_STEP][PASSED] - verifyElementChecked(findTestObject("ROLES/Create Role/Content Features/Access_radioButton/Image_All Access"), 230): Object 'Object Repository/ROLES/Create Role/Content Features/Access_radioButton/Image_All Access' is checked

2020-03-13 14:42:37 - [MESSAGE][PASSED] - Object 'Object Repository/ROLES/Create Role/Content Features/Access_radioButton/Image_All Access' is checked

2020-03-13 14:42:37 - [TEST_STEP][PASSED] - click(findTestObject("ROLES/Create Role/Content Features/Access_labels/Offer_All Access")): Object: 'Object Repository/ROLES/Create Role/Content Features/Access_labels/Offer_All Access' is clicked on

2020-03-13 14:42:38 - [MESSAGE][PASSED] - Object: 'Object Repository/ROLES/Create Role/Content Features/Access_labels/Offer_All Access' is clicked on

2020-03-13 14:42:38 - [TEST_STEP][PASSED] - verifyElementNotChecked(findTestObject("ROLES/Create Role/Content Features/Access_radioButton/Offer_Read Only"), 230): Object 'Object Repository/ROLES/Create Role/Content Features/Access_radioButton/Offer_Read Only' is not checked

2020-03-13 14:42:38 - [MESSAGE][PASSED] - Object 'Object Repository/ROLES/Create Role/Content Features/Access_radioButton/Offer_Read Only' is not checked

2020-03-13 14:42:38 - [TEST_STEP][PASSED] - verifyElementChecked(findTestObject("ROLES/Create Role/Content Features/Access_radioButton/Offer_All Access"), 230): Object 'Object Repository/ROLES/Create Role/Content Features/Access_radioButton/Offer_All Access' is checked

2020-03-13 14:42:39 - [MESSAGE][PASSED] - Object 'Object Repository/ROLES/Create Role/Content Features/Access_radioButton/Offer_All Access' is checked

2020-03-13 14:42:39 - [TEST_STEP][PASSED] - click(findTestObject("ROLES/Create Role/Content Features/Access_labels/Template_All Access")): Object: 'Object Repository/ROLES/Create Role/Content Features/Access_labels/Template_All Access' is clicked on

2020-03-13 14:42:39 - [MESSAGE][PASSED] - Object: 'Object Repository/ROLES/Create Role/Content Features/Access_labels/Template_All Access' is clicked on

2020-03-13 14:42:39 - [TEST_STEP][PASSED] - verifyElementNotChecked(findTestObject("ROLES/Create Role/Content Features/Access_radioButton/Template_Read Only"), 230): Object 'Object Repository/ROLES/Create Role/Content Features/Access_radioButton/Template_Read Only' is not checked

2020-03-13 14:42:39 - [MESSAGE][PASSED] - Object 'Object Repository/ROLES/Create Role/Content Features/Access_radioButton/Template_Read Only' is not checked

2020-03-13 14:42:39 - [TEST_STEP][PASSED] - verifyElementChecked(findTestObject("ROLES/Create Role/Content Features/Access_radioButton/Template_All Access"), 230): Object 'Object Repository/ROLES/Create Role/Content Features/Access_radioButton/Template_All Access' is checked

2020-03-13 14:42:40 - [MESSAGE][PASSED] - Object 'Object Repository/ROLES/Create Role/Content Features/Access_radioButton/Template_All Access' is checked

2020-03-13 14:42:40 - [TEST_STEP][NOT_RUN] - verifyElementPresent(findTestObject("ROLES/Create Role/Content Features/tickMark_ContentFeatures"), 0): NOT_RUN: verifyElementPresent(findTestObject("ROLES/Create Role/Content Features/tickMark_ContentFeatures"), 0)

2020-03-13 14:42:40 - [MESSAGE][NOT_RUN] - NOT_RUN: verifyElementPresent(findTestObject("ROLES/Create Role/Content Features/tickMark_ContentFeatures"), 0)

2020-03-13 14:42:40 - [TEST_STEP][PASSED] - Start listener action : sampleAfterTestCase: null

2020-03-13 14:42:40 - [TEST_STEP][PASSED] - println(testCaseContext.getTestCaseId()): null

2020-03-13 14:42:40 - [TEST_STEP][PASSED] - println(testCaseContext.getTestCaseStatus()): null

2020-03-13 14:42:40 - [TEST_STEP][PASSED] - println("On Failure Method is Calling : " + testCaseContext.getTestCaseStatus()): null

2020-03-13 14:42:40 - [TEST_STEP][PASSED] - if (!(getTestCaseStatus().equalsIgnoreCase("PASSED"))): null]]></system-out>
         <system-err><![CDATA[]]></system-err>
      </testcase>
      <testcase name="Test Cases/Atlas Platform/Configuration Management/Platform Management/ROLES/Create Role/Validate presence of all the Elements in Creating Role/CR04 Verify Audience Features tab in New Role page" time="17.806" classname="Test Cases/Atlas Platform/Configuration Management/Platform Management/ROLES/Create Role/Validate presence of all the Elements in Creating Role/CR04 Verify Audience Features tab in New Role page" status="PASSED">
         <system-out><![CDATA[2020-03-13 14:42:42 - [TEST_CASE][PASSED] - Test Cases/Atlas Platform/Configuration Management/Platform Management/ROLES/Create Role/Validate presence of all the Elements in Creating Role/CR04 Verify Audience Features tab in New Role page: Test Cases/Atlas Platform/Configuration Management/Platform Management/ROLES/Create Role/Validate presence of all the Elements in Creating Role/CR04 Verify Audience Features tab in New Role page

2020-03-13 14:42:42 - [TEST_STEP][NOT_RUN] - callTestCase(findTestCase("Atlas Platform/Platform Navigation/Login/Default Logins/Default_Login_as_Root Admin"), ["Email":findTestData("AMP_Y").getValue(1, 1), "Password":findTestData("AMP_Y").getValue(2, 1), "dashboard_exp_title":""], CONTINUE_ON_FAILURE): NOT_RUN: callTestCase(findTestCase("Atlas Platform/Platform Navigation/Login/Default Logins/Default_Login_as_Root Admin"), ["Email":findTestData("AMP_Y").getValue(1, 1), "Password":findTestData("AMP_Y").getValue(2, 1), "dashboard_exp_title":""], CONTINUE_ON_FAILURE)

2020-03-13 14:42:42 - [MESSAGE][NOT_RUN] - NOT_RUN: callTestCase(findTestCase("Atlas Platform/Platform Navigation/Login/Default Logins/Default_Login_as_Root Admin"), ["Email":findTestData("AMP_Y").getValue(1, 1), "Password":findTestData("AMP_Y").getValue(2, 1), "dashboard_exp_title":""], CONTINUE_ON_FAILURE)

2020-03-13 14:42:42 - [TEST_STEP][NOT_RUN] - click(findTestObject("ROLES/Role_Navigation/a_ADMIN")): NOT_RUN: click(findTestObject("ROLES/Role_Navigation/a_ADMIN"))

2020-03-13 14:42:42 - [MESSAGE][NOT_RUN] - NOT_RUN: click(findTestObject("ROLES/Role_Navigation/a_ADMIN"))

2020-03-13 14:42:42 - [TEST_STEP][NOT_RUN] - click(findTestObject("ROLES/Roles_page/Create Role_button")): NOT_RUN: click(findTestObject("ROLES/Roles_page/Create Role_button"))

2020-03-13 14:42:42 - [MESSAGE][NOT_RUN] - NOT_RUN: click(findTestObject("ROLES/Roles_page/Create Role_button"))

2020-03-13 14:42:42 - [TEST_STEP][PASSED] - click(findTestObject("ROLES/Create Role/New Role_page/a_Audience Features")): Object: 'Object Repository/ROLES/Create Role/New Role_page/a_Audience Features' is clicked on

2020-03-13 14:42:43 - [MESSAGE][PASSED] - Object: 'Object Repository/ROLES/Create Role/New Role_page/a_Audience Features' is clicked on

2020-03-13 14:42:43 - [TEST_STEP][PASSED] - verifyElementPresent(findTestObject("ROLES/Create Role/Audience Features/h2_Audience Features"), 0): Object 'Object Repository/ROLES/Create Role/Audience Features/h2_Audience Features' is present

2020-03-13 14:42:43 - [MESSAGE][WARNING] - Timeout '0' is invalid. Using default page load timeout: '230'

2020-03-13 14:42:43 - [MESSAGE][PASSED] - Object 'Object Repository/ROLES/Create Role/Audience Features/h2_Audience Features' is present

2020-03-13 14:42:43 - [TEST_STEP][PASSED] - verifyElementPresent(findTestObject("ROLES/Create Role/Audience Features/label_DMS"), 0): Object 'Object Repository/ROLES/Create Role/Audience Features/label_DMS' is present

2020-03-13 14:42:44 - [MESSAGE][WARNING] - Timeout '0' is invalid. Using default page load timeout: '230'

2020-03-13 14:42:44 - [MESSAGE][PASSED] - Object 'Object Repository/ROLES/Create Role/Audience Features/label_DMS' is present

2020-03-13 14:42:44 - [TEST_STEP][PASSED] - verifyElementPresent(findTestObject("ROLES/Create Role/Audience Features/label_Seed List"), 0): Object 'Object Repository/ROLES/Create Role/Audience Features/label_Seed List' is present

2020-03-13 14:42:44 - [MESSAGE][WARNING] - Timeout '0' is invalid. Using default page load timeout: '230'

2020-03-13 14:42:44 - [MESSAGE][PASSED] - Object 'Object Repository/ROLES/Create Role/Audience Features/label_Seed List' is present

2020-03-13 14:42:44 - [TEST_STEP][PASSED] - verifyElementPresent(findTestObject("ROLES/Create Role/Audience Features/label_Suppression List"), 0): Object 'Object Repository/ROLES/Create Role/Audience Features/label_Suppression List' is present

2020-03-13 14:42:44 - [MESSAGE][WARNING] - Timeout '0' is invalid. Using default page load timeout: '230'

2020-03-13 14:42:44 - [MESSAGE][PASSED] - Object 'Object Repository/ROLES/Create Role/Audience Features/label_Suppression List' is present

2020-03-13 14:42:44 - [TEST_STEP][PASSED] - verifyElementPresent(findTestObject("ROLES/Create Role/Audience Features/label_List Cut"), 0): Object 'Object Repository/ROLES/Create Role/Audience Features/label_List Cut' is present

2020-03-13 14:42:44 - [MESSAGE][WARNING] - Timeout '0' is invalid. Using default page load timeout: '230'

2020-03-13 14:42:45 - [MESSAGE][PASSED] - Object 'Object Repository/ROLES/Create Role/Audience Features/label_List Cut' is present

2020-03-13 14:42:45 - [TEST_STEP][PASSED] - verifyElementPresent(findTestObject("ROLES/Create Role/Audience Features/label_Opt Out"), 0): Object 'Object Repository/ROLES/Create Role/Audience Features/label_Opt Out' is present

2020-03-13 14:42:45 - [MESSAGE][WARNING] - Timeout '0' is invalid. Using default page load timeout: '230'

2020-03-13 14:42:45 - [MESSAGE][PASSED] - Object 'Object Repository/ROLES/Create Role/Audience Features/label_Opt Out' is present

2020-03-13 14:42:45 - [TEST_STEP][PASSED] - verifyElementPresent(findTestObject("ROLES/Create Role/Audience Features/Access_radioButton/DMS_All Access"), 0): Object 'Object Repository/ROLES/Create Role/Audience Features/Access_radioButton/DMS_All Access' is present

2020-03-13 14:42:45 - [MESSAGE][WARNING] - Timeout '0' is invalid. Using default page load timeout: '230'

2020-03-13 14:42:45 - [MESSAGE][PASSED] - Object 'Object Repository/ROLES/Create Role/Audience Features/Access_radioButton/DMS_All Access' is present

2020-03-13 14:42:45 - [TEST_STEP][PASSED] - verifyElementPresent(findTestObject("ROLES/Create Role/Audience Features/Access_radioButton/DMS_Read Only"), 0): Object 'Object Repository/ROLES/Create Role/Audience Features/Access_radioButton/DMS_Read Only' is present

2020-03-13 14:42:45 - [MESSAGE][WARNING] - Timeout '0' is invalid. Using default page load timeout: '230'

2020-03-13 14:42:46 - [MESSAGE][PASSED] - Object 'Object Repository/ROLES/Create Role/Audience Features/Access_radioButton/DMS_Read Only' is present

2020-03-13 14:42:46 - [TEST_STEP][PASSED] - verifyElementPresent(findTestObject("ROLES/Create Role/Audience Features/Access_radioButton/DMS_No Access"), 0): Object 'Object Repository/ROLES/Create Role/Audience Features/Access_radioButton/DMS_No Access' is present

2020-03-13 14:42:46 - [MESSAGE][WARNING] - Timeout '0' is invalid. Using default page load timeout: '230'

2020-03-13 14:42:46 - [MESSAGE][PASSED] - Object 'Object Repository/ROLES/Create Role/Audience Features/Access_radioButton/DMS_No Access' is present

2020-03-13 14:42:46 - [TEST_STEP][PASSED] - verifyElementChecked(findTestObject("ROLES/Create Role/Audience Features/Access_radioButton/DMS_No Access"), 0): Object 'Object Repository/ROLES/Create Role/Audience Features/Access_radioButton/DMS_No Access' is checked

2020-03-13 14:42:46 - [MESSAGE][WARNING] - Timeout '0' is invalid. Using default page load timeout: '230'

2020-03-13 14:42:46 - [MESSAGE][PASSED] - Object 'Object Repository/ROLES/Create Role/Audience Features/Access_radioButton/DMS_No Access' is checked

2020-03-13 14:42:46 - [TEST_STEP][PASSED] - verifyElementPresent(findTestObject("ROLES/Create Role/Audience Features/Access_radioButton/Speed_All Access"), 0): Object 'Object Repository/ROLES/Create Role/Audience Features/Access_radioButton/Speed_All Access' is present

2020-03-13 14:42:46 - [MESSAGE][WARNING] - Timeout '0' is invalid. Using default page load timeout: '230'

2020-03-13 14:42:47 - [MESSAGE][PASSED] - Object 'Object Repository/ROLES/Create Role/Audience Features/Access_radioButton/Speed_All Access' is present

2020-03-13 14:42:47 - [TEST_STEP][PASSED] - verifyElementPresent(findTestObject("ROLES/Create Role/Audience Features/Access_radioButton/Speed_Read Only"), 0): Object 'Object Repository/ROLES/Create Role/Audience Features/Access_radioButton/Speed_Read Only' is present

2020-03-13 14:42:47 - [MESSAGE][WARNING] - Timeout '0' is invalid. Using default page load timeout: '230'

2020-03-13 14:42:47 - [MESSAGE][PASSED] - Object 'Object Repository/ROLES/Create Role/Audience Features/Access_radioButton/Speed_Read Only' is present

2020-03-13 14:42:47 - [TEST_STEP][PASSED] - verifyElementPresent(findTestObject("ROLES/Create Role/Audience Features/Access_radioButton/Speed_No Access"), 0): Object 'Object Repository/ROLES/Create Role/Audience Features/Access_radioButton/Speed_No Access' is present

2020-03-13 14:42:47 - [MESSAGE][WARNING] - Timeout '0' is invalid. Using default page load timeout: '230'

2020-03-13 14:42:47 - [MESSAGE][PASSED] - Object 'Object Repository/ROLES/Create Role/Audience Features/Access_radioButton/Speed_No Access' is present

2020-03-13 14:42:47 - [TEST_STEP][PASSED] - verifyElementChecked(findTestObject("ROLES/Create Role/Audience Features/Access_radioButton/Speed_No Access"), 0): Object 'Object Repository/ROLES/Create Role/Audience Features/Access_radioButton/Speed_No Access' is checked

2020-03-13 14:42:47 - [MESSAGE][WARNING] - Timeout '0' is invalid. Using default page load timeout: '230'

2020-03-13 14:42:47 - [MESSAGE][PASSED] - Object 'Object Repository/ROLES/Create Role/Audience Features/Access_radioButton/Speed_No Access' is checked

2020-03-13 14:42:47 - [TEST_STEP][PASSED] - verifyElementPresent(findTestObject("ROLES/Create Role/Audience Features/Access_radioButton/Suppression_All Access"), 0): Object 'Object Repository/ROLES/Create Role/Audience Features/Access_radioButton/Suppression_All Access' is present

2020-03-13 14:42:48 - [MESSAGE][WARNING] - Timeout '0' is invalid. Using default page load timeout: '230'

2020-03-13 14:42:48 - [MESSAGE][PASSED] - Object 'Object Repository/ROLES/Create Role/Audience Features/Access_radioButton/Suppression_All Access' is present

2020-03-13 14:42:48 - [TEST_STEP][PASSED] - verifyElementPresent(findTestObject("ROLES/Create Role/Audience Features/Access_radioButton/Suppression_Read Only"), 0): Object 'Object Repository/ROLES/Create Role/Audience Features/Access_radioButton/Suppression_Read Only' is present

2020-03-13 14:42:48 - [MESSAGE][WARNING] - Timeout '0' is invalid. Using default page load timeout: '230'

2020-03-13 14:42:48 - [MESSAGE][PASSED] - Object 'Object Repository/ROLES/Create Role/Audience Features/Access_radioButton/Suppression_Read Only' is present

2020-03-13 14:42:48 - [TEST_STEP][PASSED] - verifyElementPresent(findTestObject("ROLES/Create Role/Audience Features/Access_radioButton/Suppression_No Access"), 0): Object 'Object Repository/ROLES/Create Role/Audience Features/Access_radioButton/Suppression_No Access' is present

2020-03-13 14:42:48 - [MESSAGE][WARNING] - Timeout '0' is invalid. Using default page load timeout: '230'

2020-03-13 14:42:49 - [MESSAGE][PASSED] - Object 'Object Repository/ROLES/Create Role/Audience Features/Access_radioButton/Suppression_No Access' is present

2020-03-13 14:42:49 - [TEST_STEP][PASSED] - verifyElementChecked(findTestObject("ROLES/Create Role/Audience Features/Access_radioButton/Suppression_No Access"), 0): Object 'Object Repository/ROLES/Create Role/Audience Features/Access_radioButton/Suppression_No Access' is checked

2020-03-13 14:42:49 - [MESSAGE][WARNING] - Timeout '0' is invalid. Using default page load timeout: '230'

2020-03-13 14:42:49 - [MESSAGE][PASSED] - Object 'Object Repository/ROLES/Create Role/Audience Features/Access_radioButton/Suppression_No Access' is checked

2020-03-13 14:42:49 - [TEST_STEP][PASSED] - verifyElementPresent(findTestObject("ROLES/Create Role/Audience Features/Access_radioButton/List_All Access"), 0): Object 'Object Repository/ROLES/Create Role/Audience Features/Access_radioButton/List_All Access' is present

2020-03-13 14:42:49 - [MESSAGE][WARNING] - Timeout '0' is invalid. Using default page load timeout: '230'

2020-03-13 14:42:49 - [MESSAGE][PASSED] - Object 'Object Repository/ROLES/Create Role/Audience Features/Access_radioButton/List_All Access' is present

2020-03-13 14:42:49 - [TEST_STEP][PASSED] - verifyElementPresent(findTestObject("ROLES/Create Role/Audience Features/Access_radioButton/List_Read Only"), 0): Object 'Object Repository/ROLES/Create Role/Audience Features/Access_radioButton/List_Read Only' is present

2020-03-13 14:42:49 - [MESSAGE][WARNING] - Timeout '0' is invalid. Using default page load timeout: '230'

2020-03-13 14:42:50 - [MESSAGE][PASSED] - Object 'Object Repository/ROLES/Create Role/Audience Features/Access_radioButton/List_Read Only' is present

2020-03-13 14:42:50 - [TEST_STEP][PASSED] - verifyElementPresent(findTestObject("ROLES/Create Role/Audience Features/Access_radioButton/List_No Access"), 0): Object 'Object Repository/ROLES/Create Role/Audience Features/Access_radioButton/List_No Access' is present

2020-03-13 14:42:50 - [MESSAGE][WARNING] - Timeout '0' is invalid. Using default page load timeout: '230'

2020-03-13 14:42:50 - [MESSAGE][PASSED] - Object 'Object Repository/ROLES/Create Role/Audience Features/Access_radioButton/List_No Access' is present

2020-03-13 14:42:50 - [TEST_STEP][PASSED] - verifyElementChecked(findTestObject("ROLES/Create Role/Audience Features/Access_radioButton/List_No Access"), 0): Object 'Object Repository/ROLES/Create Role/Audience Features/Access_radioButton/List_No Access' is checked

2020-03-13 14:42:50 - [MESSAGE][WARNING] - Timeout '0' is invalid. Using default page load timeout: '230'

2020-03-13 14:42:50 - [MESSAGE][PASSED] - Object 'Object Repository/ROLES/Create Role/Audience Features/Access_radioButton/List_No Access' is checked

2020-03-13 14:42:50 - [TEST_STEP][PASSED] - verifyElementPresent(findTestObject("ROLES/Create Role/Audience Features/Access_radioButton/Opt_All Access"), 0): Object 'Object Repository/ROLES/Create Role/Audience Features/Access_radioButton/Opt_All Access' is present

2020-03-13 14:42:50 - [MESSAGE][WARNING] - Timeout '0' is invalid. Using default page load timeout: '230'

2020-03-13 14:42:50 - [MESSAGE][PASSED] - Object 'Object Repository/ROLES/Create Role/Audience Features/Access_radioButton/Opt_All Access' is present

2020-03-13 14:42:50 - [TEST_STEP][PASSED] - verifyElementPresent(findTestObject("ROLES/Create Role/Audience Features/Access_radioButton/Opt_Read Only"), 0): Object 'Object Repository/ROLES/Create Role/Audience Features/Access_radioButton/Opt_Read Only' is present

2020-03-13 14:42:51 - [MESSAGE][WARNING] - Timeout '0' is invalid. Using default page load timeout: '230'

2020-03-13 14:42:51 - [MESSAGE][PASSED] - Object 'Object Repository/ROLES/Create Role/Audience Features/Access_radioButton/Opt_Read Only' is present

2020-03-13 14:42:51 - [TEST_STEP][PASSED] - verifyElementPresent(findTestObject("ROLES/Create Role/Audience Features/Access_radioButton/Opt_No Access"), 0): Object 'Object Repository/ROLES/Create Role/Audience Features/Access_radioButton/Opt_No Access' is present

2020-03-13 14:42:51 - [MESSAGE][WARNING] - Timeout '0' is invalid. Using default page load timeout: '230'

2020-03-13 14:42:51 - [MESSAGE][PASSED] - Object 'Object Repository/ROLES/Create Role/Audience Features/Access_radioButton/Opt_No Access' is present

2020-03-13 14:42:51 - [TEST_STEP][PASSED] - verifyElementChecked(findTestObject("ROLES/Create Role/Audience Features/Access_radioButton/Opt_No Access"), 0): Object 'Object Repository/ROLES/Create Role/Audience Features/Access_radioButton/Opt_No Access' is checked

2020-03-13 14:42:51 - [MESSAGE][WARNING] - Timeout '0' is invalid. Using default page load timeout: '230'

2020-03-13 14:42:51 - [MESSAGE][PASSED] - Object 'Object Repository/ROLES/Create Role/Audience Features/Access_radioButton/Opt_No Access' is checked

2020-03-13 14:42:51 - [TEST_STEP][PASSED] - verifyElementPresent(findTestObject("ROLES/Create Role/Audience Features/Access_labels/DMS_All Access"), 0): Object 'Object Repository/ROLES/Create Role/Audience Features/Access_labels/DMS_All Access' is present

2020-03-13 14:42:51 - [MESSAGE][WARNING] - Timeout '0' is invalid. Using default page load timeout: '230'

2020-03-13 14:42:52 - [MESSAGE][PASSED] - Object 'Object Repository/ROLES/Create Role/Audience Features/Access_labels/DMS_All Access' is present

2020-03-13 14:42:52 - [TEST_STEP][PASSED] - verifyElementPresent(findTestObject("ROLES/Create Role/Audience Features/Access_labels/DMS_Read Only"), 0): Object 'Object Repository/ROLES/Create Role/Audience Features/Access_labels/DMS_Read Only' is present

2020-03-13 14:42:52 - [MESSAGE][WARNING] - Timeout '0' is invalid. Using default page load timeout: '230'

2020-03-13 14:42:52 - [MESSAGE][PASSED] - Object 'Object Repository/ROLES/Create Role/Audience Features/Access_labels/DMS_Read Only' is present

2020-03-13 14:42:52 - [TEST_STEP][PASSED] - verifyElementPresent(findTestObject("ROLES/Create Role/Audience Features/Access_labels/DMS_No Access"), 0): Object 'Object Repository/ROLES/Create Role/Audience Features/Access_labels/DMS_No Access' is present

2020-03-13 14:42:52 - [MESSAGE][WARNING] - Timeout '0' is invalid. Using default page load timeout: '230'

2020-03-13 14:42:52 - [MESSAGE][PASSED] - Object 'Object Repository/ROLES/Create Role/Audience Features/Access_labels/DMS_No Access' is present

2020-03-13 14:42:52 - [TEST_STEP][PASSED] - verifyElementPresent(findTestObject("ROLES/Create Role/Audience Features/Access_radioButton/Seed_All Access(label)"), 0): Object 'Object Repository/ROLES/Create Role/Audience Features/Access_radioButton/Seed_All Access(label)' is present

2020-03-13 14:42:52 - [MESSAGE][WARNING] - Timeout '0' is invalid. Using default page load timeout: '230'

2020-03-13 14:42:53 - [MESSAGE][PASSED] - Object 'Object Repository/ROLES/Create Role/Audience Features/Access_radioButton/Seed_All Access(label)' is present

2020-03-13 14:42:53 - [TEST_STEP][PASSED] - verifyElementPresent(findTestObject("ROLES/Create Role/Audience Features/Access_labels/Speed_Read Only"), 0): Object 'Object Repository/ROLES/Create Role/Audience Features/Access_labels/Speed_Read Only' is present

2020-03-13 14:42:53 - [MESSAGE][WARNING] - Timeout '0' is invalid. Using default page load timeout: '230'

2020-03-13 14:42:53 - [MESSAGE][PASSED] - Object 'Object Repository/ROLES/Create Role/Audience Features/Access_labels/Speed_Read Only' is present

2020-03-13 14:42:53 - [TEST_STEP][PASSED] - verifyElementPresent(findTestObject("ROLES/Create Role/Audience Features/Access_labels/Speed_No Access"), 0): Object 'Object Repository/ROLES/Create Role/Audience Features/Access_labels/Speed_No Access' is present

2020-03-13 14:42:53 - [MESSAGE][WARNING] - Timeout '0' is invalid. Using default page load timeout: '230'

2020-03-13 14:42:53 - [MESSAGE][PASSED] - Object 'Object Repository/ROLES/Create Role/Audience Features/Access_labels/Speed_No Access' is present

2020-03-13 14:42:53 - [TEST_STEP][PASSED] - verifyElementPresent(findTestObject("ROLES/Create Role/Audience Features/Access_labels/Suppression_All Access"), 0): Object 'Object Repository/ROLES/Create Role/Audience Features/Access_labels/Suppression_All Access' is present

2020-03-13 14:42:53 - [MESSAGE][WARNING] - Timeout '0' is invalid. Using default page load timeout: '230'

2020-03-13 14:42:54 - [MESSAGE][PASSED] - Object 'Object Repository/ROLES/Create Role/Audience Features/Access_labels/Suppression_All Access' is present

2020-03-13 14:42:54 - [TEST_STEP][PASSED] - verifyElementPresent(findTestObject("ROLES/Create Role/Audience Features/Access_labels/Suppression_Read Only"), 0): Object 'Object Repository/ROLES/Create Role/Audience Features/Access_labels/Suppression_Read Only' is present

2020-03-13 14:42:54 - [MESSAGE][WARNING] - Timeout '0' is invalid. Using default page load timeout: '230'

2020-03-13 14:42:54 - [MESSAGE][PASSED] - Object 'Object Repository/ROLES/Create Role/Audience Features/Access_labels/Suppression_Read Only' is present

2020-03-13 14:42:54 - [TEST_STEP][PASSED] - verifyElementPresent(findTestObject("ROLES/Create Role/Audience Features/Access_labels/Suppression_No Access"), 0): Object 'Object Repository/ROLES/Create Role/Audience Features/Access_labels/Suppression_No Access' is present

2020-03-13 14:42:54 - [MESSAGE][WARNING] - Timeout '0' is invalid. Using default page load timeout: '230'

2020-03-13 14:42:55 - [MESSAGE][PASSED] - Object 'Object Repository/ROLES/Create Role/Audience Features/Access_labels/Suppression_No Access' is present

2020-03-13 14:42:55 - [TEST_STEP][PASSED] - verifyElementPresent(findTestObject("ROLES/Create Role/Audience Features/Access_labels/List_All Access"), 0): Object 'Object Repository/ROLES/Create Role/Audience Features/Access_labels/List_All Access' is present

2020-03-13 14:42:55 - [MESSAGE][WARNING] - Timeout '0' is invalid. Using default page load timeout: '230'

2020-03-13 14:42:55 - [MESSAGE][PASSED] - Object 'Object Repository/ROLES/Create Role/Audience Features/Access_labels/List_All Access' is present

2020-03-13 14:42:55 - [TEST_STEP][PASSED] - verifyElementPresent(findTestObject("ROLES/Create Role/Audience Features/Access_labels/List_Read Only"), 0): Object 'Object Repository/ROLES/Create Role/Audience Features/Access_labels/List_Read Only' is present

2020-03-13 14:42:55 - [MESSAGE][WARNING] - Timeout '0' is invalid. Using default page load timeout: '230'

2020-03-13 14:42:55 - [MESSAGE][PASSED] - Object 'Object Repository/ROLES/Create Role/Audience Features/Access_labels/List_Read Only' is present

2020-03-13 14:42:55 - [TEST_STEP][PASSED] - verifyElementPresent(findTestObject("ROLES/Create Role/Audience Features/Access_labels/List_No Access"), 0): Object 'Object Repository/ROLES/Create Role/Audience Features/Access_labels/List_No Access' is present

2020-03-13 14:42:55 - [MESSAGE][WARNING] - Timeout '0' is invalid. Using default page load timeout: '230'

2020-03-13 14:42:55 - [MESSAGE][PASSED] - Object 'Object Repository/ROLES/Create Role/Audience Features/Access_labels/List_No Access' is present

2020-03-13 14:42:55 - [TEST_STEP][PASSED] - verifyElementPresent(findTestObject("ROLES/Create Role/Audience Features/Access_labels/Opt_All Access"), 0): Object 'Object Repository/ROLES/Create Role/Audience Features/Access_labels/Opt_All Access' is present

2020-03-13 14:42:56 - [MESSAGE][WARNING] - Timeout '0' is invalid. Using default page load timeout: '230'

2020-03-13 14:42:56 - [MESSAGE][PASSED] - Object 'Object Repository/ROLES/Create Role/Audience Features/Access_labels/Opt_All Access' is present

2020-03-13 14:42:56 - [TEST_STEP][PASSED] - verifyElementPresent(findTestObject("ROLES/Create Role/Audience Features/Access_labels/Opt_Read Only"), 0): Object 'Object Repository/ROLES/Create Role/Audience Features/Access_labels/Opt_Read Only' is present

2020-03-13 14:42:56 - [MESSAGE][WARNING] - Timeout '0' is invalid. Using default page load timeout: '230'

2020-03-13 14:42:56 - [MESSAGE][PASSED] - Object 'Object Repository/ROLES/Create Role/Audience Features/Access_labels/Opt_Read Only' is present

2020-03-13 14:42:56 - [TEST_STEP][PASSED] - verifyElementPresent(findTestObject("ROLES/Create Role/Audience Features/Access_labels/Opt_No Access"), 0): Object 'Object Repository/ROLES/Create Role/Audience Features/Access_labels/Opt_No Access' is present

2020-03-13 14:42:56 - [MESSAGE][WARNING] - Timeout '0' is invalid. Using default page load timeout: '230'

2020-03-13 14:42:56 - [MESSAGE][PASSED] - Object 'Object Repository/ROLES/Create Role/Audience Features/Access_labels/Opt_No Access' is present

2020-03-13 14:42:56 - [TEST_STEP][PASSED] - verifyElementPresent(findTestObject("ROLES/Create Role/Audience Features/checkbox_segmentBuilder"), 0): Object 'Object Repository/ROLES/Create Role/Audience Features/checkbox_segmentBuilder' is present

2020-03-13 14:42:57 - [MESSAGE][WARNING] - Timeout '0' is invalid. Using default page load timeout: '230'

2020-03-13 14:42:57 - [MESSAGE][PASSED] - Object 'Object Repository/ROLES/Create Role/Audience Features/checkbox_segmentBuilder' is present

2020-03-13 14:42:57 - [TEST_STEP][PASSED] - verifyElementChecked(findTestObject("ROLES/Create Role/Audience Features/checkbox_segmentBuilder"), 0): Object 'Object Repository/ROLES/Create Role/Audience Features/checkbox_segmentBuilder' is checked

2020-03-13 14:42:57 - [MESSAGE][WARNING] - Timeout '0' is invalid. Using default page load timeout: '230'

2020-03-13 14:42:57 - [MESSAGE][PASSED] - Object 'Object Repository/ROLES/Create Role/Audience Features/checkbox_segmentBuilder' is checked

2020-03-13 14:42:57 - [TEST_STEP][PASSED] - verifyElementPresent(findTestObject("ROLES/Create Role/Audience Features/span_Segment Builder"), 0): Object 'Object Repository/ROLES/Create Role/Audience Features/span_Segment Builder' is present

2020-03-13 14:42:57 - [MESSAGE][WARNING] - Timeout '0' is invalid. Using default page load timeout: '230'

2020-03-13 14:42:57 - [MESSAGE][PASSED] - Object 'Object Repository/ROLES/Create Role/Audience Features/span_Segment Builder' is present

2020-03-13 14:42:57 - [TEST_STEP][PASSED] - Start listener action : sampleAfterTestCase: null

2020-03-13 14:42:57 - [TEST_STEP][PASSED] - println(testCaseContext.getTestCaseId()): null

2020-03-13 14:42:57 - [TEST_STEP][PASSED] - println(testCaseContext.getTestCaseStatus()): null

2020-03-13 14:42:57 - [TEST_STEP][PASSED] - println("On Failure Method is Calling : " + testCaseContext.getTestCaseStatus()): null

2020-03-13 14:42:57 - [TEST_STEP][PASSED] - if (!(getTestCaseStatus().equalsIgnoreCase("PASSED"))): null]]></system-out>
         <system-err><![CDATA[]]></system-err>
      </testcase>
      <testcase name="Test Cases/Atlas Platform/Configuration Management/Platform Management/ROLES/Create Role/CR04 Validate Elements in Audience Features Tab" time="16.552" classname="Test Cases/Atlas Platform/Configuration Management/Platform Management/ROLES/Create Role/CR04 Validate Elements in Audience Features Tab" status="PASSED">
         <system-out><![CDATA[2020-03-13 14:43:00 - [TEST_CASE][PASSED] - Test Cases/Atlas Platform/Configuration Management/Platform Management/ROLES/Create Role/CR04 Validate Elements in Audience Features Tab: Test Cases/Atlas Platform/Configuration Management/Platform Management/ROLES/Create Role/CR04 Validate Elements in Audience Features Tab

2020-03-13 14:43:00 - [TEST_STEP][NOT_RUN] - callTestCase(findTestCase("Atlas Platform/Platform Navigation/Login/Default Logins/Default_Login_as_Root Admin"), ["Email":findTestData("AMP_Y").getValue(1, 1), "Password":findTestData("AMP_Y").getValue(2, 1), "dashboard_exp_title":""], CONTINUE_ON_FAILURE): NOT_RUN: callTestCase(findTestCase("Atlas Platform/Platform Navigation/Login/Default Logins/Default_Login_as_Root Admin"), ["Email":findTestData("AMP_Y").getValue(1, 1), "Password":findTestData("AMP_Y").getValue(2, 1), "dashboard_exp_title":""], CONTINUE_ON_FAILURE)

2020-03-13 14:43:00 - [MESSAGE][NOT_RUN] - NOT_RUN: callTestCase(findTestCase("Atlas Platform/Platform Navigation/Login/Default Logins/Default_Login_as_Root Admin"), ["Email":findTestData("AMP_Y").getValue(1, 1), "Password":findTestData("AMP_Y").getValue(2, 1), "dashboard_exp_title":""], CONTINUE_ON_FAILURE)

2020-03-13 14:43:00 - [TEST_STEP][NOT_RUN] - click(findTestObject("ROLES/Role_Navigation/a_ADMIN")): NOT_RUN: click(findTestObject("ROLES/Role_Navigation/a_ADMIN"))

2020-03-13 14:43:00 - [MESSAGE][NOT_RUN] - NOT_RUN: click(findTestObject("ROLES/Role_Navigation/a_ADMIN"))

2020-03-13 14:43:00 - [TEST_STEP][NOT_RUN] - click(findTestObject("ROLES/Roles_page/Create Role_button")): NOT_RUN: click(findTestObject("ROLES/Roles_page/Create Role_button"))

2020-03-13 14:43:00 - [MESSAGE][NOT_RUN] - NOT_RUN: click(findTestObject("ROLES/Roles_page/Create Role_button"))

2020-03-13 14:43:00 - [TEST_STEP][NOT_RUN] - click(findTestObject("ROLES/Create Role/New Role_page/a_Audience Features")): NOT_RUN: click(findTestObject("ROLES/Create Role/New Role_page/a_Audience Features"))

2020-03-13 14:43:00 - [MESSAGE][NOT_RUN] - NOT_RUN: click(findTestObject("ROLES/Create Role/New Role_page/a_Audience Features"))

2020-03-13 14:43:00 - [TEST_STEP][PASSED] - verifyElementNotPresent(findTestObject("ROLES/Create Role/Audience Features/tickMark_AudienceFeatures"), 0): Web element with id: 'Object Repository/ROLES/Create Role/Audience Features/tickMark_AudienceFeatures' located by 'By.xpath: //span[@class='pl-4 clearfix has-icon icon-group icon-group-success position-right']' is not present after '230' second(s)

2020-03-13 14:43:00 - [MESSAGE][WARNING] - Timeout '0' is invalid. Using default page load timeout: '230'

2020-03-13 14:43:00 - [MESSAGE][PASSED] - Web element with id: 'Object Repository/ROLES/Create Role/Audience Features/tickMark_AudienceFeatures' located by 'By.xpath: //span[@class='pl-4 clearfix has-icon icon-group icon-group-success position-right']' is not present after '230' second(s)

2020-03-13 14:43:00 - [TEST_STEP][PASSED] - verifyElementChecked(findTestObject("ROLES/Create Role/Audience Features/Access_radioButton/DMS_No Access"), 230): Object 'Object Repository/ROLES/Create Role/Audience Features/Access_radioButton/DMS_No Access' is checked

2020-03-13 14:43:01 - [MESSAGE][PASSED] - Object 'Object Repository/ROLES/Create Role/Audience Features/Access_radioButton/DMS_No Access' is checked

2020-03-13 14:43:01 - [TEST_STEP][PASSED] - click(findTestObject("ROLES/Create Role/Audience Features/Access_labels/DMS_Read Only")): Object: 'Object Repository/ROLES/Create Role/Audience Features/Access_labels/DMS_Read Only' is clicked on

2020-03-13 14:43:01 - [MESSAGE][PASSED] - Object: 'Object Repository/ROLES/Create Role/Audience Features/Access_labels/DMS_Read Only' is clicked on

2020-03-13 14:43:01 - [TEST_STEP][PASSED] - verifyElementNotChecked(findTestObject("ROLES/Create Role/Audience Features/Access_radioButton/DMS_No Access"), 230): Object 'Object Repository/ROLES/Create Role/Audience Features/Access_radioButton/DMS_No Access' is not checked

2020-03-13 14:43:02 - [MESSAGE][PASSED] - Object 'Object Repository/ROLES/Create Role/Audience Features/Access_radioButton/DMS_No Access' is not checked

2020-03-13 14:43:02 - [TEST_STEP][PASSED] - verifyElementChecked(findTestObject("ROLES/Create Role/Audience Features/Access_radioButton/DMS_Read Only"), 230): Object 'Object Repository/ROLES/Create Role/Audience Features/Access_radioButton/DMS_Read Only' is checked

2020-03-13 14:43:02 - [MESSAGE][PASSED] - Object 'Object Repository/ROLES/Create Role/Audience Features/Access_radioButton/DMS_Read Only' is checked

2020-03-13 14:43:02 - [TEST_STEP][PASSED] - verifyElementChecked(findTestObject("ROLES/Create Role/Audience Features/Access_radioButton/List_No Access"), 230): Object 'Object Repository/ROLES/Create Role/Audience Features/Access_radioButton/List_No Access' is checked

2020-03-13 14:43:02 - [MESSAGE][PASSED] - Object 'Object Repository/ROLES/Create Role/Audience Features/Access_radioButton/List_No Access' is checked

2020-03-13 14:43:02 - [TEST_STEP][PASSED] - click(findTestObject("ROLES/Create Role/Audience Features/Access_labels/List_Read Only")): Object: 'Object Repository/ROLES/Create Role/Audience Features/Access_labels/List_Read Only' is clicked on

2020-03-13 14:43:03 - [MESSAGE][PASSED] - Object: 'Object Repository/ROLES/Create Role/Audience Features/Access_labels/List_Read Only' is clicked on

2020-03-13 14:43:03 - [TEST_STEP][PASSED] - verifyElementNotChecked(findTestObject("ROLES/Create Role/Audience Features/Access_radioButton/List_No Access"), 230): Object 'Object Repository/ROLES/Create Role/Audience Features/Access_radioButton/List_No Access' is not checked

2020-03-13 14:43:03 - [MESSAGE][PASSED] - Object 'Object Repository/ROLES/Create Role/Audience Features/Access_radioButton/List_No Access' is not checked

2020-03-13 14:43:03 - [TEST_STEP][PASSED] - verifyElementChecked(findTestObject("ROLES/Create Role/Audience Features/Access_radioButton/List_Read Only"), 230): Object 'Object Repository/ROLES/Create Role/Audience Features/Access_radioButton/List_Read Only' is checked

2020-03-13 14:43:03 - [MESSAGE][PASSED] - Object 'Object Repository/ROLES/Create Role/Audience Features/Access_radioButton/List_Read Only' is checked

2020-03-13 14:43:03 - [TEST_STEP][PASSED] - verifyElementChecked(findTestObject("ROLES/Create Role/Audience Features/Access_radioButton/Opt_No Access"), 230): Object 'Object Repository/ROLES/Create Role/Audience Features/Access_radioButton/Opt_No Access' is checked

2020-03-13 14:43:04 - [MESSAGE][PASSED] - Object 'Object Repository/ROLES/Create Role/Audience Features/Access_radioButton/Opt_No Access' is checked

2020-03-13 14:43:04 - [TEST_STEP][PASSED] - click(findTestObject("ROLES/Create Role/Audience Features/Access_labels/Opt_Read Only")): Object: 'Object Repository/ROLES/Create Role/Audience Features/Access_labels/Opt_Read Only' is clicked on

2020-03-13 14:43:04 - [MESSAGE][PASSED] - Object: 'Object Repository/ROLES/Create Role/Audience Features/Access_labels/Opt_Read Only' is clicked on

2020-03-13 14:43:04 - [TEST_STEP][PASSED] - verifyElementNotChecked(findTestObject("ROLES/Create Role/Audience Features/Access_radioButton/Opt_No Access"), 230): Object 'Object Repository/ROLES/Create Role/Audience Features/Access_radioButton/Opt_No Access' is not checked

2020-03-13 14:43:04 - [MESSAGE][PASSED] - Object 'Object Repository/ROLES/Create Role/Audience Features/Access_radioButton/Opt_No Access' is not checked

2020-03-13 14:43:04 - [TEST_STEP][PASSED] - verifyElementChecked(findTestObject("ROLES/Create Role/Audience Features/Access_radioButton/Opt_Read Only"), 230): Object 'Object Repository/ROLES/Create Role/Audience Features/Access_radioButton/Opt_Read Only' is checked

2020-03-13 14:43:05 - [MESSAGE][PASSED] - Object 'Object Repository/ROLES/Create Role/Audience Features/Access_radioButton/Opt_Read Only' is checked

2020-03-13 14:43:05 - [TEST_STEP][PASSED] - verifyElementChecked(findTestObject("ROLES/Create Role/Audience Features/Access_radioButton/Speed_No Access"), 230): Object 'Object Repository/ROLES/Create Role/Audience Features/Access_radioButton/Speed_No Access' is checked

2020-03-13 14:43:05 - [MESSAGE][PASSED] - Object 'Object Repository/ROLES/Create Role/Audience Features/Access_radioButton/Speed_No Access' is checked

2020-03-13 14:43:05 - [TEST_STEP][PASSED] - click(findTestObject("ROLES/Create Role/Audience Features/Access_labels/Speed_Read Only")): Object: 'Object Repository/ROLES/Create Role/Audience Features/Access_labels/Speed_Read Only' is clicked on

2020-03-13 14:43:05 - [MESSAGE][PASSED] - Object: 'Object Repository/ROLES/Create Role/Audience Features/Access_labels/Speed_Read Only' is clicked on

2020-03-13 14:43:05 - [TEST_STEP][PASSED] - verifyElementNotChecked(findTestObject("ROLES/Create Role/Audience Features/Access_radioButton/Speed_No Access"), 230): Object 'Object Repository/ROLES/Create Role/Audience Features/Access_radioButton/Speed_No Access' is not checked

2020-03-13 14:43:06 - [MESSAGE][PASSED] - Object 'Object Repository/ROLES/Create Role/Audience Features/Access_radioButton/Speed_No Access' is not checked

2020-03-13 14:43:06 - [TEST_STEP][PASSED] - verifyElementChecked(findTestObject("ROLES/Create Role/Audience Features/Access_radioButton/Speed_Read Only"), 230): Object 'Object Repository/ROLES/Create Role/Audience Features/Access_radioButton/Speed_Read Only' is checked

2020-03-13 14:43:06 - [MESSAGE][PASSED] - Object 'Object Repository/ROLES/Create Role/Audience Features/Access_radioButton/Speed_Read Only' is checked

2020-03-13 14:43:06 - [TEST_STEP][PASSED] - verifyElementChecked(findTestObject("ROLES/Create Role/Audience Features/Access_radioButton/Suppression_No Access"), 230): Object 'Object Repository/ROLES/Create Role/Audience Features/Access_radioButton/Suppression_No Access' is checked

2020-03-13 14:43:06 - [MESSAGE][PASSED] - Object 'Object Repository/ROLES/Create Role/Audience Features/Access_radioButton/Suppression_No Access' is checked

2020-03-13 14:43:06 - [TEST_STEP][PASSED] - click(findTestObject("ROLES/Create Role/Audience Features/Access_labels/Suppression_Read Only")): Object: 'Object Repository/ROLES/Create Role/Audience Features/Access_labels/Suppression_Read Only' is clicked on

2020-03-13 14:43:07 - [MESSAGE][PASSED] - Object: 'Object Repository/ROLES/Create Role/Audience Features/Access_labels/Suppression_Read Only' is clicked on

2020-03-13 14:43:07 - [TEST_STEP][PASSED] - verifyElementNotChecked(findTestObject("ROLES/Create Role/Audience Features/Access_radioButton/Suppression_No Access"), 230): Object 'Object Repository/ROLES/Create Role/Audience Features/Access_radioButton/Suppression_No Access' is not checked

2020-03-13 14:43:07 - [MESSAGE][PASSED] - Object 'Object Repository/ROLES/Create Role/Audience Features/Access_radioButton/Suppression_No Access' is not checked

2020-03-13 14:43:07 - [TEST_STEP][PASSED] - verifyElementChecked(findTestObject("ROLES/Create Role/Audience Features/Access_radioButton/Suppression_Read Only"), 230): Object 'Object Repository/ROLES/Create Role/Audience Features/Access_radioButton/Suppression_Read Only' is checked

2020-03-13 14:43:08 - [MESSAGE][PASSED] - Object 'Object Repository/ROLES/Create Role/Audience Features/Access_radioButton/Suppression_Read Only' is checked

2020-03-13 14:43:08 - [TEST_STEP][PASSED] - click(findTestObject("ROLES/Create Role/Audience Features/Access_labels/DMS_All Access")): Object: 'Object Repository/ROLES/Create Role/Audience Features/Access_labels/DMS_All Access' is clicked on

2020-03-13 14:43:08 - [MESSAGE][PASSED] - Object: 'Object Repository/ROLES/Create Role/Audience Features/Access_labels/DMS_All Access' is clicked on

2020-03-13 14:43:08 - [TEST_STEP][PASSED] - verifyElementNotChecked(findTestObject("ROLES/Create Role/Audience Features/Access_radioButton/DMS_Read Only"), 230): Object 'Object Repository/ROLES/Create Role/Audience Features/Access_radioButton/DMS_Read Only' is not checked

2020-03-13 14:43:08 - [MESSAGE][PASSED] - Object 'Object Repository/ROLES/Create Role/Audience Features/Access_radioButton/DMS_Read Only' is not checked

2020-03-13 14:43:08 - [TEST_STEP][PASSED] - verifyElementChecked(findTestObject("ROLES/Create Role/Audience Features/Access_radioButton/DMS_All Access"), 230): Object 'Object Repository/ROLES/Create Role/Audience Features/Access_radioButton/DMS_All Access' is checked

2020-03-13 14:43:09 - [MESSAGE][PASSED] - Object 'Object Repository/ROLES/Create Role/Audience Features/Access_radioButton/DMS_All Access' is checked

2020-03-13 14:43:09 - [TEST_STEP][PASSED] - click(findTestObject("ROLES/Create Role/Audience Features/Access_labels/List_All Access")): Object: 'Object Repository/ROLES/Create Role/Audience Features/Access_labels/List_All Access' is clicked on

2020-03-13 14:43:09 - [MESSAGE][PASSED] - Object: 'Object Repository/ROLES/Create Role/Audience Features/Access_labels/List_All Access' is clicked on

2020-03-13 14:43:09 - [TEST_STEP][PASSED] - verifyElementNotChecked(findTestObject("ROLES/Create Role/Audience Features/Access_radioButton/List_Read Only"), 230): Object 'Object Repository/ROLES/Create Role/Audience Features/Access_radioButton/List_Read Only' is not checked

2020-03-13 14:43:09 - [MESSAGE][PASSED] - Object 'Object Repository/ROLES/Create Role/Audience Features/Access_radioButton/List_Read Only' is not checked

2020-03-13 14:43:09 - [TEST_STEP][PASSED] - verifyElementChecked(findTestObject("ROLES/Create Role/Audience Features/Access_radioButton/List_All Access"), 230): Object 'Object Repository/ROLES/Create Role/Audience Features/Access_radioButton/List_All Access' is checked

2020-03-13 14:43:10 - [MESSAGE][PASSED] - Object 'Object Repository/ROLES/Create Role/Audience Features/Access_radioButton/List_All Access' is checked

2020-03-13 14:43:10 - [TEST_STEP][PASSED] - click(findTestObject("ROLES/Create Role/Audience Features/Access_labels/Opt_All Access")): Object: 'Object Repository/ROLES/Create Role/Audience Features/Access_labels/Opt_All Access' is clicked on

2020-03-13 14:43:10 - [MESSAGE][PASSED] - Object: 'Object Repository/ROLES/Create Role/Audience Features/Access_labels/Opt_All Access' is clicked on

2020-03-13 14:43:10 - [TEST_STEP][PASSED] - verifyElementNotChecked(findTestObject("ROLES/Create Role/Audience Features/Access_radioButton/Opt_Read Only"), 230): Object 'Object Repository/ROLES/Create Role/Audience Features/Access_radioButton/Opt_Read Only' is not checked

2020-03-13 14:43:11 - [MESSAGE][PASSED] - Object 'Object Repository/ROLES/Create Role/Audience Features/Access_radioButton/Opt_Read Only' is not checked

2020-03-13 14:43:11 - [TEST_STEP][PASSED] - verifyElementChecked(findTestObject("ROLES/Create Role/Audience Features/Access_radioButton/Opt_All Access"), 230): Object 'Object Repository/ROLES/Create Role/Audience Features/Access_radioButton/Opt_All Access' is checked

2020-03-13 14:43:11 - [MESSAGE][PASSED] - Object 'Object Repository/ROLES/Create Role/Audience Features/Access_radioButton/Opt_All Access' is checked

2020-03-13 14:43:11 - [TEST_STEP][PASSED] - click(findTestObject("ROLES/Create Role/Audience Features/Access_radioButton/Seed_All Access(label)")): Object: 'Object Repository/ROLES/Create Role/Audience Features/Access_radioButton/Seed_All Access(label)' is clicked on

2020-03-13 14:43:11 - [MESSAGE][PASSED] - Object: 'Object Repository/ROLES/Create Role/Audience Features/Access_radioButton/Seed_All Access(label)' is clicked on

2020-03-13 14:43:11 - [TEST_STEP][PASSED] - verifyElementNotChecked(findTestObject("ROLES/Create Role/Audience Features/Access_radioButton/Speed_Read Only"), 230): Object 'Object Repository/ROLES/Create Role/Audience Features/Access_radioButton/Speed_Read Only' is not checked

2020-03-13 14:43:12 - [MESSAGE][PASSED] - Object 'Object Repository/ROLES/Create Role/Audience Features/Access_radioButton/Speed_Read Only' is not checked

2020-03-13 14:43:12 - [TEST_STEP][PASSED] - verifyElementChecked(findTestObject("ROLES/Create Role/Audience Features/Access_radioButton/Speed_All Access"), 230): Object 'Object Repository/ROLES/Create Role/Audience Features/Access_radioButton/Speed_All Access' is checked

2020-03-13 14:43:12 - [MESSAGE][PASSED] - Object 'Object Repository/ROLES/Create Role/Audience Features/Access_radioButton/Speed_All Access' is checked

2020-03-13 14:43:12 - [TEST_STEP][PASSED] - click(findTestObject("ROLES/Create Role/Audience Features/Access_labels/Suppression_All Access")): Object: 'Object Repository/ROLES/Create Role/Audience Features/Access_labels/Suppression_All Access' is clicked on

2020-03-13 14:43:12 - [MESSAGE][PASSED] - Object: 'Object Repository/ROLES/Create Role/Audience Features/Access_labels/Suppression_All Access' is clicked on

2020-03-13 14:43:12 - [TEST_STEP][PASSED] - verifyElementNotChecked(findTestObject("ROLES/Create Role/Audience Features/Access_radioButton/Suppression_Read Only"), 230): Object 'Object Repository/ROLES/Create Role/Audience Features/Access_radioButton/Suppression_Read Only' is not checked

2020-03-13 14:43:13 - [MESSAGE][PASSED] - Object 'Object Repository/ROLES/Create Role/Audience Features/Access_radioButton/Suppression_Read Only' is not checked

2020-03-13 14:43:13 - [TEST_STEP][PASSED] - verifyElementChecked(findTestObject("ROLES/Create Role/Audience Features/Access_radioButton/Suppression_All Access"), 230): Object 'Object Repository/ROLES/Create Role/Audience Features/Access_radioButton/Suppression_All Access' is checked

2020-03-13 14:43:13 - [MESSAGE][PASSED] - Object 'Object Repository/ROLES/Create Role/Audience Features/Access_radioButton/Suppression_All Access' is checked

2020-03-13 14:43:13 - [TEST_STEP][PASSED] - verifyElementChecked(findTestObject("ROLES/Create Role/Audience Features/checkbox_segmentBuilder"), 0): Object 'Object Repository/ROLES/Create Role/Audience Features/checkbox_segmentBuilder' is checked

2020-03-13 14:43:13 - [MESSAGE][WARNING] - Timeout '0' is invalid. Using default page load timeout: '230'

2020-03-13 14:43:13 - [MESSAGE][PASSED] - Object 'Object Repository/ROLES/Create Role/Audience Features/checkbox_segmentBuilder' is checked

2020-03-13 14:43:13 - [TEST_STEP][PASSED] - click(findTestObject("ROLES/Create Role/Audience Features/span_Segment Builder"), CONTINUE_ON_FAILURE): Object: 'Object Repository/ROLES/Create Role/Audience Features/span_Segment Builder' is clicked on

2020-03-13 14:43:14 - [MESSAGE][PASSED] - Object: 'Object Repository/ROLES/Create Role/Audience Features/span_Segment Builder' is clicked on

2020-03-13 14:43:14 - [TEST_STEP][PASSED] - verifyElementNotChecked(findTestObject("ROLES/Create Role/Audience Features/checkbox_segmentBuilder"), 0): Object 'Object Repository/ROLES/Create Role/Audience Features/checkbox_segmentBuilder' is not checked

2020-03-13 14:43:14 - [MESSAGE][WARNING] - Timeout '0' is invalid. Using default page load timeout: '230'

2020-03-13 14:43:14 - [MESSAGE][PASSED] - Object 'Object Repository/ROLES/Create Role/Audience Features/checkbox_segmentBuilder' is not checked

2020-03-13 14:43:14 - [TEST_STEP][NOT_RUN] - verifyElementPresent(findTestObject("ROLES/Create Role/Audience Features/tickMark_AudienceFeatures"), 0): NOT_RUN: verifyElementPresent(findTestObject("ROLES/Create Role/Audience Features/tickMark_AudienceFeatures"), 0)

2020-03-13 14:43:14 - [MESSAGE][NOT_RUN] - NOT_RUN: verifyElementPresent(findTestObject("ROLES/Create Role/Audience Features/tickMark_AudienceFeatures"), 0)

2020-03-13 14:43:14 - [TEST_STEP][PASSED] - Start listener action : sampleAfterTestCase: null

2020-03-13 14:43:14 - [TEST_STEP][PASSED] - println(testCaseContext.getTestCaseId()): null

2020-03-13 14:43:14 - [TEST_STEP][PASSED] - println(testCaseContext.getTestCaseStatus()): null

2020-03-13 14:43:14 - [TEST_STEP][PASSED] - println("On Failure Method is Calling : " + testCaseContext.getTestCaseStatus()): null

2020-03-13 14:43:14 - [TEST_STEP][PASSED] - if (!(getTestCaseStatus().equalsIgnoreCase("PASSED"))): null]]></system-out>
         <system-err><![CDATA[]]></system-err>
      </testcase>
      <testcase name="Test Cases/Atlas Platform/Configuration Management/Platform Management/ROLES/Create Role/Validate presence of all the Elements in Creating Role/CR05 Verify Message Features tab in New Role page" time="17.814" classname="Test Cases/Atlas Platform/Configuration Management/Platform Management/ROLES/Create Role/Validate presence of all the Elements in Creating Role/CR05 Verify Message Features tab in New Role page" status="PASSED">
         <system-out><![CDATA[2020-03-13 14:43:16 - [TEST_CASE][PASSED] - Test Cases/Atlas Platform/Configuration Management/Platform Management/ROLES/Create Role/Validate presence of all the Elements in Creating Role/CR05 Verify Message Features tab in New Role page: Test Cases/Atlas Platform/Configuration Management/Platform Management/ROLES/Create Role/Validate presence of all the Elements in Creating Role/CR05 Verify Message Features tab in New Role page

2020-03-13 14:43:17 - [TEST_STEP][NOT_RUN] - callTestCase(findTestCase("Atlas Platform/Platform Navigation/Login/Default Logins/Default_Login_as_Root Admin"), ["Email":findTestData("AMP_Y").getValue(1, 1), "Password":findTestData("AMP_Y").getValue(2, 1), "dashboard_exp_title":""], CONTINUE_ON_FAILURE): NOT_RUN: callTestCase(findTestCase("Atlas Platform/Platform Navigation/Login/Default Logins/Default_Login_as_Root Admin"), ["Email":findTestData("AMP_Y").getValue(1, 1), "Password":findTestData("AMP_Y").getValue(2, 1), "dashboard_exp_title":""], CONTINUE_ON_FAILURE)

2020-03-13 14:43:17 - [MESSAGE][NOT_RUN] - NOT_RUN: callTestCase(findTestCase("Atlas Platform/Platform Navigation/Login/Default Logins/Default_Login_as_Root Admin"), ["Email":findTestData("AMP_Y").getValue(1, 1), "Password":findTestData("AMP_Y").getValue(2, 1), "dashboard_exp_title":""], CONTINUE_ON_FAILURE)

2020-03-13 14:43:17 - [TEST_STEP][NOT_RUN] - click(findTestObject("ROLES/Role_Navigation/a_ADMIN")): NOT_RUN: click(findTestObject("ROLES/Role_Navigation/a_ADMIN"))

2020-03-13 14:43:17 - [MESSAGE][NOT_RUN] - NOT_RUN: click(findTestObject("ROLES/Role_Navigation/a_ADMIN"))

2020-03-13 14:43:17 - [TEST_STEP][NOT_RUN] - click(findTestObject("ROLES/Roles_page/Create Role_button")): NOT_RUN: click(findTestObject("ROLES/Roles_page/Create Role_button"))

2020-03-13 14:43:17 - [MESSAGE][NOT_RUN] - NOT_RUN: click(findTestObject("ROLES/Roles_page/Create Role_button"))

2020-03-13 14:43:17 - [TEST_STEP][PASSED] - click(findTestObject("ROLES/Create Role/New Role_page/a_Message Features")): Object: 'Object Repository/ROLES/Create Role/New Role_page/a_Message Features' is clicked on

2020-03-13 14:43:17 - [MESSAGE][PASSED] - Object: 'Object Repository/ROLES/Create Role/New Role_page/a_Message Features' is clicked on

2020-03-13 14:43:17 - [TEST_STEP][PASSED] - verifyElementPresent(findTestObject("ROLES/Create Role/Message Features/h2_Message Features"), 0): Object 'Object Repository/ROLES/Create Role/Message Features/h2_Message Features' is present

2020-03-13 14:43:18 - [MESSAGE][WARNING] - Timeout '0' is invalid. Using default page load timeout: '230'

2020-03-13 14:43:18 - [MESSAGE][PASSED] - Object 'Object Repository/ROLES/Create Role/Message Features/h2_Message Features' is present

2020-03-13 14:43:18 - [TEST_STEP][PASSED] - verifyElementPresent(findTestObject("ROLES/Create Role/Message Features/label_Batch Messaging"), 0): Object 'Object Repository/ROLES/Create Role/Message Features/label_Batch Messaging' is present

2020-03-13 14:43:18 - [MESSAGE][WARNING] - Timeout '0' is invalid. Using default page load timeout: '230'

2020-03-13 14:43:18 - [MESSAGE][PASSED] - Object 'Object Repository/ROLES/Create Role/Message Features/label_Batch Messaging' is present

2020-03-13 14:43:18 - [TEST_STEP][PASSED] - verifyElementPresent(findTestObject("ROLES/Create Role/Message Features/label_Distributed Messaging"), 0): Object 'Object Repository/ROLES/Create Role/Message Features/label_Distributed Messaging' is present

2020-03-13 14:43:19 - [MESSAGE][WARNING] - Timeout '0' is invalid. Using default page load timeout: '230'

2020-03-13 14:43:19 - [MESSAGE][PASSED] - Object 'Object Repository/ROLES/Create Role/Message Features/label_Distributed Messaging' is present

2020-03-13 14:43:19 - [TEST_STEP][PASSED] - verifyElementPresent(findTestObject("ROLES/Create Role/Message Features/label_Triggered Messaging"), 0): Object 'Object Repository/ROLES/Create Role/Message Features/label_Triggered Messaging' is present

2020-03-13 14:43:19 - [MESSAGE][WARNING] - Timeout '0' is invalid. Using default page load timeout: '230'

2020-03-13 14:43:19 - [MESSAGE][PASSED] - Object 'Object Repository/ROLES/Create Role/Message Features/label_Triggered Messaging' is present

2020-03-13 14:43:19 - [TEST_STEP][PASSED] - verifyElementPresent(findTestObject("ROLES/Create Role/Message Features/label_Approval Process"), 0): Object 'Object Repository/ROLES/Create Role/Message Features/label_Approval Process' is present

2020-03-13 14:43:19 - [MESSAGE][WARNING] - Timeout '0' is invalid. Using default page load timeout: '230'

2020-03-13 14:43:19 - [MESSAGE][PASSED] - Object 'Object Repository/ROLES/Create Role/Message Features/label_Approval Process' is present

2020-03-13 14:43:20 - [TEST_STEP][PASSED] - verifyElementPresent(findTestObject("ROLES/Create Role/Message Features/label_Marketing Automation"), 0): Object 'Object Repository/ROLES/Create Role/Message Features/label_Marketing Automation' is present

2020-03-13 14:43:20 - [MESSAGE][WARNING] - Timeout '0' is invalid. Using default page load timeout: '230'

2020-03-13 14:43:20 - [MESSAGE][PASSED] - Object 'Object Repository/ROLES/Create Role/Message Features/label_Marketing Automation' is present

2020-03-13 14:43:20 - [TEST_STEP][PASSED] - verifyElementPresent(findTestObject("ROLES/Create Role/Message Features/Access_radioButton/Batch_All Access"), 0): Object 'Object Repository/ROLES/Create Role/Message Features/Access_radioButton/Batch_All Access' is present

2020-03-13 14:43:20 - [MESSAGE][WARNING] - Timeout '0' is invalid. Using default page load timeout: '230'

2020-03-13 14:43:20 - [MESSAGE][PASSED] - Object 'Object Repository/ROLES/Create Role/Message Features/Access_radioButton/Batch_All Access' is present

2020-03-13 14:43:20 - [TEST_STEP][PASSED] - verifyElementPresent(findTestObject("ROLES/Create Role/Message Features/Access_radioButton/Batch_Read Only"), 0): Object 'Object Repository/ROLES/Create Role/Message Features/Access_radioButton/Batch_Read Only' is present

2020-03-13 14:43:20 - [MESSAGE][WARNING] - Timeout '0' is invalid. Using default page load timeout: '230'

2020-03-13 14:43:21 - [MESSAGE][PASSED] - Object 'Object Repository/ROLES/Create Role/Message Features/Access_radioButton/Batch_Read Only' is present

2020-03-13 14:43:21 - [TEST_STEP][PASSED] - verifyElementPresent(findTestObject("ROLES/Create Role/Message Features/Access_radioButton/Batch_No Access"), 0): Object 'Object Repository/ROLES/Create Role/Message Features/Access_radioButton/Batch_No Access' is present

2020-03-13 14:43:21 - [MESSAGE][WARNING] - Timeout '0' is invalid. Using default page load timeout: '230'

2020-03-13 14:43:21 - [MESSAGE][PASSED] - Object 'Object Repository/ROLES/Create Role/Message Features/Access_radioButton/Batch_No Access' is present

2020-03-13 14:43:21 - [TEST_STEP][PASSED] - verifyElementChecked(findTestObject("ROLES/Create Role/Message Features/Access_radioButton/Batch_No Access"), 0): Object 'Object Repository/ROLES/Create Role/Message Features/Access_radioButton/Batch_No Access' is checked

2020-03-13 14:43:21 - [MESSAGE][WARNING] - Timeout '0' is invalid. Using default page load timeout: '230'

2020-03-13 14:43:22 - [MESSAGE][PASSED] - Object 'Object Repository/ROLES/Create Role/Message Features/Access_radioButton/Batch_No Access' is checked

2020-03-13 14:43:22 - [TEST_STEP][PASSED] - verifyElementPresent(findTestObject("ROLES/Create Role/Message Features/Access_radioButton/Distributed_All Access"), 0): Object 'Object Repository/ROLES/Create Role/Message Features/Access_radioButton/Distributed_All Access' is present

2020-03-13 14:43:22 - [MESSAGE][WARNING] - Timeout '0' is invalid. Using default page load timeout: '230'

2020-03-13 14:43:22 - [MESSAGE][PASSED] - Object 'Object Repository/ROLES/Create Role/Message Features/Access_radioButton/Distributed_All Access' is present

2020-03-13 14:43:22 - [TEST_STEP][PASSED] - verifyElementPresent(findTestObject("ROLES/Create Role/Message Features/Access_radioButton/Distributed_Read Only"), 0): Object 'Object Repository/ROLES/Create Role/Message Features/Access_radioButton/Distributed_Read Only' is present

2020-03-13 14:43:22 - [MESSAGE][WARNING] - Timeout '0' is invalid. Using default page load timeout: '230'

2020-03-13 14:43:22 - [MESSAGE][PASSED] - Object 'Object Repository/ROLES/Create Role/Message Features/Access_radioButton/Distributed_Read Only' is present

2020-03-13 14:43:22 - [TEST_STEP][PASSED] - verifyElementPresent(findTestObject("ROLES/Create Role/Message Features/Access_radioButton/Distributed_No Access"), 0): Object 'Object Repository/ROLES/Create Role/Message Features/Access_radioButton/Distributed_No Access' is present

2020-03-13 14:43:22 - [MESSAGE][WARNING] - Timeout '0' is invalid. Using default page load timeout: '230'

2020-03-13 14:43:23 - [MESSAGE][PASSED] - Object 'Object Repository/ROLES/Create Role/Message Features/Access_radioButton/Distributed_No Access' is present

2020-03-13 14:43:23 - [TEST_STEP][PASSED] - verifyElementChecked(findTestObject("ROLES/Create Role/Message Features/Access_radioButton/Distributed_No Access"), 0): Object 'Object Repository/ROLES/Create Role/Message Features/Access_radioButton/Distributed_No Access' is checked

2020-03-13 14:43:23 - [MESSAGE][WARNING] - Timeout '0' is invalid. Using default page load timeout: '230'

2020-03-13 14:43:23 - [MESSAGE][PASSED] - Object 'Object Repository/ROLES/Create Role/Message Features/Access_radioButton/Distributed_No Access' is checked

2020-03-13 14:43:23 - [TEST_STEP][PASSED] - verifyElementPresent(findTestObject("ROLES/Create Role/Message Features/Access_radioButton/Triggered_All Access"), 0): Object 'Object Repository/ROLES/Create Role/Message Features/Access_radioButton/Triggered_All Access' is present

2020-03-13 14:43:23 - [MESSAGE][WARNING] - Timeout '0' is invalid. Using default page load timeout: '230'

2020-03-13 14:43:23 - [MESSAGE][PASSED] - Object 'Object Repository/ROLES/Create Role/Message Features/Access_radioButton/Triggered_All Access' is present

2020-03-13 14:43:23 - [TEST_STEP][PASSED] - verifyElementPresent(findTestObject("ROLES/Create Role/Message Features/Access_radioButton/Triggered_Read Only"), 0): Object 'Object Repository/ROLES/Create Role/Message Features/Access_radioButton/Triggered_Read Only' is present

2020-03-13 14:43:23 - [MESSAGE][WARNING] - Timeout '0' is invalid. Using default page load timeout: '230'

2020-03-13 14:43:24 - [MESSAGE][PASSED] - Object 'Object Repository/ROLES/Create Role/Message Features/Access_radioButton/Triggered_Read Only' is present

2020-03-13 14:43:24 - [TEST_STEP][PASSED] - verifyElementPresent(findTestObject("ROLES/Create Role/Message Features/Access_radioButton/Triggered_No Access"), 0): Object 'Object Repository/ROLES/Create Role/Message Features/Access_radioButton/Triggered_No Access' is present

2020-03-13 14:43:24 - [MESSAGE][WARNING] - Timeout '0' is invalid. Using default page load timeout: '230'

2020-03-13 14:43:24 - [MESSAGE][PASSED] - Object 'Object Repository/ROLES/Create Role/Message Features/Access_radioButton/Triggered_No Access' is present

2020-03-13 14:43:24 - [TEST_STEP][PASSED] - verifyElementChecked(findTestObject("ROLES/Create Role/Message Features/Access_radioButton/Triggered_No Access"), 0): Object 'Object Repository/ROLES/Create Role/Message Features/Access_radioButton/Triggered_No Access' is checked

2020-03-13 14:43:24 - [MESSAGE][WARNING] - Timeout '0' is invalid. Using default page load timeout: '230'

2020-03-13 14:43:24 - [MESSAGE][PASSED] - Object 'Object Repository/ROLES/Create Role/Message Features/Access_radioButton/Triggered_No Access' is checked

2020-03-13 14:43:24 - [TEST_STEP][PASSED] - verifyElementPresent(findTestObject("ROLES/Create Role/Message Features/Access_radioButton/Approval_All Access"), 0): Object 'Object Repository/ROLES/Create Role/Message Features/Access_radioButton/Approval_All Access' is present

2020-03-13 14:43:24 - [MESSAGE][WARNING] - Timeout '0' is invalid. Using default page load timeout: '230'

2020-03-13 14:43:25 - [MESSAGE][PASSED] - Object 'Object Repository/ROLES/Create Role/Message Features/Access_radioButton/Approval_All Access' is present

2020-03-13 14:43:25 - [TEST_STEP][PASSED] - verifyElementPresent(findTestObject("ROLES/Create Role/Message Features/Access_radioButton/Approval_Read Only"), 0): Object 'Object Repository/ROLES/Create Role/Message Features/Access_radioButton/Approval_Read Only' is present

2020-03-13 14:43:25 - [MESSAGE][WARNING] - Timeout '0' is invalid. Using default page load timeout: '230'

2020-03-13 14:43:25 - [MESSAGE][PASSED] - Object 'Object Repository/ROLES/Create Role/Message Features/Access_radioButton/Approval_Read Only' is present

2020-03-13 14:43:25 - [TEST_STEP][PASSED] - verifyElementPresent(findTestObject("ROLES/Create Role/Message Features/Access_radioButton/Approval_No Access"), 0): Object 'Object Repository/ROLES/Create Role/Message Features/Access_radioButton/Approval_No Access' is present

2020-03-13 14:43:25 - [MESSAGE][WARNING] - Timeout '0' is invalid. Using default page load timeout: '230'

2020-03-13 14:43:25 - [MESSAGE][PASSED] - Object 'Object Repository/ROLES/Create Role/Message Features/Access_radioButton/Approval_No Access' is present

2020-03-13 14:43:25 - [TEST_STEP][PASSED] - verifyElementChecked(findTestObject("ROLES/Create Role/Message Features/Access_radioButton/Approval_No Access"), 0): Object 'Object Repository/ROLES/Create Role/Message Features/Access_radioButton/Approval_No Access' is checked

2020-03-13 14:43:25 - [MESSAGE][WARNING] - Timeout '0' is invalid. Using default page load timeout: '230'

2020-03-13 14:43:26 - [MESSAGE][PASSED] - Object 'Object Repository/ROLES/Create Role/Message Features/Access_radioButton/Approval_No Access' is checked

2020-03-13 14:43:26 - [TEST_STEP][PASSED] - verifyElementPresent(findTestObject("ROLES/Create Role/Message Features/Access_radioButton/Marketing_All Access"), 0): Object 'Object Repository/ROLES/Create Role/Message Features/Access_radioButton/Marketing_All Access' is present

2020-03-13 14:43:26 - [MESSAGE][WARNING] - Timeout '0' is invalid. Using default page load timeout: '230'

2020-03-13 14:43:26 - [MESSAGE][PASSED] - Object 'Object Repository/ROLES/Create Role/Message Features/Access_radioButton/Marketing_All Access' is present

2020-03-13 14:43:26 - [TEST_STEP][PASSED] - verifyElementPresent(findTestObject("ROLES/Create Role/Message Features/Access_radioButton/Marketing_Read Only"), 0): Object 'Object Repository/ROLES/Create Role/Message Features/Access_radioButton/Marketing_Read Only' is present

2020-03-13 14:43:26 - [MESSAGE][WARNING] - Timeout '0' is invalid. Using default page load timeout: '230'

2020-03-13 14:43:26 - [MESSAGE][PASSED] - Object 'Object Repository/ROLES/Create Role/Message Features/Access_radioButton/Marketing_Read Only' is present

2020-03-13 14:43:26 - [TEST_STEP][PASSED] - verifyElementPresent(findTestObject("ROLES/Create Role/Message Features/Access_radioButton/Marketing_No Access"), 0): Object 'Object Repository/ROLES/Create Role/Message Features/Access_radioButton/Marketing_No Access' is present

2020-03-13 14:43:26 - [MESSAGE][WARNING] - Timeout '0' is invalid. Using default page load timeout: '230'

2020-03-13 14:43:27 - [MESSAGE][PASSED] - Object 'Object Repository/ROLES/Create Role/Message Features/Access_radioButton/Marketing_No Access' is present

2020-03-13 14:43:27 - [TEST_STEP][PASSED] - verifyElementChecked(findTestObject("ROLES/Create Role/Message Features/Access_radioButton/Marketing_No Access"), 0): Object 'Object Repository/ROLES/Create Role/Message Features/Access_radioButton/Marketing_No Access' is checked

2020-03-13 14:43:27 - [MESSAGE][WARNING] - Timeout '0' is invalid. Using default page load timeout: '230'

2020-03-13 14:43:27 - [MESSAGE][PASSED] - Object 'Object Repository/ROLES/Create Role/Message Features/Access_radioButton/Marketing_No Access' is checked

2020-03-13 14:43:27 - [TEST_STEP][PASSED] - verifyElementPresent(findTestObject("ROLES/Create Role/Message Features/Access_labels/Batch_All Access"), 0): Object 'Object Repository/ROLES/Create Role/Message Features/Access_labels/Batch_All Access' is present

2020-03-13 14:43:27 - [MESSAGE][WARNING] - Timeout '0' is invalid. Using default page load timeout: '230'

2020-03-13 14:43:27 - [MESSAGE][PASSED] - Object 'Object Repository/ROLES/Create Role/Message Features/Access_labels/Batch_All Access' is present

2020-03-13 14:43:27 - [TEST_STEP][PASSED] - verifyElementPresent(findTestObject("ROLES/Create Role/Message Features/Access_labels/Batch_Read Only"), 0): Object 'Object Repository/ROLES/Create Role/Message Features/Access_labels/Batch_Read Only' is present

2020-03-13 14:43:27 - [MESSAGE][WARNING] - Timeout '0' is invalid. Using default page load timeout: '230'

2020-03-13 14:43:28 - [MESSAGE][PASSED] - Object 'Object Repository/ROLES/Create Role/Message Features/Access_labels/Batch_Read Only' is present

2020-03-13 14:43:28 - [TEST_STEP][PASSED] - verifyElementPresent(findTestObject("ROLES/Create Role/Message Features/Access_labels/Batch_No Access"), 0): Object 'Object Repository/ROLES/Create Role/Message Features/Access_labels/Batch_No Access' is present

2020-03-13 14:43:28 - [MESSAGE][WARNING] - Timeout '0' is invalid. Using default page load timeout: '230'

2020-03-13 14:43:28 - [MESSAGE][PASSED] - Object 'Object Repository/ROLES/Create Role/Message Features/Access_labels/Batch_No Access' is present

2020-03-13 14:43:28 - [TEST_STEP][PASSED] - verifyElementPresent(findTestObject("ROLES/Create Role/Message Features/Access_labels/Distributed_All Access"), 0): Object 'Object Repository/ROLES/Create Role/Message Features/Access_labels/Distributed_All Access' is present

2020-03-13 14:43:28 - [MESSAGE][WARNING] - Timeout '0' is invalid. Using default page load timeout: '230'

2020-03-13 14:43:28 - [MESSAGE][PASSED] - Object 'Object Repository/ROLES/Create Role/Message Features/Access_labels/Distributed_All Access' is present

2020-03-13 14:43:28 - [TEST_STEP][PASSED] - verifyElementPresent(findTestObject("ROLES/Create Role/Message Features/Access_labels/Distributed_Read Only"), 0): Object 'Object Repository/ROLES/Create Role/Message Features/Access_labels/Distributed_Read Only' is present

2020-03-13 14:43:28 - [MESSAGE][WARNING] - Timeout '0' is invalid. Using default page load timeout: '230'

2020-03-13 14:43:29 - [MESSAGE][PASSED] - Object 'Object Repository/ROLES/Create Role/Message Features/Access_labels/Distributed_Read Only' is present

2020-03-13 14:43:29 - [TEST_STEP][PASSED] - verifyElementPresent(findTestObject("ROLES/Create Role/Message Features/Access_labels/Distributed_No Access"), 0): Object 'Object Repository/ROLES/Create Role/Message Features/Access_labels/Distributed_No Access' is present

2020-03-13 14:43:29 - [MESSAGE][WARNING] - Timeout '0' is invalid. Using default page load timeout: '230'

2020-03-13 14:43:29 - [MESSAGE][PASSED] - Object 'Object Repository/ROLES/Create Role/Message Features/Access_labels/Distributed_No Access' is present

2020-03-13 14:43:29 - [TEST_STEP][PASSED] - verifyElementPresent(findTestObject("ROLES/Create Role/Message Features/Access_labels/Triggered_All Access"), 0): Object 'Object Repository/ROLES/Create Role/Message Features/Access_labels/Triggered_All Access' is present

2020-03-13 14:43:29 - [MESSAGE][WARNING] - Timeout '0' is invalid. Using default page load timeout: '230'

2020-03-13 14:43:29 - [MESSAGE][PASSED] - Object 'Object Repository/ROLES/Create Role/Message Features/Access_labels/Triggered_All Access' is present

2020-03-13 14:43:29 - [TEST_STEP][PASSED] - verifyElementPresent(findTestObject("ROLES/Create Role/Message Features/Access_labels/Triggered_Read Only"), 0): Object 'Object Repository/ROLES/Create Role/Message Features/Access_labels/Triggered_Read Only' is present

2020-03-13 14:43:29 - [MESSAGE][WARNING] - Timeout '0' is invalid. Using default page load timeout: '230'

2020-03-13 14:43:30 - [MESSAGE][PASSED] - Object 'Object Repository/ROLES/Create Role/Message Features/Access_labels/Triggered_Read Only' is present

2020-03-13 14:43:30 - [TEST_STEP][PASSED] - verifyElementPresent(findTestObject("ROLES/Create Role/Message Features/Access_labels/Triggered_No Access"), 0): Object 'Object Repository/ROLES/Create Role/Message Features/Access_labels/Triggered_No Access' is present

2020-03-13 14:43:30 - [MESSAGE][WARNING] - Timeout '0' is invalid. Using default page load timeout: '230'

2020-03-13 14:43:30 - [MESSAGE][PASSED] - Object 'Object Repository/ROLES/Create Role/Message Features/Access_labels/Triggered_No Access' is present

2020-03-13 14:43:30 - [TEST_STEP][PASSED] - verifyElementPresent(findTestObject("ROLES/Create Role/Message Features/Access_labels/Approval_All Access"), 0): Object 'Object Repository/ROLES/Create Role/Message Features/Access_labels/Approval_All Access' is present

2020-03-13 14:43:30 - [MESSAGE][WARNING] - Timeout '0' is invalid. Using default page load timeout: '230'

2020-03-13 14:43:30 - [MESSAGE][PASSED] - Object 'Object Repository/ROLES/Create Role/Message Features/Access_labels/Approval_All Access' is present

2020-03-13 14:43:30 - [TEST_STEP][PASSED] - verifyElementPresent(findTestObject("ROLES/Create Role/Message Features/Access_labels/Approval_Read Only"), 0): Object 'Object Repository/ROLES/Create Role/Message Features/Access_labels/Approval_Read Only' is present

2020-03-13 14:43:30 - [MESSAGE][WARNING] - Timeout '0' is invalid. Using default page load timeout: '230'

2020-03-13 14:43:31 - [MESSAGE][PASSED] - Object 'Object Repository/ROLES/Create Role/Message Features/Access_labels/Approval_Read Only' is present

2020-03-13 14:43:31 - [TEST_STEP][PASSED] - verifyElementPresent(findTestObject("ROLES/Create Role/Message Features/Access_labels/Approval_No Access"), 0): Object 'Object Repository/ROLES/Create Role/Message Features/Access_labels/Approval_No Access' is present

2020-03-13 14:43:31 - [MESSAGE][WARNING] - Timeout '0' is invalid. Using default page load timeout: '230'

2020-03-13 14:43:31 - [MESSAGE][PASSED] - Object 'Object Repository/ROLES/Create Role/Message Features/Access_labels/Approval_No Access' is present

2020-03-13 14:43:31 - [TEST_STEP][PASSED] - verifyElementPresent(findTestObject("ROLES/Create Role/Message Features/Access_labels/Marketing_All Access"), 0): Object 'Object Repository/ROLES/Create Role/Message Features/Access_labels/Marketing_All Access' is present

2020-03-13 14:43:31 - [MESSAGE][WARNING] - Timeout '0' is invalid. Using default page load timeout: '230'

2020-03-13 14:43:31 - [MESSAGE][PASSED] - Object 'Object Repository/ROLES/Create Role/Message Features/Access_labels/Marketing_All Access' is present

2020-03-13 14:43:31 - [TEST_STEP][PASSED] - verifyElementPresent(findTestObject("ROLES/Create Role/Message Features/Access_labels/Marketing_Read Only"), 0): Object 'Object Repository/ROLES/Create Role/Message Features/Access_labels/Marketing_Read Only' is present

2020-03-13 14:43:31 - [MESSAGE][WARNING] - Timeout '0' is invalid. Using default page load timeout: '230'

2020-03-13 14:43:32 - [MESSAGE][PASSED] - Object 'Object Repository/ROLES/Create Role/Message Features/Access_labels/Marketing_Read Only' is present

2020-03-13 14:43:32 - [TEST_STEP][PASSED] - verifyElementPresent(findTestObject("ROLES/Create Role/Message Features/Access_labels/Marketing_No Access"), 0): Object 'Object Repository/ROLES/Create Role/Message Features/Access_labels/Marketing_No Access' is present

2020-03-13 14:43:32 - [MESSAGE][WARNING] - Timeout '0' is invalid. Using default page load timeout: '230'

2020-03-13 14:43:32 - [MESSAGE][PASSED] - Object 'Object Repository/ROLES/Create Role/Message Features/Access_labels/Marketing_No Access' is present

2020-03-13 14:43:32 - [TEST_STEP][PASSED] - Start listener action : sampleAfterTestCase: null

2020-03-13 14:43:32 - [TEST_STEP][PASSED] - println(testCaseContext.getTestCaseId()): null

2020-03-13 14:43:32 - [TEST_STEP][PASSED] - println(testCaseContext.getTestCaseStatus()): null

2020-03-13 14:43:32 - [TEST_STEP][PASSED] - println("On Failure Method is Calling : " + testCaseContext.getTestCaseStatus()): null

2020-03-13 14:43:32 - [TEST_STEP][PASSED] - if (!(getTestCaseStatus().equalsIgnoreCase("PASSED"))): null]]></system-out>
         <system-err><![CDATA[]]></system-err>
      </testcase>
      <testcase name="Test Cases/Atlas Platform/Configuration Management/Platform Management/ROLES/Create Role/CR05 Validate Elements of Message Features Tab" time="15.369" classname="Test Cases/Atlas Platform/Configuration Management/Platform Management/ROLES/Create Role/CR05 Validate Elements of Message Features Tab" status="PASSED">
         <system-out><![CDATA[2020-03-13 14:43:34 - [TEST_CASE][PASSED] - Test Cases/Atlas Platform/Configuration Management/Platform Management/ROLES/Create Role/CR05 Validate Elements of Message Features Tab: Test Cases/Atlas Platform/Configuration Management/Platform Management/ROLES/Create Role/CR05 Validate Elements of Message Features Tab

2020-03-13 14:43:34 - [TEST_STEP][NOT_RUN] - callTestCase(findTestCase("Atlas Platform/Platform Navigation/Login/Default Logins/Default_Login_as_Root Admin"), ["Email":findTestData("AMP_Y").getValue(1, 1), "Password":findTestData("AMP_Y").getValue(2, 1), "dashboard_exp_title":""], CONTINUE_ON_FAILURE): NOT_RUN: callTestCase(findTestCase("Atlas Platform/Platform Navigation/Login/Default Logins/Default_Login_as_Root Admin"), ["Email":findTestData("AMP_Y").getValue(1, 1), "Password":findTestData("AMP_Y").getValue(2, 1), "dashboard_exp_title":""], CONTINUE_ON_FAILURE)

2020-03-13 14:43:34 - [MESSAGE][NOT_RUN] - NOT_RUN: callTestCase(findTestCase("Atlas Platform/Platform Navigation/Login/Default Logins/Default_Login_as_Root Admin"), ["Email":findTestData("AMP_Y").getValue(1, 1), "Password":findTestData("AMP_Y").getValue(2, 1), "dashboard_exp_title":""], CONTINUE_ON_FAILURE)

2020-03-13 14:43:34 - [TEST_STEP][NOT_RUN] - click(findTestObject("ROLES/Role_Navigation/a_ADMIN")): NOT_RUN: click(findTestObject("ROLES/Role_Navigation/a_ADMIN"))

2020-03-13 14:43:34 - [MESSAGE][NOT_RUN] - NOT_RUN: click(findTestObject("ROLES/Role_Navigation/a_ADMIN"))

2020-03-13 14:43:34 - [TEST_STEP][NOT_RUN] - click(findTestObject("ROLES/Roles_page/Create Role_button")): NOT_RUN: click(findTestObject("ROLES/Roles_page/Create Role_button"))

2020-03-13 14:43:34 - [MESSAGE][NOT_RUN] - NOT_RUN: click(findTestObject("ROLES/Roles_page/Create Role_button"))

2020-03-13 14:43:34 - [TEST_STEP][NOT_RUN] - click(findTestObject("ROLES/Create Role/New Role_page/a_Message Features")): NOT_RUN: click(findTestObject("ROLES/Create Role/New Role_page/a_Message Features"))

2020-03-13 14:43:34 - [MESSAGE][NOT_RUN] - NOT_RUN: click(findTestObject("ROLES/Create Role/New Role_page/a_Message Features"))

2020-03-13 14:43:34 - [TEST_STEP][PASSED] - verifyElementNotPresent(findTestObject("ROLES/Create Role/Message Features/tickMark_MessageFeatures"), 0): Web element with id: 'Object Repository/ROLES/Create Role/Message Features/tickMark_MessageFeatures' located by 'By.xpath: //span[@class='pl-4 clearfix has-icon icon-group icon-group-success position-right']' is not present after '230' second(s)

2020-03-13 14:43:34 - [MESSAGE][WARNING] - Timeout '0' is invalid. Using default page load timeout: '230'

2020-03-13 14:43:35 - [MESSAGE][PASSED] - Web element with id: 'Object Repository/ROLES/Create Role/Message Features/tickMark_MessageFeatures' located by 'By.xpath: //span[@class='pl-4 clearfix has-icon icon-group icon-group-success position-right']' is not present after '230' second(s)

2020-03-13 14:43:35 - [TEST_STEP][PASSED] - verifyElementChecked(findTestObject("ROLES/Create Role/Message Features/Access_radioButton/Approval_No Access"), 230): Object 'Object Repository/ROLES/Create Role/Message Features/Access_radioButton/Approval_No Access' is checked

2020-03-13 14:43:35 - [MESSAGE][PASSED] - Object 'Object Repository/ROLES/Create Role/Message Features/Access_radioButton/Approval_No Access' is checked

2020-03-13 14:43:35 - [TEST_STEP][PASSED] - click(findTestObject("ROLES/Create Role/Message Features/Access_labels/Approval_Read Only")): Object: 'Object Repository/ROLES/Create Role/Message Features/Access_labels/Approval_Read Only' is clicked on

2020-03-13 14:43:35 - [MESSAGE][PASSED] - Object: 'Object Repository/ROLES/Create Role/Message Features/Access_labels/Approval_Read Only' is clicked on

2020-03-13 14:43:35 - [TEST_STEP][PASSED] - verifyElementNotChecked(findTestObject("ROLES/Create Role/Message Features/Access_radioButton/Approval_No Access"), 230): Object 'Object Repository/ROLES/Create Role/Message Features/Access_radioButton/Approval_No Access' is not checked

2020-03-13 14:43:36 - [MESSAGE][PASSED] - Object 'Object Repository/ROLES/Create Role/Message Features/Access_radioButton/Approval_No Access' is not checked

2020-03-13 14:43:36 - [TEST_STEP][PASSED] - verifyElementChecked(findTestObject("ROLES/Create Role/Message Features/Access_radioButton/Approval_Read Only"), 230): Object 'Object Repository/ROLES/Create Role/Message Features/Access_radioButton/Approval_Read Only' is checked

2020-03-13 14:43:36 - [MESSAGE][PASSED] - Object 'Object Repository/ROLES/Create Role/Message Features/Access_radioButton/Approval_Read Only' is checked

2020-03-13 14:43:36 - [TEST_STEP][PASSED] - verifyElementChecked(findTestObject("ROLES/Create Role/Message Features/Access_radioButton/Batch_No Access"), 230): Object 'Object Repository/ROLES/Create Role/Message Features/Access_radioButton/Batch_No Access' is checked

2020-03-13 14:43:36 - [MESSAGE][PASSED] - Object 'Object Repository/ROLES/Create Role/Message Features/Access_radioButton/Batch_No Access' is checked

2020-03-13 14:43:36 - [TEST_STEP][PASSED] - click(findTestObject("ROLES/Create Role/Message Features/Access_labels/Batch_Read Only")): Object: 'Object Repository/ROLES/Create Role/Message Features/Access_labels/Batch_Read Only' is clicked on

2020-03-13 14:43:37 - [MESSAGE][PASSED] - Object: 'Object Repository/ROLES/Create Role/Message Features/Access_labels/Batch_Read Only' is clicked on

2020-03-13 14:43:37 - [TEST_STEP][PASSED] - verifyElementNotChecked(findTestObject("ROLES/Create Role/Message Features/Access_radioButton/Batch_No Access"), 230): Object 'Object Repository/ROLES/Create Role/Message Features/Access_radioButton/Batch_No Access' is not checked

2020-03-13 14:43:37 - [MESSAGE][PASSED] - Object 'Object Repository/ROLES/Create Role/Message Features/Access_radioButton/Batch_No Access' is not checked

2020-03-13 14:43:37 - [TEST_STEP][PASSED] - verifyElementChecked(findTestObject("ROLES/Create Role/Message Features/Access_radioButton/Batch_Read Only"), 230): Object 'Object Repository/ROLES/Create Role/Message Features/Access_radioButton/Batch_Read Only' is checked

2020-03-13 14:43:37 - [MESSAGE][PASSED] - Object 'Object Repository/ROLES/Create Role/Message Features/Access_radioButton/Batch_Read Only' is checked

2020-03-13 14:43:37 - [TEST_STEP][PASSED] - verifyElementChecked(findTestObject("ROLES/Create Role/Message Features/Access_radioButton/Distributed_No Access"), 230): Object 'Object Repository/ROLES/Create Role/Message Features/Access_radioButton/Distributed_No Access' is checked

2020-03-13 14:43:38 - [MESSAGE][PASSED] - Object 'Object Repository/ROLES/Create Role/Message Features/Access_radioButton/Distributed_No Access' is checked

2020-03-13 14:43:38 - [TEST_STEP][PASSED] - click(findTestObject("ROLES/Create Role/Message Features/Access_labels/Distributed_Read Only")): Object: 'Object Repository/ROLES/Create Role/Message Features/Access_labels/Distributed_Read Only' is clicked on

2020-03-13 14:43:38 - [MESSAGE][PASSED] - Object: 'Object Repository/ROLES/Create Role/Message Features/Access_labels/Distributed_Read Only' is clicked on

2020-03-13 14:43:38 - [TEST_STEP][PASSED] - verifyElementNotChecked(findTestObject("ROLES/Create Role/Message Features/Access_radioButton/Distributed_No Access"), 230): Object 'Object Repository/ROLES/Create Role/Message Features/Access_radioButton/Distributed_No Access' is not checked

2020-03-13 14:43:39 - [MESSAGE][PASSED] - Object 'Object Repository/ROLES/Create Role/Message Features/Access_radioButton/Distributed_No Access' is not checked

2020-03-13 14:43:39 - [TEST_STEP][PASSED] - verifyElementChecked(findTestObject("ROLES/Create Role/Message Features/Access_radioButton/Distributed_Read Only"), 230): Object 'Object Repository/ROLES/Create Role/Message Features/Access_radioButton/Distributed_Read Only' is checked

2020-03-13 14:43:39 - [MESSAGE][PASSED] - Object 'Object Repository/ROLES/Create Role/Message Features/Access_radioButton/Distributed_Read Only' is checked

2020-03-13 14:43:39 - [TEST_STEP][PASSED] - verifyElementChecked(findTestObject("ROLES/Create Role/Message Features/Access_radioButton/Marketing_No Access"), 230): Object 'Object Repository/ROLES/Create Role/Message Features/Access_radioButton/Marketing_No Access' is checked

2020-03-13 14:43:39 - [MESSAGE][PASSED] - Object 'Object Repository/ROLES/Create Role/Message Features/Access_radioButton/Marketing_No Access' is checked

2020-03-13 14:43:39 - [TEST_STEP][PASSED] - click(findTestObject("ROLES/Create Role/Message Features/Access_labels/Marketing_Read Only")): Object: 'Object Repository/ROLES/Create Role/Message Features/Access_labels/Marketing_Read Only' is clicked on

2020-03-13 14:43:40 - [MESSAGE][PASSED] - Object: 'Object Repository/ROLES/Create Role/Message Features/Access_labels/Marketing_Read Only' is clicked on

2020-03-13 14:43:40 - [TEST_STEP][PASSED] - verifyElementNotChecked(findTestObject("ROLES/Create Role/Message Features/Access_radioButton/Marketing_No Access"), 230): Object 'Object Repository/ROLES/Create Role/Message Features/Access_radioButton/Marketing_No Access' is not checked

2020-03-13 14:43:40 - [MESSAGE][PASSED] - Object 'Object Repository/ROLES/Create Role/Message Features/Access_radioButton/Marketing_No Access' is not checked

2020-03-13 14:43:40 - [TEST_STEP][PASSED] - verifyElementChecked(findTestObject("ROLES/Create Role/Message Features/Access_radioButton/Marketing_Read Only"), 230): Object 'Object Repository/ROLES/Create Role/Message Features/Access_radioButton/Marketing_Read Only' is checked

2020-03-13 14:43:40 - [MESSAGE][PASSED] - Object 'Object Repository/ROLES/Create Role/Message Features/Access_radioButton/Marketing_Read Only' is checked

2020-03-13 14:43:40 - [TEST_STEP][PASSED] - verifyElementChecked(findTestObject("ROLES/Create Role/Message Features/Access_radioButton/Triggered_No Access"), 230): Object 'Object Repository/ROLES/Create Role/Message Features/Access_radioButton/Triggered_No Access' is checked

2020-03-13 14:43:41 - [MESSAGE][PASSED] - Object 'Object Repository/ROLES/Create Role/Message Features/Access_radioButton/Triggered_No Access' is checked

2020-03-13 14:43:41 - [TEST_STEP][PASSED] - click(findTestObject("ROLES/Create Role/Message Features/Access_labels/Triggered_Read Only")): Object: 'Object Repository/ROLES/Create Role/Message Features/Access_labels/Triggered_Read Only' is clicked on

2020-03-13 14:43:41 - [MESSAGE][PASSED] - Object: 'Object Repository/ROLES/Create Role/Message Features/Access_labels/Triggered_Read Only' is clicked on

2020-03-13 14:43:41 - [TEST_STEP][PASSED] - verifyElementNotChecked(findTestObject("ROLES/Create Role/Message Features/Access_radioButton/Triggered_No Access"), 230): Object 'Object Repository/ROLES/Create Role/Message Features/Access_radioButton/Triggered_No Access' is not checked

2020-03-13 14:43:41 - [MESSAGE][PASSED] - Object 'Object Repository/ROLES/Create Role/Message Features/Access_radioButton/Triggered_No Access' is not checked

2020-03-13 14:43:41 - [TEST_STEP][PASSED] - verifyElementChecked(findTestObject("ROLES/Create Role/Message Features/Access_radioButton/Triggered_Read Only"), 230): Object 'Object Repository/ROLES/Create Role/Message Features/Access_radioButton/Triggered_Read Only' is checked

2020-03-13 14:43:42 - [MESSAGE][PASSED] - Object 'Object Repository/ROLES/Create Role/Message Features/Access_radioButton/Triggered_Read Only' is checked

2020-03-13 14:43:42 - [TEST_STEP][PASSED] - click(findTestObject("ROLES/Create Role/Message Features/Access_labels/Approval_All Access")): Object: 'Object Repository/ROLES/Create Role/Message Features/Access_labels/Approval_All Access' is clicked on

2020-03-13 14:43:42 - [MESSAGE][PASSED] - Object: 'Object Repository/ROLES/Create Role/Message Features/Access_labels/Approval_All Access' is clicked on

2020-03-13 14:43:42 - [TEST_STEP][PASSED] - verifyElementNotChecked(findTestObject("ROLES/Create Role/Message Features/Access_radioButton/Approval_Read Only"), 230): Object 'Object Repository/ROLES/Create Role/Message Features/Access_radioButton/Approval_Read Only' is not checked

2020-03-13 14:43:43 - [MESSAGE][PASSED] - Object 'Object Repository/ROLES/Create Role/Message Features/Access_radioButton/Approval_Read Only' is not checked

2020-03-13 14:43:43 - [TEST_STEP][PASSED] - verifyElementChecked(findTestObject("ROLES/Create Role/Message Features/Access_radioButton/Approval_All Access"), 230): Object 'Object Repository/ROLES/Create Role/Message Features/Access_radioButton/Approval_All Access' is checked

2020-03-13 14:43:43 - [MESSAGE][PASSED] - Object 'Object Repository/ROLES/Create Role/Message Features/Access_radioButton/Approval_All Access' is checked

2020-03-13 14:43:43 - [TEST_STEP][PASSED] - click(findTestObject("ROLES/Create Role/Message Features/Access_labels/Batch_All Access")): Object: 'Object Repository/ROLES/Create Role/Message Features/Access_labels/Batch_All Access' is clicked on

2020-03-13 14:43:43 - [MESSAGE][PASSED] - Object: 'Object Repository/ROLES/Create Role/Message Features/Access_labels/Batch_All Access' is clicked on

2020-03-13 14:43:43 - [TEST_STEP][PASSED] - verifyElementNotChecked(findTestObject("ROLES/Create Role/Message Features/Access_radioButton/Batch_Read Only"), 230): Object 'Object Repository/ROLES/Create Role/Message Features/Access_radioButton/Batch_Read Only' is not checked

2020-03-13 14:43:44 - [MESSAGE][PASSED] - Object 'Object Repository/ROLES/Create Role/Message Features/Access_radioButton/Batch_Read Only' is not checked

2020-03-13 14:43:44 - [TEST_STEP][PASSED] - verifyElementChecked(findTestObject("ROLES/Create Role/Message Features/Access_radioButton/Batch_All Access"), 230): Object 'Object Repository/ROLES/Create Role/Message Features/Access_radioButton/Batch_All Access' is checked

2020-03-13 14:43:44 - [MESSAGE][PASSED] - Object 'Object Repository/ROLES/Create Role/Message Features/Access_radioButton/Batch_All Access' is checked

2020-03-13 14:43:44 - [TEST_STEP][PASSED] - click(findTestObject("ROLES/Create Role/Message Features/Access_labels/Distributed_All Access")): Object: 'Object Repository/ROLES/Create Role/Message Features/Access_labels/Distributed_All Access' is clicked on

2020-03-13 14:43:44 - [MESSAGE][PASSED] - Object: 'Object Repository/ROLES/Create Role/Message Features/Access_labels/Distributed_All Access' is clicked on

2020-03-13 14:43:44 - [TEST_STEP][PASSED] - verifyElementNotChecked(findTestObject("ROLES/Create Role/Message Features/Access_radioButton/Distributed_Read Only"), 230): Object 'Object Repository/ROLES/Create Role/Message Features/Access_radioButton/Distributed_Read Only' is not checked

2020-03-13 14:43:45 - [MESSAGE][PASSED] - Object 'Object Repository/ROLES/Create Role/Message Features/Access_radioButton/Distributed_Read Only' is not checked

2020-03-13 14:43:45 - [TEST_STEP][PASSED] - verifyElementChecked(findTestObject("ROLES/Create Role/Message Features/Access_radioButton/Distributed_All Access"), 230): Object 'Object Repository/ROLES/Create Role/Message Features/Access_radioButton/Distributed_All Access' is checked

2020-03-13 14:43:45 - [MESSAGE][PASSED] - Object 'Object Repository/ROLES/Create Role/Message Features/Access_radioButton/Distributed_All Access' is checked

2020-03-13 14:43:45 - [TEST_STEP][PASSED] - click(findTestObject("ROLES/Create Role/Message Features/Access_labels/Marketing_All Access")): Object: 'Object Repository/ROLES/Create Role/Message Features/Access_labels/Marketing_All Access' is clicked on

2020-03-13 14:43:45 - [MESSAGE][PASSED] - Object: 'Object Repository/ROLES/Create Role/Message Features/Access_labels/Marketing_All Access' is clicked on

2020-03-13 14:43:45 - [TEST_STEP][PASSED] - verifyElementNotChecked(findTestObject("ROLES/Create Role/Message Features/Access_radioButton/Marketing_Read Only"), 230): Object 'Object Repository/ROLES/Create Role/Message Features/Access_radioButton/Marketing_Read Only' is not checked

2020-03-13 14:43:46 - [MESSAGE][PASSED] - Object 'Object Repository/ROLES/Create Role/Message Features/Access_radioButton/Marketing_Read Only' is not checked

2020-03-13 14:43:46 - [TEST_STEP][PASSED] - verifyElementChecked(findTestObject("ROLES/Create Role/Message Features/Access_radioButton/Marketing_All Access"), 230): Object 'Object Repository/ROLES/Create Role/Message Features/Access_radioButton/Marketing_All Access' is checked

2020-03-13 14:43:46 - [MESSAGE][PASSED] - Object 'Object Repository/ROLES/Create Role/Message Features/Access_radioButton/Marketing_All Access' is checked

2020-03-13 14:43:46 - [TEST_STEP][PASSED] - click(findTestObject("ROLES/Create Role/Message Features/Access_labels/Triggered_All Access")): Object: 'Object Repository/ROLES/Create Role/Message Features/Access_labels/Triggered_All Access' is clicked on

2020-03-13 14:43:47 - [MESSAGE][PASSED] - Object: 'Object Repository/ROLES/Create Role/Message Features/Access_labels/Triggered_All Access' is clicked on

2020-03-13 14:43:47 - [TEST_STEP][PASSED] - verifyElementNotChecked(findTestObject("ROLES/Create Role/Message Features/Access_radioButton/Triggered_Read Only"), 230): Object 'Object Repository/ROLES/Create Role/Message Features/Access_radioButton/Triggered_Read Only' is not checked

2020-03-13 14:43:47 - [MESSAGE][PASSED] - Object 'Object Repository/ROLES/Create Role/Message Features/Access_radioButton/Triggered_Read Only' is not checked

2020-03-13 14:43:47 - [TEST_STEP][PASSED] - verifyElementChecked(findTestObject("ROLES/Create Role/Message Features/Access_radioButton/Triggered_All Access"), 230): Object 'Object Repository/ROLES/Create Role/Message Features/Access_radioButton/Triggered_All Access' is checked

2020-03-13 14:43:47 - [MESSAGE][PASSED] - Object 'Object Repository/ROLES/Create Role/Message Features/Access_radioButton/Triggered_All Access' is checked

2020-03-13 14:43:47 - [TEST_STEP][NOT_RUN] - verifyElementPresent(findTestObject("ROLES/Create Role/Message Features/tickMark_MessageFeatures"), 0): NOT_RUN: verifyElementPresent(findTestObject("ROLES/Create Role/Message Features/tickMark_MessageFeatures"), 0)

2020-03-13 14:43:47 - [MESSAGE][NOT_RUN] - NOT_RUN: verifyElementPresent(findTestObject("ROLES/Create Role/Message Features/tickMark_MessageFeatures"), 0)

2020-03-13 14:43:47 - [TEST_STEP][PASSED] - Start listener action : sampleAfterTestCase: null

2020-03-13 14:43:47 - [TEST_STEP][PASSED] - println(testCaseContext.getTestCaseId()): null

2020-03-13 14:43:47 - [TEST_STEP][PASSED] - println(testCaseContext.getTestCaseStatus()): null

2020-03-13 14:43:47 - [TEST_STEP][PASSED] - println("On Failure Method is Calling : " + testCaseContext.getTestCaseStatus()): null

2020-03-13 14:43:47 - [TEST_STEP][PASSED] - if (!(getTestCaseStatus().equalsIgnoreCase("PASSED"))): null]]></system-out>
         <system-err><![CDATA[]]></system-err>
      </testcase>
      <testcase name="Test Cases/Atlas Platform/Configuration Management/Platform Management/ROLES/Create Role/Validate presence of all the Elements in Creating Role/CR06 Verify Report Features tab in New Role page" time="15.068" classname="Test Cases/Atlas Platform/Configuration Management/Platform Management/ROLES/Create Role/Validate presence of all the Elements in Creating Role/CR06 Verify Report Features tab in New Role page" status="PASSED">
         <system-out><![CDATA[2020-03-13 14:43:49 - [TEST_CASE][PASSED] - Test Cases/Atlas Platform/Configuration Management/Platform Management/ROLES/Create Role/Validate presence of all the Elements in Creating Role/CR06 Verify Report Features tab in New Role page: Test Cases/Atlas Platform/Configuration Management/Platform Management/ROLES/Create Role/Validate presence of all the Elements in Creating Role/CR06 Verify Report Features tab in New Role page

2020-03-13 14:43:50 - [TEST_STEP][NOT_RUN] - callTestCase(findTestCase("Atlas Platform/Platform Navigation/Login/Default Logins/Default_Login_as_Root Admin"), ["Email":findTestData("AMP_Y").getValue(1, 1), "Password":findTestData("AMP_Y").getValue(2, 1), "dashboard_exp_title":""], CONTINUE_ON_FAILURE): NOT_RUN: callTestCase(findTestCase("Atlas Platform/Platform Navigation/Login/Default Logins/Default_Login_as_Root Admin"), ["Email":findTestData("AMP_Y").getValue(1, 1), "Password":findTestData("AMP_Y").getValue(2, 1), "dashboard_exp_title":""], CONTINUE_ON_FAILURE)

2020-03-13 14:43:50 - [MESSAGE][NOT_RUN] - NOT_RUN: callTestCase(findTestCase("Atlas Platform/Platform Navigation/Login/Default Logins/Default_Login_as_Root Admin"), ["Email":findTestData("AMP_Y").getValue(1, 1), "Password":findTestData("AMP_Y").getValue(2, 1), "dashboard_exp_title":""], CONTINUE_ON_FAILURE)

2020-03-13 14:43:50 - [TEST_STEP][NOT_RUN] - click(findTestObject("ROLES/Role_Navigation/a_ADMIN")): NOT_RUN: click(findTestObject("ROLES/Role_Navigation/a_ADMIN"))

2020-03-13 14:43:50 - [MESSAGE][NOT_RUN] - NOT_RUN: click(findTestObject("ROLES/Role_Navigation/a_ADMIN"))

2020-03-13 14:43:50 - [TEST_STEP][NOT_RUN] - click(findTestObject("ROLES/Roles_page/Create Role_button")): NOT_RUN: click(findTestObject("ROLES/Roles_page/Create Role_button"))

2020-03-13 14:43:50 - [MESSAGE][NOT_RUN] - NOT_RUN: click(findTestObject("ROLES/Roles_page/Create Role_button"))

2020-03-13 14:43:50 - [TEST_STEP][PASSED] - click(findTestObject("ROLES/Create Role/New Role_page/a_Report Features")): Object: 'Object Repository/ROLES/Create Role/New Role_page/a_Report Features' is clicked on

2020-03-13 14:43:50 - [MESSAGE][PASSED] - Object: 'Object Repository/ROLES/Create Role/New Role_page/a_Report Features' is clicked on

2020-03-13 14:43:50 - [TEST_STEP][PASSED] - verifyElementPresent(findTestObject("ROLES/Create Role/Report Features/h2_Report Features"), 230): Object 'Object Repository/ROLES/Create Role/Report Features/h2_Report Features' is present

2020-03-13 14:43:51 - [MESSAGE][PASSED] - Object 'Object Repository/ROLES/Create Role/Report Features/h2_Report Features' is present

2020-03-13 14:43:51 - [TEST_STEP][PASSED] - verifyElementPresent(findTestObject("ROLES/Create Role/Report Features/label_Report Section"), 230): Object 'Object Repository/ROLES/Create Role/Report Features/label_Report Section' is present

2020-03-13 14:43:51 - [MESSAGE][PASSED] - Object 'Object Repository/ROLES/Create Role/Report Features/label_Report Section' is present

2020-03-13 14:43:51 - [TEST_STEP][PASSED] - verifyElementPresent(findTestObject("ROLES/Create Role/Report Features/rb_All Access_reportSection"), 230): Object 'Object Repository/ROLES/Create Role/Report Features/rb_All Access_reportSection' is present

2020-03-13 14:43:51 - [MESSAGE][PASSED] - Object 'Object Repository/ROLES/Create Role/Report Features/rb_All Access_reportSection' is present

2020-03-13 14:43:51 - [TEST_STEP][PASSED] - verifyElementPresent(findTestObject("ROLES/Create Role/Report Features/rb_No Access_reportSection"), 230): Object 'Object Repository/ROLES/Create Role/Report Features/rb_No Access_reportSection' is present

2020-03-13 14:43:52 - [MESSAGE][PASSED] - Object 'Object Repository/ROLES/Create Role/Report Features/rb_No Access_reportSection' is present

2020-03-13 14:43:52 - [TEST_STEP][PASSED] - verifyElementChecked(findTestObject("ROLES/Create Role/Report Features/rb_No Access_reportSection"), 0): Object 'Object Repository/ROLES/Create Role/Report Features/rb_No Access_reportSection' is checked

2020-03-13 14:43:52 - [MESSAGE][WARNING] - Timeout '0' is invalid. Using default page load timeout: '230'

2020-03-13 14:43:52 - [MESSAGE][PASSED] - Object 'Object Repository/ROLES/Create Role/Report Features/rb_No Access_reportSection' is checked

2020-03-13 14:43:52 - [TEST_STEP][PASSED] - verifyElementPresent(findTestObject("ROLES/Create Role/Report Features/span_All Access"), 230): Object 'Object Repository/ROLES/Create Role/Report Features/span_All Access' is present

2020-03-13 14:43:52 - [MESSAGE][PASSED] - Object 'Object Repository/ROLES/Create Role/Report Features/span_All Access' is present

2020-03-13 14:43:52 - [TEST_STEP][PASSED] - verifyElementPresent(findTestObject("ROLES/Create Role/Report Features/span_No Access"), 230): Object 'Object Repository/ROLES/Create Role/Report Features/span_No Access' is present

2020-03-13 14:43:53 - [MESSAGE][PASSED] - Object 'Object Repository/ROLES/Create Role/Report Features/span_No Access' is present

2020-03-13 14:43:53 - [TEST_STEP][PASSED] - verifyElementPresent(findTestObject("ROLES/Create Role/Report Features/label_global"), 230): Object 'Object Repository/ROLES/Create Role/Report Features/label_global' is present

2020-03-13 14:43:53 - [MESSAGE][PASSED] - Object 'Object Repository/ROLES/Create Role/Report Features/label_global' is present

2020-03-13 14:43:53 - [TEST_STEP][PASSED] - verifyElementPresent(findTestObject("ROLES/Create Role/Report Features/rb_Global Recommendations_global"), 230): Object 'Object Repository/ROLES/Create Role/Report Features/rb_Global Recommendations_global' is present

2020-03-13 14:43:53 - [MESSAGE][PASSED] - Object 'Object Repository/ROLES/Create Role/Report Features/rb_Global Recommendations_global' is present

2020-03-13 14:43:53 - [TEST_STEP][PASSED] - verifyElementPresent(findTestObject("ROLES/Create Role/Report Features/rb_Roll Up Reporting"), 230): Object 'Object Repository/ROLES/Create Role/Report Features/rb_Roll Up Reporting' is present

2020-03-13 14:43:54 - [MESSAGE][PASSED] - Object 'Object Repository/ROLES/Create Role/Report Features/rb_Roll Up Reporting' is present

2020-03-13 14:43:54 - [TEST_STEP][PASSED] - verifyElementPresent(findTestObject("ROLES/Create Role/Report Features/span_Global Recommendations"), 230): Object 'Object Repository/ROLES/Create Role/Report Features/span_Global Recommendations' is present

2020-03-13 14:43:54 - [MESSAGE][PASSED] - Object 'Object Repository/ROLES/Create Role/Report Features/span_Global Recommendations' is present

2020-03-13 14:43:54 - [TEST_STEP][PASSED] - verifyElementPresent(findTestObject("ROLES/Create Role/Report Features/span_Roll Up Reporting"), 230): Object 'Object Repository/ROLES/Create Role/Report Features/span_Roll Up Reporting' is present

2020-03-13 14:43:54 - [MESSAGE][PASSED] - Object 'Object Repository/ROLES/Create Role/Report Features/span_Roll Up Reporting' is present

2020-03-13 14:43:54 - [TEST_STEP][PASSED] - verifyElementPresent(findTestObject("ROLES/Create Role/Report Features/label_Batch Messaging Report"), 230): Object 'Object Repository/ROLES/Create Role/Report Features/label_Batch Messaging Report' is present

2020-03-13 14:43:55 - [MESSAGE][PASSED] - Object 'Object Repository/ROLES/Create Role/Report Features/label_Batch Messaging Report' is present

2020-03-13 14:43:55 - [TEST_STEP][PASSED] - verifyElementPresent(findTestObject("ROLES/Create Role/Report Features/off_BMR"), 230): Object 'Object Repository/ROLES/Create Role/Report Features/off_BMR' is present

2020-03-13 14:43:55 - [MESSAGE][PASSED] - Object 'Object Repository/ROLES/Create Role/Report Features/off_BMR' is present

2020-03-13 14:43:55 - [TEST_STEP][PASSED] - verifyElementPresent(findTestObject("ROLES/Create Role/Report Features/On_BMR"), 230): Object 'Object Repository/ROLES/Create Role/Report Features/On_BMR' is present

2020-03-13 14:43:56 - [MESSAGE][PASSED] - Object 'Object Repository/ROLES/Create Role/Report Features/On_BMR' is present

2020-03-13 14:43:56 - [TEST_STEP][PASSED] - verifyElementAttributeValue(findTestObject("ROLES/Create Role/Report Features/batch_toggle"), "value", "false", 0): Object 'Object Repository/ROLES/Create Role/Report Features/batch_toggle' has attribute 'value' with value 'false'

2020-03-13 14:43:56 - [MESSAGE][WARNING] - Timeout '0' is invalid. Using default page load timeout: '230'

2020-03-13 14:43:56 - [MESSAGE][PASSED] - Object 'Object Repository/ROLES/Create Role/Report Features/batch_toggle' has attribute 'value' with value 'false'

2020-03-13 14:43:56 - [TEST_STEP][PASSED] - verifyElementPresent(findTestObject("ROLES/Create Role/Report Features/label_Distributed Marketing Reports"), 230): Object 'Object Repository/ROLES/Create Role/Report Features/label_Distributed Marketing Reports' is present

2020-03-13 14:43:56 - [MESSAGE][PASSED] - Object 'Object Repository/ROLES/Create Role/Report Features/label_Distributed Marketing Reports' is present

2020-03-13 14:43:56 - [TEST_STEP][PASSED] - verifyElementPresent(findTestObject("ROLES/Create Role/Report Features/off_DMR"), 230): Object 'Object Repository/ROLES/Create Role/Report Features/off_DMR' is present

2020-03-13 14:43:56 - [MESSAGE][PASSED] - Object 'Object Repository/ROLES/Create Role/Report Features/off_DMR' is present

2020-03-13 14:43:56 - [TEST_STEP][PASSED] - verifyElementPresent(findTestObject("ROLES/Create Role/Report Features/On_DMR"), 230): Object 'Object Repository/ROLES/Create Role/Report Features/On_DMR' is present

2020-03-13 14:43:57 - [MESSAGE][PASSED] - Object 'Object Repository/ROLES/Create Role/Report Features/On_DMR' is present

2020-03-13 14:43:57 - [TEST_STEP][PASSED] - verifyElementAttributeValue(findTestObject("ROLES/Create Role/Report Features/Distributed_toggle"), "value", "false", 0): Object 'Object Repository/ROLES/Create Role/Report Features/Distributed_toggle' has attribute 'value' with value 'false'

2020-03-13 14:43:57 - [MESSAGE][WARNING] - Timeout '0' is invalid. Using default page load timeout: '230'

2020-03-13 14:43:57 - [MESSAGE][PASSED] - Object 'Object Repository/ROLES/Create Role/Report Features/Distributed_toggle' has attribute 'value' with value 'false'

2020-03-13 14:43:57 - [TEST_STEP][PASSED] - verifyElementPresent(findTestObject("ROLES/Create Role/Report Features/label_Marketing Automation Reports"), 230): Object 'Object Repository/ROLES/Create Role/Report Features/label_Marketing Automation Reports' is present

2020-03-13 14:43:57 - [MESSAGE][PASSED] - Object 'Object Repository/ROLES/Create Role/Report Features/label_Marketing Automation Reports' is present

2020-03-13 14:43:57 - [TEST_STEP][PASSED] - verifyElementPresent(findTestObject("ROLES/Create Role/Report Features/off_MAR"), 230): Object 'Object Repository/ROLES/Create Role/Report Features/off_MAR' is present

2020-03-13 14:43:58 - [MESSAGE][PASSED] - Object 'Object Repository/ROLES/Create Role/Report Features/off_MAR' is present

2020-03-13 14:43:58 - [TEST_STEP][PASSED] - verifyElementPresent(findTestObject("ROLES/Create Role/Report Features/On_MAR"), 230): Object 'Object Repository/ROLES/Create Role/Report Features/On_MAR' is present

2020-03-13 14:43:58 - [MESSAGE][PASSED] - Object 'Object Repository/ROLES/Create Role/Report Features/On_MAR' is present

2020-03-13 14:43:58 - [TEST_STEP][PASSED] - verifyElementAttributeValue(findTestObject("ROLES/Create Role/Report Features/Marketing_toggle"), "value", "false", 0): Object 'Object Repository/ROLES/Create Role/Report Features/Marketing_toggle' has attribute 'value' with value 'false'

2020-03-13 14:43:58 - [MESSAGE][WARNING] - Timeout '0' is invalid. Using default page load timeout: '230'

2020-03-13 14:43:58 - [MESSAGE][PASSED] - Object 'Object Repository/ROLES/Create Role/Report Features/Marketing_toggle' has attribute 'value' with value 'false'

2020-03-13 14:43:58 - [TEST_STEP][PASSED] - verifyElementPresent(findTestObject("ROLES/Create Role/Report Features/label_Custom Reports"), 230): Object 'Object Repository/ROLES/Create Role/Report Features/label_Custom Reports' is present

2020-03-13 14:43:59 - [MESSAGE][PASSED] - Object 'Object Repository/ROLES/Create Role/Report Features/label_Custom Reports' is present

2020-03-13 14:43:59 - [TEST_STEP][PASSED] - verifyElementPresent(findTestObject("ROLES/Create Role/Report Features/off_CustomReports"), 230): Object 'Object Repository/ROLES/Create Role/Report Features/off_CustomReports' is present

2020-03-13 14:43:59 - [MESSAGE][PASSED] - Object 'Object Repository/ROLES/Create Role/Report Features/off_CustomReports' is present

2020-03-13 14:43:59 - [TEST_STEP][PASSED] - verifyElementPresent(findTestObject("ROLES/Create Role/Report Features/On_CustomReports"), 230): Object 'Object Repository/ROLES/Create Role/Report Features/On_CustomReports' is present

2020-03-13 14:43:59 - [MESSAGE][PASSED] - Object 'Object Repository/ROLES/Create Role/Report Features/On_CustomReports' is present

2020-03-13 14:43:59 - [TEST_STEP][PASSED] - verifyElementAttributeValue(findTestObject("ROLES/Create Role/Report Features/customReports_toggle"), "value", "true", 0): Object 'Object Repository/ROLES/Create Role/Report Features/customReports_toggle' has attribute 'value' with value 'true'

2020-03-13 14:43:59 - [MESSAGE][WARNING] - Timeout '0' is invalid. Using default page load timeout: '230'

2020-03-13 14:44:00 - [MESSAGE][PASSED] - Object 'Object Repository/ROLES/Create Role/Report Features/customReports_toggle' has attribute 'value' with value 'true'

2020-03-13 14:44:00 - [TEST_STEP][PASSED] - verifyElementPresent(findTestObject("ROLES/Create Role/Report Features/label_Channel Reports"), 230): Object 'Object Repository/ROLES/Create Role/Report Features/label_Channel Reports' is present

2020-03-13 14:44:00 - [MESSAGE][PASSED] - Object 'Object Repository/ROLES/Create Role/Report Features/label_Channel Reports' is present

2020-03-13 14:44:00 - [TEST_STEP][PASSED] - verifyElementPresent(findTestObject("ROLES/Create Role/Report Features/off_ChannelReports"), 230): Object 'Object Repository/ROLES/Create Role/Report Features/off_ChannelReports' is present

2020-03-13 14:44:00 - [MESSAGE][PASSED] - Object 'Object Repository/ROLES/Create Role/Report Features/off_ChannelReports' is present

2020-03-13 14:44:00 - [TEST_STEP][PASSED] - verifyElementPresent(findTestObject("ROLES/Create Role/Report Features/On_ChannelReports"), 230): Object 'Object Repository/ROLES/Create Role/Report Features/On_ChannelReports' is present

2020-03-13 14:44:01 - [MESSAGE][PASSED] - Object 'Object Repository/ROLES/Create Role/Report Features/On_ChannelReports' is present

2020-03-13 14:44:01 - [TEST_STEP][PASSED] - verifyElementAttributeValue(findTestObject("ROLES/Create Role/Report Features/Channel_toggle"), "value", "false", 0): Object 'Object Repository/ROLES/Create Role/Report Features/Channel_toggle' has attribute 'value' with value 'false'

2020-03-13 14:44:01 - [MESSAGE][WARNING] - Timeout '0' is invalid. Using default page load timeout: '230'

2020-03-13 14:44:01 - [MESSAGE][PASSED] - Object 'Object Repository/ROLES/Create Role/Report Features/Channel_toggle' has attribute 'value' with value 'false'

2020-03-13 14:44:01 - [TEST_STEP][PASSED] - verifyElementPresent(findTestObject("ROLES/Create Role/Report Features/label_KPI Reports"), 230): Object 'Object Repository/ROLES/Create Role/Report Features/label_KPI Reports' is present

2020-03-13 14:44:01 - [MESSAGE][PASSED] - Object 'Object Repository/ROLES/Create Role/Report Features/label_KPI Reports' is present

2020-03-13 14:44:01 - [TEST_STEP][PASSED] - verifyElementPresent(findTestObject("ROLES/Create Role/Report Features/off_KPI"), 230): Object 'Object Repository/ROLES/Create Role/Report Features/off_KPI' is present

2020-03-13 14:44:02 - [MESSAGE][PASSED] - Object 'Object Repository/ROLES/Create Role/Report Features/off_KPI' is present

2020-03-13 14:44:02 - [TEST_STEP][PASSED] - verifyElementPresent(findTestObject("ROLES/Create Role/Report Features/On_KPI"), 230): Object 'Object Repository/ROLES/Create Role/Report Features/On_KPI' is present

2020-03-13 14:44:02 - [MESSAGE][PASSED] - Object 'Object Repository/ROLES/Create Role/Report Features/On_KPI' is present

2020-03-13 14:44:02 - [TEST_STEP][PASSED] - verifyElementAttributeValue(findTestObject("ROLES/Create Role/Report Features/KPI_toggle"), "value", "false", 0): Object 'Object Repository/ROLES/Create Role/Report Features/KPI_toggle' has attribute 'value' with value 'false'

2020-03-13 14:44:02 - [MESSAGE][WARNING] - Timeout '0' is invalid. Using default page load timeout: '230'

2020-03-13 14:44:02 - [MESSAGE][PASSED] - Object 'Object Repository/ROLES/Create Role/Report Features/KPI_toggle' has attribute 'value' with value 'false'

2020-03-13 14:44:02 - [TEST_STEP][PASSED] - Start listener action : sampleAfterTestCase: null

2020-03-13 14:44:02 - [TEST_STEP][PASSED] - println(testCaseContext.getTestCaseId()): null

2020-03-13 14:44:02 - [TEST_STEP][PASSED] - println(testCaseContext.getTestCaseStatus()): null

2020-03-13 14:44:02 - [TEST_STEP][PASSED] - println("On Failure Method is Calling : " + testCaseContext.getTestCaseStatus()): null

2020-03-13 14:44:02 - [TEST_STEP][PASSED] - if (!(getTestCaseStatus().equalsIgnoreCase("PASSED"))): null]]></system-out>
         <system-err><![CDATA[]]></system-err>
      </testcase>
      <testcase name="Test Cases/Atlas Platform/Configuration Management/Platform Management/ROLES/Create Role/CR06 Validate Elements of Report Features Tab" time="16.325" classname="Test Cases/Atlas Platform/Configuration Management/Platform Management/ROLES/Create Role/CR06 Validate Elements of Report Features Tab" status="PASSED">
         <system-out><![CDATA[2020-03-13 14:44:04 - [TEST_CASE][PASSED] - Test Cases/Atlas Platform/Configuration Management/Platform Management/ROLES/Create Role/CR06 Validate Elements of Report Features Tab: Test Cases/Atlas Platform/Configuration Management/Platform Management/ROLES/Create Role/CR06 Validate Elements of Report Features Tab

2020-03-13 14:44:05 - [TEST_STEP][NOT_RUN] - callTestCase(findTestCase("Atlas Platform/Platform Navigation/Login/Default Logins/Default_Login_as_Root Admin"), ["Email":findTestData("AMP_Y").getValue(1, 1), "Password":findTestData("AMP_Y").getValue(2, 1), "dashboard_exp_title":""], CONTINUE_ON_FAILURE): NOT_RUN: callTestCase(findTestCase("Atlas Platform/Platform Navigation/Login/Default Logins/Default_Login_as_Root Admin"), ["Email":findTestData("AMP_Y").getValue(1, 1), "Password":findTestData("AMP_Y").getValue(2, 1), "dashboard_exp_title":""], CONTINUE_ON_FAILURE)

2020-03-13 14:44:05 - [MESSAGE][NOT_RUN] - NOT_RUN: callTestCase(findTestCase("Atlas Platform/Platform Navigation/Login/Default Logins/Default_Login_as_Root Admin"), ["Email":findTestData("AMP_Y").getValue(1, 1), "Password":findTestData("AMP_Y").getValue(2, 1), "dashboard_exp_title":""], CONTINUE_ON_FAILURE)

2020-03-13 14:44:05 - [TEST_STEP][NOT_RUN] - click(findTestObject("ROLES/Role_Navigation/a_ADMIN")): NOT_RUN: click(findTestObject("ROLES/Role_Navigation/a_ADMIN"))

2020-03-13 14:44:05 - [MESSAGE][NOT_RUN] - NOT_RUN: click(findTestObject("ROLES/Role_Navigation/a_ADMIN"))

2020-03-13 14:44:05 - [TEST_STEP][NOT_RUN] - click(findTestObject("ROLES/Roles_page/Create Role_button")): NOT_RUN: click(findTestObject("ROLES/Roles_page/Create Role_button"))

2020-03-13 14:44:05 - [MESSAGE][NOT_RUN] - NOT_RUN: click(findTestObject("ROLES/Roles_page/Create Role_button"))

2020-03-13 14:44:05 - [TEST_STEP][NOT_RUN] - click(findTestObject("ROLES/Create Role/New Role_page/a_Report Features")): NOT_RUN: click(findTestObject("ROLES/Create Role/New Role_page/a_Report Features"))

2020-03-13 14:44:05 - [MESSAGE][NOT_RUN] - NOT_RUN: click(findTestObject("ROLES/Create Role/New Role_page/a_Report Features"))

2020-03-13 14:44:05 - [TEST_STEP][PASSED] - verifyElementNotPresent(findTestObject("ROLES/Create Role/Report Features/tickMark_ReportFeatures"), 0): Web element with id: 'Object Repository/ROLES/Create Role/Report Features/tickMark_ReportFeatures' located by 'By.xpath: //span[@class='pl-4 clearfix has-icon icon-group icon-group-success position-right']' is not present after '230' second(s)

2020-03-13 14:44:05 - [MESSAGE][WARNING] - Timeout '0' is invalid. Using default page load timeout: '230'

2020-03-13 14:44:05 - [MESSAGE][PASSED] - Web element with id: 'Object Repository/ROLES/Create Role/Report Features/tickMark_ReportFeatures' located by 'By.xpath: //span[@class='pl-4 clearfix has-icon icon-group icon-group-success position-right']' is not present after '230' second(s)

2020-03-13 14:44:05 - [TEST_STEP][PASSED] - verifyElementChecked(findTestObject("ROLES/Create Role/Report Features/rb_No Access_reportSection"), 0): Object 'Object Repository/ROLES/Create Role/Report Features/rb_No Access_reportSection' is checked

2020-03-13 14:44:05 - [MESSAGE][WARNING] - Timeout '0' is invalid. Using default page load timeout: '230'

2020-03-13 14:44:05 - [MESSAGE][PASSED] - Object 'Object Repository/ROLES/Create Role/Report Features/rb_No Access_reportSection' is checked

2020-03-13 14:44:05 - [TEST_STEP][PASSED] - click(findTestObject("ROLES/Create Role/Report Features/span_All Access")): Object: 'Object Repository/ROLES/Create Role/Report Features/span_All Access' is clicked on

2020-03-13 14:44:06 - [MESSAGE][PASSED] - Object: 'Object Repository/ROLES/Create Role/Report Features/span_All Access' is clicked on

2020-03-13 14:44:06 - [TEST_STEP][PASSED] - verifyElementNotChecked(findTestObject("ROLES/Create Role/Report Features/rb_No Access_reportSection"), 0): Object 'Object Repository/ROLES/Create Role/Report Features/rb_No Access_reportSection' is not checked

2020-03-13 14:44:06 - [MESSAGE][WARNING] - Timeout '0' is invalid. Using default page load timeout: '230'

2020-03-13 14:44:06 - [MESSAGE][PASSED] - Object 'Object Repository/ROLES/Create Role/Report Features/rb_No Access_reportSection' is not checked

2020-03-13 14:44:06 - [TEST_STEP][PASSED] - verifyElementChecked(findTestObject("ROLES/Create Role/Report Features/rb_All Access_reportSection"), 0): Object 'Object Repository/ROLES/Create Role/Report Features/rb_All Access_reportSection' is checked

2020-03-13 14:44:06 - [MESSAGE][WARNING] - Timeout '0' is invalid. Using default page load timeout: '230'

2020-03-13 14:44:07 - [MESSAGE][PASSED] - Object 'Object Repository/ROLES/Create Role/Report Features/rb_All Access_reportSection' is checked

2020-03-13 14:44:07 - [TEST_STEP][PASSED] - verifyElementNotChecked(findTestObject("ROLES/Create Role/Report Features/rb_Global Recommendations_global"), 0): Object 'Object Repository/ROLES/Create Role/Report Features/rb_Global Recommendations_global' is not checked

2020-03-13 14:44:07 - [MESSAGE][WARNING] - Timeout '0' is invalid. Using default page load timeout: '230'

2020-03-13 14:44:07 - [MESSAGE][PASSED] - Object 'Object Repository/ROLES/Create Role/Report Features/rb_Global Recommendations_global' is not checked

2020-03-13 14:44:07 - [TEST_STEP][PASSED] - click(findTestObject("ROLES/Create Role/Report Features/span_Global Recommendations")): Object: 'Object Repository/ROLES/Create Role/Report Features/span_Global Recommendations' is clicked on

2020-03-13 14:44:07 - [MESSAGE][PASSED] - Object: 'Object Repository/ROLES/Create Role/Report Features/span_Global Recommendations' is clicked on

2020-03-13 14:44:07 - [TEST_STEP][PASSED] - verifyElementChecked(findTestObject("ROLES/Create Role/Report Features/rb_Global Recommendations_global"), 0): Object 'Object Repository/ROLES/Create Role/Report Features/rb_Global Recommendations_global' is checked

2020-03-13 14:44:08 - [MESSAGE][WARNING] - Timeout '0' is invalid. Using default page load timeout: '230'

2020-03-13 14:44:08 - [MESSAGE][PASSED] - Object 'Object Repository/ROLES/Create Role/Report Features/rb_Global Recommendations_global' is checked

2020-03-13 14:44:08 - [TEST_STEP][PASSED] - verifyElementNotChecked(findTestObject("ROLES/Create Role/Report Features/rb_Roll Up Reporting"), 0): Object 'Object Repository/ROLES/Create Role/Report Features/rb_Roll Up Reporting' is not checked

2020-03-13 14:44:08 - [MESSAGE][WARNING] - Timeout '0' is invalid. Using default page load timeout: '230'

2020-03-13 14:44:08 - [MESSAGE][PASSED] - Object 'Object Repository/ROLES/Create Role/Report Features/rb_Roll Up Reporting' is not checked

2020-03-13 14:44:08 - [TEST_STEP][PASSED] - click(findTestObject("ROLES/Create Role/Report Features/span_Roll Up Reporting")): Object: 'Object Repository/ROLES/Create Role/Report Features/span_Roll Up Reporting' is clicked on

2020-03-13 14:44:08 - [MESSAGE][PASSED] - Object: 'Object Repository/ROLES/Create Role/Report Features/span_Roll Up Reporting' is clicked on

2020-03-13 14:44:08 - [TEST_STEP][PASSED] - verifyElementChecked(findTestObject("ROLES/Create Role/Report Features/rb_Roll Up Reporting"), 0): Object 'Object Repository/ROLES/Create Role/Report Features/rb_Roll Up Reporting' is checked

2020-03-13 14:44:09 - [MESSAGE][WARNING] - Timeout '0' is invalid. Using default page load timeout: '230'

2020-03-13 14:44:09 - [MESSAGE][PASSED] - Object 'Object Repository/ROLES/Create Role/Report Features/rb_Roll Up Reporting' is checked

2020-03-13 14:44:09 - [TEST_STEP][PASSED] - verifyElementNotChecked(findTestObject("ROLES/Create Role/Report Features/rb_Global Recommendations_global"), 0): Object 'Object Repository/ROLES/Create Role/Report Features/rb_Global Recommendations_global' is not checked

2020-03-13 14:44:09 - [MESSAGE][WARNING] - Timeout '0' is invalid. Using default page load timeout: '230'

2020-03-13 14:44:09 - [MESSAGE][PASSED] - Object 'Object Repository/ROLES/Create Role/Report Features/rb_Global Recommendations_global' is not checked

2020-03-13 14:44:09 - [TEST_STEP][PASSED] - verifyElementAttributeValue(findTestObject("ROLES/Create Role/Report Features/batch_toggle"), "value", "false", 0): Object 'Object Repository/ROLES/Create Role/Report Features/batch_toggle' has attribute 'value' with value 'false'

2020-03-13 14:44:09 - [MESSAGE][WARNING] - Timeout '0' is invalid. Using default page load timeout: '230'

2020-03-13 14:44:09 - [MESSAGE][PASSED] - Object 'Object Repository/ROLES/Create Role/Report Features/batch_toggle' has attribute 'value' with value 'false'

2020-03-13 14:44:09 - [TEST_STEP][PASSED] - click(findTestObject("ROLES/Create Role/Report Features/off_BMR")): Object: 'Object Repository/ROLES/Create Role/Report Features/off_BMR' is clicked on

2020-03-13 14:44:10 - [MESSAGE][PASSED] - Object: 'Object Repository/ROLES/Create Role/Report Features/off_BMR' is clicked on

2020-03-13 14:44:10 - [TEST_STEP][PASSED] - verifyElementAttributeValue(findTestObject("ROLES/Create Role/Report Features/batch_toggle"), "value", "true", 0): Object 'Object Repository/ROLES/Create Role/Report Features/batch_toggle' has attribute 'value' with value 'true'

2020-03-13 14:44:10 - [MESSAGE][WARNING] - Timeout '0' is invalid. Using default page load timeout: '230'

2020-03-13 14:44:10 - [MESSAGE][PASSED] - Object 'Object Repository/ROLES/Create Role/Report Features/batch_toggle' has attribute 'value' with value 'true'

2020-03-13 14:44:10 - [TEST_STEP][PASSED] - verifyElementAttributeValue(findTestObject("ROLES/Create Role/Report Features/Distributed_toggle"), "value", "false", 0): Object 'Object Repository/ROLES/Create Role/Report Features/Distributed_toggle' has attribute 'value' with value 'false'

2020-03-13 14:44:10 - [MESSAGE][WARNING] - Timeout '0' is invalid. Using default page load timeout: '230'

2020-03-13 14:44:11 - [MESSAGE][PASSED] - Object 'Object Repository/ROLES/Create Role/Report Features/Distributed_toggle' has attribute 'value' with value 'false'

2020-03-13 14:44:11 - [TEST_STEP][PASSED] - click(findTestObject("ROLES/Create Role/Report Features/off_DMR")): Object: 'Object Repository/ROLES/Create Role/Report Features/off_DMR' is clicked on

2020-03-13 14:44:11 - [MESSAGE][PASSED] - Object: 'Object Repository/ROLES/Create Role/Report Features/off_DMR' is clicked on

2020-03-13 14:44:11 - [TEST_STEP][PASSED] - verifyElementAttributeValue(findTestObject("ROLES/Create Role/Report Features/Distributed_toggle"), "value", "true", 0): Object 'Object Repository/ROLES/Create Role/Report Features/Distributed_toggle' has attribute 'value' with value 'true'

2020-03-13 14:44:11 - [MESSAGE][WARNING] - Timeout '0' is invalid. Using default page load timeout: '230'

2020-03-13 14:44:11 - [MESSAGE][PASSED] - Object 'Object Repository/ROLES/Create Role/Report Features/Distributed_toggle' has attribute 'value' with value 'true'

2020-03-13 14:44:11 - [TEST_STEP][PASSED] - verifyElementAttributeValue(findTestObject("ROLES/Create Role/Report Features/Marketing_toggle"), "value", "false", 0): Object 'Object Repository/ROLES/Create Role/Report Features/Marketing_toggle' has attribute 'value' with value 'false'

2020-03-13 14:44:11 - [MESSAGE][WARNING] - Timeout '0' is invalid. Using default page load timeout: '230'

2020-03-13 14:44:12 - [MESSAGE][PASSED] - Object 'Object Repository/ROLES/Create Role/Report Features/Marketing_toggle' has attribute 'value' with value 'false'

2020-03-13 14:44:12 - [TEST_STEP][PASSED] - click(findTestObject("ROLES/Create Role/Report Features/off_MAR")): Object: 'Object Repository/ROLES/Create Role/Report Features/off_MAR' is clicked on

2020-03-13 14:44:12 - [MESSAGE][PASSED] - Object: 'Object Repository/ROLES/Create Role/Report Features/off_MAR' is clicked on

2020-03-13 14:44:12 - [TEST_STEP][PASSED] - verifyElementAttributeValue(findTestObject("ROLES/Create Role/Report Features/Marketing_toggle"), "value", "true", 0): Object 'Object Repository/ROLES/Create Role/Report Features/Marketing_toggle' has attribute 'value' with value 'true'

2020-03-13 14:44:12 - [MESSAGE][WARNING] - Timeout '0' is invalid. Using default page load timeout: '230'

2020-03-13 14:44:13 - [MESSAGE][PASSED] - Object 'Object Repository/ROLES/Create Role/Report Features/Marketing_toggle' has attribute 'value' with value 'true'

2020-03-13 14:44:13 - [TEST_STEP][PASSED] - verifyElementAttributeValue(findTestObject("ROLES/Create Role/Report Features/customReports_toggle"), "value", "true", 0): Object 'Object Repository/ROLES/Create Role/Report Features/customReports_toggle' has attribute 'value' with value 'true'

2020-03-13 14:44:13 - [MESSAGE][WARNING] - Timeout '0' is invalid. Using default page load timeout: '230'

2020-03-13 14:44:13 - [MESSAGE][PASSED] - Object 'Object Repository/ROLES/Create Role/Report Features/customReports_toggle' has attribute 'value' with value 'true'

2020-03-13 14:44:13 - [TEST_STEP][PASSED] - click(findTestObject("ROLES/Create Role/Report Features/On_CustomReports")): Object: 'Object Repository/ROLES/Create Role/Report Features/On_CustomReports' is clicked on

2020-03-13 14:44:13 - [MESSAGE][PASSED] - Object: 'Object Repository/ROLES/Create Role/Report Features/On_CustomReports' is clicked on

2020-03-13 14:44:13 - [TEST_STEP][PASSED] - verifyElementAttributeValue(findTestObject("ROLES/Create Role/Report Features/customReports_toggle"), "value", "false", 0): Object 'Object Repository/ROLES/Create Role/Report Features/customReports_toggle' has attribute 'value' with value 'false'

2020-03-13 14:44:13 - [MESSAGE][WARNING] - Timeout '0' is invalid. Using default page load timeout: '230'

2020-03-13 14:44:14 - [MESSAGE][PASSED] - Object 'Object Repository/ROLES/Create Role/Report Features/customReports_toggle' has attribute 'value' with value 'false'

2020-03-13 14:44:14 - [TEST_STEP][PASSED] - verifyElementAttributeValue(findTestObject("ROLES/Create Role/Report Features/Channel_toggle"), "value", "false", 0): Object 'Object Repository/ROLES/Create Role/Report Features/Channel_toggle' has attribute 'value' with value 'false'

2020-03-13 14:44:14 - [MESSAGE][WARNING] - Timeout '0' is invalid. Using default page load timeout: '230'

2020-03-13 14:44:14 - [MESSAGE][PASSED] - Object 'Object Repository/ROLES/Create Role/Report Features/Channel_toggle' has attribute 'value' with value 'false'

2020-03-13 14:44:14 - [TEST_STEP][PASSED] - click(findTestObject("ROLES/Create Role/Report Features/off_ChannelReports")): Object: 'Object Repository/ROLES/Create Role/Report Features/off_ChannelReports' is clicked on

2020-03-13 14:44:15 - [MESSAGE][PASSED] - Object: 'Object Repository/ROLES/Create Role/Report Features/off_ChannelReports' is clicked on

2020-03-13 14:44:15 - [TEST_STEP][PASSED] - verifyElementAttributeValue(findTestObject("ROLES/Create Role/Report Features/Channel_toggle"), "value", "true", 0): Object 'Object Repository/ROLES/Create Role/Report Features/Channel_toggle' has attribute 'value' with value 'true'

2020-03-13 14:44:15 - [MESSAGE][WARNING] - Timeout '0' is invalid. Using default page load timeout: '230'

2020-03-13 14:44:15 - [MESSAGE][PASSED] - Object 'Object Repository/ROLES/Create Role/Report Features/Channel_toggle' has attribute 'value' with value 'true'

2020-03-13 14:44:15 - [TEST_STEP][PASSED] - verifyElementAttributeValue(findTestObject("ROLES/Create Role/Report Features/KPI_toggle"), "value", "false", 0): Object 'Object Repository/ROLES/Create Role/Report Features/KPI_toggle' has attribute 'value' with value 'false'

2020-03-13 14:44:15 - [MESSAGE][WARNING] - Timeout '0' is invalid. Using default page load timeout: '230'

2020-03-13 14:44:15 - [MESSAGE][PASSED] - Object 'Object Repository/ROLES/Create Role/Report Features/KPI_toggle' has attribute 'value' with value 'false'

2020-03-13 14:44:15 - [TEST_STEP][PASSED] - click(findTestObject("ROLES/Create Role/Report Features/off_KPI")): Object: 'Object Repository/ROLES/Create Role/Report Features/off_KPI' is clicked on

2020-03-13 14:44:16 - [MESSAGE][PASSED] - Object: 'Object Repository/ROLES/Create Role/Report Features/off_KPI' is clicked on

2020-03-13 14:44:16 - [TEST_STEP][PASSED] - verifyElementAttributeValue(findTestObject("ROLES/Create Role/Report Features/KPI_toggle"), "value", "true", 0): Object 'Object Repository/ROLES/Create Role/Report Features/KPI_toggle' has attribute 'value' with value 'true'

2020-03-13 14:44:16 - [MESSAGE][WARNING] - Timeout '0' is invalid. Using default page load timeout: '230'

2020-03-13 14:44:16 - [MESSAGE][PASSED] - Object 'Object Repository/ROLES/Create Role/Report Features/KPI_toggle' has attribute 'value' with value 'true'

2020-03-13 14:44:16 - [TEST_STEP][NOT_RUN] - verifyElementPresent(findTestObject("ROLES/Create Role/Report Features/tickMark_ReportFeatures"), 0): NOT_RUN: verifyElementPresent(findTestObject("ROLES/Create Role/Report Features/tickMark_ReportFeatures"), 0)

2020-03-13 14:44:16 - [MESSAGE][NOT_RUN] - NOT_RUN: verifyElementPresent(findTestObject("ROLES/Create Role/Report Features/tickMark_ReportFeatures"), 0)

2020-03-13 14:44:16 - [TEST_STEP][PASSED] - click(findTestObject("ROLES/Create Role/New Role_page/div_Create")): Object: 'Object Repository/ROLES/Create Role/New Role_page/div_Create' is clicked on

2020-03-13 14:44:16 - [MESSAGE][PASSED] - Object: 'Object Repository/ROLES/Create Role/New Role_page/div_Create' is clicked on

2020-03-13 14:44:16 - [TEST_STEP][PASSED] - verifyElementPresent(findTestObject("ROLES/Roles_page/Role Manager"), 0): Object 'Object Repository/ROLES/Roles_page/Role Manager' is present

2020-03-13 14:44:16 - [MESSAGE][WARNING] - Timeout '0' is invalid. Using default page load timeout: '230'

2020-03-13 14:44:19 - [MESSAGE][PASSED] - Object 'Object Repository/ROLES/Roles_page/Role Manager' is present

2020-03-13 14:44:19 - [TEST_STEP][PASSED] - Start listener action : sampleAfterTestCase: null

2020-03-13 14:44:19 - [TEST_STEP][PASSED] - println(testCaseContext.getTestCaseId()): null

2020-03-13 14:44:19 - [TEST_STEP][PASSED] - println(testCaseContext.getTestCaseStatus()): null

2020-03-13 14:44:19 - [TEST_STEP][PASSED] - println("On Failure Method is Calling : " + testCaseContext.getTestCaseStatus()): null

2020-03-13 14:44:19 - [TEST_STEP][PASSED] - if (!(getTestCaseStatus().equalsIgnoreCase("PASSED"))): null]]></system-out>
         <system-err><![CDATA[]]></system-err>
      </testcase>
      <testcase name="Test Cases/Atlas Platform/Configuration Management/Platform Management/ROLES/Edit Role/ER01 Edit a Role by changing the Role Name" time="13.168" classname="Test Cases/Atlas Platform/Configuration Management/Platform Management/ROLES/Edit Role/ER01 Edit a Role by changing the Role Name" status="PASSED">
         <system-out><![CDATA[2020-03-13 14:44:21 - [TEST_CASE][PASSED] - Test Cases/Atlas Platform/Configuration Management/Platform Management/ROLES/Edit Role/ER01 Edit a Role by changing the Role Name: Test Cases/Atlas Platform/Configuration Management/Platform Management/ROLES/Edit Role/ER01 Edit a Role by changing the Role Name

2020-03-13 14:44:21 - [TEST_STEP][NOT_RUN] - callTestCase(findTestCase("Atlas Platform/Platform Navigation/Login/Default Logins/Default_Login_as_Root Admin"), ["Email":findTestData("AMP_Y").getValue(1, 1), "Password":findTestData("AMP_Y").getValue(2, 1), "dashboard_exp_title":""], CONTINUE_ON_FAILURE): NOT_RUN: callTestCase(findTestCase("Atlas Platform/Platform Navigation/Login/Default Logins/Default_Login_as_Root Admin"), ["Email":findTestData("AMP_Y").getValue(1, 1), "Password":findTestData("AMP_Y").getValue(2, 1), "dashboard_exp_title":""], CONTINUE_ON_FAILURE)

2020-03-13 14:44:21 - [MESSAGE][NOT_RUN] - NOT_RUN: callTestCase(findTestCase("Atlas Platform/Platform Navigation/Login/Default Logins/Default_Login_as_Root Admin"), ["Email":findTestData("AMP_Y").getValue(1, 1), "Password":findTestData("AMP_Y").getValue(2, 1), "dashboard_exp_title":""], CONTINUE_ON_FAILURE)

2020-03-13 14:44:21 - [TEST_STEP][NOT_RUN] - click(findTestObject("ROLES/Role_Navigation/a_ADMIN")): NOT_RUN: click(findTestObject("ROLES/Role_Navigation/a_ADMIN"))

2020-03-13 14:44:21 - [MESSAGE][NOT_RUN] - NOT_RUN: click(findTestObject("ROLES/Role_Navigation/a_ADMIN"))

2020-03-13 14:44:21 - [TEST_STEP][PASSED] - rolename = getText(findTestObject("ROLES/Edit Role/2nd Role name in grid")): Text of object 'Object Repository/ROLES/Edit Role/2nd Role name in grid' is: 'Role1 13-03-2020 14:40:33'

2020-03-13 14:44:21 - [MESSAGE][PASSED] - Text of object 'Object Repository/ROLES/Edit Role/2nd Role name in grid' is: 'Role1 13-03-2020 14:40:33'

2020-03-13 14:44:21 - [TEST_STEP][PASSED] - click(findTestObject("ROLES/Roles_page/Hamburger/button_hamburger")): Object: 'Object Repository/ROLES/Roles_page/Hamburger/button_hamburger' is clicked on

2020-03-13 14:44:22 - [MESSAGE][PASSED] - Object: 'Object Repository/ROLES/Roles_page/Hamburger/button_hamburger' is clicked on

2020-03-13 14:44:22 - [TEST_STEP][PASSED] - click(findTestObject("ROLES/Edit Role/edit_link")): Object: 'Object Repository/ROLES/Edit Role/edit_link' is clicked on

2020-03-13 14:44:22 - [MESSAGE][PASSED] - Object: 'Object Repository/ROLES/Edit Role/edit_link' is clicked on

2020-03-13 14:44:22 - [TEST_STEP][PASSED] - verifyElementHasAttribute(findTestObject("ROLES/Edit Role/save button"), findTestData("Roles").getValue(8, 2), 0): Object 'Object Repository/ROLES/Edit Role/save button' has attribute 'disabled'

2020-03-13 14:44:23 - [MESSAGE][WARNING] - Timeout '0' is invalid. Using default page load timeout: '230'

2020-03-13 14:44:24 - [MESSAGE][PASSED] - Object 'Object Repository/ROLES/Edit Role/save button' has attribute 'disabled'

2020-03-13 14:44:24 - [TEST_STEP][PASSED] - click(findTestObject("ROLES/Create Role/New Role_page/input_Role Name_name")): Object: 'Object Repository/ROLES/Create Role/New Role_page/input_Role Name_name' is clicked on

2020-03-13 14:44:25 - [MESSAGE][PASSED] - Object: 'Object Repository/ROLES/Create Role/New Role_page/input_Role Name_name' is clicked on

2020-03-13 14:44:25 - [TEST_STEP][PASSED] - click(findTestObject("ROLES/Create Role/New Role_page/Clear_button")): Object: 'Object Repository/ROLES/Create Role/New Role_page/Clear_button' is clicked on

2020-03-13 14:44:25 - [MESSAGE][PASSED] - Object: 'Object Repository/ROLES/Create Role/New Role_page/Clear_button' is clicked on

2020-03-13 14:44:25 - [TEST_STEP][PASSED] - verifyElementHasAttribute(findTestObject("ROLES/Edit Role/save button"), findTestData("Roles").getValue(8, 2), 0): Object 'Object Repository/ROLES/Edit Role/save button' has attribute 'disabled'

2020-03-13 14:44:25 - [MESSAGE][WARNING] - Timeout '0' is invalid. Using default page load timeout: '230'

2020-03-13 14:44:25 - [MESSAGE][PASSED] - Object 'Object Repository/ROLES/Edit Role/save button' has attribute 'disabled'

2020-03-13 14:44:25 - [TEST_STEP][PASSED] - sendKeys(findTestObject("ROLES/Edit Role/input_Role Name_name"), rolename): Keys 'Role1 13-03-2020 14:40:33' sent to object: 'Object Repository/ROLES/Edit Role/input_Role Name_name'

2020-03-13 14:44:27 - [MESSAGE][PASSED] - Keys 'Role1 13-03-2020 14:40:33' sent to object: 'Object Repository/ROLES/Edit Role/input_Role Name_name'

2020-03-13 14:44:27 - [TEST_STEP][PASSED] - click(findTestObject("ROLES/Edit Role/save button")): Object: 'Object Repository/ROLES/Edit Role/save button' is clicked on

2020-03-13 14:44:27 - [MESSAGE][PASSED] - Object: 'Object Repository/ROLES/Edit Role/save button' is clicked on

2020-03-13 14:44:27 - [TEST_STEP][PASSED] - click(findTestObject("ROLES/Edit Role/YesSave_button")): Object: 'Object Repository/ROLES/Edit Role/YesSave_button' is clicked on

2020-03-13 14:44:28 - [MESSAGE][PASSED] - Object: 'Object Repository/ROLES/Edit Role/YesSave_button' is clicked on

2020-03-13 14:44:28 - [TEST_STEP][PASSED] - ROLENAME1 = findTestData("Roles").getValue(3, 1): null

2020-03-13 14:44:28 - [TEST_STEP][PASSED] - click(findTestObject("ROLES/Create Role/New Role_page/input_Role Name_name")): Object: 'Object Repository/ROLES/Create Role/New Role_page/input_Role Name_name' is clicked on

2020-03-13 14:44:28 - [MESSAGE][PASSED] - Object: 'Object Repository/ROLES/Create Role/New Role_page/input_Role Name_name' is clicked on

2020-03-13 14:44:28 - [TEST_STEP][PASSED] - click(findTestObject("ROLES/Create Role/New Role_page/Clear_button")): Object: 'Object Repository/ROLES/Create Role/New Role_page/Clear_button' is clicked on

2020-03-13 14:44:29 - [MESSAGE][PASSED] - Object: 'Object Repository/ROLES/Create Role/New Role_page/Clear_button' is clicked on

2020-03-13 14:44:29 - [TEST_STEP][PASSED] - sendKeys(findTestObject("ROLES/Create Role/New Role_page/input_Role Name_name"), ROLENAME1): Keys 'Role1 13-03-2020 14:44:28' sent to object: 'Object Repository/ROLES/Create Role/New Role_page/input_Role Name_name'

2020-03-13 14:44:31 - [MESSAGE][PASSED] - Keys 'Role1 13-03-2020 14:44:28' sent to object: 'Object Repository/ROLES/Create Role/New Role_page/input_Role Name_name'

2020-03-13 14:44:31 - [TEST_STEP][PASSED] - verifyElementNotHasAttribute(findTestObject("ROLES/Edit Role/save button"), findTestData("Roles").getValue(8, 2), 0): Object 'Object Repository/ROLES/Edit Role/save button' does not have attribute 'disabled'

2020-03-13 14:44:31 - [MESSAGE][WARNING] - Timeout '0' is invalid. Using default page load timeout: '230'

2020-03-13 14:44:31 - [MESSAGE][PASSED] - Object 'Object Repository/ROLES/Edit Role/save button' does not have attribute 'disabled'

2020-03-13 14:44:31 - [TEST_STEP][PASSED] - click(findTestObject("ROLES/Edit Role/save button")): Object: 'Object Repository/ROLES/Edit Role/save button' is clicked on

2020-03-13 14:44:31 - [MESSAGE][PASSED] - Object: 'Object Repository/ROLES/Edit Role/save button' is clicked on

2020-03-13 14:44:31 - [TEST_STEP][PASSED] - click(findTestObject("ROLES/Edit Role/YesSave_button")): Object: 'Object Repository/ROLES/Edit Role/YesSave_button' is clicked on

2020-03-13 14:44:32 - [MESSAGE][PASSED] - Object: 'Object Repository/ROLES/Edit Role/YesSave_button' is clicked on

2020-03-13 14:44:32 - [TEST_STEP][PASSED] - Start listener action : sampleAfterTestCase: null

2020-03-13 14:44:32 - [TEST_STEP][PASSED] - println(testCaseContext.getTestCaseId()): null

2020-03-13 14:44:32 - [TEST_STEP][PASSED] - println(testCaseContext.getTestCaseStatus()): null

2020-03-13 14:44:32 - [TEST_STEP][PASSED] - println("On Failure Method is Calling : " + testCaseContext.getTestCaseStatus()): null

2020-03-13 14:44:32 - [TEST_STEP][PASSED] - if (!(getTestCaseStatus().equalsIgnoreCase("PASSED"))): null]]></system-out>
         <system-err><![CDATA[]]></system-err>
      </testcase>
      <testcase name="Test Cases/Atlas Platform/Configuration Management/Platform Management/ROLES/Edit Role/ER02 Edit a Role by changing the Role Description" time="18.089" classname="Test Cases/Atlas Platform/Configuration Management/Platform Management/ROLES/Edit Role/ER02 Edit a Role by changing the Role Description" status="PASSED">
         <system-out><![CDATA[2020-03-13 14:44:34 - [TEST_CASE][PASSED] - Test Cases/Atlas Platform/Configuration Management/Platform Management/ROLES/Edit Role/ER02 Edit a Role by changing the Role Description: Test Cases/Atlas Platform/Configuration Management/Platform Management/ROLES/Edit Role/ER02 Edit a Role by changing the Role Description

2020-03-13 14:44:34 - [TEST_STEP][NOT_RUN] - callTestCase(findTestCase("Atlas Platform/Platform Navigation/Login/Default Logins/Default_Login_as_Root Admin"), ["Email":findTestData("AMP_Y").getValue(1, 1), "Password":findTestData("AMP_Y").getValue(2, 1), "dashboard_exp_title":""], CONTINUE_ON_FAILURE): NOT_RUN: callTestCase(findTestCase("Atlas Platform/Platform Navigation/Login/Default Logins/Default_Login_as_Root Admin"), ["Email":findTestData("AMP_Y").getValue(1, 1), "Password":findTestData("AMP_Y").getValue(2, 1), "dashboard_exp_title":""], CONTINUE_ON_FAILURE)

2020-03-13 14:44:34 - [MESSAGE][NOT_RUN] - NOT_RUN: callTestCase(findTestCase("Atlas Platform/Platform Navigation/Login/Default Logins/Default_Login_as_Root Admin"), ["Email":findTestData("AMP_Y").getValue(1, 1), "Password":findTestData("AMP_Y").getValue(2, 1), "dashboard_exp_title":""], CONTINUE_ON_FAILURE)

2020-03-13 14:44:34 - [TEST_STEP][NOT_RUN] - click(findTestObject("ROLES/Role_Navigation/a_ADMIN")): NOT_RUN: click(findTestObject("ROLES/Role_Navigation/a_ADMIN"))

2020-03-13 14:44:34 - [MESSAGE][NOT_RUN] - NOT_RUN: click(findTestObject("ROLES/Role_Navigation/a_ADMIN"))

2020-03-13 14:44:34 - [TEST_STEP][PASSED] - click(findTestObject("ROLES/Roles_page/Hamburger/button_hamburger")): Object: 'Object Repository/ROLES/Roles_page/Hamburger/button_hamburger' is clicked on

2020-03-13 14:44:35 - [MESSAGE][PASSED] - Object: 'Object Repository/ROLES/Roles_page/Hamburger/button_hamburger' is clicked on

2020-03-13 14:44:35 - [TEST_STEP][PASSED] - click(findTestObject("ROLES/Edit Role/edit_link")): Object: 'Object Repository/ROLES/Edit Role/edit_link' is clicked on

2020-03-13 14:44:35 - [MESSAGE][PASSED] - Object: 'Object Repository/ROLES/Edit Role/edit_link' is clicked on

2020-03-13 14:44:35 - [TEST_STEP][PASSED] - verifyElementHasAttribute(findTestObject("ROLES/Edit Role/save button"), findTestData("Roles").getValue(8, 2), 0): Object 'Object Repository/ROLES/Edit Role/save button' has attribute 'disabled'

2020-03-13 14:44:35 - [MESSAGE][WARNING] - Timeout '0' is invalid. Using default page load timeout: '230'

2020-03-13 14:44:37 - [MESSAGE][PASSED] - Object 'Object Repository/ROLES/Edit Role/save button' has attribute 'disabled'

2020-03-13 14:44:37 - [TEST_STEP][PASSED] - ROLENAME1 = findTestData("Roles").getValue(3, 1): null

2020-03-13 14:44:37 - [TEST_STEP][PASSED] - sendKeys(findTestObject("ROLES/Create Role/New Role_page/input_Role Name_name"), ROLENAME1): Keys 'Role1 13-03-2020 14:44:37' sent to object: 'Object Repository/ROLES/Create Role/New Role_page/input_Role Name_name'

2020-03-13 14:44:38 - [MESSAGE][PASSED] - Keys 'Role1 13-03-2020 14:44:37' sent to object: 'Object Repository/ROLES/Create Role/New Role_page/input_Role Name_name'

2020-03-13 14:44:38 - [TEST_STEP][PASSED] - sendKeys(findTestObject("ROLES/Edit Role/edit role description"), findTestData("Roles").getValue(4, 1)): Keys 'Role Description' sent to object: 'Object Repository/ROLES/Edit Role/edit role description'

2020-03-13 14:44:39 - [MESSAGE][PASSED] - Keys 'Role Description' sent to object: 'Object Repository/ROLES/Edit Role/edit role description'

2020-03-13 14:44:39 - [TEST_STEP][PASSED] - verifyElementNotHasAttribute(findTestObject("ROLES/Edit Role/save button"), findTestData("Roles").getValue(8, 2), 0): Object 'Object Repository/ROLES/Edit Role/save button' does not have attribute 'disabled'

2020-03-13 14:44:39 - [MESSAGE][WARNING] - Timeout '0' is invalid. Using default page load timeout: '230'

2020-03-13 14:44:40 - [MESSAGE][PASSED] - Object 'Object Repository/ROLES/Edit Role/save button' does not have attribute 'disabled'

2020-03-13 14:44:40 - [TEST_STEP][PASSED] - click(findTestObject("ROLES/Edit Role/cancel button")): Object: 'Object Repository/ROLES/Edit Role/cancel button' is clicked on

2020-03-13 14:44:40 - [MESSAGE][PASSED] - Object: 'Object Repository/ROLES/Edit Role/cancel button' is clicked on

2020-03-13 14:44:40 - [TEST_STEP][PASSED] - verifyElementPresent(findTestObject("ROLES/Edit Role/cancelConfirmationtext1"), 0): Object 'Object Repository/ROLES/Edit Role/cancelConfirmationtext1' is present

2020-03-13 14:44:40 - [MESSAGE][WARNING] - Timeout '0' is invalid. Using default page load timeout: '230'

2020-03-13 14:44:41 - [MESSAGE][PASSED] - Object 'Object Repository/ROLES/Edit Role/cancelConfirmationtext1' is present

2020-03-13 14:44:41 - [TEST_STEP][PASSED] - verifyElementPresent(findTestObject("ROLES/Edit Role/cancelConfirmationtext2"), 0): Object 'Object Repository/ROLES/Edit Role/cancelConfirmationtext2' is present

2020-03-13 14:44:41 - [MESSAGE][WARNING] - Timeout '0' is invalid. Using default page load timeout: '230'

2020-03-13 14:44:41 - [MESSAGE][PASSED] - Object 'Object Repository/ROLES/Edit Role/cancelConfirmationtext2' is present

2020-03-13 14:44:41 - [TEST_STEP][PASSED] - verifyElementPresent(findTestObject("ROLES/Edit Role/NoStay_button"), 0): Object 'Object Repository/ROLES/Edit Role/NoStay_button' is present

2020-03-13 14:44:41 - [MESSAGE][WARNING] - Timeout '0' is invalid. Using default page load timeout: '230'

2020-03-13 14:44:41 - [MESSAGE][PASSED] - Object 'Object Repository/ROLES/Edit Role/NoStay_button' is present

2020-03-13 14:44:41 - [TEST_STEP][PASSED] - verifyElementPresent(findTestObject("ROLES/Edit Role/YesLeave_button"), 0): Object 'Object Repository/ROLES/Edit Role/YesLeave_button' is present

2020-03-13 14:44:41 - [MESSAGE][WARNING] - Timeout '0' is invalid. Using default page load timeout: '230'

2020-03-13 14:44:42 - [MESSAGE][PASSED] - Object 'Object Repository/ROLES/Edit Role/YesLeave_button' is present

2020-03-13 14:44:42 - [TEST_STEP][PASSED] - click(findTestObject("ROLES/Edit Role/NoStay_button")): Object: 'Object Repository/ROLES/Edit Role/NoStay_button' is clicked on

2020-03-13 14:44:42 - [MESSAGE][PASSED] - Object: 'Object Repository/ROLES/Edit Role/NoStay_button' is clicked on

2020-03-13 14:44:42 - [TEST_STEP][PASSED] - click(findTestObject("ROLES/Edit Role/cancel button")): Object: 'Object Repository/ROLES/Edit Role/cancel button' is clicked on

2020-03-13 14:44:43 - [MESSAGE][PASSED] - Object: 'Object Repository/ROLES/Edit Role/cancel button' is clicked on

2020-03-13 14:44:43 - [TEST_STEP][PASSED] - click(findTestObject("ROLES/Edit Role/YesLeave_button")): Object: 'Object Repository/ROLES/Edit Role/YesLeave_button' is clicked on

2020-03-13 14:44:43 - [MESSAGE][PASSED] - Object: 'Object Repository/ROLES/Edit Role/YesLeave_button' is clicked on

2020-03-13 14:44:43 - [TEST_STEP][PASSED] - click(findTestObject("ROLES/Roles_page/Hamburger/button_hamburger")): Object: 'Object Repository/ROLES/Roles_page/Hamburger/button_hamburger' is clicked on

2020-03-13 14:44:44 - [MESSAGE][PASSED] - Object: 'Object Repository/ROLES/Roles_page/Hamburger/button_hamburger' is clicked on

2020-03-13 14:44:44 - [TEST_STEP][PASSED] - click(findTestObject("ROLES/Edit Role/edit_link")): Object: 'Object Repository/ROLES/Edit Role/edit_link' is clicked on

2020-03-13 14:44:45 - [MESSAGE][PASSED] - Object: 'Object Repository/ROLES/Edit Role/edit_link' is clicked on

2020-03-13 14:44:45 - [TEST_STEP][PASSED] - sendKeys(findTestObject("ROLES/Edit Role/edit role description"), findTestData("Roles").getValue(4, 1)): Keys 'Role Description' sent to object: 'Object Repository/ROLES/Edit Role/edit role description'

2020-03-13 14:44:47 - [MESSAGE][PASSED] - Keys 'Role Description' sent to object: 'Object Repository/ROLES/Edit Role/edit role description'

2020-03-13 14:44:47 - [TEST_STEP][PASSED] - click(findTestObject("ROLES/Edit Role/save button")): Object: 'Object Repository/ROLES/Edit Role/save button' is clicked on

2020-03-13 14:44:47 - [MESSAGE][PASSED] - Object: 'Object Repository/ROLES/Edit Role/save button' is clicked on

2020-03-13 14:44:47 - [TEST_STEP][PASSED] - verifyElementPresent(findTestObject("ROLES/Edit Role/saveConfirmationtext1"), 0): Object 'Object Repository/ROLES/Edit Role/saveConfirmationtext1' is present

2020-03-13 14:44:47 - [MESSAGE][WARNING] - Timeout '0' is invalid. Using default page load timeout: '230'

2020-03-13 14:44:48 - [MESSAGE][PASSED] - Object 'Object Repository/ROLES/Edit Role/saveConfirmationtext1' is present

2020-03-13 14:44:48 - [TEST_STEP][PASSED] - verifyElementPresent(findTestObject("ROLES/Edit Role/saveConfirmationtext2"), 0): Object 'Object Repository/ROLES/Edit Role/saveConfirmationtext2' is present

2020-03-13 14:44:48 - [MESSAGE][WARNING] - Timeout '0' is invalid. Using default page load timeout: '230'

2020-03-13 14:44:48 - [MESSAGE][PASSED] - Object 'Object Repository/ROLES/Edit Role/saveConfirmationtext2' is present

2020-03-13 14:44:48 - [TEST_STEP][PASSED] - verifyElementPresent(findTestObject("ROLES/Edit Role/NoCancel_button"), 0): Object 'Object Repository/ROLES/Edit Role/NoCancel_button' is present

2020-03-13 14:44:48 - [MESSAGE][WARNING] - Timeout '0' is invalid. Using default page load timeout: '230'

2020-03-13 14:44:48 - [MESSAGE][PASSED] - Object 'Object Repository/ROLES/Edit Role/NoCancel_button' is present

2020-03-13 14:44:48 - [TEST_STEP][PASSED] - verifyElementPresent(findTestObject("ROLES/Edit Role/YesSave_button"), 0): Object 'Object Repository/ROLES/Edit Role/YesSave_button' is present

2020-03-13 14:44:48 - [MESSAGE][WARNING] - Timeout '0' is invalid. Using default page load timeout: '230'

2020-03-13 14:44:49 - [MESSAGE][PASSED] - Object 'Object Repository/ROLES/Edit Role/YesSave_button' is present

2020-03-13 14:44:49 - [TEST_STEP][PASSED] - click(findTestObject("ROLES/Edit Role/NoCancel_button")): Object: 'Object Repository/ROLES/Edit Role/NoCancel_button' is clicked on

2020-03-13 14:44:49 - [MESSAGE][PASSED] - Object: 'Object Repository/ROLES/Edit Role/NoCancel_button' is clicked on

2020-03-13 14:44:49 - [TEST_STEP][PASSED] - click(findTestObject("ROLES/Edit Role/save button")): Object: 'Object Repository/ROLES/Edit Role/save button' is clicked on

2020-03-13 14:44:49 - [MESSAGE][PASSED] - Object: 'Object Repository/ROLES/Edit Role/save button' is clicked on

2020-03-13 14:44:49 - [TEST_STEP][PASSED] - click(findTestObject("ROLES/Edit Role/YesSave_button")): Object: 'Object Repository/ROLES/Edit Role/YesSave_button' is clicked on

2020-03-13 14:44:50 - [MESSAGE][PASSED] - Object: 'Object Repository/ROLES/Edit Role/YesSave_button' is clicked on

2020-03-13 14:44:50 - [TEST_STEP][PASSED] - Start listener action : sampleAfterTestCase: null

2020-03-13 14:44:50 - [TEST_STEP][PASSED] - println(testCaseContext.getTestCaseId()): null

2020-03-13 14:44:50 - [TEST_STEP][PASSED] - println(testCaseContext.getTestCaseStatus()): null

2020-03-13 14:44:50 - [TEST_STEP][PASSED] - println("On Failure Method is Calling : " + testCaseContext.getTestCaseStatus()): null

2020-03-13 14:44:50 - [TEST_STEP][PASSED] - if (!(getTestCaseStatus().equalsIgnoreCase("PASSED"))): null]]></system-out>
         <system-err><![CDATA[]]></system-err>
      </testcase>
      <system-out><![CDATA[2020-03-13 14:31:30 - [TEST_SUITE][PASSED] - Roles: Test Cases/Atlas Platform/Configuration Management/Platform Management/ROLES/Edit Role/ER02 Edit a Role by changing the Role Description]]></system-out>
      <system-err><![CDATA[]]></system-err>
   </testsuite>
</testsuites>
