<?xml version="1.0" encoding="UTF-8"?>
<testsuites name="Login" time="24.191" tests="2" failures="0" errors="0">
   <testsuite name="Login" tests="2" failures="0" errors="0" time="24.191" timestamp="2020-02-18 23:28:29" hostname="Dell - DESKTOP-8FKLJ50" id="Test Suites/LOGIN/Login">
      <properties>
         <property name="deviceName" value=""/>
         <property name="devicePlatform" value=""/>
         <property name="logFolder" value="C:\\Users\\Dell\\git\\GSMProject\\Reports\\20200218_232755\\LOGIN\\Login\\20200218_232755"/>
         <property name="logFiles" value="C:\\Users\\Dell\\git\\GSMProject\\Reports\\20200218_232755\\LOGIN\\Login\\20200218_232755\\execution0.log"/>
         <property name="attachments" value=""/>
         <property name="hostName" value="Dell - DESKTOP-8FKLJ50"/>
         <property name="os" value="Windows 10 64bit"/>
         <property name="katalonVersion" value="7.2.1.1"/>
         <property name="browser" value="Firefox 72.0"/>
         <property name="hostAddress" value="10.0.75.1"/>
         <property name="sessionId" value="a9be0b92-6df9-4b2d-90ff-34034e73f221"/>
         <property name="seleniumVersion" value="3.141.59"/>
         <property name="proxyInformation" value="ProxyInformation{proxyOption=NO_PROXY, proxyServerType=HTTP, password=, proxyServerAddress=, proxyServerPort=0, executionList=}"/>
         <property name="platform" value="Windows 10"/>
      </properties>
      <testcase name="Test Cases/Atlas Platform/Platform Navigation/Login/Default Logins/Default_Login_as_Root Admin" time="19.889" classname="Test Cases/Atlas Platform/Platform Navigation/Login/Default Logins/Default_Login_as_Root Admin" status="PASSED">
         <system-out><![CDATA[2020-02-18 23:28:29 - [TEST_CASE][PASSED] - Test Cases/Atlas Platform/Platform Navigation/Login/Default Logins/Default_Login_as_Root Admin: Test Cases/Atlas Platform/Platform Navigation/Login/Default Logins/Default_Login_as_Root Admin

2020-02-18 23:28:32 - [TEST_STEP][PASSED] - openBrowser(""): Browser is opened with url: ''

2020-02-18 23:28:32 - [MESSAGE][INFO] - Starting 'Firefox' driver

2020-02-18 23:28:33 - [MESSAGE][INFO] - Action delay is set to 0 seconds

2020-02-18 23:28:41 - [MESSAGE][PASSED] - Browser is opened with url: ''

2020-02-18 23:28:41 - [TEST_STEP][NOT_RUN] - callTestCase(findTestCase("Atlas Platform/OnBoard/SwictherDBValidation/TC_100_ForSecurityURLSAcceptance"), [:], CONTINUE_ON_FAILURE): NOT_RUN: callTestCase(findTestCase("Atlas Platform/OnBoard/SwictherDBValidation/TC_100_ForSecurityURLSAcceptance"), [:], CONTINUE_ON_FAILURE)

2020-02-18 23:28:41 - [MESSAGE][NOT_RUN] - NOT_RUN: callTestCase(findTestCase("Atlas Platform/OnBoard/SwictherDBValidation/TC_100_ForSecurityURLSAcceptance"), [:], CONTINUE_ON_FAILURE)

2020-02-18 23:28:41 - [TEST_STEP][PASSED] - navigateToUrl("https://atlas-dev.gsm.auto/"): Navigate to 'https://atlas-dev.gsm.auto/' successfully

2020-02-18 23:28:44 - [MESSAGE][PASSED] - Navigate to 'https://atlas-dev.gsm.auto/' successfully

2020-02-18 23:28:44 - [TEST_STEP][PASSED] - setText(findTestObject("Login_Page/Page_/email address placeholder"), Email): Text 'Navaraj@totient.co.in' is set on object 'Object Repository/Login_Page/Page_/email address placeholder'

2020-02-18 23:28:45 - [MESSAGE][PASSED] - Text 'Navaraj@totient.co.in' is set on object 'Object Repository/Login_Page/Page_/email address placeholder'

2020-02-18 23:28:45 - [TEST_STEP][PASSED] - setText(findTestObject("Login_Page/Page_/Password placeholder"), Password): Text 'Totient@123' is set on object 'Object Repository/Login_Page/Page_/Password placeholder'

2020-02-18 23:28:46 - [MESSAGE][PASSED] - Text 'Totient@123' is set on object 'Object Repository/Login_Page/Page_/Password placeholder'

2020-02-18 23:28:46 - [TEST_STEP][PASSED] - click(findTestObject("Login_Page/Page_/Log In button")): Object: 'Object Repository/Login_Page/Page_/Log In button' is clicked on

2020-02-18 23:28:46 - [MESSAGE][PASSED] - Object: 'Object Repository/Login_Page/Page_/Log In button' is clicked on

2020-02-18 23:28:46 - [TEST_STEP][PASSED] - dashboard_act_title = getWindowTitle(): Current window's title is: ''

2020-02-18 23:28:47 - [MESSAGE][PASSED] - Current window's title is: ''

2020-02-18 23:28:47 - [TEST_STEP][PASSED] - verifyEqual(dashboard_act_title, dashboard_exp_title): Actual object '' and expected object '' are equal

2020-02-18 23:28:47 - [MESSAGE][PASSED] - Actual object '' and expected object '' are equal

2020-02-18 23:28:47 - [TEST_STEP][PASSED] - Start listener action : sampleAfterTestCase: null

2020-02-18 23:28:47 - [TEST_STEP][PASSED] - println(testCaseContext.getTestCaseId()): null

2020-02-18 23:28:47 - [TEST_STEP][PASSED] - println(testCaseContext.getTestCaseStatus()): null

2020-02-18 23:28:47 - [TEST_STEP][PASSED] - println("On Failure Method is Calling : " + testCaseContext.getTestCaseStatus()): null

2020-02-18 23:28:47 - [TEST_STEP][PASSED] - if (!(getTestCaseStatus().equalsIgnoreCase("PASSED"))): null]]></system-out>
         <system-err><![CDATA[]]></system-err>
      </testcase>
      <testcase name="Test Cases/Atlas Platform/Platform Navigation/Logout/Logout" time="3.649" classname="Test Cases/Atlas Platform/Platform Navigation/Logout/Logout" status="PASSED">
         <system-out><![CDATA[2020-02-18 23:28:49 - [TEST_CASE][PASSED] - Test Cases/Atlas Platform/Platform Navigation/Logout/Logout: Test Cases/Atlas Platform/Platform Navigation/Logout/Logout

2020-02-18 23:28:49 - [TEST_STEP][PASSED] - click(findTestObject("Logout/My Account")): Object: 'Object Repository/Logout/My Account' is clicked on

2020-02-18 23:28:50 - [MESSAGE][PASSED] - Object: 'Object Repository/Logout/My Account' is clicked on

2020-02-18 23:28:50 - [TEST_STEP][PASSED] - click(findTestObject("Logout/li_Log Out")): Object: 'Object Repository/Logout/li_Log Out' is clicked on

2020-02-18 23:28:51 - [MESSAGE][PASSED] - Object: 'Object Repository/Logout/li_Log Out' is clicked on

2020-02-18 23:28:51 - [TEST_STEP][PASSED] - Start listener action : sampleAfterTestCase: null

2020-02-18 23:28:51 - [TEST_STEP][PASSED] - println(testCaseContext.getTestCaseId()): null

2020-02-18 23:28:51 - [TEST_STEP][PASSED] - println(testCaseContext.getTestCaseStatus()): null

2020-02-18 23:28:51 - [TEST_STEP][PASSED] - println("On Failure Method is Calling : " + testCaseContext.getTestCaseStatus()): null

2020-02-18 23:28:51 - [TEST_STEP][PASSED] - if (!(getTestCaseStatus().equalsIgnoreCase("PASSED"))): null]]></system-out>
         <system-err><![CDATA[]]></system-err>
      </testcase>
      <system-out><![CDATA[2020-02-18 23:28:29 - [TEST_SUITE][PASSED] - Login: Test Cases/Atlas Platform/Platform Navigation/Logout/Logout]]></system-out>
      <system-err><![CDATA[]]></system-err>
   </testsuite>
</testsuites>
