<?xml version="1.0" encoding="UTF-8"?>
<testsuites name="Data Source" time="246.075" tests="12" failures="0" errors="0">
   <testsuite name="Data Source" tests="12" failures="0" errors="0" time="246.075" timestamp="2020-03-12 13:30:09" hostname="Dell - DESKTOP-8FKLJ50" id="Test Suites/AUDIENCE/Data Source">
      <properties>
         <property name="deviceName" value=""/>
         <property name="devicePlatform" value=""/>
         <property name="logFolder" value="C:\\Users\\Dell\\git\\AtlasPlatform_QA\\Reports\\20200312_132955\\AUDIENCE\\Data Source\\20200312_132955"/>
         <property name="logFiles" value="C:\\Users\\Dell\\git\\AtlasPlatform_QA\\Reports\\20200312_132955\\AUDIENCE\\Data Source\\20200312_132955\\execution0.log"/>
         <property name="attachments" value=""/>
         <property name="hostName" value="Dell - DESKTOP-8FKLJ50"/>
         <property name="os" value="Windows 10 64bit"/>
         <property name="katalonVersion" value="7.2.1.1"/>
         <property name="browser" value="Chrome 80.0.3987.132"/>
         <property name="dbServerInfo" value="MySQL 5.7.22-log"/>
         <property name="hostAddress" value="10.0.75.1"/>
         <property name="sessionId" value="7e134d6f2cc6d1473c5a175b3fb1778e"/>
         <property name="seleniumVersion" value="3.141.59"/>
         <property name="proxyInformation" value="ProxyInformation{proxyOption=NO_PROXY, proxyServerType=HTTP, password=, proxyServerAddress=, proxyServerPort=0, executionList=}"/>
         <property name="platform" value="Windows 10"/>
      </properties>
      <testcase name="Test Cases/Atlas Platform/Platform Navigation/Picker/TC_000_Common_Browser_WithLogin" time="37.051" classname="Test Cases/Atlas Platform/Platform Navigation/Picker/TC_000_Common_Browser_WithLogin" status="PASSED">
         <system-out><![CDATA[2020-03-12 13:30:10 - [TEST_CASE][PASSED] - Test Cases/Atlas Platform/Platform Navigation/Picker/TC_000_Common_Browser_WithLogin: Test Cases/Atlas Platform/Platform Navigation/Picker/TC_000_Common_Browser_WithLogin

2020-03-12 13:30:11 - [TEST_STEP][PASSED] - callTestCase(findTestCase("Atlas Platform/Platform Navigation/Login/LoginWithRootAdmin"), [:], STOP_ON_FAILURE): Call Test Case 'Test Cases/Atlas Platform/Platform Navigation/Login/LoginWithRootAdmin' successfully

2020-03-12 13:30:11 - [TEST_CASE][PASSED] - Test Cases/Atlas Platform/Platform Navigation/Login/LoginWithRootAdmin: Test Cases/Atlas Platform/Platform Navigation/Login/LoginWithRootAdmin

2020-03-12 13:30:12 - [TEST_STEP][PASSED] - openBrowser(""): Browser is opened with url: ''

2020-03-12 13:30:12 - [MESSAGE][INFO] - Starting 'Chrome' driver

2020-03-12 13:30:13 - [MESSAGE][INFO] - User set preference: ['args', '[--start-maximized, --disable-web-security, --no-proxy-server]']

2020-03-12 13:30:13 - [MESSAGE][INFO] - User set preference: ['prefs', '{credentials_enable_service=false, profile.password_manager_enabled=false}']

2020-03-12 13:30:13 - [MESSAGE][INFO] - Action delay is set to 0 seconds

2020-03-12 13:30:22 - [MESSAGE][PASSED] - Browser is opened with url: ''

2020-03-12 13:30:22 - [TEST_STEP][NOT_RUN] - callTestCase(findTestCase("Atlas Platform/Platform Navigation/Login/Default Logins/TC_100_ForSecurityURLSAcceptance"), [:], CONTINUE_ON_FAILURE): NOT_RUN: callTestCase(findTestCase("Atlas Platform/Platform Navigation/Login/Default Logins/TC_100_ForSecurityURLSAcceptance"), [:], CONTINUE_ON_FAILURE)

2020-03-12 13:30:22 - [MESSAGE][NOT_RUN] - NOT_RUN: callTestCase(findTestCase("Atlas Platform/Platform Navigation/Login/Default Logins/TC_100_ForSecurityURLSAcceptance"), [:], CONTINUE_ON_FAILURE)

2020-03-12 13:30:22 - [TEST_STEP][PASSED] - navigateToUrl("https://atlas-dev.gsm.auto/"): Navigate to 'https://atlas-dev.gsm.auto/' successfully

2020-03-12 13:30:35 - [MESSAGE][PASSED] - Navigate to 'https://atlas-dev.gsm.auto/' successfully

2020-03-12 13:30:35 - [TEST_STEP][PASSED] - setText(findTestObject("Object Repository/LoginPage/loginpageemailtxtbox"), user_Email): Text 'navaraj@totient.co.in' is set on object 'Object Repository/LoginPage/loginpageemailtxtbox'

2020-03-12 13:30:37 - [MESSAGE][PASSED] - Text 'navaraj@totient.co.in' is set on object 'Object Repository/LoginPage/loginpageemailtxtbox'

2020-03-12 13:30:37 - [TEST_STEP][PASSED] - setText(findTestObject("Object Repository/LoginPage/loginpaepasswordtxtbox"), user_Password): Text 'Totient@123' is set on object 'Object Repository/LoginPage/loginpaepasswordtxtbox'

2020-03-12 13:30:37 - [MESSAGE][PASSED] - Text 'Totient@123' is set on object 'Object Repository/LoginPage/loginpaepasswordtxtbox'

2020-03-12 13:30:37 - [TEST_STEP][PASSED] - click(findTestObject("LoginPage/loginpageloginbtn")): Object: 'Object Repository/LoginPage/loginpageloginbtn' is clicked on

2020-03-12 13:30:38 - [MESSAGE][PASSED] - Object: 'Object Repository/LoginPage/loginpageloginbtn' is clicked on

2020-03-12 13:30:38 - [TEST_STEP][PASSED] - conn = com.katalon.plugin.keyword.connection.DatabaseKeywords.getGlobalConnection(): com.katalon.plugin.keyword.connection.DatabaseKeywords.getGlobalConnection is PASSED

2020-03-12 13:30:43 - [MESSAGE][PASSED] - com.katalon.plugin.keyword.connection.DatabaseKeywords.getGlobalConnection is PASSED

2020-03-12 13:30:43 - [TEST_STEP][PASSED] - resultValues1 = com.katalon.plugin.keyword.connection.DatabaseKeywords.executeQuery(conn, "SELECT * FROM atlas_config.user WHERE email ="" + user_Email + "";"): com.katalon.plugin.keyword.connection.DatabaseKeywords.executeQuery is PASSED

2020-03-12 13:30:44 - [MESSAGE][PASSED] - com.katalon.plugin.keyword.connection.DatabaseKeywords.executeQuery is PASSED

2020-03-12 13:30:44 - [TEST_STEP][PASSED] - println(com.katalon.plugin.keyword.connection.ResultSetKeywords.getSingleCellValue(resultValues1, 1, "user_id")): com.katalon.plugin.keyword.connection.ResultSetKeywords.getSingleCellValue is PASSED

2020-03-12 13:30:44 - [MESSAGE][PASSED] - com.katalon.plugin.keyword.connection.ResultSetKeywords.getSingleCellValue is PASSED

2020-03-12 13:30:44 - [TEST_STEP][PASSED] - user_id = com.katalon.plugin.keyword.connection.ResultSetKeywords.getSingleCellValue(resultValues1, 1, "user_id"): com.katalon.plugin.keyword.connection.ResultSetKeywords.getSingleCellValue is PASSED

2020-03-12 13:30:44 - [MESSAGE][PASSED] - com.katalon.plugin.keyword.connection.ResultSetKeywords.getSingleCellValue is PASSED

2020-03-12 13:30:45 - [TEST_STEP][PASSED] - println("User ID Variable value is : " + user_id): null

2020-03-12 13:30:45 - [MESSAGE][PASSED] - Call Test Case 'Test Cases/Atlas Platform/Platform Navigation/Login/LoginWithRootAdmin' successfully

2020-03-12 13:30:45 - [TEST_STEP][PASSED] - Start listener action : sampleAfterTestCase: null

2020-03-12 13:30:45 - [TEST_STEP][PASSED] - println(testCaseContext.getTestCaseId()): null

2020-03-12 13:30:45 - [TEST_STEP][PASSED] - println(testCaseContext.getTestCaseStatus()): null

2020-03-12 13:30:45 - [TEST_STEP][PASSED] - println("On Failure Method is Calling : " + testCaseContext.getTestCaseStatus()): null

2020-03-12 13:30:45 - [TEST_STEP][PASSED] - if (!(getTestCaseStatus().equalsIgnoreCase("PASSED"))): null]]></system-out>
         <system-err><![CDATA[]]></system-err>
      </testcase>
      <testcase name="Test Cases/Atlas Platform/Data Management/Data Listing/TC_001_Verify_Audience_Total_Count" time="10.13" classname="Test Cases/Atlas Platform/Data Management/Data Listing/TC_001_Verify_Audience_Total_Count" status="PASSED">
         <system-out><![CDATA[2020-03-12 13:30:47 - [TEST_CASE][PASSED] - Test Cases/Atlas Platform/Data Management/Data Listing/TC_001_Verify_Audience_Total_Count: Test Cases/Atlas Platform/Data Management/Data Listing/TC_001_Verify_Audience_Total_Count

2020-03-12 13:30:47 - [TEST_STEP][NOT_RUN] - callTestCase(findTestCase("Atlas Platform/Platform Navigation/Login/LoginWithRootAdmin"), ["user_Email":"navaraj@totient.co.in", "user_Password":"Totient@123"], CONTINUE_ON_FAILURE): NOT_RUN: callTestCase(findTestCase("Atlas Platform/Platform Navigation/Login/LoginWithRootAdmin"), ["user_Email":"navaraj@totient.co.in", "user_Password":"Totient@123"], CONTINUE_ON_FAILURE)

2020-03-12 13:30:47 - [MESSAGE][NOT_RUN] - NOT_RUN: callTestCase(findTestCase("Atlas Platform/Platform Navigation/Login/LoginWithRootAdmin"), ["user_Email":"navaraj@totient.co.in", "user_Password":"Totient@123"], CONTINUE_ON_FAILURE)

2020-03-12 13:30:47 - [TEST_STEP][PASSED] - click(findTestObject("HeaderMenus/audiencemenu")): Object: 'Object Repository/HeaderMenus/audiencemenu' is clicked on

2020-03-12 13:30:48 - [MESSAGE][PASSED] - Object: 'Object Repository/HeaderMenus/audiencemenu' is clicked on

2020-03-12 13:30:48 - [TEST_STEP][PASSED] - click(findTestObject("Login_Page/Dashboard/Data Sub-Navigation/div_Data Source")): Object: 'Object Repository/Login_Page/Dashboard/Data Sub-Navigation/div_Data Source' is clicked on

2020-03-12 13:30:51 - [MESSAGE][PASSED] - Object: 'Object Repository/Login_Page/Dashboard/Data Sub-Navigation/div_Data Source' is clicked on

2020-03-12 13:30:51 - [TEST_STEP][PASSED] - totalText = getText(findTestObject("Object Repository/AUDIENCE/Data Source/total_count")): Text of object 'Object Repository/AUDIENCE/Data Source/total_count' is: '(13)'

2020-03-12 13:30:51 - [MESSAGE][PASSED] - Text of object 'Object Repository/AUDIENCE/Data Source/total_count' is: '(13)'

2020-03-12 13:30:51 - [TEST_STEP][PASSED] - println(totalText): null

2020-03-12 13:30:51 - [TEST_STEP][PASSED] - total = Integer.parseInt(replace(")", "").trim()): null

2020-03-12 13:30:51 - [TEST_STEP][PASSED] - elements = findWebElements(findTestObject("AUDIENCE/Data Source/column1_values"), 0): Timeout '0' is invalid. Using default page load timeout: '230'

2020-03-12 13:30:51 - [MESSAGE][WARNING] - Timeout '0' is invalid. Using default page load timeout: '230'

2020-03-12 13:30:52 - [TEST_STEP][PASSED] - pageValueCount = elements.size(): null

2020-03-12 13:30:52 - [TEST_STEP][PASSED] - if (total > 10): null

2020-03-12 13:30:52 - [TEST_STEP][PASSED] - while (total != pageValueCount): null

2020-03-12 13:30:52 - [TEST_STEP][PASSED] - click(findTestObject("AUDIENCE/Data Source/next")): Object: 'Object Repository/AUDIENCE/Data Source/next' is clicked on

2020-03-12 13:30:52 - [MESSAGE][PASSED] - Object: 'Object Repository/AUDIENCE/Data Source/next' is clicked on

2020-03-12 13:30:52 - [TEST_STEP][PASSED] - elements = findWebElements(findTestObject("AUDIENCE/Data Source/column1_values"), 0): Timeout '0' is invalid. Using default page load timeout: '230'

2020-03-12 13:30:52 - [MESSAGE][WARNING] - Timeout '0' is invalid. Using default page load timeout: '230'

2020-03-12 13:30:55 - [TEST_STEP][PASSED] - pageValueCount += elements.size(): null

2020-03-12 13:30:55 - [TEST_STEP][PASSED] - verifyEqual(total, pageValueCount): Actual object '13' and expected object '13' are equal

2020-03-12 13:30:55 - [MESSAGE][PASSED] - Actual object '13' and expected object '13' are equal

2020-03-12 13:30:55 - [TEST_STEP][PASSED] - Start listener action : sampleAfterTestCase: null

2020-03-12 13:30:55 - [TEST_STEP][PASSED] - println(testCaseContext.getTestCaseId()): null

2020-03-12 13:30:55 - [TEST_STEP][PASSED] - println(testCaseContext.getTestCaseStatus()): null

2020-03-12 13:30:55 - [TEST_STEP][PASSED] - println("On Failure Method is Calling : " + testCaseContext.getTestCaseStatus()): null

2020-03-12 13:30:55 - [TEST_STEP][PASSED] - if (!(getTestCaseStatus().equalsIgnoreCase("PASSED"))): null]]></system-out>
         <system-err><![CDATA[]]></system-err>
      </testcase>
      <testcase name="Test Cases/Atlas Platform/Data Management/Data Listing/TC_002_Validate_Active_Filter_WithCount" time="14.873" classname="Test Cases/Atlas Platform/Data Management/Data Listing/TC_002_Validate_Active_Filter_WithCount" status="PASSED">
         <system-out><![CDATA[2020-03-12 13:30:57 - [TEST_CASE][PASSED] - Test Cases/Atlas Platform/Data Management/Data Listing/TC_002_Validate_Active_Filter_WithCount: Test Cases/Atlas Platform/Data Management/Data Listing/TC_002_Validate_Active_Filter_WithCount

2020-03-12 13:30:57 - [TEST_STEP][NOT_RUN] - callTestCase(findTestCase("Atlas Platform/Platform Navigation/Login/LoginWithRootAdmin"), ["user_Email":"navaraj@totient.co.in", "user_Password":"Totient@123"], CONTINUE_ON_FAILURE): NOT_RUN: callTestCase(findTestCase("Atlas Platform/Platform Navigation/Login/LoginWithRootAdmin"), ["user_Email":"navaraj@totient.co.in", "user_Password":"Totient@123"], CONTINUE_ON_FAILURE)

2020-03-12 13:30:57 - [MESSAGE][NOT_RUN] - NOT_RUN: callTestCase(findTestCase("Atlas Platform/Platform Navigation/Login/LoginWithRootAdmin"), ["user_Email":"navaraj@totient.co.in", "user_Password":"Totient@123"], CONTINUE_ON_FAILURE)

2020-03-12 13:30:57 - [TEST_STEP][PASSED] - click(findTestObject("HeaderMenus/audiencemenu")): Object: 'Object Repository/HeaderMenus/audiencemenu' is clicked on

2020-03-12 13:30:58 - [MESSAGE][PASSED] - Object: 'Object Repository/HeaderMenus/audiencemenu' is clicked on

2020-03-12 13:30:58 - [TEST_STEP][PASSED] - refresh(): Refresh successfully

2020-03-12 13:31:01 - [MESSAGE][PASSED] - Refresh successfully

2020-03-12 13:31:01 - [TEST_STEP][PASSED] - click(findTestObject("Login_Page/Dashboard/Data Sub-Navigation/div_Data Source")): Object: 'Object Repository/Login_Page/Dashboard/Data Sub-Navigation/div_Data Source' is clicked on

2020-03-12 13:31:02 - [MESSAGE][PASSED] - Object: 'Object Repository/Login_Page/Dashboard/Data Sub-Navigation/div_Data Source' is clicked on

2020-03-12 13:31:02 - [TEST_STEP][PASSED] - beforefilterapplytot = getText(findTestObject("Object Repository/AUDIENCE/Data Source/total_count")): Text of object 'Object Repository/AUDIENCE/Data Source/total_count' is: '(13)'

2020-03-12 13:31:02 - [MESSAGE][PASSED] - Text of object 'Object Repository/AUDIENCE/Data Source/total_count' is: '(13)'

2020-03-12 13:31:02 - [TEST_STEP][PASSED] - beforetotal = Integer.parseInt(replace(")", "").trim()): null

2020-03-12 13:31:02 - [TEST_STEP][PASSED] - click(findTestObject("Object Repository/AUDIENCE/Data Source/filter")): Object: 'Object Repository/AUDIENCE/Data Source/filter' is clicked on

2020-03-12 13:31:03 - [MESSAGE][PASSED] - Object: 'Object Repository/AUDIENCE/Data Source/filter' is clicked on

2020-03-12 13:31:03 - [TEST_STEP][PASSED] - click(findTestObject("Object Repository/AUDIENCE/Data Source/active")): Object: 'Object Repository/AUDIENCE/Data Source/active' is clicked on

2020-03-12 13:31:03 - [MESSAGE][PASSED] - Object: 'Object Repository/AUDIENCE/Data Source/active' is clicked on

2020-03-12 13:31:03 - [TEST_STEP][PASSED] - click(findTestObject("Object Repository/AUDIENCE/Data Source/apply_btn")): Object: 'Object Repository/AUDIENCE/Data Source/apply_btn' is clicked on

2020-03-12 13:31:04 - [MESSAGE][PASSED] - Object: 'Object Repository/AUDIENCE/Data Source/apply_btn' is clicked on

2020-03-12 13:31:04 - [TEST_STEP][PASSED] - delay(3): Delayed 3 second(s)

2020-03-12 13:31:07 - [MESSAGE][PASSED] - Delayed 3 second(s)

2020-03-12 13:31:07 - [TEST_STEP][PASSED] - verifyElementText(findTestObject("Object Repository/AUDIENCE/Data Source/active_text_filtered"), "Active"): Actual text and expected text of test object 'Object Repository/AUDIENCE/Data Source/active_text_filtered' are matched.

2020-03-12 13:31:07 - [MESSAGE][PASSED] - Actual text and expected text of test object 'Object Repository/AUDIENCE/Data Source/active_text_filtered' are matched.

2020-03-12 13:31:07 - [TEST_STEP][PASSED] - totalText = getText(findTestObject("Object Repository/AUDIENCE/Data Source/matchingRecord_count")): Text of object 'Object Repository/AUDIENCE/Data Source/matchingRecord_count' is: '9 Results Matching'

2020-03-12 13:31:08 - [MESSAGE][PASSED] - Text of object 'Object Repository/AUDIENCE/Data Source/matchingRecord_count' is: '9 Results Matching'

2020-03-12 13:31:08 - [TEST_STEP][PASSED] - total = Integer.parseInt(split(" ")[0].trim()): null

2020-03-12 13:31:08 - [TEST_STEP][PASSED] - elements = findWebElements(findTestObject("AUDIENCE/Data Source/column1_values"), 0): Timeout '0' is invalid. Using default page load timeout: '230'

2020-03-12 13:31:08 - [MESSAGE][WARNING] - Timeout '0' is invalid. Using default page load timeout: '230'

2020-03-12 13:31:08 - [TEST_STEP][PASSED] - pageValueCount = elements.size(): null

2020-03-12 13:31:08 - [TEST_STEP][PASSED] - if (total > 10): null

2020-03-12 13:31:08 - [TEST_STEP][PASSED] - verifyEqual(total, pageValueCount): Actual object '9' and expected object '9' are equal

2020-03-12 13:31:08 - [MESSAGE][PASSED] - Actual object '9' and expected object '9' are equal

2020-03-12 13:31:08 - [TEST_STEP][PASSED] - click(findTestObject("AUDIENCE/Data Source/active_close_icon")): Object: 'Object Repository/AUDIENCE/Data Source/active_close_icon' is clicked on

2020-03-12 13:31:09 - [MESSAGE][PASSED] - Object: 'Object Repository/AUDIENCE/Data Source/active_close_icon' is clicked on

2020-03-12 13:31:09 - [TEST_STEP][PASSED] - afterfilterapplytot = getText(findTestObject("Object Repository/AUDIENCE/Data Source/total_count")): Text of object 'Object Repository/AUDIENCE/Data Source/total_count' is: '(13)'

2020-03-12 13:31:10 - [MESSAGE][PASSED] - Text of object 'Object Repository/AUDIENCE/Data Source/total_count' is: '(13)'

2020-03-12 13:31:10 - [TEST_STEP][PASSED] - aftertotal = Integer.parseInt(replace(")", "").trim()): null

2020-03-12 13:31:10 - [TEST_STEP][PASSED] - verifyEqual(aftertotal, beforetotal): Actual object '13' and expected object '13' are equal

2020-03-12 13:31:10 - [MESSAGE][PASSED] - Actual object '13' and expected object '13' are equal

2020-03-12 13:31:10 - [TEST_STEP][PASSED] - Start listener action : sampleAfterTestCase: null

2020-03-12 13:31:10 - [TEST_STEP][PASSED] - println(testCaseContext.getTestCaseId()): null

2020-03-12 13:31:10 - [TEST_STEP][PASSED] - println(testCaseContext.getTestCaseStatus()): null

2020-03-12 13:31:10 - [TEST_STEP][PASSED] - println("On Failure Method is Calling : " + testCaseContext.getTestCaseStatus()): null

2020-03-12 13:31:10 - [TEST_STEP][PASSED] - if (!(getTestCaseStatus().equalsIgnoreCase("PASSED"))): null]]></system-out>
         <system-err><![CDATA[]]></system-err>
      </testcase>
      <testcase name="Test Cases/Atlas Platform/Data Management/Data Listing/TC_003_Validate_Archive_Filter_WithCount" time="14.719" classname="Test Cases/Atlas Platform/Data Management/Data Listing/TC_003_Validate_Archive_Filter_WithCount" status="PASSED">
         <system-out><![CDATA[2020-03-12 13:31:12 - [TEST_CASE][PASSED] - Test Cases/Atlas Platform/Data Management/Data Listing/TC_003_Validate_Archive_Filter_WithCount: Test Cases/Atlas Platform/Data Management/Data Listing/TC_003_Validate_Archive_Filter_WithCount

2020-03-12 13:31:12 - [TEST_STEP][NOT_RUN] - callTestCase(findTestCase("Atlas Platform/Platform Navigation/Login/LoginWithRootAdmin"), ["user_Email":"navaraj@totient.co.in", "user_Password":"Totient@123"], CONTINUE_ON_FAILURE): NOT_RUN: callTestCase(findTestCase("Atlas Platform/Platform Navigation/Login/LoginWithRootAdmin"), ["user_Email":"navaraj@totient.co.in", "user_Password":"Totient@123"], CONTINUE_ON_FAILURE)

2020-03-12 13:31:12 - [MESSAGE][NOT_RUN] - NOT_RUN: callTestCase(findTestCase("Atlas Platform/Platform Navigation/Login/LoginWithRootAdmin"), ["user_Email":"navaraj@totient.co.in", "user_Password":"Totient@123"], CONTINUE_ON_FAILURE)

2020-03-12 13:31:12 - [TEST_STEP][PASSED] - click(findTestObject("HeaderMenus/audiencemenu")): Object: 'Object Repository/HeaderMenus/audiencemenu' is clicked on

2020-03-12 13:31:13 - [MESSAGE][PASSED] - Object: 'Object Repository/HeaderMenus/audiencemenu' is clicked on

2020-03-12 13:31:13 - [TEST_STEP][PASSED] - refresh(): Refresh successfully

2020-03-12 13:31:16 - [MESSAGE][PASSED] - Refresh successfully

2020-03-12 13:31:16 - [TEST_STEP][PASSED] - click(findTestObject("Login_Page/Dashboard/Data Sub-Navigation/div_Data Source")): Object: 'Object Repository/Login_Page/Dashboard/Data Sub-Navigation/div_Data Source' is clicked on

2020-03-12 13:31:16 - [MESSAGE][PASSED] - Object: 'Object Repository/Login_Page/Dashboard/Data Sub-Navigation/div_Data Source' is clicked on

2020-03-12 13:31:16 - [TEST_STEP][PASSED] - beforefilterapplytot = getText(findTestObject("Object Repository/AUDIENCE/Data Source/total_count")): Text of object 'Object Repository/AUDIENCE/Data Source/total_count' is: '(13)'

2020-03-12 13:31:17 - [MESSAGE][PASSED] - Text of object 'Object Repository/AUDIENCE/Data Source/total_count' is: '(13)'

2020-03-12 13:31:17 - [TEST_STEP][PASSED] - beforetotal = Integer.parseInt(replace(")", "").trim()): null

2020-03-12 13:31:17 - [TEST_STEP][PASSED] - click(findTestObject("Object Repository/AUDIENCE/Data Source/filter")): Object: 'Object Repository/AUDIENCE/Data Source/filter' is clicked on

2020-03-12 13:31:17 - [MESSAGE][PASSED] - Object: 'Object Repository/AUDIENCE/Data Source/filter' is clicked on

2020-03-12 13:31:17 - [TEST_STEP][PASSED] - click(findTestObject("AUDIENCE/Data Source/archived")): Object: 'Object Repository/AUDIENCE/Data Source/archived' is clicked on

2020-03-12 13:31:18 - [MESSAGE][PASSED] - Object: 'Object Repository/AUDIENCE/Data Source/archived' is clicked on

2020-03-12 13:31:18 - [TEST_STEP][PASSED] - click(findTestObject("Object Repository/AUDIENCE/Data Source/apply_btn")): Object: 'Object Repository/AUDIENCE/Data Source/apply_btn' is clicked on

2020-03-12 13:31:18 - [MESSAGE][PASSED] - Object: 'Object Repository/AUDIENCE/Data Source/apply_btn' is clicked on

2020-03-12 13:31:18 - [TEST_STEP][PASSED] - delay(3): Delayed 3 second(s)

2020-03-12 13:31:21 - [MESSAGE][PASSED] - Delayed 3 second(s)

2020-03-12 13:31:21 - [TEST_STEP][PASSED] - verifyElementText(findTestObject("AUDIENCE/Data Source/archive_text_filtered"), "Archived"): Actual text and expected text of test object 'Object Repository/AUDIENCE/Data Source/archive_text_filtered' are matched.

2020-03-12 13:31:22 - [MESSAGE][PASSED] - Actual text and expected text of test object 'Object Repository/AUDIENCE/Data Source/archive_text_filtered' are matched.

2020-03-12 13:31:22 - [TEST_STEP][PASSED] - totalText = getText(findTestObject("Object Repository/AUDIENCE/Data Source/matchingRecord_count")): Text of object 'Object Repository/AUDIENCE/Data Source/matchingRecord_count' is: '4 Results Matching'

2020-03-12 13:31:22 - [MESSAGE][PASSED] - Text of object 'Object Repository/AUDIENCE/Data Source/matchingRecord_count' is: '4 Results Matching'

2020-03-12 13:31:22 - [TEST_STEP][PASSED] - total = Integer.parseInt(split(" ")[0].trim()): null

2020-03-12 13:31:22 - [TEST_STEP][PASSED] - elements = findWebElements(findTestObject("AUDIENCE/Data Source/column1_values"), 0): Timeout '0' is invalid. Using default page load timeout: '230'

2020-03-12 13:31:22 - [MESSAGE][WARNING] - Timeout '0' is invalid. Using default page load timeout: '230'

2020-03-12 13:31:22 - [TEST_STEP][PASSED] - pageValueCount = elements.size(): null

2020-03-12 13:31:22 - [TEST_STEP][PASSED] - if (total > 10): null

2020-03-12 13:31:22 - [TEST_STEP][PASSED] - verifyEqual(total, pageValueCount): Actual object '4' and expected object '4' are equal

2020-03-12 13:31:22 - [MESSAGE][PASSED] - Actual object '4' and expected object '4' are equal

2020-03-12 13:31:23 - [TEST_STEP][PASSED] - click(findTestObject("AUDIENCE/Data Source/archive_close_icon")): Object: 'Object Repository/AUDIENCE/Data Source/archive_close_icon' is clicked on

2020-03-12 13:31:23 - [MESSAGE][PASSED] - Object: 'Object Repository/AUDIENCE/Data Source/archive_close_icon' is clicked on

2020-03-12 13:31:23 - [TEST_STEP][PASSED] - afterfilterapplytot = getText(findTestObject("Object Repository/AUDIENCE/Data Source/total_count")): Text of object 'Object Repository/AUDIENCE/Data Source/total_count' is: '(13)'

2020-03-12 13:31:24 - [MESSAGE][PASSED] - Text of object 'Object Repository/AUDIENCE/Data Source/total_count' is: '(13)'

2020-03-12 13:31:24 - [TEST_STEP][PASSED] - aftertotal = Integer.parseInt(replace(")", "").trim()): null

2020-03-12 13:31:24 - [TEST_STEP][PASSED] - verifyEqual(aftertotal, beforetotal): Actual object '13' and expected object '13' are equal

2020-03-12 13:31:24 - [MESSAGE][PASSED] - Actual object '13' and expected object '13' are equal

2020-03-12 13:31:24 - [TEST_STEP][PASSED] - Start listener action : sampleAfterTestCase: null

2020-03-12 13:31:24 - [TEST_STEP][PASSED] - println(testCaseContext.getTestCaseId()): null

2020-03-12 13:31:24 - [TEST_STEP][PASSED] - println(testCaseContext.getTestCaseStatus()): null

2020-03-12 13:31:24 - [TEST_STEP][PASSED] - println("On Failure Method is Calling : " + testCaseContext.getTestCaseStatus()): null

2020-03-12 13:31:24 - [TEST_STEP][PASSED] - if (!(getTestCaseStatus().equalsIgnoreCase("PASSED"))): null]]></system-out>
         <system-err><![CDATA[]]></system-err>
      </testcase>
      <testcase name="Test Cases/Atlas Platform/Data Management/Data Listing/TC_004_Validate_Search_Box_Valid_Text_With_Count" time="13.639" classname="Test Cases/Atlas Platform/Data Management/Data Listing/TC_004_Validate_Search_Box_Valid_Text_With_Count" status="PASSED">
         <system-out><![CDATA[2020-03-12 13:31:26 - [TEST_CASE][PASSED] - Test Cases/Atlas Platform/Data Management/Data Listing/TC_004_Validate_Search_Box_Valid_Text_With_Count: Test Cases/Atlas Platform/Data Management/Data Listing/TC_004_Validate_Search_Box_Valid_Text_With_Count

2020-03-12 13:31:27 - [TEST_STEP][NOT_RUN] - callTestCase(findTestCase("Atlas Platform/Platform Navigation/Login/LoginWithRootAdmin"), ["user_Email":"navaraj@totient.co.in", "user_Password":"Totient@123"], CONTINUE_ON_FAILURE): NOT_RUN: callTestCase(findTestCase("Atlas Platform/Platform Navigation/Login/LoginWithRootAdmin"), ["user_Email":"navaraj@totient.co.in", "user_Password":"Totient@123"], CONTINUE_ON_FAILURE)

2020-03-12 13:31:27 - [MESSAGE][NOT_RUN] - NOT_RUN: callTestCase(findTestCase("Atlas Platform/Platform Navigation/Login/LoginWithRootAdmin"), ["user_Email":"navaraj@totient.co.in", "user_Password":"Totient@123"], CONTINUE_ON_FAILURE)

2020-03-12 13:31:27 - [TEST_STEP][PASSED] - click(findTestObject("HeaderMenus/audiencemenu")): Object: 'Object Repository/HeaderMenus/audiencemenu' is clicked on

2020-03-12 13:31:27 - [MESSAGE][PASSED] - Object: 'Object Repository/HeaderMenus/audiencemenu' is clicked on

2020-03-12 13:31:27 - [TEST_STEP][PASSED] - refresh(): Refresh successfully

2020-03-12 13:31:30 - [MESSAGE][PASSED] - Refresh successfully

2020-03-12 13:31:30 - [TEST_STEP][PASSED] - click(findTestObject("Login_Page/Dashboard/Data Sub-Navigation/div_Data Source")): Object: 'Object Repository/Login_Page/Dashboard/Data Sub-Navigation/div_Data Source' is clicked on

2020-03-12 13:31:31 - [MESSAGE][PASSED] - Object: 'Object Repository/Login_Page/Dashboard/Data Sub-Navigation/div_Data Source' is clicked on

2020-03-12 13:31:31 - [TEST_STEP][PASSED] - beforefilterapplytot = getText(findTestObject("Object Repository/AUDIENCE/Data Source/total_count")): Text of object 'Object Repository/AUDIENCE/Data Source/total_count' is: '(13)'

2020-03-12 13:31:32 - [MESSAGE][PASSED] - Text of object 'Object Repository/AUDIENCE/Data Source/total_count' is: '(13)'

2020-03-12 13:31:32 - [TEST_STEP][PASSED] - beforetotal = Integer.parseInt(replace(")", "").trim()): null

2020-03-12 13:31:32 - [TEST_STEP][PASSED] - setText(findTestObject("Object Repository/AUDIENCE/Data Source/search_box"), "Test" + ENTER): Text 'ENTER + Test' is set on object 'Object Repository/AUDIENCE/Data Source/search_box'

2020-03-12 13:31:32 - [MESSAGE][PASSED] - Text 'ENTER + Test' is set on object 'Object Repository/AUDIENCE/Data Source/search_box'

2020-03-12 13:31:32 - [TEST_STEP][PASSED] - delay(3): Delayed 3 second(s)

2020-03-12 13:31:35 - [MESSAGE][PASSED] - Delayed 3 second(s)

2020-03-12 13:31:35 - [TEST_STEP][PASSED] - text = getText(findTestObject("CONTENT/Image_Listing/showingtextforpagination")): Text of object 'Object Repository/CONTENT/Image_Listing/showingtextforpagination' is: 'Showing 1-10 of 10 Data Source(s)'

2020-03-12 13:31:36 - [MESSAGE][PASSED] - Text of object 'Object Repository/CONTENT/Image_Listing/showingtextforpagination' is: 'Showing 1-10 of 10 Data Source(s)'

2020-03-12 13:31:36 - [TEST_STEP][PASSED] - resultfound_count = Integer.parseInt(split(" ")[1].trim()): null

2020-03-12 13:31:36 - [TEST_STEP][PASSED] - elements = findWebElements(findTestObject("AUDIENCE/Data Source/column1_values"), 0): Timeout '0' is invalid. Using default page load timeout: '230'

2020-03-12 13:31:36 - [MESSAGE][WARNING] - Timeout '0' is invalid. Using default page load timeout: '230'

2020-03-12 13:31:36 - [TEST_STEP][PASSED] - pageValueCount = elements.size(): null

2020-03-12 13:31:36 - [TEST_STEP][PASSED] - if (resultfound_count > 10): null

2020-03-12 13:31:36 - [TEST_STEP][PASSED] - verifyEqual(resultfound_count, pageValueCount): Actual object '10' and expected object '10' are equal

2020-03-12 13:31:36 - [MESSAGE][PASSED] - Actual object '10' and expected object '10' are equal

2020-03-12 13:31:36 - [TEST_STEP][PASSED] - click(findTestObject("AUDIENCE/Data Source/search_closeicon")): Object: 'Object Repository/AUDIENCE/Data Source/search_closeicon' is clicked on

2020-03-12 13:31:37 - [MESSAGE][PASSED] - Object: 'Object Repository/AUDIENCE/Data Source/search_closeicon' is clicked on

2020-03-12 13:31:37 - [TEST_STEP][PASSED] - afterfilterapplytot = getText(findTestObject("Object Repository/AUDIENCE/Data Source/total_count")): Text of object 'Object Repository/AUDIENCE/Data Source/total_count' is: '(13)'

2020-03-12 13:31:38 - [MESSAGE][PASSED] - Text of object 'Object Repository/AUDIENCE/Data Source/total_count' is: '(13)'

2020-03-12 13:31:38 - [TEST_STEP][PASSED] - aftertotal = Integer.parseInt(replace(")", "").trim()): null

2020-03-12 13:31:38 - [TEST_STEP][PASSED] - verifyEqual(aftertotal, beforetotal): Actual object '13' and expected object '13' are equal

2020-03-12 13:31:38 - [MESSAGE][PASSED] - Actual object '13' and expected object '13' are equal

2020-03-12 13:31:38 - [TEST_STEP][PASSED] - Start listener action : sampleAfterTestCase: null

2020-03-12 13:31:38 - [TEST_STEP][PASSED] - println(testCaseContext.getTestCaseId()): null

2020-03-12 13:31:38 - [TEST_STEP][PASSED] - println(testCaseContext.getTestCaseStatus()): null

2020-03-12 13:31:38 - [TEST_STEP][PASSED] - println("On Failure Method is Calling : " + testCaseContext.getTestCaseStatus()): null

2020-03-12 13:31:38 - [TEST_STEP][PASSED] - if (!(getTestCaseStatus().equalsIgnoreCase("PASSED"))): null]]></system-out>
         <system-err><![CDATA[]]></system-err>
      </testcase>
      <testcase name="Test Cases/Atlas Platform/Data Management/Data Listing/TC_005_Validate_Search_Box_Invalid_Text_With_Count" time="13.21" classname="Test Cases/Atlas Platform/Data Management/Data Listing/TC_005_Validate_Search_Box_Invalid_Text_With_Count" status="PASSED">
         <system-out><![CDATA[2020-03-12 13:31:40 - [TEST_CASE][PASSED] - Test Cases/Atlas Platform/Data Management/Data Listing/TC_005_Validate_Search_Box_Invalid_Text_With_Count: Test Cases/Atlas Platform/Data Management/Data Listing/TC_005_Validate_Search_Box_Invalid_Text_With_Count

2020-03-12 13:31:40 - [TEST_STEP][NOT_RUN] - callTestCase(findTestCase("Atlas Platform/Platform Navigation/Login/LoginWithRootAdmin"), ["user_Email":"navaraj@totient.co.in", "user_Password":"Totient@123"], CONTINUE_ON_FAILURE): NOT_RUN: callTestCase(findTestCase("Atlas Platform/Platform Navigation/Login/LoginWithRootAdmin"), ["user_Email":"navaraj@totient.co.in", "user_Password":"Totient@123"], CONTINUE_ON_FAILURE)

2020-03-12 13:31:40 - [MESSAGE][NOT_RUN] - NOT_RUN: callTestCase(findTestCase("Atlas Platform/Platform Navigation/Login/LoginWithRootAdmin"), ["user_Email":"navaraj@totient.co.in", "user_Password":"Totient@123"], CONTINUE_ON_FAILURE)

2020-03-12 13:31:40 - [TEST_STEP][PASSED] - click(findTestObject("HeaderMenus/audiencemenu")): Object: 'Object Repository/HeaderMenus/audiencemenu' is clicked on

2020-03-12 13:31:41 - [MESSAGE][PASSED] - Object: 'Object Repository/HeaderMenus/audiencemenu' is clicked on

2020-03-12 13:31:41 - [TEST_STEP][PASSED] - refresh(): Refresh successfully

2020-03-12 13:31:43 - [MESSAGE][PASSED] - Refresh successfully

2020-03-12 13:31:43 - [TEST_STEP][PASSED] - click(findTestObject("Login_Page/Dashboard/Data Sub-Navigation/div_Data Source")): Object: 'Object Repository/Login_Page/Dashboard/Data Sub-Navigation/div_Data Source' is clicked on

2020-03-12 13:31:44 - [MESSAGE][PASSED] - Object: 'Object Repository/Login_Page/Dashboard/Data Sub-Navigation/div_Data Source' is clicked on

2020-03-12 13:31:44 - [TEST_STEP][PASSED] - beforefilterapplytot = getText(findTestObject("Object Repository/AUDIENCE/Data Source/total_count")): Text of object 'Object Repository/AUDIENCE/Data Source/total_count' is: '(13)'

2020-03-12 13:31:45 - [MESSAGE][PASSED] - Text of object 'Object Repository/AUDIENCE/Data Source/total_count' is: '(13)'

2020-03-12 13:31:45 - [TEST_STEP][PASSED] - beforetotal = Integer.parseInt(replace(")", "").trim()): null

2020-03-12 13:31:45 - [TEST_STEP][PASSED] - setText(findTestObject("Object Repository/AUDIENCE/Data Source/search_box"), "Sameee" + ENTER): Text 'ENTER + Sameee' is set on object 'Object Repository/AUDIENCE/Data Source/search_box'

2020-03-12 13:31:45 - [MESSAGE][PASSED] - Text 'ENTER + Sameee' is set on object 'Object Repository/AUDIENCE/Data Source/search_box'

2020-03-12 13:31:45 - [TEST_STEP][PASSED] - text = getText(findTestObject("CONTENT/Image_Listing/showingtextforpagination")): Text of object 'Object Repository/CONTENT/Image_Listing/showingtextforpagination' is: 'Showing 0 of 0 Data Source(s)'

2020-03-12 13:31:47 - [MESSAGE][PASSED] - Text of object 'Object Repository/CONTENT/Image_Listing/showingtextforpagination' is: 'Showing 0 of 0 Data Source(s)'

2020-03-12 13:31:47 - [TEST_STEP][PASSED] - delay(3): Delayed 3 second(s)

2020-03-12 13:31:50 - [MESSAGE][PASSED] - Delayed 3 second(s)

2020-03-12 13:31:50 - [TEST_STEP][PASSED] - resultfound_count = Integer.parseInt(split(" ")[1].trim()): null

2020-03-12 13:31:50 - [TEST_STEP][PASSED] - verifyEqual(resultfound_count, 0): Actual object '0' and expected object '0' are equal

2020-03-12 13:31:50 - [MESSAGE][PASSED] - Actual object '0' and expected object '0' are equal

2020-03-12 13:31:50 - [TEST_STEP][PASSED] - click(findTestObject("AUDIENCE/Data Source/search_closeicon")): Object: 'Object Repository/AUDIENCE/Data Source/search_closeicon' is clicked on

2020-03-12 13:31:50 - [MESSAGE][PASSED] - Object: 'Object Repository/AUDIENCE/Data Source/search_closeicon' is clicked on

2020-03-12 13:31:50 - [TEST_STEP][PASSED] - afterfilterapplytot = getText(findTestObject("Object Repository/AUDIENCE/Data Source/total_count")): Text of object 'Object Repository/AUDIENCE/Data Source/total_count' is: '(13)'

2020-03-12 13:31:51 - [MESSAGE][PASSED] - Text of object 'Object Repository/AUDIENCE/Data Source/total_count' is: '(13)'

2020-03-12 13:31:51 - [TEST_STEP][PASSED] - aftertotal = Integer.parseInt(replace(")", "").trim()): null

2020-03-12 13:31:51 - [TEST_STEP][PASSED] - verifyEqual(aftertotal, beforetotal): Actual object '13' and expected object '13' are equal

2020-03-12 13:31:51 - [MESSAGE][PASSED] - Actual object '13' and expected object '13' are equal

2020-03-12 13:31:51 - [TEST_STEP][PASSED] - Start listener action : sampleAfterTestCase: null

2020-03-12 13:31:51 - [TEST_STEP][PASSED] - println(testCaseContext.getTestCaseId()): null

2020-03-12 13:31:51 - [TEST_STEP][PASSED] - println(testCaseContext.getTestCaseStatus()): null

2020-03-12 13:31:51 - [TEST_STEP][PASSED] - println("On Failure Method is Calling : " + testCaseContext.getTestCaseStatus()): null

2020-03-12 13:31:51 - [TEST_STEP][PASSED] - if (!(getTestCaseStatus().equalsIgnoreCase("PASSED"))): null]]></system-out>
         <system-err><![CDATA[]]></system-err>
      </testcase>
      <testcase name="Test Cases/Atlas Platform/Data Management/Data Listing/TC_007_Verify_DataSource_Column_Sorting_Order" time="30.731" classname="Test Cases/Atlas Platform/Data Management/Data Listing/TC_007_Verify_DataSource_Column_Sorting_Order" status="PASSED">
         <system-out><![CDATA[2020-03-12 13:31:53 - [TEST_CASE][PASSED] - Test Cases/Atlas Platform/Data Management/Data Listing/TC_007_Verify_DataSource_Column_Sorting_Order: Test Cases/Atlas Platform/Data Management/Data Listing/TC_007_Verify_DataSource_Column_Sorting_Order

2020-03-12 13:31:54 - [TEST_STEP][NOT_RUN] - callTestCase(findTestCase("Atlas Platform/Platform Navigation/Login/LoginWithRootAdmin"), ["user_Email":"navaraj@totient.co.in", "user_Password":"Totient@123"], CONTINUE_ON_FAILURE): NOT_RUN: callTestCase(findTestCase("Atlas Platform/Platform Navigation/Login/LoginWithRootAdmin"), ["user_Email":"navaraj@totient.co.in", "user_Password":"Totient@123"], CONTINUE_ON_FAILURE)

2020-03-12 13:31:54 - [MESSAGE][NOT_RUN] - NOT_RUN: callTestCase(findTestCase("Atlas Platform/Platform Navigation/Login/LoginWithRootAdmin"), ["user_Email":"navaraj@totient.co.in", "user_Password":"Totient@123"], CONTINUE_ON_FAILURE)

2020-03-12 13:31:54 - [TEST_STEP][PASSED] - refresh(): Refresh successfully

2020-03-12 13:31:55 - [MESSAGE][PASSED] - Refresh successfully

2020-03-12 13:31:55 - [TEST_STEP][PASSED] - click(findTestObject("HeaderMenus/audiencemenu")): Object: 'Object Repository/HeaderMenus/audiencemenu' is clicked on

2020-03-12 13:31:57 - [MESSAGE][PASSED] - Object: 'Object Repository/HeaderMenus/audiencemenu' is clicked on

2020-03-12 13:31:57 - [TEST_STEP][PASSED] - delay(3): Delayed 3 second(s)

2020-03-12 13:32:00 - [MESSAGE][PASSED] - Delayed 3 second(s)

2020-03-12 13:32:00 - [TEST_STEP][PASSED] - click(findTestObject("Login_Page/Dashboard/Data Sub-Navigation/div_Data Source")): Object: 'Object Repository/Login_Page/Dashboard/Data Sub-Navigation/div_Data Source' is clicked on

2020-03-12 13:32:01 - [MESSAGE][PASSED] - Object: 'Object Repository/Login_Page/Dashboard/Data Sub-Navigation/div_Data Source' is clicked on

2020-03-12 13:32:01 - [TEST_STEP][PASSED] - totalText = getText(findTestObject("AUDIENCE/Data Source/total_count")): Text of object 'Object Repository/AUDIENCE/Data Source/total_count' is: '(13)'

2020-03-12 13:32:01 - [MESSAGE][PASSED] - Text of object 'Object Repository/AUDIENCE/Data Source/total_count' is: '(13)'

2020-03-12 13:32:01 - [TEST_STEP][PASSED] - click(findTestObject("AUDIENCE/Data Source/dataSource_Column_Name")): Object: 'Object Repository/AUDIENCE/Data Source/dataSource_Column_Name' is clicked on

2020-03-12 13:32:02 - [MESSAGE][PASSED] - Object: 'Object Repository/AUDIENCE/Data Source/dataSource_Column_Name' is clicked on

2020-03-12 13:32:02 - [TEST_STEP][PASSED] - click(findTestObject("AUDIENCE/Data Source/dataSource_Column_Name")): Object: 'Object Repository/AUDIENCE/Data Source/dataSource_Column_Name' is clicked on

2020-03-12 13:32:03 - [MESSAGE][PASSED] - Object: 'Object Repository/AUDIENCE/Data Source/dataSource_Column_Name' is clicked on

2020-03-12 13:32:03 - [TEST_STEP][PASSED] - total = Integer.parseInt(replace(")", "").trim()): null

2020-03-12 13:32:03 - [TEST_STEP][PASSED] - pageValueCount = 0: null

2020-03-12 13:32:03 - [TEST_STEP][PASSED] - dataSourceTextValues = new java.util.ArrayList(): null

2020-03-12 13:32:03 - [TEST_STEP][PASSED] - totalOfPaginationCount = getText(findTestObject("AUDIENCE/Data Source/no_pagination_With_Count")): Text of object 'Object Repository/AUDIENCE/Data Source/no_pagination_With_Count' is: 'Showing 1-10 of 13 Data Source(s)'

2020-03-12 13:32:04 - [MESSAGE][PASSED] - Text of object 'Object Repository/AUDIENCE/Data Source/no_pagination_With_Count' is: 'Showing 1-10 of 13 Data Source(s)'

2020-03-12 13:32:04 - [TEST_STEP][PASSED] - if (!(totalOfPaginationCount.equalsIgnoreCase("Showing 0 of 0 Images"))): Timeout '0' is invalid. Using default page load timeout: '230'

2020-03-12 13:32:04 - [TEST_STEP][PASSED] - elements = findWebElements(findTestObject("AUDIENCE/Data Source/column1_values"), 0): Timeout '0' is invalid. Using default page load timeout: '230'

2020-03-12 13:32:05 - [MESSAGE][WARNING] - Timeout '0' is invalid. Using default page load timeout: '230'

2020-03-12 13:32:05 - [TEST_STEP][PASSED] - if (total > 10): Timeout '0' is invalid. Using default page load timeout: '230'

2020-03-12 13:32:05 - [TEST_STEP][PASSED] - while (total != pageValueCount): Timeout '0' is invalid. Using default page load timeout: '230'

2020-03-12 13:32:05 - [TEST_STEP][PASSED] - for (org.openqa.selenium.WebElement ele : elements): null

2020-03-12 13:32:05 - [TEST_STEP][PASSED] - dataSourceTextValues.add(getText().toLowerCase()): null

2020-03-12 13:32:05 - [TEST_STEP][PASSED] - dataSourceTextValues.add(getText().toLowerCase()): null

2020-03-12 13:32:05 - [TEST_STEP][PASSED] - dataSourceTextValues.add(getText().toLowerCase()): null

2020-03-12 13:32:05 - [TEST_STEP][PASSED] - dataSourceTextValues.add(getText().toLowerCase()): null

2020-03-12 13:32:05 - [TEST_STEP][PASSED] - dataSourceTextValues.add(getText().toLowerCase()): null

2020-03-12 13:32:05 - [TEST_STEP][PASSED] - dataSourceTextValues.add(getText().toLowerCase()): null

2020-03-12 13:32:05 - [TEST_STEP][PASSED] - dataSourceTextValues.add(getText().toLowerCase()): null

2020-03-12 13:32:05 - [TEST_STEP][PASSED] - dataSourceTextValues.add(getText().toLowerCase()): null

2020-03-12 13:32:05 - [TEST_STEP][PASSED] - dataSourceTextValues.add(getText().toLowerCase()): null

2020-03-12 13:32:05 - [TEST_STEP][PASSED] - dataSourceTextValues.add(getText().toLowerCase()): null

2020-03-12 13:32:05 - [TEST_STEP][PASSED] - pageValueCount += elements.size(): null

2020-03-12 13:32:05 - [TEST_STEP][PASSED] - click(findTestObject("AUDIENCE/Data Source/next")): Object: 'Object Repository/AUDIENCE/Data Source/next' is clicked on

2020-03-12 13:32:06 - [MESSAGE][PASSED] - Object: 'Object Repository/AUDIENCE/Data Source/next' is clicked on

2020-03-12 13:32:06 - [TEST_STEP][PASSED] - elements = findWebElements(findTestObject("AUDIENCE/Data Source/column1_values"), 0): Timeout '0' is invalid. Using default page load timeout: '230'

2020-03-12 13:32:06 - [MESSAGE][WARNING] - Timeout '0' is invalid. Using default page load timeout: '230'

2020-03-12 13:32:07 - [TEST_STEP][PASSED] - for (org.openqa.selenium.WebElement ele : elements): null

2020-03-12 13:32:07 - [TEST_STEP][PASSED] - dataSourceTextValues.add(getText().toLowerCase()): null

2020-03-12 13:32:07 - [TEST_STEP][PASSED] - dataSourceTextValues.add(getText().toLowerCase()): null

2020-03-12 13:32:07 - [TEST_STEP][PASSED] - dataSourceTextValues.add(getText().toLowerCase()): null

2020-03-12 13:32:07 - [TEST_STEP][PASSED] - pageValueCount += elements.size(): null

2020-03-12 13:32:07 - [TEST_STEP][PASSED] - click(findTestObject("AUDIENCE/Data Source/next")): Object: 'Object Repository/AUDIENCE/Data Source/next' is clicked on

2020-03-12 13:32:10 - [MESSAGE][PASSED] - Object: 'Object Repository/AUDIENCE/Data Source/next' is clicked on

2020-03-12 13:32:10 - [TEST_STEP][PASSED] - elements = findWebElements(findTestObject("AUDIENCE/Data Source/column1_values"), 0): Timeout '0' is invalid. Using default page load timeout: '230'

2020-03-12 13:32:10 - [MESSAGE][WARNING] - Timeout '0' is invalid. Using default page load timeout: '230'

2020-03-12 13:32:10 - [TEST_STEP][PASSED] - isAsc = web.CustomKeyword.checkListAscendingOrder(dataSourceTextValues): web.CustomKeyword.checkListAscendingOrder is PASSED

2020-03-12 13:32:10 - [MESSAGE][PASSED] - web.CustomKeyword.checkListAscendingOrder is PASSED

2020-03-12 13:32:10 - [TEST_STEP][PASSED] - verifyEqual(isAsc, true): Actual object 'true' and expected object 'true' are equal

2020-03-12 13:32:10 - [MESSAGE][PASSED] - Actual object 'true' and expected object 'true' are equal

2020-03-12 13:32:10 - [TEST_STEP][PASSED] - click(findTestObject("HeaderMenus/adminmenu")): Object: 'Object Repository/HeaderMenus/adminmenu' is clicked on

2020-03-12 13:32:10 - [MESSAGE][PASSED] - Object: 'Object Repository/HeaderMenus/adminmenu' is clicked on

2020-03-12 13:32:10 - [TEST_STEP][PASSED] - click(findTestObject("HeaderMenus/audiencemenu")): Object: 'Object Repository/HeaderMenus/audiencemenu' is clicked on

2020-03-12 13:32:12 - [MESSAGE][PASSED] - Object: 'Object Repository/HeaderMenus/audiencemenu' is clicked on

2020-03-12 13:32:12 - [TEST_STEP][PASSED] - click(findTestObject("AUDIENCE/Data Source/dataSource_Column_Name")): Object: 'Object Repository/AUDIENCE/Data Source/dataSource_Column_Name' is clicked on

2020-03-12 13:32:14 - [MESSAGE][PASSED] - Object: 'Object Repository/AUDIENCE/Data Source/dataSource_Column_Name' is clicked on

2020-03-12 13:32:14 - [TEST_STEP][PASSED] - delay(3): Delayed 3 second(s)

2020-03-12 13:32:17 - [MESSAGE][PASSED] - Delayed 3 second(s)

2020-03-12 13:32:17 - [TEST_STEP][PASSED] - dataSourceTextValuesWithDesc = new java.util.ArrayList(): null

2020-03-12 13:32:17 - [TEST_STEP][PASSED] - pageValueCount1 = 0: null

2020-03-12 13:32:17 - [TEST_STEP][PASSED] - if (!(totalOfPaginationCount.equalsIgnoreCase("Showing 0 of 0 Images"))): Timeout '0' is invalid. Using default page load timeout: '230'

2020-03-12 13:32:17 - [TEST_STEP][PASSED] - elements1 = findWebElements(findTestObject("AUDIENCE/Data Source/column1_values"), 0): Timeout '0' is invalid. Using default page load timeout: '230'

2020-03-12 13:32:17 - [MESSAGE][WARNING] - Timeout '0' is invalid. Using default page load timeout: '230'

2020-03-12 13:32:17 - [TEST_STEP][PASSED] - if (total > 10): Timeout '0' is invalid. Using default page load timeout: '230'

2020-03-12 13:32:17 - [TEST_STEP][PASSED] - while (total != pageValueCount1): Timeout '0' is invalid. Using default page load timeout: '230'

2020-03-12 13:32:17 - [TEST_STEP][PASSED] - for (org.openqa.selenium.WebElement ele1 : elements1): null

2020-03-12 13:32:17 - [TEST_STEP][PASSED] - dataSourceTextValuesWithDesc.add(getText().toLowerCase()): null

2020-03-12 13:32:17 - [TEST_STEP][PASSED] - dataSourceTextValuesWithDesc.add(getText().toLowerCase()): null

2020-03-12 13:32:17 - [TEST_STEP][PASSED] - dataSourceTextValuesWithDesc.add(getText().toLowerCase()): null

2020-03-12 13:32:17 - [TEST_STEP][PASSED] - dataSourceTextValuesWithDesc.add(getText().toLowerCase()): null

2020-03-12 13:32:17 - [TEST_STEP][PASSED] - dataSourceTextValuesWithDesc.add(getText().toLowerCase()): null

2020-03-12 13:32:17 - [TEST_STEP][PASSED] - dataSourceTextValuesWithDesc.add(getText().toLowerCase()): null

2020-03-12 13:32:17 - [TEST_STEP][PASSED] - dataSourceTextValuesWithDesc.add(getText().toLowerCase()): null

2020-03-12 13:32:17 - [TEST_STEP][PASSED] - dataSourceTextValuesWithDesc.add(getText().toLowerCase()): null

2020-03-12 13:32:17 - [TEST_STEP][PASSED] - dataSourceTextValuesWithDesc.add(getText().toLowerCase()): null

2020-03-12 13:32:17 - [TEST_STEP][PASSED] - dataSourceTextValuesWithDesc.add(getText().toLowerCase()): null

2020-03-12 13:32:17 - [TEST_STEP][PASSED] - pageValueCount1 += elements1.size(): null

2020-03-12 13:32:17 - [TEST_STEP][PASSED] - click(findTestObject("AUDIENCE/Data Source/next")): Object: 'Object Repository/AUDIENCE/Data Source/next' is clicked on

2020-03-12 13:32:18 - [MESSAGE][PASSED] - Object: 'Object Repository/AUDIENCE/Data Source/next' is clicked on

2020-03-12 13:32:18 - [TEST_STEP][PASSED] - elements1 = findWebElements(findTestObject("AUDIENCE/Data Source/column1_values"), 0): Timeout '0' is invalid. Using default page load timeout: '230'

2020-03-12 13:32:18 - [MESSAGE][WARNING] - Timeout '0' is invalid. Using default page load timeout: '230'

2020-03-12 13:32:19 - [TEST_STEP][PASSED] - for (org.openqa.selenium.WebElement ele1 : elements1): null

2020-03-12 13:32:19 - [TEST_STEP][PASSED] - dataSourceTextValuesWithDesc.add(getText().toLowerCase()): null

2020-03-12 13:32:19 - [TEST_STEP][PASSED] - dataSourceTextValuesWithDesc.add(getText().toLowerCase()): null

2020-03-12 13:32:19 - [TEST_STEP][PASSED] - dataSourceTextValuesWithDesc.add(getText().toLowerCase()): null

2020-03-12 13:32:19 - [TEST_STEP][PASSED] - pageValueCount1 += elements1.size(): null

2020-03-12 13:32:19 - [TEST_STEP][PASSED] - click(findTestObject("AUDIENCE/Data Source/next")): Object: 'Object Repository/AUDIENCE/Data Source/next' is clicked on

2020-03-12 13:32:22 - [MESSAGE][PASSED] - Object: 'Object Repository/AUDIENCE/Data Source/next' is clicked on

2020-03-12 13:32:22 - [TEST_STEP][PASSED] - elements1 = findWebElements(findTestObject("AUDIENCE/Data Source/column1_values"), 0): Timeout '0' is invalid. Using default page load timeout: '230'

2020-03-12 13:32:22 - [MESSAGE][WARNING] - Timeout '0' is invalid. Using default page load timeout: '230'

2020-03-12 13:32:22 - [TEST_STEP][PASSED] - isdesc = web.CustomKeyword.checkListDescendingOrder(dataSourceTextValues, dataSourceTextValuesWithDesc): web.CustomKeyword.checkListDescendingOrder is PASSED

2020-03-12 13:32:22 - [MESSAGE][PASSED] - web.CustomKeyword.checkListDescendingOrder is PASSED

2020-03-12 13:32:22 - [TEST_STEP][PASSED] - verifyEqual(isdesc, true): Actual object 'true' and expected object 'true' are equal

2020-03-12 13:32:22 - [MESSAGE][PASSED] - Actual object 'true' and expected object 'true' are equal

2020-03-12 13:32:22 - [TEST_STEP][PASSED] - Start listener action : sampleAfterTestCase: null

2020-03-12 13:32:22 - [TEST_STEP][PASSED] - println(testCaseContext.getTestCaseId()): null

2020-03-12 13:32:22 - [TEST_STEP][PASSED] - println(testCaseContext.getTestCaseStatus()): null

2020-03-12 13:32:22 - [TEST_STEP][PASSED] - println("On Failure Method is Calling : " + testCaseContext.getTestCaseStatus()): null

2020-03-12 13:32:22 - [TEST_STEP][PASSED] - if (!(getTestCaseStatus().equalsIgnoreCase("PASSED"))): null]]></system-out>
         <system-err><![CDATA[]]></system-err>
      </testcase>
      <testcase name="Test Cases/Atlas Platform/Data Management/Data Listing/TC_008_Verify_Count_Column_Sorting_Order" time="27.132" classname="Test Cases/Atlas Platform/Data Management/Data Listing/TC_008_Verify_Count_Column_Sorting_Order" status="PASSED">
         <system-out><![CDATA[2020-03-12 13:32:24 - [TEST_CASE][PASSED] - Test Cases/Atlas Platform/Data Management/Data Listing/TC_008_Verify_Count_Column_Sorting_Order: Test Cases/Atlas Platform/Data Management/Data Listing/TC_008_Verify_Count_Column_Sorting_Order

2020-03-12 13:32:24 - [TEST_STEP][NOT_RUN] - callTestCase(findTestCase("Atlas Platform/Platform Navigation/Login/LoginWithRootAdmin"), ["user_Email":"navaraj@totient.co.in", "user_Password":"Totient@123"], CONTINUE_ON_FAILURE): NOT_RUN: callTestCase(findTestCase("Atlas Platform/Platform Navigation/Login/LoginWithRootAdmin"), ["user_Email":"navaraj@totient.co.in", "user_Password":"Totient@123"], CONTINUE_ON_FAILURE)

2020-03-12 13:32:24 - [MESSAGE][NOT_RUN] - NOT_RUN: callTestCase(findTestCase("Atlas Platform/Platform Navigation/Login/LoginWithRootAdmin"), ["user_Email":"navaraj@totient.co.in", "user_Password":"Totient@123"], CONTINUE_ON_FAILURE)

2020-03-12 13:32:24 - [TEST_STEP][PASSED] - refresh(): Refresh successfully

2020-03-12 13:32:26 - [MESSAGE][PASSED] - Refresh successfully

2020-03-12 13:32:26 - [TEST_STEP][PASSED] - click(findTestObject("HeaderMenus/audiencemenu")): Object: 'Object Repository/HeaderMenus/audiencemenu' is clicked on

2020-03-12 13:32:28 - [MESSAGE][PASSED] - Object: 'Object Repository/HeaderMenus/audiencemenu' is clicked on

2020-03-12 13:32:28 - [TEST_STEP][PASSED] - click(findTestObject("Login_Page/Dashboard/Data Sub-Navigation/div_Data Source")): Object: 'Object Repository/Login_Page/Dashboard/Data Sub-Navigation/div_Data Source' is clicked on

2020-03-12 13:32:29 - [MESSAGE][PASSED] - Object: 'Object Repository/Login_Page/Dashboard/Data Sub-Navigation/div_Data Source' is clicked on

2020-03-12 13:32:29 - [TEST_STEP][PASSED] - totalText = getText(findTestObject("AUDIENCE/Data Source/total_count")): Text of object 'Object Repository/AUDIENCE/Data Source/total_count' is: '(13)'

2020-03-12 13:32:29 - [MESSAGE][PASSED] - Text of object 'Object Repository/AUDIENCE/Data Source/total_count' is: '(13)'

2020-03-12 13:32:29 - [TEST_STEP][PASSED] - click(findTestObject("AUDIENCE/Data Source/count_Column_Name")): Object: 'Object Repository/AUDIENCE/Data Source/count_Column_Name' is clicked on

2020-03-12 13:32:29 - [MESSAGE][PASSED] - Object: 'Object Repository/AUDIENCE/Data Source/count_Column_Name' is clicked on

2020-03-12 13:32:29 - [TEST_STEP][PASSED] - click(findTestObject("AUDIENCE/Data Source/count_Column_Name")): Object: 'Object Repository/AUDIENCE/Data Source/count_Column_Name' is clicked on

2020-03-12 13:32:30 - [MESSAGE][PASSED] - Object: 'Object Repository/AUDIENCE/Data Source/count_Column_Name' is clicked on

2020-03-12 13:32:30 - [TEST_STEP][PASSED] - total = Integer.parseInt(replace(")", "").trim()): null

2020-03-12 13:32:30 - [TEST_STEP][PASSED] - pageValueCount = 0: null

2020-03-12 13:32:30 - [TEST_STEP][PASSED] - dataSourceTextValues = new java.util.ArrayList(): null

2020-03-12 13:32:30 - [TEST_STEP][PASSED] - totalOfPaginationCount = getText(findTestObject("AUDIENCE/Data Source/no_pagination_With_Count")): Text of object 'Object Repository/AUDIENCE/Data Source/no_pagination_With_Count' is: 'Showing 1-10 of 13 Data Source(s)'

2020-03-12 13:32:31 - [MESSAGE][PASSED] - Text of object 'Object Repository/AUDIENCE/Data Source/no_pagination_With_Count' is: 'Showing 1-10 of 13 Data Source(s)'

2020-03-12 13:32:31 - [TEST_STEP][PASSED] - if (!(totalOfPaginationCount.equalsIgnoreCase("Showing 0 of 0 Images"))): Timeout '0' is invalid. Using default page load timeout: '230'

2020-03-12 13:32:31 - [TEST_STEP][PASSED] - elements = findWebElements(findTestObject("AUDIENCE/Data Source/count_Column_Values"), 0): Timeout '0' is invalid. Using default page load timeout: '230'

2020-03-12 13:32:31 - [MESSAGE][WARNING] - Timeout '0' is invalid. Using default page load timeout: '230'

2020-03-12 13:32:32 - [TEST_STEP][PASSED] - if (total > 10): Timeout '0' is invalid. Using default page load timeout: '230'

2020-03-12 13:32:32 - [TEST_STEP][PASSED] - while (total != pageValueCount): Timeout '0' is invalid. Using default page load timeout: '230'

2020-03-12 13:32:32 - [TEST_STEP][PASSED] - for (org.openqa.selenium.WebElement ele : elements): null

2020-03-12 13:32:32 - [TEST_STEP][PASSED] - dataSourceTextValues.add(Integer.parseInt(ele.getText())): null

2020-03-12 13:32:32 - [TEST_STEP][PASSED] - dataSourceTextValues.add(Integer.parseInt(ele.getText())): null

2020-03-12 13:32:32 - [TEST_STEP][PASSED] - dataSourceTextValues.add(Integer.parseInt(ele.getText())): null

2020-03-12 13:32:32 - [TEST_STEP][PASSED] - dataSourceTextValues.add(Integer.parseInt(ele.getText())): null

2020-03-12 13:32:32 - [TEST_STEP][PASSED] - dataSourceTextValues.add(Integer.parseInt(ele.getText())): null

2020-03-12 13:32:32 - [TEST_STEP][PASSED] - dataSourceTextValues.add(Integer.parseInt(ele.getText())): null

2020-03-12 13:32:32 - [TEST_STEP][PASSED] - dataSourceTextValues.add(Integer.parseInt(ele.getText())): null

2020-03-12 13:32:32 - [TEST_STEP][PASSED] - dataSourceTextValues.add(Integer.parseInt(ele.getText())): null

2020-03-12 13:32:32 - [TEST_STEP][PASSED] - dataSourceTextValues.add(Integer.parseInt(ele.getText())): null

2020-03-12 13:32:32 - [TEST_STEP][PASSED] - dataSourceTextValues.add(Integer.parseInt(ele.getText())): null

2020-03-12 13:32:32 - [TEST_STEP][PASSED] - click(findTestObject("AUDIENCE/Data Source/next")): Object: 'Object Repository/AUDIENCE/Data Source/next' is clicked on

2020-03-12 13:32:32 - [MESSAGE][PASSED] - Object: 'Object Repository/AUDIENCE/Data Source/next' is clicked on

2020-03-12 13:32:32 - [TEST_STEP][PASSED] - pageValueCount += elements.size(): null

2020-03-12 13:32:32 - [TEST_STEP][PASSED] - elements = findWebElements(findTestObject("AUDIENCE/Data Source/count_Column_Values"), 0): Timeout '0' is invalid. Using default page load timeout: '230'

2020-03-12 13:32:32 - [MESSAGE][WARNING] - Timeout '0' is invalid. Using default page load timeout: '230'

2020-03-12 13:32:34 - [TEST_STEP][PASSED] - for (org.openqa.selenium.WebElement ele : elements): null

2020-03-12 13:32:34 - [TEST_STEP][PASSED] - dataSourceTextValues.add(Integer.parseInt(ele.getText())): null

2020-03-12 13:32:34 - [TEST_STEP][PASSED] - dataSourceTextValues.add(Integer.parseInt(ele.getText())): null

2020-03-12 13:32:34 - [TEST_STEP][PASSED] - dataSourceTextValues.add(Integer.parseInt(ele.getText())): null

2020-03-12 13:32:34 - [TEST_STEP][PASSED] - click(findTestObject("AUDIENCE/Data Source/next")): Object: 'Object Repository/AUDIENCE/Data Source/next' is clicked on

2020-03-12 13:32:36 - [MESSAGE][PASSED] - Object: 'Object Repository/AUDIENCE/Data Source/next' is clicked on

2020-03-12 13:32:36 - [TEST_STEP][PASSED] - pageValueCount += elements.size(): null

2020-03-12 13:32:36 - [TEST_STEP][PASSED] - elements = findWebElements(findTestObject("AUDIENCE/Data Source/count_Column_Values"), 0): Timeout '0' is invalid. Using default page load timeout: '230'

2020-03-12 13:32:36 - [MESSAGE][WARNING] - Timeout '0' is invalid. Using default page load timeout: '230'

2020-03-12 13:32:37 - [TEST_STEP][PASSED] - isAscending = web.CustomKeyword.checkListAscendingOrder(dataSourceTextValues): web.CustomKeyword.checkListAscendingOrder is PASSED

2020-03-12 13:32:37 - [MESSAGE][PASSED] - web.CustomKeyword.checkListAscendingOrder is PASSED

2020-03-12 13:32:37 - [TEST_STEP][PASSED] - verifyEqual(isAscending, true): Actual object 'true' and expected object 'true' are equal

2020-03-12 13:32:37 - [MESSAGE][PASSED] - Actual object 'true' and expected object 'true' are equal

2020-03-12 13:32:37 - [TEST_STEP][PASSED] - click(findTestObject("HeaderMenus/adminmenu")): Object: 'Object Repository/HeaderMenus/adminmenu' is clicked on

2020-03-12 13:32:37 - [MESSAGE][PASSED] - Object: 'Object Repository/HeaderMenus/adminmenu' is clicked on

2020-03-12 13:32:37 - [TEST_STEP][PASSED] - click(findTestObject("HeaderMenus/audiencemenu")): Object: 'Object Repository/HeaderMenus/audiencemenu' is clicked on

2020-03-12 13:32:39 - [MESSAGE][PASSED] - Object: 'Object Repository/HeaderMenus/audiencemenu' is clicked on

2020-03-12 13:32:39 - [TEST_STEP][PASSED] - click(findTestObject("AUDIENCE/Data Source/count_Column_Name")): Object: 'Object Repository/AUDIENCE/Data Source/count_Column_Name' is clicked on

2020-03-12 13:32:40 - [MESSAGE][PASSED] - Object: 'Object Repository/AUDIENCE/Data Source/count_Column_Name' is clicked on

2020-03-12 13:32:40 - [TEST_STEP][PASSED] - delay(3): Delayed 3 second(s)

2020-03-12 13:32:43 - [MESSAGE][PASSED] - Delayed 3 second(s)

2020-03-12 13:32:43 - [TEST_STEP][PASSED] - dataSourceTextValuesWithDesc = new java.util.ArrayList(): null

2020-03-12 13:32:43 - [TEST_STEP][PASSED] - pageValueCount1 = 0: null

2020-03-12 13:32:43 - [TEST_STEP][PASSED] - if (!(totalOfPaginationCount.equalsIgnoreCase("Showing 0 of 0 Images"))): Timeout '0' is invalid. Using default page load timeout: '230'

2020-03-12 13:32:43 - [TEST_STEP][PASSED] - elements1 = findWebElements(findTestObject("AUDIENCE/Data Source/count_Column_Values"), 0): Timeout '0' is invalid. Using default page load timeout: '230'

2020-03-12 13:32:43 - [MESSAGE][WARNING] - Timeout '0' is invalid. Using default page load timeout: '230'

2020-03-12 13:32:43 - [TEST_STEP][PASSED] - if (total > 10): Timeout '0' is invalid. Using default page load timeout: '230'

2020-03-12 13:32:43 - [TEST_STEP][PASSED] - while (total != pageValueCount1): Timeout '0' is invalid. Using default page load timeout: '230'

2020-03-12 13:32:43 - [TEST_STEP][PASSED] - for (org.openqa.selenium.WebElement ele1 : elements1): null

2020-03-12 13:32:43 - [TEST_STEP][PASSED] - dataSourceTextValuesWithDesc.add(Integer.parseInt(ele1.getText())): null

2020-03-12 13:32:43 - [TEST_STEP][PASSED] - dataSourceTextValuesWithDesc.add(Integer.parseInt(ele1.getText())): null

2020-03-12 13:32:44 - [TEST_STEP][PASSED] - dataSourceTextValuesWithDesc.add(Integer.parseInt(ele1.getText())): null

2020-03-12 13:32:44 - [TEST_STEP][PASSED] - dataSourceTextValuesWithDesc.add(Integer.parseInt(ele1.getText())): null

2020-03-12 13:32:44 - [TEST_STEP][PASSED] - dataSourceTextValuesWithDesc.add(Integer.parseInt(ele1.getText())): null

2020-03-12 13:32:44 - [TEST_STEP][PASSED] - dataSourceTextValuesWithDesc.add(Integer.parseInt(ele1.getText())): null

2020-03-12 13:32:44 - [TEST_STEP][PASSED] - dataSourceTextValuesWithDesc.add(Integer.parseInt(ele1.getText())): null

2020-03-12 13:32:44 - [TEST_STEP][PASSED] - dataSourceTextValuesWithDesc.add(Integer.parseInt(ele1.getText())): null

2020-03-12 13:32:44 - [TEST_STEP][PASSED] - dataSourceTextValuesWithDesc.add(Integer.parseInt(ele1.getText())): null

2020-03-12 13:32:44 - [TEST_STEP][PASSED] - dataSourceTextValuesWithDesc.add(Integer.parseInt(ele1.getText())): null

2020-03-12 13:32:44 - [TEST_STEP][PASSED] - pageValueCount1 += elements1.size(): null

2020-03-12 13:32:44 - [TEST_STEP][PASSED] - click(findTestObject("AUDIENCE/Data Source/next")): Object: 'Object Repository/AUDIENCE/Data Source/next' is clicked on

2020-03-12 13:32:44 - [MESSAGE][PASSED] - Object: 'Object Repository/AUDIENCE/Data Source/next' is clicked on

2020-03-12 13:32:44 - [TEST_STEP][PASSED] - elements1 = findWebElements(findTestObject("AUDIENCE/Data Source/count_Column_Values"), 0): Timeout '0' is invalid. Using default page load timeout: '230'

2020-03-12 13:32:44 - [MESSAGE][WARNING] - Timeout '0' is invalid. Using default page load timeout: '230'

2020-03-12 13:32:46 - [TEST_STEP][PASSED] - for (org.openqa.selenium.WebElement ele1 : elements1): null

2020-03-12 13:32:46 - [TEST_STEP][PASSED] - dataSourceTextValuesWithDesc.add(Integer.parseInt(ele1.getText())): null

2020-03-12 13:32:46 - [TEST_STEP][PASSED] - dataSourceTextValuesWithDesc.add(Integer.parseInt(ele1.getText())): null

2020-03-12 13:32:46 - [TEST_STEP][PASSED] - dataSourceTextValuesWithDesc.add(Integer.parseInt(ele1.getText())): null

2020-03-12 13:32:46 - [TEST_STEP][PASSED] - pageValueCount1 += elements1.size(): null

2020-03-12 13:32:46 - [TEST_STEP][PASSED] - click(findTestObject("AUDIENCE/Data Source/next")): Object: 'Object Repository/AUDIENCE/Data Source/next' is clicked on

2020-03-12 13:32:49 - [MESSAGE][PASSED] - Object: 'Object Repository/AUDIENCE/Data Source/next' is clicked on

2020-03-12 13:32:49 - [TEST_STEP][PASSED] - elements1 = findWebElements(findTestObject("AUDIENCE/Data Source/count_Column_Values"), 0): Timeout '0' is invalid. Using default page load timeout: '230'

2020-03-12 13:32:49 - [MESSAGE][WARNING] - Timeout '0' is invalid. Using default page load timeout: '230'

2020-03-12 13:32:49 - [TEST_STEP][PASSED] - isDescending = web.CustomKeyword.checkListDescendingOrder(dataSourceTextValues, dataSourceTextValuesWithDesc): web.CustomKeyword.checkListDescendingOrder is PASSED

2020-03-12 13:32:49 - [MESSAGE][PASSED] - web.CustomKeyword.checkListDescendingOrder is PASSED

2020-03-12 13:32:49 - [TEST_STEP][PASSED] - verifyEqual(isDescending, true): Actual object 'true' and expected object 'true' are equal

2020-03-12 13:32:49 - [MESSAGE][PASSED] - Actual object 'true' and expected object 'true' are equal

2020-03-12 13:32:49 - [TEST_STEP][PASSED] - Start listener action : sampleAfterTestCase: null

2020-03-12 13:32:49 - [TEST_STEP][PASSED] - println(testCaseContext.getTestCaseId()): null

2020-03-12 13:32:49 - [TEST_STEP][PASSED] - println(testCaseContext.getTestCaseStatus()): null

2020-03-12 13:32:49 - [TEST_STEP][PASSED] - println("On Failure Method is Calling : " + testCaseContext.getTestCaseStatus()): null

2020-03-12 13:32:49 - [TEST_STEP][PASSED] - if (!(getTestCaseStatus().equalsIgnoreCase("PASSED"))): null]]></system-out>
         <system-err><![CDATA[]]></system-err>
      </testcase>
      <testcase name="Test Cases/Atlas Platform/Data Management/Data Listing/TC_009_Verify_Status_Column_Sorting_Order" time="27.442" classname="Test Cases/Atlas Platform/Data Management/Data Listing/TC_009_Verify_Status_Column_Sorting_Order" status="PASSED">
         <system-out><![CDATA[2020-03-12 13:32:51 - [TEST_CASE][PASSED] - Test Cases/Atlas Platform/Data Management/Data Listing/TC_009_Verify_Status_Column_Sorting_Order: Test Cases/Atlas Platform/Data Management/Data Listing/TC_009_Verify_Status_Column_Sorting_Order

2020-03-12 13:32:52 - [TEST_STEP][NOT_RUN] - callTestCase(findTestCase("Atlas Platform/Platform Navigation/Login/LoginWithRootAdmin"), ["user_Email":"navaraj@totient.co.in", "user_Password":"Totient@123"], CONTINUE_ON_FAILURE): NOT_RUN: callTestCase(findTestCase("Atlas Platform/Platform Navigation/Login/LoginWithRootAdmin"), ["user_Email":"navaraj@totient.co.in", "user_Password":"Totient@123"], CONTINUE_ON_FAILURE)

2020-03-12 13:32:52 - [MESSAGE][NOT_RUN] - NOT_RUN: callTestCase(findTestCase("Atlas Platform/Platform Navigation/Login/LoginWithRootAdmin"), ["user_Email":"navaraj@totient.co.in", "user_Password":"Totient@123"], CONTINUE_ON_FAILURE)

2020-03-12 13:32:52 - [TEST_STEP][PASSED] - refresh(): Refresh successfully

2020-03-12 13:32:53 - [MESSAGE][PASSED] - Refresh successfully

2020-03-12 13:32:53 - [TEST_STEP][PASSED] - click(findTestObject("HeaderMenus/audiencemenu")): Object: 'Object Repository/HeaderMenus/audiencemenu' is clicked on

2020-03-12 13:32:55 - [MESSAGE][PASSED] - Object: 'Object Repository/HeaderMenus/audiencemenu' is clicked on

2020-03-12 13:32:55 - [TEST_STEP][PASSED] - click(findTestObject("Login_Page/Dashboard/Data Sub-Navigation/div_Data Source")): Object: 'Object Repository/Login_Page/Dashboard/Data Sub-Navigation/div_Data Source' is clicked on

2020-03-12 13:32:56 - [MESSAGE][PASSED] - Object: 'Object Repository/Login_Page/Dashboard/Data Sub-Navigation/div_Data Source' is clicked on

2020-03-12 13:32:56 - [TEST_STEP][PASSED] - totalText = getText(findTestObject("AUDIENCE/Data Source/total_count")): Text of object 'Object Repository/AUDIENCE/Data Source/total_count' is: '(13)'

2020-03-12 13:32:56 - [MESSAGE][PASSED] - Text of object 'Object Repository/AUDIENCE/Data Source/total_count' is: '(13)'

2020-03-12 13:32:56 - [TEST_STEP][PASSED] - click(findTestObject("AUDIENCE/Data Source/status_Column_Name")): Object: 'Object Repository/AUDIENCE/Data Source/status_Column_Name' is clicked on

2020-03-12 13:32:57 - [MESSAGE][PASSED] - Object: 'Object Repository/AUDIENCE/Data Source/status_Column_Name' is clicked on

2020-03-12 13:32:57 - [TEST_STEP][PASSED] - click(findTestObject("AUDIENCE/Data Source/status_Column_Name")): Object: 'Object Repository/AUDIENCE/Data Source/status_Column_Name' is clicked on

2020-03-12 13:32:58 - [MESSAGE][PASSED] - Object: 'Object Repository/AUDIENCE/Data Source/status_Column_Name' is clicked on

2020-03-12 13:32:58 - [TEST_STEP][PASSED] - total = Integer.parseInt(replace(")", "").trim()): null

2020-03-12 13:32:58 - [TEST_STEP][PASSED] - pageValueCount = 0: null

2020-03-12 13:32:58 - [TEST_STEP][PASSED] - dataSourceTextValues = new java.util.ArrayList(): null

2020-03-12 13:32:58 - [TEST_STEP][PASSED] - totalOfPaginationCount = getText(findTestObject("AUDIENCE/Data Source/no_pagination_With_Count")): Text of object 'Object Repository/AUDIENCE/Data Source/no_pagination_With_Count' is: 'Showing 1-10 of 13 Data Source(s)'

2020-03-12 13:32:59 - [MESSAGE][PASSED] - Text of object 'Object Repository/AUDIENCE/Data Source/no_pagination_With_Count' is: 'Showing 1-10 of 13 Data Source(s)'

2020-03-12 13:32:59 - [TEST_STEP][PASSED] - if (!(totalOfPaginationCount.equalsIgnoreCase("Showing 0 of 0 Images"))): Timeout '0' is invalid. Using default page load timeout: '230'

2020-03-12 13:32:59 - [TEST_STEP][PASSED] - elements = findWebElements(findTestObject("AUDIENCE/Data Source/status_column_values"), 0): Timeout '0' is invalid. Using default page load timeout: '230'

2020-03-12 13:32:59 - [MESSAGE][WARNING] - Timeout '0' is invalid. Using default page load timeout: '230'

2020-03-12 13:32:59 - [TEST_STEP][PASSED] - if (total > 10): Timeout '0' is invalid. Using default page load timeout: '230'

2020-03-12 13:32:59 - [TEST_STEP][PASSED] - while (total != pageValueCount): Timeout '0' is invalid. Using default page load timeout: '230'

2020-03-12 13:32:59 - [TEST_STEP][PASSED] - for (org.openqa.selenium.WebElement ele : elements): null

2020-03-12 13:32:59 - [TEST_STEP][PASSED] - dataSourceTextValues.add(ele.getText()): null

2020-03-12 13:32:59 - [TEST_STEP][PASSED] - dataSourceTextValues.add(ele.getText()): null

2020-03-12 13:32:59 - [TEST_STEP][PASSED] - dataSourceTextValues.add(ele.getText()): null

2020-03-12 13:32:59 - [TEST_STEP][PASSED] - dataSourceTextValues.add(ele.getText()): null

2020-03-12 13:32:59 - [TEST_STEP][PASSED] - dataSourceTextValues.add(ele.getText()): null

2020-03-12 13:32:59 - [TEST_STEP][PASSED] - dataSourceTextValues.add(ele.getText()): null

2020-03-12 13:32:59 - [TEST_STEP][PASSED] - dataSourceTextValues.add(ele.getText()): null

2020-03-12 13:32:59 - [TEST_STEP][PASSED] - dataSourceTextValues.add(ele.getText()): null

2020-03-12 13:32:59 - [TEST_STEP][PASSED] - dataSourceTextValues.add(ele.getText()): null

2020-03-12 13:32:59 - [TEST_STEP][PASSED] - dataSourceTextValues.add(ele.getText()): null

2020-03-12 13:32:59 - [TEST_STEP][PASSED] - pageValueCount += elements.size(): null

2020-03-12 13:32:59 - [TEST_STEP][PASSED] - click(findTestObject("AUDIENCE/Data Source/next")): Object: 'Object Repository/AUDIENCE/Data Source/next' is clicked on

2020-03-12 13:33:00 - [MESSAGE][PASSED] - Object: 'Object Repository/AUDIENCE/Data Source/next' is clicked on

2020-03-12 13:33:00 - [TEST_STEP][PASSED] - elements = findWebElements(findTestObject("AUDIENCE/Data Source/status_column_values"), 0): Timeout '0' is invalid. Using default page load timeout: '230'

2020-03-12 13:33:00 - [MESSAGE][WARNING] - Timeout '0' is invalid. Using default page load timeout: '230'

2020-03-12 13:33:01 - [TEST_STEP][PASSED] - for (org.openqa.selenium.WebElement ele : elements): null

2020-03-12 13:33:01 - [TEST_STEP][PASSED] - dataSourceTextValues.add(ele.getText()): null

2020-03-12 13:33:01 - [TEST_STEP][PASSED] - dataSourceTextValues.add(ele.getText()): null

2020-03-12 13:33:01 - [TEST_STEP][PASSED] - dataSourceTextValues.add(ele.getText()): null

2020-03-12 13:33:01 - [TEST_STEP][PASSED] - pageValueCount += elements.size(): null

2020-03-12 13:33:01 - [TEST_STEP][PASSED] - click(findTestObject("AUDIENCE/Data Source/next")): Object: 'Object Repository/AUDIENCE/Data Source/next' is clicked on

2020-03-12 13:33:03 - [MESSAGE][PASSED] - Object: 'Object Repository/AUDIENCE/Data Source/next' is clicked on

2020-03-12 13:33:03 - [TEST_STEP][PASSED] - elements = findWebElements(findTestObject("AUDIENCE/Data Source/status_column_values"), 0): Timeout '0' is invalid. Using default page load timeout: '230'

2020-03-12 13:33:03 - [MESSAGE][WARNING] - Timeout '0' is invalid. Using default page load timeout: '230'

2020-03-12 13:33:04 - [TEST_STEP][PASSED] - isAscending = web.CustomKeyword.checkListAscendingOrder(dataSourceTextValues): web.CustomKeyword.checkListAscendingOrder is PASSED

2020-03-12 13:33:04 - [MESSAGE][PASSED] - web.CustomKeyword.checkListAscendingOrder is PASSED

2020-03-12 13:33:04 - [TEST_STEP][PASSED] - verifyEqual(isAscending, true): Actual object 'true' and expected object 'true' are equal

2020-03-12 13:33:04 - [MESSAGE][PASSED] - Actual object 'true' and expected object 'true' are equal

2020-03-12 13:33:04 - [TEST_STEP][PASSED] - click(findTestObject("HeaderMenus/adminmenu")): Object: 'Object Repository/HeaderMenus/adminmenu' is clicked on

2020-03-12 13:33:04 - [MESSAGE][PASSED] - Object: 'Object Repository/HeaderMenus/adminmenu' is clicked on

2020-03-12 13:33:04 - [TEST_STEP][PASSED] - click(findTestObject("HeaderMenus/audiencemenu")): Object: 'Object Repository/HeaderMenus/audiencemenu' is clicked on

2020-03-12 13:33:07 - [MESSAGE][PASSED] - Object: 'Object Repository/HeaderMenus/audiencemenu' is clicked on

2020-03-12 13:33:07 - [TEST_STEP][PASSED] - click(findTestObject("AUDIENCE/Data Source/status_Column_Name")): Object: 'Object Repository/AUDIENCE/Data Source/status_Column_Name' is clicked on

2020-03-12 13:33:08 - [MESSAGE][PASSED] - Object: 'Object Repository/AUDIENCE/Data Source/status_Column_Name' is clicked on

2020-03-12 13:33:08 - [TEST_STEP][PASSED] - delay(3): Delayed 3 second(s)

2020-03-12 13:33:11 - [MESSAGE][PASSED] - Delayed 3 second(s)

2020-03-12 13:33:11 - [TEST_STEP][PASSED] - dataSourceTextValuesWithDesc = new java.util.ArrayList(): null

2020-03-12 13:33:11 - [TEST_STEP][PASSED] - pageValueCount1 = 0: null

2020-03-12 13:33:11 - [TEST_STEP][PASSED] - if (!(totalOfPaginationCount.equalsIgnoreCase("Showing 0 of 0 Images"))): Timeout '0' is invalid. Using default page load timeout: '230'

2020-03-12 13:33:11 - [TEST_STEP][PASSED] - elements1 = findWebElements(findTestObject("AUDIENCE/Data Source/status_column_values"), 0): Timeout '0' is invalid. Using default page load timeout: '230'

2020-03-12 13:33:11 - [MESSAGE][WARNING] - Timeout '0' is invalid. Using default page load timeout: '230'

2020-03-12 13:33:11 - [TEST_STEP][PASSED] - if (total > 10): Timeout '0' is invalid. Using default page load timeout: '230'

2020-03-12 13:33:11 - [TEST_STEP][PASSED] - while (total != pageValueCount1): Timeout '0' is invalid. Using default page load timeout: '230'

2020-03-12 13:33:11 - [TEST_STEP][PASSED] - for (org.openqa.selenium.WebElement ele1 : elements1): null

2020-03-12 13:33:11 - [TEST_STEP][PASSED] - dataSourceTextValuesWithDesc.add(ele1.getText()): null

2020-03-12 13:33:12 - [TEST_STEP][PASSED] - dataSourceTextValuesWithDesc.add(ele1.getText()): null

2020-03-12 13:33:12 - [TEST_STEP][PASSED] - dataSourceTextValuesWithDesc.add(ele1.getText()): null

2020-03-12 13:33:12 - [TEST_STEP][PASSED] - dataSourceTextValuesWithDesc.add(ele1.getText()): null

2020-03-12 13:33:12 - [TEST_STEP][PASSED] - dataSourceTextValuesWithDesc.add(ele1.getText()): null

2020-03-12 13:33:12 - [TEST_STEP][PASSED] - dataSourceTextValuesWithDesc.add(ele1.getText()): null

2020-03-12 13:33:12 - [TEST_STEP][PASSED] - dataSourceTextValuesWithDesc.add(ele1.getText()): null

2020-03-12 13:33:12 - [TEST_STEP][PASSED] - dataSourceTextValuesWithDesc.add(ele1.getText()): null

2020-03-12 13:33:12 - [TEST_STEP][PASSED] - dataSourceTextValuesWithDesc.add(ele1.getText()): null

2020-03-12 13:33:12 - [TEST_STEP][PASSED] - dataSourceTextValuesWithDesc.add(ele1.getText()): null

2020-03-12 13:33:12 - [TEST_STEP][PASSED] - pageValueCount1 += elements1.size(): null

2020-03-12 13:33:12 - [TEST_STEP][PASSED] - click(findTestObject("AUDIENCE/Data Source/next")): Object: 'Object Repository/AUDIENCE/Data Source/next' is clicked on

2020-03-12 13:33:12 - [MESSAGE][PASSED] - Object: 'Object Repository/AUDIENCE/Data Source/next' is clicked on

2020-03-12 13:33:12 - [TEST_STEP][PASSED] - elements1 = findWebElements(findTestObject("AUDIENCE/Data Source/status_column_values"), 0): Timeout '0' is invalid. Using default page load timeout: '230'

2020-03-12 13:33:12 - [MESSAGE][WARNING] - Timeout '0' is invalid. Using default page load timeout: '230'

2020-03-12 13:33:13 - [TEST_STEP][PASSED] - for (org.openqa.selenium.WebElement ele1 : elements1): null

2020-03-12 13:33:13 - [TEST_STEP][PASSED] - dataSourceTextValuesWithDesc.add(ele1.getText()): null

2020-03-12 13:33:13 - [TEST_STEP][PASSED] - dataSourceTextValuesWithDesc.add(ele1.getText()): null

2020-03-12 13:33:13 - [TEST_STEP][PASSED] - dataSourceTextValuesWithDesc.add(ele1.getText()): null

2020-03-12 13:33:13 - [TEST_STEP][PASSED] - pageValueCount1 += elements1.size(): null

2020-03-12 13:33:13 - [TEST_STEP][PASSED] - click(findTestObject("AUDIENCE/Data Source/next")): Object: 'Object Repository/AUDIENCE/Data Source/next' is clicked on

2020-03-12 13:33:16 - [MESSAGE][PASSED] - Object: 'Object Repository/AUDIENCE/Data Source/next' is clicked on

2020-03-12 13:33:16 - [TEST_STEP][PASSED] - elements1 = findWebElements(findTestObject("AUDIENCE/Data Source/status_column_values"), 0): Timeout '0' is invalid. Using default page load timeout: '230'

2020-03-12 13:33:16 - [MESSAGE][WARNING] - Timeout '0' is invalid. Using default page load timeout: '230'

2020-03-12 13:33:17 - [TEST_STEP][PASSED] - isDescending = web.CustomKeyword.checkListDescendingOrder(dataSourceTextValues, dataSourceTextValuesWithDesc): web.CustomKeyword.checkListDescendingOrder is PASSED

2020-03-12 13:33:17 - [MESSAGE][PASSED] - web.CustomKeyword.checkListDescendingOrder is PASSED

2020-03-12 13:33:17 - [TEST_STEP][PASSED] - verifyEqual(isDescending, true): Actual object 'true' and expected object 'true' are equal

2020-03-12 13:33:17 - [MESSAGE][PASSED] - Actual object 'true' and expected object 'true' are equal

2020-03-12 13:33:17 - [TEST_STEP][PASSED] - Start listener action : sampleAfterTestCase: null

2020-03-12 13:33:17 - [TEST_STEP][PASSED] - println(testCaseContext.getTestCaseId()): null

2020-03-12 13:33:17 - [TEST_STEP][PASSED] - println(testCaseContext.getTestCaseStatus()): null

2020-03-12 13:33:17 - [TEST_STEP][PASSED] - println("On Failure Method is Calling : " + testCaseContext.getTestCaseStatus()): null

2020-03-12 13:33:17 - [TEST_STEP][PASSED] - if (!(getTestCaseStatus().equalsIgnoreCase("PASSED"))): null]]></system-out>
         <system-err><![CDATA[]]></system-err>
      </testcase>
      <testcase name="Test Cases/Atlas Platform/Data Management/Data Listing/TC_010_Verify_Created_Column_Sorting_Order" time="27.486" classname="Test Cases/Atlas Platform/Data Management/Data Listing/TC_010_Verify_Created_Column_Sorting_Order" status="PASSED">
         <system-out><![CDATA[2020-03-12 13:33:19 - [TEST_CASE][PASSED] - Test Cases/Atlas Platform/Data Management/Data Listing/TC_010_Verify_Created_Column_Sorting_Order: Test Cases/Atlas Platform/Data Management/Data Listing/TC_010_Verify_Created_Column_Sorting_Order

2020-03-12 13:33:19 - [TEST_STEP][NOT_RUN] - callTestCase(findTestCase("Atlas Platform/Platform Navigation/Login/LoginWithRootAdmin"), ["user_Email":"navaraj@totient.co.in", "user_Password":"Totient@123"], CONTINUE_ON_FAILURE): NOT_RUN: callTestCase(findTestCase("Atlas Platform/Platform Navigation/Login/LoginWithRootAdmin"), ["user_Email":"navaraj@totient.co.in", "user_Password":"Totient@123"], CONTINUE_ON_FAILURE)

2020-03-12 13:33:19 - [MESSAGE][NOT_RUN] - NOT_RUN: callTestCase(findTestCase("Atlas Platform/Platform Navigation/Login/LoginWithRootAdmin"), ["user_Email":"navaraj@totient.co.in", "user_Password":"Totient@123"], CONTINUE_ON_FAILURE)

2020-03-12 13:33:19 - [TEST_STEP][PASSED] - refresh(): Refresh successfully

2020-03-12 13:33:21 - [MESSAGE][PASSED] - Refresh successfully

2020-03-12 13:33:21 - [TEST_STEP][PASSED] - click(findTestObject("HeaderMenus/audiencemenu")): Object: 'Object Repository/HeaderMenus/audiencemenu' is clicked on

2020-03-12 13:33:22 - [MESSAGE][PASSED] - Object: 'Object Repository/HeaderMenus/audiencemenu' is clicked on

2020-03-12 13:33:22 - [TEST_STEP][PASSED] - click(findTestObject("Login_Page/Dashboard/Data Sub-Navigation/div_Data Source")): Object: 'Object Repository/Login_Page/Dashboard/Data Sub-Navigation/div_Data Source' is clicked on

2020-03-12 13:33:23 - [MESSAGE][PASSED] - Object: 'Object Repository/Login_Page/Dashboard/Data Sub-Navigation/div_Data Source' is clicked on

2020-03-12 13:33:23 - [TEST_STEP][PASSED] - totalText = getText(findTestObject("AUDIENCE/Data Source/total_count")): Text of object 'Object Repository/AUDIENCE/Data Source/total_count' is: '(13)'

2020-03-12 13:33:23 - [MESSAGE][PASSED] - Text of object 'Object Repository/AUDIENCE/Data Source/total_count' is: '(13)'

2020-03-12 13:33:23 - [TEST_STEP][PASSED] - click(findTestObject("AUDIENCE/Data Source/created_Column_Name")): Object: 'Object Repository/AUDIENCE/Data Source/created_Column_Name' is clicked on

2020-03-12 13:33:24 - [MESSAGE][PASSED] - Object: 'Object Repository/AUDIENCE/Data Source/created_Column_Name' is clicked on

2020-03-12 13:33:24 - [TEST_STEP][PASSED] - total = Integer.parseInt(replace(")", "").trim()): null

2020-03-12 13:33:24 - [TEST_STEP][PASSED] - pageValueCount = 0: null

2020-03-12 13:33:24 - [TEST_STEP][PASSED] - dataSourceTextValues = new java.util.ArrayList(): null

2020-03-12 13:33:24 - [TEST_STEP][PASSED] - totalOfPaginationCount = getText(findTestObject("AUDIENCE/Data Source/no_pagination_With_Count")): Text of object 'Object Repository/AUDIENCE/Data Source/no_pagination_With_Count' is: 'Showing 1-10 of 13 Data Source(s)'

2020-03-12 13:33:25 - [MESSAGE][PASSED] - Text of object 'Object Repository/AUDIENCE/Data Source/no_pagination_With_Count' is: 'Showing 1-10 of 13 Data Source(s)'

2020-03-12 13:33:25 - [TEST_STEP][PASSED] - if (!(totalOfPaginationCount.equalsIgnoreCase("Showing 0 of 0 Images"))): Timeout '0' is invalid. Using default page load timeout: '230'

2020-03-12 13:33:25 - [TEST_STEP][PASSED] - elements = findWebElements(findTestObject("AUDIENCE/Data Source/created_column_values"), 0): Timeout '0' is invalid. Using default page load timeout: '230'

2020-03-12 13:33:25 - [MESSAGE][WARNING] - Timeout '0' is invalid. Using default page load timeout: '230'

2020-03-12 13:33:25 - [TEST_STEP][PASSED] - if (total > 10): Timeout '0' is invalid. Using default page load timeout: '230'

2020-03-12 13:33:25 - [TEST_STEP][PASSED] - while (total != pageValueCount): Timeout '0' is invalid. Using default page load timeout: '230'

2020-03-12 13:33:25 - [TEST_STEP][PASSED] - for (org.openqa.selenium.WebElement ele : elements): null

2020-03-12 13:33:25 - [TEST_STEP][PASSED] - dataSourceTextValues.add(ele.getText()): null

2020-03-12 13:33:25 - [TEST_STEP][PASSED] - dataSourceTextValues.add(ele.getText()): null

2020-03-12 13:33:25 - [TEST_STEP][PASSED] - dataSourceTextValues.add(ele.getText()): null

2020-03-12 13:33:25 - [TEST_STEP][PASSED] - dataSourceTextValues.add(ele.getText()): null

2020-03-12 13:33:25 - [TEST_STEP][PASSED] - dataSourceTextValues.add(ele.getText()): null

2020-03-12 13:33:25 - [TEST_STEP][PASSED] - dataSourceTextValues.add(ele.getText()): null

2020-03-12 13:33:25 - [TEST_STEP][PASSED] - dataSourceTextValues.add(ele.getText()): null

2020-03-12 13:33:26 - [TEST_STEP][PASSED] - dataSourceTextValues.add(ele.getText()): null

2020-03-12 13:33:26 - [TEST_STEP][PASSED] - dataSourceTextValues.add(ele.getText()): null

2020-03-12 13:33:26 - [TEST_STEP][PASSED] - dataSourceTextValues.add(ele.getText()): null

2020-03-12 13:33:26 - [TEST_STEP][PASSED] - pageValueCount += elements.size(): null

2020-03-12 13:33:26 - [TEST_STEP][PASSED] - click(findTestObject("AUDIENCE/Data Source/next")): Object: 'Object Repository/AUDIENCE/Data Source/next' is clicked on

2020-03-12 13:33:26 - [MESSAGE][PASSED] - Object: 'Object Repository/AUDIENCE/Data Source/next' is clicked on

2020-03-12 13:33:26 - [TEST_STEP][PASSED] - elements = findWebElements(findTestObject("AUDIENCE/Data Source/created_column_values"), 0): Timeout '0' is invalid. Using default page load timeout: '230'

2020-03-12 13:33:26 - [MESSAGE][WARNING] - Timeout '0' is invalid. Using default page load timeout: '230'

2020-03-12 13:33:27 - [TEST_STEP][PASSED] - for (org.openqa.selenium.WebElement ele : elements): null

2020-03-12 13:33:27 - [TEST_STEP][PASSED] - dataSourceTextValues.add(ele.getText()): null

2020-03-12 13:33:27 - [TEST_STEP][PASSED] - dataSourceTextValues.add(ele.getText()): null

2020-03-12 13:33:27 - [TEST_STEP][PASSED] - dataSourceTextValues.add(ele.getText()): null

2020-03-12 13:33:27 - [TEST_STEP][PASSED] - pageValueCount += elements.size(): null

2020-03-12 13:33:27 - [TEST_STEP][PASSED] - click(findTestObject("AUDIENCE/Data Source/next")): Object: 'Object Repository/AUDIENCE/Data Source/next' is clicked on

2020-03-12 13:33:30 - [MESSAGE][PASSED] - Object: 'Object Repository/AUDIENCE/Data Source/next' is clicked on

2020-03-12 13:33:30 - [TEST_STEP][PASSED] - elements = findWebElements(findTestObject("AUDIENCE/Data Source/created_column_values"), 0): Timeout '0' is invalid. Using default page load timeout: '230'

2020-03-12 13:33:30 - [MESSAGE][WARNING] - Timeout '0' is invalid. Using default page load timeout: '230'

2020-03-12 13:33:30 - [TEST_STEP][PASSED] - isAsc = web.CustomKeyword.checkListAscendingOrder(dataSourceTextValues): web.CustomKeyword.checkListAscendingOrder is PASSED

2020-03-12 13:33:30 - [MESSAGE][PASSED] - web.CustomKeyword.checkListAscendingOrder is PASSED

2020-03-12 13:33:30 - [TEST_STEP][PASSED] - verifyEqual(isAsc, true): Actual object 'true' and expected object 'true' are equal

2020-03-12 13:33:30 - [MESSAGE][PASSED] - Actual object 'true' and expected object 'true' are equal

2020-03-12 13:33:30 - [TEST_STEP][PASSED] - click(findTestObject("HeaderMenus/adminmenu")): Object: 'Object Repository/HeaderMenus/adminmenu' is clicked on

2020-03-12 13:33:31 - [MESSAGE][PASSED] - Object: 'Object Repository/HeaderMenus/adminmenu' is clicked on

2020-03-12 13:33:31 - [TEST_STEP][PASSED] - click(findTestObject("HeaderMenus/audiencemenu")): Object: 'Object Repository/HeaderMenus/audiencemenu' is clicked on

2020-03-12 13:33:33 - [MESSAGE][PASSED] - Object: 'Object Repository/HeaderMenus/audiencemenu' is clicked on

2020-03-12 13:33:33 - [TEST_STEP][PASSED] - click(findTestObject("AUDIENCE/Data Source/created_Column_Name")): Object: 'Object Repository/AUDIENCE/Data Source/created_Column_Name' is clicked on

2020-03-12 13:33:34 - [MESSAGE][PASSED] - Object: 'Object Repository/AUDIENCE/Data Source/created_Column_Name' is clicked on

2020-03-12 13:33:34 - [TEST_STEP][PASSED] - delay(3): Delayed 3 second(s)

2020-03-12 13:33:37 - [MESSAGE][PASSED] - Delayed 3 second(s)

2020-03-12 13:33:37 - [TEST_STEP][PASSED] - click(findTestObject("AUDIENCE/Data Source/created_Column_Name")): Object: 'Object Repository/AUDIENCE/Data Source/created_Column_Name' is clicked on

2020-03-12 13:33:38 - [MESSAGE][PASSED] - Object: 'Object Repository/AUDIENCE/Data Source/created_Column_Name' is clicked on

2020-03-12 13:33:38 - [TEST_STEP][PASSED] - dataSourceTextValuesWithDesc = new java.util.ArrayList(): null

2020-03-12 13:33:38 - [TEST_STEP][PASSED] - pageValueCount1 = 0: null

2020-03-12 13:33:38 - [TEST_STEP][PASSED] - if (!(totalOfPaginationCount.equalsIgnoreCase("Showing 0 of 0 Images"))): Timeout '0' is invalid. Using default page load timeout: '230'

2020-03-12 13:33:38 - [TEST_STEP][PASSED] - elements1 = findWebElements(findTestObject("AUDIENCE/Data Source/created_column_values"), 0): Timeout '0' is invalid. Using default page load timeout: '230'

2020-03-12 13:33:38 - [MESSAGE][WARNING] - Timeout '0' is invalid. Using default page load timeout: '230'

2020-03-12 13:33:39 - [TEST_STEP][PASSED] - if (total > 10): Timeout '0' is invalid. Using default page load timeout: '230'

2020-03-12 13:33:39 - [TEST_STEP][PASSED] - while (total != pageValueCount1): Timeout '0' is invalid. Using default page load timeout: '230'

2020-03-12 13:33:39 - [TEST_STEP][PASSED] - for (org.openqa.selenium.WebElement ele1 : elements1): null

2020-03-12 13:33:39 - [TEST_STEP][PASSED] - dataSourceTextValuesWithDesc.add(ele1.getText()): null

2020-03-12 13:33:39 - [TEST_STEP][PASSED] - dataSourceTextValuesWithDesc.add(ele1.getText()): null

2020-03-12 13:33:39 - [TEST_STEP][PASSED] - dataSourceTextValuesWithDesc.add(ele1.getText()): null

2020-03-12 13:33:39 - [TEST_STEP][PASSED] - dataSourceTextValuesWithDesc.add(ele1.getText()): null

2020-03-12 13:33:39 - [TEST_STEP][PASSED] - dataSourceTextValuesWithDesc.add(ele1.getText()): null

2020-03-12 13:33:39 - [TEST_STEP][PASSED] - dataSourceTextValuesWithDesc.add(ele1.getText()): null

2020-03-12 13:33:39 - [TEST_STEP][PASSED] - dataSourceTextValuesWithDesc.add(ele1.getText()): null

2020-03-12 13:33:39 - [TEST_STEP][PASSED] - dataSourceTextValuesWithDesc.add(ele1.getText()): null

2020-03-12 13:33:39 - [TEST_STEP][PASSED] - dataSourceTextValuesWithDesc.add(ele1.getText()): null

2020-03-12 13:33:39 - [TEST_STEP][PASSED] - dataSourceTextValuesWithDesc.add(ele1.getText()): null

2020-03-12 13:33:39 - [TEST_STEP][PASSED] - pageValueCount1 += elements1.size(): null

2020-03-12 13:33:39 - [TEST_STEP][PASSED] - click(findTestObject("AUDIENCE/Data Source/next")): Object: 'Object Repository/AUDIENCE/Data Source/next' is clicked on

2020-03-12 13:33:40 - [MESSAGE][PASSED] - Object: 'Object Repository/AUDIENCE/Data Source/next' is clicked on

2020-03-12 13:33:40 - [TEST_STEP][PASSED] - elements1 = findWebElements(findTestObject("AUDIENCE/Data Source/created_column_values"), 0): Timeout '0' is invalid. Using default page load timeout: '230'

2020-03-12 13:33:40 - [MESSAGE][WARNING] - Timeout '0' is invalid. Using default page load timeout: '230'

2020-03-12 13:33:41 - [TEST_STEP][PASSED] - for (org.openqa.selenium.WebElement ele1 : elements1): null

2020-03-12 13:33:41 - [TEST_STEP][PASSED] - dataSourceTextValuesWithDesc.add(ele1.getText()): null

2020-03-12 13:33:41 - [TEST_STEP][PASSED] - dataSourceTextValuesWithDesc.add(ele1.getText()): null

2020-03-12 13:33:41 - [TEST_STEP][PASSED] - dataSourceTextValuesWithDesc.add(ele1.getText()): null

2020-03-12 13:33:41 - [TEST_STEP][PASSED] - pageValueCount1 += elements1.size(): null

2020-03-12 13:33:41 - [TEST_STEP][PASSED] - click(findTestObject("AUDIENCE/Data Source/next")): Object: 'Object Repository/AUDIENCE/Data Source/next' is clicked on

2020-03-12 13:33:44 - [MESSAGE][PASSED] - Object: 'Object Repository/AUDIENCE/Data Source/next' is clicked on

2020-03-12 13:33:44 - [TEST_STEP][PASSED] - elements1 = findWebElements(findTestObject("AUDIENCE/Data Source/created_column_values"), 0): Timeout '0' is invalid. Using default page load timeout: '230'

2020-03-12 13:33:44 - [MESSAGE][WARNING] - Timeout '0' is invalid. Using default page load timeout: '230'

2020-03-12 13:33:44 - [TEST_STEP][PASSED] - isDesc = web.CustomKeyword.checkListDescendingOrder(dataSourceTextValues, dataSourceTextValuesWithDesc): web.CustomKeyword.checkListDescendingOrder is PASSED

2020-03-12 13:33:44 - [MESSAGE][PASSED] - web.CustomKeyword.checkListDescendingOrder is PASSED

2020-03-12 13:33:44 - [TEST_STEP][PASSED] - verifyEqual(isDesc, true): Actual object 'true' and expected object 'true' are equal

2020-03-12 13:33:44 - [MESSAGE][PASSED] - Actual object 'true' and expected object 'true' are equal

2020-03-12 13:33:44 - [TEST_STEP][PASSED] - Start listener action : sampleAfterTestCase: null

2020-03-12 13:33:44 - [TEST_STEP][PASSED] - println(testCaseContext.getTestCaseId()): null

2020-03-12 13:33:44 - [TEST_STEP][PASSED] - println(testCaseContext.getTestCaseStatus()): null

2020-03-12 13:33:44 - [TEST_STEP][PASSED] - println("On Failure Method is Calling : " + testCaseContext.getTestCaseStatus()): null

2020-03-12 13:33:44 - [TEST_STEP][PASSED] - if (!(getTestCaseStatus().equalsIgnoreCase("PASSED"))): null]]></system-out>
         <system-err><![CDATA[]]></system-err>
      </testcase>
      <testcase name="Test Cases/Atlas Platform/Data Management/Data Listing/TC_011_Verify_Modified_Column_Sorting_Order" time="26.073" classname="Test Cases/Atlas Platform/Data Management/Data Listing/TC_011_Verify_Modified_Column_Sorting_Order" status="PASSED">
         <system-out><![CDATA[2020-03-12 13:33:46 - [TEST_CASE][PASSED] - Test Cases/Atlas Platform/Data Management/Data Listing/TC_011_Verify_Modified_Column_Sorting_Order: Test Cases/Atlas Platform/Data Management/Data Listing/TC_011_Verify_Modified_Column_Sorting_Order

2020-03-12 13:33:47 - [TEST_STEP][NOT_RUN] - callTestCase(findTestCase("Atlas Platform/Platform Navigation/Login/LoginWithRootAdmin"), ["user_Email":"navaraj@totient.co.in", "user_Password":"Totient@123"], CONTINUE_ON_FAILURE): NOT_RUN: callTestCase(findTestCase("Atlas Platform/Platform Navigation/Login/LoginWithRootAdmin"), ["user_Email":"navaraj@totient.co.in", "user_Password":"Totient@123"], CONTINUE_ON_FAILURE)

2020-03-12 13:33:47 - [MESSAGE][NOT_RUN] - NOT_RUN: callTestCase(findTestCase("Atlas Platform/Platform Navigation/Login/LoginWithRootAdmin"), ["user_Email":"navaraj@totient.co.in", "user_Password":"Totient@123"], CONTINUE_ON_FAILURE)

2020-03-12 13:33:47 - [TEST_STEP][PASSED] - refresh(): Refresh successfully

2020-03-12 13:33:49 - [MESSAGE][PASSED] - Refresh successfully

2020-03-12 13:33:49 - [TEST_STEP][PASSED] - click(findTestObject("HeaderMenus/audiencemenu")): Object: 'Object Repository/HeaderMenus/audiencemenu' is clicked on

2020-03-12 13:33:50 - [MESSAGE][PASSED] - Object: 'Object Repository/HeaderMenus/audiencemenu' is clicked on

2020-03-12 13:33:50 - [TEST_STEP][PASSED] - click(findTestObject("Login_Page/Dashboard/Data Sub-Navigation/div_Data Source")): Object: 'Object Repository/Login_Page/Dashboard/Data Sub-Navigation/div_Data Source' is clicked on

2020-03-12 13:33:51 - [MESSAGE][PASSED] - Object: 'Object Repository/Login_Page/Dashboard/Data Sub-Navigation/div_Data Source' is clicked on

2020-03-12 13:33:51 - [TEST_STEP][PASSED] - totalText = getText(findTestObject("AUDIENCE/Data Source/total_count")): Text of object 'Object Repository/AUDIENCE/Data Source/total_count' is: '(13)'

2020-03-12 13:33:51 - [MESSAGE][PASSED] - Text of object 'Object Repository/AUDIENCE/Data Source/total_count' is: '(13)'

2020-03-12 13:33:51 - [TEST_STEP][PASSED] - click(findTestObject("AUDIENCE/Data Source/modified_Column_Name")): Object: 'Object Repository/AUDIENCE/Data Source/modified_Column_Name' is clicked on

2020-03-12 13:33:52 - [MESSAGE][PASSED] - Object: 'Object Repository/AUDIENCE/Data Source/modified_Column_Name' is clicked on

2020-03-12 13:33:52 - [TEST_STEP][PASSED] - click(findTestObject("AUDIENCE/Data Source/modified_Column_Name")): Object: 'Object Repository/AUDIENCE/Data Source/modified_Column_Name' is clicked on

2020-03-12 13:33:53 - [MESSAGE][PASSED] - Object: 'Object Repository/AUDIENCE/Data Source/modified_Column_Name' is clicked on

2020-03-12 13:33:53 - [TEST_STEP][PASSED] - total = Integer.parseInt(replace(")", "").trim()): null

2020-03-12 13:33:53 - [TEST_STEP][PASSED] - pageValueCount = 0: null

2020-03-12 13:33:53 - [TEST_STEP][PASSED] - dataSourceTextValues = new java.util.ArrayList(): null

2020-03-12 13:33:53 - [TEST_STEP][PASSED] - totalOfPaginationCount = getText(findTestObject("AUDIENCE/Data Source/no_pagination_With_Count")): Text of object 'Object Repository/AUDIENCE/Data Source/no_pagination_With_Count' is: 'Showing 1-10 of 13 Data Source(s)'

2020-03-12 13:33:54 - [MESSAGE][PASSED] - Text of object 'Object Repository/AUDIENCE/Data Source/no_pagination_With_Count' is: 'Showing 1-10 of 13 Data Source(s)'

2020-03-12 13:33:54 - [TEST_STEP][PASSED] - if (!(totalOfPaginationCount.equalsIgnoreCase("Showing 0 of 0 Images"))): Timeout '0' is invalid. Using default page load timeout: '230'

2020-03-12 13:33:54 - [TEST_STEP][PASSED] - elements = findWebElements(findTestObject("AUDIENCE/Data Source/modified_Column_Values"), 0): Timeout '0' is invalid. Using default page load timeout: '230'

2020-03-12 13:33:54 - [MESSAGE][WARNING] - Timeout '0' is invalid. Using default page load timeout: '230'

2020-03-12 13:33:54 - [TEST_STEP][PASSED] - if (total > 10): Timeout '0' is invalid. Using default page load timeout: '230'

2020-03-12 13:33:54 - [TEST_STEP][PASSED] - while (total != pageValueCount): Timeout '0' is invalid. Using default page load timeout: '230'

2020-03-12 13:33:54 - [TEST_STEP][PASSED] - for (org.openqa.selenium.WebElement ele : elements): null

2020-03-12 13:33:54 - [TEST_STEP][PASSED] - dataSourceTextValues.add(ele.getText()): null

2020-03-12 13:33:54 - [TEST_STEP][PASSED] - dataSourceTextValues.add(ele.getText()): null

2020-03-12 13:33:54 - [TEST_STEP][PASSED] - dataSourceTextValues.add(ele.getText()): null

2020-03-12 13:33:54 - [TEST_STEP][PASSED] - dataSourceTextValues.add(ele.getText()): null

2020-03-12 13:33:54 - [TEST_STEP][PASSED] - dataSourceTextValues.add(ele.getText()): null

2020-03-12 13:33:54 - [TEST_STEP][PASSED] - dataSourceTextValues.add(ele.getText()): null

2020-03-12 13:33:54 - [TEST_STEP][PASSED] - dataSourceTextValues.add(ele.getText()): null

2020-03-12 13:33:54 - [TEST_STEP][PASSED] - dataSourceTextValues.add(ele.getText()): null

2020-03-12 13:33:54 - [TEST_STEP][PASSED] - dataSourceTextValues.add(ele.getText()): null

2020-03-12 13:33:54 - [TEST_STEP][PASSED] - dataSourceTextValues.add(ele.getText()): null

2020-03-12 13:33:54 - [TEST_STEP][PASSED] - pageValueCount += elements.size(): null

2020-03-12 13:33:54 - [TEST_STEP][PASSED] - click(findTestObject("AUDIENCE/Data Source/next")): Object: 'Object Repository/AUDIENCE/Data Source/next' is clicked on

2020-03-12 13:33:55 - [MESSAGE][PASSED] - Object: 'Object Repository/AUDIENCE/Data Source/next' is clicked on

2020-03-12 13:33:55 - [TEST_STEP][PASSED] - elements = findWebElements(findTestObject("AUDIENCE/Data Source/modified_Column_Values"), 0): Timeout '0' is invalid. Using default page load timeout: '230'

2020-03-12 13:33:55 - [MESSAGE][WARNING] - Timeout '0' is invalid. Using default page load timeout: '230'

2020-03-12 13:33:56 - [TEST_STEP][PASSED] - for (org.openqa.selenium.WebElement ele : elements): null

2020-03-12 13:33:56 - [TEST_STEP][PASSED] - dataSourceTextValues.add(ele.getText()): null

2020-03-12 13:33:56 - [TEST_STEP][PASSED] - dataSourceTextValues.add(ele.getText()): null

2020-03-12 13:33:56 - [TEST_STEP][PASSED] - dataSourceTextValues.add(ele.getText()): null

2020-03-12 13:33:56 - [TEST_STEP][PASSED] - pageValueCount += elements.size(): null

2020-03-12 13:33:56 - [TEST_STEP][PASSED] - click(findTestObject("AUDIENCE/Data Source/next")): Object: 'Object Repository/AUDIENCE/Data Source/next' is clicked on

2020-03-12 13:33:58 - [MESSAGE][PASSED] - Object: 'Object Repository/AUDIENCE/Data Source/next' is clicked on

2020-03-12 13:33:58 - [TEST_STEP][PASSED] - elements = findWebElements(findTestObject("AUDIENCE/Data Source/modified_Column_Values"), 0): Timeout '0' is invalid. Using default page load timeout: '230'

2020-03-12 13:33:59 - [MESSAGE][WARNING] - Timeout '0' is invalid. Using default page load timeout: '230'

2020-03-12 13:33:59 - [TEST_STEP][PASSED] - isAscending = web.CustomKeyword.checkListAscendingOrder(dataSourceTextValues): web.CustomKeyword.checkListAscendingOrder is PASSED

2020-03-12 13:33:59 - [MESSAGE][PASSED] - web.CustomKeyword.checkListAscendingOrder is PASSED

2020-03-12 13:33:59 - [TEST_STEP][PASSED] - verifyEqual(isAscending, true): Actual object 'true' and expected object 'true' are equal

2020-03-12 13:33:59 - [MESSAGE][PASSED] - Actual object 'true' and expected object 'true' are equal

2020-03-12 13:33:59 - [TEST_STEP][PASSED] - click(findTestObject("HeaderMenus/adminmenu")): Object: 'Object Repository/HeaderMenus/adminmenu' is clicked on

2020-03-12 13:33:59 - [MESSAGE][PASSED] - Object: 'Object Repository/HeaderMenus/adminmenu' is clicked on

2020-03-12 13:33:59 - [TEST_STEP][PASSED] - click(findTestObject("HeaderMenus/audiencemenu")): Object: 'Object Repository/HeaderMenus/audiencemenu' is clicked on

2020-03-12 13:34:00 - [MESSAGE][PASSED] - Object: 'Object Repository/HeaderMenus/audiencemenu' is clicked on

2020-03-12 13:34:00 - [TEST_STEP][PASSED] - delay(3): Delayed 3 second(s)

2020-03-12 13:34:03 - [MESSAGE][PASSED] - Delayed 3 second(s)

2020-03-12 13:34:03 - [TEST_STEP][PASSED] - click(findTestObject("AUDIENCE/Data Source/modified_Column_Name")): Object: 'Object Repository/AUDIENCE/Data Source/modified_Column_Name' is clicked on

2020-03-12 13:34:04 - [MESSAGE][PASSED] - Object: 'Object Repository/AUDIENCE/Data Source/modified_Column_Name' is clicked on

2020-03-12 13:34:04 - [TEST_STEP][PASSED] - dataSourceTextValuesWithDesc = new java.util.ArrayList(): null

2020-03-12 13:34:04 - [TEST_STEP][PASSED] - pageValueCount1 = 0: null

2020-03-12 13:34:04 - [TEST_STEP][PASSED] - if (!(totalOfPaginationCount.equalsIgnoreCase("Showing 0 of 0 Images"))): Timeout '0' is invalid. Using default page load timeout: '230'

2020-03-12 13:34:04 - [TEST_STEP][PASSED] - elements1 = findWebElements(findTestObject("AUDIENCE/Data Source/modified_Column_Values"), 0): Timeout '0' is invalid. Using default page load timeout: '230'

2020-03-12 13:34:04 - [MESSAGE][WARNING] - Timeout '0' is invalid. Using default page load timeout: '230'

2020-03-12 13:34:05 - [TEST_STEP][PASSED] - if (total > 10): Timeout '0' is invalid. Using default page load timeout: '230'

2020-03-12 13:34:05 - [TEST_STEP][PASSED] - while (total != pageValueCount1): Timeout '0' is invalid. Using default page load timeout: '230'

2020-03-12 13:34:05 - [TEST_STEP][PASSED] - for (org.openqa.selenium.WebElement ele1 : elements1): null

2020-03-12 13:34:05 - [TEST_STEP][PASSED] - dataSourceTextValuesWithDesc.add(ele1.getText()): null

2020-03-12 13:34:05 - [TEST_STEP][PASSED] - dataSourceTextValuesWithDesc.add(ele1.getText()): null

2020-03-12 13:34:05 - [TEST_STEP][PASSED] - dataSourceTextValuesWithDesc.add(ele1.getText()): null

2020-03-12 13:34:05 - [TEST_STEP][PASSED] - dataSourceTextValuesWithDesc.add(ele1.getText()): null

2020-03-12 13:34:05 - [TEST_STEP][PASSED] - dataSourceTextValuesWithDesc.add(ele1.getText()): null

2020-03-12 13:34:05 - [TEST_STEP][PASSED] - dataSourceTextValuesWithDesc.add(ele1.getText()): null

2020-03-12 13:34:05 - [TEST_STEP][PASSED] - dataSourceTextValuesWithDesc.add(ele1.getText()): null

2020-03-12 13:34:05 - [TEST_STEP][PASSED] - dataSourceTextValuesWithDesc.add(ele1.getText()): null

2020-03-12 13:34:06 - [TEST_STEP][PASSED] - dataSourceTextValuesWithDesc.add(ele1.getText()): null

2020-03-12 13:34:06 - [TEST_STEP][PASSED] - dataSourceTextValuesWithDesc.add(ele1.getText()): null

2020-03-12 13:34:06 - [TEST_STEP][PASSED] - pageValueCount1 += elements1.size(): null

2020-03-12 13:34:06 - [TEST_STEP][PASSED] - click(findTestObject("AUDIENCE/Data Source/next")): Object: 'Object Repository/AUDIENCE/Data Source/next' is clicked on

2020-03-12 13:34:06 - [MESSAGE][PASSED] - Object: 'Object Repository/AUDIENCE/Data Source/next' is clicked on

2020-03-12 13:34:06 - [TEST_STEP][PASSED] - elements1 = findWebElements(findTestObject("AUDIENCE/Data Source/modified_Column_Values"), 0): Timeout '0' is invalid. Using default page load timeout: '230'

2020-03-12 13:34:06 - [MESSAGE][WARNING] - Timeout '0' is invalid. Using default page load timeout: '230'

2020-03-12 13:34:07 - [TEST_STEP][PASSED] - for (org.openqa.selenium.WebElement ele1 : elements1): null

2020-03-12 13:34:07 - [TEST_STEP][PASSED] - dataSourceTextValuesWithDesc.add(ele1.getText()): null

2020-03-12 13:34:07 - [TEST_STEP][PASSED] - dataSourceTextValuesWithDesc.add(ele1.getText()): null

2020-03-12 13:34:07 - [TEST_STEP][PASSED] - dataSourceTextValuesWithDesc.add(ele1.getText()): null

2020-03-12 13:34:07 - [TEST_STEP][PASSED] - pageValueCount1 += elements1.size(): null

2020-03-12 13:34:07 - [TEST_STEP][PASSED] - click(findTestObject("AUDIENCE/Data Source/next")): Object: 'Object Repository/AUDIENCE/Data Source/next' is clicked on

2020-03-12 13:34:10 - [MESSAGE][PASSED] - Object: 'Object Repository/AUDIENCE/Data Source/next' is clicked on

2020-03-12 13:34:10 - [TEST_STEP][PASSED] - elements1 = findWebElements(findTestObject("AUDIENCE/Data Source/modified_Column_Values"), 0): Timeout '0' is invalid. Using default page load timeout: '230'

2020-03-12 13:34:10 - [MESSAGE][WARNING] - Timeout '0' is invalid. Using default page load timeout: '230'

2020-03-12 13:34:10 - [TEST_STEP][PASSED] - isDescending = web.CustomKeyword.checkListDescendingOrder(dataSourceTextValues, dataSourceTextValuesWithDesc): web.CustomKeyword.checkListDescendingOrder is PASSED

2020-03-12 13:34:10 - [MESSAGE][PASSED] - web.CustomKeyword.checkListDescendingOrder is PASSED

2020-03-12 13:34:10 - [TEST_STEP][PASSED] - verifyEqual(isDescending, true): Actual object 'true' and expected object 'true' are equal

2020-03-12 13:34:10 - [MESSAGE][PASSED] - Actual object 'true' and expected object 'true' are equal

2020-03-12 13:34:10 - [TEST_STEP][PASSED] - Start listener action : sampleAfterTestCase: null

2020-03-12 13:34:10 - [TEST_STEP][PASSED] - println(testCaseContext.getTestCaseId()): null

2020-03-12 13:34:10 - [TEST_STEP][PASSED] - println(testCaseContext.getTestCaseStatus()): null

2020-03-12 13:34:10 - [TEST_STEP][PASSED] - println("On Failure Method is Calling : " + testCaseContext.getTestCaseStatus()): null

2020-03-12 13:34:10 - [TEST_STEP][PASSED] - if (!(getTestCaseStatus().equalsIgnoreCase("PASSED"))): null]]></system-out>
         <system-err><![CDATA[]]></system-err>
      </testcase>
      <testcase name="Test Cases/Atlas Platform/Platform Navigation/Picker/TC_099_Close_Common_Browser" time="3.103" classname="Test Cases/Atlas Platform/Platform Navigation/Picker/TC_099_Close_Common_Browser" status="PASSED">
         <system-out><![CDATA[2020-03-12 13:34:12 - [TEST_CASE][PASSED] - Test Cases/Atlas Platform/Platform Navigation/Picker/TC_099_Close_Common_Browser: Test Cases/Atlas Platform/Platform Navigation/Picker/TC_099_Close_Common_Browser

2020-03-12 13:34:12 - [TEST_STEP][PASSED] - closeBrowser(): Browser is closed

2020-03-12 13:34:13 - [MESSAGE][PASSED] - Browser is closed

2020-03-12 13:34:13 - [TEST_STEP][PASSED] - Start listener action : sampleAfterTestCase: null

2020-03-12 13:34:13 - [TEST_STEP][PASSED] - println(testCaseContext.getTestCaseId()): null

2020-03-12 13:34:13 - [TEST_STEP][PASSED] - println(testCaseContext.getTestCaseStatus()): null

2020-03-12 13:34:13 - [TEST_STEP][PASSED] - println("On Failure Method is Calling : " + testCaseContext.getTestCaseStatus()): null

2020-03-12 13:34:13 - [TEST_STEP][PASSED] - if (!(getTestCaseStatus().equalsIgnoreCase("PASSED"))): null]]></system-out>
         <system-err><![CDATA[]]></system-err>
      </testcase>
      <system-out><![CDATA[2020-03-12 13:30:09 - [TEST_SUITE][PASSED] - Data Source: Test Cases/Atlas Platform/Platform Navigation/Picker/TC_099_Close_Common_Browser]]></system-out>
      <system-err><![CDATA[]]></system-err>
   </testsuite>
</testsuites>
