<?xml version="1.0" encoding="UTF-8"?>
<testsuites name="Login_Logout" time="50.638" tests="3" failures="0" errors="0">
   <testsuite name="Login_Logout" tests="3" failures="0" errors="0" time="50.638" timestamp="2020-02-17 13:05:20" hostname="Dell - DESKTOP-NFJ0132" id="Test Suites/LOGIN/Login_Logout">
      <properties>
         <property name="deviceName" value=""/>
         <property name="devicePlatform" value=""/>
         <property name="logFolder" value="C:\\Users\\Dell\\git\\GSMProject\\Reports\\20200217_130507\\LOGIN\\Login_Logout\\20200217_130507"/>
         <property name="logFiles" value="C:\\Users\\Dell\\git\\GSMProject\\Reports\\20200217_130507\\LOGIN\\Login_Logout\\20200217_130507\\execution0.log"/>
         <property name="attachments" value=""/>
         <property name="hostName" value="Dell - DESKTOP-NFJ0132"/>
         <property name="os" value="Windows 10 64bit"/>
         <property name="katalonVersion" value="7.0.6.1"/>
         <property name="browser" value="Chrome 80.0.3987.100"/>
         <property name="hostAddress" value="10.0.75.1"/>
         <property name="sessionId" value="4bcf0850f781ce20e6dac9f179ef0ec3"/>
         <property name="seleniumVersion" value="3.141.59"/>
         <property name="proxyInformation" value="ProxyInformation{proxyOption=NO_PROXY, proxyServerType=HTTP, password=, proxyServerAddress=, proxyServerPort=0}"/>
         <property name="platform" value="Windows 10"/>
      </properties>
      <testcase name="Test Cases/Atlas Platform/OnBoard/SwictherDBValidation/TC_100_ForSecurityURLSAcceptance" time="34.723" classname="Test Cases/Atlas Platform/OnBoard/SwictherDBValidation/TC_100_ForSecurityURLSAcceptance" status="PASSED">
         <system-out><![CDATA[2020-02-17 13:05:21 - [TEST_CASE][PASSED] - Test Cases/Atlas Platform/OnBoard/SwictherDBValidation/TC_100_ForSecurityURLSAcceptance: Test Cases/Atlas Platform/OnBoard/SwictherDBValidation/TC_100_ForSecurityURLSAcceptance

2020-02-17 13:05:21 - [TEST_STEP][PASSED] - openBrowser(""): Browser is opened with url: ''

2020-02-17 13:05:22 - [MESSAGE][INFO] - Starting 'Chrome' driver

2020-02-17 13:05:22 - [MESSAGE][INFO] - User set preference: ['args', '[--start-maximized, --disable-web-security, --no-proxy-server]']

2020-02-17 13:05:22 - [MESSAGE][INFO] - User set preference: ['prefs', '{credentials_enable_service=false, profile.password_manager_enabled=false}']

2020-02-17 13:05:22 - [MESSAGE][INFO] - Action delay is set to 0 seconds

2020-02-17 13:05:30 - [MESSAGE][PASSED] - Browser is opened with url: ''

2020-02-17 13:05:30 - [TEST_STEP][PASSED] - navigateToUrl("https://ec2-3-133-54-242.us-east-2.compute.amazonaws.com:9092/services/message/api/programs"): Navigate to 'https://ec2-3-133-54-242.us-east-2.compute.amazonaws.com:9092/services/message/api/programs' successfully

2020-02-17 13:05:32 - [MESSAGE][PASSED] - Navigate to 'https://ec2-3-133-54-242.us-east-2.compute.amazonaws.com:9092/services/message/api/programs' successfully

2020-02-17 13:05:32 - [TEST_STEP][PASSED] - click(findTestObject("LoginPage/httpAdvanceBtn")): Object: 'Object Repository/LoginPage/httpAdvanceBtn' is clicked on

2020-02-17 13:05:33 - [MESSAGE][PASSED] - Object: 'Object Repository/LoginPage/httpAdvanceBtn' is clicked on

2020-02-17 13:05:33 - [TEST_STEP][PASSED] - click(findTestObject("LoginPage/httpsproceedlink")): Object: 'Object Repository/LoginPage/httpsproceedlink' is clicked on

2020-02-17 13:05:35 - [MESSAGE][PASSED] - Object: 'Object Repository/LoginPage/httpsproceedlink' is clicked on

2020-02-17 13:05:35 - [TEST_STEP][PASSED] - navigateToUrl("https://3.19.246.255:9090/services/configuration/api/authenticate"): Navigate to 'https://3.19.246.255:9090/services/configuration/api/authenticate' successfully

2020-02-17 13:05:39 - [MESSAGE][PASSED] - Navigate to 'https://3.19.246.255:9090/services/configuration/api/authenticate' successfully

2020-02-17 13:05:39 - [TEST_STEP][PASSED] - click(findTestObject("LoginPage/httpAdvanceBtn")): Object: 'Object Repository/LoginPage/httpAdvanceBtn' is clicked on

2020-02-17 13:05:40 - [MESSAGE][PASSED] - Object: 'Object Repository/LoginPage/httpAdvanceBtn' is clicked on

2020-02-17 13:05:40 - [TEST_STEP][PASSED] - click(findTestObject("LoginPage/httpsproceedlink")): Object: 'Object Repository/LoginPage/httpsproceedlink' is clicked on

2020-02-17 13:05:41 - [MESSAGE][PASSED] - Object: 'Object Repository/LoginPage/httpsproceedlink' is clicked on

2020-02-17 13:05:41 - [TEST_STEP][PASSED] - navigateToUrl("https://ec2-3-133-54-242.us-east-2.compute.amazonaws.com:8080/services/data/api/data-sources?search=Repair&filters=ACTIVE&page=0&size=20&sort=accountId,DESC"): Navigate to 'https://ec2-3-133-54-242.us-east-2.compute.amazonaws.com:8080/services/data/api/data-sources?search=Repair&filters=ACTIVE&page=0&size=20&sort=accountId,DESC' successfully

2020-02-17 13:05:45 - [MESSAGE][PASSED] - Navigate to 'https://ec2-3-133-54-242.us-east-2.compute.amazonaws.com:8080/services/data/api/data-sources?search=Repair&filters=ACTIVE&page=0&size=20&sort=accountId,DESC' successfully

2020-02-17 13:05:45 - [TEST_STEP][PASSED] - click(findTestObject("LoginPage/httpAdvanceBtn")): Object: 'Object Repository/LoginPage/httpAdvanceBtn' is clicked on

2020-02-17 13:05:45 - [MESSAGE][PASSED] - Object: 'Object Repository/LoginPage/httpAdvanceBtn' is clicked on

2020-02-17 13:05:45 - [TEST_STEP][PASSED] - click(findTestObject("LoginPage/httpsproceedlink")): Object: 'Object Repository/LoginPage/httpsproceedlink' is clicked on

2020-02-17 13:05:47 - [MESSAGE][PASSED] - Object: 'Object Repository/LoginPage/httpsproceedlink' is clicked on

2020-02-17 13:05:47 - [TEST_STEP][PASSED] - navigateToUrl("https://3.19.246.255:9091/services/content/api/images?page=0&size=10"): Navigate to 'https://3.19.246.255:9091/services/content/api/images?page=0&size=10' successfully

2020-02-17 13:05:51 - [MESSAGE][PASSED] - Navigate to 'https://3.19.246.255:9091/services/content/api/images?page=0&size=10' successfully

2020-02-17 13:05:51 - [TEST_STEP][PASSED] - click(findTestObject("LoginPage/httpAdvanceBtn")): Object: 'Object Repository/LoginPage/httpAdvanceBtn' is clicked on

2020-02-17 13:05:51 - [MESSAGE][PASSED] - Object: 'Object Repository/LoginPage/httpAdvanceBtn' is clicked on

2020-02-17 13:05:51 - [TEST_STEP][PASSED] - click(findTestObject("LoginPage/httpsproceedlink")): Object: 'Object Repository/LoginPage/httpsproceedlink' is clicked on

2020-02-17 13:05:53 - [MESSAGE][PASSED] - Object: 'Object Repository/LoginPage/httpsproceedlink' is clicked on

2020-02-17 13:05:53 - [TEST_STEP][PASSED] - Start listener action : sampleAfterTestCase: null

2020-02-17 13:05:53 - [TEST_STEP][PASSED] - println(testCaseContext.getTestCaseId()): null

2020-02-17 13:05:53 - [TEST_STEP][PASSED] - println(testCaseContext.getTestCaseStatus()): null

2020-02-17 13:05:53 - [TEST_STEP][PASSED] - println("On Failure Method is Calling : " + testCaseContext.getTestCaseStatus()): null

2020-02-17 13:05:53 - [TEST_STEP][PASSED] - if (!(getTestCaseStatus().equalsIgnoreCase("PASSED"))): null]]></system-out>
         <system-err><![CDATA[]]></system-err>
      </testcase>
      <testcase name="Test Cases/Atlas Platform/Platform Navigation/Login/Default Logins/Default_Login_as_Root Admin" time="10.292" classname="Test Cases/Atlas Platform/Platform Navigation/Login/Default Logins/Default_Login_as_Root Admin" status="PASSED">
         <system-out><![CDATA[2020-02-17 13:05:55 - [TEST_CASE][PASSED] - Test Cases/Atlas Platform/Platform Navigation/Login/Default Logins/Default_Login_as_Root Admin: Test Cases/Atlas Platform/Platform Navigation/Login/Default Logins/Default_Login_as_Root Admin

2020-02-17 13:05:58 - [TEST_STEP][NOT_RUN] - openBrowser(""): NOT_RUN: openBrowser("")

2020-02-17 13:05:58 - [MESSAGE][NOT_RUN] - NOT_RUN: openBrowser("")

2020-02-17 13:05:58 - [TEST_STEP][PASSED] - navigateToUrl("https://atlas-dev.gsm.auto/"): Navigate to 'https://atlas-dev.gsm.auto/' successfully

2020-02-17 13:06:01 - [MESSAGE][PASSED] - Navigate to 'https://atlas-dev.gsm.auto/' successfully

2020-02-17 13:06:01 - [TEST_STEP][PASSED] - setText(findTestObject("Login_Page/Page_/email address placeholder"), Email): Text 'Navaraj@totient.co.in' is set on object 'Object Repository/Login_Page/Page_/email address placeholder'

2020-02-17 13:06:02 - [MESSAGE][PASSED] - Text 'Navaraj@totient.co.in' is set on object 'Object Repository/Login_Page/Page_/email address placeholder'

2020-02-17 13:06:02 - [TEST_STEP][PASSED] - setText(findTestObject("Login_Page/Page_/Password placeholder"), Password): Text 'Totient@123' is set on object 'Object Repository/Login_Page/Page_/Password placeholder'

2020-02-17 13:06:03 - [MESSAGE][PASSED] - Text 'Totient@123' is set on object 'Object Repository/Login_Page/Page_/Password placeholder'

2020-02-17 13:06:03 - [TEST_STEP][PASSED] - click(findTestObject("Login_Page/Page_/Log In button")): Object: 'Object Repository/Login_Page/Page_/Log In button' is clicked on

2020-02-17 13:06:04 - [MESSAGE][PASSED] - Object: 'Object Repository/Login_Page/Page_/Log In button' is clicked on

2020-02-17 13:06:04 - [TEST_STEP][PASSED] - dashboard_act_title = getWindowTitle(): Current window's title is: ''

2020-02-17 13:06:04 - [MESSAGE][PASSED] - Current window's title is: ''

2020-02-17 13:06:04 - [TEST_STEP][PASSED] - verifyEqual(dashboard_act_title, dashboard_exp_title): Actual object '' and expected object '' are equal

2020-02-17 13:06:04 - [MESSAGE][PASSED] - Actual object '' and expected object '' are equal

2020-02-17 13:06:04 - [TEST_STEP][PASSED] - Start listener action : sampleAfterTestCase: null

2020-02-17 13:06:04 - [TEST_STEP][PASSED] - println(testCaseContext.getTestCaseId()): null

2020-02-17 13:06:04 - [TEST_STEP][PASSED] - println(testCaseContext.getTestCaseStatus()): null

2020-02-17 13:06:04 - [TEST_STEP][PASSED] - println("On Failure Method is Calling : " + testCaseContext.getTestCaseStatus()): null

2020-02-17 13:06:04 - [TEST_STEP][PASSED] - if (!(getTestCaseStatus().equalsIgnoreCase("PASSED"))): null]]></system-out>
         <system-err><![CDATA[]]></system-err>
      </testcase>
      <testcase name="Test Cases/Atlas Platform/Platform Navigation/Logout/Logout" time="3.838" classname="Test Cases/Atlas Platform/Platform Navigation/Logout/Logout" status="PASSED">
         <system-out><![CDATA[2020-02-17 13:06:06 - [TEST_CASE][PASSED] - Test Cases/Atlas Platform/Platform Navigation/Logout/Logout: Test Cases/Atlas Platform/Platform Navigation/Logout/Logout

2020-02-17 13:06:06 - [TEST_STEP][PASSED] - click(findTestObject("Logout/My Account")): Object: 'Object Repository/Logout/My Account' is clicked on

2020-02-17 13:06:07 - [MESSAGE][PASSED] - Object: 'Object Repository/Logout/My Account' is clicked on

2020-02-17 13:06:07 - [TEST_STEP][PASSED] - click(findTestObject("Logout/li_Log Out")): Object: 'Object Repository/Logout/li_Log Out' is clicked on

2020-02-17 13:06:07 - [MESSAGE][PASSED] - Object: 'Object Repository/Logout/li_Log Out' is clicked on

2020-02-17 13:06:07 - [TEST_STEP][PASSED] - actURL = getUrl(): Current window's url is: 'https://atlas-dev.gsm.auto/'

2020-02-17 13:06:08 - [MESSAGE][PASSED] - Current window's url is: 'https://atlas-dev.gsm.auto/'

2020-02-17 13:06:08 - [TEST_STEP][PASSED] - verifyMatch(actURL, "https://atlas-dev.gsm.auto/", false): Actual text 'https://atlas-dev.gsm.auto/' and expected text 'https://atlas-dev.gsm.auto/' are matched 

2020-02-17 13:06:08 - [MESSAGE][PASSED] - Actual text 'https://atlas-dev.gsm.auto/' and expected text 'https://atlas-dev.gsm.auto/' are matched 

2020-02-17 13:06:08 - [TEST_STEP][PASSED] - Start listener action : sampleAfterTestCase: null

2020-02-17 13:06:08 - [TEST_STEP][PASSED] - println(testCaseContext.getTestCaseId()): null

2020-02-17 13:06:08 - [TEST_STEP][PASSED] - println(testCaseContext.getTestCaseStatus()): null

2020-02-17 13:06:08 - [TEST_STEP][PASSED] - println("On Failure Method is Calling : " + testCaseContext.getTestCaseStatus()): null

2020-02-17 13:06:08 - [TEST_STEP][PASSED] - if (!(getTestCaseStatus().equalsIgnoreCase("PASSED"))): null]]></system-out>
         <system-err><![CDATA[]]></system-err>
      </testcase>
      <system-out><![CDATA[2020-02-17 13:05:20 - [TEST_SUITE][PASSED] - Login_Logout: Test Cases/Atlas Platform/Platform Navigation/Logout/Logout]]></system-out>
      <system-err><![CDATA[]]></system-err>
   </testsuite>
</testsuites>
