<?xml version="1.0" encoding="UTF-8"?>
<testsuites name="Roles" time="817.042" tests="26" failures="0" errors="1">
   <testsuite name="Roles" tests="26" failures="0" errors="1" time="817.042" timestamp="2020-03-13 13:24:35" hostname="Dell - DESKTOP-8FKLJ50" id="Test Suites/ROLES/Roles">
      <properties>
         <property name="deviceName" value=""/>
         <property name="devicePlatform" value=""/>
         <property name="logFolder" value="C:\\Users\\Dell\\git\\AtlasPlatform_QA\\Reports\\20200313_132421\\ROLES\\Roles\\20200313_132421"/>
         <property name="logFiles" value="C:\\Users\\Dell\\git\\AtlasPlatform_QA\\Reports\\20200313_132421\\ROLES\\Roles\\20200313_132421\\execution0.log"/>
         <property name="attachments" value="D:\\TestDataForSampleProject\\test1.jpg, C:\\Users\\Dell\\git\\AtlasPlatform_QA\\Reports\\20200313_132421\\ROLES\\Roles\\20200313_132421/videos\\test_12.avi"/>
         <property name="hostName" value="Dell - DESKTOP-8FKLJ50"/>
         <property name="os" value="Windows 10 64bit"/>
         <property name="katalonVersion" value="7.2.1.1"/>
         <property name="browser" value="Chrome 80.0.3987.132"/>
         <property name="hostAddress" value="10.0.75.1"/>
         <property name="sessionId" value="62ee8ebc367102ed3ba866c5357b196a"/>
         <property name="seleniumVersion" value="3.141.59"/>
         <property name="proxyInformation" value="ProxyInformation{proxyOption=NO_PROXY, proxyServerType=HTTP, password=, proxyServerAddress=, proxyServerPort=0, executionList=}"/>
         <property name="platform" value="Windows 10"/>
      </properties>
      <testcase name="Test Cases/Atlas Platform/Configuration Management/Platform Management/ROLES/Role Listing Grid/RLG-001 Validate Role Manager page Attributes" time="33.258" classname="Test Cases/Atlas Platform/Configuration Management/Platform Management/ROLES/Role Listing Grid/RLG-001 Validate Role Manager page Attributes" status="PASSED">
         <system-out><![CDATA[2020-03-13 13:24:36 - [TEST_CASE][PASSED] - Test Cases/Atlas Platform/Configuration Management/Platform Management/ROLES/Role Listing Grid/RLG-001 Validate Role Manager page Attributes: Test Cases/Atlas Platform/Configuration Management/Platform Management/ROLES/Role Listing Grid/RLG-001 Validate Role Manager page Attributes

2020-03-13 13:24:36 - [TEST_STEP][PASSED] - callTestCase(findTestCase("Atlas Platform/Platform Navigation/Login/Default Logins/Default_Login_as_Root Admin"), ["Email":findTestData("AMP_Y").getValue(1, 1), "Password":findTestData("AMP_Y").getValue(2, 1), "dashboard_exp_title":""], CONTINUE_ON_FAILURE): Call Test Case 'Test Cases/Atlas Platform/Platform Navigation/Login/Default Logins/Default_Login_as_Root Admin' successfully

2020-03-13 13:24:39 - [TEST_CASE][PASSED] - Test Cases/Atlas Platform/Platform Navigation/Login/Default Logins/Default_Login_as_Root Admin: Test Cases/Atlas Platform/Platform Navigation/Login/Default Logins/Default_Login_as_Root Admin

2020-03-13 13:24:40 - [TEST_STEP][PASSED] - openBrowser(""): Browser is opened with url: ''

2020-03-13 13:24:40 - [MESSAGE][INFO] - Starting 'Chrome' driver

2020-03-13 13:24:40 - [MESSAGE][INFO] - User set preference: ['args', '[--start-maximized, --disable-web-security, --no-proxy-server]']

2020-03-13 13:24:40 - [MESSAGE][INFO] - User set preference: ['prefs', '{credentials_enable_service=false, profile.password_manager_enabled=false}']

2020-03-13 13:24:40 - [MESSAGE][INFO] - Action delay is set to 0 seconds

2020-03-13 13:24:49 - [MESSAGE][PASSED] - Browser is opened with url: ''

2020-03-13 13:24:49 - [TEST_STEP][NOT_RUN] - callTestCase(findTestCase("Atlas Platform/Platform Navigation/Login/Default Logins/TC_100_ForSecurityURLSAcceptance"), [:], CONTINUE_ON_FAILURE): NOT_RUN: callTestCase(findTestCase("Atlas Platform/Platform Navigation/Login/Default Logins/TC_100_ForSecurityURLSAcceptance"), [:], CONTINUE_ON_FAILURE)

2020-03-13 13:24:49 - [MESSAGE][NOT_RUN] - NOT_RUN: callTestCase(findTestCase("Atlas Platform/Platform Navigation/Login/Default Logins/TC_100_ForSecurityURLSAcceptance"), [:], CONTINUE_ON_FAILURE)

2020-03-13 13:24:49 - [TEST_STEP][PASSED] - navigateToUrl("https://atlas-dev.gsm.auto/"): Navigate to 'https://atlas-dev.gsm.auto/' successfully

2020-03-13 13:24:53 - [MESSAGE][PASSED] - Navigate to 'https://atlas-dev.gsm.auto/' successfully

2020-03-13 13:24:53 - [TEST_STEP][PASSED] - setText(findTestObject("Login_Page/Page_/email address placeholder"), Email): Text 'Navaraj@totient.co.in' is set on object 'Object Repository/Login_Page/Page_/email address placeholder'

2020-03-13 13:24:54 - [MESSAGE][PASSED] - Text 'Navaraj@totient.co.in' is set on object 'Object Repository/Login_Page/Page_/email address placeholder'

2020-03-13 13:24:54 - [TEST_STEP][PASSED] - setText(findTestObject("Login_Page/Page_/Password placeholder"), Password): Text 'Totient@123' is set on object 'Object Repository/Login_Page/Page_/Password placeholder'

2020-03-13 13:24:55 - [MESSAGE][PASSED] - Text 'Totient@123' is set on object 'Object Repository/Login_Page/Page_/Password placeholder'

2020-03-13 13:24:55 - [TEST_STEP][PASSED] - click(findTestObject("Login_Page/Page_/Log In button")): Object: 'Object Repository/Login_Page/Page_/Log In button' is clicked on

2020-03-13 13:24:56 - [MESSAGE][PASSED] - Object: 'Object Repository/Login_Page/Page_/Log In button' is clicked on

2020-03-13 13:24:56 - [TEST_STEP][PASSED] - dashboard_act_title = getWindowTitle(): Current window's title is: ''

2020-03-13 13:24:56 - [MESSAGE][PASSED] - Current window's title is: ''

2020-03-13 13:24:56 - [TEST_STEP][PASSED] - verifyEqual(dashboard_act_title, dashboard_exp_title): Actual object '' and expected object '' are equal

2020-03-13 13:24:56 - [MESSAGE][PASSED] - Actual object '' and expected object '' are equal

2020-03-13 13:24:56 - [MESSAGE][PASSED] - Call Test Case 'Test Cases/Atlas Platform/Platform Navigation/Login/Default Logins/Default_Login_as_Root Admin' successfully

2020-03-13 13:24:56 - [TEST_STEP][PASSED] - click(findTestObject("ROLES/Role_Navigation/a_ADMIN")): Object: 'Object Repository/ROLES/Role_Navigation/a_ADMIN' is clicked on

2020-03-13 13:24:59 - [MESSAGE][PASSED] - Object: 'Object Repository/ROLES/Role_Navigation/a_ADMIN' is clicked on

2020-03-13 13:24:59 - [TEST_STEP][PASSED] - verifyElementPresent(findTestObject("ROLES/Roles_page/Role Manager"), 0): Object 'Object Repository/ROLES/Roles_page/Role Manager' is present

2020-03-13 13:24:59 - [MESSAGE][WARNING] - Timeout '0' is invalid. Using default page load timeout: '230'

2020-03-13 13:25:00 - [MESSAGE][PASSED] - Object 'Object Repository/ROLES/Roles_page/Role Manager' is present

2020-03-13 13:25:00 - [TEST_STEP][PASSED] - verifyElementPresent(findTestObject("ROLES/Roles_page/Role Manager_Expand button"), 0): Object 'Object Repository/ROLES/Roles_page/Role Manager_Expand button' is present

2020-03-13 13:25:01 - [MESSAGE][WARNING] - Timeout '0' is invalid. Using default page load timeout: '230'

2020-03-13 13:25:01 - [MESSAGE][PASSED] - Object 'Object Repository/ROLES/Roles_page/Role Manager_Expand button' is present

2020-03-13 13:25:01 - [TEST_STEP][PASSED] - verifyElementPresent(findTestObject("ROLES/Roles_page/All Roles"), 0): Object 'Object Repository/ROLES/Roles_page/All Roles' is present

2020-03-13 13:25:01 - [MESSAGE][WARNING] - Timeout '0' is invalid. Using default page load timeout: '230'

2020-03-13 13:25:01 - [MESSAGE][PASSED] - Object 'Object Repository/ROLES/Roles_page/All Roles' is present

2020-03-13 13:25:01 - [TEST_STEP][PASSED] - verifyElementPresent(findTestObject("ROLES/Roles_page/Search Box"), 0): Object 'Object Repository/ROLES/Roles_page/Search Box' is present

2020-03-13 13:25:01 - [MESSAGE][WARNING] - Timeout '0' is invalid. Using default page load timeout: '230'

2020-03-13 13:25:02 - [MESSAGE][PASSED] - Object 'Object Repository/ROLES/Roles_page/Search Box' is present

2020-03-13 13:25:02 - [TEST_STEP][PASSED] - verifyElementPresent(findTestObject("ROLES/Roles_page/Search_placeholder"), 0): Object 'Object Repository/ROLES/Roles_page/Search_placeholder' is present

2020-03-13 13:25:02 - [MESSAGE][WARNING] - Timeout '0' is invalid. Using default page load timeout: '230'

2020-03-13 13:25:02 - [MESSAGE][PASSED] - Object 'Object Repository/ROLES/Roles_page/Search_placeholder' is present

2020-03-13 13:25:02 - [TEST_STEP][PASSED] - verifyElementPresent(findTestObject("ROLES/Roles_page/Create Role_button"), 0): Object 'Object Repository/ROLES/Roles_page/Create Role_button' is present

2020-03-13 13:25:02 - [MESSAGE][WARNING] - Timeout '0' is invalid. Using default page load timeout: '230'

2020-03-13 13:25:02 - [MESSAGE][PASSED] - Object 'Object Repository/ROLES/Roles_page/Create Role_button' is present

2020-03-13 13:25:02 - [TEST_STEP][PASSED] - verifyElementPresent(findTestObject("ROLES/Roles_page/Role_grid"), 0): Object 'Object Repository/ROLES/Roles_page/Role_grid' is present

2020-03-13 13:25:02 - [MESSAGE][WARNING] - Timeout '0' is invalid. Using default page load timeout: '230'

2020-03-13 13:25:03 - [MESSAGE][PASSED] - Object 'Object Repository/ROLES/Roles_page/Role_grid' is present

2020-03-13 13:25:03 - [TEST_STEP][PASSED] - verifyElementPresent(findTestObject("ROLES/Roles_page/No. Users_grid"), 0): Object 'Object Repository/ROLES/Roles_page/No. Users_grid' is present

2020-03-13 13:25:03 - [MESSAGE][WARNING] - Timeout '0' is invalid. Using default page load timeout: '230'

2020-03-13 13:25:03 - [MESSAGE][PASSED] - Object 'Object Repository/ROLES/Roles_page/No. Users_grid' is present

2020-03-13 13:25:03 - [TEST_STEP][PASSED] - verifyElementPresent(findTestObject("ROLES/Roles_page/Status_grid"), 0): Object 'Object Repository/ROLES/Roles_page/Status_grid' is present

2020-03-13 13:25:03 - [MESSAGE][WARNING] - Timeout '0' is invalid. Using default page load timeout: '230'

2020-03-13 13:25:04 - [MESSAGE][PASSED] - Object 'Object Repository/ROLES/Roles_page/Status_grid' is present

2020-03-13 13:25:04 - [TEST_STEP][PASSED] - verifyElementPresent(findTestObject("ROLES/Roles_page/Created_grid"), 0): Object 'Object Repository/ROLES/Roles_page/Created_grid' is present

2020-03-13 13:25:04 - [MESSAGE][WARNING] - Timeout '0' is invalid. Using default page load timeout: '230'

2020-03-13 13:25:04 - [MESSAGE][PASSED] - Object 'Object Repository/ROLES/Roles_page/Created_grid' is present

2020-03-13 13:25:04 - [TEST_STEP][PASSED] - verifyElementPresent(findTestObject("ROLES/Roles_page/Modified_grid"), 0): Object 'Object Repository/ROLES/Roles_page/Modified_grid' is present

2020-03-13 13:25:04 - [MESSAGE][WARNING] - Timeout '0' is invalid. Using default page load timeout: '230'

2020-03-13 13:25:04 - [MESSAGE][PASSED] - Object 'Object Repository/ROLES/Roles_page/Modified_grid' is present

2020-03-13 13:25:04 - [TEST_STEP][PASSED] - verifyElementPresent(findTestObject("ROLES/Roles_page/toggle button_grid"), 0): Object 'Object Repository/ROLES/Roles_page/toggle button_grid' is present

2020-03-13 13:25:04 - [MESSAGE][WARNING] - Timeout '0' is invalid. Using default page load timeout: '230'

2020-03-13 13:25:05 - [MESSAGE][PASSED] - Object 'Object Repository/ROLES/Roles_page/toggle button_grid' is present

2020-03-13 13:25:05 - [TEST_STEP][PASSED] - verifyElementPresent(findTestObject("ROLES/Roles_page/Pagination/label_Page"), 0): Object 'Object Repository/ROLES/Roles_page/Pagination/label_Page' is present

2020-03-13 13:25:05 - [MESSAGE][WARNING] - Timeout '0' is invalid. Using default page load timeout: '230'

2020-03-13 13:25:05 - [MESSAGE][PASSED] - Object 'Object Repository/ROLES/Roles_page/Pagination/label_Page' is present

2020-03-13 13:25:05 - [TEST_STEP][PASSED] - verifyElementPresent(findTestObject("ROLES/Roles_page/Pagination/input_Page_form-control"), 0): Object 'Object Repository/ROLES/Roles_page/Pagination/input_Page_form-control' is present

2020-03-13 13:25:05 - [MESSAGE][WARNING] - Timeout '0' is invalid. Using default page load timeout: '230'

2020-03-13 13:25:05 - [MESSAGE][PASSED] - Object 'Object Repository/ROLES/Roles_page/Pagination/input_Page_form-control' is present

2020-03-13 13:25:05 - [TEST_STEP][PASSED] - verifyElementPresent(findTestObject("ROLES/Roles_page/Pagination/label_of 10"), 0): Object 'Object Repository/ROLES/Roles_page/Pagination/label_of 10' is present

2020-03-13 13:25:05 - [MESSAGE][WARNING] - Timeout '0' is invalid. Using default page load timeout: '230'

2020-03-13 13:25:06 - [MESSAGE][PASSED] - Object 'Object Repository/ROLES/Roles_page/Pagination/label_of 10' is present

2020-03-13 13:25:06 - [TEST_STEP][PASSED] - verifyElementPresent(findTestObject("ROLES/Roles_page/Pagination/front_navigation"), 0): Object 'Object Repository/ROLES/Roles_page/Pagination/front_navigation' is present

2020-03-13 13:25:06 - [MESSAGE][WARNING] - Timeout '0' is invalid. Using default page load timeout: '230'

2020-03-13 13:25:06 - [MESSAGE][PASSED] - Object 'Object Repository/ROLES/Roles_page/Pagination/front_navigation' is present

2020-03-13 13:25:06 - [TEST_STEP][PASSED] - verifyElementPresent(findTestObject("ROLES/Roles_page/Pagination/Back_navigation"), 0): Object 'Object Repository/ROLES/Roles_page/Pagination/Back_navigation' is present

2020-03-13 13:25:06 - [MESSAGE][WARNING] - Timeout '0' is invalid. Using default page load timeout: '230'

2020-03-13 13:25:06 - [MESSAGE][PASSED] - Object 'Object Repository/ROLES/Roles_page/Pagination/Back_navigation' is present

2020-03-13 13:25:06 - [TEST_STEP][PASSED] - verifyElementPresent(findTestObject("ROLES/Roles_page/Pagination/label_Showing 4-6 of 30 role(s)"), 0): Object 'Object Repository/ROLES/Roles_page/Pagination/label_Showing 4-6 of 30 role(s)' is present

2020-03-13 13:25:06 - [MESSAGE][WARNING] - Timeout '0' is invalid. Using default page load timeout: '230'

2020-03-13 13:25:07 - [MESSAGE][PASSED] - Object 'Object Repository/ROLES/Roles_page/Pagination/label_Showing 4-6 of 30 role(s)' is present

2020-03-13 13:25:07 - [TEST_STEP][PASSED] - Start listener action : sampleAfterTestCase: null

2020-03-13 13:25:07 - [TEST_STEP][PASSED] - println(testCaseContext.getTestCaseId()): null

2020-03-13 13:25:07 - [TEST_STEP][PASSED] - println(testCaseContext.getTestCaseStatus()): null

2020-03-13 13:25:07 - [TEST_STEP][PASSED] - println("On Failure Method is Calling : " + testCaseContext.getTestCaseStatus()): null

2020-03-13 13:25:07 - [TEST_STEP][PASSED] - if (!(getTestCaseStatus().equalsIgnoreCase("PASSED"))): null]]></system-out>
         <system-err><![CDATA[]]></system-err>
      </testcase>
      <testcase name="Test Cases/Atlas Platform/Configuration Management/Platform Management/ROLES/Role Listing Grid/RLG-002 Validate Role Manager expand and collapse button" time="8.778" classname="Test Cases/Atlas Platform/Configuration Management/Platform Management/ROLES/Role Listing Grid/RLG-002 Validate Role Manager expand and collapse button" status="PASSED">
         <system-out><![CDATA[2020-03-13 13:25:09 - [TEST_CASE][PASSED] - Test Cases/Atlas Platform/Configuration Management/Platform Management/ROLES/Role Listing Grid/RLG-002 Validate Role Manager expand and collapse button: Test Cases/Atlas Platform/Configuration Management/Platform Management/ROLES/Role Listing Grid/RLG-002 Validate Role Manager expand and collapse button

2020-03-13 13:25:09 - [TEST_STEP][NOT_RUN] - callTestCase(findTestCase("Atlas Platform/Platform Navigation/Login/Default Logins/Default_Login_as_Root Admin"), ["Email":findTestData("AMP_Y").getValue(1, 1), "Password":findTestData("AMP_Y").getValue(2, 1), "dashboard_exp_title":""], CONTINUE_ON_FAILURE): NOT_RUN: callTestCase(findTestCase("Atlas Platform/Platform Navigation/Login/Default Logins/Default_Login_as_Root Admin"), ["Email":findTestData("AMP_Y").getValue(1, 1), "Password":findTestData("AMP_Y").getValue(2, 1), "dashboard_exp_title":""], CONTINUE_ON_FAILURE)

2020-03-13 13:25:09 - [MESSAGE][NOT_RUN] - NOT_RUN: callTestCase(findTestCase("Atlas Platform/Platform Navigation/Login/Default Logins/Default_Login_as_Root Admin"), ["Email":findTestData("AMP_Y").getValue(1, 1), "Password":findTestData("AMP_Y").getValue(2, 1), "dashboard_exp_title":""], CONTINUE_ON_FAILURE)

2020-03-13 13:25:09 - [TEST_STEP][NOT_RUN] - click(findTestObject("ROLES/Role_Navigation/a_ADMIN")): NOT_RUN: click(findTestObject("ROLES/Role_Navigation/a_ADMIN"))

2020-03-13 13:25:09 - [MESSAGE][NOT_RUN] - NOT_RUN: click(findTestObject("ROLES/Role_Navigation/a_ADMIN"))

2020-03-13 13:25:09 - [TEST_STEP][PASSED] - click(findTestObject("ROLES/Roles_page/Role Manager_Expand button")): Object: 'Object Repository/ROLES/Roles_page/Role Manager_Expand button' is clicked on

2020-03-13 13:25:10 - [MESSAGE][PASSED] - Object: 'Object Repository/ROLES/Roles_page/Role Manager_Expand button' is clicked on

2020-03-13 13:25:10 - [TEST_STEP][PASSED] - verifyElementPresent(findTestObject("ROLES/Roles_page/Super Admin"), 0): Object 'Object Repository/ROLES/Roles_page/Super Admin' is present

2020-03-13 13:25:10 - [MESSAGE][WARNING] - Timeout '0' is invalid. Using default page load timeout: '230'

2020-03-13 13:25:10 - [MESSAGE][PASSED] - Object 'Object Repository/ROLES/Roles_page/Super Admin' is present

2020-03-13 13:25:10 - [TEST_STEP][PASSED] - verifyElementPresent(findTestObject("ROLES/Roles_page/Bundle Admin"), 0): Object 'Object Repository/ROLES/Roles_page/Bundle Admin' is present

2020-03-13 13:25:10 - [MESSAGE][WARNING] - Timeout '0' is invalid. Using default page load timeout: '230'

2020-03-13 13:25:10 - [MESSAGE][PASSED] - Object 'Object Repository/ROLES/Roles_page/Bundle Admin' is present

2020-03-13 13:25:10 - [TEST_STEP][PASSED] - verifyElementPresent(findTestObject("ROLES/Roles_page/Services Admin"), 0): Object 'Object Repository/ROLES/Roles_page/Services Admin' is present

2020-03-13 13:25:11 - [MESSAGE][WARNING] - Timeout '0' is invalid. Using default page load timeout: '230'

2020-03-13 13:25:11 - [MESSAGE][PASSED] - Object 'Object Repository/ROLES/Roles_page/Services Admin' is present

2020-03-13 13:25:11 - [TEST_STEP][PASSED] - verifyElementPresent(findTestObject("ROLES/Roles_page/Organization Admin"), 0): Object 'Object Repository/ROLES/Roles_page/Organization Admin' is present

2020-03-13 13:25:11 - [MESSAGE][WARNING] - Timeout '0' is invalid. Using default page load timeout: '230'

2020-03-13 13:25:11 - [MESSAGE][PASSED] - Object 'Object Repository/ROLES/Roles_page/Organization Admin' is present

2020-03-13 13:25:11 - [TEST_STEP][PASSED] - verifyElementPresent(findTestObject("ROLES/Roles_page/Account Admin"), 0): Object 'Object Repository/ROLES/Roles_page/Account Admin' is present

2020-03-13 13:25:11 - [MESSAGE][WARNING] - Timeout '0' is invalid. Using default page load timeout: '230'

2020-03-13 13:25:11 - [MESSAGE][PASSED] - Object 'Object Repository/ROLES/Roles_page/Account Admin' is present

2020-03-13 13:25:11 - [TEST_STEP][PASSED] - verifyElementPresent(findTestObject("ROLES/Roles_page/GSM Sales"), 0): Object 'Object Repository/ROLES/Roles_page/GSM Sales' is present

2020-03-13 13:25:12 - [MESSAGE][WARNING] - Timeout '0' is invalid. Using default page load timeout: '230'

2020-03-13 13:25:12 - [MESSAGE][PASSED] - Object 'Object Repository/ROLES/Roles_page/GSM Sales' is present

2020-03-13 13:25:12 - [TEST_STEP][PASSED] - verifyElementPresent(findTestObject("ROLES/Roles_page/Customer Success"), 0): Object 'Object Repository/ROLES/Roles_page/Customer Success' is present

2020-03-13 13:25:12 - [MESSAGE][WARNING] - Timeout '0' is invalid. Using default page load timeout: '230'

2020-03-13 13:25:12 - [MESSAGE][PASSED] - Object 'Object Repository/ROLES/Roles_page/Customer Success' is present

2020-03-13 13:25:12 - [TEST_STEP][PASSED] - click(findTestObject("ROLES/Roles_page/Role Manager_Collapse button")): Object: 'Object Repository/ROLES/Roles_page/Role Manager_Collapse button' is clicked on

2020-03-13 13:25:13 - [MESSAGE][PASSED] - Object: 'Object Repository/ROLES/Roles_page/Role Manager_Collapse button' is clicked on

2020-03-13 13:25:13 - [TEST_STEP][PASSED] - verifyElementNotVisibleInViewport(findTestObject("ROLES/Roles_page/Super Admin"), 0): Object 'Object Repository/ROLES/Roles_page/Super Admin' is present and NOT visible in viewport

2020-03-13 13:25:13 - [MESSAGE][WARNING] - Timeout '0' is invalid. Using default page load timeout: '230'

2020-03-13 13:25:13 - [MESSAGE][PASSED] - Object 'Object Repository/ROLES/Roles_page/Super Admin' is present and NOT visible in viewport

2020-03-13 13:25:13 - [TEST_STEP][PASSED] - verifyElementNotVisibleInViewport(findTestObject("ROLES/Roles_page/Bundle Admin"), 0): Object 'Object Repository/ROLES/Roles_page/Bundle Admin' is present and NOT visible in viewport

2020-03-13 13:25:13 - [MESSAGE][WARNING] - Timeout '0' is invalid. Using default page load timeout: '230'

2020-03-13 13:25:14 - [MESSAGE][PASSED] - Object 'Object Repository/ROLES/Roles_page/Bundle Admin' is present and NOT visible in viewport

2020-03-13 13:25:14 - [TEST_STEP][PASSED] - verifyElementNotVisibleInViewport(findTestObject("ROLES/Roles_page/Services Admin"), 0): Object 'Object Repository/ROLES/Roles_page/Services Admin' is present and NOT visible in viewport

2020-03-13 13:25:14 - [MESSAGE][WARNING] - Timeout '0' is invalid. Using default page load timeout: '230'

2020-03-13 13:25:14 - [MESSAGE][PASSED] - Object 'Object Repository/ROLES/Roles_page/Services Admin' is present and NOT visible in viewport

2020-03-13 13:25:14 - [TEST_STEP][PASSED] - verifyElementNotVisibleInViewport(findTestObject("ROLES/Roles_page/Organization Admin"), 0): Object 'Object Repository/ROLES/Roles_page/Organization Admin' is present and NOT visible in viewport

2020-03-13 13:25:14 - [MESSAGE][WARNING] - Timeout '0' is invalid. Using default page load timeout: '230'

2020-03-13 13:25:14 - [MESSAGE][PASSED] - Object 'Object Repository/ROLES/Roles_page/Organization Admin' is present and NOT visible in viewport

2020-03-13 13:25:14 - [TEST_STEP][PASSED] - verifyElementNotVisibleInViewport(findTestObject("ROLES/Roles_page/Account Admin"), 0): Object 'Object Repository/ROLES/Roles_page/Account Admin' is present and NOT visible in viewport

2020-03-13 13:25:14 - [MESSAGE][WARNING] - Timeout '0' is invalid. Using default page load timeout: '230'

2020-03-13 13:25:15 - [MESSAGE][PASSED] - Object 'Object Repository/ROLES/Roles_page/Account Admin' is present and NOT visible in viewport

2020-03-13 13:25:15 - [TEST_STEP][PASSED] - verifyElementNotVisibleInViewport(findTestObject("ROLES/Roles_page/GSM Sales"), 0): Object 'Object Repository/ROLES/Roles_page/GSM Sales' is present and NOT visible in viewport

2020-03-13 13:25:15 - [MESSAGE][WARNING] - Timeout '0' is invalid. Using default page load timeout: '230'

2020-03-13 13:25:15 - [MESSAGE][PASSED] - Object 'Object Repository/ROLES/Roles_page/GSM Sales' is present and NOT visible in viewport

2020-03-13 13:25:15 - [TEST_STEP][PASSED] - verifyElementNotVisibleInViewport(findTestObject("ROLES/Roles_page/Customer Success"), 0): Object 'Object Repository/ROLES/Roles_page/Customer Success' is present and NOT visible in viewport

2020-03-13 13:25:15 - [MESSAGE][WARNING] - Timeout '0' is invalid. Using default page load timeout: '230'

2020-03-13 13:25:16 - [MESSAGE][PASSED] - Object 'Object Repository/ROLES/Roles_page/Customer Success' is present and NOT visible in viewport

2020-03-13 13:25:16 - [TEST_STEP][PASSED] - Start listener action : sampleAfterTestCase: null

2020-03-13 13:25:16 - [TEST_STEP][PASSED] - println(testCaseContext.getTestCaseId()): null

2020-03-13 13:25:16 - [TEST_STEP][PASSED] - println(testCaseContext.getTestCaseStatus()): null

2020-03-13 13:25:16 - [TEST_STEP][PASSED] - println("On Failure Method is Calling : " + testCaseContext.getTestCaseStatus()): null

2020-03-13 13:25:16 - [TEST_STEP][PASSED] - if (!(getTestCaseStatus().equalsIgnoreCase("PASSED"))): null]]></system-out>
         <system-err><![CDATA[]]></system-err>
      </testcase>
      <testcase name="Test Cases/Atlas Platform/Configuration Management/Platform Management/ROLES/Role Listing Grid/RLG-003 Verify Filter functions in Role Manager page" time="48.376" classname="Test Cases/Atlas Platform/Configuration Management/Platform Management/ROLES/Role Listing Grid/RLG-003 Verify Filter functions in Role Manager page" status="PASSED">
         <system-out><![CDATA[2020-03-13 13:25:18 - [TEST_CASE][PASSED] - Test Cases/Atlas Platform/Configuration Management/Platform Management/ROLES/Role Listing Grid/RLG-003 Verify Filter functions in Role Manager page: Test Cases/Atlas Platform/Configuration Management/Platform Management/ROLES/Role Listing Grid/RLG-003 Verify Filter functions in Role Manager page

2020-03-13 13:25:18 - [TEST_STEP][NOT_RUN] - callTestCase(findTestCase("Atlas Platform/Platform Navigation/Login/Default Logins/Default_Login_as_Root Admin"), ["Email":findTestData("AMP_Y").getValue(1, 1), "Password":findTestData("AMP_Y").getValue(2, 1), "dashboard_exp_title":""], CONTINUE_ON_FAILURE): NOT_RUN: callTestCase(findTestCase("Atlas Platform/Platform Navigation/Login/Default Logins/Default_Login_as_Root Admin"), ["Email":findTestData("AMP_Y").getValue(1, 1), "Password":findTestData("AMP_Y").getValue(2, 1), "dashboard_exp_title":""], CONTINUE_ON_FAILURE)

2020-03-13 13:25:18 - [MESSAGE][NOT_RUN] - NOT_RUN: callTestCase(findTestCase("Atlas Platform/Platform Navigation/Login/Default Logins/Default_Login_as_Root Admin"), ["Email":findTestData("AMP_Y").getValue(1, 1), "Password":findTestData("AMP_Y").getValue(2, 1), "dashboard_exp_title":""], CONTINUE_ON_FAILURE)

2020-03-13 13:25:18 - [TEST_STEP][NOT_RUN] - click(findTestObject("ROLES/Role_Navigation/a_ADMIN")): NOT_RUN: click(findTestObject("ROLES/Role_Navigation/a_ADMIN"))

2020-03-13 13:25:18 - [MESSAGE][NOT_RUN] - NOT_RUN: click(findTestObject("ROLES/Role_Navigation/a_ADMIN"))

2020-03-13 13:25:18 - [TEST_STEP][PASSED] - click(findTestObject("ROLES/Roles_page/Filter")): Object: 'Object Repository/ROLES/Roles_page/Filter' is clicked on

2020-03-13 13:25:19 - [MESSAGE][PASSED] - Object: 'Object Repository/ROLES/Roles_page/Filter' is clicked on

2020-03-13 13:25:19 - [TEST_STEP][PASSED] - verifyElementPresent(findTestObject("ROLES/Roles_page/Filter_link/li_Status"), 0): Object 'Object Repository/ROLES/Roles_page/Filter_link/li_Status' is present

2020-03-13 13:25:19 - [MESSAGE][WARNING] - Timeout '0' is invalid. Using default page load timeout: '230'

2020-03-13 13:25:19 - [MESSAGE][PASSED] - Object 'Object Repository/ROLES/Roles_page/Filter_link/li_Status' is present

2020-03-13 13:25:19 - [TEST_STEP][PASSED] - verifyElementPresent(findTestObject("ROLES/Roles_page/Filter_link/span_Active"), 0): Object 'Object Repository/ROLES/Roles_page/Filter_link/span_Active' is present

2020-03-13 13:25:19 - [MESSAGE][WARNING] - Timeout '0' is invalid. Using default page load timeout: '230'

2020-03-13 13:25:20 - [MESSAGE][PASSED] - Object 'Object Repository/ROLES/Roles_page/Filter_link/span_Active' is present

2020-03-13 13:25:20 - [TEST_STEP][PASSED] - verifyElementPresent(findTestObject("ROLES/Roles_page/Filter_link/active_checkbox"), 0): Object 'Object Repository/ROLES/Roles_page/Filter_link/active_checkbox' is present

2020-03-13 13:25:20 - [MESSAGE][WARNING] - Timeout '0' is invalid. Using default page load timeout: '230'

2020-03-13 13:25:20 - [MESSAGE][PASSED] - Object 'Object Repository/ROLES/Roles_page/Filter_link/active_checkbox' is present

2020-03-13 13:25:20 - [TEST_STEP][PASSED] - verifyElementPresent(findTestObject("ROLES/Roles_page/Filter_link/span_Archived"), 0): Object 'Object Repository/ROLES/Roles_page/Filter_link/span_Archived' is present

2020-03-13 13:25:20 - [MESSAGE][WARNING] - Timeout '0' is invalid. Using default page load timeout: '230'

2020-03-13 13:25:20 - [MESSAGE][PASSED] - Object 'Object Repository/ROLES/Roles_page/Filter_link/span_Archived' is present

2020-03-13 13:25:20 - [TEST_STEP][PASSED] - verifyElementPresent(findTestObject("ROLES/Roles_page/Filter_link/archived_checkbox"), 0): Object 'Object Repository/ROLES/Roles_page/Filter_link/archived_checkbox' is present

2020-03-13 13:25:20 - [MESSAGE][WARNING] - Timeout '0' is invalid. Using default page load timeout: '230'

2020-03-13 13:25:21 - [MESSAGE][PASSED] - Object 'Object Repository/ROLES/Roles_page/Filter_link/archived_checkbox' is present

2020-03-13 13:25:21 - [TEST_STEP][PASSED] - verifyElementPresent(findTestObject("ROLES/Roles_page/Filter_link/button_Apply"), 0): Object 'Object Repository/ROLES/Roles_page/Filter_link/button_Apply' is present

2020-03-13 13:25:21 - [MESSAGE][WARNING] - Timeout '0' is invalid. Using default page load timeout: '230'

2020-03-13 13:25:21 - [MESSAGE][PASSED] - Object 'Object Repository/ROLES/Roles_page/Filter_link/button_Apply' is present

2020-03-13 13:25:21 - [TEST_STEP][PASSED] - noOfPages_text = getText(findTestObject("ROLES/Roles_page/Pagination/label_of 10")): Text of object 'Object Repository/ROLES/Roles_page/Pagination/label_of 10' is: 'of 18'

2020-03-13 13:25:21 - [MESSAGE][PASSED] - Text of object 'Object Repository/ROLES/Roles_page/Pagination/label_of 10' is: 'of 18'

2020-03-13 13:25:21 - [TEST_STEP][PASSED] - noOfPages = Integer.parseInt(noOfPages_text.substring(3)): null

2020-03-13 13:25:21 - [TEST_STEP][PASSED] - println(noOfPages): null

2020-03-13 13:25:21 - [TEST_STEP][PASSED] - status = <not implemented yet for class: org.codehaus.groovy.ast.expr.EmptyExpression>: null

2020-03-13 13:25:21 - [TEST_STEP][PASSED] - ActiveStatus = new java.util.ArrayList(): null

2020-03-13 13:25:21 - [TEST_STEP][PASSED] - ArchivedStatus = new java.util.ArrayList(): null

2020-03-13 13:25:21 - [TEST_STEP][PASSED] - for ([i = 1, i <= noOfPages, (i++)]): Object: 'Object Repository/ROLES/Roles_page/Pagination/front_navigation' is clicked on

2020-03-13 13:25:21 - [TEST_STEP][PASSED] - status = findWebElements(findTestObject("ROLES/Roles_page/sorting/status"), 2): null

2020-03-13 13:25:22 - [TEST_STEP][PASSED] - for (org.openqa.selenium.WebElement a : status): null

2020-03-13 13:25:22 - [TEST_STEP][PASSED] - s = a.getText(): null

2020-03-13 13:25:22 - [TEST_STEP][PASSED] - if (s == "Active"): null

2020-03-13 13:25:22 - [TEST_STEP][PASSED] - else: null

2020-03-13 13:25:22 - [TEST_STEP][PASSED] - ArchivedStatus.add(s): null

2020-03-13 13:25:22 - [TEST_STEP][PASSED] - s = a.getText(): null

2020-03-13 13:25:22 - [TEST_STEP][PASSED] - if (s == "Active"): null

2020-03-13 13:25:22 - [TEST_STEP][PASSED] - ActiveStatus.add(s): null

2020-03-13 13:25:22 - [TEST_STEP][PASSED] - s = a.getText(): null

2020-03-13 13:25:22 - [TEST_STEP][PASSED] - if (s == "Active"): null

2020-03-13 13:25:22 - [TEST_STEP][PASSED] - ActiveStatus.add(s): null

2020-03-13 13:25:22 - [TEST_STEP][PASSED] - s = a.getText(): null

2020-03-13 13:25:22 - [TEST_STEP][PASSED] - if (s == "Active"): null

2020-03-13 13:25:22 - [TEST_STEP][PASSED] - ActiveStatus.add(s): null

2020-03-13 13:25:22 - [TEST_STEP][PASSED] - s = a.getText(): null

2020-03-13 13:25:22 - [TEST_STEP][PASSED] - if (s == "Active"): null

2020-03-13 13:25:22 - [TEST_STEP][PASSED] - ActiveStatus.add(s): null

2020-03-13 13:25:22 - [TEST_STEP][PASSED] - s = a.getText(): null

2020-03-13 13:25:22 - [TEST_STEP][PASSED] - if (s == "Active"): null

2020-03-13 13:25:22 - [TEST_STEP][PASSED] - ActiveStatus.add(s): null

2020-03-13 13:25:22 - [TEST_STEP][PASSED] - s = a.getText(): null

2020-03-13 13:25:22 - [TEST_STEP][PASSED] - if (s == "Active"): null

2020-03-13 13:25:22 - [TEST_STEP][PASSED] - ActiveStatus.add(s): null

2020-03-13 13:25:22 - [TEST_STEP][PASSED] - s = a.getText(): null

2020-03-13 13:25:22 - [TEST_STEP][PASSED] - if (s == "Active"): null

2020-03-13 13:25:22 - [TEST_STEP][PASSED] - ActiveStatus.add(s): null

2020-03-13 13:25:22 - [TEST_STEP][PASSED] - s = a.getText(): null

2020-03-13 13:25:22 - [TEST_STEP][PASSED] - if (s == "Active"): null

2020-03-13 13:25:22 - [TEST_STEP][PASSED] - ActiveStatus.add(s): null

2020-03-13 13:25:22 - [TEST_STEP][PASSED] - s = a.getText(): null

2020-03-13 13:25:22 - [TEST_STEP][PASSED] - if (s == "Active"): null

2020-03-13 13:25:22 - [TEST_STEP][PASSED] - ActiveStatus.add(s): null

2020-03-13 13:25:22 - [TEST_STEP][PASSED] - click(findTestObject("ROLES/Roles_page/Pagination/front_navigation")): Object: 'Object Repository/ROLES/Roles_page/Pagination/front_navigation' is clicked on

2020-03-13 13:25:23 - [MESSAGE][PASSED] - Object: 'Object Repository/ROLES/Roles_page/Pagination/front_navigation' is clicked on

2020-03-13 13:25:23 - [TEST_STEP][PASSED] - status = findWebElements(findTestObject("ROLES/Roles_page/sorting/status"), 2): null

2020-03-13 13:25:24 - [TEST_STEP][PASSED] - for (org.openqa.selenium.WebElement a : status): null

2020-03-13 13:25:24 - [TEST_STEP][PASSED] - s = a.getText(): null

2020-03-13 13:25:24 - [TEST_STEP][PASSED] - if (s == "Active"): null

2020-03-13 13:25:24 - [TEST_STEP][PASSED] - else: null

2020-03-13 13:25:24 - [TEST_STEP][PASSED] - ArchivedStatus.add(s): null

2020-03-13 13:25:24 - [TEST_STEP][PASSED] - s = a.getText(): null

2020-03-13 13:25:24 - [TEST_STEP][PASSED] - if (s == "Active"): null

2020-03-13 13:25:24 - [TEST_STEP][PASSED] - ActiveStatus.add(s): null

2020-03-13 13:25:24 - [TEST_STEP][PASSED] - s = a.getText(): null

2020-03-13 13:25:24 - [TEST_STEP][PASSED] - if (s == "Active"): null

2020-03-13 13:25:24 - [TEST_STEP][PASSED] - ActiveStatus.add(s): null

2020-03-13 13:25:24 - [TEST_STEP][PASSED] - s = a.getText(): null

2020-03-13 13:25:24 - [TEST_STEP][PASSED] - if (s == "Active"): null

2020-03-13 13:25:24 - [TEST_STEP][PASSED] - ActiveStatus.add(s): null

2020-03-13 13:25:24 - [TEST_STEP][PASSED] - s = a.getText(): null

2020-03-13 13:25:24 - [TEST_STEP][PASSED] - if (s == "Active"): null

2020-03-13 13:25:24 - [TEST_STEP][PASSED] - ActiveStatus.add(s): null

2020-03-13 13:25:24 - [TEST_STEP][PASSED] - s = a.getText(): null

2020-03-13 13:25:24 - [TEST_STEP][PASSED] - if (s == "Active"): null

2020-03-13 13:25:24 - [TEST_STEP][PASSED] - else: null

2020-03-13 13:25:24 - [TEST_STEP][PASSED] - ArchivedStatus.add(s): null

2020-03-13 13:25:24 - [TEST_STEP][PASSED] - s = a.getText(): null

2020-03-13 13:25:24 - [TEST_STEP][PASSED] - if (s == "Active"): null

2020-03-13 13:25:24 - [TEST_STEP][PASSED] - ActiveStatus.add(s): null

2020-03-13 13:25:24 - [TEST_STEP][PASSED] - s = a.getText(): null

2020-03-13 13:25:24 - [TEST_STEP][PASSED] - if (s == "Active"): null

2020-03-13 13:25:24 - [TEST_STEP][PASSED] - else: null

2020-03-13 13:25:24 - [TEST_STEP][PASSED] - ArchivedStatus.add(s): null

2020-03-13 13:25:24 - [TEST_STEP][PASSED] - s = a.getText(): null

2020-03-13 13:25:24 - [TEST_STEP][PASSED] - if (s == "Active"): null

2020-03-13 13:25:24 - [TEST_STEP][PASSED] - ActiveStatus.add(s): null

2020-03-13 13:25:24 - [TEST_STEP][PASSED] - s = a.getText(): null

2020-03-13 13:25:24 - [TEST_STEP][PASSED] - if (s == "Active"): null

2020-03-13 13:25:24 - [TEST_STEP][PASSED] - ActiveStatus.add(s): null

2020-03-13 13:25:24 - [TEST_STEP][PASSED] - click(findTestObject("ROLES/Roles_page/Pagination/front_navigation")): Object: 'Object Repository/ROLES/Roles_page/Pagination/front_navigation' is clicked on

2020-03-13 13:25:24 - [MESSAGE][PASSED] - Object: 'Object Repository/ROLES/Roles_page/Pagination/front_navigation' is clicked on

2020-03-13 13:25:24 - [TEST_STEP][PASSED] - status = findWebElements(findTestObject("ROLES/Roles_page/sorting/status"), 2): null

2020-03-13 13:25:26 - [TEST_STEP][PASSED] - for (org.openqa.selenium.WebElement a : status): null

2020-03-13 13:25:26 - [TEST_STEP][PASSED] - s = a.getText(): null

2020-03-13 13:25:26 - [TEST_STEP][PASSED] - if (s == "Active"): null

2020-03-13 13:25:26 - [TEST_STEP][PASSED] - ActiveStatus.add(s): null

2020-03-13 13:25:26 - [TEST_STEP][PASSED] - s = a.getText(): null

2020-03-13 13:25:26 - [TEST_STEP][PASSED] - if (s == "Active"): null

2020-03-13 13:25:26 - [TEST_STEP][PASSED] - ActiveStatus.add(s): null

2020-03-13 13:25:26 - [TEST_STEP][PASSED] - s = a.getText(): null

2020-03-13 13:25:26 - [TEST_STEP][PASSED] - if (s == "Active"): null

2020-03-13 13:25:26 - [TEST_STEP][PASSED] - ActiveStatus.add(s): null

2020-03-13 13:25:26 - [TEST_STEP][PASSED] - s = a.getText(): null

2020-03-13 13:25:26 - [TEST_STEP][PASSED] - if (s == "Active"): null

2020-03-13 13:25:26 - [TEST_STEP][PASSED] - ActiveStatus.add(s): null

2020-03-13 13:25:26 - [TEST_STEP][PASSED] - s = a.getText(): null

2020-03-13 13:25:26 - [TEST_STEP][PASSED] - if (s == "Active"): null

2020-03-13 13:25:26 - [TEST_STEP][PASSED] - ActiveStatus.add(s): null

2020-03-13 13:25:26 - [TEST_STEP][PASSED] - s = a.getText(): null

2020-03-13 13:25:26 - [TEST_STEP][PASSED] - if (s == "Active"): null

2020-03-13 13:25:26 - [TEST_STEP][PASSED] - ActiveStatus.add(s): null

2020-03-13 13:25:26 - [TEST_STEP][PASSED] - s = a.getText(): null

2020-03-13 13:25:26 - [TEST_STEP][PASSED] - if (s == "Active"): null

2020-03-13 13:25:26 - [TEST_STEP][PASSED] - ActiveStatus.add(s): null

2020-03-13 13:25:26 - [TEST_STEP][PASSED] - s = a.getText(): null

2020-03-13 13:25:26 - [TEST_STEP][PASSED] - if (s == "Active"): null

2020-03-13 13:25:26 - [TEST_STEP][PASSED] - ActiveStatus.add(s): null

2020-03-13 13:25:26 - [TEST_STEP][PASSED] - s = a.getText(): null

2020-03-13 13:25:26 - [TEST_STEP][PASSED] - if (s == "Active"): null

2020-03-13 13:25:26 - [TEST_STEP][PASSED] - ActiveStatus.add(s): null

2020-03-13 13:25:26 - [TEST_STEP][PASSED] - s = a.getText(): null

2020-03-13 13:25:26 - [TEST_STEP][PASSED] - if (s == "Active"): null

2020-03-13 13:25:26 - [TEST_STEP][PASSED] - ActiveStatus.add(s): null

2020-03-13 13:25:26 - [TEST_STEP][PASSED] - click(findTestObject("ROLES/Roles_page/Pagination/front_navigation")): Object: 'Object Repository/ROLES/Roles_page/Pagination/front_navigation' is clicked on

2020-03-13 13:25:26 - [MESSAGE][PASSED] - Object: 'Object Repository/ROLES/Roles_page/Pagination/front_navigation' is clicked on

2020-03-13 13:25:26 - [TEST_STEP][PASSED] - status = findWebElements(findTestObject("ROLES/Roles_page/sorting/status"), 2): null

2020-03-13 13:25:27 - [TEST_STEP][PASSED] - for (org.openqa.selenium.WebElement a : status): null

2020-03-13 13:25:27 - [TEST_STEP][PASSED] - s = a.getText(): null

2020-03-13 13:25:27 - [TEST_STEP][PASSED] - if (s == "Active"): null

2020-03-13 13:25:27 - [TEST_STEP][PASSED] - ActiveStatus.add(s): null

2020-03-13 13:25:27 - [TEST_STEP][PASSED] - s = a.getText(): null

2020-03-13 13:25:27 - [TEST_STEP][PASSED] - if (s == "Active"): null

2020-03-13 13:25:27 - [TEST_STEP][PASSED] - ActiveStatus.add(s): null

2020-03-13 13:25:27 - [TEST_STEP][PASSED] - s = a.getText(): null

2020-03-13 13:25:27 - [TEST_STEP][PASSED] - if (s == "Active"): null

2020-03-13 13:25:27 - [TEST_STEP][PASSED] - ActiveStatus.add(s): null

2020-03-13 13:25:27 - [TEST_STEP][PASSED] - s = a.getText(): null

2020-03-13 13:25:27 - [TEST_STEP][PASSED] - if (s == "Active"): null

2020-03-13 13:25:27 - [TEST_STEP][PASSED] - ActiveStatus.add(s): null

2020-03-13 13:25:27 - [TEST_STEP][PASSED] - s = a.getText(): null

2020-03-13 13:25:27 - [TEST_STEP][PASSED] - if (s == "Active"): null

2020-03-13 13:25:27 - [TEST_STEP][PASSED] - ActiveStatus.add(s): null

2020-03-13 13:25:27 - [TEST_STEP][PASSED] - s = a.getText(): null

2020-03-13 13:25:27 - [TEST_STEP][PASSED] - if (s == "Active"): null

2020-03-13 13:25:27 - [TEST_STEP][PASSED] - else: null

2020-03-13 13:25:27 - [TEST_STEP][PASSED] - ArchivedStatus.add(s): null

2020-03-13 13:25:27 - [TEST_STEP][PASSED] - s = a.getText(): null

2020-03-13 13:25:27 - [TEST_STEP][PASSED] - if (s == "Active"): null

2020-03-13 13:25:27 - [TEST_STEP][PASSED] - ActiveStatus.add(s): null

2020-03-13 13:25:27 - [TEST_STEP][PASSED] - s = a.getText(): null

2020-03-13 13:25:27 - [TEST_STEP][PASSED] - if (s == "Active"): null

2020-03-13 13:25:27 - [TEST_STEP][PASSED] - ActiveStatus.add(s): null

2020-03-13 13:25:27 - [TEST_STEP][PASSED] - s = a.getText(): null

2020-03-13 13:25:27 - [TEST_STEP][PASSED] - if (s == "Active"): null

2020-03-13 13:25:27 - [TEST_STEP][PASSED] - ActiveStatus.add(s): null

2020-03-13 13:25:27 - [TEST_STEP][PASSED] - s = a.getText(): null

2020-03-13 13:25:27 - [TEST_STEP][PASSED] - if (s == "Active"): null

2020-03-13 13:25:27 - [TEST_STEP][PASSED] - ActiveStatus.add(s): null

2020-03-13 13:25:27 - [TEST_STEP][PASSED] - click(findTestObject("ROLES/Roles_page/Pagination/front_navigation")): Object: 'Object Repository/ROLES/Roles_page/Pagination/front_navigation' is clicked on

2020-03-13 13:25:28 - [MESSAGE][PASSED] - Object: 'Object Repository/ROLES/Roles_page/Pagination/front_navigation' is clicked on

2020-03-13 13:25:28 - [TEST_STEP][PASSED] - status = findWebElements(findTestObject("ROLES/Roles_page/sorting/status"), 2): null

2020-03-13 13:25:29 - [TEST_STEP][PASSED] - for (org.openqa.selenium.WebElement a : status): null

2020-03-13 13:25:29 - [TEST_STEP][PASSED] - s = a.getText(): null

2020-03-13 13:25:29 - [TEST_STEP][PASSED] - if (s == "Active"): null

2020-03-13 13:25:29 - [TEST_STEP][PASSED] - ActiveStatus.add(s): null

2020-03-13 13:25:29 - [TEST_STEP][PASSED] - s = a.getText(): null

2020-03-13 13:25:29 - [TEST_STEP][PASSED] - if (s == "Active"): null

2020-03-13 13:25:29 - [TEST_STEP][PASSED] - ActiveStatus.add(s): null

2020-03-13 13:25:29 - [TEST_STEP][PASSED] - s = a.getText(): null

2020-03-13 13:25:29 - [TEST_STEP][PASSED] - if (s == "Active"): null

2020-03-13 13:25:29 - [TEST_STEP][PASSED] - ActiveStatus.add(s): null

2020-03-13 13:25:29 - [TEST_STEP][PASSED] - s = a.getText(): null

2020-03-13 13:25:29 - [TEST_STEP][PASSED] - if (s == "Active"): null

2020-03-13 13:25:29 - [TEST_STEP][PASSED] - ActiveStatus.add(s): null

2020-03-13 13:25:29 - [TEST_STEP][PASSED] - s = a.getText(): null

2020-03-13 13:25:29 - [TEST_STEP][PASSED] - if (s == "Active"): null

2020-03-13 13:25:29 - [TEST_STEP][PASSED] - else: null

2020-03-13 13:25:29 - [TEST_STEP][PASSED] - ArchivedStatus.add(s): null

2020-03-13 13:25:29 - [TEST_STEP][PASSED] - s = a.getText(): null

2020-03-13 13:25:29 - [TEST_STEP][PASSED] - if (s == "Active"): null

2020-03-13 13:25:29 - [TEST_STEP][PASSED] - ActiveStatus.add(s): null

2020-03-13 13:25:29 - [TEST_STEP][PASSED] - s = a.getText(): null

2020-03-13 13:25:29 - [TEST_STEP][PASSED] - if (s == "Active"): null

2020-03-13 13:25:29 - [TEST_STEP][PASSED] - ActiveStatus.add(s): null

2020-03-13 13:25:29 - [TEST_STEP][PASSED] - s = a.getText(): null

2020-03-13 13:25:29 - [TEST_STEP][PASSED] - if (s == "Active"): null

2020-03-13 13:25:29 - [TEST_STEP][PASSED] - ActiveStatus.add(s): null

2020-03-13 13:25:29 - [TEST_STEP][PASSED] - s = a.getText(): null

2020-03-13 13:25:29 - [TEST_STEP][PASSED] - if (s == "Active"): null

2020-03-13 13:25:29 - [TEST_STEP][PASSED] - ActiveStatus.add(s): null

2020-03-13 13:25:29 - [TEST_STEP][PASSED] - s = a.getText(): null

2020-03-13 13:25:29 - [TEST_STEP][PASSED] - if (s == "Active"): null

2020-03-13 13:25:29 - [TEST_STEP][PASSED] - ActiveStatus.add(s): null

2020-03-13 13:25:29 - [TEST_STEP][PASSED] - click(findTestObject("ROLES/Roles_page/Pagination/front_navigation")): Object: 'Object Repository/ROLES/Roles_page/Pagination/front_navigation' is clicked on

2020-03-13 13:25:29 - [MESSAGE][PASSED] - Object: 'Object Repository/ROLES/Roles_page/Pagination/front_navigation' is clicked on

2020-03-13 13:25:29 - [TEST_STEP][PASSED] - status = findWebElements(findTestObject("ROLES/Roles_page/sorting/status"), 2): null

2020-03-13 13:25:30 - [TEST_STEP][PASSED] - for (org.openqa.selenium.WebElement a : status): null

2020-03-13 13:25:30 - [TEST_STEP][PASSED] - s = a.getText(): null

2020-03-13 13:25:30 - [TEST_STEP][PASSED] - if (s == "Active"): null

2020-03-13 13:25:30 - [TEST_STEP][PASSED] - ActiveStatus.add(s): null

2020-03-13 13:25:30 - [TEST_STEP][PASSED] - s = a.getText(): null

2020-03-13 13:25:31 - [TEST_STEP][PASSED] - if (s == "Active"): null

2020-03-13 13:25:31 - [TEST_STEP][PASSED] - ActiveStatus.add(s): null

2020-03-13 13:25:31 - [TEST_STEP][PASSED] - s = a.getText(): null

2020-03-13 13:25:31 - [TEST_STEP][PASSED] - if (s == "Active"): null

2020-03-13 13:25:31 - [TEST_STEP][PASSED] - ActiveStatus.add(s): null

2020-03-13 13:25:31 - [TEST_STEP][PASSED] - s = a.getText(): null

2020-03-13 13:25:31 - [TEST_STEP][PASSED] - if (s == "Active"): null

2020-03-13 13:25:31 - [TEST_STEP][PASSED] - ActiveStatus.add(s): null

2020-03-13 13:25:31 - [TEST_STEP][PASSED] - s = a.getText(): null

2020-03-13 13:25:31 - [TEST_STEP][PASSED] - if (s == "Active"): null

2020-03-13 13:25:31 - [TEST_STEP][PASSED] - ActiveStatus.add(s): null

2020-03-13 13:25:31 - [TEST_STEP][PASSED] - s = a.getText(): null

2020-03-13 13:25:31 - [TEST_STEP][PASSED] - if (s == "Active"): null

2020-03-13 13:25:31 - [TEST_STEP][PASSED] - ActiveStatus.add(s): null

2020-03-13 13:25:31 - [TEST_STEP][PASSED] - s = a.getText(): null

2020-03-13 13:25:31 - [TEST_STEP][PASSED] - if (s == "Active"): null

2020-03-13 13:25:31 - [TEST_STEP][PASSED] - ActiveStatus.add(s): null

2020-03-13 13:25:31 - [TEST_STEP][PASSED] - s = a.getText(): null

2020-03-13 13:25:31 - [TEST_STEP][PASSED] - if (s == "Active"): null

2020-03-13 13:25:31 - [TEST_STEP][PASSED] - ActiveStatus.add(s): null

2020-03-13 13:25:31 - [TEST_STEP][PASSED] - s = a.getText(): null

2020-03-13 13:25:31 - [TEST_STEP][PASSED] - if (s == "Active"): null

2020-03-13 13:25:31 - [TEST_STEP][PASSED] - ActiveStatus.add(s): null

2020-03-13 13:25:31 - [TEST_STEP][PASSED] - s = a.getText(): null

2020-03-13 13:25:31 - [TEST_STEP][PASSED] - if (s == "Active"): null

2020-03-13 13:25:31 - [TEST_STEP][PASSED] - ActiveStatus.add(s): null

2020-03-13 13:25:31 - [TEST_STEP][PASSED] - click(findTestObject("ROLES/Roles_page/Pagination/front_navigation")): Object: 'Object Repository/ROLES/Roles_page/Pagination/front_navigation' is clicked on

2020-03-13 13:25:31 - [MESSAGE][PASSED] - Object: 'Object Repository/ROLES/Roles_page/Pagination/front_navigation' is clicked on

2020-03-13 13:25:31 - [TEST_STEP][PASSED] - status = findWebElements(findTestObject("ROLES/Roles_page/sorting/status"), 2): null

2020-03-13 13:25:32 - [TEST_STEP][PASSED] - for (org.openqa.selenium.WebElement a : status): null

2020-03-13 13:25:32 - [TEST_STEP][PASSED] - s = a.getText(): null

2020-03-13 13:25:32 - [TEST_STEP][PASSED] - if (s == "Active"): null

2020-03-13 13:25:32 - [TEST_STEP][PASSED] - ActiveStatus.add(s): null

2020-03-13 13:25:32 - [TEST_STEP][PASSED] - s = a.getText(): null

2020-03-13 13:25:32 - [TEST_STEP][PASSED] - if (s == "Active"): null

2020-03-13 13:25:32 - [TEST_STEP][PASSED] - ActiveStatus.add(s): null

2020-03-13 13:25:32 - [TEST_STEP][PASSED] - s = a.getText(): null

2020-03-13 13:25:32 - [TEST_STEP][PASSED] - if (s == "Active"): null

2020-03-13 13:25:32 - [TEST_STEP][PASSED] - else: null

2020-03-13 13:25:32 - [TEST_STEP][PASSED] - ArchivedStatus.add(s): null

2020-03-13 13:25:32 - [TEST_STEP][PASSED] - s = a.getText(): null

2020-03-13 13:25:32 - [TEST_STEP][PASSED] - if (s == "Active"): null

2020-03-13 13:25:32 - [TEST_STEP][PASSED] - ActiveStatus.add(s): null

2020-03-13 13:25:32 - [TEST_STEP][PASSED] - s = a.getText(): null

2020-03-13 13:25:32 - [TEST_STEP][PASSED] - if (s == "Active"): null

2020-03-13 13:25:32 - [TEST_STEP][PASSED] - ActiveStatus.add(s): null

2020-03-13 13:25:32 - [TEST_STEP][PASSED] - s = a.getText(): null

2020-03-13 13:25:32 - [TEST_STEP][PASSED] - if (s == "Active"): null

2020-03-13 13:25:32 - [TEST_STEP][PASSED] - ActiveStatus.add(s): null

2020-03-13 13:25:32 - [TEST_STEP][PASSED] - s = a.getText(): null

2020-03-13 13:25:32 - [TEST_STEP][PASSED] - if (s == "Active"): null

2020-03-13 13:25:32 - [TEST_STEP][PASSED] - ActiveStatus.add(s): null

2020-03-13 13:25:32 - [TEST_STEP][PASSED] - s = a.getText(): null

2020-03-13 13:25:32 - [TEST_STEP][PASSED] - if (s == "Active"): null

2020-03-13 13:25:32 - [TEST_STEP][PASSED] - ActiveStatus.add(s): null

2020-03-13 13:25:32 - [TEST_STEP][PASSED] - s = a.getText(): null

2020-03-13 13:25:32 - [TEST_STEP][PASSED] - if (s == "Active"): null

2020-03-13 13:25:32 - [TEST_STEP][PASSED] - ActiveStatus.add(s): null

2020-03-13 13:25:32 - [TEST_STEP][PASSED] - s = a.getText(): null

2020-03-13 13:25:32 - [TEST_STEP][PASSED] - if (s == "Active"): null

2020-03-13 13:25:32 - [TEST_STEP][PASSED] - ActiveStatus.add(s): null

2020-03-13 13:25:32 - [TEST_STEP][PASSED] - click(findTestObject("ROLES/Roles_page/Pagination/front_navigation")): Object: 'Object Repository/ROLES/Roles_page/Pagination/front_navigation' is clicked on

2020-03-13 13:25:33 - [MESSAGE][PASSED] - Object: 'Object Repository/ROLES/Roles_page/Pagination/front_navigation' is clicked on

2020-03-13 13:25:33 - [TEST_STEP][PASSED] - status = findWebElements(findTestObject("ROLES/Roles_page/sorting/status"), 2): null

2020-03-13 13:25:34 - [TEST_STEP][PASSED] - for (org.openqa.selenium.WebElement a : status): null

2020-03-13 13:25:34 - [TEST_STEP][PASSED] - s = a.getText(): null

2020-03-13 13:25:34 - [TEST_STEP][PASSED] - if (s == "Active"): null

2020-03-13 13:25:34 - [TEST_STEP][PASSED] - ActiveStatus.add(s): null

2020-03-13 13:25:34 - [TEST_STEP][PASSED] - s = a.getText(): null

2020-03-13 13:25:34 - [TEST_STEP][PASSED] - if (s == "Active"): null

2020-03-13 13:25:34 - [TEST_STEP][PASSED] - else: null

2020-03-13 13:25:34 - [TEST_STEP][PASSED] - ArchivedStatus.add(s): null

2020-03-13 13:25:34 - [TEST_STEP][PASSED] - s = a.getText(): null

2020-03-13 13:25:34 - [TEST_STEP][PASSED] - if (s == "Active"): null

2020-03-13 13:25:34 - [TEST_STEP][PASSED] - ActiveStatus.add(s): null

2020-03-13 13:25:34 - [TEST_STEP][PASSED] - s = a.getText(): null

2020-03-13 13:25:34 - [TEST_STEP][PASSED] - if (s == "Active"): null

2020-03-13 13:25:34 - [TEST_STEP][PASSED] - ActiveStatus.add(s): null

2020-03-13 13:25:34 - [TEST_STEP][PASSED] - s = a.getText(): null

2020-03-13 13:25:34 - [TEST_STEP][PASSED] - if (s == "Active"): null

2020-03-13 13:25:34 - [TEST_STEP][PASSED] - ActiveStatus.add(s): null

2020-03-13 13:25:34 - [TEST_STEP][PASSED] - s = a.getText(): null

2020-03-13 13:25:34 - [TEST_STEP][PASSED] - if (s == "Active"): null

2020-03-13 13:25:34 - [TEST_STEP][PASSED] - else: null

2020-03-13 13:25:34 - [TEST_STEP][PASSED] - ArchivedStatus.add(s): null

2020-03-13 13:25:34 - [TEST_STEP][PASSED] - s = a.getText(): null

2020-03-13 13:25:34 - [TEST_STEP][PASSED] - if (s == "Active"): null

2020-03-13 13:25:34 - [TEST_STEP][PASSED] - ActiveStatus.add(s): null

2020-03-13 13:25:34 - [TEST_STEP][PASSED] - s = a.getText(): null

2020-03-13 13:25:34 - [TEST_STEP][PASSED] - if (s == "Active"): null

2020-03-13 13:25:34 - [TEST_STEP][PASSED] - ActiveStatus.add(s): null

2020-03-13 13:25:34 - [TEST_STEP][PASSED] - s = a.getText(): null

2020-03-13 13:25:34 - [TEST_STEP][PASSED] - if (s == "Active"): null

2020-03-13 13:25:34 - [TEST_STEP][PASSED] - else: null

2020-03-13 13:25:34 - [TEST_STEP][PASSED] - ArchivedStatus.add(s): null

2020-03-13 13:25:34 - [TEST_STEP][PASSED] - s = a.getText(): null

2020-03-13 13:25:34 - [TEST_STEP][PASSED] - if (s == "Active"): null

2020-03-13 13:25:34 - [TEST_STEP][PASSED] - ActiveStatus.add(s): null

2020-03-13 13:25:34 - [TEST_STEP][PASSED] - click(findTestObject("ROLES/Roles_page/Pagination/front_navigation")): Object: 'Object Repository/ROLES/Roles_page/Pagination/front_navigation' is clicked on

2020-03-13 13:25:34 - [MESSAGE][PASSED] - Object: 'Object Repository/ROLES/Roles_page/Pagination/front_navigation' is clicked on

2020-03-13 13:25:34 - [TEST_STEP][PASSED] - status = findWebElements(findTestObject("ROLES/Roles_page/sorting/status"), 2): null

2020-03-13 13:25:35 - [TEST_STEP][PASSED] - for (org.openqa.selenium.WebElement a : status): null

2020-03-13 13:25:35 - [TEST_STEP][PASSED] - s = a.getText(): null

2020-03-13 13:25:35 - [TEST_STEP][PASSED] - if (s == "Active"): null

2020-03-13 13:25:35 - [TEST_STEP][PASSED] - ActiveStatus.add(s): null

2020-03-13 13:25:35 - [TEST_STEP][PASSED] - s = a.getText(): null

2020-03-13 13:25:35 - [TEST_STEP][PASSED] - if (s == "Active"): null

2020-03-13 13:25:35 - [TEST_STEP][PASSED] - ActiveStatus.add(s): null

2020-03-13 13:25:35 - [TEST_STEP][PASSED] - s = a.getText(): null

2020-03-13 13:25:35 - [TEST_STEP][PASSED] - if (s == "Active"): null

2020-03-13 13:25:35 - [TEST_STEP][PASSED] - ActiveStatus.add(s): null

2020-03-13 13:25:35 - [TEST_STEP][PASSED] - s = a.getText(): null

2020-03-13 13:25:35 - [TEST_STEP][PASSED] - if (s == "Active"): null

2020-03-13 13:25:35 - [TEST_STEP][PASSED] - ActiveStatus.add(s): null

2020-03-13 13:25:35 - [TEST_STEP][PASSED] - s = a.getText(): null

2020-03-13 13:25:35 - [TEST_STEP][PASSED] - if (s == "Active"): null

2020-03-13 13:25:35 - [TEST_STEP][PASSED] - ActiveStatus.add(s): null

2020-03-13 13:25:35 - [TEST_STEP][PASSED] - s = a.getText(): null

2020-03-13 13:25:35 - [TEST_STEP][PASSED] - if (s == "Active"): null

2020-03-13 13:25:35 - [TEST_STEP][PASSED] - ActiveStatus.add(s): null

2020-03-13 13:25:35 - [TEST_STEP][PASSED] - s = a.getText(): null

2020-03-13 13:25:36 - [TEST_STEP][PASSED] - if (s == "Active"): null

2020-03-13 13:25:36 - [TEST_STEP][PASSED] - ActiveStatus.add(s): null

2020-03-13 13:25:36 - [TEST_STEP][PASSED] - s = a.getText(): null

2020-03-13 13:25:36 - [TEST_STEP][PASSED] - if (s == "Active"): null

2020-03-13 13:25:36 - [TEST_STEP][PASSED] - ActiveStatus.add(s): null

2020-03-13 13:25:36 - [TEST_STEP][PASSED] - s = a.getText(): null

2020-03-13 13:25:36 - [TEST_STEP][PASSED] - if (s == "Active"): null

2020-03-13 13:25:36 - [TEST_STEP][PASSED] - ActiveStatus.add(s): null

2020-03-13 13:25:36 - [TEST_STEP][PASSED] - s = a.getText(): null

2020-03-13 13:25:36 - [TEST_STEP][PASSED] - if (s == "Active"): null

2020-03-13 13:25:36 - [TEST_STEP][PASSED] - ActiveStatus.add(s): null

2020-03-13 13:25:36 - [TEST_STEP][PASSED] - click(findTestObject("ROLES/Roles_page/Pagination/front_navigation")): Object: 'Object Repository/ROLES/Roles_page/Pagination/front_navigation' is clicked on

2020-03-13 13:25:36 - [MESSAGE][PASSED] - Object: 'Object Repository/ROLES/Roles_page/Pagination/front_navigation' is clicked on

2020-03-13 13:25:36 - [TEST_STEP][PASSED] - status = findWebElements(findTestObject("ROLES/Roles_page/sorting/status"), 2): null

2020-03-13 13:25:37 - [TEST_STEP][PASSED] - for (org.openqa.selenium.WebElement a : status): null

2020-03-13 13:25:37 - [TEST_STEP][PASSED] - s = a.getText(): null

2020-03-13 13:25:37 - [TEST_STEP][PASSED] - if (s == "Active"): null

2020-03-13 13:25:37 - [TEST_STEP][PASSED] - ActiveStatus.add(s): null

2020-03-13 13:25:37 - [TEST_STEP][PASSED] - s = a.getText(): null

2020-03-13 13:25:37 - [TEST_STEP][PASSED] - if (s == "Active"): null

2020-03-13 13:25:37 - [TEST_STEP][PASSED] - ActiveStatus.add(s): null

2020-03-13 13:25:37 - [TEST_STEP][PASSED] - s = a.getText(): null

2020-03-13 13:25:37 - [TEST_STEP][PASSED] - if (s == "Active"): null

2020-03-13 13:25:37 - [TEST_STEP][PASSED] - ActiveStatus.add(s): null

2020-03-13 13:25:37 - [TEST_STEP][PASSED] - s = a.getText(): null

2020-03-13 13:25:37 - [TEST_STEP][PASSED] - if (s == "Active"): null

2020-03-13 13:25:37 - [TEST_STEP][PASSED] - ActiveStatus.add(s): null

2020-03-13 13:25:37 - [TEST_STEP][PASSED] - s = a.getText(): null

2020-03-13 13:25:37 - [TEST_STEP][PASSED] - if (s == "Active"): null

2020-03-13 13:25:37 - [TEST_STEP][PASSED] - else: null

2020-03-13 13:25:37 - [TEST_STEP][PASSED] - ArchivedStatus.add(s): null

2020-03-13 13:25:37 - [TEST_STEP][PASSED] - s = a.getText(): null

2020-03-13 13:25:37 - [TEST_STEP][PASSED] - if (s == "Active"): null

2020-03-13 13:25:37 - [TEST_STEP][PASSED] - ActiveStatus.add(s): null

2020-03-13 13:25:37 - [TEST_STEP][PASSED] - s = a.getText(): null

2020-03-13 13:25:37 - [TEST_STEP][PASSED] - if (s == "Active"): null

2020-03-13 13:25:37 - [TEST_STEP][PASSED] - ActiveStatus.add(s): null

2020-03-13 13:25:37 - [TEST_STEP][PASSED] - s = a.getText(): null

2020-03-13 13:25:37 - [TEST_STEP][PASSED] - if (s == "Active"): null

2020-03-13 13:25:37 - [TEST_STEP][PASSED] - else: null

2020-03-13 13:25:37 - [TEST_STEP][PASSED] - ArchivedStatus.add(s): null

2020-03-13 13:25:37 - [TEST_STEP][PASSED] - s = a.getText(): null

2020-03-13 13:25:37 - [TEST_STEP][PASSED] - if (s == "Active"): null

2020-03-13 13:25:37 - [TEST_STEP][PASSED] - ActiveStatus.add(s): null

2020-03-13 13:25:37 - [TEST_STEP][PASSED] - s = a.getText(): null

2020-03-13 13:25:37 - [TEST_STEP][PASSED] - if (s == "Active"): null

2020-03-13 13:25:37 - [TEST_STEP][PASSED] - ActiveStatus.add(s): null

2020-03-13 13:25:37 - [TEST_STEP][PASSED] - click(findTestObject("ROLES/Roles_page/Pagination/front_navigation")): Object: 'Object Repository/ROLES/Roles_page/Pagination/front_navigation' is clicked on

2020-03-13 13:25:38 - [MESSAGE][PASSED] - Object: 'Object Repository/ROLES/Roles_page/Pagination/front_navigation' is clicked on

2020-03-13 13:25:38 - [TEST_STEP][PASSED] - status = findWebElements(findTestObject("ROLES/Roles_page/sorting/status"), 2): null

2020-03-13 13:25:39 - [TEST_STEP][PASSED] - for (org.openqa.selenium.WebElement a : status): null

2020-03-13 13:25:39 - [TEST_STEP][PASSED] - s = a.getText(): null

2020-03-13 13:25:39 - [TEST_STEP][PASSED] - if (s == "Active"): null

2020-03-13 13:25:39 - [TEST_STEP][PASSED] - ActiveStatus.add(s): null

2020-03-13 13:25:39 - [TEST_STEP][PASSED] - s = a.getText(): null

2020-03-13 13:25:39 - [TEST_STEP][PASSED] - if (s == "Active"): null

2020-03-13 13:25:39 - [TEST_STEP][PASSED] - ActiveStatus.add(s): null

2020-03-13 13:25:39 - [TEST_STEP][PASSED] - s = a.getText(): null

2020-03-13 13:25:39 - [TEST_STEP][PASSED] - if (s == "Active"): null

2020-03-13 13:25:39 - [TEST_STEP][PASSED] - ActiveStatus.add(s): null

2020-03-13 13:25:39 - [TEST_STEP][PASSED] - s = a.getText(): null

2020-03-13 13:25:39 - [TEST_STEP][PASSED] - if (s == "Active"): null

2020-03-13 13:25:39 - [TEST_STEP][PASSED] - ActiveStatus.add(s): null

2020-03-13 13:25:39 - [TEST_STEP][PASSED] - s = a.getText(): null

2020-03-13 13:25:39 - [TEST_STEP][PASSED] - if (s == "Active"): null

2020-03-13 13:25:39 - [TEST_STEP][PASSED] - ActiveStatus.add(s): null

2020-03-13 13:25:39 - [TEST_STEP][PASSED] - s = a.getText(): null

2020-03-13 13:25:39 - [TEST_STEP][PASSED] - if (s == "Active"): null

2020-03-13 13:25:39 - [TEST_STEP][PASSED] - ActiveStatus.add(s): null

2020-03-13 13:25:39 - [TEST_STEP][PASSED] - s = a.getText(): null

2020-03-13 13:25:39 - [TEST_STEP][PASSED] - if (s == "Active"): null

2020-03-13 13:25:39 - [TEST_STEP][PASSED] - ActiveStatus.add(s): null

2020-03-13 13:25:39 - [TEST_STEP][PASSED] - s = a.getText(): null

2020-03-13 13:25:39 - [TEST_STEP][PASSED] - if (s == "Active"): null

2020-03-13 13:25:39 - [TEST_STEP][PASSED] - ActiveStatus.add(s): null

2020-03-13 13:25:39 - [TEST_STEP][PASSED] - s = a.getText(): null

2020-03-13 13:25:39 - [TEST_STEP][PASSED] - if (s == "Active"): null

2020-03-13 13:25:39 - [TEST_STEP][PASSED] - ActiveStatus.add(s): null

2020-03-13 13:25:39 - [TEST_STEP][PASSED] - s = a.getText(): null

2020-03-13 13:25:39 - [TEST_STEP][PASSED] - if (s == "Active"): null

2020-03-13 13:25:39 - [TEST_STEP][PASSED] - ActiveStatus.add(s): null

2020-03-13 13:25:39 - [TEST_STEP][PASSED] - click(findTestObject("ROLES/Roles_page/Pagination/front_navigation")): Object: 'Object Repository/ROLES/Roles_page/Pagination/front_navigation' is clicked on

2020-03-13 13:25:39 - [MESSAGE][PASSED] - Object: 'Object Repository/ROLES/Roles_page/Pagination/front_navigation' is clicked on

2020-03-13 13:25:39 - [TEST_STEP][PASSED] - status = findWebElements(findTestObject("ROLES/Roles_page/sorting/status"), 2): null

2020-03-13 13:25:40 - [TEST_STEP][PASSED] - for (org.openqa.selenium.WebElement a : status): null

2020-03-13 13:25:40 - [TEST_STEP][PASSED] - s = a.getText(): null

2020-03-13 13:25:40 - [TEST_STEP][PASSED] - if (s == "Active"): null

2020-03-13 13:25:40 - [TEST_STEP][PASSED] - ActiveStatus.add(s): null

2020-03-13 13:25:40 - [TEST_STEP][PASSED] - s = a.getText(): null

2020-03-13 13:25:40 - [TEST_STEP][PASSED] - if (s == "Active"): null

2020-03-13 13:25:40 - [TEST_STEP][PASSED] - ActiveStatus.add(s): null

2020-03-13 13:25:40 - [TEST_STEP][PASSED] - s = a.getText(): null

2020-03-13 13:25:40 - [TEST_STEP][PASSED] - if (s == "Active"): null

2020-03-13 13:25:40 - [TEST_STEP][PASSED] - ActiveStatus.add(s): null

2020-03-13 13:25:40 - [TEST_STEP][PASSED] - s = a.getText(): null

2020-03-13 13:25:40 - [TEST_STEP][PASSED] - if (s == "Active"): null

2020-03-13 13:25:40 - [TEST_STEP][PASSED] - ActiveStatus.add(s): null

2020-03-13 13:25:40 - [TEST_STEP][PASSED] - s = a.getText(): null

2020-03-13 13:25:40 - [TEST_STEP][PASSED] - if (s == "Active"): null

2020-03-13 13:25:40 - [TEST_STEP][PASSED] - ActiveStatus.add(s): null

2020-03-13 13:25:40 - [TEST_STEP][PASSED] - s = a.getText(): null

2020-03-13 13:25:40 - [TEST_STEP][PASSED] - if (s == "Active"): null

2020-03-13 13:25:40 - [TEST_STEP][PASSED] - ActiveStatus.add(s): null

2020-03-13 13:25:40 - [TEST_STEP][PASSED] - s = a.getText(): null

2020-03-13 13:25:40 - [TEST_STEP][PASSED] - if (s == "Active"): null

2020-03-13 13:25:40 - [TEST_STEP][PASSED] - ActiveStatus.add(s): null

2020-03-13 13:25:40 - [TEST_STEP][PASSED] - s = a.getText(): null

2020-03-13 13:25:40 - [TEST_STEP][PASSED] - if (s == "Active"): null

2020-03-13 13:25:40 - [TEST_STEP][PASSED] - ActiveStatus.add(s): null

2020-03-13 13:25:40 - [TEST_STEP][PASSED] - s = a.getText(): null

2020-03-13 13:25:40 - [TEST_STEP][PASSED] - if (s == "Active"): null

2020-03-13 13:25:40 - [TEST_STEP][PASSED] - ActiveStatus.add(s): null

2020-03-13 13:25:40 - [TEST_STEP][PASSED] - s = a.getText(): null

2020-03-13 13:25:40 - [TEST_STEP][PASSED] - if (s == "Active"): null

2020-03-13 13:25:40 - [TEST_STEP][PASSED] - ActiveStatus.add(s): null

2020-03-13 13:25:40 - [TEST_STEP][PASSED] - click(findTestObject("ROLES/Roles_page/Pagination/front_navigation")): Object: 'Object Repository/ROLES/Roles_page/Pagination/front_navigation' is clicked on

2020-03-13 13:25:41 - [MESSAGE][PASSED] - Object: 'Object Repository/ROLES/Roles_page/Pagination/front_navigation' is clicked on

2020-03-13 13:25:41 - [TEST_STEP][PASSED] - status = findWebElements(findTestObject("ROLES/Roles_page/sorting/status"), 2): null

2020-03-13 13:25:42 - [TEST_STEP][PASSED] - for (org.openqa.selenium.WebElement a : status): null

2020-03-13 13:25:42 - [TEST_STEP][PASSED] - s = a.getText(): null

2020-03-13 13:25:42 - [TEST_STEP][PASSED] - if (s == "Active"): null

2020-03-13 13:25:42 - [TEST_STEP][PASSED] - ActiveStatus.add(s): null

2020-03-13 13:25:42 - [TEST_STEP][PASSED] - s = a.getText(): null

2020-03-13 13:25:42 - [TEST_STEP][PASSED] - if (s == "Active"): null

2020-03-13 13:25:42 - [TEST_STEP][PASSED] - ActiveStatus.add(s): null

2020-03-13 13:25:42 - [TEST_STEP][PASSED] - s = a.getText(): null

2020-03-13 13:25:42 - [TEST_STEP][PASSED] - if (s == "Active"): null

2020-03-13 13:25:42 - [TEST_STEP][PASSED] - ActiveStatus.add(s): null

2020-03-13 13:25:42 - [TEST_STEP][PASSED] - s = a.getText(): null

2020-03-13 13:25:42 - [TEST_STEP][PASSED] - if (s == "Active"): null

2020-03-13 13:25:42 - [TEST_STEP][PASSED] - ActiveStatus.add(s): null

2020-03-13 13:25:42 - [TEST_STEP][PASSED] - s = a.getText(): null

2020-03-13 13:25:42 - [TEST_STEP][PASSED] - if (s == "Active"): null

2020-03-13 13:25:42 - [TEST_STEP][PASSED] - ActiveStatus.add(s): null

2020-03-13 13:25:42 - [TEST_STEP][PASSED] - s = a.getText(): null

2020-03-13 13:25:42 - [TEST_STEP][PASSED] - if (s == "Active"): null

2020-03-13 13:25:42 - [TEST_STEP][PASSED] - ActiveStatus.add(s): null

2020-03-13 13:25:42 - [TEST_STEP][PASSED] - s = a.getText(): null

2020-03-13 13:25:42 - [TEST_STEP][PASSED] - if (s == "Active"): null

2020-03-13 13:25:42 - [TEST_STEP][PASSED] - else: null

2020-03-13 13:25:42 - [TEST_STEP][PASSED] - ArchivedStatus.add(s): null

2020-03-13 13:25:42 - [TEST_STEP][PASSED] - s = a.getText(): null

2020-03-13 13:25:42 - [TEST_STEP][PASSED] - if (s == "Active"): null

2020-03-13 13:25:42 - [TEST_STEP][PASSED] - ActiveStatus.add(s): null

2020-03-13 13:25:42 - [TEST_STEP][PASSED] - s = a.getText(): null

2020-03-13 13:25:42 - [TEST_STEP][PASSED] - if (s == "Active"): null

2020-03-13 13:25:42 - [TEST_STEP][PASSED] - ActiveStatus.add(s): null

2020-03-13 13:25:42 - [TEST_STEP][PASSED] - s = a.getText(): null

2020-03-13 13:25:42 - [TEST_STEP][PASSED] - if (s == "Active"): null

2020-03-13 13:25:42 - [TEST_STEP][PASSED] - ActiveStatus.add(s): null

2020-03-13 13:25:42 - [TEST_STEP][PASSED] - click(findTestObject("ROLES/Roles_page/Pagination/front_navigation")): Object: 'Object Repository/ROLES/Roles_page/Pagination/front_navigation' is clicked on

2020-03-13 13:25:43 - [MESSAGE][PASSED] - Object: 'Object Repository/ROLES/Roles_page/Pagination/front_navigation' is clicked on

2020-03-13 13:25:43 - [TEST_STEP][PASSED] - status = findWebElements(findTestObject("ROLES/Roles_page/sorting/status"), 2): null

2020-03-13 13:25:44 - [TEST_STEP][PASSED] - for (org.openqa.selenium.WebElement a : status): null

2020-03-13 13:25:44 - [TEST_STEP][PASSED] - s = a.getText(): null

2020-03-13 13:25:44 - [TEST_STEP][PASSED] - if (s == "Active"): null

2020-03-13 13:25:44 - [TEST_STEP][PASSED] - ActiveStatus.add(s): null

2020-03-13 13:25:44 - [TEST_STEP][PASSED] - s = a.getText(): null

2020-03-13 13:25:44 - [TEST_STEP][PASSED] - if (s == "Active"): null

2020-03-13 13:25:44 - [TEST_STEP][PASSED] - ActiveStatus.add(s): null

2020-03-13 13:25:44 - [TEST_STEP][PASSED] - s = a.getText(): null

2020-03-13 13:25:44 - [TEST_STEP][PASSED] - if (s == "Active"): null

2020-03-13 13:25:44 - [TEST_STEP][PASSED] - ActiveStatus.add(s): null

2020-03-13 13:25:44 - [TEST_STEP][PASSED] - s = a.getText(): null

2020-03-13 13:25:44 - [TEST_STEP][PASSED] - if (s == "Active"): null

2020-03-13 13:25:44 - [TEST_STEP][PASSED] - ActiveStatus.add(s): null

2020-03-13 13:25:44 - [TEST_STEP][PASSED] - s = a.getText(): null

2020-03-13 13:25:44 - [TEST_STEP][PASSED] - if (s == "Active"): null

2020-03-13 13:25:44 - [TEST_STEP][PASSED] - else: null

2020-03-13 13:25:44 - [TEST_STEP][PASSED] - ArchivedStatus.add(s): null

2020-03-13 13:25:44 - [TEST_STEP][PASSED] - s = a.getText(): null

2020-03-13 13:25:44 - [TEST_STEP][PASSED] - if (s == "Active"): null

2020-03-13 13:25:44 - [TEST_STEP][PASSED] - ActiveStatus.add(s): null

2020-03-13 13:25:44 - [TEST_STEP][PASSED] - s = a.getText(): null

2020-03-13 13:25:44 - [TEST_STEP][PASSED] - if (s == "Active"): null

2020-03-13 13:25:44 - [TEST_STEP][PASSED] - else: null

2020-03-13 13:25:44 - [TEST_STEP][PASSED] - ArchivedStatus.add(s): null

2020-03-13 13:25:44 - [TEST_STEP][PASSED] - s = a.getText(): null

2020-03-13 13:25:44 - [TEST_STEP][PASSED] - if (s == "Active"): null

2020-03-13 13:25:44 - [TEST_STEP][PASSED] - else: null

2020-03-13 13:25:44 - [TEST_STEP][PASSED] - ArchivedStatus.add(s): null

2020-03-13 13:25:44 - [TEST_STEP][PASSED] - s = a.getText(): null

2020-03-13 13:25:44 - [TEST_STEP][PASSED] - if (s == "Active"): null

2020-03-13 13:25:44 - [TEST_STEP][PASSED] - ActiveStatus.add(s): null

2020-03-13 13:25:44 - [TEST_STEP][PASSED] - s = a.getText(): null

2020-03-13 13:25:44 - [TEST_STEP][PASSED] - if (s == "Active"): null

2020-03-13 13:25:44 - [TEST_STEP][PASSED] - ActiveStatus.add(s): null

2020-03-13 13:25:44 - [TEST_STEP][PASSED] - click(findTestObject("ROLES/Roles_page/Pagination/front_navigation")): Object: 'Object Repository/ROLES/Roles_page/Pagination/front_navigation' is clicked on

2020-03-13 13:25:44 - [MESSAGE][PASSED] - Object: 'Object Repository/ROLES/Roles_page/Pagination/front_navigation' is clicked on

2020-03-13 13:25:44 - [TEST_STEP][PASSED] - status = findWebElements(findTestObject("ROLES/Roles_page/sorting/status"), 2): null

2020-03-13 13:25:45 - [TEST_STEP][PASSED] - for (org.openqa.selenium.WebElement a : status): null

2020-03-13 13:25:45 - [TEST_STEP][PASSED] - s = a.getText(): null

2020-03-13 13:25:45 - [TEST_STEP][PASSED] - if (s == "Active"): null

2020-03-13 13:25:45 - [TEST_STEP][PASSED] - ActiveStatus.add(s): null

2020-03-13 13:25:45 - [TEST_STEP][PASSED] - s = a.getText(): null

2020-03-13 13:25:45 - [TEST_STEP][PASSED] - if (s == "Active"): null

2020-03-13 13:25:45 - [TEST_STEP][PASSED] - ActiveStatus.add(s): null

2020-03-13 13:25:45 - [TEST_STEP][PASSED] - s = a.getText(): null

2020-03-13 13:25:45 - [TEST_STEP][PASSED] - if (s == "Active"): null

2020-03-13 13:25:45 - [TEST_STEP][PASSED] - ActiveStatus.add(s): null

2020-03-13 13:25:45 - [TEST_STEP][PASSED] - s = a.getText(): null

2020-03-13 13:25:45 - [TEST_STEP][PASSED] - if (s == "Active"): null

2020-03-13 13:25:45 - [TEST_STEP][PASSED] - ActiveStatus.add(s): null

2020-03-13 13:25:45 - [TEST_STEP][PASSED] - s = a.getText(): null

2020-03-13 13:25:45 - [TEST_STEP][PASSED] - if (s == "Active"): null

2020-03-13 13:25:45 - [TEST_STEP][PASSED] - ActiveStatus.add(s): null

2020-03-13 13:25:45 - [TEST_STEP][PASSED] - s = a.getText(): null

2020-03-13 13:25:45 - [TEST_STEP][PASSED] - if (s == "Active"): null

2020-03-13 13:25:45 - [TEST_STEP][PASSED] - ActiveStatus.add(s): null

2020-03-13 13:25:45 - [TEST_STEP][PASSED] - s = a.getText(): null

2020-03-13 13:25:45 - [TEST_STEP][PASSED] - if (s == "Active"): null

2020-03-13 13:25:45 - [TEST_STEP][PASSED] - ActiveStatus.add(s): null

2020-03-13 13:25:45 - [TEST_STEP][PASSED] - s = a.getText(): null

2020-03-13 13:25:45 - [TEST_STEP][PASSED] - if (s == "Active"): null

2020-03-13 13:25:45 - [TEST_STEP][PASSED] - ActiveStatus.add(s): null

2020-03-13 13:25:45 - [TEST_STEP][PASSED] - s = a.getText(): null

2020-03-13 13:25:45 - [TEST_STEP][PASSED] - if (s == "Active"): null

2020-03-13 13:25:45 - [TEST_STEP][PASSED] - else: null

2020-03-13 13:25:45 - [TEST_STEP][PASSED] - ArchivedStatus.add(s): null

2020-03-13 13:25:45 - [TEST_STEP][PASSED] - s = a.getText(): null

2020-03-13 13:25:45 - [TEST_STEP][PASSED] - if (s == "Active"): null

2020-03-13 13:25:45 - [TEST_STEP][PASSED] - ActiveStatus.add(s): null

2020-03-13 13:25:45 - [TEST_STEP][PASSED] - click(findTestObject("ROLES/Roles_page/Pagination/front_navigation")): Object: 'Object Repository/ROLES/Roles_page/Pagination/front_navigation' is clicked on

2020-03-13 13:25:46 - [MESSAGE][PASSED] - Object: 'Object Repository/ROLES/Roles_page/Pagination/front_navigation' is clicked on

2020-03-13 13:25:46 - [TEST_STEP][PASSED] - status = findWebElements(findTestObject("ROLES/Roles_page/sorting/status"), 2): null

2020-03-13 13:25:47 - [TEST_STEP][PASSED] - for (org.openqa.selenium.WebElement a : status): null

2020-03-13 13:25:47 - [TEST_STEP][PASSED] - s = a.getText(): null

2020-03-13 13:25:47 - [TEST_STEP][PASSED] - if (s == "Active"): null

2020-03-13 13:25:47 - [TEST_STEP][PASSED] - ActiveStatus.add(s): null

2020-03-13 13:25:47 - [TEST_STEP][PASSED] - s = a.getText(): null

2020-03-13 13:25:47 - [TEST_STEP][PASSED] - if (s == "Active"): null

2020-03-13 13:25:47 - [TEST_STEP][PASSED] - ActiveStatus.add(s): null

2020-03-13 13:25:47 - [TEST_STEP][PASSED] - s = a.getText(): null

2020-03-13 13:25:47 - [TEST_STEP][PASSED] - if (s == "Active"): null

2020-03-13 13:25:47 - [TEST_STEP][PASSED] - ActiveStatus.add(s): null

2020-03-13 13:25:47 - [TEST_STEP][PASSED] - s = a.getText(): null

2020-03-13 13:25:47 - [TEST_STEP][PASSED] - if (s == "Active"): null

2020-03-13 13:25:47 - [TEST_STEP][PASSED] - ActiveStatus.add(s): null

2020-03-13 13:25:47 - [TEST_STEP][PASSED] - s = a.getText(): null

2020-03-13 13:25:47 - [TEST_STEP][PASSED] - if (s == "Active"): null

2020-03-13 13:25:47 - [TEST_STEP][PASSED] - ActiveStatus.add(s): null

2020-03-13 13:25:47 - [TEST_STEP][PASSED] - s = a.getText(): null

2020-03-13 13:25:47 - [TEST_STEP][PASSED] - if (s == "Active"): null

2020-03-13 13:25:47 - [TEST_STEP][PASSED] - ActiveStatus.add(s): null

2020-03-13 13:25:47 - [TEST_STEP][PASSED] - s = a.getText(): null

2020-03-13 13:25:47 - [TEST_STEP][PASSED] - if (s == "Active"): null

2020-03-13 13:25:47 - [TEST_STEP][PASSED] - ActiveStatus.add(s): null

2020-03-13 13:25:47 - [TEST_STEP][PASSED] - s = a.getText(): null

2020-03-13 13:25:47 - [TEST_STEP][PASSED] - if (s == "Active"): null

2020-03-13 13:25:47 - [TEST_STEP][PASSED] - ActiveStatus.add(s): null

2020-03-13 13:25:47 - [TEST_STEP][PASSED] - s = a.getText(): null

2020-03-13 13:25:47 - [TEST_STEP][PASSED] - if (s == "Active"): null

2020-03-13 13:25:47 - [TEST_STEP][PASSED] - ActiveStatus.add(s): null

2020-03-13 13:25:47 - [TEST_STEP][PASSED] - s = a.getText(): null

2020-03-13 13:25:47 - [TEST_STEP][PASSED] - if (s == "Active"): null

2020-03-13 13:25:47 - [TEST_STEP][PASSED] - ActiveStatus.add(s): null

2020-03-13 13:25:47 - [TEST_STEP][PASSED] - click(findTestObject("ROLES/Roles_page/Pagination/front_navigation")): Object: 'Object Repository/ROLES/Roles_page/Pagination/front_navigation' is clicked on

2020-03-13 13:25:48 - [MESSAGE][PASSED] - Object: 'Object Repository/ROLES/Roles_page/Pagination/front_navigation' is clicked on

2020-03-13 13:25:48 - [TEST_STEP][PASSED] - status = findWebElements(findTestObject("ROLES/Roles_page/sorting/status"), 2): null

2020-03-13 13:25:48 - [TEST_STEP][PASSED] - for (org.openqa.selenium.WebElement a : status): null

2020-03-13 13:25:48 - [TEST_STEP][PASSED] - s = a.getText(): null

2020-03-13 13:25:48 - [TEST_STEP][PASSED] - if (s == "Active"): null

2020-03-13 13:25:48 - [TEST_STEP][PASSED] - ActiveStatus.add(s): null

2020-03-13 13:25:48 - [TEST_STEP][PASSED] - s = a.getText(): null

2020-03-13 13:25:48 - [TEST_STEP][PASSED] - if (s == "Active"): null

2020-03-13 13:25:48 - [TEST_STEP][PASSED] - ActiveStatus.add(s): null

2020-03-13 13:25:48 - [TEST_STEP][PASSED] - s = a.getText(): null

2020-03-13 13:25:48 - [TEST_STEP][PASSED] - if (s == "Active"): null

2020-03-13 13:25:48 - [TEST_STEP][PASSED] - ActiveStatus.add(s): null

2020-03-13 13:25:49 - [TEST_STEP][PASSED] - s = a.getText(): null

2020-03-13 13:25:49 - [TEST_STEP][PASSED] - if (s == "Active"): null

2020-03-13 13:25:49 - [TEST_STEP][PASSED] - ActiveStatus.add(s): null

2020-03-13 13:25:49 - [TEST_STEP][PASSED] - s = a.getText(): null

2020-03-13 13:25:49 - [TEST_STEP][PASSED] - if (s == "Active"): null

2020-03-13 13:25:49 - [TEST_STEP][PASSED] - ActiveStatus.add(s): null

2020-03-13 13:25:49 - [TEST_STEP][PASSED] - s = a.getText(): null

2020-03-13 13:25:49 - [TEST_STEP][PASSED] - if (s == "Active"): null

2020-03-13 13:25:49 - [TEST_STEP][PASSED] - ActiveStatus.add(s): null

2020-03-13 13:25:49 - [TEST_STEP][PASSED] - s = a.getText(): null

2020-03-13 13:25:49 - [TEST_STEP][PASSED] - if (s == "Active"): null

2020-03-13 13:25:49 - [TEST_STEP][PASSED] - ActiveStatus.add(s): null

2020-03-13 13:25:49 - [TEST_STEP][PASSED] - s = a.getText(): null

2020-03-13 13:25:49 - [TEST_STEP][PASSED] - if (s == "Active"): null

2020-03-13 13:25:49 - [TEST_STEP][PASSED] - ActiveStatus.add(s): null

2020-03-13 13:25:49 - [TEST_STEP][PASSED] - s = a.getText(): null

2020-03-13 13:25:49 - [TEST_STEP][PASSED] - if (s == "Active"): null

2020-03-13 13:25:49 - [TEST_STEP][PASSED] - ActiveStatus.add(s): null

2020-03-13 13:25:49 - [TEST_STEP][PASSED] - s = a.getText(): null

2020-03-13 13:25:49 - [TEST_STEP][PASSED] - if (s == "Active"): null

2020-03-13 13:25:49 - [TEST_STEP][PASSED] - ActiveStatus.add(s): null

2020-03-13 13:25:49 - [TEST_STEP][PASSED] - click(findTestObject("ROLES/Roles_page/Pagination/front_navigation")): Object: 'Object Repository/ROLES/Roles_page/Pagination/front_navigation' is clicked on

2020-03-13 13:25:49 - [MESSAGE][PASSED] - Object: 'Object Repository/ROLES/Roles_page/Pagination/front_navigation' is clicked on

2020-03-13 13:25:49 - [TEST_STEP][PASSED] - status = findWebElements(findTestObject("ROLES/Roles_page/sorting/status"), 2): null

2020-03-13 13:25:50 - [TEST_STEP][PASSED] - for (org.openqa.selenium.WebElement a : status): null

2020-03-13 13:25:50 - [TEST_STEP][PASSED] - s = a.getText(): null

2020-03-13 13:25:50 - [TEST_STEP][PASSED] - if (s == "Active"): null

2020-03-13 13:25:50 - [TEST_STEP][PASSED] - ActiveStatus.add(s): null

2020-03-13 13:25:50 - [TEST_STEP][PASSED] - click(findTestObject("ROLES/Roles_page/Pagination/front_navigation")): Object: 'Object Repository/ROLES/Roles_page/Pagination/front_navigation' is clicked on

2020-03-13 13:25:53 - [MESSAGE][PASSED] - Object: 'Object Repository/ROLES/Roles_page/Pagination/front_navigation' is clicked on

2020-03-13 13:25:53 - [TEST_STEP][PASSED] - noOfActiveStatus = ActiveStatus.size(): null

2020-03-13 13:25:53 - [TEST_STEP][PASSED] - println(noOfActiveStatus): null

2020-03-13 13:25:53 - [TEST_STEP][PASSED] - noOfArchivedStatus = ArchivedStatus.size(): null

2020-03-13 13:25:53 - [TEST_STEP][PASSED] - println(noOfArchivedStatus): null

2020-03-13 13:25:53 - [TEST_STEP][PASSED] - click(findTestObject("ROLES/Roles_page/Filter")): Object: 'Object Repository/ROLES/Roles_page/Filter' is clicked on

2020-03-13 13:25:53 - [MESSAGE][PASSED] - Object: 'Object Repository/ROLES/Roles_page/Filter' is clicked on

2020-03-13 13:25:53 - [TEST_STEP][PASSED] - click(findTestObject("ROLES/Roles_page/Filter_link/span_Active"), CONTINUE_ON_FAILURE): Object: 'Object Repository/ROLES/Roles_page/Filter_link/span_Active' is clicked on

2020-03-13 13:25:54 - [MESSAGE][PASSED] - Object: 'Object Repository/ROLES/Roles_page/Filter_link/span_Active' is clicked on

2020-03-13 13:25:54 - [TEST_STEP][PASSED] - click(findTestObject("ROLES/Roles_page/Filter_link/button_Apply"), CONTINUE_ON_FAILURE): Object: 'Object Repository/ROLES/Roles_page/Filter_link/button_Apply' is clicked on

2020-03-13 13:25:54 - [MESSAGE][PASSED] - Object: 'Object Repository/ROLES/Roles_page/Filter_link/button_Apply' is clicked on

2020-03-13 13:25:54 - [TEST_STEP][PASSED] - noOfResultsMatching1 = getText(findTestObject("ROLES/Roles_page/Filter_link/ResultsMatching")): Text of object 'Object Repository/ROLES/Roles_page/Filter_link/ResultsMatching' is: '154 Results Matching'

2020-03-13 13:25:55 - [MESSAGE][PASSED] - Text of object 'Object Repository/ROLES/Roles_page/Filter_link/ResultsMatching' is: '154 Results Matching'

2020-03-13 13:25:55 - [TEST_STEP][PASSED] - NoOfActiveRoles = Integer.parseInt(noOfResultsMatching1.substring(0, noOfResultsMatching1.length() - 17)): null

2020-03-13 13:25:55 - [TEST_STEP][PASSED] - println(NoOfActiveRoles): null

2020-03-13 13:25:55 - [TEST_STEP][PASSED] - verify1 = noOfActiveStatus.equals(NoOfActiveRoles): null

2020-03-13 13:25:55 - [TEST_STEP][PASSED] - verifyEqual(verify1, true): Actual object 'true' and expected object 'true' are equal

2020-03-13 13:25:55 - [MESSAGE][PASSED] - Actual object 'true' and expected object 'true' are equal

2020-03-13 13:25:55 - [TEST_STEP][PASSED] - click(findTestObject("ROLES/Roles_page/Filter_link/clearAllFilters")): Object: 'Object Repository/ROLES/Roles_page/Filter_link/clearAllFilters' is clicked on

2020-03-13 13:25:56 - [MESSAGE][PASSED] - Object: 'Object Repository/ROLES/Roles_page/Filter_link/clearAllFilters' is clicked on

2020-03-13 13:25:56 - [TEST_STEP][PASSED] - click(findTestObject("ROLES/Roles_page/Filter")): Object: 'Object Repository/ROLES/Roles_page/Filter' is clicked on

2020-03-13 13:25:57 - [MESSAGE][PASSED] - Object: 'Object Repository/ROLES/Roles_page/Filter' is clicked on

2020-03-13 13:25:57 - [TEST_STEP][PASSED] - click(findTestObject("ROLES/Roles_page/Filter_link/span_Archived"), CONTINUE_ON_FAILURE): Object: 'Object Repository/ROLES/Roles_page/Filter_link/span_Archived' is clicked on

2020-03-13 13:25:57 - [MESSAGE][PASSED] - Object: 'Object Repository/ROLES/Roles_page/Filter_link/span_Archived' is clicked on

2020-03-13 13:25:57 - [TEST_STEP][PASSED] - click(findTestObject("ROLES/Roles_page/Filter_link/button_Apply"), CONTINUE_ON_FAILURE): Object: 'Object Repository/ROLES/Roles_page/Filter_link/button_Apply' is clicked on

2020-03-13 13:25:58 - [MESSAGE][PASSED] - Object: 'Object Repository/ROLES/Roles_page/Filter_link/button_Apply' is clicked on

2020-03-13 13:25:58 - [TEST_STEP][PASSED] - noOfResultsMatching = getText(findTestObject("ROLES/Roles_page/Filter_link/ResultsMatching")): Text of object 'Object Repository/ROLES/Roles_page/Filter_link/ResultsMatching' is: '17 Results Matching'

2020-03-13 13:25:59 - [MESSAGE][PASSED] - Text of object 'Object Repository/ROLES/Roles_page/Filter_link/ResultsMatching' is: '17 Results Matching'

2020-03-13 13:25:59 - [TEST_STEP][PASSED] - NoOfArchivedRoles = Integer.parseInt(noOfResultsMatching.substring(0, noOfResultsMatching.length() - 17)): null

2020-03-13 13:25:59 - [TEST_STEP][PASSED] - println(NoOfArchivedRoles): null

2020-03-13 13:25:59 - [TEST_STEP][PASSED] - verify2 = noOfArchivedStatus.equals(NoOfArchivedRoles): null

2020-03-13 13:25:59 - [TEST_STEP][PASSED] - verifyEqual(verify2, true): Actual object 'true' and expected object 'true' are equal

2020-03-13 13:25:59 - [MESSAGE][PASSED] - Actual object 'true' and expected object 'true' are equal

2020-03-13 13:25:59 - [TEST_STEP][PASSED] - click(findTestObject("ROLES/Roles_page/Filter_link/clearAllFilters")): Object: 'Object Repository/ROLES/Roles_page/Filter_link/clearAllFilters' is clicked on

2020-03-13 13:25:59 - [MESSAGE][PASSED] - Object: 'Object Repository/ROLES/Roles_page/Filter_link/clearAllFilters' is clicked on

2020-03-13 13:25:59 - [TEST_STEP][PASSED] - click(findTestObject("ROLES/Roles_page/Filter")): Object: 'Object Repository/ROLES/Roles_page/Filter' is clicked on

2020-03-13 13:26:00 - [MESSAGE][PASSED] - Object: 'Object Repository/ROLES/Roles_page/Filter' is clicked on

2020-03-13 13:26:00 - [TEST_STEP][PASSED] - click(findTestObject("ROLES/Roles_page/Filter_link/span_Active"), CONTINUE_ON_FAILURE): Object: 'Object Repository/ROLES/Roles_page/Filter_link/span_Active' is clicked on

2020-03-13 13:26:01 - [MESSAGE][PASSED] - Object: 'Object Repository/ROLES/Roles_page/Filter_link/span_Active' is clicked on

2020-03-13 13:26:01 - [TEST_STEP][PASSED] - click(findTestObject("ROLES/Roles_page/Filter_link/span_Archived"), CONTINUE_ON_FAILURE): Object: 'Object Repository/ROLES/Roles_page/Filter_link/span_Archived' is clicked on

2020-03-13 13:26:01 - [MESSAGE][PASSED] - Object: 'Object Repository/ROLES/Roles_page/Filter_link/span_Archived' is clicked on

2020-03-13 13:26:01 - [TEST_STEP][PASSED] - click(findTestObject("ROLES/Roles_page/Filter_link/button_Apply"), CONTINUE_ON_FAILURE): Object: 'Object Repository/ROLES/Roles_page/Filter_link/button_Apply' is clicked on

2020-03-13 13:26:02 - [MESSAGE][PASSED] - Object: 'Object Repository/ROLES/Roles_page/Filter_link/button_Apply' is clicked on

2020-03-13 13:26:02 - [TEST_STEP][PASSED] - click(findTestObject("ROLES/Roles_page/Filter_link/cancelFilter_1"), CONTINUE_ON_FAILURE): Object: 'Object Repository/ROLES/Roles_page/Filter_link/cancelFilter_1' is clicked on

2020-03-13 13:26:03 - [MESSAGE][PASSED] - Object: 'Object Repository/ROLES/Roles_page/Filter_link/cancelFilter_1' is clicked on

2020-03-13 13:26:03 - [TEST_STEP][PASSED] - click(findTestObject("ROLES/Roles_page/Filter_link/cancelFilter_1"), CONTINUE_ON_FAILURE): Object: 'Object Repository/ROLES/Roles_page/Filter_link/cancelFilter_1' is clicked on

2020-03-13 13:26:04 - [MESSAGE][PASSED] - Object: 'Object Repository/ROLES/Roles_page/Filter_link/cancelFilter_1' is clicked on

2020-03-13 13:26:04 - [TEST_STEP][NOT_RUN] - click(findTestObject("ROLES/Roles_page/Filter_link/cancelFilter_2"), CONTINUE_ON_FAILURE): NOT_RUN: click(findTestObject("ROLES/Roles_page/Filter_link/cancelFilter_2"), CONTINUE_ON_FAILURE)

2020-03-13 13:26:04 - [MESSAGE][NOT_RUN] - NOT_RUN: click(findTestObject("ROLES/Roles_page/Filter_link/cancelFilter_2"), CONTINUE_ON_FAILURE)

2020-03-13 13:26:04 - [TEST_STEP][PASSED] - Start listener action : sampleAfterTestCase: null

2020-03-13 13:26:04 - [TEST_STEP][PASSED] - println(testCaseContext.getTestCaseId()): null

2020-03-13 13:26:04 - [TEST_STEP][PASSED] - println(testCaseContext.getTestCaseStatus()): null

2020-03-13 13:26:04 - [TEST_STEP][PASSED] - println("On Failure Method is Calling : " + testCaseContext.getTestCaseStatus()): null

2020-03-13 13:26:04 - [TEST_STEP][PASSED] - if (!(getTestCaseStatus().equalsIgnoreCase("PASSED"))): null]]></system-out>
         <system-err><![CDATA[]]></system-err>
      </testcase>
      <testcase name="Test Cases/Atlas Platform/Configuration Management/Platform Management/ROLES/Role Listing Grid/RLG-004 Validate Pagination in Role Manager page" time="21.661" classname="Test Cases/Atlas Platform/Configuration Management/Platform Management/ROLES/Role Listing Grid/RLG-004 Validate Pagination in Role Manager page" status="PASSED">
         <system-out><![CDATA[2020-03-13 13:26:06 - [TEST_CASE][PASSED] - Test Cases/Atlas Platform/Configuration Management/Platform Management/ROLES/Role Listing Grid/RLG-004 Validate Pagination in Role Manager page: Test Cases/Atlas Platform/Configuration Management/Platform Management/ROLES/Role Listing Grid/RLG-004 Validate Pagination in Role Manager page

2020-03-13 13:26:07 - [TEST_STEP][NOT_RUN] - callTestCase(findTestCase("Atlas Platform/Platform Navigation/Login/Default Logins/Default_Login_as_Root Admin"), ["Email":findTestData("AMP_Y").getValue(1, 1), "Password":findTestData("AMP_Y").getValue(2, 1), "dashboard_exp_title":""], CONTINUE_ON_FAILURE): NOT_RUN: callTestCase(findTestCase("Atlas Platform/Platform Navigation/Login/Default Logins/Default_Login_as_Root Admin"), ["Email":findTestData("AMP_Y").getValue(1, 1), "Password":findTestData("AMP_Y").getValue(2, 1), "dashboard_exp_title":""], CONTINUE_ON_FAILURE)

2020-03-13 13:26:07 - [MESSAGE][NOT_RUN] - NOT_RUN: callTestCase(findTestCase("Atlas Platform/Platform Navigation/Login/Default Logins/Default_Login_as_Root Admin"), ["Email":findTestData("AMP_Y").getValue(1, 1), "Password":findTestData("AMP_Y").getValue(2, 1), "dashboard_exp_title":""], CONTINUE_ON_FAILURE)

2020-03-13 13:26:07 - [TEST_STEP][NOT_RUN] - click(findTestObject("ROLES/Role_Navigation/a_ADMIN")): NOT_RUN: click(findTestObject("ROLES/Role_Navigation/a_ADMIN"))

2020-03-13 13:26:07 - [MESSAGE][NOT_RUN] - NOT_RUN: click(findTestObject("ROLES/Role_Navigation/a_ADMIN"))

2020-03-13 13:26:07 - [TEST_STEP][PASSED] - verifyElementClickable(findTestObject("ROLES/Roles_page/Pagination/input_Page_form-control")): Object 'Object Repository/ROLES/Roles_page/Pagination/input_Page_form-control' is clickable

2020-03-13 13:26:07 - [MESSAGE][PASSED] - Object 'Object Repository/ROLES/Roles_page/Pagination/input_Page_form-control' is clickable

2020-03-13 13:26:07 - [TEST_STEP][PASSED] - verifyElementAttributeValue(findTestObject("ROLES/Roles_page/Pagination/input_Page_form-control"), "value", value1, 30): Object 'Object Repository/ROLES/Roles_page/Pagination/input_Page_form-control' has attribute 'value' with value '1'

2020-03-13 13:26:07 - [MESSAGE][PASSED] - Object 'Object Repository/ROLES/Roles_page/Pagination/input_Page_form-control' has attribute 'value' with value '1'

2020-03-13 13:26:07 - [TEST_STEP][PASSED] - click(findTestObject("ROLES/Roles_page/Pagination/front_navigation")): Object: 'Object Repository/ROLES/Roles_page/Pagination/front_navigation' is clicked on

2020-03-13 13:26:08 - [MESSAGE][PASSED] - Object: 'Object Repository/ROLES/Roles_page/Pagination/front_navigation' is clicked on

2020-03-13 13:26:08 - [TEST_STEP][PASSED] - verifyElementAttributeValue(findTestObject("ROLES/Roles_page/Pagination/input_Page_form-control"), "value", value2, 30): Object 'Object Repository/ROLES/Roles_page/Pagination/input_Page_form-control' has attribute 'value' with value '2'

2020-03-13 13:26:09 - [MESSAGE][PASSED] - Object 'Object Repository/ROLES/Roles_page/Pagination/input_Page_form-control' has attribute 'value' with value '2'

2020-03-13 13:26:09 - [TEST_STEP][PASSED] - click(findTestObject("ROLES/Roles_page/Pagination/Back_navigation")): Object: 'Object Repository/ROLES/Roles_page/Pagination/Back_navigation' is clicked on

2020-03-13 13:26:09 - [MESSAGE][PASSED] - Object: 'Object Repository/ROLES/Roles_page/Pagination/Back_navigation' is clicked on

2020-03-13 13:26:09 - [TEST_STEP][PASSED] - verifyElementAttributeValue(findTestObject("ROLES/Roles_page/Pagination/input_Page_form-control"), "value", value1, 30): Object 'Object Repository/ROLES/Roles_page/Pagination/input_Page_form-control' has attribute 'value' with value '1'

2020-03-13 13:26:10 - [MESSAGE][PASSED] - Object 'Object Repository/ROLES/Roles_page/Pagination/input_Page_form-control' has attribute 'value' with value '1'

2020-03-13 13:26:10 - [TEST_STEP][PASSED] - click(findTestObject("ROLES/Roles_page/Pagination/Back_navigation")): Object: 'Object Repository/ROLES/Roles_page/Pagination/Back_navigation' is clicked on

2020-03-13 13:26:13 - [MESSAGE][PASSED] - Object: 'Object Repository/ROLES/Roles_page/Pagination/Back_navigation' is clicked on

2020-03-13 13:26:13 - [TEST_STEP][PASSED] - verifyElementAttributeValue(findTestObject("ROLES/Roles_page/Pagination/input_Page_form-control"), "value", value1, 30): Object 'Object Repository/ROLES/Roles_page/Pagination/input_Page_form-control' has attribute 'value' with value '1'

2020-03-13 13:26:13 - [MESSAGE][PASSED] - Object 'Object Repository/ROLES/Roles_page/Pagination/input_Page_form-control' has attribute 'value' with value '1'

2020-03-13 13:26:13 - [TEST_STEP][PASSED] - page = getText(findTestObject("ROLES/Roles_page/Pagination/label_of 10")): Text of object 'Object Repository/ROLES/Roles_page/Pagination/label_of 10' is: 'of 18'

2020-03-13 13:26:14 - [MESSAGE][PASSED] - Text of object 'Object Repository/ROLES/Roles_page/Pagination/label_of 10' is: 'of 18'

2020-03-13 13:26:14 - [TEST_STEP][PASSED] - page_no = page.substring(3): null

2020-03-13 13:26:14 - [TEST_STEP][PASSED] - println(page_no.length()): null

2020-03-13 13:26:14 - [TEST_STEP][PASSED] - page_length = page_no.length(): null

2020-03-13 13:26:14 - [TEST_STEP][PASSED] - for ([<not implemented yet for class: org.codehaus.groovy.ast.expr.EmptyExpression>, page_length > 0, (page_length--)]): Keys 'BACK_SPACE + ' sent to object: 'Object Repository/ROLES/Roles_page/Pagination/input_Page_form-control'

2020-03-13 13:26:14 - [TEST_STEP][PASSED] - sendKeys(findTestObject("ROLES/Roles_page/Pagination/input_Page_form-control"), Keys.chord(BACK_SPACE)): Keys 'BACK_SPACE + ' sent to object: 'Object Repository/ROLES/Roles_page/Pagination/input_Page_form-control'

2020-03-13 13:26:14 - [MESSAGE][PASSED] - Keys 'BACK_SPACE + ' sent to object: 'Object Repository/ROLES/Roles_page/Pagination/input_Page_form-control'

2020-03-13 13:26:14 - [TEST_STEP][PASSED] - sendKeys(findTestObject("ROLES/Roles_page/Pagination/input_Page_form-control"), Keys.chord(BACK_SPACE)): Keys 'BACK_SPACE + ' sent to object: 'Object Repository/ROLES/Roles_page/Pagination/input_Page_form-control'

2020-03-13 13:26:15 - [MESSAGE][PASSED] - Keys 'BACK_SPACE + ' sent to object: 'Object Repository/ROLES/Roles_page/Pagination/input_Page_form-control'

2020-03-13 13:26:15 - [TEST_STEP][PASSED] - sendKeys(findTestObject("ROLES/Roles_page/Pagination/input_Page_form-control"), Keys.chord(page_no, ENTER)): Keys 'ENTER + 18' sent to object: 'Object Repository/ROLES/Roles_page/Pagination/input_Page_form-control'

2020-03-13 13:26:15 - [MESSAGE][PASSED] - Keys 'ENTER + 18' sent to object: 'Object Repository/ROLES/Roles_page/Pagination/input_Page_form-control'

2020-03-13 13:26:15 - [TEST_STEP][PASSED] - verifyElementAttributeValue(findTestObject("ROLES/Roles_page/Pagination/input_Page_form-control"), "value", page_no, 30): Object 'Object Repository/ROLES/Roles_page/Pagination/input_Page_form-control' has attribute 'value' with value '18'

2020-03-13 13:26:16 - [MESSAGE][PASSED] - Object 'Object Repository/ROLES/Roles_page/Pagination/input_Page_form-control' has attribute 'value' with value '18'

2020-03-13 13:26:16 - [TEST_STEP][NOT_RUN] - com.katalon.plugin.keyword.shadow.ShadowKeywords.isDisabled(findTestObject("ROLES/Roles_page/Pagination/front_navigation")): NOT_RUN: com.katalon.plugin.keyword.shadow.ShadowKeywords.isDisabled(findTestObject("ROLES/Roles_page/Pagination/front_navigation"))

2020-03-13 13:26:16 - [MESSAGE][NOT_RUN] - NOT_RUN: com.katalon.plugin.keyword.shadow.ShadowKeywords.isDisabled(findTestObject("ROLES/Roles_page/Pagination/front_navigation"))

2020-03-13 13:26:16 - [TEST_STEP][PASSED] - click(findTestObject("ROLES/Roles_page/Pagination/front_navigation")): Object: 'Object Repository/ROLES/Roles_page/Pagination/front_navigation' is clicked on

2020-03-13 13:26:19 - [MESSAGE][PASSED] - Object: 'Object Repository/ROLES/Roles_page/Pagination/front_navigation' is clicked on

2020-03-13 13:26:19 - [TEST_STEP][PASSED] - verifyElementAttributeValue(findTestObject("ROLES/Roles_page/Pagination/input_Page_form-control"), "value", page_no, 30): Object 'Object Repository/ROLES/Roles_page/Pagination/input_Page_form-control' has attribute 'value' with value '18'

2020-03-13 13:26:19 - [MESSAGE][PASSED] - Object 'Object Repository/ROLES/Roles_page/Pagination/input_Page_form-control' has attribute 'value' with value '18'

2020-03-13 13:26:19 - [TEST_STEP][PASSED] - page_in1 = getAttribute(findTestObject("ROLES/Roles_page/Pagination/input_Page_form-control"), "value"): Attribute 'value' of object 'Object Repository/ROLES/Roles_page/Pagination/input_Page_form-control' is: '18'

2020-03-13 13:26:19 - [MESSAGE][PASSED] - Attribute 'value' of object 'Object Repository/ROLES/Roles_page/Pagination/input_Page_form-control' is: '18'

2020-03-13 13:26:19 - [TEST_STEP][PASSED] - page_inl = page_in1.length(): null

2020-03-13 13:26:19 - [TEST_STEP][PASSED] - for ([<not implemented yet for class: org.codehaus.groovy.ast.expr.EmptyExpression>, page_inl > 0, (page_inl--)]): Keys 'BACK_SPACE + ' sent to object: 'Object Repository/ROLES/Roles_page/Pagination/input_Page_form-control'

2020-03-13 13:26:19 - [TEST_STEP][PASSED] - sendKeys(findTestObject("ROLES/Roles_page/Pagination/input_Page_form-control"), Keys.chord(BACK_SPACE)): Keys 'BACK_SPACE + ' sent to object: 'Object Repository/ROLES/Roles_page/Pagination/input_Page_form-control'

2020-03-13 13:26:20 - [MESSAGE][PASSED] - Keys 'BACK_SPACE + ' sent to object: 'Object Repository/ROLES/Roles_page/Pagination/input_Page_form-control'

2020-03-13 13:26:20 - [TEST_STEP][PASSED] - sendKeys(findTestObject("ROLES/Roles_page/Pagination/input_Page_form-control"), Keys.chord(BACK_SPACE)): Keys 'BACK_SPACE + ' sent to object: 'Object Repository/ROLES/Roles_page/Pagination/input_Page_form-control'

2020-03-13 13:26:20 - [MESSAGE][PASSED] - Keys 'BACK_SPACE + ' sent to object: 'Object Repository/ROLES/Roles_page/Pagination/input_Page_form-control'

2020-03-13 13:26:20 - [TEST_STEP][PASSED] - sendKeys(findTestObject("ROLES/Roles_page/Pagination/input_Page_form-control"), Keys.chord(value3, ENTER)): Keys 'ENTER + 3' sent to object: 'Object Repository/ROLES/Roles_page/Pagination/input_Page_form-control'

2020-03-13 13:26:20 - [MESSAGE][PASSED] - Keys 'ENTER + 3' sent to object: 'Object Repository/ROLES/Roles_page/Pagination/input_Page_form-control'

2020-03-13 13:26:20 - [TEST_STEP][PASSED] - verifyElementAttributeValue(findTestObject("ROLES/Roles_page/Pagination/input_Page_form-control"), "value", value3, 30): Object 'Object Repository/ROLES/Roles_page/Pagination/input_Page_form-control' has attribute 'value' with value '3'

2020-03-13 13:26:21 - [MESSAGE][PASSED] - Object 'Object Repository/ROLES/Roles_page/Pagination/input_Page_form-control' has attribute 'value' with value '3'

2020-03-13 13:26:21 - [TEST_STEP][PASSED] - page_in2 = getAttribute(findTestObject("ROLES/Roles_page/Pagination/input_Page_form-control"), "value"): Attribute 'value' of object 'Object Repository/ROLES/Roles_page/Pagination/input_Page_form-control' is: '3'

2020-03-13 13:26:22 - [MESSAGE][PASSED] - Attribute 'value' of object 'Object Repository/ROLES/Roles_page/Pagination/input_Page_form-control' is: '3'

2020-03-13 13:26:22 - [TEST_STEP][PASSED] - page_in2 = page_in2.length(): null

2020-03-13 13:26:22 - [TEST_STEP][PASSED] - for ([<not implemented yet for class: org.codehaus.groovy.ast.expr.EmptyExpression>, page_in2 > 0, (page_in2--)]): Keys 'BACK_SPACE + ' sent to object: 'Object Repository/ROLES/Roles_page/Pagination/input_Page_form-control'

2020-03-13 13:26:22 - [TEST_STEP][PASSED] - sendKeys(findTestObject("ROLES/Roles_page/Pagination/input_Page_form-control"), Keys.chord(BACK_SPACE)): Keys 'BACK_SPACE + ' sent to object: 'Object Repository/ROLES/Roles_page/Pagination/input_Page_form-control'

2020-03-13 13:26:22 - [MESSAGE][PASSED] - Keys 'BACK_SPACE + ' sent to object: 'Object Repository/ROLES/Roles_page/Pagination/input_Page_form-control'

2020-03-13 13:26:22 - [TEST_STEP][PASSED] - sendKeys(findTestObject("ROLES/Roles_page/Pagination/input_Page_form-control"), Keys.chord(value500000, ENTER)): Keys 'ENTER + 500000' sent to object: 'Object Repository/ROLES/Roles_page/Pagination/input_Page_form-control'

2020-03-13 13:26:23 - [MESSAGE][PASSED] - Keys 'ENTER + 500000' sent to object: 'Object Repository/ROLES/Roles_page/Pagination/input_Page_form-control'

2020-03-13 13:26:23 - [TEST_STEP][PASSED] - verifyElementAttributeValue(findTestObject("ROLES/Roles_page/Pagination/input_Page_form-control"), "value", value3, 30): Object 'Object Repository/ROLES/Roles_page/Pagination/input_Page_form-control' has attribute 'value' with value '3'

2020-03-13 13:26:23 - [MESSAGE][PASSED] - Object 'Object Repository/ROLES/Roles_page/Pagination/input_Page_form-control' has attribute 'value' with value '3'

2020-03-13 13:26:23 - [TEST_STEP][PASSED] - page_in3 = getAttribute(findTestObject("ROLES/Roles_page/Pagination/input_Page_form-control"), "value"): Attribute 'value' of object 'Object Repository/ROLES/Roles_page/Pagination/input_Page_form-control' is: '3'

2020-03-13 13:26:23 - [MESSAGE][PASSED] - Attribute 'value' of object 'Object Repository/ROLES/Roles_page/Pagination/input_Page_form-control' is: '3'

2020-03-13 13:26:23 - [TEST_STEP][PASSED] - page_in3 = page_in3.length(): null

2020-03-13 13:26:23 - [TEST_STEP][PASSED] - for ([<not implemented yet for class: org.codehaus.groovy.ast.expr.EmptyExpression>, page_in3 > 0, (page_in3--)]): Keys 'BACK_SPACE + ' sent to object: 'Object Repository/ROLES/Roles_page/Pagination/input_Page_form-control'

2020-03-13 13:26:23 - [TEST_STEP][PASSED] - sendKeys(findTestObject("ROLES/Roles_page/Pagination/input_Page_form-control"), Keys.chord(BACK_SPACE)): Keys 'BACK_SPACE + ' sent to object: 'Object Repository/ROLES/Roles_page/Pagination/input_Page_form-control'

2020-03-13 13:26:24 - [MESSAGE][PASSED] - Keys 'BACK_SPACE + ' sent to object: 'Object Repository/ROLES/Roles_page/Pagination/input_Page_form-control'

2020-03-13 13:26:24 - [TEST_STEP][PASSED] - sendKeys(findTestObject("ROLES/Roles_page/Pagination/input_Page_form-control"), Keys.chord(value4, ENTER)): Keys 'ENTER + 4' sent to object: 'Object Repository/ROLES/Roles_page/Pagination/input_Page_form-control'

2020-03-13 13:26:24 - [MESSAGE][PASSED] - Keys 'ENTER + 4' sent to object: 'Object Repository/ROLES/Roles_page/Pagination/input_Page_form-control'

2020-03-13 13:26:24 - [TEST_STEP][PASSED] - page_showing = getText(findTestObject("ROLES/Roles_page/Pagination/input_Page_form-control")): Text of object 'Object Repository/ROLES/Roles_page/Pagination/input_Page_form-control' is: ''

2020-03-13 13:26:25 - [MESSAGE][PASSED] - Text of object 'Object Repository/ROLES/Roles_page/Pagination/input_Page_form-control' is: ''

2020-03-13 13:26:25 - [TEST_STEP][PASSED] - if (page_showing.contains(page4)): null

2020-03-13 13:26:25 - [TEST_STEP][PASSED] - sendKeys(findTestObject("ROLES/Roles_page/Pagination/input_Page_form-control"), Keys.chord(BACK_SPACE)): Keys 'BACK_SPACE + ' sent to object: 'Object Repository/ROLES/Roles_page/Pagination/input_Page_form-control'

2020-03-13 13:26:25 - [MESSAGE][PASSED] - Keys 'BACK_SPACE + ' sent to object: 'Object Repository/ROLES/Roles_page/Pagination/input_Page_form-control'

2020-03-13 13:26:25 - [TEST_STEP][PASSED] - sendKeys(findTestObject("ROLES/Roles_page/Pagination/input_Page_form-control"), Keys.chord(value1, ENTER)): Keys 'ENTER + 1' sent to object: 'Object Repository/ROLES/Roles_page/Pagination/input_Page_form-control'

2020-03-13 13:26:26 - [MESSAGE][PASSED] - Keys 'ENTER + 1' sent to object: 'Object Repository/ROLES/Roles_page/Pagination/input_Page_form-control'

2020-03-13 13:26:26 - [TEST_STEP][PASSED] - Start listener action : sampleAfterTestCase: null

2020-03-13 13:26:26 - [TEST_STEP][PASSED] - println(testCaseContext.getTestCaseId()): null

2020-03-13 13:26:26 - [TEST_STEP][PASSED] - println(testCaseContext.getTestCaseStatus()): null

2020-03-13 13:26:26 - [TEST_STEP][PASSED] - println("On Failure Method is Calling : " + testCaseContext.getTestCaseStatus()): null

2020-03-13 13:26:26 - [TEST_STEP][PASSED] - if (!(getTestCaseStatus().equalsIgnoreCase("PASSED"))): null]]></system-out>
         <system-err><![CDATA[]]></system-err>
      </testcase>
      <testcase name="Test Cases/Atlas Platform/Configuration Management/Platform Management/ROLES/Role Listing Grid/RLG-005 Verify Hamburger icon of a Role in Role Manager page" time="3.696" classname="Test Cases/Atlas Platform/Configuration Management/Platform Management/ROLES/Role Listing Grid/RLG-005 Verify Hamburger icon of a Role in Role Manager page" status="PASSED">
         <system-out><![CDATA[2020-03-13 13:26:28 - [TEST_CASE][PASSED] - Test Cases/Atlas Platform/Configuration Management/Platform Management/ROLES/Role Listing Grid/RLG-005 Verify Hamburger icon of a Role in Role Manager page: Test Cases/Atlas Platform/Configuration Management/Platform Management/ROLES/Role Listing Grid/RLG-005 Verify Hamburger icon of a Role in Role Manager page

2020-03-13 13:26:28 - [TEST_STEP][NOT_RUN] - callTestCase(findTestCase("Atlas Platform/Platform Navigation/Login/Default Logins/Default_Login_as_Root Admin"), ["Email":findTestData("AMP_Y").getValue(1, 1), "Password":findTestData("AMP_Y").getValue(2, 1), "dashboard_exp_title":""], CONTINUE_ON_FAILURE): NOT_RUN: callTestCase(findTestCase("Atlas Platform/Platform Navigation/Login/Default Logins/Default_Login_as_Root Admin"), ["Email":findTestData("AMP_Y").getValue(1, 1), "Password":findTestData("AMP_Y").getValue(2, 1), "dashboard_exp_title":""], CONTINUE_ON_FAILURE)

2020-03-13 13:26:28 - [MESSAGE][NOT_RUN] - NOT_RUN: callTestCase(findTestCase("Atlas Platform/Platform Navigation/Login/Default Logins/Default_Login_as_Root Admin"), ["Email":findTestData("AMP_Y").getValue(1, 1), "Password":findTestData("AMP_Y").getValue(2, 1), "dashboard_exp_title":""], CONTINUE_ON_FAILURE)

2020-03-13 13:26:28 - [TEST_STEP][NOT_RUN] - click(findTestObject("ROLES/Role_Navigation/a_ADMIN")): NOT_RUN: click(findTestObject("ROLES/Role_Navigation/a_ADMIN"))

2020-03-13 13:26:28 - [MESSAGE][NOT_RUN] - NOT_RUN: click(findTestObject("ROLES/Role_Navigation/a_ADMIN"))

2020-03-13 13:26:28 - [TEST_STEP][PASSED] - click(findTestObject("ROLES/Roles_page/Hamburger/button_hamburger")): Object: 'Object Repository/ROLES/Roles_page/Hamburger/button_hamburger' is clicked on

2020-03-13 13:26:28 - [MESSAGE][PASSED] - Object: 'Object Repository/ROLES/Roles_page/Hamburger/button_hamburger' is clicked on

2020-03-13 13:26:28 - [TEST_STEP][PASSED] - verifyElementPresent(findTestObject("ROLES/Roles_page/Hamburger/a_Edit"), 0): Object 'Object Repository/ROLES/Roles_page/Hamburger/a_Edit' is present

2020-03-13 13:26:29 - [MESSAGE][WARNING] - Timeout '0' is invalid. Using default page load timeout: '230'

2020-03-13 13:26:29 - [MESSAGE][PASSED] - Object 'Object Repository/ROLES/Roles_page/Hamburger/a_Edit' is present

2020-03-13 13:26:29 - [TEST_STEP][NOT_RUN] - verifyElementPresent(findTestObject("ROLES/Roles_page/Hamburger/a_Copy"), 0): NOT_RUN: verifyElementPresent(findTestObject("ROLES/Roles_page/Hamburger/a_Copy"), 0)

2020-03-13 13:26:29 - [MESSAGE][NOT_RUN] - NOT_RUN: verifyElementPresent(findTestObject("ROLES/Roles_page/Hamburger/a_Copy"), 0)

2020-03-13 13:26:29 - [TEST_STEP][PASSED] - verifyElementPresent(findTestObject("ROLES/Roles_page/Hamburger/a_Change Status"), 0): Object 'Object Repository/ROLES/Roles_page/Hamburger/a_Change Status' is present

2020-03-13 13:26:29 - [MESSAGE][WARNING] - Timeout '0' is invalid. Using default page load timeout: '230'

2020-03-13 13:26:29 - [MESSAGE][PASSED] - Object 'Object Repository/ROLES/Roles_page/Hamburger/a_Change Status' is present

2020-03-13 13:26:29 - [TEST_STEP][NOT_RUN] - verifyElementPresent(findTestObject("ROLES/Roles_page/Hamburger/a_Delete"), 0): NOT_RUN: verifyElementPresent(findTestObject("ROLES/Roles_page/Hamburger/a_Delete"), 0)

2020-03-13 13:26:29 - [MESSAGE][NOT_RUN] - NOT_RUN: verifyElementPresent(findTestObject("ROLES/Roles_page/Hamburger/a_Delete"), 0)

2020-03-13 13:26:29 - [TEST_STEP][PASSED] - Start listener action : sampleAfterTestCase: null

2020-03-13 13:26:29 - [TEST_STEP][PASSED] - println(testCaseContext.getTestCaseId()): null

2020-03-13 13:26:29 - [TEST_STEP][PASSED] - println(testCaseContext.getTestCaseStatus()): null

2020-03-13 13:26:29 - [TEST_STEP][PASSED] - println("On Failure Method is Calling : " + testCaseContext.getTestCaseStatus()): null

2020-03-13 13:26:29 - [TEST_STEP][PASSED] - if (!(getTestCaseStatus().equalsIgnoreCase("PASSED"))): null]]></system-out>
         <system-err><![CDATA[]]></system-err>
      </testcase>
      <testcase name="Test Cases/Atlas Platform/Configuration Management/Platform Management/ROLES/Role Listing Grid/RLG-006 Validate Create New Role button" time="9.286" classname="Test Cases/Atlas Platform/Configuration Management/Platform Management/ROLES/Role Listing Grid/RLG-006 Validate Create New Role button" status="PASSED">
         <system-out><![CDATA[2020-03-13 13:26:31 - [TEST_CASE][PASSED] - Test Cases/Atlas Platform/Configuration Management/Platform Management/ROLES/Role Listing Grid/RLG-006 Validate Create New Role button: Test Cases/Atlas Platform/Configuration Management/Platform Management/ROLES/Role Listing Grid/RLG-006 Validate Create New Role button

2020-03-13 13:26:32 - [TEST_STEP][NOT_RUN] - callTestCase(findTestCase("Atlas Platform/Platform Navigation/Login/Default Logins/Default_Login_as_Root Admin"), ["Email":findTestData("AMP_Y").getValue(1, 1), "Password":findTestData("AMP_Y").getValue(2, 1), "dashboard_exp_title":""], CONTINUE_ON_FAILURE): NOT_RUN: callTestCase(findTestCase("Atlas Platform/Platform Navigation/Login/Default Logins/Default_Login_as_Root Admin"), ["Email":findTestData("AMP_Y").getValue(1, 1), "Password":findTestData("AMP_Y").getValue(2, 1), "dashboard_exp_title":""], CONTINUE_ON_FAILURE)

2020-03-13 13:26:32 - [MESSAGE][NOT_RUN] - NOT_RUN: callTestCase(findTestCase("Atlas Platform/Platform Navigation/Login/Default Logins/Default_Login_as_Root Admin"), ["Email":findTestData("AMP_Y").getValue(1, 1), "Password":findTestData("AMP_Y").getValue(2, 1), "dashboard_exp_title":""], CONTINUE_ON_FAILURE)

2020-03-13 13:26:32 - [TEST_STEP][NOT_RUN] - click(findTestObject("ROLES/Role_Navigation/a_ADMIN")): NOT_RUN: click(findTestObject("ROLES/Role_Navigation/a_ADMIN"))

2020-03-13 13:26:32 - [MESSAGE][NOT_RUN] - NOT_RUN: click(findTestObject("ROLES/Role_Navigation/a_ADMIN"))

2020-03-13 13:26:32 - [TEST_STEP][PASSED] - click(findTestObject("ROLES/Roles_page/Create Role_button")): Object: 'Object Repository/ROLES/Roles_page/Create Role_button' is clicked on

2020-03-13 13:26:32 - [MESSAGE][PASSED] - Object: 'Object Repository/ROLES/Roles_page/Create Role_button' is clicked on

2020-03-13 13:26:32 - [TEST_STEP][PASSED] - verifyElementPresent(findTestObject("ROLES/Create Role/New Role_page/h2_New Role"), 0): Object 'Object Repository/ROLES/Create Role/New Role_page/h2_New Role' is present

2020-03-13 13:26:33 - [MESSAGE][WARNING] - Timeout '0' is invalid. Using default page load timeout: '230'

2020-03-13 13:26:33 - [MESSAGE][PASSED] - Object 'Object Repository/ROLES/Create Role/New Role_page/h2_New Role' is present

2020-03-13 13:26:33 - [TEST_STEP][PASSED] - verifyElementPresent(findTestObject("ROLES/Create Role/New Role_page/a_Role Properties"), 0): Object 'Object Repository/ROLES/Create Role/New Role_page/a_Role Properties' is present

2020-03-13 13:26:33 - [MESSAGE][WARNING] - Timeout '0' is invalid. Using default page load timeout: '230'

2020-03-13 13:26:34 - [MESSAGE][PASSED] - Object 'Object Repository/ROLES/Create Role/New Role_page/a_Role Properties' is present

2020-03-13 13:26:34 - [TEST_STEP][PASSED] - verifyElementPresent(findTestObject("ROLES/Create Role/New Role_page/a_Platform"), 0): Object 'Object Repository/ROLES/Create Role/New Role_page/a_Platform' is present

2020-03-13 13:26:34 - [MESSAGE][WARNING] - Timeout '0' is invalid. Using default page load timeout: '230'

2020-03-13 13:26:34 - [MESSAGE][PASSED] - Object 'Object Repository/ROLES/Create Role/New Role_page/a_Platform' is present

2020-03-13 13:26:34 - [TEST_STEP][PASSED] - verifyElementPresent(findTestObject("ROLES/Create Role/New Role_page/a_Content Features"), 0): Object 'Object Repository/ROLES/Create Role/New Role_page/a_Content Features' is present

2020-03-13 13:26:34 - [MESSAGE][WARNING] - Timeout '0' is invalid. Using default page load timeout: '230'

2020-03-13 13:26:34 - [MESSAGE][PASSED] - Object 'Object Repository/ROLES/Create Role/New Role_page/a_Content Features' is present

2020-03-13 13:26:34 - [TEST_STEP][PASSED] - verifyElementPresent(findTestObject("ROLES/Create Role/New Role_page/a_Audience Features"), 0): Object 'Object Repository/ROLES/Create Role/New Role_page/a_Audience Features' is present

2020-03-13 13:26:34 - [MESSAGE][WARNING] - Timeout '0' is invalid. Using default page load timeout: '230'

2020-03-13 13:26:35 - [MESSAGE][PASSED] - Object 'Object Repository/ROLES/Create Role/New Role_page/a_Audience Features' is present

2020-03-13 13:26:35 - [TEST_STEP][PASSED] - verifyElementPresent(findTestObject("ROLES/Create Role/New Role_page/a_Message Features"), 0): Object 'Object Repository/ROLES/Create Role/New Role_page/a_Message Features' is present

2020-03-13 13:26:35 - [MESSAGE][WARNING] - Timeout '0' is invalid. Using default page load timeout: '230'

2020-03-13 13:26:35 - [MESSAGE][PASSED] - Object 'Object Repository/ROLES/Create Role/New Role_page/a_Message Features' is present

2020-03-13 13:26:35 - [TEST_STEP][PASSED] - verifyElementPresent(findTestObject("ROLES/Create Role/New Role_page/a_Report Features"), 0): Object 'Object Repository/ROLES/Create Role/New Role_page/a_Report Features' is present

2020-03-13 13:26:35 - [MESSAGE][WARNING] - Timeout '0' is invalid. Using default page load timeout: '230'

2020-03-13 13:26:35 - [MESSAGE][PASSED] - Object 'Object Repository/ROLES/Create Role/New Role_page/a_Report Features' is present

2020-03-13 13:26:35 - [TEST_STEP][PASSED] - verifyElementPresent(findTestObject("ROLES/Create Role/New Role_page/h2_Role Properties"), 0): Object 'Object Repository/ROLES/Create Role/New Role_page/h2_Role Properties' is present

2020-03-13 13:26:35 - [MESSAGE][WARNING] - Timeout '0' is invalid. Using default page load timeout: '230'

2020-03-13 13:26:36 - [MESSAGE][PASSED] - Object 'Object Repository/ROLES/Create Role/New Role_page/h2_Role Properties' is present

2020-03-13 13:26:36 - [TEST_STEP][PASSED] - verifyElementPresent(findTestObject("ROLES/Create Role/New Role_page/label_Role Name"), 0): Object 'Object Repository/ROLES/Create Role/New Role_page/label_Role Name' is present

2020-03-13 13:26:36 - [MESSAGE][WARNING] - Timeout '0' is invalid. Using default page load timeout: '230'

2020-03-13 13:26:36 - [MESSAGE][PASSED] - Object 'Object Repository/ROLES/Create Role/New Role_page/label_Role Name' is present

2020-03-13 13:26:36 - [TEST_STEP][PASSED] - verifyElementPresent(findTestObject("ROLES/Create Role/New Role_page/input_Role Name_name"), 0): Object 'Object Repository/ROLES/Create Role/New Role_page/input_Role Name_name' is present

2020-03-13 13:26:36 - [MESSAGE][WARNING] - Timeout '0' is invalid. Using default page load timeout: '230'

2020-03-13 13:26:36 - [MESSAGE][PASSED] - Object 'Object Repository/ROLES/Create Role/New Role_page/input_Role Name_name' is present

2020-03-13 13:26:36 - [TEST_STEP][PASSED] - verifyElementPresent(findTestObject("ROLES/Create Role/New Role_page/label_Role Description"), 0): Object 'Object Repository/ROLES/Create Role/New Role_page/label_Role Description' is present

2020-03-13 13:26:36 - [MESSAGE][WARNING] - Timeout '0' is invalid. Using default page load timeout: '230'

2020-03-13 13:26:37 - [MESSAGE][PASSED] - Object 'Object Repository/ROLES/Create Role/New Role_page/label_Role Description' is present

2020-03-13 13:26:37 - [TEST_STEP][PASSED] - verifyElementPresent(findTestObject("ROLES/Create Role/New Role_page/textarea_Role Description_description"), 0): Object 'Object Repository/ROLES/Create Role/New Role_page/textarea_Role Description_description' is present

2020-03-13 13:26:37 - [MESSAGE][WARNING] - Timeout '0' is invalid. Using default page load timeout: '230'

2020-03-13 13:26:37 - [MESSAGE][PASSED] - Object 'Object Repository/ROLES/Create Role/New Role_page/textarea_Role Description_description' is present

2020-03-13 13:26:37 - [TEST_STEP][PASSED] - verifyElementPresent(findTestObject("ROLES/Create Role/New Role_page/button_Cancel"), 0): Object 'Object Repository/ROLES/Create Role/New Role_page/button_Cancel' is present

2020-03-13 13:26:37 - [MESSAGE][WARNING] - Timeout '0' is invalid. Using default page load timeout: '230'

2020-03-13 13:26:37 - [MESSAGE][PASSED] - Object 'Object Repository/ROLES/Create Role/New Role_page/button_Cancel' is present

2020-03-13 13:26:37 - [TEST_STEP][PASSED] - verifyElementPresent(findTestObject("ROLES/Create Role/New Role_page/div_Create"), 0): Object 'Object Repository/ROLES/Create Role/New Role_page/div_Create' is present

2020-03-13 13:26:37 - [MESSAGE][WARNING] - Timeout '0' is invalid. Using default page load timeout: '230'

2020-03-13 13:26:38 - [MESSAGE][PASSED] - Object 'Object Repository/ROLES/Create Role/New Role_page/div_Create' is present

2020-03-13 13:26:38 - [TEST_STEP][PASSED] - verifyElementPresent(findTestObject("ROLES/Create Role/New Role_page/Role Properties_collapse button"), 0): Object 'Object Repository/ROLES/Create Role/New Role_page/Role Properties_collapse button' is present

2020-03-13 13:26:38 - [MESSAGE][WARNING] - Timeout '0' is invalid. Using default page load timeout: '230'

2020-03-13 13:26:38 - [MESSAGE][PASSED] - Object 'Object Repository/ROLES/Create Role/New Role_page/Role Properties_collapse button' is present

2020-03-13 13:26:38 - [TEST_STEP][PASSED] - click(findTestObject("ROLES/Create Role/New Role_page/button_Cancel")): Object: 'Object Repository/ROLES/Create Role/New Role_page/button_Cancel' is clicked on

2020-03-13 13:26:39 - [MESSAGE][PASSED] - Object: 'Object Repository/ROLES/Create Role/New Role_page/button_Cancel' is clicked on

2020-03-13 13:26:39 - [TEST_STEP][PASSED] - Start listener action : sampleAfterTestCase: null

2020-03-13 13:26:39 - [TEST_STEP][PASSED] - println(testCaseContext.getTestCaseId()): null

2020-03-13 13:26:39 - [TEST_STEP][PASSED] - println(testCaseContext.getTestCaseStatus()): null

2020-03-13 13:26:39 - [TEST_STEP][PASSED] - println("On Failure Method is Calling : " + testCaseContext.getTestCaseStatus()): null

2020-03-13 13:26:39 - [TEST_STEP][PASSED] - if (!(getTestCaseStatus().equalsIgnoreCase("PASSED"))): null]]></system-out>
         <system-err><![CDATA[]]></system-err>
      </testcase>
      <testcase name="Test Cases/Atlas Platform/Configuration Management/Platform Management/ROLES/Role Listing Grid/RLG-007 Verify sorting by CreatedDate" time="71.149" classname="Test Cases/Atlas Platform/Configuration Management/Platform Management/ROLES/Role Listing Grid/RLG-007 Verify sorting by CreatedDate" status="PASSED">
         <system-out><![CDATA[2020-03-13 13:26:41 - [TEST_CASE][PASSED] - Test Cases/Atlas Platform/Configuration Management/Platform Management/ROLES/Role Listing Grid/RLG-007 Verify sorting by CreatedDate: Test Cases/Atlas Platform/Configuration Management/Platform Management/ROLES/Role Listing Grid/RLG-007 Verify sorting by CreatedDate

2020-03-13 13:26:41 - [TEST_STEP][NOT_RUN] - callTestCase(findTestCase("Atlas Platform/Platform Navigation/Login/Default Logins/Default_Login_as_Root Admin"), ["Email":findTestData("AMP_Y").getValue(1, 1), "Password":findTestData("AMP_Y").getValue(2, 1), "dashboard_exp_title":""], CONTINUE_ON_FAILURE): NOT_RUN: callTestCase(findTestCase("Atlas Platform/Platform Navigation/Login/Default Logins/Default_Login_as_Root Admin"), ["Email":findTestData("AMP_Y").getValue(1, 1), "Password":findTestData("AMP_Y").getValue(2, 1), "dashboard_exp_title":""], CONTINUE_ON_FAILURE)

2020-03-13 13:26:41 - [MESSAGE][NOT_RUN] - NOT_RUN: callTestCase(findTestCase("Atlas Platform/Platform Navigation/Login/Default Logins/Default_Login_as_Root Admin"), ["Email":findTestData("AMP_Y").getValue(1, 1), "Password":findTestData("AMP_Y").getValue(2, 1), "dashboard_exp_title":""], CONTINUE_ON_FAILURE)

2020-03-13 13:26:41 - [TEST_STEP][NOT_RUN] - click(findTestObject("ROLES/Role_Navigation/a_ADMIN")): NOT_RUN: click(findTestObject("ROLES/Role_Navigation/a_ADMIN"))

2020-03-13 13:26:41 - [MESSAGE][NOT_RUN] - NOT_RUN: click(findTestObject("ROLES/Role_Navigation/a_ADMIN"))

2020-03-13 13:26:41 - [TEST_STEP][PASSED] - driver = getWebDriver(): null

2020-03-13 13:26:41 - [TEST_STEP][PASSED] - noOfPages_text = getText(findTestObject("ROLES/Roles_page/Pagination/label_of 10")): Text of object 'Object Repository/ROLES/Roles_page/Pagination/label_of 10' is: 'of 18'

2020-03-13 13:26:42 - [MESSAGE][PASSED] - Text of object 'Object Repository/ROLES/Roles_page/Pagination/label_of 10' is: 'of 18'

2020-03-13 13:26:42 - [TEST_STEP][PASSED] - noOfPages = Integer.parseInt(noOfPages_text.substring(3)): null

2020-03-13 13:26:42 - [TEST_STEP][PASSED] - println(noOfPages): null

2020-03-13 13:26:42 - [TEST_STEP][PASSED] - for ([j = 1, j < 3, (j++)]): Actual object 'true' and expected object 'true' are equal

2020-03-13 13:26:42 - [TEST_STEP][PASSED] - click(findTestObject("ROLES/Roles_page/sorting/Created_header")): Object: 'Object Repository/ROLES/Roles_page/sorting/Created_header' is clicked on

2020-03-13 13:26:42 - [MESSAGE][PASSED] - Object: 'Object Repository/ROLES/Roles_page/sorting/Created_header' is clicked on

2020-03-13 13:26:42 - [TEST_STEP][PASSED] - createdDate = <not implemented yet for class: org.codehaus.groovy.ast.expr.EmptyExpression>: null

2020-03-13 13:26:42 - [TEST_STEP][PASSED] - AllCreatedDate = new java.util.ArrayList(): null

2020-03-13 13:26:42 - [TEST_STEP][PASSED] - for ([i = 1, i <= noOfPages, (i++)]): Object: 'Object Repository/ROLES/Roles_page/Pagination/front_navigation' is clicked on

2020-03-13 13:26:42 - [TEST_STEP][PASSED] - createdDate = findWebElements(findTestObject("ROLES/Roles_page/sorting/created"), 2): null

2020-03-13 13:26:43 - [TEST_STEP][PASSED] - for (org.openqa.selenium.WebElement a : createdDate): null

2020-03-13 13:26:43 - [TEST_STEP][PASSED] - AllCreatedDate.add(a.getText()): null

2020-03-13 13:26:43 - [TEST_STEP][PASSED] - AllCreatedDate.add(a.getText()): null

2020-03-13 13:26:44 - [TEST_STEP][PASSED] - AllCreatedDate.add(a.getText()): null

2020-03-13 13:26:44 - [TEST_STEP][PASSED] - AllCreatedDate.add(a.getText()): null

2020-03-13 13:26:44 - [TEST_STEP][PASSED] - AllCreatedDate.add(a.getText()): null

2020-03-13 13:26:44 - [TEST_STEP][PASSED] - AllCreatedDate.add(a.getText()): null

2020-03-13 13:26:44 - [TEST_STEP][PASSED] - AllCreatedDate.add(a.getText()): null

2020-03-13 13:26:44 - [TEST_STEP][PASSED] - AllCreatedDate.add(a.getText()): null

2020-03-13 13:26:44 - [TEST_STEP][PASSED] - AllCreatedDate.add(a.getText()): null

2020-03-13 13:26:44 - [TEST_STEP][PASSED] - AllCreatedDate.add(a.getText()): null

2020-03-13 13:26:44 - [TEST_STEP][PASSED] - click(findTestObject("ROLES/Roles_page/Pagination/front_navigation")): Object: 'Object Repository/ROLES/Roles_page/Pagination/front_navigation' is clicked on

2020-03-13 13:26:44 - [MESSAGE][PASSED] - Object: 'Object Repository/ROLES/Roles_page/Pagination/front_navigation' is clicked on

2020-03-13 13:26:44 - [TEST_STEP][PASSED] - createdDate = findWebElements(findTestObject("ROLES/Roles_page/sorting/created"), 2): null

2020-03-13 13:26:45 - [TEST_STEP][PASSED] - for (org.openqa.selenium.WebElement a : createdDate): null

2020-03-13 13:26:45 - [TEST_STEP][PASSED] - AllCreatedDate.add(a.getText()): null

2020-03-13 13:26:45 - [TEST_STEP][PASSED] - AllCreatedDate.add(a.getText()): null

2020-03-13 13:26:45 - [TEST_STEP][PASSED] - AllCreatedDate.add(a.getText()): null

2020-03-13 13:26:45 - [TEST_STEP][PASSED] - AllCreatedDate.add(a.getText()): null

2020-03-13 13:26:45 - [TEST_STEP][PASSED] - AllCreatedDate.add(a.getText()): null

2020-03-13 13:26:45 - [TEST_STEP][PASSED] - AllCreatedDate.add(a.getText()): null

2020-03-13 13:26:45 - [TEST_STEP][PASSED] - AllCreatedDate.add(a.getText()): null

2020-03-13 13:26:45 - [TEST_STEP][PASSED] - AllCreatedDate.add(a.getText()): null

2020-03-13 13:26:45 - [TEST_STEP][PASSED] - AllCreatedDate.add(a.getText()): null

2020-03-13 13:26:45 - [TEST_STEP][PASSED] - AllCreatedDate.add(a.getText()): null

2020-03-13 13:26:45 - [TEST_STEP][PASSED] - click(findTestObject("ROLES/Roles_page/Pagination/front_navigation")): Object: 'Object Repository/ROLES/Roles_page/Pagination/front_navigation' is clicked on

2020-03-13 13:26:46 - [MESSAGE][PASSED] - Object: 'Object Repository/ROLES/Roles_page/Pagination/front_navigation' is clicked on

2020-03-13 13:26:46 - [TEST_STEP][PASSED] - createdDate = findWebElements(findTestObject("ROLES/Roles_page/sorting/created"), 2): null

2020-03-13 13:26:47 - [TEST_STEP][PASSED] - for (org.openqa.selenium.WebElement a : createdDate): null

2020-03-13 13:26:47 - [TEST_STEP][PASSED] - AllCreatedDate.add(a.getText()): null

2020-03-13 13:26:47 - [TEST_STEP][PASSED] - AllCreatedDate.add(a.getText()): null

2020-03-13 13:26:47 - [TEST_STEP][PASSED] - AllCreatedDate.add(a.getText()): null

2020-03-13 13:26:47 - [TEST_STEP][PASSED] - AllCreatedDate.add(a.getText()): null

2020-03-13 13:26:47 - [TEST_STEP][PASSED] - AllCreatedDate.add(a.getText()): null

2020-03-13 13:26:47 - [TEST_STEP][PASSED] - AllCreatedDate.add(a.getText()): null

2020-03-13 13:26:47 - [TEST_STEP][PASSED] - AllCreatedDate.add(a.getText()): null

2020-03-13 13:26:47 - [TEST_STEP][PASSED] - AllCreatedDate.add(a.getText()): null

2020-03-13 13:26:47 - [TEST_STEP][PASSED] - AllCreatedDate.add(a.getText()): null

2020-03-13 13:26:47 - [TEST_STEP][PASSED] - AllCreatedDate.add(a.getText()): null

2020-03-13 13:26:47 - [TEST_STEP][PASSED] - click(findTestObject("ROLES/Roles_page/Pagination/front_navigation")): Object: 'Object Repository/ROLES/Roles_page/Pagination/front_navigation' is clicked on

2020-03-13 13:26:47 - [MESSAGE][PASSED] - Object: 'Object Repository/ROLES/Roles_page/Pagination/front_navigation' is clicked on

2020-03-13 13:26:47 - [TEST_STEP][PASSED] - createdDate = findWebElements(findTestObject("ROLES/Roles_page/sorting/created"), 2): null

2020-03-13 13:26:48 - [TEST_STEP][PASSED] - for (org.openqa.selenium.WebElement a : createdDate): null

2020-03-13 13:26:48 - [TEST_STEP][PASSED] - AllCreatedDate.add(a.getText()): null

2020-03-13 13:26:48 - [TEST_STEP][PASSED] - AllCreatedDate.add(a.getText()): null

2020-03-13 13:26:48 - [TEST_STEP][PASSED] - AllCreatedDate.add(a.getText()): null

2020-03-13 13:26:48 - [TEST_STEP][PASSED] - AllCreatedDate.add(a.getText()): null

2020-03-13 13:26:48 - [TEST_STEP][PASSED] - AllCreatedDate.add(a.getText()): null

2020-03-13 13:26:49 - [TEST_STEP][PASSED] - AllCreatedDate.add(a.getText()): null

2020-03-13 13:26:49 - [TEST_STEP][PASSED] - AllCreatedDate.add(a.getText()): null

2020-03-13 13:26:49 - [TEST_STEP][PASSED] - AllCreatedDate.add(a.getText()): null

2020-03-13 13:26:49 - [TEST_STEP][PASSED] - AllCreatedDate.add(a.getText()): null

2020-03-13 13:26:49 - [TEST_STEP][PASSED] - AllCreatedDate.add(a.getText()): null

2020-03-13 13:26:49 - [TEST_STEP][PASSED] - click(findTestObject("ROLES/Roles_page/Pagination/front_navigation")): Object: 'Object Repository/ROLES/Roles_page/Pagination/front_navigation' is clicked on

2020-03-13 13:26:49 - [MESSAGE][PASSED] - Object: 'Object Repository/ROLES/Roles_page/Pagination/front_navigation' is clicked on

2020-03-13 13:26:49 - [TEST_STEP][PASSED] - createdDate = findWebElements(findTestObject("ROLES/Roles_page/sorting/created"), 2): null

2020-03-13 13:26:50 - [TEST_STEP][PASSED] - for (org.openqa.selenium.WebElement a : createdDate): null

2020-03-13 13:26:50 - [TEST_STEP][PASSED] - AllCreatedDate.add(a.getText()): null

2020-03-13 13:26:51 - [TEST_STEP][PASSED] - AllCreatedDate.add(a.getText()): null

2020-03-13 13:26:51 - [TEST_STEP][PASSED] - AllCreatedDate.add(a.getText()): null

2020-03-13 13:26:51 - [TEST_STEP][PASSED] - AllCreatedDate.add(a.getText()): null

2020-03-13 13:26:51 - [TEST_STEP][PASSED] - AllCreatedDate.add(a.getText()): null

2020-03-13 13:26:51 - [TEST_STEP][PASSED] - AllCreatedDate.add(a.getText()): null

2020-03-13 13:26:51 - [TEST_STEP][PASSED] - AllCreatedDate.add(a.getText()): null

2020-03-13 13:26:51 - [TEST_STEP][PASSED] - AllCreatedDate.add(a.getText()): null

2020-03-13 13:26:51 - [TEST_STEP][PASSED] - AllCreatedDate.add(a.getText()): null

2020-03-13 13:26:51 - [TEST_STEP][PASSED] - AllCreatedDate.add(a.getText()): null

2020-03-13 13:26:51 - [TEST_STEP][PASSED] - click(findTestObject("ROLES/Roles_page/Pagination/front_navigation")): Object: 'Object Repository/ROLES/Roles_page/Pagination/front_navigation' is clicked on

2020-03-13 13:26:51 - [MESSAGE][PASSED] - Object: 'Object Repository/ROLES/Roles_page/Pagination/front_navigation' is clicked on

2020-03-13 13:26:51 - [TEST_STEP][PASSED] - createdDate = findWebElements(findTestObject("ROLES/Roles_page/sorting/created"), 2): null

2020-03-13 13:26:52 - [TEST_STEP][PASSED] - for (org.openqa.selenium.WebElement a : createdDate): null

2020-03-13 13:26:52 - [TEST_STEP][PASSED] - AllCreatedDate.add(a.getText()): null

2020-03-13 13:26:52 - [TEST_STEP][PASSED] - AllCreatedDate.add(a.getText()): null

2020-03-13 13:26:52 - [TEST_STEP][PASSED] - AllCreatedDate.add(a.getText()): null

2020-03-13 13:26:52 - [TEST_STEP][PASSED] - AllCreatedDate.add(a.getText()): null

2020-03-13 13:26:52 - [TEST_STEP][PASSED] - AllCreatedDate.add(a.getText()): null

2020-03-13 13:26:52 - [TEST_STEP][PASSED] - AllCreatedDate.add(a.getText()): null

2020-03-13 13:26:52 - [TEST_STEP][PASSED] - AllCreatedDate.add(a.getText()): null

2020-03-13 13:26:52 - [TEST_STEP][PASSED] - AllCreatedDate.add(a.getText()): null

2020-03-13 13:26:52 - [TEST_STEP][PASSED] - AllCreatedDate.add(a.getText()): null

2020-03-13 13:26:52 - [TEST_STEP][PASSED] - AllCreatedDate.add(a.getText()): null

2020-03-13 13:26:52 - [TEST_STEP][PASSED] - click(findTestObject("ROLES/Roles_page/Pagination/front_navigation")): Object: 'Object Repository/ROLES/Roles_page/Pagination/front_navigation' is clicked on

2020-03-13 13:26:53 - [MESSAGE][PASSED] - Object: 'Object Repository/ROLES/Roles_page/Pagination/front_navigation' is clicked on

2020-03-13 13:26:53 - [TEST_STEP][PASSED] - createdDate = findWebElements(findTestObject("ROLES/Roles_page/sorting/created"), 2): null

2020-03-13 13:26:54 - [TEST_STEP][PASSED] - for (org.openqa.selenium.WebElement a : createdDate): null

2020-03-13 13:26:54 - [TEST_STEP][PASSED] - AllCreatedDate.add(a.getText()): null

2020-03-13 13:26:54 - [TEST_STEP][PASSED] - AllCreatedDate.add(a.getText()): null

2020-03-13 13:26:54 - [TEST_STEP][PASSED] - AllCreatedDate.add(a.getText()): null

2020-03-13 13:26:54 - [TEST_STEP][PASSED] - AllCreatedDate.add(a.getText()): null

2020-03-13 13:26:54 - [TEST_STEP][PASSED] - AllCreatedDate.add(a.getText()): null

2020-03-13 13:26:54 - [TEST_STEP][PASSED] - AllCreatedDate.add(a.getText()): null

2020-03-13 13:26:54 - [TEST_STEP][PASSED] - AllCreatedDate.add(a.getText()): null

2020-03-13 13:26:54 - [TEST_STEP][PASSED] - AllCreatedDate.add(a.getText()): null

2020-03-13 13:26:54 - [TEST_STEP][PASSED] - AllCreatedDate.add(a.getText()): null

2020-03-13 13:26:54 - [TEST_STEP][PASSED] - AllCreatedDate.add(a.getText()): null

2020-03-13 13:26:54 - [TEST_STEP][PASSED] - click(findTestObject("ROLES/Roles_page/Pagination/front_navigation")): Object: 'Object Repository/ROLES/Roles_page/Pagination/front_navigation' is clicked on

2020-03-13 13:26:55 - [MESSAGE][PASSED] - Object: 'Object Repository/ROLES/Roles_page/Pagination/front_navigation' is clicked on

2020-03-13 13:26:55 - [TEST_STEP][PASSED] - createdDate = findWebElements(findTestObject("ROLES/Roles_page/sorting/created"), 2): null

2020-03-13 13:26:55 - [TEST_STEP][PASSED] - for (org.openqa.selenium.WebElement a : createdDate): null

2020-03-13 13:26:55 - [TEST_STEP][PASSED] - AllCreatedDate.add(a.getText()): null

2020-03-13 13:26:55 - [TEST_STEP][PASSED] - AllCreatedDate.add(a.getText()): null

2020-03-13 13:26:56 - [TEST_STEP][PASSED] - AllCreatedDate.add(a.getText()): null

2020-03-13 13:26:56 - [TEST_STEP][PASSED] - AllCreatedDate.add(a.getText()): null

2020-03-13 13:26:56 - [TEST_STEP][PASSED] - AllCreatedDate.add(a.getText()): null

2020-03-13 13:26:56 - [TEST_STEP][PASSED] - AllCreatedDate.add(a.getText()): null

2020-03-13 13:26:56 - [TEST_STEP][PASSED] - AllCreatedDate.add(a.getText()): null

2020-03-13 13:26:56 - [TEST_STEP][PASSED] - AllCreatedDate.add(a.getText()): null

2020-03-13 13:26:56 - [TEST_STEP][PASSED] - AllCreatedDate.add(a.getText()): null

2020-03-13 13:26:56 - [TEST_STEP][PASSED] - AllCreatedDate.add(a.getText()): null

2020-03-13 13:26:56 - [TEST_STEP][PASSED] - click(findTestObject("ROLES/Roles_page/Pagination/front_navigation")): Object: 'Object Repository/ROLES/Roles_page/Pagination/front_navigation' is clicked on

2020-03-13 13:26:56 - [MESSAGE][PASSED] - Object: 'Object Repository/ROLES/Roles_page/Pagination/front_navigation' is clicked on

2020-03-13 13:26:56 - [TEST_STEP][PASSED] - createdDate = findWebElements(findTestObject("ROLES/Roles_page/sorting/created"), 2): null

2020-03-13 13:26:57 - [TEST_STEP][PASSED] - for (org.openqa.selenium.WebElement a : createdDate): null

2020-03-13 13:26:57 - [TEST_STEP][PASSED] - AllCreatedDate.add(a.getText()): null

2020-03-13 13:26:57 - [TEST_STEP][PASSED] - AllCreatedDate.add(a.getText()): null

2020-03-13 13:26:57 - [TEST_STEP][PASSED] - AllCreatedDate.add(a.getText()): null

2020-03-13 13:26:57 - [TEST_STEP][PASSED] - AllCreatedDate.add(a.getText()): null

2020-03-13 13:26:57 - [TEST_STEP][PASSED] - AllCreatedDate.add(a.getText()): null

2020-03-13 13:26:57 - [TEST_STEP][PASSED] - AllCreatedDate.add(a.getText()): null

2020-03-13 13:26:57 - [TEST_STEP][PASSED] - AllCreatedDate.add(a.getText()): null

2020-03-13 13:26:57 - [TEST_STEP][PASSED] - AllCreatedDate.add(a.getText()): null

2020-03-13 13:26:57 - [TEST_STEP][PASSED] - AllCreatedDate.add(a.getText()): null

2020-03-13 13:26:57 - [TEST_STEP][PASSED] - AllCreatedDate.add(a.getText()): null

2020-03-13 13:26:57 - [TEST_STEP][PASSED] - click(findTestObject("ROLES/Roles_page/Pagination/front_navigation")): Object: 'Object Repository/ROLES/Roles_page/Pagination/front_navigation' is clicked on

2020-03-13 13:26:58 - [MESSAGE][PASSED] - Object: 'Object Repository/ROLES/Roles_page/Pagination/front_navigation' is clicked on

2020-03-13 13:26:58 - [TEST_STEP][PASSED] - createdDate = findWebElements(findTestObject("ROLES/Roles_page/sorting/created"), 2): null

2020-03-13 13:26:59 - [TEST_STEP][PASSED] - for (org.openqa.selenium.WebElement a : createdDate): null

2020-03-13 13:26:59 - [TEST_STEP][PASSED] - AllCreatedDate.add(a.getText()): null

2020-03-13 13:26:59 - [TEST_STEP][PASSED] - AllCreatedDate.add(a.getText()): null

2020-03-13 13:26:59 - [TEST_STEP][PASSED] - AllCreatedDate.add(a.getText()): null

2020-03-13 13:26:59 - [TEST_STEP][PASSED] - AllCreatedDate.add(a.getText()): null

2020-03-13 13:26:59 - [TEST_STEP][PASSED] - AllCreatedDate.add(a.getText()): null

2020-03-13 13:26:59 - [TEST_STEP][PASSED] - AllCreatedDate.add(a.getText()): null

2020-03-13 13:26:59 - [TEST_STEP][PASSED] - AllCreatedDate.add(a.getText()): null

2020-03-13 13:26:59 - [TEST_STEP][PASSED] - AllCreatedDate.add(a.getText()): null

2020-03-13 13:26:59 - [TEST_STEP][PASSED] - AllCreatedDate.add(a.getText()): null

2020-03-13 13:26:59 - [TEST_STEP][PASSED] - AllCreatedDate.add(a.getText()): null

2020-03-13 13:26:59 - [TEST_STEP][PASSED] - click(findTestObject("ROLES/Roles_page/Pagination/front_navigation")): Object: 'Object Repository/ROLES/Roles_page/Pagination/front_navigation' is clicked on

2020-03-13 13:26:59 - [MESSAGE][PASSED] - Object: 'Object Repository/ROLES/Roles_page/Pagination/front_navigation' is clicked on

2020-03-13 13:26:59 - [TEST_STEP][PASSED] - createdDate = findWebElements(findTestObject("ROLES/Roles_page/sorting/created"), 2): null

2020-03-13 13:27:01 - [TEST_STEP][PASSED] - for (org.openqa.selenium.WebElement a : createdDate): null

2020-03-13 13:27:01 - [TEST_STEP][PASSED] - AllCreatedDate.add(a.getText()): null

2020-03-13 13:27:01 - [TEST_STEP][PASSED] - AllCreatedDate.add(a.getText()): null

2020-03-13 13:27:01 - [TEST_STEP][PASSED] - AllCreatedDate.add(a.getText()): null

2020-03-13 13:27:01 - [TEST_STEP][PASSED] - AllCreatedDate.add(a.getText()): null

2020-03-13 13:27:01 - [TEST_STEP][PASSED] - AllCreatedDate.add(a.getText()): null

2020-03-13 13:27:01 - [TEST_STEP][PASSED] - AllCreatedDate.add(a.getText()): null

2020-03-13 13:27:01 - [TEST_STEP][PASSED] - AllCreatedDate.add(a.getText()): null

2020-03-13 13:27:01 - [TEST_STEP][PASSED] - AllCreatedDate.add(a.getText()): null

2020-03-13 13:27:01 - [TEST_STEP][PASSED] - AllCreatedDate.add(a.getText()): null

2020-03-13 13:27:01 - [TEST_STEP][PASSED] - AllCreatedDate.add(a.getText()): null

2020-03-13 13:27:01 - [TEST_STEP][PASSED] - click(findTestObject("ROLES/Roles_page/Pagination/front_navigation")): Object: 'Object Repository/ROLES/Roles_page/Pagination/front_navigation' is clicked on

2020-03-13 13:27:01 - [MESSAGE][PASSED] - Object: 'Object Repository/ROLES/Roles_page/Pagination/front_navigation' is clicked on

2020-03-13 13:27:01 - [TEST_STEP][PASSED] - createdDate = findWebElements(findTestObject("ROLES/Roles_page/sorting/created"), 2): null

2020-03-13 13:27:02 - [TEST_STEP][PASSED] - for (org.openqa.selenium.WebElement a : createdDate): null

2020-03-13 13:27:02 - [TEST_STEP][PASSED] - AllCreatedDate.add(a.getText()): null

2020-03-13 13:27:02 - [TEST_STEP][PASSED] - AllCreatedDate.add(a.getText()): null

2020-03-13 13:27:02 - [TEST_STEP][PASSED] - AllCreatedDate.add(a.getText()): null

2020-03-13 13:27:02 - [TEST_STEP][PASSED] - AllCreatedDate.add(a.getText()): null

2020-03-13 13:27:02 - [TEST_STEP][PASSED] - AllCreatedDate.add(a.getText()): null

2020-03-13 13:27:02 - [TEST_STEP][PASSED] - AllCreatedDate.add(a.getText()): null

2020-03-13 13:27:02 - [TEST_STEP][PASSED] - AllCreatedDate.add(a.getText()): null

2020-03-13 13:27:02 - [TEST_STEP][PASSED] - AllCreatedDate.add(a.getText()): null

2020-03-13 13:27:02 - [TEST_STEP][PASSED] - AllCreatedDate.add(a.getText()): null

2020-03-13 13:27:02 - [TEST_STEP][PASSED] - AllCreatedDate.add(a.getText()): null

2020-03-13 13:27:02 - [TEST_STEP][PASSED] - click(findTestObject("ROLES/Roles_page/Pagination/front_navigation")): Object: 'Object Repository/ROLES/Roles_page/Pagination/front_navigation' is clicked on

2020-03-13 13:27:03 - [MESSAGE][PASSED] - Object: 'Object Repository/ROLES/Roles_page/Pagination/front_navigation' is clicked on

2020-03-13 13:27:03 - [TEST_STEP][PASSED] - createdDate = findWebElements(findTestObject("ROLES/Roles_page/sorting/created"), 2): null

2020-03-13 13:27:04 - [TEST_STEP][PASSED] - for (org.openqa.selenium.WebElement a : createdDate): null

2020-03-13 13:27:04 - [TEST_STEP][PASSED] - AllCreatedDate.add(a.getText()): null

2020-03-13 13:27:04 - [TEST_STEP][PASSED] - AllCreatedDate.add(a.getText()): null

2020-03-13 13:27:04 - [TEST_STEP][PASSED] - AllCreatedDate.add(a.getText()): null

2020-03-13 13:27:04 - [TEST_STEP][PASSED] - AllCreatedDate.add(a.getText()): null

2020-03-13 13:27:04 - [TEST_STEP][PASSED] - AllCreatedDate.add(a.getText()): null

2020-03-13 13:27:04 - [TEST_STEP][PASSED] - AllCreatedDate.add(a.getText()): null

2020-03-13 13:27:04 - [TEST_STEP][PASSED] - AllCreatedDate.add(a.getText()): null

2020-03-13 13:27:04 - [TEST_STEP][PASSED] - AllCreatedDate.add(a.getText()): null

2020-03-13 13:27:04 - [TEST_STEP][PASSED] - AllCreatedDate.add(a.getText()): null

2020-03-13 13:27:04 - [TEST_STEP][PASSED] - AllCreatedDate.add(a.getText()): null

2020-03-13 13:27:04 - [TEST_STEP][PASSED] - click(findTestObject("ROLES/Roles_page/Pagination/front_navigation")): Object: 'Object Repository/ROLES/Roles_page/Pagination/front_navigation' is clicked on

2020-03-13 13:27:05 - [MESSAGE][PASSED] - Object: 'Object Repository/ROLES/Roles_page/Pagination/front_navigation' is clicked on

2020-03-13 13:27:05 - [TEST_STEP][PASSED] - createdDate = findWebElements(findTestObject("ROLES/Roles_page/sorting/created"), 2): null

2020-03-13 13:27:05 - [TEST_STEP][PASSED] - for (org.openqa.selenium.WebElement a : createdDate): null

2020-03-13 13:27:05 - [TEST_STEP][PASSED] - AllCreatedDate.add(a.getText()): null

2020-03-13 13:27:05 - [TEST_STEP][PASSED] - AllCreatedDate.add(a.getText()): null

2020-03-13 13:27:06 - [TEST_STEP][PASSED] - AllCreatedDate.add(a.getText()): null

2020-03-13 13:27:06 - [TEST_STEP][PASSED] - AllCreatedDate.add(a.getText()): null

2020-03-13 13:27:06 - [TEST_STEP][PASSED] - AllCreatedDate.add(a.getText()): null

2020-03-13 13:27:06 - [TEST_STEP][PASSED] - AllCreatedDate.add(a.getText()): null

2020-03-13 13:27:06 - [TEST_STEP][PASSED] - AllCreatedDate.add(a.getText()): null

2020-03-13 13:27:06 - [TEST_STEP][PASSED] - AllCreatedDate.add(a.getText()): null

2020-03-13 13:27:06 - [TEST_STEP][PASSED] - AllCreatedDate.add(a.getText()): null

2020-03-13 13:27:06 - [TEST_STEP][PASSED] - AllCreatedDate.add(a.getText()): null

2020-03-13 13:27:06 - [TEST_STEP][PASSED] - click(findTestObject("ROLES/Roles_page/Pagination/front_navigation")): Object: 'Object Repository/ROLES/Roles_page/Pagination/front_navigation' is clicked on

2020-03-13 13:27:06 - [MESSAGE][PASSED] - Object: 'Object Repository/ROLES/Roles_page/Pagination/front_navigation' is clicked on

2020-03-13 13:27:06 - [TEST_STEP][PASSED] - createdDate = findWebElements(findTestObject("ROLES/Roles_page/sorting/created"), 2): null

2020-03-13 13:27:07 - [TEST_STEP][PASSED] - for (org.openqa.selenium.WebElement a : createdDate): null

2020-03-13 13:27:07 - [TEST_STEP][PASSED] - AllCreatedDate.add(a.getText()): null

2020-03-13 13:27:07 - [TEST_STEP][PASSED] - AllCreatedDate.add(a.getText()): null

2020-03-13 13:27:07 - [TEST_STEP][PASSED] - AllCreatedDate.add(a.getText()): null

2020-03-13 13:27:07 - [TEST_STEP][PASSED] - AllCreatedDate.add(a.getText()): null

2020-03-13 13:27:07 - [TEST_STEP][PASSED] - AllCreatedDate.add(a.getText()): null

2020-03-13 13:27:07 - [TEST_STEP][PASSED] - AllCreatedDate.add(a.getText()): null

2020-03-13 13:27:07 - [TEST_STEP][PASSED] - AllCreatedDate.add(a.getText()): null

2020-03-13 13:27:07 - [TEST_STEP][PASSED] - AllCreatedDate.add(a.getText()): null

2020-03-13 13:27:07 - [TEST_STEP][PASSED] - AllCreatedDate.add(a.getText()): null

2020-03-13 13:27:07 - [TEST_STEP][PASSED] - AllCreatedDate.add(a.getText()): null

2020-03-13 13:27:07 - [TEST_STEP][PASSED] - click(findTestObject("ROLES/Roles_page/Pagination/front_navigation")): Object: 'Object Repository/ROLES/Roles_page/Pagination/front_navigation' is clicked on

2020-03-13 13:27:08 - [MESSAGE][PASSED] - Object: 'Object Repository/ROLES/Roles_page/Pagination/front_navigation' is clicked on

2020-03-13 13:27:08 - [TEST_STEP][PASSED] - createdDate = findWebElements(findTestObject("ROLES/Roles_page/sorting/created"), 2): null

2020-03-13 13:27:09 - [TEST_STEP][PASSED] - for (org.openqa.selenium.WebElement a : createdDate): null

2020-03-13 13:27:09 - [TEST_STEP][PASSED] - AllCreatedDate.add(a.getText()): null

2020-03-13 13:27:09 - [TEST_STEP][PASSED] - AllCreatedDate.add(a.getText()): null

2020-03-13 13:27:09 - [TEST_STEP][PASSED] - AllCreatedDate.add(a.getText()): null

2020-03-13 13:27:09 - [TEST_STEP][PASSED] - AllCreatedDate.add(a.getText()): null

2020-03-13 13:27:09 - [TEST_STEP][PASSED] - AllCreatedDate.add(a.getText()): null

2020-03-13 13:27:09 - [TEST_STEP][PASSED] - AllCreatedDate.add(a.getText()): null

2020-03-13 13:27:09 - [TEST_STEP][PASSED] - AllCreatedDate.add(a.getText()): null

2020-03-13 13:27:09 - [TEST_STEP][PASSED] - AllCreatedDate.add(a.getText()): null

2020-03-13 13:27:09 - [TEST_STEP][PASSED] - AllCreatedDate.add(a.getText()): null

2020-03-13 13:27:09 - [TEST_STEP][PASSED] - AllCreatedDate.add(a.getText()): null

2020-03-13 13:27:09 - [TEST_STEP][PASSED] - click(findTestObject("ROLES/Roles_page/Pagination/front_navigation")): Object: 'Object Repository/ROLES/Roles_page/Pagination/front_navigation' is clicked on

2020-03-13 13:27:09 - [MESSAGE][PASSED] - Object: 'Object Repository/ROLES/Roles_page/Pagination/front_navigation' is clicked on

2020-03-13 13:27:09 - [TEST_STEP][PASSED] - createdDate = findWebElements(findTestObject("ROLES/Roles_page/sorting/created"), 2): null

2020-03-13 13:27:11 - [TEST_STEP][PASSED] - for (org.openqa.selenium.WebElement a : createdDate): null

2020-03-13 13:27:11 - [TEST_STEP][PASSED] - AllCreatedDate.add(a.getText()): null

2020-03-13 13:27:11 - [TEST_STEP][PASSED] - AllCreatedDate.add(a.getText()): null

2020-03-13 13:27:11 - [TEST_STEP][PASSED] - AllCreatedDate.add(a.getText()): null

2020-03-13 13:27:11 - [TEST_STEP][PASSED] - AllCreatedDate.add(a.getText()): null

2020-03-13 13:27:11 - [TEST_STEP][PASSED] - AllCreatedDate.add(a.getText()): null

2020-03-13 13:27:11 - [TEST_STEP][PASSED] - AllCreatedDate.add(a.getText()): null

2020-03-13 13:27:11 - [TEST_STEP][PASSED] - AllCreatedDate.add(a.getText()): null

2020-03-13 13:27:11 - [TEST_STEP][PASSED] - AllCreatedDate.add(a.getText()): null

2020-03-13 13:27:11 - [TEST_STEP][PASSED] - AllCreatedDate.add(a.getText()): null

2020-03-13 13:27:11 - [TEST_STEP][PASSED] - AllCreatedDate.add(a.getText()): null

2020-03-13 13:27:11 - [TEST_STEP][PASSED] - click(findTestObject("ROLES/Roles_page/Pagination/front_navigation")): Object: 'Object Repository/ROLES/Roles_page/Pagination/front_navigation' is clicked on

2020-03-13 13:27:11 - [MESSAGE][PASSED] - Object: 'Object Repository/ROLES/Roles_page/Pagination/front_navigation' is clicked on

2020-03-13 13:27:11 - [TEST_STEP][PASSED] - createdDate = findWebElements(findTestObject("ROLES/Roles_page/sorting/created"), 2): null

2020-03-13 13:27:12 - [TEST_STEP][PASSED] - for (org.openqa.selenium.WebElement a : createdDate): null

2020-03-13 13:27:12 - [TEST_STEP][PASSED] - AllCreatedDate.add(a.getText()): null

2020-03-13 13:27:12 - [TEST_STEP][PASSED] - click(findTestObject("ROLES/Roles_page/Pagination/front_navigation")): Object: 'Object Repository/ROLES/Roles_page/Pagination/front_navigation' is clicked on

2020-03-13 13:27:15 - [MESSAGE][PASSED] - Object: 'Object Repository/ROLES/Roles_page/Pagination/front_navigation' is clicked on

2020-03-13 13:27:15 - [TEST_STEP][PASSED] - if (j == 1): Text 'BACK_SPACE + BACK_SPACE + ENTER + 1' is set on object 'Object Repository/ROLES/Roles_page/Pagination/input_Page_form-control'

2020-03-13 13:27:15 - [TEST_STEP][PASSED] - isSorted = web.CustomKeyword.checkListDescending(AllCreatedDate): web.CustomKeyword.checkListDescending is PASSED

2020-03-13 13:27:15 - [MESSAGE][PASSED] - web.CustomKeyword.checkListDescending is PASSED

2020-03-13 13:27:15 - [TEST_STEP][PASSED] - println(AllCreatedDate.size()): null

2020-03-13 13:27:15 - [TEST_STEP][PASSED] - println(AllCreatedDate): null

2020-03-13 13:27:15 - [TEST_STEP][PASSED] - verifyEqual(isSorted, true): Actual object 'true' and expected object 'true' are equal

2020-03-13 13:27:15 - [MESSAGE][PASSED] - Actual object 'true' and expected object 'true' are equal

2020-03-13 13:27:15 - [TEST_STEP][PASSED] - clearText(findTestObject("Object Repository/ROLES/Roles_page/Pagination/input_Page_form-control")): Text of object 'Object Repository/ROLES/Roles_page/Pagination/input_Page_form-control' is cleared

2020-03-13 13:27:15 - [MESSAGE][PASSED] - Text of object 'Object Repository/ROLES/Roles_page/Pagination/input_Page_form-control' is cleared

2020-03-13 13:27:15 - [TEST_STEP][PASSED] - setText(findTestObject("Object Repository/ROLES/Roles_page/Pagination/input_Page_form-control"), BACK_SPACE + BACK_SPACE + "1" + ENTER): Text 'BACK_SPACE + BACK_SPACE + ENTER + 1' is set on object 'Object Repository/ROLES/Roles_page/Pagination/input_Page_form-control'

2020-03-13 13:27:16 - [MESSAGE][PASSED] - Text 'BACK_SPACE + BACK_SPACE + ENTER + 1' is set on object 'Object Repository/ROLES/Roles_page/Pagination/input_Page_form-control'

2020-03-13 13:27:16 - [TEST_STEP][PASSED] - if (j == 2): null

2020-03-13 13:27:16 - [TEST_STEP][PASSED] - click(findTestObject("ROLES/Roles_page/sorting/Created_header")): Object: 'Object Repository/ROLES/Roles_page/sorting/Created_header' is clicked on

2020-03-13 13:27:17 - [MESSAGE][PASSED] - Object: 'Object Repository/ROLES/Roles_page/sorting/Created_header' is clicked on

2020-03-13 13:27:17 - [TEST_STEP][PASSED] - createdDate = <not implemented yet for class: org.codehaus.groovy.ast.expr.EmptyExpression>: null

2020-03-13 13:27:17 - [TEST_STEP][PASSED] - AllCreatedDate = new java.util.ArrayList(): null

2020-03-13 13:27:17 - [TEST_STEP][PASSED] - for ([i = 1, i <= noOfPages, (i++)]): Object: 'Object Repository/ROLES/Roles_page/Pagination/front_navigation' is clicked on

2020-03-13 13:27:17 - [TEST_STEP][PASSED] - createdDate = findWebElements(findTestObject("ROLES/Roles_page/sorting/created"), 2): null

2020-03-13 13:27:18 - [TEST_STEP][PASSED] - for (org.openqa.selenium.WebElement a : createdDate): null

2020-03-13 13:27:18 - [TEST_STEP][PASSED] - AllCreatedDate.add(a.getText()): null

2020-03-13 13:27:18 - [TEST_STEP][PASSED] - AllCreatedDate.add(a.getText()): null

2020-03-13 13:27:18 - [TEST_STEP][PASSED] - AllCreatedDate.add(a.getText()): null

2020-03-13 13:27:18 - [TEST_STEP][PASSED] - AllCreatedDate.add(a.getText()): null

2020-03-13 13:27:18 - [TEST_STEP][PASSED] - AllCreatedDate.add(a.getText()): null

2020-03-13 13:27:18 - [TEST_STEP][PASSED] - AllCreatedDate.add(a.getText()): null

2020-03-13 13:27:18 - [TEST_STEP][PASSED] - AllCreatedDate.add(a.getText()): null

2020-03-13 13:27:18 - [TEST_STEP][PASSED] - AllCreatedDate.add(a.getText()): null

2020-03-13 13:27:18 - [TEST_STEP][PASSED] - AllCreatedDate.add(a.getText()): null

2020-03-13 13:27:18 - [TEST_STEP][PASSED] - AllCreatedDate.add(a.getText()): null

2020-03-13 13:27:18 - [TEST_STEP][PASSED] - click(findTestObject("ROLES/Roles_page/Pagination/front_navigation")): Object: 'Object Repository/ROLES/Roles_page/Pagination/front_navigation' is clicked on

2020-03-13 13:27:18 - [MESSAGE][PASSED] - Object: 'Object Repository/ROLES/Roles_page/Pagination/front_navigation' is clicked on

2020-03-13 13:27:18 - [TEST_STEP][PASSED] - createdDate = findWebElements(findTestObject("ROLES/Roles_page/sorting/created"), 2): null

2020-03-13 13:27:19 - [TEST_STEP][PASSED] - for (org.openqa.selenium.WebElement a : createdDate): null

2020-03-13 13:27:19 - [TEST_STEP][PASSED] - AllCreatedDate.add(a.getText()): null

2020-03-13 13:27:19 - [TEST_STEP][PASSED] - AllCreatedDate.add(a.getText()): null

2020-03-13 13:27:19 - [TEST_STEP][PASSED] - AllCreatedDate.add(a.getText()): null

2020-03-13 13:27:19 - [TEST_STEP][PASSED] - AllCreatedDate.add(a.getText()): null

2020-03-13 13:27:19 - [TEST_STEP][PASSED] - AllCreatedDate.add(a.getText()): null

2020-03-13 13:27:19 - [TEST_STEP][PASSED] - AllCreatedDate.add(a.getText()): null

2020-03-13 13:27:19 - [TEST_STEP][PASSED] - AllCreatedDate.add(a.getText()): null

2020-03-13 13:27:19 - [TEST_STEP][PASSED] - AllCreatedDate.add(a.getText()): null

2020-03-13 13:27:19 - [TEST_STEP][PASSED] - AllCreatedDate.add(a.getText()): null

2020-03-13 13:27:19 - [TEST_STEP][PASSED] - AllCreatedDate.add(a.getText()): null

2020-03-13 13:27:19 - [TEST_STEP][PASSED] - click(findTestObject("ROLES/Roles_page/Pagination/front_navigation")): Object: 'Object Repository/ROLES/Roles_page/Pagination/front_navigation' is clicked on

2020-03-13 13:27:20 - [MESSAGE][PASSED] - Object: 'Object Repository/ROLES/Roles_page/Pagination/front_navigation' is clicked on

2020-03-13 13:27:20 - [TEST_STEP][PASSED] - createdDate = findWebElements(findTestObject("ROLES/Roles_page/sorting/created"), 2): null

2020-03-13 13:27:21 - [TEST_STEP][PASSED] - for (org.openqa.selenium.WebElement a : createdDate): null

2020-03-13 13:27:21 - [TEST_STEP][PASSED] - AllCreatedDate.add(a.getText()): null

2020-03-13 13:27:21 - [TEST_STEP][PASSED] - AllCreatedDate.add(a.getText()): null

2020-03-13 13:27:21 - [TEST_STEP][PASSED] - AllCreatedDate.add(a.getText()): null

2020-03-13 13:27:21 - [TEST_STEP][PASSED] - AllCreatedDate.add(a.getText()): null

2020-03-13 13:27:21 - [TEST_STEP][PASSED] - AllCreatedDate.add(a.getText()): null

2020-03-13 13:27:21 - [TEST_STEP][PASSED] - AllCreatedDate.add(a.getText()): null

2020-03-13 13:27:21 - [TEST_STEP][PASSED] - AllCreatedDate.add(a.getText()): null

2020-03-13 13:27:21 - [TEST_STEP][PASSED] - AllCreatedDate.add(a.getText()): null

2020-03-13 13:27:21 - [TEST_STEP][PASSED] - AllCreatedDate.add(a.getText()): null

2020-03-13 13:27:21 - [TEST_STEP][PASSED] - AllCreatedDate.add(a.getText()): null

2020-03-13 13:27:21 - [TEST_STEP][PASSED] - click(findTestObject("ROLES/Roles_page/Pagination/front_navigation")): Object: 'Object Repository/ROLES/Roles_page/Pagination/front_navigation' is clicked on

2020-03-13 13:27:21 - [MESSAGE][PASSED] - Object: 'Object Repository/ROLES/Roles_page/Pagination/front_navigation' is clicked on

2020-03-13 13:27:21 - [TEST_STEP][PASSED] - createdDate = findWebElements(findTestObject("ROLES/Roles_page/sorting/created"), 2): null

2020-03-13 13:27:22 - [TEST_STEP][PASSED] - for (org.openqa.selenium.WebElement a : createdDate): null

2020-03-13 13:27:22 - [TEST_STEP][PASSED] - AllCreatedDate.add(a.getText()): null

2020-03-13 13:27:22 - [TEST_STEP][PASSED] - AllCreatedDate.add(a.getText()): null

2020-03-13 13:27:22 - [TEST_STEP][PASSED] - AllCreatedDate.add(a.getText()): null

2020-03-13 13:27:22 - [TEST_STEP][PASSED] - AllCreatedDate.add(a.getText()): null

2020-03-13 13:27:22 - [TEST_STEP][PASSED] - AllCreatedDate.add(a.getText()): null

2020-03-13 13:27:22 - [TEST_STEP][PASSED] - AllCreatedDate.add(a.getText()): null

2020-03-13 13:27:22 - [TEST_STEP][PASSED] - AllCreatedDate.add(a.getText()): null

2020-03-13 13:27:23 - [TEST_STEP][PASSED] - AllCreatedDate.add(a.getText()): null

2020-03-13 13:27:23 - [TEST_STEP][PASSED] - AllCreatedDate.add(a.getText()): null

2020-03-13 13:27:23 - [TEST_STEP][PASSED] - AllCreatedDate.add(a.getText()): null

2020-03-13 13:27:23 - [TEST_STEP][PASSED] - click(findTestObject("ROLES/Roles_page/Pagination/front_navigation")): Object: 'Object Repository/ROLES/Roles_page/Pagination/front_navigation' is clicked on

2020-03-13 13:27:23 - [MESSAGE][PASSED] - Object: 'Object Repository/ROLES/Roles_page/Pagination/front_navigation' is clicked on

2020-03-13 13:27:23 - [TEST_STEP][PASSED] - createdDate = findWebElements(findTestObject("ROLES/Roles_page/sorting/created"), 2): null

2020-03-13 13:27:24 - [TEST_STEP][PASSED] - for (org.openqa.selenium.WebElement a : createdDate): null

2020-03-13 13:27:24 - [TEST_STEP][PASSED] - AllCreatedDate.add(a.getText()): null

2020-03-13 13:27:24 - [TEST_STEP][PASSED] - AllCreatedDate.add(a.getText()): null

2020-03-13 13:27:24 - [TEST_STEP][PASSED] - AllCreatedDate.add(a.getText()): null

2020-03-13 13:27:24 - [TEST_STEP][PASSED] - AllCreatedDate.add(a.getText()): null

2020-03-13 13:27:24 - [TEST_STEP][PASSED] - AllCreatedDate.add(a.getText()): null

2020-03-13 13:27:24 - [TEST_STEP][PASSED] - AllCreatedDate.add(a.getText()): null

2020-03-13 13:27:24 - [TEST_STEP][PASSED] - AllCreatedDate.add(a.getText()): null

2020-03-13 13:27:24 - [TEST_STEP][PASSED] - AllCreatedDate.add(a.getText()): null

2020-03-13 13:27:24 - [TEST_STEP][PASSED] - AllCreatedDate.add(a.getText()): null

2020-03-13 13:27:24 - [TEST_STEP][PASSED] - AllCreatedDate.add(a.getText()): null

2020-03-13 13:27:24 - [TEST_STEP][PASSED] - click(findTestObject("ROLES/Roles_page/Pagination/front_navigation")): Object: 'Object Repository/ROLES/Roles_page/Pagination/front_navigation' is clicked on

2020-03-13 13:27:25 - [MESSAGE][PASSED] - Object: 'Object Repository/ROLES/Roles_page/Pagination/front_navigation' is clicked on

2020-03-13 13:27:25 - [TEST_STEP][PASSED] - createdDate = findWebElements(findTestObject("ROLES/Roles_page/sorting/created"), 2): null

2020-03-13 13:27:25 - [TEST_STEP][PASSED] - for (org.openqa.selenium.WebElement a : createdDate): null

2020-03-13 13:27:25 - [TEST_STEP][PASSED] - AllCreatedDate.add(a.getText()): null

2020-03-13 13:27:26 - [TEST_STEP][PASSED] - AllCreatedDate.add(a.getText()): null

2020-03-13 13:27:26 - [TEST_STEP][PASSED] - AllCreatedDate.add(a.getText()): null

2020-03-13 13:27:26 - [TEST_STEP][PASSED] - AllCreatedDate.add(a.getText()): null

2020-03-13 13:27:26 - [TEST_STEP][PASSED] - AllCreatedDate.add(a.getText()): null

2020-03-13 13:27:26 - [TEST_STEP][PASSED] - AllCreatedDate.add(a.getText()): null

2020-03-13 13:27:26 - [TEST_STEP][PASSED] - AllCreatedDate.add(a.getText()): null

2020-03-13 13:27:26 - [TEST_STEP][PASSED] - AllCreatedDate.add(a.getText()): null

2020-03-13 13:27:26 - [TEST_STEP][PASSED] - AllCreatedDate.add(a.getText()): null

2020-03-13 13:27:26 - [TEST_STEP][PASSED] - AllCreatedDate.add(a.getText()): null

2020-03-13 13:27:26 - [TEST_STEP][PASSED] - click(findTestObject("ROLES/Roles_page/Pagination/front_navigation")): Object: 'Object Repository/ROLES/Roles_page/Pagination/front_navigation' is clicked on

2020-03-13 13:27:26 - [MESSAGE][PASSED] - Object: 'Object Repository/ROLES/Roles_page/Pagination/front_navigation' is clicked on

2020-03-13 13:27:26 - [TEST_STEP][PASSED] - createdDate = findWebElements(findTestObject("ROLES/Roles_page/sorting/created"), 2): null

2020-03-13 13:27:27 - [TEST_STEP][PASSED] - for (org.openqa.selenium.WebElement a : createdDate): null

2020-03-13 13:27:27 - [TEST_STEP][PASSED] - AllCreatedDate.add(a.getText()): null

2020-03-13 13:27:27 - [TEST_STEP][PASSED] - AllCreatedDate.add(a.getText()): null

2020-03-13 13:27:27 - [TEST_STEP][PASSED] - AllCreatedDate.add(a.getText()): null

2020-03-13 13:27:27 - [TEST_STEP][PASSED] - AllCreatedDate.add(a.getText()): null

2020-03-13 13:27:27 - [TEST_STEP][PASSED] - AllCreatedDate.add(a.getText()): null

2020-03-13 13:27:27 - [TEST_STEP][PASSED] - AllCreatedDate.add(a.getText()): null

2020-03-13 13:27:27 - [TEST_STEP][PASSED] - AllCreatedDate.add(a.getText()): null

2020-03-13 13:27:27 - [TEST_STEP][PASSED] - AllCreatedDate.add(a.getText()): null

2020-03-13 13:27:27 - [TEST_STEP][PASSED] - AllCreatedDate.add(a.getText()): null

2020-03-13 13:27:27 - [TEST_STEP][PASSED] - AllCreatedDate.add(a.getText()): null

2020-03-13 13:27:27 - [TEST_STEP][PASSED] - click(findTestObject("ROLES/Roles_page/Pagination/front_navigation")): Object: 'Object Repository/ROLES/Roles_page/Pagination/front_navigation' is clicked on

2020-03-13 13:27:28 - [MESSAGE][PASSED] - Object: 'Object Repository/ROLES/Roles_page/Pagination/front_navigation' is clicked on

2020-03-13 13:27:28 - [TEST_STEP][PASSED] - createdDate = findWebElements(findTestObject("ROLES/Roles_page/sorting/created"), 2): null

2020-03-13 13:27:29 - [TEST_STEP][PASSED] - for (org.openqa.selenium.WebElement a : createdDate): null

2020-03-13 13:27:29 - [TEST_STEP][PASSED] - AllCreatedDate.add(a.getText()): null

2020-03-13 13:27:29 - [TEST_STEP][PASSED] - AllCreatedDate.add(a.getText()): null

2020-03-13 13:27:29 - [TEST_STEP][PASSED] - AllCreatedDate.add(a.getText()): null

2020-03-13 13:27:29 - [TEST_STEP][PASSED] - AllCreatedDate.add(a.getText()): null

2020-03-13 13:27:29 - [TEST_STEP][PASSED] - AllCreatedDate.add(a.getText()): null

2020-03-13 13:27:29 - [TEST_STEP][PASSED] - AllCreatedDate.add(a.getText()): null

2020-03-13 13:27:29 - [TEST_STEP][PASSED] - AllCreatedDate.add(a.getText()): null

2020-03-13 13:27:29 - [TEST_STEP][PASSED] - AllCreatedDate.add(a.getText()): null

2020-03-13 13:27:29 - [TEST_STEP][PASSED] - AllCreatedDate.add(a.getText()): null

2020-03-13 13:27:29 - [TEST_STEP][PASSED] - AllCreatedDate.add(a.getText()): null

2020-03-13 13:27:29 - [TEST_STEP][PASSED] - click(findTestObject("ROLES/Roles_page/Pagination/front_navigation")): Object: 'Object Repository/ROLES/Roles_page/Pagination/front_navigation' is clicked on

2020-03-13 13:27:29 - [MESSAGE][PASSED] - Object: 'Object Repository/ROLES/Roles_page/Pagination/front_navigation' is clicked on

2020-03-13 13:27:29 - [TEST_STEP][PASSED] - createdDate = findWebElements(findTestObject("ROLES/Roles_page/sorting/created"), 2): null

2020-03-13 13:27:31 - [TEST_STEP][PASSED] - for (org.openqa.selenium.WebElement a : createdDate): null

2020-03-13 13:27:31 - [TEST_STEP][PASSED] - AllCreatedDate.add(a.getText()): null

2020-03-13 13:27:31 - [TEST_STEP][PASSED] - AllCreatedDate.add(a.getText()): null

2020-03-13 13:27:31 - [TEST_STEP][PASSED] - AllCreatedDate.add(a.getText()): null

2020-03-13 13:27:31 - [TEST_STEP][PASSED] - AllCreatedDate.add(a.getText()): null

2020-03-13 13:27:31 - [TEST_STEP][PASSED] - AllCreatedDate.add(a.getText()): null

2020-03-13 13:27:31 - [TEST_STEP][PASSED] - AllCreatedDate.add(a.getText()): null

2020-03-13 13:27:31 - [TEST_STEP][PASSED] - AllCreatedDate.add(a.getText()): null

2020-03-13 13:27:31 - [TEST_STEP][PASSED] - AllCreatedDate.add(a.getText()): null

2020-03-13 13:27:31 - [TEST_STEP][PASSED] - AllCreatedDate.add(a.getText()): null

2020-03-13 13:27:31 - [TEST_STEP][PASSED] - AllCreatedDate.add(a.getText()): null

2020-03-13 13:27:31 - [TEST_STEP][PASSED] - click(findTestObject("ROLES/Roles_page/Pagination/front_navigation")): Object: 'Object Repository/ROLES/Roles_page/Pagination/front_navigation' is clicked on

2020-03-13 13:27:31 - [MESSAGE][PASSED] - Object: 'Object Repository/ROLES/Roles_page/Pagination/front_navigation' is clicked on

2020-03-13 13:27:31 - [TEST_STEP][PASSED] - createdDate = findWebElements(findTestObject("ROLES/Roles_page/sorting/created"), 2): null

2020-03-13 13:27:32 - [TEST_STEP][PASSED] - for (org.openqa.selenium.WebElement a : createdDate): null

2020-03-13 13:27:32 - [TEST_STEP][PASSED] - AllCreatedDate.add(a.getText()): null

2020-03-13 13:27:32 - [TEST_STEP][PASSED] - AllCreatedDate.add(a.getText()): null

2020-03-13 13:27:32 - [TEST_STEP][PASSED] - AllCreatedDate.add(a.getText()): null

2020-03-13 13:27:32 - [TEST_STEP][PASSED] - AllCreatedDate.add(a.getText()): null

2020-03-13 13:27:32 - [TEST_STEP][PASSED] - AllCreatedDate.add(a.getText()): null

2020-03-13 13:27:32 - [TEST_STEP][PASSED] - AllCreatedDate.add(a.getText()): null

2020-03-13 13:27:32 - [TEST_STEP][PASSED] - AllCreatedDate.add(a.getText()): null

2020-03-13 13:27:32 - [TEST_STEP][PASSED] - AllCreatedDate.add(a.getText()): null

2020-03-13 13:27:32 - [TEST_STEP][PASSED] - AllCreatedDate.add(a.getText()): null

2020-03-13 13:27:32 - [TEST_STEP][PASSED] - AllCreatedDate.add(a.getText()): null

2020-03-13 13:27:32 - [TEST_STEP][PASSED] - click(findTestObject("ROLES/Roles_page/Pagination/front_navigation")): Object: 'Object Repository/ROLES/Roles_page/Pagination/front_navigation' is clicked on

2020-03-13 13:27:33 - [MESSAGE][PASSED] - Object: 'Object Repository/ROLES/Roles_page/Pagination/front_navigation' is clicked on

2020-03-13 13:27:33 - [TEST_STEP][PASSED] - createdDate = findWebElements(findTestObject("ROLES/Roles_page/sorting/created"), 2): null

2020-03-13 13:27:34 - [TEST_STEP][PASSED] - for (org.openqa.selenium.WebElement a : createdDate): null

2020-03-13 13:27:34 - [TEST_STEP][PASSED] - AllCreatedDate.add(a.getText()): null

2020-03-13 13:27:34 - [TEST_STEP][PASSED] - AllCreatedDate.add(a.getText()): null

2020-03-13 13:27:34 - [TEST_STEP][PASSED] - AllCreatedDate.add(a.getText()): null

2020-03-13 13:27:34 - [TEST_STEP][PASSED] - AllCreatedDate.add(a.getText()): null

2020-03-13 13:27:34 - [TEST_STEP][PASSED] - AllCreatedDate.add(a.getText()): null

2020-03-13 13:27:34 - [TEST_STEP][PASSED] - AllCreatedDate.add(a.getText()): null

2020-03-13 13:27:34 - [TEST_STEP][PASSED] - AllCreatedDate.add(a.getText()): null

2020-03-13 13:27:34 - [TEST_STEP][PASSED] - AllCreatedDate.add(a.getText()): null

2020-03-13 13:27:34 - [TEST_STEP][PASSED] - AllCreatedDate.add(a.getText()): null

2020-03-13 13:27:34 - [TEST_STEP][PASSED] - AllCreatedDate.add(a.getText()): null

2020-03-13 13:27:34 - [TEST_STEP][PASSED] - click(findTestObject("ROLES/Roles_page/Pagination/front_navigation")): Object: 'Object Repository/ROLES/Roles_page/Pagination/front_navigation' is clicked on

2020-03-13 13:27:35 - [MESSAGE][PASSED] - Object: 'Object Repository/ROLES/Roles_page/Pagination/front_navigation' is clicked on

2020-03-13 13:27:35 - [TEST_STEP][PASSED] - createdDate = findWebElements(findTestObject("ROLES/Roles_page/sorting/created"), 2): null

2020-03-13 13:27:36 - [TEST_STEP][PASSED] - for (org.openqa.selenium.WebElement a : createdDate): null

2020-03-13 13:27:36 - [TEST_STEP][PASSED] - AllCreatedDate.add(a.getText()): null

2020-03-13 13:27:36 - [TEST_STEP][PASSED] - AllCreatedDate.add(a.getText()): null

2020-03-13 13:27:36 - [TEST_STEP][PASSED] - AllCreatedDate.add(a.getText()): null

2020-03-13 13:27:36 - [TEST_STEP][PASSED] - AllCreatedDate.add(a.getText()): null

2020-03-13 13:27:36 - [TEST_STEP][PASSED] - AllCreatedDate.add(a.getText()): null

2020-03-13 13:27:36 - [TEST_STEP][PASSED] - AllCreatedDate.add(a.getText()): null

2020-03-13 13:27:36 - [TEST_STEP][PASSED] - AllCreatedDate.add(a.getText()): null

2020-03-13 13:27:36 - [TEST_STEP][PASSED] - AllCreatedDate.add(a.getText()): null

2020-03-13 13:27:36 - [TEST_STEP][PASSED] - AllCreatedDate.add(a.getText()): null

2020-03-13 13:27:36 - [TEST_STEP][PASSED] - AllCreatedDate.add(a.getText()): null

2020-03-13 13:27:36 - [TEST_STEP][PASSED] - click(findTestObject("ROLES/Roles_page/Pagination/front_navigation")): Object: 'Object Repository/ROLES/Roles_page/Pagination/front_navigation' is clicked on

2020-03-13 13:27:36 - [MESSAGE][PASSED] - Object: 'Object Repository/ROLES/Roles_page/Pagination/front_navigation' is clicked on

2020-03-13 13:27:36 - [TEST_STEP][PASSED] - createdDate = findWebElements(findTestObject("ROLES/Roles_page/sorting/created"), 2): null

2020-03-13 13:27:37 - [TEST_STEP][PASSED] - for (org.openqa.selenium.WebElement a : createdDate): null

2020-03-13 13:27:37 - [TEST_STEP][PASSED] - AllCreatedDate.add(a.getText()): null

2020-03-13 13:27:37 - [TEST_STEP][PASSED] - AllCreatedDate.add(a.getText()): null

2020-03-13 13:27:37 - [TEST_STEP][PASSED] - AllCreatedDate.add(a.getText()): null

2020-03-13 13:27:37 - [TEST_STEP][PASSED] - AllCreatedDate.add(a.getText()): null

2020-03-13 13:27:37 - [TEST_STEP][PASSED] - AllCreatedDate.add(a.getText()): null

2020-03-13 13:27:37 - [TEST_STEP][PASSED] - AllCreatedDate.add(a.getText()): null

2020-03-13 13:27:37 - [TEST_STEP][PASSED] - AllCreatedDate.add(a.getText()): null

2020-03-13 13:27:37 - [TEST_STEP][PASSED] - AllCreatedDate.add(a.getText()): null

2020-03-13 13:27:37 - [TEST_STEP][PASSED] - AllCreatedDate.add(a.getText()): null

2020-03-13 13:27:37 - [TEST_STEP][PASSED] - AllCreatedDate.add(a.getText()): null

2020-03-13 13:27:37 - [TEST_STEP][PASSED] - click(findTestObject("ROLES/Roles_page/Pagination/front_navigation")): Object: 'Object Repository/ROLES/Roles_page/Pagination/front_navigation' is clicked on

2020-03-13 13:27:38 - [MESSAGE][PASSED] - Object: 'Object Repository/ROLES/Roles_page/Pagination/front_navigation' is clicked on

2020-03-13 13:27:38 - [TEST_STEP][PASSED] - createdDate = findWebElements(findTestObject("ROLES/Roles_page/sorting/created"), 2): null

2020-03-13 13:27:39 - [TEST_STEP][PASSED] - for (org.openqa.selenium.WebElement a : createdDate): null

2020-03-13 13:27:39 - [TEST_STEP][PASSED] - AllCreatedDate.add(a.getText()): null

2020-03-13 13:27:39 - [TEST_STEP][PASSED] - AllCreatedDate.add(a.getText()): null

2020-03-13 13:27:39 - [TEST_STEP][PASSED] - AllCreatedDate.add(a.getText()): null

2020-03-13 13:27:39 - [TEST_STEP][PASSED] - AllCreatedDate.add(a.getText()): null

2020-03-13 13:27:39 - [TEST_STEP][PASSED] - AllCreatedDate.add(a.getText()): null

2020-03-13 13:27:39 - [TEST_STEP][PASSED] - AllCreatedDate.add(a.getText()): null

2020-03-13 13:27:39 - [TEST_STEP][PASSED] - AllCreatedDate.add(a.getText()): null

2020-03-13 13:27:39 - [TEST_STEP][PASSED] - AllCreatedDate.add(a.getText()): null

2020-03-13 13:27:39 - [TEST_STEP][PASSED] - AllCreatedDate.add(a.getText()): null

2020-03-13 13:27:39 - [TEST_STEP][PASSED] - AllCreatedDate.add(a.getText()): null

2020-03-13 13:27:39 - [TEST_STEP][PASSED] - click(findTestObject("ROLES/Roles_page/Pagination/front_navigation")): Object: 'Object Repository/ROLES/Roles_page/Pagination/front_navigation' is clicked on

2020-03-13 13:27:40 - [MESSAGE][PASSED] - Object: 'Object Repository/ROLES/Roles_page/Pagination/front_navigation' is clicked on

2020-03-13 13:27:40 - [TEST_STEP][PASSED] - createdDate = findWebElements(findTestObject("ROLES/Roles_page/sorting/created"), 2): null

2020-03-13 13:27:41 - [TEST_STEP][PASSED] - for (org.openqa.selenium.WebElement a : createdDate): null

2020-03-13 13:27:41 - [TEST_STEP][PASSED] - AllCreatedDate.add(a.getText()): null

2020-03-13 13:27:41 - [TEST_STEP][PASSED] - AllCreatedDate.add(a.getText()): null

2020-03-13 13:27:41 - [TEST_STEP][PASSED] - AllCreatedDate.add(a.getText()): null

2020-03-13 13:27:41 - [TEST_STEP][PASSED] - AllCreatedDate.add(a.getText()): null

2020-03-13 13:27:41 - [TEST_STEP][PASSED] - AllCreatedDate.add(a.getText()): null

2020-03-13 13:27:41 - [TEST_STEP][PASSED] - AllCreatedDate.add(a.getText()): null

2020-03-13 13:27:41 - [TEST_STEP][PASSED] - AllCreatedDate.add(a.getText()): null

2020-03-13 13:27:41 - [TEST_STEP][PASSED] - AllCreatedDate.add(a.getText()): null

2020-03-13 13:27:41 - [TEST_STEP][PASSED] - AllCreatedDate.add(a.getText()): null

2020-03-13 13:27:42 - [TEST_STEP][PASSED] - AllCreatedDate.add(a.getText()): null

2020-03-13 13:27:42 - [TEST_STEP][PASSED] - click(findTestObject("ROLES/Roles_page/Pagination/front_navigation")): Object: 'Object Repository/ROLES/Roles_page/Pagination/front_navigation' is clicked on

2020-03-13 13:27:42 - [MESSAGE][PASSED] - Object: 'Object Repository/ROLES/Roles_page/Pagination/front_navigation' is clicked on

2020-03-13 13:27:42 - [TEST_STEP][PASSED] - createdDate = findWebElements(findTestObject("ROLES/Roles_page/sorting/created"), 2): null

2020-03-13 13:27:43 - [TEST_STEP][PASSED] - for (org.openqa.selenium.WebElement a : createdDate): null

2020-03-13 13:27:43 - [TEST_STEP][PASSED] - AllCreatedDate.add(a.getText()): null

2020-03-13 13:27:43 - [TEST_STEP][PASSED] - AllCreatedDate.add(a.getText()): null

2020-03-13 13:27:43 - [TEST_STEP][PASSED] - AllCreatedDate.add(a.getText()): null

2020-03-13 13:27:43 - [TEST_STEP][PASSED] - AllCreatedDate.add(a.getText()): null

2020-03-13 13:27:43 - [TEST_STEP][PASSED] - AllCreatedDate.add(a.getText()): null

2020-03-13 13:27:43 - [TEST_STEP][PASSED] - AllCreatedDate.add(a.getText()): null

2020-03-13 13:27:43 - [TEST_STEP][PASSED] - AllCreatedDate.add(a.getText()): null

2020-03-13 13:27:43 - [TEST_STEP][PASSED] - AllCreatedDate.add(a.getText()): null

2020-03-13 13:27:43 - [TEST_STEP][PASSED] - AllCreatedDate.add(a.getText()): null

2020-03-13 13:27:43 - [TEST_STEP][PASSED] - AllCreatedDate.add(a.getText()): null

2020-03-13 13:27:43 - [TEST_STEP][PASSED] - click(findTestObject("ROLES/Roles_page/Pagination/front_navigation")): Object: 'Object Repository/ROLES/Roles_page/Pagination/front_navigation' is clicked on

2020-03-13 13:27:44 - [MESSAGE][PASSED] - Object: 'Object Repository/ROLES/Roles_page/Pagination/front_navigation' is clicked on

2020-03-13 13:27:44 - [TEST_STEP][PASSED] - createdDate = findWebElements(findTestObject("ROLES/Roles_page/sorting/created"), 2): null

2020-03-13 13:27:44 - [TEST_STEP][PASSED] - for (org.openqa.selenium.WebElement a : createdDate): null

2020-03-13 13:27:44 - [TEST_STEP][PASSED] - AllCreatedDate.add(a.getText()): null

2020-03-13 13:27:44 - [TEST_STEP][PASSED] - AllCreatedDate.add(a.getText()): null

2020-03-13 13:27:45 - [TEST_STEP][PASSED] - AllCreatedDate.add(a.getText()): null

2020-03-13 13:27:45 - [TEST_STEP][PASSED] - AllCreatedDate.add(a.getText()): null

2020-03-13 13:27:45 - [TEST_STEP][PASSED] - AllCreatedDate.add(a.getText()): null

2020-03-13 13:27:45 - [TEST_STEP][PASSED] - AllCreatedDate.add(a.getText()): null

2020-03-13 13:27:45 - [TEST_STEP][PASSED] - AllCreatedDate.add(a.getText()): null

2020-03-13 13:27:45 - [TEST_STEP][PASSED] - AllCreatedDate.add(a.getText()): null

2020-03-13 13:27:45 - [TEST_STEP][PASSED] - AllCreatedDate.add(a.getText()): null

2020-03-13 13:27:45 - [TEST_STEP][PASSED] - AllCreatedDate.add(a.getText()): null

2020-03-13 13:27:45 - [TEST_STEP][PASSED] - click(findTestObject("ROLES/Roles_page/Pagination/front_navigation")): Object: 'Object Repository/ROLES/Roles_page/Pagination/front_navigation' is clicked on

2020-03-13 13:27:45 - [MESSAGE][PASSED] - Object: 'Object Repository/ROLES/Roles_page/Pagination/front_navigation' is clicked on

2020-03-13 13:27:45 - [TEST_STEP][PASSED] - createdDate = findWebElements(findTestObject("ROLES/Roles_page/sorting/created"), 2): null

2020-03-13 13:27:46 - [TEST_STEP][PASSED] - for (org.openqa.selenium.WebElement a : createdDate): null

2020-03-13 13:27:46 - [TEST_STEP][PASSED] - AllCreatedDate.add(a.getText()): null

2020-03-13 13:27:46 - [TEST_STEP][PASSED] - click(findTestObject("ROLES/Roles_page/Pagination/front_navigation")): Object: 'Object Repository/ROLES/Roles_page/Pagination/front_navigation' is clicked on

2020-03-13 13:27:49 - [MESSAGE][PASSED] - Object: 'Object Repository/ROLES/Roles_page/Pagination/front_navigation' is clicked on

2020-03-13 13:27:49 - [TEST_STEP][PASSED] - if (j == 1): null

2020-03-13 13:27:49 - [TEST_STEP][PASSED] - if (j == 2): Actual object 'true' and expected object 'true' are equal

2020-03-13 13:27:49 - [TEST_STEP][PASSED] - isSorted = web.CustomKeyword.checkListAscendingOrder(AllCreatedDate): web.CustomKeyword.checkListAscendingOrder is PASSED

2020-03-13 13:27:49 - [MESSAGE][PASSED] - web.CustomKeyword.checkListAscendingOrder is PASSED

2020-03-13 13:27:49 - [TEST_STEP][PASSED] - println(AllCreatedDate.size()): null

2020-03-13 13:27:49 - [TEST_STEP][PASSED] - println(AllCreatedDate): null

2020-03-13 13:27:49 - [TEST_STEP][PASSED] - verifyEqual(isSorted, true): Actual object 'true' and expected object 'true' are equal

2020-03-13 13:27:49 - [MESSAGE][PASSED] - Actual object 'true' and expected object 'true' are equal

2020-03-13 13:27:49 - [TEST_STEP][PASSED] - clearText(findTestObject("Object Repository/ROLES/Roles_page/Pagination/input_Page_form-control")): Text of object 'Object Repository/ROLES/Roles_page/Pagination/input_Page_form-control' is cleared

2020-03-13 13:27:49 - [MESSAGE][PASSED] - Text of object 'Object Repository/ROLES/Roles_page/Pagination/input_Page_form-control' is cleared

2020-03-13 13:27:49 - [TEST_STEP][PASSED] - setText(findTestObject("Object Repository/ROLES/Roles_page/Pagination/input_Page_form-control"), BACK_SPACE + BACK_SPACE + "1" + ENTER): Text 'BACK_SPACE + BACK_SPACE + ENTER + 1' is set on object 'Object Repository/ROLES/Roles_page/Pagination/input_Page_form-control'

2020-03-13 13:27:50 - [MESSAGE][PASSED] - Text 'BACK_SPACE + BACK_SPACE + ENTER + 1' is set on object 'Object Repository/ROLES/Roles_page/Pagination/input_Page_form-control'

2020-03-13 13:27:50 - [TEST_STEP][PASSED] - Start listener action : sampleAfterTestCase: null

2020-03-13 13:27:50 - [TEST_STEP][PASSED] - println(testCaseContext.getTestCaseId()): null

2020-03-13 13:27:50 - [TEST_STEP][PASSED] - println(testCaseContext.getTestCaseStatus()): null

2020-03-13 13:27:50 - [TEST_STEP][PASSED] - println("On Failure Method is Calling : " + testCaseContext.getTestCaseStatus()): null

2020-03-13 13:27:50 - [TEST_STEP][PASSED] - if (!(getTestCaseStatus().equalsIgnoreCase("PASSED"))): null]]></system-out>
         <system-err><![CDATA[]]></system-err>
      </testcase>
      <testcase name="Test Cases/Atlas Platform/Configuration Management/Platform Management/ROLES/Role Listing Grid/RLG-008 Verify sorting by ModifiedDate" time="74.217" classname="Test Cases/Atlas Platform/Configuration Management/Platform Management/ROLES/Role Listing Grid/RLG-008 Verify sorting by ModifiedDate" status="PASSED">
         <system-out><![CDATA[2020-03-13 13:27:52 - [TEST_CASE][PASSED] - Test Cases/Atlas Platform/Configuration Management/Platform Management/ROLES/Role Listing Grid/RLG-008 Verify sorting by ModifiedDate: Test Cases/Atlas Platform/Configuration Management/Platform Management/ROLES/Role Listing Grid/RLG-008 Verify sorting by ModifiedDate

2020-03-13 13:27:52 - [TEST_STEP][NOT_RUN] - callTestCase(findTestCase("Atlas Platform/Platform Navigation/Login/Default Logins/Default_Login_as_Root Admin"), ["Email":findTestData("AMP_Y").getValue(1, 1), "Password":findTestData("AMP_Y").getValue(2, 1), "dashboard_exp_title":""], CONTINUE_ON_FAILURE): NOT_RUN: callTestCase(findTestCase("Atlas Platform/Platform Navigation/Login/Default Logins/Default_Login_as_Root Admin"), ["Email":findTestData("AMP_Y").getValue(1, 1), "Password":findTestData("AMP_Y").getValue(2, 1), "dashboard_exp_title":""], CONTINUE_ON_FAILURE)

2020-03-13 13:27:52 - [MESSAGE][NOT_RUN] - NOT_RUN: callTestCase(findTestCase("Atlas Platform/Platform Navigation/Login/Default Logins/Default_Login_as_Root Admin"), ["Email":findTestData("AMP_Y").getValue(1, 1), "Password":findTestData("AMP_Y").getValue(2, 1), "dashboard_exp_title":""], CONTINUE_ON_FAILURE)

2020-03-13 13:27:52 - [TEST_STEP][NOT_RUN] - click(findTestObject("ROLES/Role_Navigation/a_ADMIN")): NOT_RUN: click(findTestObject("ROLES/Role_Navigation/a_ADMIN"))

2020-03-13 13:27:52 - [MESSAGE][NOT_RUN] - NOT_RUN: click(findTestObject("ROLES/Role_Navigation/a_ADMIN"))

2020-03-13 13:27:52 - [TEST_STEP][PASSED] - driver = getWebDriver(): null

2020-03-13 13:27:52 - [TEST_STEP][PASSED] - noOfPages_text = getText(findTestObject("ROLES/Roles_page/Pagination/label_of 10")): Text of object 'Object Repository/ROLES/Roles_page/Pagination/label_of 10' is: 'of 18'

2020-03-13 13:27:53 - [MESSAGE][PASSED] - Text of object 'Object Repository/ROLES/Roles_page/Pagination/label_of 10' is: 'of 18'

2020-03-13 13:27:53 - [TEST_STEP][PASSED] - noOfPages = Integer.parseInt(noOfPages_text.substring(3)): null

2020-03-13 13:27:53 - [TEST_STEP][PASSED] - println(noOfPages): null

2020-03-13 13:27:53 - [TEST_STEP][PASSED] - for ([j = 1, j < 3, (j++)]): Actual object 'true' and expected object 'true' are equal

2020-03-13 13:27:53 - [TEST_STEP][PASSED] - click(findTestObject("ROLES/Roles_page/sorting/Modified_header")): Object: 'Object Repository/ROLES/Roles_page/sorting/Modified_header' is clicked on

2020-03-13 13:27:53 - [MESSAGE][PASSED] - Object: 'Object Repository/ROLES/Roles_page/sorting/Modified_header' is clicked on

2020-03-13 13:27:53 - [TEST_STEP][PASSED] - modifiedDate = <not implemented yet for class: org.codehaus.groovy.ast.expr.EmptyExpression>: null

2020-03-13 13:27:53 - [TEST_STEP][PASSED] - AllModifiedDate = new java.util.ArrayList(): null

2020-03-13 13:27:53 - [TEST_STEP][PASSED] - for ([i = 1, i <= noOfPages, (i++)]): Object: 'Object Repository/ROLES/Roles_page/Pagination/front_navigation' is clicked on

2020-03-13 13:27:53 - [TEST_STEP][PASSED] - modifiedDate = findWebElements(findTestObject("ROLES/Roles_page/sorting/modified"), 2): null

2020-03-13 13:27:54 - [TEST_STEP][PASSED] - for (org.openqa.selenium.WebElement a : modifiedDate): null

2020-03-13 13:27:54 - [TEST_STEP][PASSED] - AllModifiedDate.add(a.getText()): null

2020-03-13 13:27:54 - [TEST_STEP][PASSED] - AllModifiedDate.add(a.getText()): null

2020-03-13 13:27:54 - [TEST_STEP][PASSED] - AllModifiedDate.add(a.getText()): null

2020-03-13 13:27:54 - [TEST_STEP][PASSED] - AllModifiedDate.add(a.getText()): null

2020-03-13 13:27:54 - [TEST_STEP][PASSED] - AllModifiedDate.add(a.getText()): null

2020-03-13 13:27:54 - [TEST_STEP][PASSED] - AllModifiedDate.add(a.getText()): null

2020-03-13 13:27:54 - [TEST_STEP][PASSED] - AllModifiedDate.add(a.getText()): null

2020-03-13 13:27:54 - [TEST_STEP][PASSED] - AllModifiedDate.add(a.getText()): null

2020-03-13 13:27:54 - [TEST_STEP][PASSED] - AllModifiedDate.add(a.getText()): null

2020-03-13 13:27:54 - [TEST_STEP][PASSED] - AllModifiedDate.add(a.getText()): null

2020-03-13 13:27:54 - [TEST_STEP][PASSED] - click(findTestObject("ROLES/Roles_page/Pagination/front_navigation")): Object: 'Object Repository/ROLES/Roles_page/Pagination/front_navigation' is clicked on

2020-03-13 13:27:55 - [MESSAGE][PASSED] - Object: 'Object Repository/ROLES/Roles_page/Pagination/front_navigation' is clicked on

2020-03-13 13:27:55 - [TEST_STEP][PASSED] - modifiedDate = findWebElements(findTestObject("ROLES/Roles_page/sorting/modified"), 2): null

2020-03-13 13:27:56 - [TEST_STEP][PASSED] - for (org.openqa.selenium.WebElement a : modifiedDate): null

2020-03-13 13:27:56 - [TEST_STEP][PASSED] - AllModifiedDate.add(a.getText()): null

2020-03-13 13:27:56 - [TEST_STEP][PASSED] - AllModifiedDate.add(a.getText()): null

2020-03-13 13:27:56 - [TEST_STEP][PASSED] - AllModifiedDate.add(a.getText()): null

2020-03-13 13:27:56 - [TEST_STEP][PASSED] - AllModifiedDate.add(a.getText()): null

2020-03-13 13:27:56 - [TEST_STEP][PASSED] - AllModifiedDate.add(a.getText()): null

2020-03-13 13:27:56 - [TEST_STEP][PASSED] - AllModifiedDate.add(a.getText()): null

2020-03-13 13:27:56 - [TEST_STEP][PASSED] - AllModifiedDate.add(a.getText()): null

2020-03-13 13:27:56 - [TEST_STEP][PASSED] - AllModifiedDate.add(a.getText()): null

2020-03-13 13:27:56 - [TEST_STEP][PASSED] - AllModifiedDate.add(a.getText()): null

2020-03-13 13:27:56 - [TEST_STEP][PASSED] - AllModifiedDate.add(a.getText()): null

2020-03-13 13:27:56 - [TEST_STEP][PASSED] - click(findTestObject("ROLES/Roles_page/Pagination/front_navigation")): Object: 'Object Repository/ROLES/Roles_page/Pagination/front_navigation' is clicked on

2020-03-13 13:27:56 - [MESSAGE][PASSED] - Object: 'Object Repository/ROLES/Roles_page/Pagination/front_navigation' is clicked on

2020-03-13 13:27:56 - [TEST_STEP][PASSED] - modifiedDate = findWebElements(findTestObject("ROLES/Roles_page/sorting/modified"), 2): null

2020-03-13 13:27:57 - [TEST_STEP][PASSED] - for (org.openqa.selenium.WebElement a : modifiedDate): null

2020-03-13 13:27:57 - [TEST_STEP][PASSED] - AllModifiedDate.add(a.getText()): null

2020-03-13 13:27:57 - [TEST_STEP][PASSED] - AllModifiedDate.add(a.getText()): null

2020-03-13 13:27:57 - [TEST_STEP][PASSED] - AllModifiedDate.add(a.getText()): null

2020-03-13 13:27:57 - [TEST_STEP][PASSED] - AllModifiedDate.add(a.getText()): null

2020-03-13 13:27:57 - [TEST_STEP][PASSED] - AllModifiedDate.add(a.getText()): null

2020-03-13 13:27:57 - [TEST_STEP][PASSED] - AllModifiedDate.add(a.getText()): null

2020-03-13 13:27:57 - [TEST_STEP][PASSED] - AllModifiedDate.add(a.getText()): null

2020-03-13 13:27:57 - [TEST_STEP][PASSED] - AllModifiedDate.add(a.getText()): null

2020-03-13 13:27:57 - [TEST_STEP][PASSED] - AllModifiedDate.add(a.getText()): null

2020-03-13 13:27:57 - [TEST_STEP][PASSED] - AllModifiedDate.add(a.getText()): null

2020-03-13 13:27:57 - [TEST_STEP][PASSED] - click(findTestObject("ROLES/Roles_page/Pagination/front_navigation")): Object: 'Object Repository/ROLES/Roles_page/Pagination/front_navigation' is clicked on

2020-03-13 13:27:58 - [MESSAGE][PASSED] - Object: 'Object Repository/ROLES/Roles_page/Pagination/front_navigation' is clicked on

2020-03-13 13:27:58 - [TEST_STEP][PASSED] - modifiedDate = findWebElements(findTestObject("ROLES/Roles_page/sorting/modified"), 2): null

2020-03-13 13:27:59 - [TEST_STEP][PASSED] - for (org.openqa.selenium.WebElement a : modifiedDate): null

2020-03-13 13:27:59 - [TEST_STEP][PASSED] - AllModifiedDate.add(a.getText()): null

2020-03-13 13:27:59 - [TEST_STEP][PASSED] - AllModifiedDate.add(a.getText()): null

2020-03-13 13:27:59 - [TEST_STEP][PASSED] - AllModifiedDate.add(a.getText()): null

2020-03-13 13:27:59 - [TEST_STEP][PASSED] - AllModifiedDate.add(a.getText()): null

2020-03-13 13:27:59 - [TEST_STEP][PASSED] - AllModifiedDate.add(a.getText()): null

2020-03-13 13:27:59 - [TEST_STEP][PASSED] - AllModifiedDate.add(a.getText()): null

2020-03-13 13:27:59 - [TEST_STEP][PASSED] - AllModifiedDate.add(a.getText()): null

2020-03-13 13:27:59 - [TEST_STEP][PASSED] - AllModifiedDate.add(a.getText()): null

2020-03-13 13:27:59 - [TEST_STEP][PASSED] - AllModifiedDate.add(a.getText()): null

2020-03-13 13:27:59 - [TEST_STEP][PASSED] - AllModifiedDate.add(a.getText()): null

2020-03-13 13:27:59 - [TEST_STEP][PASSED] - click(findTestObject("ROLES/Roles_page/Pagination/front_navigation")): Object: 'Object Repository/ROLES/Roles_page/Pagination/front_navigation' is clicked on

2020-03-13 13:28:00 - [MESSAGE][PASSED] - Object: 'Object Repository/ROLES/Roles_page/Pagination/front_navigation' is clicked on

2020-03-13 13:28:00 - [TEST_STEP][PASSED] - modifiedDate = findWebElements(findTestObject("ROLES/Roles_page/sorting/modified"), 2): null

2020-03-13 13:28:01 - [TEST_STEP][PASSED] - for (org.openqa.selenium.WebElement a : modifiedDate): null

2020-03-13 13:28:01 - [TEST_STEP][PASSED] - AllModifiedDate.add(a.getText()): null

2020-03-13 13:28:01 - [TEST_STEP][PASSED] - AllModifiedDate.add(a.getText()): null

2020-03-13 13:28:01 - [TEST_STEP][PASSED] - AllModifiedDate.add(a.getText()): null

2020-03-13 13:28:01 - [TEST_STEP][PASSED] - AllModifiedDate.add(a.getText()): null

2020-03-13 13:28:01 - [TEST_STEP][PASSED] - AllModifiedDate.add(a.getText()): null

2020-03-13 13:28:01 - [TEST_STEP][PASSED] - AllModifiedDate.add(a.getText()): null

2020-03-13 13:28:01 - [TEST_STEP][PASSED] - AllModifiedDate.add(a.getText()): null

2020-03-13 13:28:01 - [TEST_STEP][PASSED] - AllModifiedDate.add(a.getText()): null

2020-03-13 13:28:01 - [TEST_STEP][PASSED] - AllModifiedDate.add(a.getText()): null

2020-03-13 13:28:01 - [TEST_STEP][PASSED] - AllModifiedDate.add(a.getText()): null

2020-03-13 13:28:01 - [TEST_STEP][PASSED] - click(findTestObject("ROLES/Roles_page/Pagination/front_navigation")): Object: 'Object Repository/ROLES/Roles_page/Pagination/front_navigation' is clicked on

2020-03-13 13:28:02 - [MESSAGE][PASSED] - Object: 'Object Repository/ROLES/Roles_page/Pagination/front_navigation' is clicked on

2020-03-13 13:28:02 - [TEST_STEP][PASSED] - modifiedDate = findWebElements(findTestObject("ROLES/Roles_page/sorting/modified"), 2): null

2020-03-13 13:28:03 - [TEST_STEP][PASSED] - for (org.openqa.selenium.WebElement a : modifiedDate): null

2020-03-13 13:28:03 - [TEST_STEP][PASSED] - AllModifiedDate.add(a.getText()): null

2020-03-13 13:28:03 - [TEST_STEP][PASSED] - AllModifiedDate.add(a.getText()): null

2020-03-13 13:28:03 - [TEST_STEP][PASSED] - AllModifiedDate.add(a.getText()): null

2020-03-13 13:28:03 - [TEST_STEP][PASSED] - AllModifiedDate.add(a.getText()): null

2020-03-13 13:28:03 - [TEST_STEP][PASSED] - AllModifiedDate.add(a.getText()): null

2020-03-13 13:28:03 - [TEST_STEP][PASSED] - AllModifiedDate.add(a.getText()): null

2020-03-13 13:28:03 - [TEST_STEP][PASSED] - AllModifiedDate.add(a.getText()): null

2020-03-13 13:28:03 - [TEST_STEP][PASSED] - AllModifiedDate.add(a.getText()): null

2020-03-13 13:28:03 - [TEST_STEP][PASSED] - AllModifiedDate.add(a.getText()): null

2020-03-13 13:28:03 - [TEST_STEP][PASSED] - AllModifiedDate.add(a.getText()): null

2020-03-13 13:28:03 - [TEST_STEP][PASSED] - click(findTestObject("ROLES/Roles_page/Pagination/front_navigation")): Object: 'Object Repository/ROLES/Roles_page/Pagination/front_navigation' is clicked on

2020-03-13 13:28:03 - [MESSAGE][PASSED] - Object: 'Object Repository/ROLES/Roles_page/Pagination/front_navigation' is clicked on

2020-03-13 13:28:03 - [TEST_STEP][PASSED] - modifiedDate = findWebElements(findTestObject("ROLES/Roles_page/sorting/modified"), 2): null

2020-03-13 13:28:04 - [TEST_STEP][PASSED] - for (org.openqa.selenium.WebElement a : modifiedDate): null

2020-03-13 13:28:04 - [TEST_STEP][PASSED] - AllModifiedDate.add(a.getText()): null

2020-03-13 13:28:04 - [TEST_STEP][PASSED] - AllModifiedDate.add(a.getText()): null

2020-03-13 13:28:04 - [TEST_STEP][PASSED] - AllModifiedDate.add(a.getText()): null

2020-03-13 13:28:04 - [TEST_STEP][PASSED] - AllModifiedDate.add(a.getText()): null

2020-03-13 13:28:04 - [TEST_STEP][PASSED] - AllModifiedDate.add(a.getText()): null

2020-03-13 13:28:04 - [TEST_STEP][PASSED] - AllModifiedDate.add(a.getText()): null

2020-03-13 13:28:04 - [TEST_STEP][PASSED] - AllModifiedDate.add(a.getText()): null

2020-03-13 13:28:04 - [TEST_STEP][PASSED] - AllModifiedDate.add(a.getText()): null

2020-03-13 13:28:04 - [TEST_STEP][PASSED] - AllModifiedDate.add(a.getText()): null

2020-03-13 13:28:04 - [TEST_STEP][PASSED] - AllModifiedDate.add(a.getText()): null

2020-03-13 13:28:04 - [TEST_STEP][PASSED] - click(findTestObject("ROLES/Roles_page/Pagination/front_navigation")): Object: 'Object Repository/ROLES/Roles_page/Pagination/front_navigation' is clicked on

2020-03-13 13:28:05 - [MESSAGE][PASSED] - Object: 'Object Repository/ROLES/Roles_page/Pagination/front_navigation' is clicked on

2020-03-13 13:28:05 - [TEST_STEP][PASSED] - modifiedDate = findWebElements(findTestObject("ROLES/Roles_page/sorting/modified"), 2): null

2020-03-13 13:28:06 - [TEST_STEP][PASSED] - for (org.openqa.selenium.WebElement a : modifiedDate): null

2020-03-13 13:28:06 - [TEST_STEP][PASSED] - AllModifiedDate.add(a.getText()): null

2020-03-13 13:28:06 - [TEST_STEP][PASSED] - AllModifiedDate.add(a.getText()): null

2020-03-13 13:28:06 - [TEST_STEP][PASSED] - AllModifiedDate.add(a.getText()): null

2020-03-13 13:28:06 - [TEST_STEP][PASSED] - AllModifiedDate.add(a.getText()): null

2020-03-13 13:28:06 - [TEST_STEP][PASSED] - AllModifiedDate.add(a.getText()): null

2020-03-13 13:28:06 - [TEST_STEP][PASSED] - AllModifiedDate.add(a.getText()): null

2020-03-13 13:28:06 - [TEST_STEP][PASSED] - AllModifiedDate.add(a.getText()): null

2020-03-13 13:28:07 - [TEST_STEP][PASSED] - AllModifiedDate.add(a.getText()): null

2020-03-13 13:28:07 - [TEST_STEP][PASSED] - AllModifiedDate.add(a.getText()): null

2020-03-13 13:28:07 - [TEST_STEP][PASSED] - AllModifiedDate.add(a.getText()): null

2020-03-13 13:28:07 - [TEST_STEP][PASSED] - click(findTestObject("ROLES/Roles_page/Pagination/front_navigation")): Object: 'Object Repository/ROLES/Roles_page/Pagination/front_navigation' is clicked on

2020-03-13 13:28:07 - [MESSAGE][PASSED] - Object: 'Object Repository/ROLES/Roles_page/Pagination/front_navigation' is clicked on

2020-03-13 13:28:07 - [TEST_STEP][PASSED] - modifiedDate = findWebElements(findTestObject("ROLES/Roles_page/sorting/modified"), 2): null

2020-03-13 13:28:08 - [TEST_STEP][PASSED] - for (org.openqa.selenium.WebElement a : modifiedDate): null

2020-03-13 13:28:08 - [TEST_STEP][PASSED] - AllModifiedDate.add(a.getText()): null

2020-03-13 13:28:08 - [TEST_STEP][PASSED] - AllModifiedDate.add(a.getText()): null

2020-03-13 13:28:08 - [TEST_STEP][PASSED] - AllModifiedDate.add(a.getText()): null

2020-03-13 13:28:08 - [TEST_STEP][PASSED] - AllModifiedDate.add(a.getText()): null

2020-03-13 13:28:08 - [TEST_STEP][PASSED] - AllModifiedDate.add(a.getText()): null

2020-03-13 13:28:08 - [TEST_STEP][PASSED] - AllModifiedDate.add(a.getText()): null

2020-03-13 13:28:08 - [TEST_STEP][PASSED] - AllModifiedDate.add(a.getText()): null

2020-03-13 13:28:08 - [TEST_STEP][PASSED] - AllModifiedDate.add(a.getText()): null

2020-03-13 13:28:09 - [TEST_STEP][PASSED] - AllModifiedDate.add(a.getText()): null

2020-03-13 13:28:09 - [TEST_STEP][PASSED] - AllModifiedDate.add(a.getText()): null

2020-03-13 13:28:09 - [TEST_STEP][PASSED] - click(findTestObject("ROLES/Roles_page/Pagination/front_navigation")): Object: 'Object Repository/ROLES/Roles_page/Pagination/front_navigation' is clicked on

2020-03-13 13:28:09 - [MESSAGE][PASSED] - Object: 'Object Repository/ROLES/Roles_page/Pagination/front_navigation' is clicked on

2020-03-13 13:28:09 - [TEST_STEP][PASSED] - modifiedDate = findWebElements(findTestObject("ROLES/Roles_page/sorting/modified"), 2): null

2020-03-13 13:28:10 - [TEST_STEP][PASSED] - for (org.openqa.selenium.WebElement a : modifiedDate): null

2020-03-13 13:28:10 - [TEST_STEP][PASSED] - AllModifiedDate.add(a.getText()): null

2020-03-13 13:28:10 - [TEST_STEP][PASSED] - AllModifiedDate.add(a.getText()): null

2020-03-13 13:28:10 - [TEST_STEP][PASSED] - AllModifiedDate.add(a.getText()): null

2020-03-13 13:28:10 - [TEST_STEP][PASSED] - AllModifiedDate.add(a.getText()): null

2020-03-13 13:28:10 - [TEST_STEP][PASSED] - AllModifiedDate.add(a.getText()): null

2020-03-13 13:28:10 - [TEST_STEP][PASSED] - AllModifiedDate.add(a.getText()): null

2020-03-13 13:28:10 - [TEST_STEP][PASSED] - AllModifiedDate.add(a.getText()): null

2020-03-13 13:28:10 - [TEST_STEP][PASSED] - AllModifiedDate.add(a.getText()): null

2020-03-13 13:28:10 - [TEST_STEP][PASSED] - AllModifiedDate.add(a.getText()): null

2020-03-13 13:28:11 - [TEST_STEP][PASSED] - AllModifiedDate.add(a.getText()): null

2020-03-13 13:28:11 - [TEST_STEP][PASSED] - click(findTestObject("ROLES/Roles_page/Pagination/front_navigation")): Object: 'Object Repository/ROLES/Roles_page/Pagination/front_navigation' is clicked on

2020-03-13 13:28:11 - [MESSAGE][PASSED] - Object: 'Object Repository/ROLES/Roles_page/Pagination/front_navigation' is clicked on

2020-03-13 13:28:11 - [TEST_STEP][PASSED] - modifiedDate = findWebElements(findTestObject("ROLES/Roles_page/sorting/modified"), 2): null

2020-03-13 13:28:12 - [TEST_STEP][PASSED] - for (org.openqa.selenium.WebElement a : modifiedDate): null

2020-03-13 13:28:12 - [TEST_STEP][PASSED] - AllModifiedDate.add(a.getText()): null

2020-03-13 13:28:12 - [TEST_STEP][PASSED] - AllModifiedDate.add(a.getText()): null

2020-03-13 13:28:12 - [TEST_STEP][PASSED] - AllModifiedDate.add(a.getText()): null

2020-03-13 13:28:12 - [TEST_STEP][PASSED] - AllModifiedDate.add(a.getText()): null

2020-03-13 13:28:12 - [TEST_STEP][PASSED] - AllModifiedDate.add(a.getText()): null

2020-03-13 13:28:12 - [TEST_STEP][PASSED] - AllModifiedDate.add(a.getText()): null

2020-03-13 13:28:12 - [TEST_STEP][PASSED] - AllModifiedDate.add(a.getText()): null

2020-03-13 13:28:12 - [TEST_STEP][PASSED] - AllModifiedDate.add(a.getText()): null

2020-03-13 13:28:12 - [TEST_STEP][PASSED] - AllModifiedDate.add(a.getText()): null

2020-03-13 13:28:12 - [TEST_STEP][PASSED] - AllModifiedDate.add(a.getText()): null

2020-03-13 13:28:12 - [TEST_STEP][PASSED] - click(findTestObject("ROLES/Roles_page/Pagination/front_navigation")): Object: 'Object Repository/ROLES/Roles_page/Pagination/front_navigation' is clicked on

2020-03-13 13:28:13 - [MESSAGE][PASSED] - Object: 'Object Repository/ROLES/Roles_page/Pagination/front_navigation' is clicked on

2020-03-13 13:28:13 - [TEST_STEP][PASSED] - modifiedDate = findWebElements(findTestObject("ROLES/Roles_page/sorting/modified"), 2): null

2020-03-13 13:28:14 - [TEST_STEP][PASSED] - for (org.openqa.selenium.WebElement a : modifiedDate): null

2020-03-13 13:28:14 - [TEST_STEP][PASSED] - AllModifiedDate.add(a.getText()): null

2020-03-13 13:28:14 - [TEST_STEP][PASSED] - AllModifiedDate.add(a.getText()): null

2020-03-13 13:28:14 - [TEST_STEP][PASSED] - AllModifiedDate.add(a.getText()): null

2020-03-13 13:28:14 - [TEST_STEP][PASSED] - AllModifiedDate.add(a.getText()): null

2020-03-13 13:28:14 - [TEST_STEP][PASSED] - AllModifiedDate.add(a.getText()): null

2020-03-13 13:28:14 - [TEST_STEP][PASSED] - AllModifiedDate.add(a.getText()): null

2020-03-13 13:28:14 - [TEST_STEP][PASSED] - AllModifiedDate.add(a.getText()): null

2020-03-13 13:28:14 - [TEST_STEP][PASSED] - AllModifiedDate.add(a.getText()): null

2020-03-13 13:28:14 - [TEST_STEP][PASSED] - AllModifiedDate.add(a.getText()): null

2020-03-13 13:28:14 - [TEST_STEP][PASSED] - AllModifiedDate.add(a.getText()): null

2020-03-13 13:28:14 - [TEST_STEP][PASSED] - click(findTestObject("ROLES/Roles_page/Pagination/front_navigation")): Object: 'Object Repository/ROLES/Roles_page/Pagination/front_navigation' is clicked on

2020-03-13 13:28:14 - [MESSAGE][PASSED] - Object: 'Object Repository/ROLES/Roles_page/Pagination/front_navigation' is clicked on

2020-03-13 13:28:14 - [TEST_STEP][PASSED] - modifiedDate = findWebElements(findTestObject("ROLES/Roles_page/sorting/modified"), 2): null

2020-03-13 13:28:15 - [TEST_STEP][PASSED] - for (org.openqa.selenium.WebElement a : modifiedDate): null

2020-03-13 13:28:15 - [TEST_STEP][PASSED] - AllModifiedDate.add(a.getText()): null

2020-03-13 13:28:15 - [TEST_STEP][PASSED] - AllModifiedDate.add(a.getText()): null

2020-03-13 13:28:15 - [TEST_STEP][PASSED] - AllModifiedDate.add(a.getText()): null

2020-03-13 13:28:15 - [TEST_STEP][PASSED] - AllModifiedDate.add(a.getText()): null

2020-03-13 13:28:15 - [TEST_STEP][PASSED] - AllModifiedDate.add(a.getText()): null

2020-03-13 13:28:15 - [TEST_STEP][PASSED] - AllModifiedDate.add(a.getText()): null

2020-03-13 13:28:15 - [TEST_STEP][PASSED] - AllModifiedDate.add(a.getText()): null

2020-03-13 13:28:16 - [TEST_STEP][PASSED] - AllModifiedDate.add(a.getText()): null

2020-03-13 13:28:16 - [TEST_STEP][PASSED] - AllModifiedDate.add(a.getText()): null

2020-03-13 13:28:16 - [TEST_STEP][PASSED] - AllModifiedDate.add(a.getText()): null

2020-03-13 13:28:16 - [TEST_STEP][PASSED] - click(findTestObject("ROLES/Roles_page/Pagination/front_navigation")): Object: 'Object Repository/ROLES/Roles_page/Pagination/front_navigation' is clicked on

2020-03-13 13:28:16 - [MESSAGE][PASSED] - Object: 'Object Repository/ROLES/Roles_page/Pagination/front_navigation' is clicked on

2020-03-13 13:28:16 - [TEST_STEP][PASSED] - modifiedDate = findWebElements(findTestObject("ROLES/Roles_page/sorting/modified"), 2): null

2020-03-13 13:28:17 - [TEST_STEP][PASSED] - for (org.openqa.selenium.WebElement a : modifiedDate): null

2020-03-13 13:28:17 - [TEST_STEP][PASSED] - AllModifiedDate.add(a.getText()): null

2020-03-13 13:28:17 - [TEST_STEP][PASSED] - AllModifiedDate.add(a.getText()): null

2020-03-13 13:28:17 - [TEST_STEP][PASSED] - AllModifiedDate.add(a.getText()): null

2020-03-13 13:28:17 - [TEST_STEP][PASSED] - AllModifiedDate.add(a.getText()): null

2020-03-13 13:28:17 - [TEST_STEP][PASSED] - AllModifiedDate.add(a.getText()): null

2020-03-13 13:28:17 - [TEST_STEP][PASSED] - AllModifiedDate.add(a.getText()): null

2020-03-13 13:28:17 - [TEST_STEP][PASSED] - AllModifiedDate.add(a.getText()): null

2020-03-13 13:28:17 - [TEST_STEP][PASSED] - AllModifiedDate.add(a.getText()): null

2020-03-13 13:28:17 - [TEST_STEP][PASSED] - AllModifiedDate.add(a.getText()): null

2020-03-13 13:28:17 - [TEST_STEP][PASSED] - AllModifiedDate.add(a.getText()): null

2020-03-13 13:28:17 - [TEST_STEP][PASSED] - click(findTestObject("ROLES/Roles_page/Pagination/front_navigation")): Object: 'Object Repository/ROLES/Roles_page/Pagination/front_navigation' is clicked on

2020-03-13 13:28:18 - [MESSAGE][PASSED] - Object: 'Object Repository/ROLES/Roles_page/Pagination/front_navigation' is clicked on

2020-03-13 13:28:18 - [TEST_STEP][PASSED] - modifiedDate = findWebElements(findTestObject("ROLES/Roles_page/sorting/modified"), 2): null

2020-03-13 13:28:19 - [TEST_STEP][PASSED] - for (org.openqa.selenium.WebElement a : modifiedDate): null

2020-03-13 13:28:19 - [TEST_STEP][PASSED] - AllModifiedDate.add(a.getText()): null

2020-03-13 13:28:19 - [TEST_STEP][PASSED] - AllModifiedDate.add(a.getText()): null

2020-03-13 13:28:19 - [TEST_STEP][PASSED] - AllModifiedDate.add(a.getText()): null

2020-03-13 13:28:19 - [TEST_STEP][PASSED] - AllModifiedDate.add(a.getText()): null

2020-03-13 13:28:19 - [TEST_STEP][PASSED] - AllModifiedDate.add(a.getText()): null

2020-03-13 13:28:19 - [TEST_STEP][PASSED] - AllModifiedDate.add(a.getText()): null

2020-03-13 13:28:19 - [TEST_STEP][PASSED] - AllModifiedDate.add(a.getText()): null

2020-03-13 13:28:19 - [TEST_STEP][PASSED] - AllModifiedDate.add(a.getText()): null

2020-03-13 13:28:19 - [TEST_STEP][PASSED] - AllModifiedDate.add(a.getText()): null

2020-03-13 13:28:19 - [TEST_STEP][PASSED] - AllModifiedDate.add(a.getText()): null

2020-03-13 13:28:19 - [TEST_STEP][PASSED] - click(findTestObject("ROLES/Roles_page/Pagination/front_navigation")): Object: 'Object Repository/ROLES/Roles_page/Pagination/front_navigation' is clicked on

2020-03-13 13:28:19 - [MESSAGE][PASSED] - Object: 'Object Repository/ROLES/Roles_page/Pagination/front_navigation' is clicked on

2020-03-13 13:28:19 - [TEST_STEP][PASSED] - modifiedDate = findWebElements(findTestObject("ROLES/Roles_page/sorting/modified"), 2): null

2020-03-13 13:28:21 - [TEST_STEP][PASSED] - for (org.openqa.selenium.WebElement a : modifiedDate): null

2020-03-13 13:28:21 - [TEST_STEP][PASSED] - AllModifiedDate.add(a.getText()): null

2020-03-13 13:28:21 - [TEST_STEP][PASSED] - AllModifiedDate.add(a.getText()): null

2020-03-13 13:28:21 - [TEST_STEP][PASSED] - AllModifiedDate.add(a.getText()): null

2020-03-13 13:28:21 - [TEST_STEP][PASSED] - AllModifiedDate.add(a.getText()): null

2020-03-13 13:28:21 - [TEST_STEP][PASSED] - AllModifiedDate.add(a.getText()): null

2020-03-13 13:28:21 - [TEST_STEP][PASSED] - AllModifiedDate.add(a.getText()): null

2020-03-13 13:28:21 - [TEST_STEP][PASSED] - AllModifiedDate.add(a.getText()): null

2020-03-13 13:28:21 - [TEST_STEP][PASSED] - AllModifiedDate.add(a.getText()): null

2020-03-13 13:28:21 - [TEST_STEP][PASSED] - AllModifiedDate.add(a.getText()): null

2020-03-13 13:28:21 - [TEST_STEP][PASSED] - AllModifiedDate.add(a.getText()): null

2020-03-13 13:28:21 - [TEST_STEP][PASSED] - click(findTestObject("ROLES/Roles_page/Pagination/front_navigation")): Object: 'Object Repository/ROLES/Roles_page/Pagination/front_navigation' is clicked on

2020-03-13 13:28:21 - [MESSAGE][PASSED] - Object: 'Object Repository/ROLES/Roles_page/Pagination/front_navigation' is clicked on

2020-03-13 13:28:21 - [TEST_STEP][PASSED] - modifiedDate = findWebElements(findTestObject("ROLES/Roles_page/sorting/modified"), 2): null

2020-03-13 13:28:22 - [TEST_STEP][PASSED] - for (org.openqa.selenium.WebElement a : modifiedDate): null

2020-03-13 13:28:22 - [TEST_STEP][PASSED] - AllModifiedDate.add(a.getText()): null

2020-03-13 13:28:22 - [TEST_STEP][PASSED] - AllModifiedDate.add(a.getText()): null

2020-03-13 13:28:22 - [TEST_STEP][PASSED] - AllModifiedDate.add(a.getText()): null

2020-03-13 13:28:22 - [TEST_STEP][PASSED] - AllModifiedDate.add(a.getText()): null

2020-03-13 13:28:22 - [TEST_STEP][PASSED] - AllModifiedDate.add(a.getText()): null

2020-03-13 13:28:22 - [TEST_STEP][PASSED] - AllModifiedDate.add(a.getText()): null

2020-03-13 13:28:22 - [TEST_STEP][PASSED] - AllModifiedDate.add(a.getText()): null

2020-03-13 13:28:22 - [TEST_STEP][PASSED] - AllModifiedDate.add(a.getText()): null

2020-03-13 13:28:22 - [TEST_STEP][PASSED] - AllModifiedDate.add(a.getText()): null

2020-03-13 13:28:22 - [TEST_STEP][PASSED] - AllModifiedDate.add(a.getText()): null

2020-03-13 13:28:23 - [TEST_STEP][PASSED] - click(findTestObject("ROLES/Roles_page/Pagination/front_navigation")): Object: 'Object Repository/ROLES/Roles_page/Pagination/front_navigation' is clicked on

2020-03-13 13:28:23 - [MESSAGE][PASSED] - Object: 'Object Repository/ROLES/Roles_page/Pagination/front_navigation' is clicked on

2020-03-13 13:28:23 - [TEST_STEP][PASSED] - modifiedDate = findWebElements(findTestObject("ROLES/Roles_page/sorting/modified"), 2): null

2020-03-13 13:28:24 - [TEST_STEP][PASSED] - for (org.openqa.selenium.WebElement a : modifiedDate): null

2020-03-13 13:28:24 - [TEST_STEP][PASSED] - AllModifiedDate.add(a.getText()): null

2020-03-13 13:28:24 - [TEST_STEP][PASSED] - click(findTestObject("ROLES/Roles_page/Pagination/front_navigation")): Object: 'Object Repository/ROLES/Roles_page/Pagination/front_navigation' is clicked on

2020-03-13 13:28:27 - [MESSAGE][PASSED] - Object: 'Object Repository/ROLES/Roles_page/Pagination/front_navigation' is clicked on

2020-03-13 13:28:27 - [TEST_STEP][PASSED] - if (j == 1): Text 'BACK_SPACE + BACK_SPACE + ENTER + 1' is set on object 'Object Repository/ROLES/Roles_page/Pagination/input_Page_form-control'

2020-03-13 13:28:27 - [TEST_STEP][PASSED] - isSorted = web.CustomKeyword.checkListDescending(AllModifiedDate): web.CustomKeyword.checkListDescending is PASSED

2020-03-13 13:28:27 - [MESSAGE][PASSED] - web.CustomKeyword.checkListDescending is PASSED

2020-03-13 13:28:27 - [TEST_STEP][PASSED] - println(AllModifiedDate.size()): null

2020-03-13 13:28:27 - [TEST_STEP][PASSED] - println(AllModifiedDate): null

2020-03-13 13:28:27 - [TEST_STEP][PASSED] - verifyEqual(isSorted, true): Actual object 'true' and expected object 'true' are equal

2020-03-13 13:28:27 - [MESSAGE][PASSED] - Actual object 'true' and expected object 'true' are equal

2020-03-13 13:28:27 - [TEST_STEP][PASSED] - clearText(findTestObject("Object Repository/ROLES/Roles_page/Pagination/input_Page_form-control")): Text of object 'Object Repository/ROLES/Roles_page/Pagination/input_Page_form-control' is cleared

2020-03-13 13:28:27 - [MESSAGE][PASSED] - Text of object 'Object Repository/ROLES/Roles_page/Pagination/input_Page_form-control' is cleared

2020-03-13 13:28:27 - [TEST_STEP][PASSED] - setText(findTestObject("Object Repository/ROLES/Roles_page/Pagination/input_Page_form-control"), BACK_SPACE + BACK_SPACE + "1" + ENTER): Text 'BACK_SPACE + BACK_SPACE + ENTER + 1' is set on object 'Object Repository/ROLES/Roles_page/Pagination/input_Page_form-control'

2020-03-13 13:28:27 - [MESSAGE][PASSED] - Text 'BACK_SPACE + BACK_SPACE + ENTER + 1' is set on object 'Object Repository/ROLES/Roles_page/Pagination/input_Page_form-control'

2020-03-13 13:28:27 - [TEST_STEP][PASSED] - if (j == 2): null

2020-03-13 13:28:27 - [TEST_STEP][PASSED] - click(findTestObject("ROLES/Roles_page/sorting/Modified_header")): Object: 'Object Repository/ROLES/Roles_page/sorting/Modified_header' is clicked on

2020-03-13 13:28:28 - [MESSAGE][PASSED] - Object: 'Object Repository/ROLES/Roles_page/sorting/Modified_header' is clicked on

2020-03-13 13:28:28 - [TEST_STEP][PASSED] - modifiedDate = <not implemented yet for class: org.codehaus.groovy.ast.expr.EmptyExpression>: null

2020-03-13 13:28:28 - [TEST_STEP][PASSED] - AllModifiedDate = new java.util.ArrayList(): null

2020-03-13 13:28:28 - [TEST_STEP][PASSED] - for ([i = 1, i <= noOfPages, (i++)]): Object: 'Object Repository/ROLES/Roles_page/Pagination/front_navigation' is clicked on

2020-03-13 13:28:28 - [TEST_STEP][PASSED] - modifiedDate = findWebElements(findTestObject("ROLES/Roles_page/sorting/modified"), 2): null

2020-03-13 13:28:29 - [TEST_STEP][PASSED] - for (org.openqa.selenium.WebElement a : modifiedDate): null

2020-03-13 13:28:29 - [TEST_STEP][PASSED] - AllModifiedDate.add(a.getText()): null

2020-03-13 13:28:29 - [TEST_STEP][PASSED] - AllModifiedDate.add(a.getText()): null

2020-03-13 13:28:29 - [TEST_STEP][PASSED] - AllModifiedDate.add(a.getText()): null

2020-03-13 13:28:29 - [TEST_STEP][PASSED] - AllModifiedDate.add(a.getText()): null

2020-03-13 13:28:29 - [TEST_STEP][PASSED] - AllModifiedDate.add(a.getText()): null

2020-03-13 13:28:29 - [TEST_STEP][PASSED] - AllModifiedDate.add(a.getText()): null

2020-03-13 13:28:29 - [TEST_STEP][PASSED] - AllModifiedDate.add(a.getText()): null

2020-03-13 13:28:29 - [TEST_STEP][PASSED] - AllModifiedDate.add(a.getText()): null

2020-03-13 13:28:30 - [TEST_STEP][PASSED] - AllModifiedDate.add(a.getText()): null

2020-03-13 13:28:30 - [TEST_STEP][PASSED] - AllModifiedDate.add(a.getText()): null

2020-03-13 13:28:30 - [TEST_STEP][PASSED] - click(findTestObject("ROLES/Roles_page/Pagination/front_navigation")): Object: 'Object Repository/ROLES/Roles_page/Pagination/front_navigation' is clicked on

2020-03-13 13:28:30 - [MESSAGE][PASSED] - Object: 'Object Repository/ROLES/Roles_page/Pagination/front_navigation' is clicked on

2020-03-13 13:28:30 - [TEST_STEP][PASSED] - modifiedDate = findWebElements(findTestObject("ROLES/Roles_page/sorting/modified"), 2): null

2020-03-13 13:28:32 - [TEST_STEP][PASSED] - for (org.openqa.selenium.WebElement a : modifiedDate): null

2020-03-13 13:28:32 - [TEST_STEP][PASSED] - AllModifiedDate.add(a.getText()): null

2020-03-13 13:28:32 - [TEST_STEP][PASSED] - AllModifiedDate.add(a.getText()): null

2020-03-13 13:28:32 - [TEST_STEP][PASSED] - AllModifiedDate.add(a.getText()): null

2020-03-13 13:28:32 - [TEST_STEP][PASSED] - AllModifiedDate.add(a.getText()): null

2020-03-13 13:28:32 - [TEST_STEP][PASSED] - AllModifiedDate.add(a.getText()): null

2020-03-13 13:28:32 - [TEST_STEP][PASSED] - AllModifiedDate.add(a.getText()): null

2020-03-13 13:28:33 - [TEST_STEP][PASSED] - AllModifiedDate.add(a.getText()): null

2020-03-13 13:28:33 - [TEST_STEP][PASSED] - AllModifiedDate.add(a.getText()): null

2020-03-13 13:28:33 - [TEST_STEP][PASSED] - AllModifiedDate.add(a.getText()): null

2020-03-13 13:28:33 - [TEST_STEP][PASSED] - AllModifiedDate.add(a.getText()): null

2020-03-13 13:28:33 - [TEST_STEP][PASSED] - click(findTestObject("ROLES/Roles_page/Pagination/front_navigation")): Object: 'Object Repository/ROLES/Roles_page/Pagination/front_navigation' is clicked on

2020-03-13 13:28:33 - [MESSAGE][PASSED] - Object: 'Object Repository/ROLES/Roles_page/Pagination/front_navigation' is clicked on

2020-03-13 13:28:33 - [TEST_STEP][PASSED] - modifiedDate = findWebElements(findTestObject("ROLES/Roles_page/sorting/modified"), 2): null

2020-03-13 13:28:34 - [TEST_STEP][PASSED] - for (org.openqa.selenium.WebElement a : modifiedDate): null

2020-03-13 13:28:34 - [TEST_STEP][PASSED] - AllModifiedDate.add(a.getText()): null

2020-03-13 13:28:34 - [TEST_STEP][PASSED] - AllModifiedDate.add(a.getText()): null

2020-03-13 13:28:34 - [TEST_STEP][PASSED] - AllModifiedDate.add(a.getText()): null

2020-03-13 13:28:34 - [TEST_STEP][PASSED] - AllModifiedDate.add(a.getText()): null

2020-03-13 13:28:34 - [TEST_STEP][PASSED] - AllModifiedDate.add(a.getText()): null

2020-03-13 13:28:34 - [TEST_STEP][PASSED] - AllModifiedDate.add(a.getText()): null

2020-03-13 13:28:34 - [TEST_STEP][PASSED] - AllModifiedDate.add(a.getText()): null

2020-03-13 13:28:34 - [TEST_STEP][PASSED] - AllModifiedDate.add(a.getText()): null

2020-03-13 13:28:34 - [TEST_STEP][PASSED] - AllModifiedDate.add(a.getText()): null

2020-03-13 13:28:34 - [TEST_STEP][PASSED] - AllModifiedDate.add(a.getText()): null

2020-03-13 13:28:34 - [TEST_STEP][PASSED] - click(findTestObject("ROLES/Roles_page/Pagination/front_navigation")): Object: 'Object Repository/ROLES/Roles_page/Pagination/front_navigation' is clicked on

2020-03-13 13:28:35 - [MESSAGE][PASSED] - Object: 'Object Repository/ROLES/Roles_page/Pagination/front_navigation' is clicked on

2020-03-13 13:28:35 - [TEST_STEP][PASSED] - modifiedDate = findWebElements(findTestObject("ROLES/Roles_page/sorting/modified"), 2): null

2020-03-13 13:28:36 - [TEST_STEP][PASSED] - for (org.openqa.selenium.WebElement a : modifiedDate): null

2020-03-13 13:28:36 - [TEST_STEP][PASSED] - AllModifiedDate.add(a.getText()): null

2020-03-13 13:28:36 - [TEST_STEP][PASSED] - AllModifiedDate.add(a.getText()): null

2020-03-13 13:28:36 - [TEST_STEP][PASSED] - AllModifiedDate.add(a.getText()): null

2020-03-13 13:28:36 - [TEST_STEP][PASSED] - AllModifiedDate.add(a.getText()): null

2020-03-13 13:28:36 - [TEST_STEP][PASSED] - AllModifiedDate.add(a.getText()): null

2020-03-13 13:28:36 - [TEST_STEP][PASSED] - AllModifiedDate.add(a.getText()): null

2020-03-13 13:28:36 - [TEST_STEP][PASSED] - AllModifiedDate.add(a.getText()): null

2020-03-13 13:28:36 - [TEST_STEP][PASSED] - AllModifiedDate.add(a.getText()): null

2020-03-13 13:28:36 - [TEST_STEP][PASSED] - AllModifiedDate.add(a.getText()): null

2020-03-13 13:28:36 - [TEST_STEP][PASSED] - AllModifiedDate.add(a.getText()): null

2020-03-13 13:28:36 - [TEST_STEP][PASSED] - click(findTestObject("ROLES/Roles_page/Pagination/front_navigation")): Object: 'Object Repository/ROLES/Roles_page/Pagination/front_navigation' is clicked on

2020-03-13 13:28:37 - [MESSAGE][PASSED] - Object: 'Object Repository/ROLES/Roles_page/Pagination/front_navigation' is clicked on

2020-03-13 13:28:37 - [TEST_STEP][PASSED] - modifiedDate = findWebElements(findTestObject("ROLES/Roles_page/sorting/modified"), 2): null

2020-03-13 13:28:37 - [TEST_STEP][PASSED] - for (org.openqa.selenium.WebElement a : modifiedDate): null

2020-03-13 13:28:37 - [TEST_STEP][PASSED] - AllModifiedDate.add(a.getText()): null

2020-03-13 13:28:38 - [TEST_STEP][PASSED] - AllModifiedDate.add(a.getText()): null

2020-03-13 13:28:38 - [TEST_STEP][PASSED] - AllModifiedDate.add(a.getText()): null

2020-03-13 13:28:38 - [TEST_STEP][PASSED] - AllModifiedDate.add(a.getText()): null

2020-03-13 13:28:38 - [TEST_STEP][PASSED] - AllModifiedDate.add(a.getText()): null

2020-03-13 13:28:38 - [TEST_STEP][PASSED] - AllModifiedDate.add(a.getText()): null

2020-03-13 13:28:38 - [TEST_STEP][PASSED] - AllModifiedDate.add(a.getText()): null

2020-03-13 13:28:38 - [TEST_STEP][PASSED] - AllModifiedDate.add(a.getText()): null

2020-03-13 13:28:38 - [TEST_STEP][PASSED] - AllModifiedDate.add(a.getText()): null

2020-03-13 13:28:38 - [TEST_STEP][PASSED] - AllModifiedDate.add(a.getText()): null

2020-03-13 13:28:38 - [TEST_STEP][PASSED] - click(findTestObject("ROLES/Roles_page/Pagination/front_navigation")): Object: 'Object Repository/ROLES/Roles_page/Pagination/front_navigation' is clicked on

2020-03-13 13:28:38 - [MESSAGE][PASSED] - Object: 'Object Repository/ROLES/Roles_page/Pagination/front_navigation' is clicked on

2020-03-13 13:28:38 - [TEST_STEP][PASSED] - modifiedDate = findWebElements(findTestObject("ROLES/Roles_page/sorting/modified"), 2): null

2020-03-13 13:28:39 - [TEST_STEP][PASSED] - for (org.openqa.selenium.WebElement a : modifiedDate): null

2020-03-13 13:28:39 - [TEST_STEP][PASSED] - AllModifiedDate.add(a.getText()): null

2020-03-13 13:28:39 - [TEST_STEP][PASSED] - AllModifiedDate.add(a.getText()): null

2020-03-13 13:28:39 - [TEST_STEP][PASSED] - AllModifiedDate.add(a.getText()): null

2020-03-13 13:28:40 - [TEST_STEP][PASSED] - AllModifiedDate.add(a.getText()): null

2020-03-13 13:28:40 - [TEST_STEP][PASSED] - AllModifiedDate.add(a.getText()): null

2020-03-13 13:28:40 - [TEST_STEP][PASSED] - AllModifiedDate.add(a.getText()): null

2020-03-13 13:28:40 - [TEST_STEP][PASSED] - AllModifiedDate.add(a.getText()): null

2020-03-13 13:28:40 - [TEST_STEP][PASSED] - AllModifiedDate.add(a.getText()): null

2020-03-13 13:28:40 - [TEST_STEP][PASSED] - AllModifiedDate.add(a.getText()): null

2020-03-13 13:28:40 - [TEST_STEP][PASSED] - AllModifiedDate.add(a.getText()): null

2020-03-13 13:28:40 - [TEST_STEP][PASSED] - click(findTestObject("ROLES/Roles_page/Pagination/front_navigation")): Object: 'Object Repository/ROLES/Roles_page/Pagination/front_navigation' is clicked on

2020-03-13 13:28:40 - [MESSAGE][PASSED] - Object: 'Object Repository/ROLES/Roles_page/Pagination/front_navigation' is clicked on

2020-03-13 13:28:40 - [TEST_STEP][PASSED] - modifiedDate = findWebElements(findTestObject("ROLES/Roles_page/sorting/modified"), 2): null

2020-03-13 13:28:41 - [TEST_STEP][PASSED] - for (org.openqa.selenium.WebElement a : modifiedDate): null

2020-03-13 13:28:41 - [TEST_STEP][PASSED] - AllModifiedDate.add(a.getText()): null

2020-03-13 13:28:41 - [TEST_STEP][PASSED] - AllModifiedDate.add(a.getText()): null

2020-03-13 13:28:41 - [TEST_STEP][PASSED] - AllModifiedDate.add(a.getText()): null

2020-03-13 13:28:41 - [TEST_STEP][PASSED] - AllModifiedDate.add(a.getText()): null

2020-03-13 13:28:41 - [TEST_STEP][PASSED] - AllModifiedDate.add(a.getText()): null

2020-03-13 13:28:41 - [TEST_STEP][PASSED] - AllModifiedDate.add(a.getText()): null

2020-03-13 13:28:41 - [TEST_STEP][PASSED] - AllModifiedDate.add(a.getText()): null

2020-03-13 13:28:41 - [TEST_STEP][PASSED] - AllModifiedDate.add(a.getText()): null

2020-03-13 13:28:41 - [TEST_STEP][PASSED] - AllModifiedDate.add(a.getText()): null

2020-03-13 13:28:41 - [TEST_STEP][PASSED] - AllModifiedDate.add(a.getText()): null

2020-03-13 13:28:41 - [TEST_STEP][PASSED] - click(findTestObject("ROLES/Roles_page/Pagination/front_navigation")): Object: 'Object Repository/ROLES/Roles_page/Pagination/front_navigation' is clicked on

2020-03-13 13:28:42 - [MESSAGE][PASSED] - Object: 'Object Repository/ROLES/Roles_page/Pagination/front_navigation' is clicked on

2020-03-13 13:28:42 - [TEST_STEP][PASSED] - modifiedDate = findWebElements(findTestObject("ROLES/Roles_page/sorting/modified"), 2): null

2020-03-13 13:28:43 - [TEST_STEP][PASSED] - for (org.openqa.selenium.WebElement a : modifiedDate): null

2020-03-13 13:28:43 - [TEST_STEP][PASSED] - AllModifiedDate.add(a.getText()): null

2020-03-13 13:28:43 - [TEST_STEP][PASSED] - AllModifiedDate.add(a.getText()): null

2020-03-13 13:28:43 - [TEST_STEP][PASSED] - AllModifiedDate.add(a.getText()): null

2020-03-13 13:28:43 - [TEST_STEP][PASSED] - AllModifiedDate.add(a.getText()): null

2020-03-13 13:28:43 - [TEST_STEP][PASSED] - AllModifiedDate.add(a.getText()): null

2020-03-13 13:28:43 - [TEST_STEP][PASSED] - AllModifiedDate.add(a.getText()): null

2020-03-13 13:28:43 - [TEST_STEP][PASSED] - AllModifiedDate.add(a.getText()): null

2020-03-13 13:28:43 - [TEST_STEP][PASSED] - AllModifiedDate.add(a.getText()): null

2020-03-13 13:28:43 - [TEST_STEP][PASSED] - AllModifiedDate.add(a.getText()): null

2020-03-13 13:28:43 - [TEST_STEP][PASSED] - AllModifiedDate.add(a.getText()): null

2020-03-13 13:28:43 - [TEST_STEP][PASSED] - click(findTestObject("ROLES/Roles_page/Pagination/front_navigation")): Object: 'Object Repository/ROLES/Roles_page/Pagination/front_navigation' is clicked on

2020-03-13 13:28:43 - [MESSAGE][PASSED] - Object: 'Object Repository/ROLES/Roles_page/Pagination/front_navigation' is clicked on

2020-03-13 13:28:43 - [TEST_STEP][PASSED] - modifiedDate = findWebElements(findTestObject("ROLES/Roles_page/sorting/modified"), 2): null

2020-03-13 13:28:44 - [TEST_STEP][PASSED] - for (org.openqa.selenium.WebElement a : modifiedDate): null

2020-03-13 13:28:44 - [TEST_STEP][PASSED] - AllModifiedDate.add(a.getText()): null

2020-03-13 13:28:44 - [TEST_STEP][PASSED] - AllModifiedDate.add(a.getText()): null

2020-03-13 13:28:44 - [TEST_STEP][PASSED] - AllModifiedDate.add(a.getText()): null

2020-03-13 13:28:44 - [TEST_STEP][PASSED] - AllModifiedDate.add(a.getText()): null

2020-03-13 13:28:44 - [TEST_STEP][PASSED] - AllModifiedDate.add(a.getText()): null

2020-03-13 13:28:44 - [TEST_STEP][PASSED] - AllModifiedDate.add(a.getText()): null

2020-03-13 13:28:44 - [TEST_STEP][PASSED] - AllModifiedDate.add(a.getText()): null

2020-03-13 13:28:44 - [TEST_STEP][PASSED] - AllModifiedDate.add(a.getText()): null

2020-03-13 13:28:44 - [TEST_STEP][PASSED] - AllModifiedDate.add(a.getText()): null

2020-03-13 13:28:44 - [TEST_STEP][PASSED] - AllModifiedDate.add(a.getText()): null

2020-03-13 13:28:44 - [TEST_STEP][PASSED] - click(findTestObject("ROLES/Roles_page/Pagination/front_navigation")): Object: 'Object Repository/ROLES/Roles_page/Pagination/front_navigation' is clicked on

2020-03-13 13:28:45 - [MESSAGE][PASSED] - Object: 'Object Repository/ROLES/Roles_page/Pagination/front_navigation' is clicked on

2020-03-13 13:28:45 - [TEST_STEP][PASSED] - modifiedDate = findWebElements(findTestObject("ROLES/Roles_page/sorting/modified"), 2): null

2020-03-13 13:28:46 - [TEST_STEP][PASSED] - for (org.openqa.selenium.WebElement a : modifiedDate): null

2020-03-13 13:28:46 - [TEST_STEP][PASSED] - AllModifiedDate.add(a.getText()): null

2020-03-13 13:28:46 - [TEST_STEP][PASSED] - AllModifiedDate.add(a.getText()): null

2020-03-13 13:28:46 - [TEST_STEP][PASSED] - AllModifiedDate.add(a.getText()): null

2020-03-13 13:28:46 - [TEST_STEP][PASSED] - AllModifiedDate.add(a.getText()): null

2020-03-13 13:28:46 - [TEST_STEP][PASSED] - AllModifiedDate.add(a.getText()): null

2020-03-13 13:28:46 - [TEST_STEP][PASSED] - AllModifiedDate.add(a.getText()): null

2020-03-13 13:28:46 - [TEST_STEP][PASSED] - AllModifiedDate.add(a.getText()): null

2020-03-13 13:28:46 - [TEST_STEP][PASSED] - AllModifiedDate.add(a.getText()): null

2020-03-13 13:28:46 - [TEST_STEP][PASSED] - AllModifiedDate.add(a.getText()): null

2020-03-13 13:28:46 - [TEST_STEP][PASSED] - AllModifiedDate.add(a.getText()): null

2020-03-13 13:28:46 - [TEST_STEP][PASSED] - click(findTestObject("ROLES/Roles_page/Pagination/front_navigation")): Object: 'Object Repository/ROLES/Roles_page/Pagination/front_navigation' is clicked on

2020-03-13 13:28:46 - [MESSAGE][PASSED] - Object: 'Object Repository/ROLES/Roles_page/Pagination/front_navigation' is clicked on

2020-03-13 13:28:46 - [TEST_STEP][PASSED] - modifiedDate = findWebElements(findTestObject("ROLES/Roles_page/sorting/modified"), 2): null

2020-03-13 13:28:47 - [TEST_STEP][PASSED] - for (org.openqa.selenium.WebElement a : modifiedDate): null

2020-03-13 13:28:47 - [TEST_STEP][PASSED] - AllModifiedDate.add(a.getText()): null

2020-03-13 13:28:47 - [TEST_STEP][PASSED] - AllModifiedDate.add(a.getText()): null

2020-03-13 13:28:47 - [TEST_STEP][PASSED] - AllModifiedDate.add(a.getText()): null

2020-03-13 13:28:47 - [TEST_STEP][PASSED] - AllModifiedDate.add(a.getText()): null

2020-03-13 13:28:47 - [TEST_STEP][PASSED] - AllModifiedDate.add(a.getText()): null

2020-03-13 13:28:47 - [TEST_STEP][PASSED] - AllModifiedDate.add(a.getText()): null

2020-03-13 13:28:47 - [TEST_STEP][PASSED] - AllModifiedDate.add(a.getText()): null

2020-03-13 13:28:47 - [TEST_STEP][PASSED] - AllModifiedDate.add(a.getText()): null

2020-03-13 13:28:47 - [TEST_STEP][PASSED] - AllModifiedDate.add(a.getText()): null

2020-03-13 13:28:48 - [TEST_STEP][PASSED] - AllModifiedDate.add(a.getText()): null

2020-03-13 13:28:48 - [TEST_STEP][PASSED] - click(findTestObject("ROLES/Roles_page/Pagination/front_navigation")): Object: 'Object Repository/ROLES/Roles_page/Pagination/front_navigation' is clicked on

2020-03-13 13:28:48 - [MESSAGE][PASSED] - Object: 'Object Repository/ROLES/Roles_page/Pagination/front_navigation' is clicked on

2020-03-13 13:28:48 - [TEST_STEP][PASSED] - modifiedDate = findWebElements(findTestObject("ROLES/Roles_page/sorting/modified"), 2): null

2020-03-13 13:28:49 - [TEST_STEP][PASSED] - for (org.openqa.selenium.WebElement a : modifiedDate): null

2020-03-13 13:28:49 - [TEST_STEP][PASSED] - AllModifiedDate.add(a.getText()): null

2020-03-13 13:28:49 - [TEST_STEP][PASSED] - AllModifiedDate.add(a.getText()): null

2020-03-13 13:28:49 - [TEST_STEP][PASSED] - AllModifiedDate.add(a.getText()): null

2020-03-13 13:28:49 - [TEST_STEP][PASSED] - AllModifiedDate.add(a.getText()): null

2020-03-13 13:28:49 - [TEST_STEP][PASSED] - AllModifiedDate.add(a.getText()): null

2020-03-13 13:28:49 - [TEST_STEP][PASSED] - AllModifiedDate.add(a.getText()): null

2020-03-13 13:28:49 - [TEST_STEP][PASSED] - AllModifiedDate.add(a.getText()): null

2020-03-13 13:28:49 - [TEST_STEP][PASSED] - AllModifiedDate.add(a.getText()): null

2020-03-13 13:28:49 - [TEST_STEP][PASSED] - AllModifiedDate.add(a.getText()): null

2020-03-13 13:28:49 - [TEST_STEP][PASSED] - AllModifiedDate.add(a.getText()): null

2020-03-13 13:28:49 - [TEST_STEP][PASSED] - click(findTestObject("ROLES/Roles_page/Pagination/front_navigation")): Object: 'Object Repository/ROLES/Roles_page/Pagination/front_navigation' is clicked on

2020-03-13 13:28:50 - [MESSAGE][PASSED] - Object: 'Object Repository/ROLES/Roles_page/Pagination/front_navigation' is clicked on

2020-03-13 13:28:50 - [TEST_STEP][PASSED] - modifiedDate = findWebElements(findTestObject("ROLES/Roles_page/sorting/modified"), 2): null

2020-03-13 13:28:52 - [TEST_STEP][PASSED] - for (org.openqa.selenium.WebElement a : modifiedDate): null

2020-03-13 13:28:52 - [TEST_STEP][PASSED] - AllModifiedDate.add(a.getText()): null

2020-03-13 13:28:52 - [TEST_STEP][PASSED] - AllModifiedDate.add(a.getText()): null

2020-03-13 13:28:52 - [TEST_STEP][PASSED] - AllModifiedDate.add(a.getText()): null

2020-03-13 13:28:52 - [TEST_STEP][PASSED] - AllModifiedDate.add(a.getText()): null

2020-03-13 13:28:52 - [TEST_STEP][PASSED] - AllModifiedDate.add(a.getText()): null

2020-03-13 13:28:52 - [TEST_STEP][PASSED] - AllModifiedDate.add(a.getText()): null

2020-03-13 13:28:52 - [TEST_STEP][PASSED] - AllModifiedDate.add(a.getText()): null

2020-03-13 13:28:52 - [TEST_STEP][PASSED] - AllModifiedDate.add(a.getText()): null

2020-03-13 13:28:52 - [TEST_STEP][PASSED] - AllModifiedDate.add(a.getText()): null

2020-03-13 13:28:52 - [TEST_STEP][PASSED] - AllModifiedDate.add(a.getText()): null

2020-03-13 13:28:52 - [TEST_STEP][PASSED] - click(findTestObject("ROLES/Roles_page/Pagination/front_navigation")): Object: 'Object Repository/ROLES/Roles_page/Pagination/front_navigation' is clicked on

2020-03-13 13:28:53 - [MESSAGE][PASSED] - Object: 'Object Repository/ROLES/Roles_page/Pagination/front_navigation' is clicked on

2020-03-13 13:28:53 - [TEST_STEP][PASSED] - modifiedDate = findWebElements(findTestObject("ROLES/Roles_page/sorting/modified"), 2): null

2020-03-13 13:28:54 - [TEST_STEP][PASSED] - for (org.openqa.selenium.WebElement a : modifiedDate): null

2020-03-13 13:28:54 - [TEST_STEP][PASSED] - AllModifiedDate.add(a.getText()): null

2020-03-13 13:28:54 - [TEST_STEP][PASSED] - AllModifiedDate.add(a.getText()): null

2020-03-13 13:28:54 - [TEST_STEP][PASSED] - AllModifiedDate.add(a.getText()): null

2020-03-13 13:28:54 - [TEST_STEP][PASSED] - AllModifiedDate.add(a.getText()): null

2020-03-13 13:28:54 - [TEST_STEP][PASSED] - AllModifiedDate.add(a.getText()): null

2020-03-13 13:28:54 - [TEST_STEP][PASSED] - AllModifiedDate.add(a.getText()): null

2020-03-13 13:28:54 - [TEST_STEP][PASSED] - AllModifiedDate.add(a.getText()): null

2020-03-13 13:28:54 - [TEST_STEP][PASSED] - AllModifiedDate.add(a.getText()): null

2020-03-13 13:28:54 - [TEST_STEP][PASSED] - AllModifiedDate.add(a.getText()): null

2020-03-13 13:28:54 - [TEST_STEP][PASSED] - AllModifiedDate.add(a.getText()): null

2020-03-13 13:28:54 - [TEST_STEP][PASSED] - click(findTestObject("ROLES/Roles_page/Pagination/front_navigation")): Object: 'Object Repository/ROLES/Roles_page/Pagination/front_navigation' is clicked on

2020-03-13 13:28:54 - [MESSAGE][PASSED] - Object: 'Object Repository/ROLES/Roles_page/Pagination/front_navigation' is clicked on

2020-03-13 13:28:54 - [TEST_STEP][PASSED] - modifiedDate = findWebElements(findTestObject("ROLES/Roles_page/sorting/modified"), 2): null

2020-03-13 13:28:55 - [TEST_STEP][PASSED] - for (org.openqa.selenium.WebElement a : modifiedDate): null

2020-03-13 13:28:55 - [TEST_STEP][PASSED] - AllModifiedDate.add(a.getText()): null

2020-03-13 13:28:55 - [TEST_STEP][PASSED] - AllModifiedDate.add(a.getText()): null

2020-03-13 13:28:55 - [TEST_STEP][PASSED] - AllModifiedDate.add(a.getText()): null

2020-03-13 13:28:55 - [TEST_STEP][PASSED] - AllModifiedDate.add(a.getText()): null

2020-03-13 13:28:55 - [TEST_STEP][PASSED] - AllModifiedDate.add(a.getText()): null

2020-03-13 13:28:55 - [TEST_STEP][PASSED] - AllModifiedDate.add(a.getText()): null

2020-03-13 13:28:55 - [TEST_STEP][PASSED] - AllModifiedDate.add(a.getText()): null

2020-03-13 13:28:55 - [TEST_STEP][PASSED] - AllModifiedDate.add(a.getText()): null

2020-03-13 13:28:55 - [TEST_STEP][PASSED] - AllModifiedDate.add(a.getText()): null

2020-03-13 13:28:55 - [TEST_STEP][PASSED] - AllModifiedDate.add(a.getText()): null

2020-03-13 13:28:55 - [TEST_STEP][PASSED] - click(findTestObject("ROLES/Roles_page/Pagination/front_navigation")): Object: 'Object Repository/ROLES/Roles_page/Pagination/front_navigation' is clicked on

2020-03-13 13:28:56 - [MESSAGE][PASSED] - Object: 'Object Repository/ROLES/Roles_page/Pagination/front_navigation' is clicked on

2020-03-13 13:28:56 - [TEST_STEP][PASSED] - modifiedDate = findWebElements(findTestObject("ROLES/Roles_page/sorting/modified"), 2): null

2020-03-13 13:28:57 - [TEST_STEP][PASSED] - for (org.openqa.selenium.WebElement a : modifiedDate): null

2020-03-13 13:28:57 - [TEST_STEP][PASSED] - AllModifiedDate.add(a.getText()): null

2020-03-13 13:28:57 - [TEST_STEP][PASSED] - AllModifiedDate.add(a.getText()): null

2020-03-13 13:28:57 - [TEST_STEP][PASSED] - AllModifiedDate.add(a.getText()): null

2020-03-13 13:28:57 - [TEST_STEP][PASSED] - AllModifiedDate.add(a.getText()): null

2020-03-13 13:28:57 - [TEST_STEP][PASSED] - AllModifiedDate.add(a.getText()): null

2020-03-13 13:28:57 - [TEST_STEP][PASSED] - AllModifiedDate.add(a.getText()): null

2020-03-13 13:28:57 - [TEST_STEP][PASSED] - AllModifiedDate.add(a.getText()): null

2020-03-13 13:28:57 - [TEST_STEP][PASSED] - AllModifiedDate.add(a.getText()): null

2020-03-13 13:28:57 - [TEST_STEP][PASSED] - AllModifiedDate.add(a.getText()): null

2020-03-13 13:28:57 - [TEST_STEP][PASSED] - AllModifiedDate.add(a.getText()): null

2020-03-13 13:28:57 - [TEST_STEP][PASSED] - click(findTestObject("ROLES/Roles_page/Pagination/front_navigation")): Object: 'Object Repository/ROLES/Roles_page/Pagination/front_navigation' is clicked on

2020-03-13 13:28:57 - [MESSAGE][PASSED] - Object: 'Object Repository/ROLES/Roles_page/Pagination/front_navigation' is clicked on

2020-03-13 13:28:57 - [TEST_STEP][PASSED] - modifiedDate = findWebElements(findTestObject("ROLES/Roles_page/sorting/modified"), 2): null

2020-03-13 13:28:58 - [TEST_STEP][PASSED] - for (org.openqa.selenium.WebElement a : modifiedDate): null

2020-03-13 13:28:58 - [TEST_STEP][PASSED] - AllModifiedDate.add(a.getText()): null

2020-03-13 13:28:58 - [TEST_STEP][PASSED] - AllModifiedDate.add(a.getText()): null

2020-03-13 13:28:58 - [TEST_STEP][PASSED] - AllModifiedDate.add(a.getText()): null

2020-03-13 13:28:58 - [TEST_STEP][PASSED] - AllModifiedDate.add(a.getText()): null

2020-03-13 13:28:58 - [TEST_STEP][PASSED] - AllModifiedDate.add(a.getText()): null

2020-03-13 13:28:58 - [TEST_STEP][PASSED] - AllModifiedDate.add(a.getText()): null

2020-03-13 13:28:58 - [TEST_STEP][PASSED] - AllModifiedDate.add(a.getText()): null

2020-03-13 13:28:58 - [TEST_STEP][PASSED] - AllModifiedDate.add(a.getText()): null

2020-03-13 13:28:58 - [TEST_STEP][PASSED] - AllModifiedDate.add(a.getText()): null

2020-03-13 13:28:58 - [TEST_STEP][PASSED] - AllModifiedDate.add(a.getText()): null

2020-03-13 13:28:59 - [TEST_STEP][PASSED] - click(findTestObject("ROLES/Roles_page/Pagination/front_navigation")): Object: 'Object Repository/ROLES/Roles_page/Pagination/front_navigation' is clicked on

2020-03-13 13:28:59 - [MESSAGE][PASSED] - Object: 'Object Repository/ROLES/Roles_page/Pagination/front_navigation' is clicked on

2020-03-13 13:28:59 - [TEST_STEP][PASSED] - modifiedDate = findWebElements(findTestObject("ROLES/Roles_page/sorting/modified"), 2): null

2020-03-13 13:29:00 - [TEST_STEP][PASSED] - for (org.openqa.selenium.WebElement a : modifiedDate): null

2020-03-13 13:29:00 - [TEST_STEP][PASSED] - AllModifiedDate.add(a.getText()): null

2020-03-13 13:29:00 - [TEST_STEP][PASSED] - click(findTestObject("ROLES/Roles_page/Pagination/front_navigation")): Object: 'Object Repository/ROLES/Roles_page/Pagination/front_navigation' is clicked on

2020-03-13 13:29:03 - [MESSAGE][PASSED] - Object: 'Object Repository/ROLES/Roles_page/Pagination/front_navigation' is clicked on

2020-03-13 13:29:03 - [TEST_STEP][PASSED] - if (j == 1): null

2020-03-13 13:29:03 - [TEST_STEP][PASSED] - if (j == 2): Actual object 'true' and expected object 'true' are equal

2020-03-13 13:29:03 - [TEST_STEP][PASSED] - isSorted = web.CustomKeyword.checkListAscendingOrder(AllModifiedDate): web.CustomKeyword.checkListAscendingOrder is PASSED

2020-03-13 13:29:03 - [MESSAGE][PASSED] - web.CustomKeyword.checkListAscendingOrder is PASSED

2020-03-13 13:29:03 - [TEST_STEP][PASSED] - println(AllModifiedDate.size()): null

2020-03-13 13:29:03 - [TEST_STEP][PASSED] - println(AllModifiedDate): null

2020-03-13 13:29:03 - [TEST_STEP][PASSED] - verifyEqual(isSorted, true): Actual object 'true' and expected object 'true' are equal

2020-03-13 13:29:03 - [MESSAGE][PASSED] - Actual object 'true' and expected object 'true' are equal

2020-03-13 13:29:03 - [TEST_STEP][PASSED] - clearText(findTestObject("Object Repository/ROLES/Roles_page/Pagination/input_Page_form-control")): Text of object 'Object Repository/ROLES/Roles_page/Pagination/input_Page_form-control' is cleared

2020-03-13 13:29:03 - [MESSAGE][PASSED] - Text of object 'Object Repository/ROLES/Roles_page/Pagination/input_Page_form-control' is cleared

2020-03-13 13:29:03 - [TEST_STEP][PASSED] - setText(findTestObject("Object Repository/ROLES/Roles_page/Pagination/input_Page_form-control"), BACK_SPACE + BACK_SPACE + "1" + ENTER): Text 'BACK_SPACE + BACK_SPACE + ENTER + 1' is set on object 'Object Repository/ROLES/Roles_page/Pagination/input_Page_form-control'

2020-03-13 13:29:04 - [MESSAGE][PASSED] - Text 'BACK_SPACE + BACK_SPACE + ENTER + 1' is set on object 'Object Repository/ROLES/Roles_page/Pagination/input_Page_form-control'

2020-03-13 13:29:04 - [TEST_STEP][PASSED] - Start listener action : sampleAfterTestCase: null

2020-03-13 13:29:04 - [TEST_STEP][PASSED] - println(testCaseContext.getTestCaseId()): null

2020-03-13 13:29:04 - [TEST_STEP][PASSED] - println(testCaseContext.getTestCaseStatus()): null

2020-03-13 13:29:04 - [TEST_STEP][PASSED] - println("On Failure Method is Calling : " + testCaseContext.getTestCaseStatus()): null

2020-03-13 13:29:04 - [TEST_STEP][PASSED] - if (!(getTestCaseStatus().equalsIgnoreCase("PASSED"))): null]]></system-out>
         <system-err><![CDATA[]]></system-err>
      </testcase>
      <testcase name="Test Cases/Atlas Platform/Configuration Management/Platform Management/ROLES/Role Listing Grid/RLG-009 Verify sorting by No of Users" time="68.651" classname="Test Cases/Atlas Platform/Configuration Management/Platform Management/ROLES/Role Listing Grid/RLG-009 Verify sorting by No of Users" status="PASSED">
         <system-out><![CDATA[2020-03-13 13:29:06 - [TEST_CASE][PASSED] - Test Cases/Atlas Platform/Configuration Management/Platform Management/ROLES/Role Listing Grid/RLG-009 Verify sorting by No of Users: Test Cases/Atlas Platform/Configuration Management/Platform Management/ROLES/Role Listing Grid/RLG-009 Verify sorting by No of Users

2020-03-13 13:29:07 - [TEST_STEP][NOT_RUN] - callTestCase(findTestCase("Atlas Platform/Platform Navigation/Login/Default Logins/Default_Login_as_Root Admin"), ["Email":findTestData("AMP_Y").getValue(1, 1), "Password":findTestData("AMP_Y").getValue(2, 1), "dashboard_exp_title":""], CONTINUE_ON_FAILURE): NOT_RUN: callTestCase(findTestCase("Atlas Platform/Platform Navigation/Login/Default Logins/Default_Login_as_Root Admin"), ["Email":findTestData("AMP_Y").getValue(1, 1), "Password":findTestData("AMP_Y").getValue(2, 1), "dashboard_exp_title":""], CONTINUE_ON_FAILURE)

2020-03-13 13:29:07 - [MESSAGE][NOT_RUN] - NOT_RUN: callTestCase(findTestCase("Atlas Platform/Platform Navigation/Login/Default Logins/Default_Login_as_Root Admin"), ["Email":findTestData("AMP_Y").getValue(1, 1), "Password":findTestData("AMP_Y").getValue(2, 1), "dashboard_exp_title":""], CONTINUE_ON_FAILURE)

2020-03-13 13:29:07 - [TEST_STEP][PASSED] - driver = getWebDriver(): null

2020-03-13 13:29:07 - [TEST_STEP][NOT_RUN] - click(findTestObject("ROLES/Role_Navigation/a_ADMIN")): NOT_RUN: click(findTestObject("ROLES/Role_Navigation/a_ADMIN"))

2020-03-13 13:29:07 - [MESSAGE][NOT_RUN] - NOT_RUN: click(findTestObject("ROLES/Role_Navigation/a_ADMIN"))

2020-03-13 13:29:07 - [TEST_STEP][PASSED] - noOfPages_text = getText(findTestObject("ROLES/Roles_page/Pagination/label_of 10")): Text of object 'Object Repository/ROLES/Roles_page/Pagination/label_of 10' is: 'of 18'

2020-03-13 13:29:07 - [MESSAGE][PASSED] - Text of object 'Object Repository/ROLES/Roles_page/Pagination/label_of 10' is: 'of 18'

2020-03-13 13:29:07 - [TEST_STEP][PASSED] - noOfPages = Integer.parseInt(noOfPages_text.substring(3)): null

2020-03-13 13:29:07 - [TEST_STEP][PASSED] - println(noOfPages): null

2020-03-13 13:29:07 - [TEST_STEP][PASSED] - for ([j = 1, j < 3, (j++)]): Actual object 'true' and expected object 'true' are equal

2020-03-13 13:29:07 - [TEST_STEP][PASSED] - click(findTestObject("ROLES/Roles_page/sorting/No.Users_header")): Object: 'Object Repository/ROLES/Roles_page/sorting/No.Users_header' is clicked on

2020-03-13 13:29:07 - [MESSAGE][PASSED] - Object: 'Object Repository/ROLES/Roles_page/sorting/No.Users_header' is clicked on

2020-03-13 13:29:07 - [TEST_STEP][PASSED] - NoOfUsers = <not implemented yet for class: org.codehaus.groovy.ast.expr.EmptyExpression>: null

2020-03-13 13:29:07 - [TEST_STEP][PASSED] - AllNoOfUsers = new java.util.ArrayList(): null

2020-03-13 13:29:07 - [TEST_STEP][PASSED] - for ([i = 1, i <= noOfPages, (i++)]): Object: 'Object Repository/ROLES/Roles_page/Pagination/front_navigation' is clicked on

2020-03-13 13:29:07 - [TEST_STEP][PASSED] - NoOfUsers = findWebElements(findTestObject("ROLES/Roles_page/sorting/No.Users"), 2): null

2020-03-13 13:29:08 - [TEST_STEP][PASSED] - for (org.openqa.selenium.WebElement a : NoOfUsers): null

2020-03-13 13:29:08 - [TEST_STEP][PASSED] - AllNoOfUsers.add(getText().toLowerCase()): null

2020-03-13 13:29:08 - [TEST_STEP][PASSED] - AllNoOfUsers.add(getText().toLowerCase()): null

2020-03-13 13:29:08 - [TEST_STEP][PASSED] - AllNoOfUsers.add(getText().toLowerCase()): null

2020-03-13 13:29:08 - [TEST_STEP][PASSED] - AllNoOfUsers.add(getText().toLowerCase()): null

2020-03-13 13:29:08 - [TEST_STEP][PASSED] - AllNoOfUsers.add(getText().toLowerCase()): null

2020-03-13 13:29:08 - [TEST_STEP][PASSED] - AllNoOfUsers.add(getText().toLowerCase()): null

2020-03-13 13:29:08 - [TEST_STEP][PASSED] - AllNoOfUsers.add(getText().toLowerCase()): null

2020-03-13 13:29:08 - [TEST_STEP][PASSED] - AllNoOfUsers.add(getText().toLowerCase()): null

2020-03-13 13:29:08 - [TEST_STEP][PASSED] - AllNoOfUsers.add(getText().toLowerCase()): null

2020-03-13 13:29:08 - [TEST_STEP][PASSED] - AllNoOfUsers.add(getText().toLowerCase()): null

2020-03-13 13:29:08 - [TEST_STEP][PASSED] - click(findTestObject("ROLES/Roles_page/Pagination/front_navigation")): Object: 'Object Repository/ROLES/Roles_page/Pagination/front_navigation' is clicked on

2020-03-13 13:29:09 - [MESSAGE][PASSED] - Object: 'Object Repository/ROLES/Roles_page/Pagination/front_navigation' is clicked on

2020-03-13 13:29:09 - [TEST_STEP][PASSED] - NoOfUsers = findWebElements(findTestObject("ROLES/Roles_page/sorting/No.Users"), 2): null

2020-03-13 13:29:10 - [TEST_STEP][PASSED] - for (org.openqa.selenium.WebElement a : NoOfUsers): null

2020-03-13 13:29:10 - [TEST_STEP][PASSED] - AllNoOfUsers.add(getText().toLowerCase()): null

2020-03-13 13:29:10 - [TEST_STEP][PASSED] - AllNoOfUsers.add(getText().toLowerCase()): null

2020-03-13 13:29:10 - [TEST_STEP][PASSED] - AllNoOfUsers.add(getText().toLowerCase()): null

2020-03-13 13:29:10 - [TEST_STEP][PASSED] - AllNoOfUsers.add(getText().toLowerCase()): null

2020-03-13 13:29:10 - [TEST_STEP][PASSED] - AllNoOfUsers.add(getText().toLowerCase()): null

2020-03-13 13:29:10 - [TEST_STEP][PASSED] - AllNoOfUsers.add(getText().toLowerCase()): null

2020-03-13 13:29:10 - [TEST_STEP][PASSED] - AllNoOfUsers.add(getText().toLowerCase()): null

2020-03-13 13:29:10 - [TEST_STEP][PASSED] - AllNoOfUsers.add(getText().toLowerCase()): null

2020-03-13 13:29:10 - [TEST_STEP][PASSED] - AllNoOfUsers.add(getText().toLowerCase()): null

2020-03-13 13:29:10 - [TEST_STEP][PASSED] - AllNoOfUsers.add(getText().toLowerCase()): null

2020-03-13 13:29:10 - [TEST_STEP][PASSED] - click(findTestObject("ROLES/Roles_page/Pagination/front_navigation")): Object: 'Object Repository/ROLES/Roles_page/Pagination/front_navigation' is clicked on

2020-03-13 13:29:11 - [MESSAGE][PASSED] - Object: 'Object Repository/ROLES/Roles_page/Pagination/front_navigation' is clicked on

2020-03-13 13:29:11 - [TEST_STEP][PASSED] - NoOfUsers = findWebElements(findTestObject("ROLES/Roles_page/sorting/No.Users"), 2): null

2020-03-13 13:29:12 - [TEST_STEP][PASSED] - for (org.openqa.selenium.WebElement a : NoOfUsers): null

2020-03-13 13:29:12 - [TEST_STEP][PASSED] - AllNoOfUsers.add(getText().toLowerCase()): null

2020-03-13 13:29:12 - [TEST_STEP][PASSED] - AllNoOfUsers.add(getText().toLowerCase()): null

2020-03-13 13:29:12 - [TEST_STEP][PASSED] - AllNoOfUsers.add(getText().toLowerCase()): null

2020-03-13 13:29:12 - [TEST_STEP][PASSED] - AllNoOfUsers.add(getText().toLowerCase()): null

2020-03-13 13:29:12 - [TEST_STEP][PASSED] - AllNoOfUsers.add(getText().toLowerCase()): null

2020-03-13 13:29:12 - [TEST_STEP][PASSED] - AllNoOfUsers.add(getText().toLowerCase()): null

2020-03-13 13:29:12 - [TEST_STEP][PASSED] - AllNoOfUsers.add(getText().toLowerCase()): null

2020-03-13 13:29:12 - [TEST_STEP][PASSED] - AllNoOfUsers.add(getText().toLowerCase()): null

2020-03-13 13:29:12 - [TEST_STEP][PASSED] - AllNoOfUsers.add(getText().toLowerCase()): null

2020-03-13 13:29:12 - [TEST_STEP][PASSED] - AllNoOfUsers.add(getText().toLowerCase()): null

2020-03-13 13:29:12 - [TEST_STEP][PASSED] - click(findTestObject("ROLES/Roles_page/Pagination/front_navigation")): Object: 'Object Repository/ROLES/Roles_page/Pagination/front_navigation' is clicked on

2020-03-13 13:29:12 - [MESSAGE][PASSED] - Object: 'Object Repository/ROLES/Roles_page/Pagination/front_navigation' is clicked on

2020-03-13 13:29:12 - [TEST_STEP][PASSED] - NoOfUsers = findWebElements(findTestObject("ROLES/Roles_page/sorting/No.Users"), 2): null

2020-03-13 13:29:13 - [TEST_STEP][PASSED] - for (org.openqa.selenium.WebElement a : NoOfUsers): null

2020-03-13 13:29:13 - [TEST_STEP][PASSED] - AllNoOfUsers.add(getText().toLowerCase()): null

2020-03-13 13:29:13 - [TEST_STEP][PASSED] - AllNoOfUsers.add(getText().toLowerCase()): null

2020-03-13 13:29:13 - [TEST_STEP][PASSED] - AllNoOfUsers.add(getText().toLowerCase()): null

2020-03-13 13:29:13 - [TEST_STEP][PASSED] - AllNoOfUsers.add(getText().toLowerCase()): null

2020-03-13 13:29:13 - [TEST_STEP][PASSED] - AllNoOfUsers.add(getText().toLowerCase()): null

2020-03-13 13:29:13 - [TEST_STEP][PASSED] - AllNoOfUsers.add(getText().toLowerCase()): null

2020-03-13 13:29:13 - [TEST_STEP][PASSED] - AllNoOfUsers.add(getText().toLowerCase()): null

2020-03-13 13:29:13 - [TEST_STEP][PASSED] - AllNoOfUsers.add(getText().toLowerCase()): null

2020-03-13 13:29:13 - [TEST_STEP][PASSED] - AllNoOfUsers.add(getText().toLowerCase()): null

2020-03-13 13:29:13 - [TEST_STEP][PASSED] - AllNoOfUsers.add(getText().toLowerCase()): null

2020-03-13 13:29:14 - [TEST_STEP][PASSED] - click(findTestObject("ROLES/Roles_page/Pagination/front_navigation")): Object: 'Object Repository/ROLES/Roles_page/Pagination/front_navigation' is clicked on

2020-03-13 13:29:14 - [MESSAGE][PASSED] - Object: 'Object Repository/ROLES/Roles_page/Pagination/front_navigation' is clicked on

2020-03-13 13:29:14 - [TEST_STEP][PASSED] - NoOfUsers = findWebElements(findTestObject("ROLES/Roles_page/sorting/No.Users"), 2): null

2020-03-13 13:29:15 - [TEST_STEP][PASSED] - for (org.openqa.selenium.WebElement a : NoOfUsers): null

2020-03-13 13:29:15 - [TEST_STEP][PASSED] - AllNoOfUsers.add(getText().toLowerCase()): null

2020-03-13 13:29:15 - [TEST_STEP][PASSED] - AllNoOfUsers.add(getText().toLowerCase()): null

2020-03-13 13:29:15 - [TEST_STEP][PASSED] - AllNoOfUsers.add(getText().toLowerCase()): null

2020-03-13 13:29:15 - [TEST_STEP][PASSED] - AllNoOfUsers.add(getText().toLowerCase()): null

2020-03-13 13:29:15 - [TEST_STEP][PASSED] - AllNoOfUsers.add(getText().toLowerCase()): null

2020-03-13 13:29:15 - [TEST_STEP][PASSED] - AllNoOfUsers.add(getText().toLowerCase()): null

2020-03-13 13:29:15 - [TEST_STEP][PASSED] - AllNoOfUsers.add(getText().toLowerCase()): null

2020-03-13 13:29:15 - [TEST_STEP][PASSED] - AllNoOfUsers.add(getText().toLowerCase()): null

2020-03-13 13:29:15 - [TEST_STEP][PASSED] - AllNoOfUsers.add(getText().toLowerCase()): null

2020-03-13 13:29:15 - [TEST_STEP][PASSED] - AllNoOfUsers.add(getText().toLowerCase()): null

2020-03-13 13:29:15 - [TEST_STEP][PASSED] - click(findTestObject("ROLES/Roles_page/Pagination/front_navigation")): Object: 'Object Repository/ROLES/Roles_page/Pagination/front_navigation' is clicked on

2020-03-13 13:29:15 - [MESSAGE][PASSED] - Object: 'Object Repository/ROLES/Roles_page/Pagination/front_navigation' is clicked on

2020-03-13 13:29:15 - [TEST_STEP][PASSED] - NoOfUsers = findWebElements(findTestObject("ROLES/Roles_page/sorting/No.Users"), 2): null

2020-03-13 13:29:16 - [TEST_STEP][PASSED] - for (org.openqa.selenium.WebElement a : NoOfUsers): null

2020-03-13 13:29:16 - [TEST_STEP][PASSED] - AllNoOfUsers.add(getText().toLowerCase()): null

2020-03-13 13:29:16 - [TEST_STEP][PASSED] - AllNoOfUsers.add(getText().toLowerCase()): null

2020-03-13 13:29:16 - [TEST_STEP][PASSED] - AllNoOfUsers.add(getText().toLowerCase()): null

2020-03-13 13:29:16 - [TEST_STEP][PASSED] - AllNoOfUsers.add(getText().toLowerCase()): null

2020-03-13 13:29:16 - [TEST_STEP][PASSED] - AllNoOfUsers.add(getText().toLowerCase()): null

2020-03-13 13:29:16 - [TEST_STEP][PASSED] - AllNoOfUsers.add(getText().toLowerCase()): null

2020-03-13 13:29:16 - [TEST_STEP][PASSED] - AllNoOfUsers.add(getText().toLowerCase()): null

2020-03-13 13:29:17 - [TEST_STEP][PASSED] - AllNoOfUsers.add(getText().toLowerCase()): null

2020-03-13 13:29:17 - [TEST_STEP][PASSED] - AllNoOfUsers.add(getText().toLowerCase()): null

2020-03-13 13:29:17 - [TEST_STEP][PASSED] - AllNoOfUsers.add(getText().toLowerCase()): null

2020-03-13 13:29:17 - [TEST_STEP][PASSED] - click(findTestObject("ROLES/Roles_page/Pagination/front_navigation")): Object: 'Object Repository/ROLES/Roles_page/Pagination/front_navigation' is clicked on

2020-03-13 13:29:17 - [MESSAGE][PASSED] - Object: 'Object Repository/ROLES/Roles_page/Pagination/front_navigation' is clicked on

2020-03-13 13:29:17 - [TEST_STEP][PASSED] - NoOfUsers = findWebElements(findTestObject("ROLES/Roles_page/sorting/No.Users"), 2): null

2020-03-13 13:29:18 - [TEST_STEP][PASSED] - for (org.openqa.selenium.WebElement a : NoOfUsers): null

2020-03-13 13:29:18 - [TEST_STEP][PASSED] - AllNoOfUsers.add(getText().toLowerCase()): null

2020-03-13 13:29:18 - [TEST_STEP][PASSED] - AllNoOfUsers.add(getText().toLowerCase()): null

2020-03-13 13:29:18 - [TEST_STEP][PASSED] - AllNoOfUsers.add(getText().toLowerCase()): null

2020-03-13 13:29:18 - [TEST_STEP][PASSED] - AllNoOfUsers.add(getText().toLowerCase()): null

2020-03-13 13:29:18 - [TEST_STEP][PASSED] - AllNoOfUsers.add(getText().toLowerCase()): null

2020-03-13 13:29:18 - [TEST_STEP][PASSED] - AllNoOfUsers.add(getText().toLowerCase()): null

2020-03-13 13:29:18 - [TEST_STEP][PASSED] - AllNoOfUsers.add(getText().toLowerCase()): null

2020-03-13 13:29:18 - [TEST_STEP][PASSED] - AllNoOfUsers.add(getText().toLowerCase()): null

2020-03-13 13:29:18 - [TEST_STEP][PASSED] - AllNoOfUsers.add(getText().toLowerCase()): null

2020-03-13 13:29:18 - [TEST_STEP][PASSED] - AllNoOfUsers.add(getText().toLowerCase()): null

2020-03-13 13:29:18 - [TEST_STEP][PASSED] - click(findTestObject("ROLES/Roles_page/Pagination/front_navigation")): Object: 'Object Repository/ROLES/Roles_page/Pagination/front_navigation' is clicked on

2020-03-13 13:29:19 - [MESSAGE][PASSED] - Object: 'Object Repository/ROLES/Roles_page/Pagination/front_navigation' is clicked on

2020-03-13 13:29:19 - [TEST_STEP][PASSED] - NoOfUsers = findWebElements(findTestObject("ROLES/Roles_page/sorting/No.Users"), 2): null

2020-03-13 13:29:20 - [TEST_STEP][PASSED] - for (org.openqa.selenium.WebElement a : NoOfUsers): null

2020-03-13 13:29:20 - [TEST_STEP][PASSED] - AllNoOfUsers.add(getText().toLowerCase()): null

2020-03-13 13:29:20 - [TEST_STEP][PASSED] - AllNoOfUsers.add(getText().toLowerCase()): null

2020-03-13 13:29:20 - [TEST_STEP][PASSED] - AllNoOfUsers.add(getText().toLowerCase()): null

2020-03-13 13:29:20 - [TEST_STEP][PASSED] - AllNoOfUsers.add(getText().toLowerCase()): null

2020-03-13 13:29:20 - [TEST_STEP][PASSED] - AllNoOfUsers.add(getText().toLowerCase()): null

2020-03-13 13:29:20 - [TEST_STEP][PASSED] - AllNoOfUsers.add(getText().toLowerCase()): null

2020-03-13 13:29:20 - [TEST_STEP][PASSED] - AllNoOfUsers.add(getText().toLowerCase()): null

2020-03-13 13:29:20 - [TEST_STEP][PASSED] - AllNoOfUsers.add(getText().toLowerCase()): null

2020-03-13 13:29:20 - [TEST_STEP][PASSED] - AllNoOfUsers.add(getText().toLowerCase()): null

2020-03-13 13:29:20 - [TEST_STEP][PASSED] - AllNoOfUsers.add(getText().toLowerCase()): null

2020-03-13 13:29:20 - [TEST_STEP][PASSED] - click(findTestObject("ROLES/Roles_page/Pagination/front_navigation")): Object: 'Object Repository/ROLES/Roles_page/Pagination/front_navigation' is clicked on

2020-03-13 13:29:21 - [MESSAGE][PASSED] - Object: 'Object Repository/ROLES/Roles_page/Pagination/front_navigation' is clicked on

2020-03-13 13:29:21 - [TEST_STEP][PASSED] - NoOfUsers = findWebElements(findTestObject("ROLES/Roles_page/sorting/No.Users"), 2): null

2020-03-13 13:29:22 - [TEST_STEP][PASSED] - for (org.openqa.selenium.WebElement a : NoOfUsers): null

2020-03-13 13:29:22 - [TEST_STEP][PASSED] - AllNoOfUsers.add(getText().toLowerCase()): null

2020-03-13 13:29:22 - [TEST_STEP][PASSED] - AllNoOfUsers.add(getText().toLowerCase()): null

2020-03-13 13:29:22 - [TEST_STEP][PASSED] - AllNoOfUsers.add(getText().toLowerCase()): null

2020-03-13 13:29:22 - [TEST_STEP][PASSED] - AllNoOfUsers.add(getText().toLowerCase()): null

2020-03-13 13:29:22 - [TEST_STEP][PASSED] - AllNoOfUsers.add(getText().toLowerCase()): null

2020-03-13 13:29:22 - [TEST_STEP][PASSED] - AllNoOfUsers.add(getText().toLowerCase()): null

2020-03-13 13:29:22 - [TEST_STEP][PASSED] - AllNoOfUsers.add(getText().toLowerCase()): null

2020-03-13 13:29:22 - [TEST_STEP][PASSED] - AllNoOfUsers.add(getText().toLowerCase()): null

2020-03-13 13:29:22 - [TEST_STEP][PASSED] - AllNoOfUsers.add(getText().toLowerCase()): null

2020-03-13 13:29:22 - [TEST_STEP][PASSED] - AllNoOfUsers.add(getText().toLowerCase()): null

2020-03-13 13:29:22 - [TEST_STEP][PASSED] - click(findTestObject("ROLES/Roles_page/Pagination/front_navigation")): Object: 'Object Repository/ROLES/Roles_page/Pagination/front_navigation' is clicked on

2020-03-13 13:29:22 - [MESSAGE][PASSED] - Object: 'Object Repository/ROLES/Roles_page/Pagination/front_navigation' is clicked on

2020-03-13 13:29:22 - [TEST_STEP][PASSED] - NoOfUsers = findWebElements(findTestObject("ROLES/Roles_page/sorting/No.Users"), 2): null

2020-03-13 13:29:23 - [TEST_STEP][PASSED] - for (org.openqa.selenium.WebElement a : NoOfUsers): null

2020-03-13 13:29:23 - [TEST_STEP][PASSED] - AllNoOfUsers.add(getText().toLowerCase()): null

2020-03-13 13:29:23 - [TEST_STEP][PASSED] - AllNoOfUsers.add(getText().toLowerCase()): null

2020-03-13 13:29:23 - [TEST_STEP][PASSED] - AllNoOfUsers.add(getText().toLowerCase()): null

2020-03-13 13:29:23 - [TEST_STEP][PASSED] - AllNoOfUsers.add(getText().toLowerCase()): null

2020-03-13 13:29:23 - [TEST_STEP][PASSED] - AllNoOfUsers.add(getText().toLowerCase()): null

2020-03-13 13:29:23 - [TEST_STEP][PASSED] - AllNoOfUsers.add(getText().toLowerCase()): null

2020-03-13 13:29:23 - [TEST_STEP][PASSED] - AllNoOfUsers.add(getText().toLowerCase()): null

2020-03-13 13:29:23 - [TEST_STEP][PASSED] - AllNoOfUsers.add(getText().toLowerCase()): null

2020-03-13 13:29:23 - [TEST_STEP][PASSED] - AllNoOfUsers.add(getText().toLowerCase()): null

2020-03-13 13:29:23 - [TEST_STEP][PASSED] - AllNoOfUsers.add(getText().toLowerCase()): null

2020-03-13 13:29:23 - [TEST_STEP][PASSED] - click(findTestObject("ROLES/Roles_page/Pagination/front_navigation")): Object: 'Object Repository/ROLES/Roles_page/Pagination/front_navigation' is clicked on

2020-03-13 13:29:24 - [MESSAGE][PASSED] - Object: 'Object Repository/ROLES/Roles_page/Pagination/front_navigation' is clicked on

2020-03-13 13:29:24 - [TEST_STEP][PASSED] - NoOfUsers = findWebElements(findTestObject("ROLES/Roles_page/sorting/No.Users"), 2): null

2020-03-13 13:29:25 - [TEST_STEP][PASSED] - for (org.openqa.selenium.WebElement a : NoOfUsers): null

2020-03-13 13:29:25 - [TEST_STEP][PASSED] - AllNoOfUsers.add(getText().toLowerCase()): null

2020-03-13 13:29:25 - [TEST_STEP][PASSED] - AllNoOfUsers.add(getText().toLowerCase()): null

2020-03-13 13:29:25 - [TEST_STEP][PASSED] - AllNoOfUsers.add(getText().toLowerCase()): null

2020-03-13 13:29:25 - [TEST_STEP][PASSED] - AllNoOfUsers.add(getText().toLowerCase()): null

2020-03-13 13:29:25 - [TEST_STEP][PASSED] - AllNoOfUsers.add(getText().toLowerCase()): null

2020-03-13 13:29:25 - [TEST_STEP][PASSED] - AllNoOfUsers.add(getText().toLowerCase()): null

2020-03-13 13:29:25 - [TEST_STEP][PASSED] - AllNoOfUsers.add(getText().toLowerCase()): null

2020-03-13 13:29:25 - [TEST_STEP][PASSED] - AllNoOfUsers.add(getText().toLowerCase()): null

2020-03-13 13:29:25 - [TEST_STEP][PASSED] - AllNoOfUsers.add(getText().toLowerCase()): null

2020-03-13 13:29:25 - [TEST_STEP][PASSED] - AllNoOfUsers.add(getText().toLowerCase()): null

2020-03-13 13:29:25 - [TEST_STEP][PASSED] - click(findTestObject("ROLES/Roles_page/Pagination/front_navigation")): Object: 'Object Repository/ROLES/Roles_page/Pagination/front_navigation' is clicked on

2020-03-13 13:29:25 - [MESSAGE][PASSED] - Object: 'Object Repository/ROLES/Roles_page/Pagination/front_navigation' is clicked on

2020-03-13 13:29:25 - [TEST_STEP][PASSED] - NoOfUsers = findWebElements(findTestObject("ROLES/Roles_page/sorting/No.Users"), 2): null

2020-03-13 13:29:26 - [TEST_STEP][PASSED] - for (org.openqa.selenium.WebElement a : NoOfUsers): null

2020-03-13 13:29:26 - [TEST_STEP][PASSED] - AllNoOfUsers.add(getText().toLowerCase()): null

2020-03-13 13:29:26 - [TEST_STEP][PASSED] - AllNoOfUsers.add(getText().toLowerCase()): null

2020-03-13 13:29:26 - [TEST_STEP][PASSED] - AllNoOfUsers.add(getText().toLowerCase()): null

2020-03-13 13:29:26 - [TEST_STEP][PASSED] - AllNoOfUsers.add(getText().toLowerCase()): null

2020-03-13 13:29:27 - [TEST_STEP][PASSED] - AllNoOfUsers.add(getText().toLowerCase()): null

2020-03-13 13:29:27 - [TEST_STEP][PASSED] - AllNoOfUsers.add(getText().toLowerCase()): null

2020-03-13 13:29:27 - [TEST_STEP][PASSED] - AllNoOfUsers.add(getText().toLowerCase()): null

2020-03-13 13:29:27 - [TEST_STEP][PASSED] - AllNoOfUsers.add(getText().toLowerCase()): null

2020-03-13 13:29:27 - [TEST_STEP][PASSED] - AllNoOfUsers.add(getText().toLowerCase()): null

2020-03-13 13:29:27 - [TEST_STEP][PASSED] - AllNoOfUsers.add(getText().toLowerCase()): null

2020-03-13 13:29:27 - [TEST_STEP][PASSED] - click(findTestObject("ROLES/Roles_page/Pagination/front_navigation")): Object: 'Object Repository/ROLES/Roles_page/Pagination/front_navigation' is clicked on

2020-03-13 13:29:27 - [MESSAGE][PASSED] - Object: 'Object Repository/ROLES/Roles_page/Pagination/front_navigation' is clicked on

2020-03-13 13:29:27 - [TEST_STEP][PASSED] - NoOfUsers = findWebElements(findTestObject("ROLES/Roles_page/sorting/No.Users"), 2): null

2020-03-13 13:29:28 - [TEST_STEP][PASSED] - for (org.openqa.selenium.WebElement a : NoOfUsers): null

2020-03-13 13:29:28 - [TEST_STEP][PASSED] - AllNoOfUsers.add(getText().toLowerCase()): null

2020-03-13 13:29:28 - [TEST_STEP][PASSED] - AllNoOfUsers.add(getText().toLowerCase()): null

2020-03-13 13:29:28 - [TEST_STEP][PASSED] - AllNoOfUsers.add(getText().toLowerCase()): null

2020-03-13 13:29:28 - [TEST_STEP][PASSED] - AllNoOfUsers.add(getText().toLowerCase()): null

2020-03-13 13:29:28 - [TEST_STEP][PASSED] - AllNoOfUsers.add(getText().toLowerCase()): null

2020-03-13 13:29:28 - [TEST_STEP][PASSED] - AllNoOfUsers.add(getText().toLowerCase()): null

2020-03-13 13:29:28 - [TEST_STEP][PASSED] - AllNoOfUsers.add(getText().toLowerCase()): null

2020-03-13 13:29:28 - [TEST_STEP][PASSED] - AllNoOfUsers.add(getText().toLowerCase()): null

2020-03-13 13:29:28 - [TEST_STEP][PASSED] - AllNoOfUsers.add(getText().toLowerCase()): null

2020-03-13 13:29:28 - [TEST_STEP][PASSED] - AllNoOfUsers.add(getText().toLowerCase()): null

2020-03-13 13:29:28 - [TEST_STEP][PASSED] - click(findTestObject("ROLES/Roles_page/Pagination/front_navigation")): Object: 'Object Repository/ROLES/Roles_page/Pagination/front_navigation' is clicked on

2020-03-13 13:29:29 - [MESSAGE][PASSED] - Object: 'Object Repository/ROLES/Roles_page/Pagination/front_navigation' is clicked on

2020-03-13 13:29:29 - [TEST_STEP][PASSED] - NoOfUsers = findWebElements(findTestObject("ROLES/Roles_page/sorting/No.Users"), 2): null

2020-03-13 13:29:30 - [TEST_STEP][PASSED] - for (org.openqa.selenium.WebElement a : NoOfUsers): null

2020-03-13 13:29:30 - [TEST_STEP][PASSED] - AllNoOfUsers.add(getText().toLowerCase()): null

2020-03-13 13:29:30 - [TEST_STEP][PASSED] - AllNoOfUsers.add(getText().toLowerCase()): null

2020-03-13 13:29:30 - [TEST_STEP][PASSED] - AllNoOfUsers.add(getText().toLowerCase()): null

2020-03-13 13:29:30 - [TEST_STEP][PASSED] - AllNoOfUsers.add(getText().toLowerCase()): null

2020-03-13 13:29:30 - [TEST_STEP][PASSED] - AllNoOfUsers.add(getText().toLowerCase()): null

2020-03-13 13:29:30 - [TEST_STEP][PASSED] - AllNoOfUsers.add(getText().toLowerCase()): null

2020-03-13 13:29:30 - [TEST_STEP][PASSED] - AllNoOfUsers.add(getText().toLowerCase()): null

2020-03-13 13:29:30 - [TEST_STEP][PASSED] - AllNoOfUsers.add(getText().toLowerCase()): null

2020-03-13 13:29:30 - [TEST_STEP][PASSED] - AllNoOfUsers.add(getText().toLowerCase()): null

2020-03-13 13:29:30 - [TEST_STEP][PASSED] - AllNoOfUsers.add(getText().toLowerCase()): null

2020-03-13 13:29:30 - [TEST_STEP][PASSED] - click(findTestObject("ROLES/Roles_page/Pagination/front_navigation")): Object: 'Object Repository/ROLES/Roles_page/Pagination/front_navigation' is clicked on

2020-03-13 13:29:31 - [MESSAGE][PASSED] - Object: 'Object Repository/ROLES/Roles_page/Pagination/front_navigation' is clicked on

2020-03-13 13:29:31 - [TEST_STEP][PASSED] - NoOfUsers = findWebElements(findTestObject("ROLES/Roles_page/sorting/No.Users"), 2): null

2020-03-13 13:29:31 - [TEST_STEP][PASSED] - for (org.openqa.selenium.WebElement a : NoOfUsers): null

2020-03-13 13:29:31 - [TEST_STEP][PASSED] - AllNoOfUsers.add(getText().toLowerCase()): null

2020-03-13 13:29:31 - [TEST_STEP][PASSED] - AllNoOfUsers.add(getText().toLowerCase()): null

2020-03-13 13:29:31 - [TEST_STEP][PASSED] - AllNoOfUsers.add(getText().toLowerCase()): null

2020-03-13 13:29:32 - [TEST_STEP][PASSED] - AllNoOfUsers.add(getText().toLowerCase()): null

2020-03-13 13:29:32 - [TEST_STEP][PASSED] - AllNoOfUsers.add(getText().toLowerCase()): null

2020-03-13 13:29:32 - [TEST_STEP][PASSED] - AllNoOfUsers.add(getText().toLowerCase()): null

2020-03-13 13:29:32 - [TEST_STEP][PASSED] - AllNoOfUsers.add(getText().toLowerCase()): null

2020-03-13 13:29:32 - [TEST_STEP][PASSED] - AllNoOfUsers.add(getText().toLowerCase()): null

2020-03-13 13:29:32 - [TEST_STEP][PASSED] - AllNoOfUsers.add(getText().toLowerCase()): null

2020-03-13 13:29:32 - [TEST_STEP][PASSED] - AllNoOfUsers.add(getText().toLowerCase()): null

2020-03-13 13:29:32 - [TEST_STEP][PASSED] - click(findTestObject("ROLES/Roles_page/Pagination/front_navigation")): Object: 'Object Repository/ROLES/Roles_page/Pagination/front_navigation' is clicked on

2020-03-13 13:29:33 - [MESSAGE][PASSED] - Object: 'Object Repository/ROLES/Roles_page/Pagination/front_navigation' is clicked on

2020-03-13 13:29:33 - [TEST_STEP][PASSED] - NoOfUsers = findWebElements(findTestObject("ROLES/Roles_page/sorting/No.Users"), 2): null

2020-03-13 13:29:33 - [TEST_STEP][PASSED] - for (org.openqa.selenium.WebElement a : NoOfUsers): null

2020-03-13 13:29:33 - [TEST_STEP][PASSED] - AllNoOfUsers.add(getText().toLowerCase()): null

2020-03-13 13:29:33 - [TEST_STEP][PASSED] - AllNoOfUsers.add(getText().toLowerCase()): null

2020-03-13 13:29:33 - [TEST_STEP][PASSED] - AllNoOfUsers.add(getText().toLowerCase()): null

2020-03-13 13:29:33 - [TEST_STEP][PASSED] - AllNoOfUsers.add(getText().toLowerCase()): null

2020-03-13 13:29:33 - [TEST_STEP][PASSED] - AllNoOfUsers.add(getText().toLowerCase()): null

2020-03-13 13:29:34 - [TEST_STEP][PASSED] - AllNoOfUsers.add(getText().toLowerCase()): null

2020-03-13 13:29:34 - [TEST_STEP][PASSED] - AllNoOfUsers.add(getText().toLowerCase()): null

2020-03-13 13:29:34 - [TEST_STEP][PASSED] - AllNoOfUsers.add(getText().toLowerCase()): null

2020-03-13 13:29:34 - [TEST_STEP][PASSED] - AllNoOfUsers.add(getText().toLowerCase()): null

2020-03-13 13:29:34 - [TEST_STEP][PASSED] - AllNoOfUsers.add(getText().toLowerCase()): null

2020-03-13 13:29:34 - [TEST_STEP][PASSED] - click(findTestObject("ROLES/Roles_page/Pagination/front_navigation")): Object: 'Object Repository/ROLES/Roles_page/Pagination/front_navigation' is clicked on

2020-03-13 13:29:34 - [MESSAGE][PASSED] - Object: 'Object Repository/ROLES/Roles_page/Pagination/front_navigation' is clicked on

2020-03-13 13:29:34 - [TEST_STEP][PASSED] - NoOfUsers = findWebElements(findTestObject("ROLES/Roles_page/sorting/No.Users"), 2): null

2020-03-13 13:29:35 - [TEST_STEP][PASSED] - for (org.openqa.selenium.WebElement a : NoOfUsers): null

2020-03-13 13:29:35 - [TEST_STEP][PASSED] - AllNoOfUsers.add(getText().toLowerCase()): null

2020-03-13 13:29:35 - [TEST_STEP][PASSED] - AllNoOfUsers.add(getText().toLowerCase()): null

2020-03-13 13:29:35 - [TEST_STEP][PASSED] - AllNoOfUsers.add(getText().toLowerCase()): null

2020-03-13 13:29:35 - [TEST_STEP][PASSED] - AllNoOfUsers.add(getText().toLowerCase()): null

2020-03-13 13:29:35 - [TEST_STEP][PASSED] - AllNoOfUsers.add(getText().toLowerCase()): null

2020-03-13 13:29:35 - [TEST_STEP][PASSED] - AllNoOfUsers.add(getText().toLowerCase()): null

2020-03-13 13:29:35 - [TEST_STEP][PASSED] - AllNoOfUsers.add(getText().toLowerCase()): null

2020-03-13 13:29:35 - [TEST_STEP][PASSED] - AllNoOfUsers.add(getText().toLowerCase()): null

2020-03-13 13:29:35 - [TEST_STEP][PASSED] - AllNoOfUsers.add(getText().toLowerCase()): null

2020-03-13 13:29:35 - [TEST_STEP][PASSED] - AllNoOfUsers.add(getText().toLowerCase()): null

2020-03-13 13:29:35 - [TEST_STEP][PASSED] - click(findTestObject("ROLES/Roles_page/Pagination/front_navigation")): Object: 'Object Repository/ROLES/Roles_page/Pagination/front_navigation' is clicked on

2020-03-13 13:29:36 - [MESSAGE][PASSED] - Object: 'Object Repository/ROLES/Roles_page/Pagination/front_navigation' is clicked on

2020-03-13 13:29:36 - [TEST_STEP][PASSED] - NoOfUsers = findWebElements(findTestObject("ROLES/Roles_page/sorting/No.Users"), 2): null

2020-03-13 13:29:37 - [TEST_STEP][PASSED] - for (org.openqa.selenium.WebElement a : NoOfUsers): null

2020-03-13 13:29:37 - [TEST_STEP][PASSED] - AllNoOfUsers.add(getText().toLowerCase()): null

2020-03-13 13:29:37 - [TEST_STEP][PASSED] - click(findTestObject("ROLES/Roles_page/Pagination/front_navigation")): Object: 'Object Repository/ROLES/Roles_page/Pagination/front_navigation' is clicked on

2020-03-13 13:29:39 - [MESSAGE][PASSED] - Object: 'Object Repository/ROLES/Roles_page/Pagination/front_navigation' is clicked on

2020-03-13 13:29:39 - [TEST_STEP][PASSED] - if (j == 1): Text 'BACK_SPACE + BACK_SPACE + ENTER + 1' is set on object 'Object Repository/ROLES/Roles_page/Pagination/input_Page_form-control'

2020-03-13 13:29:39 - [TEST_STEP][PASSED] - isSorted = web.CustomKeyword.checkListDescending(AllNoOfUsers): web.CustomKeyword.checkListDescending is PASSED

2020-03-13 13:29:39 - [MESSAGE][PASSED] - web.CustomKeyword.checkListDescending is PASSED

2020-03-13 13:29:39 - [TEST_STEP][PASSED] - println(AllNoOfUsers.size()): null

2020-03-13 13:29:39 - [TEST_STEP][PASSED] - println(AllNoOfUsers): null

2020-03-13 13:29:39 - [TEST_STEP][PASSED] - verifyEqual(isSorted, true): Actual object 'true' and expected object 'true' are equal

2020-03-13 13:29:39 - [MESSAGE][PASSED] - Actual object 'true' and expected object 'true' are equal

2020-03-13 13:29:39 - [TEST_STEP][PASSED] - clearText(findTestObject("Object Repository/ROLES/Roles_page/Pagination/input_Page_form-control")): Text of object 'Object Repository/ROLES/Roles_page/Pagination/input_Page_form-control' is cleared

2020-03-13 13:29:40 - [MESSAGE][PASSED] - Text of object 'Object Repository/ROLES/Roles_page/Pagination/input_Page_form-control' is cleared

2020-03-13 13:29:40 - [TEST_STEP][PASSED] - setText(findTestObject("Object Repository/ROLES/Roles_page/Pagination/input_Page_form-control"), BACK_SPACE + BACK_SPACE + "1" + ENTER): Text 'BACK_SPACE + BACK_SPACE + ENTER + 1' is set on object 'Object Repository/ROLES/Roles_page/Pagination/input_Page_form-control'

2020-03-13 13:29:40 - [MESSAGE][PASSED] - Text 'BACK_SPACE + BACK_SPACE + ENTER + 1' is set on object 'Object Repository/ROLES/Roles_page/Pagination/input_Page_form-control'

2020-03-13 13:29:40 - [TEST_STEP][PASSED] - if (j == 2): null

2020-03-13 13:29:40 - [TEST_STEP][PASSED] - click(findTestObject("ROLES/Roles_page/sorting/No.Users_header")): Object: 'Object Repository/ROLES/Roles_page/sorting/No.Users_header' is clicked on

2020-03-13 13:29:41 - [MESSAGE][PASSED] - Object: 'Object Repository/ROLES/Roles_page/sorting/No.Users_header' is clicked on

2020-03-13 13:29:41 - [TEST_STEP][PASSED] - NoOfUsers = <not implemented yet for class: org.codehaus.groovy.ast.expr.EmptyExpression>: null

2020-03-13 13:29:41 - [TEST_STEP][PASSED] - AllNoOfUsers = new java.util.ArrayList(): null

2020-03-13 13:29:41 - [TEST_STEP][PASSED] - for ([i = 1, i <= noOfPages, (i++)]): Object: 'Object Repository/ROLES/Roles_page/Pagination/front_navigation' is clicked on

2020-03-13 13:29:41 - [TEST_STEP][PASSED] - NoOfUsers = findWebElements(findTestObject("ROLES/Roles_page/sorting/No.Users"), 2): null

2020-03-13 13:29:42 - [TEST_STEP][PASSED] - for (org.openqa.selenium.WebElement a : NoOfUsers): null

2020-03-13 13:29:42 - [TEST_STEP][PASSED] - AllNoOfUsers.add(getText().toLowerCase()): null

2020-03-13 13:29:42 - [TEST_STEP][PASSED] - AllNoOfUsers.add(getText().toLowerCase()): null

2020-03-13 13:29:42 - [TEST_STEP][PASSED] - AllNoOfUsers.add(getText().toLowerCase()): null

2020-03-13 13:29:42 - [TEST_STEP][PASSED] - AllNoOfUsers.add(getText().toLowerCase()): null

2020-03-13 13:29:42 - [TEST_STEP][PASSED] - AllNoOfUsers.add(getText().toLowerCase()): null

2020-03-13 13:29:42 - [TEST_STEP][PASSED] - AllNoOfUsers.add(getText().toLowerCase()): null

2020-03-13 13:29:42 - [TEST_STEP][PASSED] - AllNoOfUsers.add(getText().toLowerCase()): null

2020-03-13 13:29:42 - [TEST_STEP][PASSED] - AllNoOfUsers.add(getText().toLowerCase()): null

2020-03-13 13:29:42 - [TEST_STEP][PASSED] - AllNoOfUsers.add(getText().toLowerCase()): null

2020-03-13 13:29:42 - [TEST_STEP][PASSED] - AllNoOfUsers.add(getText().toLowerCase()): null

2020-03-13 13:29:42 - [TEST_STEP][PASSED] - click(findTestObject("ROLES/Roles_page/Pagination/front_navigation")): Object: 'Object Repository/ROLES/Roles_page/Pagination/front_navigation' is clicked on

2020-03-13 13:29:43 - [MESSAGE][PASSED] - Object: 'Object Repository/ROLES/Roles_page/Pagination/front_navigation' is clicked on

2020-03-13 13:29:43 - [TEST_STEP][PASSED] - NoOfUsers = findWebElements(findTestObject("ROLES/Roles_page/sorting/No.Users"), 2): null

2020-03-13 13:29:44 - [TEST_STEP][PASSED] - for (org.openqa.selenium.WebElement a : NoOfUsers): null

2020-03-13 13:29:44 - [TEST_STEP][PASSED] - AllNoOfUsers.add(getText().toLowerCase()): null

2020-03-13 13:29:44 - [TEST_STEP][PASSED] - AllNoOfUsers.add(getText().toLowerCase()): null

2020-03-13 13:29:44 - [TEST_STEP][PASSED] - AllNoOfUsers.add(getText().toLowerCase()): null

2020-03-13 13:29:44 - [TEST_STEP][PASSED] - AllNoOfUsers.add(getText().toLowerCase()): null

2020-03-13 13:29:44 - [TEST_STEP][PASSED] - AllNoOfUsers.add(getText().toLowerCase()): null

2020-03-13 13:29:44 - [TEST_STEP][PASSED] - AllNoOfUsers.add(getText().toLowerCase()): null

2020-03-13 13:29:44 - [TEST_STEP][PASSED] - AllNoOfUsers.add(getText().toLowerCase()): null

2020-03-13 13:29:44 - [TEST_STEP][PASSED] - AllNoOfUsers.add(getText().toLowerCase()): null

2020-03-13 13:29:44 - [TEST_STEP][PASSED] - AllNoOfUsers.add(getText().toLowerCase()): null

2020-03-13 13:29:44 - [TEST_STEP][PASSED] - AllNoOfUsers.add(getText().toLowerCase()): null

2020-03-13 13:29:44 - [TEST_STEP][PASSED] - click(findTestObject("ROLES/Roles_page/Pagination/front_navigation")): Object: 'Object Repository/ROLES/Roles_page/Pagination/front_navigation' is clicked on

2020-03-13 13:29:44 - [MESSAGE][PASSED] - Object: 'Object Repository/ROLES/Roles_page/Pagination/front_navigation' is clicked on

2020-03-13 13:29:44 - [TEST_STEP][PASSED] - NoOfUsers = findWebElements(findTestObject("ROLES/Roles_page/sorting/No.Users"), 2): null

2020-03-13 13:29:45 - [TEST_STEP][PASSED] - for (org.openqa.selenium.WebElement a : NoOfUsers): null

2020-03-13 13:29:45 - [TEST_STEP][PASSED] - AllNoOfUsers.add(getText().toLowerCase()): null

2020-03-13 13:29:45 - [TEST_STEP][PASSED] - AllNoOfUsers.add(getText().toLowerCase()): null

2020-03-13 13:29:45 - [TEST_STEP][PASSED] - AllNoOfUsers.add(getText().toLowerCase()): null

2020-03-13 13:29:45 - [TEST_STEP][PASSED] - AllNoOfUsers.add(getText().toLowerCase()): null

2020-03-13 13:29:45 - [TEST_STEP][PASSED] - AllNoOfUsers.add(getText().toLowerCase()): null

2020-03-13 13:29:45 - [TEST_STEP][PASSED] - AllNoOfUsers.add(getText().toLowerCase()): null

2020-03-13 13:29:45 - [TEST_STEP][PASSED] - AllNoOfUsers.add(getText().toLowerCase()): null

2020-03-13 13:29:46 - [TEST_STEP][PASSED] - AllNoOfUsers.add(getText().toLowerCase()): null

2020-03-13 13:29:46 - [TEST_STEP][PASSED] - AllNoOfUsers.add(getText().toLowerCase()): null

2020-03-13 13:29:46 - [TEST_STEP][PASSED] - AllNoOfUsers.add(getText().toLowerCase()): null

2020-03-13 13:29:46 - [TEST_STEP][PASSED] - click(findTestObject("ROLES/Roles_page/Pagination/front_navigation")): Object: 'Object Repository/ROLES/Roles_page/Pagination/front_navigation' is clicked on

2020-03-13 13:29:46 - [MESSAGE][PASSED] - Object: 'Object Repository/ROLES/Roles_page/Pagination/front_navigation' is clicked on

2020-03-13 13:29:46 - [TEST_STEP][PASSED] - NoOfUsers = findWebElements(findTestObject("ROLES/Roles_page/sorting/No.Users"), 2): null

2020-03-13 13:29:47 - [TEST_STEP][PASSED] - for (org.openqa.selenium.WebElement a : NoOfUsers): null

2020-03-13 13:29:47 - [TEST_STEP][PASSED] - AllNoOfUsers.add(getText().toLowerCase()): null

2020-03-13 13:29:47 - [TEST_STEP][PASSED] - AllNoOfUsers.add(getText().toLowerCase()): null

2020-03-13 13:29:47 - [TEST_STEP][PASSED] - AllNoOfUsers.add(getText().toLowerCase()): null

2020-03-13 13:29:47 - [TEST_STEP][PASSED] - AllNoOfUsers.add(getText().toLowerCase()): null

2020-03-13 13:29:47 - [TEST_STEP][PASSED] - AllNoOfUsers.add(getText().toLowerCase()): null

2020-03-13 13:29:47 - [TEST_STEP][PASSED] - AllNoOfUsers.add(getText().toLowerCase()): null

2020-03-13 13:29:47 - [TEST_STEP][PASSED] - AllNoOfUsers.add(getText().toLowerCase()): null

2020-03-13 13:29:47 - [TEST_STEP][PASSED] - AllNoOfUsers.add(getText().toLowerCase()): null

2020-03-13 13:29:47 - [TEST_STEP][PASSED] - AllNoOfUsers.add(getText().toLowerCase()): null

2020-03-13 13:29:47 - [TEST_STEP][PASSED] - AllNoOfUsers.add(getText().toLowerCase()): null

2020-03-13 13:29:47 - [TEST_STEP][PASSED] - click(findTestObject("ROLES/Roles_page/Pagination/front_navigation")): Object: 'Object Repository/ROLES/Roles_page/Pagination/front_navigation' is clicked on

2020-03-13 13:29:48 - [MESSAGE][PASSED] - Object: 'Object Repository/ROLES/Roles_page/Pagination/front_navigation' is clicked on

2020-03-13 13:29:48 - [TEST_STEP][PASSED] - NoOfUsers = findWebElements(findTestObject("ROLES/Roles_page/sorting/No.Users"), 2): null

2020-03-13 13:29:49 - [TEST_STEP][PASSED] - for (org.openqa.selenium.WebElement a : NoOfUsers): null

2020-03-13 13:29:49 - [TEST_STEP][PASSED] - AllNoOfUsers.add(getText().toLowerCase()): null

2020-03-13 13:29:49 - [TEST_STEP][PASSED] - AllNoOfUsers.add(getText().toLowerCase()): null

2020-03-13 13:29:49 - [TEST_STEP][PASSED] - AllNoOfUsers.add(getText().toLowerCase()): null

2020-03-13 13:29:49 - [TEST_STEP][PASSED] - AllNoOfUsers.add(getText().toLowerCase()): null

2020-03-13 13:29:49 - [TEST_STEP][PASSED] - AllNoOfUsers.add(getText().toLowerCase()): null

2020-03-13 13:29:49 - [TEST_STEP][PASSED] - AllNoOfUsers.add(getText().toLowerCase()): null

2020-03-13 13:29:49 - [TEST_STEP][PASSED] - AllNoOfUsers.add(getText().toLowerCase()): null

2020-03-13 13:29:49 - [TEST_STEP][PASSED] - AllNoOfUsers.add(getText().toLowerCase()): null

2020-03-13 13:29:49 - [TEST_STEP][PASSED] - AllNoOfUsers.add(getText().toLowerCase()): null

2020-03-13 13:29:49 - [TEST_STEP][PASSED] - AllNoOfUsers.add(getText().toLowerCase()): null

2020-03-13 13:29:49 - [TEST_STEP][PASSED] - click(findTestObject("ROLES/Roles_page/Pagination/front_navigation")): Object: 'Object Repository/ROLES/Roles_page/Pagination/front_navigation' is clicked on

2020-03-13 13:29:49 - [MESSAGE][PASSED] - Object: 'Object Repository/ROLES/Roles_page/Pagination/front_navigation' is clicked on

2020-03-13 13:29:49 - [TEST_STEP][PASSED] - NoOfUsers = findWebElements(findTestObject("ROLES/Roles_page/sorting/No.Users"), 2): null

2020-03-13 13:29:50 - [TEST_STEP][PASSED] - for (org.openqa.selenium.WebElement a : NoOfUsers): null

2020-03-13 13:29:50 - [TEST_STEP][PASSED] - AllNoOfUsers.add(getText().toLowerCase()): null

2020-03-13 13:29:50 - [TEST_STEP][PASSED] - AllNoOfUsers.add(getText().toLowerCase()): null

2020-03-13 13:29:50 - [TEST_STEP][PASSED] - AllNoOfUsers.add(getText().toLowerCase()): null

2020-03-13 13:29:50 - [TEST_STEP][PASSED] - AllNoOfUsers.add(getText().toLowerCase()): null

2020-03-13 13:29:50 - [TEST_STEP][PASSED] - AllNoOfUsers.add(getText().toLowerCase()): null

2020-03-13 13:29:50 - [TEST_STEP][PASSED] - AllNoOfUsers.add(getText().toLowerCase()): null

2020-03-13 13:29:50 - [TEST_STEP][PASSED] - AllNoOfUsers.add(getText().toLowerCase()): null

2020-03-13 13:29:50 - [TEST_STEP][PASSED] - AllNoOfUsers.add(getText().toLowerCase()): null

2020-03-13 13:29:50 - [TEST_STEP][PASSED] - AllNoOfUsers.add(getText().toLowerCase()): null

2020-03-13 13:29:50 - [TEST_STEP][PASSED] - AllNoOfUsers.add(getText().toLowerCase()): null

2020-03-13 13:29:50 - [TEST_STEP][PASSED] - click(findTestObject("ROLES/Roles_page/Pagination/front_navigation")): Object: 'Object Repository/ROLES/Roles_page/Pagination/front_navigation' is clicked on

2020-03-13 13:29:51 - [MESSAGE][PASSED] - Object: 'Object Repository/ROLES/Roles_page/Pagination/front_navigation' is clicked on

2020-03-13 13:29:51 - [TEST_STEP][PASSED] - NoOfUsers = findWebElements(findTestObject("ROLES/Roles_page/sorting/No.Users"), 2): null

2020-03-13 13:29:52 - [TEST_STEP][PASSED] - for (org.openqa.selenium.WebElement a : NoOfUsers): null

2020-03-13 13:29:52 - [TEST_STEP][PASSED] - AllNoOfUsers.add(getText().toLowerCase()): null

2020-03-13 13:29:52 - [TEST_STEP][PASSED] - AllNoOfUsers.add(getText().toLowerCase()): null

2020-03-13 13:29:52 - [TEST_STEP][PASSED] - AllNoOfUsers.add(getText().toLowerCase()): null

2020-03-13 13:29:52 - [TEST_STEP][PASSED] - AllNoOfUsers.add(getText().toLowerCase()): null

2020-03-13 13:29:52 - [TEST_STEP][PASSED] - AllNoOfUsers.add(getText().toLowerCase()): null

2020-03-13 13:29:52 - [TEST_STEP][PASSED] - AllNoOfUsers.add(getText().toLowerCase()): null

2020-03-13 13:29:52 - [TEST_STEP][PASSED] - AllNoOfUsers.add(getText().toLowerCase()): null

2020-03-13 13:29:52 - [TEST_STEP][PASSED] - AllNoOfUsers.add(getText().toLowerCase()): null

2020-03-13 13:29:52 - [TEST_STEP][PASSED] - AllNoOfUsers.add(getText().toLowerCase()): null

2020-03-13 13:29:52 - [TEST_STEP][PASSED] - AllNoOfUsers.add(getText().toLowerCase()): null

2020-03-13 13:29:52 - [TEST_STEP][PASSED] - click(findTestObject("ROLES/Roles_page/Pagination/front_navigation")): Object: 'Object Repository/ROLES/Roles_page/Pagination/front_navigation' is clicked on

2020-03-13 13:29:52 - [MESSAGE][PASSED] - Object: 'Object Repository/ROLES/Roles_page/Pagination/front_navigation' is clicked on

2020-03-13 13:29:52 - [TEST_STEP][PASSED] - NoOfUsers = findWebElements(findTestObject("ROLES/Roles_page/sorting/No.Users"), 2): null

2020-03-13 13:29:53 - [TEST_STEP][PASSED] - for (org.openqa.selenium.WebElement a : NoOfUsers): null

2020-03-13 13:29:53 - [TEST_STEP][PASSED] - AllNoOfUsers.add(getText().toLowerCase()): null

2020-03-13 13:29:53 - [TEST_STEP][PASSED] - AllNoOfUsers.add(getText().toLowerCase()): null

2020-03-13 13:29:53 - [TEST_STEP][PASSED] - AllNoOfUsers.add(getText().toLowerCase()): null

2020-03-13 13:29:53 - [TEST_STEP][PASSED] - AllNoOfUsers.add(getText().toLowerCase()): null

2020-03-13 13:29:53 - [TEST_STEP][PASSED] - AllNoOfUsers.add(getText().toLowerCase()): null

2020-03-13 13:29:53 - [TEST_STEP][PASSED] - AllNoOfUsers.add(getText().toLowerCase()): null

2020-03-13 13:29:53 - [TEST_STEP][PASSED] - AllNoOfUsers.add(getText().toLowerCase()): null

2020-03-13 13:29:54 - [TEST_STEP][PASSED] - AllNoOfUsers.add(getText().toLowerCase()): null

2020-03-13 13:29:54 - [TEST_STEP][PASSED] - AllNoOfUsers.add(getText().toLowerCase()): null

2020-03-13 13:29:54 - [TEST_STEP][PASSED] - AllNoOfUsers.add(getText().toLowerCase()): null

2020-03-13 13:29:54 - [TEST_STEP][PASSED] - click(findTestObject("ROLES/Roles_page/Pagination/front_navigation")): Object: 'Object Repository/ROLES/Roles_page/Pagination/front_navigation' is clicked on

2020-03-13 13:29:54 - [MESSAGE][PASSED] - Object: 'Object Repository/ROLES/Roles_page/Pagination/front_navigation' is clicked on

2020-03-13 13:29:54 - [TEST_STEP][PASSED] - NoOfUsers = findWebElements(findTestObject("ROLES/Roles_page/sorting/No.Users"), 2): null

2020-03-13 13:29:55 - [TEST_STEP][PASSED] - for (org.openqa.selenium.WebElement a : NoOfUsers): null

2020-03-13 13:29:55 - [TEST_STEP][PASSED] - AllNoOfUsers.add(getText().toLowerCase()): null

2020-03-13 13:29:55 - [TEST_STEP][PASSED] - AllNoOfUsers.add(getText().toLowerCase()): null

2020-03-13 13:29:55 - [TEST_STEP][PASSED] - AllNoOfUsers.add(getText().toLowerCase()): null

2020-03-13 13:29:55 - [TEST_STEP][PASSED] - AllNoOfUsers.add(getText().toLowerCase()): null

2020-03-13 13:29:55 - [TEST_STEP][PASSED] - AllNoOfUsers.add(getText().toLowerCase()): null

2020-03-13 13:29:55 - [TEST_STEP][PASSED] - AllNoOfUsers.add(getText().toLowerCase()): null

2020-03-13 13:29:55 - [TEST_STEP][PASSED] - AllNoOfUsers.add(getText().toLowerCase()): null

2020-03-13 13:29:55 - [TEST_STEP][PASSED] - AllNoOfUsers.add(getText().toLowerCase()): null

2020-03-13 13:29:55 - [TEST_STEP][PASSED] - AllNoOfUsers.add(getText().toLowerCase()): null

2020-03-13 13:29:55 - [TEST_STEP][PASSED] - AllNoOfUsers.add(getText().toLowerCase()): null

2020-03-13 13:29:55 - [TEST_STEP][PASSED] - click(findTestObject("ROLES/Roles_page/Pagination/front_navigation")): Object: 'Object Repository/ROLES/Roles_page/Pagination/front_navigation' is clicked on

2020-03-13 13:29:56 - [MESSAGE][PASSED] - Object: 'Object Repository/ROLES/Roles_page/Pagination/front_navigation' is clicked on

2020-03-13 13:29:56 - [TEST_STEP][PASSED] - NoOfUsers = findWebElements(findTestObject("ROLES/Roles_page/sorting/No.Users"), 2): null

2020-03-13 13:29:57 - [TEST_STEP][PASSED] - for (org.openqa.selenium.WebElement a : NoOfUsers): null

2020-03-13 13:29:57 - [TEST_STEP][PASSED] - AllNoOfUsers.add(getText().toLowerCase()): null

2020-03-13 13:29:57 - [TEST_STEP][PASSED] - AllNoOfUsers.add(getText().toLowerCase()): null

2020-03-13 13:29:57 - [TEST_STEP][PASSED] - AllNoOfUsers.add(getText().toLowerCase()): null

2020-03-13 13:29:57 - [TEST_STEP][PASSED] - AllNoOfUsers.add(getText().toLowerCase()): null

2020-03-13 13:29:57 - [TEST_STEP][PASSED] - AllNoOfUsers.add(getText().toLowerCase()): null

2020-03-13 13:29:57 - [TEST_STEP][PASSED] - AllNoOfUsers.add(getText().toLowerCase()): null

2020-03-13 13:29:57 - [TEST_STEP][PASSED] - AllNoOfUsers.add(getText().toLowerCase()): null

2020-03-13 13:29:57 - [TEST_STEP][PASSED] - AllNoOfUsers.add(getText().toLowerCase()): null

2020-03-13 13:29:57 - [TEST_STEP][PASSED] - AllNoOfUsers.add(getText().toLowerCase()): null

2020-03-13 13:29:57 - [TEST_STEP][PASSED] - AllNoOfUsers.add(getText().toLowerCase()): null

2020-03-13 13:29:57 - [TEST_STEP][PASSED] - click(findTestObject("ROLES/Roles_page/Pagination/front_navigation")): Object: 'Object Repository/ROLES/Roles_page/Pagination/front_navigation' is clicked on

2020-03-13 13:29:57 - [MESSAGE][PASSED] - Object: 'Object Repository/ROLES/Roles_page/Pagination/front_navigation' is clicked on

2020-03-13 13:29:57 - [TEST_STEP][PASSED] - NoOfUsers = findWebElements(findTestObject("ROLES/Roles_page/sorting/No.Users"), 2): null

2020-03-13 13:29:58 - [TEST_STEP][PASSED] - for (org.openqa.selenium.WebElement a : NoOfUsers): null

2020-03-13 13:29:58 - [TEST_STEP][PASSED] - AllNoOfUsers.add(getText().toLowerCase()): null

2020-03-13 13:29:58 - [TEST_STEP][PASSED] - AllNoOfUsers.add(getText().toLowerCase()): null

2020-03-13 13:29:58 - [TEST_STEP][PASSED] - AllNoOfUsers.add(getText().toLowerCase()): null

2020-03-13 13:29:58 - [TEST_STEP][PASSED] - AllNoOfUsers.add(getText().toLowerCase()): null

2020-03-13 13:29:58 - [TEST_STEP][PASSED] - AllNoOfUsers.add(getText().toLowerCase()): null

2020-03-13 13:29:58 - [TEST_STEP][PASSED] - AllNoOfUsers.add(getText().toLowerCase()): null

2020-03-13 13:29:58 - [TEST_STEP][PASSED] - AllNoOfUsers.add(getText().toLowerCase()): null

2020-03-13 13:29:58 - [TEST_STEP][PASSED] - AllNoOfUsers.add(getText().toLowerCase()): null

2020-03-13 13:29:58 - [TEST_STEP][PASSED] - AllNoOfUsers.add(getText().toLowerCase()): null

2020-03-13 13:29:58 - [TEST_STEP][PASSED] - AllNoOfUsers.add(getText().toLowerCase()): null

2020-03-13 13:29:58 - [TEST_STEP][PASSED] - click(findTestObject("ROLES/Roles_page/Pagination/front_navigation")): Object: 'Object Repository/ROLES/Roles_page/Pagination/front_navigation' is clicked on

2020-03-13 13:29:59 - [MESSAGE][PASSED] - Object: 'Object Repository/ROLES/Roles_page/Pagination/front_navigation' is clicked on

2020-03-13 13:29:59 - [TEST_STEP][PASSED] - NoOfUsers = findWebElements(findTestObject("ROLES/Roles_page/sorting/No.Users"), 2): null

2020-03-13 13:30:00 - [TEST_STEP][PASSED] - for (org.openqa.selenium.WebElement a : NoOfUsers): null

2020-03-13 13:30:00 - [TEST_STEP][PASSED] - AllNoOfUsers.add(getText().toLowerCase()): null

2020-03-13 13:30:00 - [TEST_STEP][PASSED] - AllNoOfUsers.add(getText().toLowerCase()): null

2020-03-13 13:30:00 - [TEST_STEP][PASSED] - AllNoOfUsers.add(getText().toLowerCase()): null

2020-03-13 13:30:00 - [TEST_STEP][PASSED] - AllNoOfUsers.add(getText().toLowerCase()): null

2020-03-13 13:30:00 - [TEST_STEP][PASSED] - AllNoOfUsers.add(getText().toLowerCase()): null

2020-03-13 13:30:00 - [TEST_STEP][PASSED] - AllNoOfUsers.add(getText().toLowerCase()): null

2020-03-13 13:30:00 - [TEST_STEP][PASSED] - AllNoOfUsers.add(getText().toLowerCase()): null

2020-03-13 13:30:00 - [TEST_STEP][PASSED] - AllNoOfUsers.add(getText().toLowerCase()): null

2020-03-13 13:30:00 - [TEST_STEP][PASSED] - AllNoOfUsers.add(getText().toLowerCase()): null

2020-03-13 13:30:00 - [TEST_STEP][PASSED] - AllNoOfUsers.add(getText().toLowerCase()): null

2020-03-13 13:30:00 - [TEST_STEP][PASSED] - click(findTestObject("ROLES/Roles_page/Pagination/front_navigation")): Object: 'Object Repository/ROLES/Roles_page/Pagination/front_navigation' is clicked on

2020-03-13 13:30:01 - [MESSAGE][PASSED] - Object: 'Object Repository/ROLES/Roles_page/Pagination/front_navigation' is clicked on

2020-03-13 13:30:01 - [TEST_STEP][PASSED] - NoOfUsers = findWebElements(findTestObject("ROLES/Roles_page/sorting/No.Users"), 2): null

2020-03-13 13:30:01 - [TEST_STEP][PASSED] - for (org.openqa.selenium.WebElement a : NoOfUsers): null

2020-03-13 13:30:01 - [TEST_STEP][PASSED] - AllNoOfUsers.add(getText().toLowerCase()): null

2020-03-13 13:30:01 - [TEST_STEP][PASSED] - AllNoOfUsers.add(getText().toLowerCase()): null

2020-03-13 13:30:01 - [TEST_STEP][PASSED] - AllNoOfUsers.add(getText().toLowerCase()): null

2020-03-13 13:30:01 - [TEST_STEP][PASSED] - AllNoOfUsers.add(getText().toLowerCase()): null

2020-03-13 13:30:01 - [TEST_STEP][PASSED] - AllNoOfUsers.add(getText().toLowerCase()): null

2020-03-13 13:30:01 - [TEST_STEP][PASSED] - AllNoOfUsers.add(getText().toLowerCase()): null

2020-03-13 13:30:02 - [TEST_STEP][PASSED] - AllNoOfUsers.add(getText().toLowerCase()): null

2020-03-13 13:30:02 - [TEST_STEP][PASSED] - AllNoOfUsers.add(getText().toLowerCase()): null

2020-03-13 13:30:02 - [TEST_STEP][PASSED] - AllNoOfUsers.add(getText().toLowerCase()): null

2020-03-13 13:30:02 - [TEST_STEP][PASSED] - AllNoOfUsers.add(getText().toLowerCase()): null

2020-03-13 13:30:02 - [TEST_STEP][PASSED] - click(findTestObject("ROLES/Roles_page/Pagination/front_navigation")): Object: 'Object Repository/ROLES/Roles_page/Pagination/front_navigation' is clicked on

2020-03-13 13:30:02 - [MESSAGE][PASSED] - Object: 'Object Repository/ROLES/Roles_page/Pagination/front_navigation' is clicked on

2020-03-13 13:30:02 - [TEST_STEP][PASSED] - NoOfUsers = findWebElements(findTestObject("ROLES/Roles_page/sorting/No.Users"), 2): null

2020-03-13 13:30:03 - [TEST_STEP][PASSED] - for (org.openqa.selenium.WebElement a : NoOfUsers): null

2020-03-13 13:30:03 - [TEST_STEP][PASSED] - AllNoOfUsers.add(getText().toLowerCase()): null

2020-03-13 13:30:03 - [TEST_STEP][PASSED] - AllNoOfUsers.add(getText().toLowerCase()): null

2020-03-13 13:30:03 - [TEST_STEP][PASSED] - AllNoOfUsers.add(getText().toLowerCase()): null

2020-03-13 13:30:03 - [TEST_STEP][PASSED] - AllNoOfUsers.add(getText().toLowerCase()): null

2020-03-13 13:30:03 - [TEST_STEP][PASSED] - AllNoOfUsers.add(getText().toLowerCase()): null

2020-03-13 13:30:03 - [TEST_STEP][PASSED] - AllNoOfUsers.add(getText().toLowerCase()): null

2020-03-13 13:30:03 - [TEST_STEP][PASSED] - AllNoOfUsers.add(getText().toLowerCase()): null

2020-03-13 13:30:03 - [TEST_STEP][PASSED] - AllNoOfUsers.add(getText().toLowerCase()): null

2020-03-13 13:30:03 - [TEST_STEP][PASSED] - AllNoOfUsers.add(getText().toLowerCase()): null

2020-03-13 13:30:03 - [TEST_STEP][PASSED] - AllNoOfUsers.add(getText().toLowerCase()): null

2020-03-13 13:30:03 - [TEST_STEP][PASSED] - click(findTestObject("ROLES/Roles_page/Pagination/front_navigation")): Object: 'Object Repository/ROLES/Roles_page/Pagination/front_navigation' is clicked on

2020-03-13 13:30:04 - [MESSAGE][PASSED] - Object: 'Object Repository/ROLES/Roles_page/Pagination/front_navigation' is clicked on

2020-03-13 13:30:04 - [TEST_STEP][PASSED] - NoOfUsers = findWebElements(findTestObject("ROLES/Roles_page/sorting/No.Users"), 2): null

2020-03-13 13:30:04 - [TEST_STEP][PASSED] - for (org.openqa.selenium.WebElement a : NoOfUsers): null

2020-03-13 13:30:04 - [TEST_STEP][PASSED] - AllNoOfUsers.add(getText().toLowerCase()): null

2020-03-13 13:30:04 - [TEST_STEP][PASSED] - AllNoOfUsers.add(getText().toLowerCase()): null

2020-03-13 13:30:04 - [TEST_STEP][PASSED] - AllNoOfUsers.add(getText().toLowerCase()): null

2020-03-13 13:30:04 - [TEST_STEP][PASSED] - AllNoOfUsers.add(getText().toLowerCase()): null

2020-03-13 13:30:05 - [TEST_STEP][PASSED] - AllNoOfUsers.add(getText().toLowerCase()): null

2020-03-13 13:30:05 - [TEST_STEP][PASSED] - AllNoOfUsers.add(getText().toLowerCase()): null

2020-03-13 13:30:05 - [TEST_STEP][PASSED] - AllNoOfUsers.add(getText().toLowerCase()): null

2020-03-13 13:30:05 - [TEST_STEP][PASSED] - AllNoOfUsers.add(getText().toLowerCase()): null

2020-03-13 13:30:05 - [TEST_STEP][PASSED] - AllNoOfUsers.add(getText().toLowerCase()): null

2020-03-13 13:30:05 - [TEST_STEP][PASSED] - AllNoOfUsers.add(getText().toLowerCase()): null

2020-03-13 13:30:05 - [TEST_STEP][PASSED] - click(findTestObject("ROLES/Roles_page/Pagination/front_navigation")): Object: 'Object Repository/ROLES/Roles_page/Pagination/front_navigation' is clicked on

2020-03-13 13:30:05 - [MESSAGE][PASSED] - Object: 'Object Repository/ROLES/Roles_page/Pagination/front_navigation' is clicked on

2020-03-13 13:30:05 - [TEST_STEP][PASSED] - NoOfUsers = findWebElements(findTestObject("ROLES/Roles_page/sorting/No.Users"), 2): null

2020-03-13 13:30:06 - [TEST_STEP][PASSED] - for (org.openqa.selenium.WebElement a : NoOfUsers): null

2020-03-13 13:30:06 - [TEST_STEP][PASSED] - AllNoOfUsers.add(getText().toLowerCase()): null

2020-03-13 13:30:06 - [TEST_STEP][PASSED] - AllNoOfUsers.add(getText().toLowerCase()): null

2020-03-13 13:30:06 - [TEST_STEP][PASSED] - AllNoOfUsers.add(getText().toLowerCase()): null

2020-03-13 13:30:06 - [TEST_STEP][PASSED] - AllNoOfUsers.add(getText().toLowerCase()): null

2020-03-13 13:30:06 - [TEST_STEP][PASSED] - AllNoOfUsers.add(getText().toLowerCase()): null

2020-03-13 13:30:06 - [TEST_STEP][PASSED] - AllNoOfUsers.add(getText().toLowerCase()): null

2020-03-13 13:30:06 - [TEST_STEP][PASSED] - AllNoOfUsers.add(getText().toLowerCase()): null

2020-03-13 13:30:06 - [TEST_STEP][PASSED] - AllNoOfUsers.add(getText().toLowerCase()): null

2020-03-13 13:30:06 - [TEST_STEP][PASSED] - AllNoOfUsers.add(getText().toLowerCase()): null

2020-03-13 13:30:06 - [TEST_STEP][PASSED] - AllNoOfUsers.add(getText().toLowerCase()): null

2020-03-13 13:30:06 - [TEST_STEP][PASSED] - click(findTestObject("ROLES/Roles_page/Pagination/front_navigation")): Object: 'Object Repository/ROLES/Roles_page/Pagination/front_navigation' is clicked on

2020-03-13 13:30:07 - [MESSAGE][PASSED] - Object: 'Object Repository/ROLES/Roles_page/Pagination/front_navigation' is clicked on

2020-03-13 13:30:07 - [TEST_STEP][PASSED] - NoOfUsers = findWebElements(findTestObject("ROLES/Roles_page/sorting/No.Users"), 2): null

2020-03-13 13:30:08 - [TEST_STEP][PASSED] - for (org.openqa.selenium.WebElement a : NoOfUsers): null

2020-03-13 13:30:08 - [TEST_STEP][PASSED] - AllNoOfUsers.add(getText().toLowerCase()): null

2020-03-13 13:30:08 - [TEST_STEP][PASSED] - AllNoOfUsers.add(getText().toLowerCase()): null

2020-03-13 13:30:08 - [TEST_STEP][PASSED] - AllNoOfUsers.add(getText().toLowerCase()): null

2020-03-13 13:30:08 - [TEST_STEP][PASSED] - AllNoOfUsers.add(getText().toLowerCase()): null

2020-03-13 13:30:08 - [TEST_STEP][PASSED] - AllNoOfUsers.add(getText().toLowerCase()): null

2020-03-13 13:30:08 - [TEST_STEP][PASSED] - AllNoOfUsers.add(getText().toLowerCase()): null

2020-03-13 13:30:08 - [TEST_STEP][PASSED] - AllNoOfUsers.add(getText().toLowerCase()): null

2020-03-13 13:30:08 - [TEST_STEP][PASSED] - AllNoOfUsers.add(getText().toLowerCase()): null

2020-03-13 13:30:08 - [TEST_STEP][PASSED] - AllNoOfUsers.add(getText().toLowerCase()): null

2020-03-13 13:30:08 - [TEST_STEP][PASSED] - AllNoOfUsers.add(getText().toLowerCase()): null

2020-03-13 13:30:08 - [TEST_STEP][PASSED] - click(findTestObject("ROLES/Roles_page/Pagination/front_navigation")): Object: 'Object Repository/ROLES/Roles_page/Pagination/front_navigation' is clicked on

2020-03-13 13:30:08 - [MESSAGE][PASSED] - Object: 'Object Repository/ROLES/Roles_page/Pagination/front_navigation' is clicked on

2020-03-13 13:30:08 - [TEST_STEP][PASSED] - NoOfUsers = findWebElements(findTestObject("ROLES/Roles_page/sorting/No.Users"), 2): null

2020-03-13 13:30:09 - [TEST_STEP][PASSED] - for (org.openqa.selenium.WebElement a : NoOfUsers): null

2020-03-13 13:30:09 - [TEST_STEP][PASSED] - AllNoOfUsers.add(getText().toLowerCase()): null

2020-03-13 13:30:09 - [TEST_STEP][PASSED] - click(findTestObject("ROLES/Roles_page/Pagination/front_navigation")): Object: 'Object Repository/ROLES/Roles_page/Pagination/front_navigation' is clicked on

2020-03-13 13:30:12 - [MESSAGE][PASSED] - Object: 'Object Repository/ROLES/Roles_page/Pagination/front_navigation' is clicked on

2020-03-13 13:30:12 - [TEST_STEP][PASSED] - if (j == 1): null

2020-03-13 13:30:12 - [TEST_STEP][PASSED] - if (j == 2): Actual object 'true' and expected object 'true' are equal

2020-03-13 13:30:12 - [TEST_STEP][PASSED] - isSorted = web.CustomKeyword.checkListAscendingOrder(AllNoOfUsers): web.CustomKeyword.checkListAscendingOrder is PASSED

2020-03-13 13:30:12 - [MESSAGE][PASSED] - web.CustomKeyword.checkListAscendingOrder is PASSED

2020-03-13 13:30:12 - [TEST_STEP][PASSED] - println(AllNoOfUsers.size()): null

2020-03-13 13:30:12 - [TEST_STEP][PASSED] - println(AllNoOfUsers): null

2020-03-13 13:30:12 - [TEST_STEP][PASSED] - verifyEqual(isSorted, true): Actual object 'true' and expected object 'true' are equal

2020-03-13 13:30:12 - [MESSAGE][PASSED] - Actual object 'true' and expected object 'true' are equal

2020-03-13 13:30:12 - [TEST_STEP][PASSED] - clearText(findTestObject("Object Repository/ROLES/Roles_page/Pagination/input_Page_form-control")): Text of object 'Object Repository/ROLES/Roles_page/Pagination/input_Page_form-control' is cleared

2020-03-13 13:30:12 - [MESSAGE][PASSED] - Text of object 'Object Repository/ROLES/Roles_page/Pagination/input_Page_form-control' is cleared

2020-03-13 13:30:12 - [TEST_STEP][PASSED] - setText(findTestObject("Object Repository/ROLES/Roles_page/Pagination/input_Page_form-control"), BACK_SPACE + BACK_SPACE + "1" + ENTER): Text 'BACK_SPACE + BACK_SPACE + ENTER + 1' is set on object 'Object Repository/ROLES/Roles_page/Pagination/input_Page_form-control'

2020-03-13 13:30:13 - [MESSAGE][PASSED] - Text 'BACK_SPACE + BACK_SPACE + ENTER + 1' is set on object 'Object Repository/ROLES/Roles_page/Pagination/input_Page_form-control'

2020-03-13 13:30:13 - [TEST_STEP][PASSED] - Start listener action : sampleAfterTestCase: null

2020-03-13 13:30:13 - [TEST_STEP][PASSED] - println(testCaseContext.getTestCaseId()): null

2020-03-13 13:30:13 - [TEST_STEP][PASSED] - println(testCaseContext.getTestCaseStatus()): null

2020-03-13 13:30:13 - [TEST_STEP][PASSED] - println("On Failure Method is Calling : " + testCaseContext.getTestCaseStatus()): null

2020-03-13 13:30:13 - [TEST_STEP][PASSED] - if (!(getTestCaseStatus().equalsIgnoreCase("PASSED"))): null]]></system-out>
         <system-err><![CDATA[]]></system-err>
      </testcase>
      <testcase name="Test Cases/Atlas Platform/Configuration Management/Platform Management/ROLES/Role Listing Grid/RLG-010 Verify sorting by RoleName" time="144.791" classname="Test Cases/Atlas Platform/Configuration Management/Platform Management/ROLES/Role Listing Grid/RLG-010 Verify sorting by RoleName" status="PASSED">
         <system-out><![CDATA[2020-03-13 13:30:15 - [TEST_CASE][PASSED] - Test Cases/Atlas Platform/Configuration Management/Platform Management/ROLES/Role Listing Grid/RLG-010 Verify sorting by RoleName: Test Cases/Atlas Platform/Configuration Management/Platform Management/ROLES/Role Listing Grid/RLG-010 Verify sorting by RoleName

2020-03-13 13:30:15 - [TEST_STEP][NOT_RUN] - callTestCase(findTestCase("Atlas Platform/Platform Navigation/Login/Default Logins/Default_Login_as_Root Admin"), ["Email":findTestData("AMP_Y").getValue(1, 1), "Password":findTestData("AMP_Y").getValue(2, 1), "dashboard_exp_title":""], CONTINUE_ON_FAILURE): NOT_RUN: callTestCase(findTestCase("Atlas Platform/Platform Navigation/Login/Default Logins/Default_Login_as_Root Admin"), ["Email":findTestData("AMP_Y").getValue(1, 1), "Password":findTestData("AMP_Y").getValue(2, 1), "dashboard_exp_title":""], CONTINUE_ON_FAILURE)

2020-03-13 13:30:15 - [MESSAGE][NOT_RUN] - NOT_RUN: callTestCase(findTestCase("Atlas Platform/Platform Navigation/Login/Default Logins/Default_Login_as_Root Admin"), ["Email":findTestData("AMP_Y").getValue(1, 1), "Password":findTestData("AMP_Y").getValue(2, 1), "dashboard_exp_title":""], CONTINUE_ON_FAILURE)

2020-03-13 13:30:15 - [TEST_STEP][PASSED] - driver = getWebDriver(): null

2020-03-13 13:30:15 - [TEST_STEP][NOT_RUN] - click(findTestObject("ROLES/Role_Navigation/a_ADMIN")): NOT_RUN: click(findTestObject("ROLES/Role_Navigation/a_ADMIN"))

2020-03-13 13:30:15 - [MESSAGE][NOT_RUN] - NOT_RUN: click(findTestObject("ROLES/Role_Navigation/a_ADMIN"))

2020-03-13 13:30:15 - [TEST_STEP][PASSED] - noOfPages_text = getText(findTestObject("ROLES/Roles_page/Pagination/label_of 10")): Text of object 'Object Repository/ROLES/Roles_page/Pagination/label_of 10' is: 'of 18'

2020-03-13 13:30:16 - [MESSAGE][PASSED] - Text of object 'Object Repository/ROLES/Roles_page/Pagination/label_of 10' is: 'of 18'

2020-03-13 13:30:16 - [TEST_STEP][PASSED] - noOfPages = Integer.parseInt(noOfPages_text.substring(3)): null

2020-03-13 13:30:16 - [TEST_STEP][PASSED] - println(noOfPages): null

2020-03-13 13:30:16 - [TEST_STEP][PASSED] - for ([j = 1, j < 3, (j++)]): Actual object 'true' and expected object 'true' are equal

2020-03-13 13:30:16 - [TEST_STEP][PASSED] - click(findTestObject("ROLES/Roles_page/sorting/RoleName_header")): Object: 'Object Repository/ROLES/Roles_page/sorting/RoleName_header' is clicked on

2020-03-13 13:30:16 - [MESSAGE][PASSED] - Object: 'Object Repository/ROLES/Roles_page/sorting/RoleName_header' is clicked on

2020-03-13 13:30:16 - [TEST_STEP][PASSED] - RoleNames = <not implemented yet for class: org.codehaus.groovy.ast.expr.EmptyExpression>: null

2020-03-13 13:30:16 - [TEST_STEP][PASSED] - AllRoleNames = new java.util.ArrayList(): null

2020-03-13 13:30:16 - [TEST_STEP][PASSED] - for ([i = 1, i <= noOfPages, (i++)]): Object: 'Object Repository/ROLES/Roles_page/Pagination/front_navigation' is clicked on

2020-03-13 13:30:16 - [TEST_STEP][PASSED] - RoleNames = findWebElements(findTestObject("ROLES/Roles_page/Role Names"), 2): null

2020-03-13 13:30:17 - [TEST_STEP][PASSED] - for (org.openqa.selenium.WebElement a : RoleNames): null

2020-03-13 13:30:17 - [TEST_STEP][PASSED] - AllRoleNames.add(getText().toLowerCase()): null

2020-03-13 13:30:17 - [TEST_STEP][PASSED] - println(a.getText()): null

2020-03-13 13:30:17 - [TEST_STEP][PASSED] - AllRoleNames.add(getText().toLowerCase()): null

2020-03-13 13:30:17 - [TEST_STEP][PASSED] - println(a.getText()): null

2020-03-13 13:30:17 - [TEST_STEP][PASSED] - AllRoleNames.add(getText().toLowerCase()): null

2020-03-13 13:30:17 - [TEST_STEP][PASSED] - println(a.getText()): null

2020-03-13 13:30:17 - [TEST_STEP][PASSED] - AllRoleNames.add(getText().toLowerCase()): null

2020-03-13 13:30:17 - [TEST_STEP][PASSED] - println(a.getText()): null

2020-03-13 13:30:17 - [TEST_STEP][PASSED] - AllRoleNames.add(getText().toLowerCase()): null

2020-03-13 13:30:17 - [TEST_STEP][PASSED] - println(a.getText()): null

2020-03-13 13:30:17 - [TEST_STEP][PASSED] - AllRoleNames.add(getText().toLowerCase()): null

2020-03-13 13:30:17 - [TEST_STEP][PASSED] - println(a.getText()): null

2020-03-13 13:30:17 - [TEST_STEP][PASSED] - AllRoleNames.add(getText().toLowerCase()): null

2020-03-13 13:30:17 - [TEST_STEP][PASSED] - println(a.getText()): null

2020-03-13 13:30:17 - [TEST_STEP][PASSED] - AllRoleNames.add(getText().toLowerCase()): null

2020-03-13 13:30:17 - [TEST_STEP][PASSED] - println(a.getText()): null

2020-03-13 13:30:17 - [TEST_STEP][PASSED] - AllRoleNames.add(getText().toLowerCase()): null

2020-03-13 13:30:17 - [TEST_STEP][PASSED] - println(a.getText()): null

2020-03-13 13:30:17 - [TEST_STEP][PASSED] - AllRoleNames.add(getText().toLowerCase()): null

2020-03-13 13:30:17 - [TEST_STEP][PASSED] - println(a.getText()): null

2020-03-13 13:30:17 - [TEST_STEP][PASSED] - delay(2): Delayed 2 second(s)

2020-03-13 13:30:19 - [MESSAGE][PASSED] - Delayed 2 second(s)

2020-03-13 13:30:19 - [TEST_STEP][PASSED] - click(findTestObject("ROLES/Roles_page/Pagination/front_navigation")): Object: 'Object Repository/ROLES/Roles_page/Pagination/front_navigation' is clicked on

2020-03-13 13:30:20 - [MESSAGE][PASSED] - Object: 'Object Repository/ROLES/Roles_page/Pagination/front_navigation' is clicked on

2020-03-13 13:30:20 - [TEST_STEP][PASSED] - RoleNames = findWebElements(findTestObject("ROLES/Roles_page/Role Names"), 2): null

2020-03-13 13:30:21 - [TEST_STEP][PASSED] - for (org.openqa.selenium.WebElement a : RoleNames): null

2020-03-13 13:30:21 - [TEST_STEP][PASSED] - AllRoleNames.add(getText().toLowerCase()): null

2020-03-13 13:30:21 - [TEST_STEP][PASSED] - println(a.getText()): null

2020-03-13 13:30:21 - [TEST_STEP][PASSED] - AllRoleNames.add(getText().toLowerCase()): null

2020-03-13 13:30:21 - [TEST_STEP][PASSED] - println(a.getText()): null

2020-03-13 13:30:21 - [TEST_STEP][PASSED] - AllRoleNames.add(getText().toLowerCase()): null

2020-03-13 13:30:21 - [TEST_STEP][PASSED] - println(a.getText()): null

2020-03-13 13:30:21 - [TEST_STEP][PASSED] - AllRoleNames.add(getText().toLowerCase()): null

2020-03-13 13:30:21 - [TEST_STEP][PASSED] - println(a.getText()): null

2020-03-13 13:30:21 - [TEST_STEP][PASSED] - AllRoleNames.add(getText().toLowerCase()): null

2020-03-13 13:30:21 - [TEST_STEP][PASSED] - println(a.getText()): null

2020-03-13 13:30:21 - [TEST_STEP][PASSED] - AllRoleNames.add(getText().toLowerCase()): null

2020-03-13 13:30:21 - [TEST_STEP][PASSED] - println(a.getText()): null

2020-03-13 13:30:21 - [TEST_STEP][PASSED] - AllRoleNames.add(getText().toLowerCase()): null

2020-03-13 13:30:21 - [TEST_STEP][PASSED] - println(a.getText()): null

2020-03-13 13:30:21 - [TEST_STEP][PASSED] - AllRoleNames.add(getText().toLowerCase()): null

2020-03-13 13:30:21 - [TEST_STEP][PASSED] - println(a.getText()): null

2020-03-13 13:30:21 - [TEST_STEP][PASSED] - AllRoleNames.add(getText().toLowerCase()): null

2020-03-13 13:30:21 - [TEST_STEP][PASSED] - println(a.getText()): null

2020-03-13 13:30:21 - [TEST_STEP][PASSED] - AllRoleNames.add(getText().toLowerCase()): null

2020-03-13 13:30:21 - [TEST_STEP][PASSED] - println(a.getText()): null

2020-03-13 13:30:21 - [TEST_STEP][PASSED] - delay(2): Delayed 2 second(s)

2020-03-13 13:30:23 - [MESSAGE][PASSED] - Delayed 2 second(s)

2020-03-13 13:30:23 - [TEST_STEP][PASSED] - click(findTestObject("ROLES/Roles_page/Pagination/front_navigation")): Object: 'Object Repository/ROLES/Roles_page/Pagination/front_navigation' is clicked on

2020-03-13 13:30:24 - [MESSAGE][PASSED] - Object: 'Object Repository/ROLES/Roles_page/Pagination/front_navigation' is clicked on

2020-03-13 13:30:24 - [TEST_STEP][PASSED] - RoleNames = findWebElements(findTestObject("ROLES/Roles_page/Role Names"), 2): null

2020-03-13 13:30:25 - [TEST_STEP][PASSED] - for (org.openqa.selenium.WebElement a : RoleNames): null

2020-03-13 13:30:25 - [TEST_STEP][PASSED] - AllRoleNames.add(getText().toLowerCase()): null

2020-03-13 13:30:25 - [TEST_STEP][PASSED] - println(a.getText()): null

2020-03-13 13:30:25 - [TEST_STEP][PASSED] - AllRoleNames.add(getText().toLowerCase()): null

2020-03-13 13:30:25 - [TEST_STEP][PASSED] - println(a.getText()): null

2020-03-13 13:30:25 - [TEST_STEP][PASSED] - AllRoleNames.add(getText().toLowerCase()): null

2020-03-13 13:30:25 - [TEST_STEP][PASSED] - println(a.getText()): null

2020-03-13 13:30:25 - [TEST_STEP][PASSED] - AllRoleNames.add(getText().toLowerCase()): null

2020-03-13 13:30:25 - [TEST_STEP][PASSED] - println(a.getText()): null

2020-03-13 13:30:25 - [TEST_STEP][PASSED] - AllRoleNames.add(getText().toLowerCase()): null

2020-03-13 13:30:25 - [TEST_STEP][PASSED] - println(a.getText()): null

2020-03-13 13:30:25 - [TEST_STEP][PASSED] - AllRoleNames.add(getText().toLowerCase()): null

2020-03-13 13:30:25 - [TEST_STEP][PASSED] - println(a.getText()): null

2020-03-13 13:30:25 - [TEST_STEP][PASSED] - AllRoleNames.add(getText().toLowerCase()): null

2020-03-13 13:30:25 - [TEST_STEP][PASSED] - println(a.getText()): null

2020-03-13 13:30:25 - [TEST_STEP][PASSED] - AllRoleNames.add(getText().toLowerCase()): null

2020-03-13 13:30:25 - [TEST_STEP][PASSED] - println(a.getText()): null

2020-03-13 13:30:25 - [TEST_STEP][PASSED] - AllRoleNames.add(getText().toLowerCase()): null

2020-03-13 13:30:25 - [TEST_STEP][PASSED] - println(a.getText()): null

2020-03-13 13:30:25 - [TEST_STEP][PASSED] - AllRoleNames.add(getText().toLowerCase()): null

2020-03-13 13:30:25 - [TEST_STEP][PASSED] - println(a.getText()): null

2020-03-13 13:30:25 - [TEST_STEP][PASSED] - delay(2): Delayed 2 second(s)

2020-03-13 13:30:27 - [MESSAGE][PASSED] - Delayed 2 second(s)

2020-03-13 13:30:27 - [TEST_STEP][PASSED] - click(findTestObject("ROLES/Roles_page/Pagination/front_navigation")): Object: 'Object Repository/ROLES/Roles_page/Pagination/front_navigation' is clicked on

2020-03-13 13:30:27 - [MESSAGE][PASSED] - Object: 'Object Repository/ROLES/Roles_page/Pagination/front_navigation' is clicked on

2020-03-13 13:30:27 - [TEST_STEP][PASSED] - RoleNames = findWebElements(findTestObject("ROLES/Roles_page/Role Names"), 2): null

2020-03-13 13:30:28 - [TEST_STEP][PASSED] - for (org.openqa.selenium.WebElement a : RoleNames): null

2020-03-13 13:30:28 - [TEST_STEP][PASSED] - AllRoleNames.add(getText().toLowerCase()): null

2020-03-13 13:30:28 - [TEST_STEP][PASSED] - println(a.getText()): null

2020-03-13 13:30:28 - [TEST_STEP][PASSED] - AllRoleNames.add(getText().toLowerCase()): null

2020-03-13 13:30:28 - [TEST_STEP][PASSED] - println(a.getText()): null

2020-03-13 13:30:28 - [TEST_STEP][PASSED] - AllRoleNames.add(getText().toLowerCase()): null

2020-03-13 13:30:28 - [TEST_STEP][PASSED] - println(a.getText()): null

2020-03-13 13:30:28 - [TEST_STEP][PASSED] - AllRoleNames.add(getText().toLowerCase()): null

2020-03-13 13:30:28 - [TEST_STEP][PASSED] - println(a.getText()): null

2020-03-13 13:30:28 - [TEST_STEP][PASSED] - AllRoleNames.add(getText().toLowerCase()): null

2020-03-13 13:30:29 - [TEST_STEP][PASSED] - println(a.getText()): null

2020-03-13 13:30:29 - [TEST_STEP][PASSED] - AllRoleNames.add(getText().toLowerCase()): null

2020-03-13 13:30:29 - [TEST_STEP][PASSED] - println(a.getText()): null

2020-03-13 13:30:29 - [TEST_STEP][PASSED] - AllRoleNames.add(getText().toLowerCase()): null

2020-03-13 13:30:29 - [TEST_STEP][PASSED] - println(a.getText()): null

2020-03-13 13:30:29 - [TEST_STEP][PASSED] - AllRoleNames.add(getText().toLowerCase()): null

2020-03-13 13:30:29 - [TEST_STEP][PASSED] - println(a.getText()): null

2020-03-13 13:30:29 - [TEST_STEP][PASSED] - AllRoleNames.add(getText().toLowerCase()): null

2020-03-13 13:30:29 - [TEST_STEP][PASSED] - println(a.getText()): null

2020-03-13 13:30:29 - [TEST_STEP][PASSED] - AllRoleNames.add(getText().toLowerCase()): null

2020-03-13 13:30:29 - [TEST_STEP][PASSED] - println(a.getText()): null

2020-03-13 13:30:29 - [TEST_STEP][PASSED] - delay(2): Delayed 2 second(s)

2020-03-13 13:30:31 - [MESSAGE][PASSED] - Delayed 2 second(s)

2020-03-13 13:30:31 - [TEST_STEP][PASSED] - click(findTestObject("ROLES/Roles_page/Pagination/front_navigation")): Object: 'Object Repository/ROLES/Roles_page/Pagination/front_navigation' is clicked on

2020-03-13 13:30:31 - [MESSAGE][PASSED] - Object: 'Object Repository/ROLES/Roles_page/Pagination/front_navigation' is clicked on

2020-03-13 13:30:31 - [TEST_STEP][PASSED] - RoleNames = findWebElements(findTestObject("ROLES/Roles_page/Role Names"), 2): null

2020-03-13 13:30:32 - [TEST_STEP][PASSED] - for (org.openqa.selenium.WebElement a : RoleNames): null

2020-03-13 13:30:32 - [TEST_STEP][PASSED] - AllRoleNames.add(getText().toLowerCase()): null

2020-03-13 13:30:32 - [TEST_STEP][PASSED] - println(a.getText()): null

2020-03-13 13:30:32 - [TEST_STEP][PASSED] - AllRoleNames.add(getText().toLowerCase()): null

2020-03-13 13:30:32 - [TEST_STEP][PASSED] - println(a.getText()): null

2020-03-13 13:30:32 - [TEST_STEP][PASSED] - AllRoleNames.add(getText().toLowerCase()): null

2020-03-13 13:30:32 - [TEST_STEP][PASSED] - println(a.getText()): null

2020-03-13 13:30:32 - [TEST_STEP][PASSED] - AllRoleNames.add(getText().toLowerCase()): null

2020-03-13 13:30:32 - [TEST_STEP][PASSED] - println(a.getText()): null

2020-03-13 13:30:32 - [TEST_STEP][PASSED] - AllRoleNames.add(getText().toLowerCase()): null

2020-03-13 13:30:32 - [TEST_STEP][PASSED] - println(a.getText()): null

2020-03-13 13:30:32 - [TEST_STEP][PASSED] - AllRoleNames.add(getText().toLowerCase()): null

2020-03-13 13:30:33 - [TEST_STEP][PASSED] - println(a.getText()): null

2020-03-13 13:30:33 - [TEST_STEP][PASSED] - AllRoleNames.add(getText().toLowerCase()): null

2020-03-13 13:30:33 - [TEST_STEP][PASSED] - println(a.getText()): null

2020-03-13 13:30:33 - [TEST_STEP][PASSED] - AllRoleNames.add(getText().toLowerCase()): null

2020-03-13 13:30:33 - [TEST_STEP][PASSED] - println(a.getText()): null

2020-03-13 13:30:33 - [TEST_STEP][PASSED] - AllRoleNames.add(getText().toLowerCase()): null

2020-03-13 13:30:33 - [TEST_STEP][PASSED] - println(a.getText()): null

2020-03-13 13:30:33 - [TEST_STEP][PASSED] - AllRoleNames.add(getText().toLowerCase()): null

2020-03-13 13:30:33 - [TEST_STEP][PASSED] - println(a.getText()): null

2020-03-13 13:30:33 - [TEST_STEP][PASSED] - delay(2): Delayed 2 second(s)

2020-03-13 13:30:35 - [MESSAGE][PASSED] - Delayed 2 second(s)

2020-03-13 13:30:35 - [TEST_STEP][PASSED] - click(findTestObject("ROLES/Roles_page/Pagination/front_navigation")): Object: 'Object Repository/ROLES/Roles_page/Pagination/front_navigation' is clicked on

2020-03-13 13:30:35 - [MESSAGE][PASSED] - Object: 'Object Repository/ROLES/Roles_page/Pagination/front_navigation' is clicked on

2020-03-13 13:30:35 - [TEST_STEP][PASSED] - RoleNames = findWebElements(findTestObject("ROLES/Roles_page/Role Names"), 2): null

2020-03-13 13:30:36 - [TEST_STEP][PASSED] - for (org.openqa.selenium.WebElement a : RoleNames): null

2020-03-13 13:30:36 - [TEST_STEP][PASSED] - AllRoleNames.add(getText().toLowerCase()): null

2020-03-13 13:30:36 - [TEST_STEP][PASSED] - println(a.getText()): null

2020-03-13 13:30:36 - [TEST_STEP][PASSED] - AllRoleNames.add(getText().toLowerCase()): null

2020-03-13 13:30:36 - [TEST_STEP][PASSED] - println(a.getText()): null

2020-03-13 13:30:36 - [TEST_STEP][PASSED] - AllRoleNames.add(getText().toLowerCase()): null

2020-03-13 13:30:36 - [TEST_STEP][PASSED] - println(a.getText()): null

2020-03-13 13:30:36 - [TEST_STEP][PASSED] - AllRoleNames.add(getText().toLowerCase()): null

2020-03-13 13:30:36 - [TEST_STEP][PASSED] - println(a.getText()): null

2020-03-13 13:30:36 - [TEST_STEP][PASSED] - AllRoleNames.add(getText().toLowerCase()): null

2020-03-13 13:30:36 - [TEST_STEP][PASSED] - println(a.getText()): null

2020-03-13 13:30:36 - [TEST_STEP][PASSED] - AllRoleNames.add(getText().toLowerCase()): null

2020-03-13 13:30:36 - [TEST_STEP][PASSED] - println(a.getText()): null

2020-03-13 13:30:36 - [TEST_STEP][PASSED] - AllRoleNames.add(getText().toLowerCase()): null

2020-03-13 13:30:37 - [TEST_STEP][PASSED] - println(a.getText()): null

2020-03-13 13:30:37 - [TEST_STEP][PASSED] - AllRoleNames.add(getText().toLowerCase()): null

2020-03-13 13:30:37 - [TEST_STEP][PASSED] - println(a.getText()): null

2020-03-13 13:30:37 - [TEST_STEP][PASSED] - AllRoleNames.add(getText().toLowerCase()): null

2020-03-13 13:30:37 - [TEST_STEP][PASSED] - println(a.getText()): null

2020-03-13 13:30:37 - [TEST_STEP][PASSED] - AllRoleNames.add(getText().toLowerCase()): null

2020-03-13 13:30:37 - [TEST_STEP][PASSED] - println(a.getText()): null

2020-03-13 13:30:37 - [TEST_STEP][PASSED] - delay(2): Delayed 2 second(s)

2020-03-13 13:30:39 - [MESSAGE][PASSED] - Delayed 2 second(s)

2020-03-13 13:30:39 - [TEST_STEP][PASSED] - click(findTestObject("ROLES/Roles_page/Pagination/front_navigation")): Object: 'Object Repository/ROLES/Roles_page/Pagination/front_navigation' is clicked on

2020-03-13 13:30:39 - [MESSAGE][PASSED] - Object: 'Object Repository/ROLES/Roles_page/Pagination/front_navigation' is clicked on

2020-03-13 13:30:39 - [TEST_STEP][PASSED] - RoleNames = findWebElements(findTestObject("ROLES/Roles_page/Role Names"), 2): null

2020-03-13 13:30:40 - [TEST_STEP][PASSED] - for (org.openqa.selenium.WebElement a : RoleNames): null

2020-03-13 13:30:40 - [TEST_STEP][PASSED] - AllRoleNames.add(getText().toLowerCase()): null

2020-03-13 13:30:40 - [TEST_STEP][PASSED] - println(a.getText()): null

2020-03-13 13:30:40 - [TEST_STEP][PASSED] - AllRoleNames.add(getText().toLowerCase()): null

2020-03-13 13:30:40 - [TEST_STEP][PASSED] - println(a.getText()): null

2020-03-13 13:30:40 - [TEST_STEP][PASSED] - AllRoleNames.add(getText().toLowerCase()): null

2020-03-13 13:30:40 - [TEST_STEP][PASSED] - println(a.getText()): null

2020-03-13 13:30:40 - [TEST_STEP][PASSED] - AllRoleNames.add(getText().toLowerCase()): null

2020-03-13 13:30:40 - [TEST_STEP][PASSED] - println(a.getText()): null

2020-03-13 13:30:40 - [TEST_STEP][PASSED] - AllRoleNames.add(getText().toLowerCase()): null

2020-03-13 13:30:40 - [TEST_STEP][PASSED] - println(a.getText()): null

2020-03-13 13:30:40 - [TEST_STEP][PASSED] - AllRoleNames.add(getText().toLowerCase()): null

2020-03-13 13:30:40 - [TEST_STEP][PASSED] - println(a.getText()): null

2020-03-13 13:30:40 - [TEST_STEP][PASSED] - AllRoleNames.add(getText().toLowerCase()): null

2020-03-13 13:30:40 - [TEST_STEP][PASSED] - println(a.getText()): null

2020-03-13 13:30:40 - [TEST_STEP][PASSED] - AllRoleNames.add(getText().toLowerCase()): null

2020-03-13 13:30:40 - [TEST_STEP][PASSED] - println(a.getText()): null

2020-03-13 13:30:40 - [TEST_STEP][PASSED] - AllRoleNames.add(getText().toLowerCase()): null

2020-03-13 13:30:40 - [TEST_STEP][PASSED] - println(a.getText()): null

2020-03-13 13:30:40 - [TEST_STEP][PASSED] - AllRoleNames.add(getText().toLowerCase()): null

2020-03-13 13:30:40 - [TEST_STEP][PASSED] - println(a.getText()): null

2020-03-13 13:30:40 - [TEST_STEP][PASSED] - delay(2): Delayed 2 second(s)

2020-03-13 13:30:42 - [MESSAGE][PASSED] - Delayed 2 second(s)

2020-03-13 13:30:42 - [TEST_STEP][PASSED] - click(findTestObject("ROLES/Roles_page/Pagination/front_navigation")): Object: 'Object Repository/ROLES/Roles_page/Pagination/front_navigation' is clicked on

2020-03-13 13:30:43 - [MESSAGE][PASSED] - Object: 'Object Repository/ROLES/Roles_page/Pagination/front_navigation' is clicked on

2020-03-13 13:30:43 - [TEST_STEP][PASSED] - RoleNames = findWebElements(findTestObject("ROLES/Roles_page/Role Names"), 2): null

2020-03-13 13:30:44 - [TEST_STEP][PASSED] - for (org.openqa.selenium.WebElement a : RoleNames): null

2020-03-13 13:30:44 - [TEST_STEP][PASSED] - AllRoleNames.add(getText().toLowerCase()): null

2020-03-13 13:30:44 - [TEST_STEP][PASSED] - println(a.getText()): null

2020-03-13 13:30:44 - [TEST_STEP][PASSED] - AllRoleNames.add(getText().toLowerCase()): null

2020-03-13 13:30:44 - [TEST_STEP][PASSED] - println(a.getText()): null

2020-03-13 13:30:44 - [TEST_STEP][PASSED] - AllRoleNames.add(getText().toLowerCase()): null

2020-03-13 13:30:44 - [TEST_STEP][PASSED] - println(a.getText()): null

2020-03-13 13:30:44 - [TEST_STEP][PASSED] - AllRoleNames.add(getText().toLowerCase()): null

2020-03-13 13:30:44 - [TEST_STEP][PASSED] - println(a.getText()): null

2020-03-13 13:30:44 - [TEST_STEP][PASSED] - AllRoleNames.add(getText().toLowerCase()): null

2020-03-13 13:30:44 - [TEST_STEP][PASSED] - println(a.getText()): null

2020-03-13 13:30:44 - [TEST_STEP][PASSED] - AllRoleNames.add(getText().toLowerCase()): null

2020-03-13 13:30:44 - [TEST_STEP][PASSED] - println(a.getText()): null

2020-03-13 13:30:44 - [TEST_STEP][PASSED] - AllRoleNames.add(getText().toLowerCase()): null

2020-03-13 13:30:44 - [TEST_STEP][PASSED] - println(a.getText()): null

2020-03-13 13:30:44 - [TEST_STEP][PASSED] - AllRoleNames.add(getText().toLowerCase()): null

2020-03-13 13:30:44 - [TEST_STEP][PASSED] - println(a.getText()): null

2020-03-13 13:30:44 - [TEST_STEP][PASSED] - AllRoleNames.add(getText().toLowerCase()): null

2020-03-13 13:30:44 - [TEST_STEP][PASSED] - println(a.getText()): null

2020-03-13 13:30:44 - [TEST_STEP][PASSED] - AllRoleNames.add(getText().toLowerCase()): null

2020-03-13 13:30:45 - [TEST_STEP][PASSED] - println(a.getText()): null

2020-03-13 13:30:45 - [TEST_STEP][PASSED] - delay(2): Delayed 2 second(s)

2020-03-13 13:30:47 - [MESSAGE][PASSED] - Delayed 2 second(s)

2020-03-13 13:30:47 - [TEST_STEP][PASSED] - click(findTestObject("ROLES/Roles_page/Pagination/front_navigation")): Object: 'Object Repository/ROLES/Roles_page/Pagination/front_navigation' is clicked on

2020-03-13 13:30:47 - [MESSAGE][PASSED] - Object: 'Object Repository/ROLES/Roles_page/Pagination/front_navigation' is clicked on

2020-03-13 13:30:47 - [TEST_STEP][PASSED] - RoleNames = findWebElements(findTestObject("ROLES/Roles_page/Role Names"), 2): null

2020-03-13 13:30:48 - [TEST_STEP][PASSED] - for (org.openqa.selenium.WebElement a : RoleNames): null

2020-03-13 13:30:48 - [TEST_STEP][PASSED] - AllRoleNames.add(getText().toLowerCase()): null

2020-03-13 13:30:48 - [TEST_STEP][PASSED] - println(a.getText()): null

2020-03-13 13:30:48 - [TEST_STEP][PASSED] - AllRoleNames.add(getText().toLowerCase()): null

2020-03-13 13:30:48 - [TEST_STEP][PASSED] - println(a.getText()): null

2020-03-13 13:30:48 - [TEST_STEP][PASSED] - AllRoleNames.add(getText().toLowerCase()): null

2020-03-13 13:30:48 - [TEST_STEP][PASSED] - println(a.getText()): null

2020-03-13 13:30:48 - [TEST_STEP][PASSED] - AllRoleNames.add(getText().toLowerCase()): null

2020-03-13 13:30:48 - [TEST_STEP][PASSED] - println(a.getText()): null

2020-03-13 13:30:48 - [TEST_STEP][PASSED] - AllRoleNames.add(getText().toLowerCase()): null

2020-03-13 13:30:48 - [TEST_STEP][PASSED] - println(a.getText()): null

2020-03-13 13:30:48 - [TEST_STEP][PASSED] - AllRoleNames.add(getText().toLowerCase()): null

2020-03-13 13:30:48 - [TEST_STEP][PASSED] - println(a.getText()): null

2020-03-13 13:30:48 - [TEST_STEP][PASSED] - AllRoleNames.add(getText().toLowerCase()): null

2020-03-13 13:30:48 - [TEST_STEP][PASSED] - println(a.getText()): null

2020-03-13 13:30:48 - [TEST_STEP][PASSED] - AllRoleNames.add(getText().toLowerCase()): null

2020-03-13 13:30:48 - [TEST_STEP][PASSED] - println(a.getText()): null

2020-03-13 13:30:48 - [TEST_STEP][PASSED] - AllRoleNames.add(getText().toLowerCase()): null

2020-03-13 13:30:48 - [TEST_STEP][PASSED] - println(a.getText()): null

2020-03-13 13:30:48 - [TEST_STEP][PASSED] - AllRoleNames.add(getText().toLowerCase()): null

2020-03-13 13:30:48 - [TEST_STEP][PASSED] - println(a.getText()): null

2020-03-13 13:30:48 - [TEST_STEP][PASSED] - delay(2): Delayed 2 second(s)

2020-03-13 13:30:50 - [MESSAGE][PASSED] - Delayed 2 second(s)

2020-03-13 13:30:50 - [TEST_STEP][PASSED] - click(findTestObject("ROLES/Roles_page/Pagination/front_navigation")): Object: 'Object Repository/ROLES/Roles_page/Pagination/front_navigation' is clicked on

2020-03-13 13:30:51 - [MESSAGE][PASSED] - Object: 'Object Repository/ROLES/Roles_page/Pagination/front_navigation' is clicked on

2020-03-13 13:30:51 - [TEST_STEP][PASSED] - RoleNames = findWebElements(findTestObject("ROLES/Roles_page/Role Names"), 2): null

2020-03-13 13:30:52 - [TEST_STEP][PASSED] - for (org.openqa.selenium.WebElement a : RoleNames): null

2020-03-13 13:30:52 - [TEST_STEP][PASSED] - AllRoleNames.add(getText().toLowerCase()): null

2020-03-13 13:30:52 - [TEST_STEP][PASSED] - println(a.getText()): null

2020-03-13 13:30:52 - [TEST_STEP][PASSED] - AllRoleNames.add(getText().toLowerCase()): null

2020-03-13 13:30:52 - [TEST_STEP][PASSED] - println(a.getText()): null

2020-03-13 13:30:52 - [TEST_STEP][PASSED] - AllRoleNames.add(getText().toLowerCase()): null

2020-03-13 13:30:52 - [TEST_STEP][PASSED] - println(a.getText()): null

2020-03-13 13:30:52 - [TEST_STEP][PASSED] - AllRoleNames.add(getText().toLowerCase()): null

2020-03-13 13:30:52 - [TEST_STEP][PASSED] - println(a.getText()): null

2020-03-13 13:30:52 - [TEST_STEP][PASSED] - AllRoleNames.add(getText().toLowerCase()): null

2020-03-13 13:30:53 - [TEST_STEP][PASSED] - println(a.getText()): null

2020-03-13 13:30:53 - [TEST_STEP][PASSED] - AllRoleNames.add(getText().toLowerCase()): null

2020-03-13 13:30:53 - [TEST_STEP][PASSED] - println(a.getText()): null

2020-03-13 13:30:53 - [TEST_STEP][PASSED] - AllRoleNames.add(getText().toLowerCase()): null

2020-03-13 13:30:53 - [TEST_STEP][PASSED] - println(a.getText()): null

2020-03-13 13:30:53 - [TEST_STEP][PASSED] - AllRoleNames.add(getText().toLowerCase()): null

2020-03-13 13:30:53 - [TEST_STEP][PASSED] - println(a.getText()): null

2020-03-13 13:30:53 - [TEST_STEP][PASSED] - AllRoleNames.add(getText().toLowerCase()): null

2020-03-13 13:30:53 - [TEST_STEP][PASSED] - println(a.getText()): null

2020-03-13 13:30:53 - [TEST_STEP][PASSED] - AllRoleNames.add(getText().toLowerCase()): null

2020-03-13 13:30:53 - [TEST_STEP][PASSED] - println(a.getText()): null

2020-03-13 13:30:53 - [TEST_STEP][PASSED] - delay(2): Delayed 2 second(s)

2020-03-13 13:30:55 - [MESSAGE][PASSED] - Delayed 2 second(s)

2020-03-13 13:30:55 - [TEST_STEP][PASSED] - click(findTestObject("ROLES/Roles_page/Pagination/front_navigation")): Object: 'Object Repository/ROLES/Roles_page/Pagination/front_navigation' is clicked on

2020-03-13 13:30:55 - [MESSAGE][PASSED] - Object: 'Object Repository/ROLES/Roles_page/Pagination/front_navigation' is clicked on

2020-03-13 13:30:55 - [TEST_STEP][PASSED] - RoleNames = findWebElements(findTestObject("ROLES/Roles_page/Role Names"), 2): null

2020-03-13 13:30:56 - [TEST_STEP][PASSED] - for (org.openqa.selenium.WebElement a : RoleNames): null

2020-03-13 13:30:56 - [TEST_STEP][PASSED] - AllRoleNames.add(getText().toLowerCase()): null

2020-03-13 13:30:56 - [TEST_STEP][PASSED] - println(a.getText()): null

2020-03-13 13:30:56 - [TEST_STEP][PASSED] - AllRoleNames.add(getText().toLowerCase()): null

2020-03-13 13:30:56 - [TEST_STEP][PASSED] - println(a.getText()): null

2020-03-13 13:30:56 - [TEST_STEP][PASSED] - AllRoleNames.add(getText().toLowerCase()): null

2020-03-13 13:30:56 - [TEST_STEP][PASSED] - println(a.getText()): null

2020-03-13 13:30:56 - [TEST_STEP][PASSED] - AllRoleNames.add(getText().toLowerCase()): null

2020-03-13 13:30:56 - [TEST_STEP][PASSED] - println(a.getText()): null

2020-03-13 13:30:56 - [TEST_STEP][PASSED] - AllRoleNames.add(getText().toLowerCase()): null

2020-03-13 13:30:56 - [TEST_STEP][PASSED] - println(a.getText()): null

2020-03-13 13:30:56 - [TEST_STEP][PASSED] - AllRoleNames.add(getText().toLowerCase()): null

2020-03-13 13:30:56 - [TEST_STEP][PASSED] - println(a.getText()): null

2020-03-13 13:30:56 - [TEST_STEP][PASSED] - AllRoleNames.add(getText().toLowerCase()): null

2020-03-13 13:30:57 - [TEST_STEP][PASSED] - println(a.getText()): null

2020-03-13 13:30:57 - [TEST_STEP][PASSED] - AllRoleNames.add(getText().toLowerCase()): null

2020-03-13 13:30:57 - [TEST_STEP][PASSED] - println(a.getText()): null

2020-03-13 13:30:57 - [TEST_STEP][PASSED] - AllRoleNames.add(getText().toLowerCase()): null

2020-03-13 13:30:57 - [TEST_STEP][PASSED] - println(a.getText()): null

2020-03-13 13:30:57 - [TEST_STEP][PASSED] - AllRoleNames.add(getText().toLowerCase()): null

2020-03-13 13:30:57 - [TEST_STEP][PASSED] - println(a.getText()): null

2020-03-13 13:30:57 - [TEST_STEP][PASSED] - delay(2): Delayed 2 second(s)

2020-03-13 13:30:59 - [MESSAGE][PASSED] - Delayed 2 second(s)

2020-03-13 13:30:59 - [TEST_STEP][PASSED] - click(findTestObject("ROLES/Roles_page/Pagination/front_navigation")): Object: 'Object Repository/ROLES/Roles_page/Pagination/front_navigation' is clicked on

2020-03-13 13:30:59 - [MESSAGE][PASSED] - Object: 'Object Repository/ROLES/Roles_page/Pagination/front_navigation' is clicked on

2020-03-13 13:30:59 - [TEST_STEP][PASSED] - RoleNames = findWebElements(findTestObject("ROLES/Roles_page/Role Names"), 2): null

2020-03-13 13:31:00 - [TEST_STEP][PASSED] - for (org.openqa.selenium.WebElement a : RoleNames): null

2020-03-13 13:31:00 - [TEST_STEP][PASSED] - AllRoleNames.add(getText().toLowerCase()): null

2020-03-13 13:31:00 - [TEST_STEP][PASSED] - println(a.getText()): null

2020-03-13 13:31:00 - [TEST_STEP][PASSED] - AllRoleNames.add(getText().toLowerCase()): null

2020-03-13 13:31:00 - [TEST_STEP][PASSED] - println(a.getText()): null

2020-03-13 13:31:00 - [TEST_STEP][PASSED] - AllRoleNames.add(getText().toLowerCase()): null

2020-03-13 13:31:00 - [TEST_STEP][PASSED] - println(a.getText()): null

2020-03-13 13:31:00 - [TEST_STEP][PASSED] - AllRoleNames.add(getText().toLowerCase()): null

2020-03-13 13:31:00 - [TEST_STEP][PASSED] - println(a.getText()): null

2020-03-13 13:31:00 - [TEST_STEP][PASSED] - AllRoleNames.add(getText().toLowerCase()): null

2020-03-13 13:31:00 - [TEST_STEP][PASSED] - println(a.getText()): null

2020-03-13 13:31:00 - [TEST_STEP][PASSED] - AllRoleNames.add(getText().toLowerCase()): null

2020-03-13 13:31:00 - [TEST_STEP][PASSED] - println(a.getText()): null

2020-03-13 13:31:00 - [TEST_STEP][PASSED] - AllRoleNames.add(getText().toLowerCase()): null

2020-03-13 13:31:00 - [TEST_STEP][PASSED] - println(a.getText()): null

2020-03-13 13:31:00 - [TEST_STEP][PASSED] - AllRoleNames.add(getText().toLowerCase()): null

2020-03-13 13:31:00 - [TEST_STEP][PASSED] - println(a.getText()): null

2020-03-13 13:31:00 - [TEST_STEP][PASSED] - AllRoleNames.add(getText().toLowerCase()): null

2020-03-13 13:31:00 - [TEST_STEP][PASSED] - println(a.getText()): null

2020-03-13 13:31:00 - [TEST_STEP][PASSED] - AllRoleNames.add(getText().toLowerCase()): null

2020-03-13 13:31:00 - [TEST_STEP][PASSED] - println(a.getText()): null

2020-03-13 13:31:00 - [TEST_STEP][PASSED] - delay(2): Delayed 2 second(s)

2020-03-13 13:31:02 - [MESSAGE][PASSED] - Delayed 2 second(s)

2020-03-13 13:31:02 - [TEST_STEP][PASSED] - click(findTestObject("ROLES/Roles_page/Pagination/front_navigation")): Object: 'Object Repository/ROLES/Roles_page/Pagination/front_navigation' is clicked on

2020-03-13 13:31:03 - [MESSAGE][PASSED] - Object: 'Object Repository/ROLES/Roles_page/Pagination/front_navigation' is clicked on

2020-03-13 13:31:03 - [TEST_STEP][PASSED] - RoleNames = findWebElements(findTestObject("ROLES/Roles_page/Role Names"), 2): null

2020-03-13 13:31:04 - [TEST_STEP][PASSED] - for (org.openqa.selenium.WebElement a : RoleNames): null

2020-03-13 13:31:04 - [TEST_STEP][PASSED] - AllRoleNames.add(getText().toLowerCase()): null

2020-03-13 13:31:04 - [TEST_STEP][PASSED] - println(a.getText()): null

2020-03-13 13:31:04 - [TEST_STEP][PASSED] - AllRoleNames.add(getText().toLowerCase()): null

2020-03-13 13:31:04 - [TEST_STEP][PASSED] - println(a.getText()): null

2020-03-13 13:31:04 - [TEST_STEP][PASSED] - AllRoleNames.add(getText().toLowerCase()): null

2020-03-13 13:31:04 - [TEST_STEP][PASSED] - println(a.getText()): null

2020-03-13 13:31:04 - [TEST_STEP][PASSED] - AllRoleNames.add(getText().toLowerCase()): null

2020-03-13 13:31:04 - [TEST_STEP][PASSED] - println(a.getText()): null

2020-03-13 13:31:04 - [TEST_STEP][PASSED] - AllRoleNames.add(getText().toLowerCase()): null

2020-03-13 13:31:04 - [TEST_STEP][PASSED] - println(a.getText()): null

2020-03-13 13:31:04 - [TEST_STEP][PASSED] - AllRoleNames.add(getText().toLowerCase()): null

2020-03-13 13:31:04 - [TEST_STEP][PASSED] - println(a.getText()): null

2020-03-13 13:31:04 - [TEST_STEP][PASSED] - AllRoleNames.add(getText().toLowerCase()): null

2020-03-13 13:31:04 - [TEST_STEP][PASSED] - println(a.getText()): null

2020-03-13 13:31:04 - [TEST_STEP][PASSED] - AllRoleNames.add(getText().toLowerCase()): null

2020-03-13 13:31:04 - [TEST_STEP][PASSED] - println(a.getText()): null

2020-03-13 13:31:04 - [TEST_STEP][PASSED] - AllRoleNames.add(getText().toLowerCase()): null

2020-03-13 13:31:04 - [TEST_STEP][PASSED] - println(a.getText()): null

2020-03-13 13:31:04 - [TEST_STEP][PASSED] - AllRoleNames.add(getText().toLowerCase()): null

2020-03-13 13:31:04 - [TEST_STEP][PASSED] - println(a.getText()): null

2020-03-13 13:31:04 - [TEST_STEP][PASSED] - delay(2): Delayed 2 second(s)

2020-03-13 13:31:06 - [MESSAGE][PASSED] - Delayed 2 second(s)

2020-03-13 13:31:06 - [TEST_STEP][PASSED] - click(findTestObject("ROLES/Roles_page/Pagination/front_navigation")): Object: 'Object Repository/ROLES/Roles_page/Pagination/front_navigation' is clicked on

2020-03-13 13:31:06 - [MESSAGE][PASSED] - Object: 'Object Repository/ROLES/Roles_page/Pagination/front_navigation' is clicked on

2020-03-13 13:31:06 - [TEST_STEP][PASSED] - RoleNames = findWebElements(findTestObject("ROLES/Roles_page/Role Names"), 2): null

2020-03-13 13:31:07 - [TEST_STEP][PASSED] - for (org.openqa.selenium.WebElement a : RoleNames): null

2020-03-13 13:31:07 - [TEST_STEP][PASSED] - AllRoleNames.add(getText().toLowerCase()): null

2020-03-13 13:31:07 - [TEST_STEP][PASSED] - println(a.getText()): null

2020-03-13 13:31:07 - [TEST_STEP][PASSED] - AllRoleNames.add(getText().toLowerCase()): null

2020-03-13 13:31:07 - [TEST_STEP][PASSED] - println(a.getText()): null

2020-03-13 13:31:07 - [TEST_STEP][PASSED] - AllRoleNames.add(getText().toLowerCase()): null

2020-03-13 13:31:07 - [TEST_STEP][PASSED] - println(a.getText()): null

2020-03-13 13:31:07 - [TEST_STEP][PASSED] - AllRoleNames.add(getText().toLowerCase()): null

2020-03-13 13:31:07 - [TEST_STEP][PASSED] - println(a.getText()): null

2020-03-13 13:31:07 - [TEST_STEP][PASSED] - AllRoleNames.add(getText().toLowerCase()): null

2020-03-13 13:31:07 - [TEST_STEP][PASSED] - println(a.getText()): null

2020-03-13 13:31:07 - [TEST_STEP][PASSED] - AllRoleNames.add(getText().toLowerCase()): null

2020-03-13 13:31:07 - [TEST_STEP][PASSED] - println(a.getText()): null

2020-03-13 13:31:07 - [TEST_STEP][PASSED] - AllRoleNames.add(getText().toLowerCase()): null

2020-03-13 13:31:07 - [TEST_STEP][PASSED] - println(a.getText()): null

2020-03-13 13:31:07 - [TEST_STEP][PASSED] - AllRoleNames.add(getText().toLowerCase()): null

2020-03-13 13:31:07 - [TEST_STEP][PASSED] - println(a.getText()): null

2020-03-13 13:31:08 - [TEST_STEP][PASSED] - AllRoleNames.add(getText().toLowerCase()): null

2020-03-13 13:31:08 - [TEST_STEP][PASSED] - println(a.getText()): null

2020-03-13 13:31:08 - [TEST_STEP][PASSED] - AllRoleNames.add(getText().toLowerCase()): null

2020-03-13 13:31:08 - [TEST_STEP][PASSED] - println(a.getText()): null

2020-03-13 13:31:08 - [TEST_STEP][PASSED] - delay(2): Delayed 2 second(s)

2020-03-13 13:31:10 - [MESSAGE][PASSED] - Delayed 2 second(s)

2020-03-13 13:31:10 - [TEST_STEP][PASSED] - click(findTestObject("ROLES/Roles_page/Pagination/front_navigation")): Object: 'Object Repository/ROLES/Roles_page/Pagination/front_navigation' is clicked on

2020-03-13 13:31:10 - [MESSAGE][PASSED] - Object: 'Object Repository/ROLES/Roles_page/Pagination/front_navigation' is clicked on

2020-03-13 13:31:10 - [TEST_STEP][PASSED] - RoleNames = findWebElements(findTestObject("ROLES/Roles_page/Role Names"), 2): null

2020-03-13 13:31:11 - [TEST_STEP][PASSED] - for (org.openqa.selenium.WebElement a : RoleNames): null

2020-03-13 13:31:11 - [TEST_STEP][PASSED] - AllRoleNames.add(getText().toLowerCase()): null

2020-03-13 13:31:11 - [TEST_STEP][PASSED] - println(a.getText()): null

2020-03-13 13:31:11 - [TEST_STEP][PASSED] - AllRoleNames.add(getText().toLowerCase()): null

2020-03-13 13:31:11 - [TEST_STEP][PASSED] - println(a.getText()): null

2020-03-13 13:31:11 - [TEST_STEP][PASSED] - AllRoleNames.add(getText().toLowerCase()): null

2020-03-13 13:31:11 - [TEST_STEP][PASSED] - println(a.getText()): null

2020-03-13 13:31:11 - [TEST_STEP][PASSED] - AllRoleNames.add(getText().toLowerCase()): null

2020-03-13 13:31:11 - [TEST_STEP][PASSED] - println(a.getText()): null

2020-03-13 13:31:11 - [TEST_STEP][PASSED] - AllRoleNames.add(getText().toLowerCase()): null

2020-03-13 13:31:11 - [TEST_STEP][PASSED] - println(a.getText()): null

2020-03-13 13:31:11 - [TEST_STEP][PASSED] - AllRoleNames.add(getText().toLowerCase()): null

2020-03-13 13:31:11 - [TEST_STEP][PASSED] - println(a.getText()): null

2020-03-13 13:31:11 - [TEST_STEP][PASSED] - AllRoleNames.add(getText().toLowerCase()): null

2020-03-13 13:31:11 - [TEST_STEP][PASSED] - println(a.getText()): null

2020-03-13 13:31:11 - [TEST_STEP][PASSED] - AllRoleNames.add(getText().toLowerCase()): null

2020-03-13 13:31:11 - [TEST_STEP][PASSED] - println(a.getText()): null

2020-03-13 13:31:11 - [TEST_STEP][PASSED] - AllRoleNames.add(getText().toLowerCase()): null

2020-03-13 13:31:11 - [TEST_STEP][PASSED] - println(a.getText()): null

2020-03-13 13:31:11 - [TEST_STEP][PASSED] - AllRoleNames.add(getText().toLowerCase()): null

2020-03-13 13:31:11 - [TEST_STEP][PASSED] - println(a.getText()): null

2020-03-13 13:31:11 - [TEST_STEP][PASSED] - delay(2): Delayed 2 second(s)

2020-03-13 13:31:13 - [MESSAGE][PASSED] - Delayed 2 second(s)

2020-03-13 13:31:13 - [TEST_STEP][PASSED] - click(findTestObject("ROLES/Roles_page/Pagination/front_navigation")): Object: 'Object Repository/ROLES/Roles_page/Pagination/front_navigation' is clicked on

2020-03-13 13:31:14 - [MESSAGE][PASSED] - Object: 'Object Repository/ROLES/Roles_page/Pagination/front_navigation' is clicked on

2020-03-13 13:31:14 - [TEST_STEP][PASSED] - RoleNames = findWebElements(findTestObject("ROLES/Roles_page/Role Names"), 2): null

2020-03-13 13:31:15 - [TEST_STEP][PASSED] - for (org.openqa.selenium.WebElement a : RoleNames): null

2020-03-13 13:31:15 - [TEST_STEP][PASSED] - AllRoleNames.add(getText().toLowerCase()): null

2020-03-13 13:31:15 - [TEST_STEP][PASSED] - println(a.getText()): null

2020-03-13 13:31:15 - [TEST_STEP][PASSED] - AllRoleNames.add(getText().toLowerCase()): null

2020-03-13 13:31:15 - [TEST_STEP][PASSED] - println(a.getText()): null

2020-03-13 13:31:15 - [TEST_STEP][PASSED] - AllRoleNames.add(getText().toLowerCase()): null

2020-03-13 13:31:15 - [TEST_STEP][PASSED] - println(a.getText()): null

2020-03-13 13:31:15 - [TEST_STEP][PASSED] - AllRoleNames.add(getText().toLowerCase()): null

2020-03-13 13:31:15 - [TEST_STEP][PASSED] - println(a.getText()): null

2020-03-13 13:31:15 - [TEST_STEP][PASSED] - AllRoleNames.add(getText().toLowerCase()): null

2020-03-13 13:31:15 - [TEST_STEP][PASSED] - println(a.getText()): null

2020-03-13 13:31:15 - [TEST_STEP][PASSED] - AllRoleNames.add(getText().toLowerCase()): null

2020-03-13 13:31:15 - [TEST_STEP][PASSED] - println(a.getText()): null

2020-03-13 13:31:15 - [TEST_STEP][PASSED] - AllRoleNames.add(getText().toLowerCase()): null

2020-03-13 13:31:15 - [TEST_STEP][PASSED] - println(a.getText()): null

2020-03-13 13:31:15 - [TEST_STEP][PASSED] - AllRoleNames.add(getText().toLowerCase()): null

2020-03-13 13:31:15 - [TEST_STEP][PASSED] - println(a.getText()): null

2020-03-13 13:31:15 - [TEST_STEP][PASSED] - AllRoleNames.add(getText().toLowerCase()): null

2020-03-13 13:31:15 - [TEST_STEP][PASSED] - println(a.getText()): null

2020-03-13 13:31:15 - [TEST_STEP][PASSED] - AllRoleNames.add(getText().toLowerCase()): null

2020-03-13 13:31:15 - [TEST_STEP][PASSED] - println(a.getText()): null

2020-03-13 13:31:15 - [TEST_STEP][PASSED] - delay(2): Delayed 2 second(s)

2020-03-13 13:31:17 - [MESSAGE][PASSED] - Delayed 2 second(s)

2020-03-13 13:31:17 - [TEST_STEP][PASSED] - click(findTestObject("ROLES/Roles_page/Pagination/front_navigation")): Object: 'Object Repository/ROLES/Roles_page/Pagination/front_navigation' is clicked on

2020-03-13 13:31:17 - [MESSAGE][PASSED] - Object: 'Object Repository/ROLES/Roles_page/Pagination/front_navigation' is clicked on

2020-03-13 13:31:17 - [TEST_STEP][PASSED] - RoleNames = findWebElements(findTestObject("ROLES/Roles_page/Role Names"), 2): null

2020-03-13 13:31:18 - [TEST_STEP][PASSED] - for (org.openqa.selenium.WebElement a : RoleNames): null

2020-03-13 13:31:18 - [TEST_STEP][PASSED] - AllRoleNames.add(getText().toLowerCase()): null

2020-03-13 13:31:18 - [TEST_STEP][PASSED] - println(a.getText()): null

2020-03-13 13:31:18 - [TEST_STEP][PASSED] - AllRoleNames.add(getText().toLowerCase()): null

2020-03-13 13:31:18 - [TEST_STEP][PASSED] - println(a.getText()): null

2020-03-13 13:31:18 - [TEST_STEP][PASSED] - AllRoleNames.add(getText().toLowerCase()): null

2020-03-13 13:31:18 - [TEST_STEP][PASSED] - println(a.getText()): null

2020-03-13 13:31:18 - [TEST_STEP][PASSED] - AllRoleNames.add(getText().toLowerCase()): null

2020-03-13 13:31:19 - [TEST_STEP][PASSED] - println(a.getText()): null

2020-03-13 13:31:19 - [TEST_STEP][PASSED] - AllRoleNames.add(getText().toLowerCase()): null

2020-03-13 13:31:19 - [TEST_STEP][PASSED] - println(a.getText()): null

2020-03-13 13:31:19 - [TEST_STEP][PASSED] - AllRoleNames.add(getText().toLowerCase()): null

2020-03-13 13:31:19 - [TEST_STEP][PASSED] - println(a.getText()): null

2020-03-13 13:31:19 - [TEST_STEP][PASSED] - AllRoleNames.add(getText().toLowerCase()): null

2020-03-13 13:31:19 - [TEST_STEP][PASSED] - println(a.getText()): null

2020-03-13 13:31:19 - [TEST_STEP][PASSED] - AllRoleNames.add(getText().toLowerCase()): null

2020-03-13 13:31:19 - [TEST_STEP][PASSED] - println(a.getText()): null

2020-03-13 13:31:19 - [TEST_STEP][PASSED] - AllRoleNames.add(getText().toLowerCase()): null

2020-03-13 13:31:19 - [TEST_STEP][PASSED] - println(a.getText()): null

2020-03-13 13:31:19 - [TEST_STEP][PASSED] - AllRoleNames.add(getText().toLowerCase()): null

2020-03-13 13:31:19 - [TEST_STEP][PASSED] - println(a.getText()): null

2020-03-13 13:31:19 - [TEST_STEP][PASSED] - delay(2): Delayed 2 second(s)

2020-03-13 13:31:21 - [MESSAGE][PASSED] - Delayed 2 second(s)

2020-03-13 13:31:21 - [TEST_STEP][PASSED] - click(findTestObject("ROLES/Roles_page/Pagination/front_navigation")): Object: 'Object Repository/ROLES/Roles_page/Pagination/front_navigation' is clicked on

2020-03-13 13:31:21 - [MESSAGE][PASSED] - Object: 'Object Repository/ROLES/Roles_page/Pagination/front_navigation' is clicked on

2020-03-13 13:31:21 - [TEST_STEP][PASSED] - RoleNames = findWebElements(findTestObject("ROLES/Roles_page/Role Names"), 2): null

2020-03-13 13:31:22 - [TEST_STEP][PASSED] - for (org.openqa.selenium.WebElement a : RoleNames): null

2020-03-13 13:31:22 - [TEST_STEP][PASSED] - AllRoleNames.add(getText().toLowerCase()): null

2020-03-13 13:31:22 - [TEST_STEP][PASSED] - println(a.getText()): null

2020-03-13 13:31:22 - [TEST_STEP][PASSED] - delay(2): Delayed 2 second(s)

2020-03-13 13:31:24 - [MESSAGE][PASSED] - Delayed 2 second(s)

2020-03-13 13:31:24 - [TEST_STEP][PASSED] - click(findTestObject("ROLES/Roles_page/Pagination/front_navigation")): Object: 'Object Repository/ROLES/Roles_page/Pagination/front_navigation' is clicked on

2020-03-13 13:31:27 - [MESSAGE][PASSED] - Object: 'Object Repository/ROLES/Roles_page/Pagination/front_navigation' is clicked on

2020-03-13 13:31:27 - [TEST_STEP][PASSED] - if (j == 1): Text 'BACK_SPACE + BACK_SPACE + ENTER + 1' is set on object 'Object Repository/ROLES/Roles_page/Pagination/input_Page_form-control'

2020-03-13 13:31:27 - [TEST_STEP][PASSED] - isSorted = web.CustomKeyword.checkListDescending(AllRoleNames): web.CustomKeyword.checkListDescending is PASSED

2020-03-13 13:31:27 - [MESSAGE][PASSED] - web.CustomKeyword.checkListDescending is PASSED

2020-03-13 13:31:27 - [TEST_STEP][PASSED] - println(AllRoleNames.size()): null

2020-03-13 13:31:27 - [TEST_STEP][PASSED] - println(AllRoleNames): null

2020-03-13 13:31:27 - [TEST_STEP][PASSED] - verifyEqual(isSorted, true): Actual object 'true' and expected object 'true' are equal

2020-03-13 13:31:27 - [MESSAGE][PASSED] - Actual object 'true' and expected object 'true' are equal

2020-03-13 13:31:27 - [TEST_STEP][PASSED] - clearText(findTestObject("Object Repository/ROLES/Roles_page/Pagination/input_Page_form-control")): Text of object 'Object Repository/ROLES/Roles_page/Pagination/input_Page_form-control' is cleared

2020-03-13 13:31:27 - [MESSAGE][PASSED] - Text of object 'Object Repository/ROLES/Roles_page/Pagination/input_Page_form-control' is cleared

2020-03-13 13:31:27 - [TEST_STEP][PASSED] - setText(findTestObject("Object Repository/ROLES/Roles_page/Pagination/input_Page_form-control"), BACK_SPACE + BACK_SPACE + "1" + ENTER): Text 'BACK_SPACE + BACK_SPACE + ENTER + 1' is set on object 'Object Repository/ROLES/Roles_page/Pagination/input_Page_form-control'

2020-03-13 13:31:28 - [MESSAGE][PASSED] - Text 'BACK_SPACE + BACK_SPACE + ENTER + 1' is set on object 'Object Repository/ROLES/Roles_page/Pagination/input_Page_form-control'

2020-03-13 13:31:28 - [TEST_STEP][PASSED] - if (j == 2): null

2020-03-13 13:31:28 - [TEST_STEP][PASSED] - click(findTestObject("ROLES/Roles_page/sorting/RoleName_header")): Object: 'Object Repository/ROLES/Roles_page/sorting/RoleName_header' is clicked on

2020-03-13 13:31:29 - [MESSAGE][PASSED] - Object: 'Object Repository/ROLES/Roles_page/sorting/RoleName_header' is clicked on

2020-03-13 13:31:29 - [TEST_STEP][PASSED] - RoleNames = <not implemented yet for class: org.codehaus.groovy.ast.expr.EmptyExpression>: null

2020-03-13 13:31:29 - [TEST_STEP][PASSED] - AllRoleNames = new java.util.ArrayList(): null

2020-03-13 13:31:29 - [TEST_STEP][PASSED] - for ([i = 1, i <= noOfPages, (i++)]): Object: 'Object Repository/ROLES/Roles_page/Pagination/front_navigation' is clicked on

2020-03-13 13:31:29 - [TEST_STEP][PASSED] - RoleNames = findWebElements(findTestObject("ROLES/Roles_page/Role Names"), 2): null

2020-03-13 13:31:30 - [TEST_STEP][PASSED] - for (org.openqa.selenium.WebElement a : RoleNames): null

2020-03-13 13:31:30 - [TEST_STEP][PASSED] - AllRoleNames.add(getText().toLowerCase()): null

2020-03-13 13:31:30 - [TEST_STEP][PASSED] - println(a.getText()): null

2020-03-13 13:31:30 - [TEST_STEP][PASSED] - AllRoleNames.add(getText().toLowerCase()): null

2020-03-13 13:31:30 - [TEST_STEP][PASSED] - println(a.getText()): null

2020-03-13 13:31:30 - [TEST_STEP][PASSED] - AllRoleNames.add(getText().toLowerCase()): null

2020-03-13 13:31:30 - [TEST_STEP][PASSED] - println(a.getText()): null

2020-03-13 13:31:30 - [TEST_STEP][PASSED] - AllRoleNames.add(getText().toLowerCase()): null

2020-03-13 13:31:30 - [TEST_STEP][PASSED] - println(a.getText()): null

2020-03-13 13:31:30 - [TEST_STEP][PASSED] - AllRoleNames.add(getText().toLowerCase()): null

2020-03-13 13:31:30 - [TEST_STEP][PASSED] - println(a.getText()): null

2020-03-13 13:31:30 - [TEST_STEP][PASSED] - AllRoleNames.add(getText().toLowerCase()): null

2020-03-13 13:31:30 - [TEST_STEP][PASSED] - println(a.getText()): null

2020-03-13 13:31:30 - [TEST_STEP][PASSED] - AllRoleNames.add(getText().toLowerCase()): null

2020-03-13 13:31:30 - [TEST_STEP][PASSED] - println(a.getText()): null

2020-03-13 13:31:30 - [TEST_STEP][PASSED] - AllRoleNames.add(getText().toLowerCase()): null

2020-03-13 13:31:30 - [TEST_STEP][PASSED] - println(a.getText()): null

2020-03-13 13:31:30 - [TEST_STEP][PASSED] - AllRoleNames.add(getText().toLowerCase()): null

2020-03-13 13:31:30 - [TEST_STEP][PASSED] - println(a.getText()): null

2020-03-13 13:31:30 - [TEST_STEP][PASSED] - AllRoleNames.add(getText().toLowerCase()): null

2020-03-13 13:31:30 - [TEST_STEP][PASSED] - println(a.getText()): null

2020-03-13 13:31:30 - [TEST_STEP][PASSED] - delay(2): Delayed 2 second(s)

2020-03-13 13:31:32 - [MESSAGE][PASSED] - Delayed 2 second(s)

2020-03-13 13:31:32 - [TEST_STEP][PASSED] - click(findTestObject("ROLES/Roles_page/Pagination/front_navigation")): Object: 'Object Repository/ROLES/Roles_page/Pagination/front_navigation' is clicked on

2020-03-13 13:31:32 - [MESSAGE][PASSED] - Object: 'Object Repository/ROLES/Roles_page/Pagination/front_navigation' is clicked on

2020-03-13 13:31:32 - [TEST_STEP][PASSED] - RoleNames = findWebElements(findTestObject("ROLES/Roles_page/Role Names"), 2): null

2020-03-13 13:31:33 - [TEST_STEP][PASSED] - for (org.openqa.selenium.WebElement a : RoleNames): null

2020-03-13 13:31:33 - [TEST_STEP][PASSED] - AllRoleNames.add(getText().toLowerCase()): null

2020-03-13 13:31:33 - [TEST_STEP][PASSED] - println(a.getText()): null

2020-03-13 13:31:33 - [TEST_STEP][PASSED] - AllRoleNames.add(getText().toLowerCase()): null

2020-03-13 13:31:33 - [TEST_STEP][PASSED] - println(a.getText()): null

2020-03-13 13:31:33 - [TEST_STEP][PASSED] - AllRoleNames.add(getText().toLowerCase()): null

2020-03-13 13:31:33 - [TEST_STEP][PASSED] - println(a.getText()): null

2020-03-13 13:31:33 - [TEST_STEP][PASSED] - AllRoleNames.add(getText().toLowerCase()): null

2020-03-13 13:31:33 - [TEST_STEP][PASSED] - println(a.getText()): null

2020-03-13 13:31:33 - [TEST_STEP][PASSED] - AllRoleNames.add(getText().toLowerCase()): null

2020-03-13 13:31:33 - [TEST_STEP][PASSED] - println(a.getText()): null

2020-03-13 13:31:33 - [TEST_STEP][PASSED] - AllRoleNames.add(getText().toLowerCase()): null

2020-03-13 13:31:33 - [TEST_STEP][PASSED] - println(a.getText()): null

2020-03-13 13:31:33 - [TEST_STEP][PASSED] - AllRoleNames.add(getText().toLowerCase()): null

2020-03-13 13:31:33 - [TEST_STEP][PASSED] - println(a.getText()): null

2020-03-13 13:31:33 - [TEST_STEP][PASSED] - AllRoleNames.add(getText().toLowerCase()): null

2020-03-13 13:31:34 - [TEST_STEP][PASSED] - println(a.getText()): null

2020-03-13 13:31:34 - [TEST_STEP][PASSED] - AllRoleNames.add(getText().toLowerCase()): null

2020-03-13 13:31:34 - [TEST_STEP][PASSED] - println(a.getText()): null

2020-03-13 13:31:34 - [TEST_STEP][PASSED] - AllRoleNames.add(getText().toLowerCase()): null

2020-03-13 13:31:34 - [TEST_STEP][PASSED] - println(a.getText()): null

2020-03-13 13:31:34 - [TEST_STEP][PASSED] - delay(2): Delayed 2 second(s)

2020-03-13 13:31:36 - [MESSAGE][PASSED] - Delayed 2 second(s)

2020-03-13 13:31:36 - [TEST_STEP][PASSED] - click(findTestObject("ROLES/Roles_page/Pagination/front_navigation")): Object: 'Object Repository/ROLES/Roles_page/Pagination/front_navigation' is clicked on

2020-03-13 13:31:36 - [MESSAGE][PASSED] - Object: 'Object Repository/ROLES/Roles_page/Pagination/front_navigation' is clicked on

2020-03-13 13:31:36 - [TEST_STEP][PASSED] - RoleNames = findWebElements(findTestObject("ROLES/Roles_page/Role Names"), 2): null

2020-03-13 13:31:37 - [TEST_STEP][PASSED] - for (org.openqa.selenium.WebElement a : RoleNames): null

2020-03-13 13:31:37 - [TEST_STEP][PASSED] - AllRoleNames.add(getText().toLowerCase()): null

2020-03-13 13:31:37 - [TEST_STEP][PASSED] - println(a.getText()): null

2020-03-13 13:31:37 - [TEST_STEP][PASSED] - AllRoleNames.add(getText().toLowerCase()): null

2020-03-13 13:31:37 - [TEST_STEP][PASSED] - println(a.getText()): null

2020-03-13 13:31:37 - [TEST_STEP][PASSED] - AllRoleNames.add(getText().toLowerCase()): null

2020-03-13 13:31:37 - [TEST_STEP][PASSED] - println(a.getText()): null

2020-03-13 13:31:37 - [TEST_STEP][PASSED] - AllRoleNames.add(getText().toLowerCase()): null

2020-03-13 13:31:37 - [TEST_STEP][PASSED] - println(a.getText()): null

2020-03-13 13:31:37 - [TEST_STEP][PASSED] - AllRoleNames.add(getText().toLowerCase()): null

2020-03-13 13:31:37 - [TEST_STEP][PASSED] - println(a.getText()): null

2020-03-13 13:31:37 - [TEST_STEP][PASSED] - AllRoleNames.add(getText().toLowerCase()): null

2020-03-13 13:31:37 - [TEST_STEP][PASSED] - println(a.getText()): null

2020-03-13 13:31:37 - [TEST_STEP][PASSED] - AllRoleNames.add(getText().toLowerCase()): null

2020-03-13 13:31:37 - [TEST_STEP][PASSED] - println(a.getText()): null

2020-03-13 13:31:37 - [TEST_STEP][PASSED] - AllRoleNames.add(getText().toLowerCase()): null

2020-03-13 13:31:37 - [TEST_STEP][PASSED] - println(a.getText()): null

2020-03-13 13:31:37 - [TEST_STEP][PASSED] - AllRoleNames.add(getText().toLowerCase()): null

2020-03-13 13:31:37 - [TEST_STEP][PASSED] - println(a.getText()): null

2020-03-13 13:31:37 - [TEST_STEP][PASSED] - AllRoleNames.add(getText().toLowerCase()): null

2020-03-13 13:31:37 - [TEST_STEP][PASSED] - println(a.getText()): null

2020-03-13 13:31:37 - [TEST_STEP][PASSED] - delay(2): Delayed 2 second(s)

2020-03-13 13:31:39 - [MESSAGE][PASSED] - Delayed 2 second(s)

2020-03-13 13:31:39 - [TEST_STEP][PASSED] - click(findTestObject("ROLES/Roles_page/Pagination/front_navigation")): Object: 'Object Repository/ROLES/Roles_page/Pagination/front_navigation' is clicked on

2020-03-13 13:31:40 - [MESSAGE][PASSED] - Object: 'Object Repository/ROLES/Roles_page/Pagination/front_navigation' is clicked on

2020-03-13 13:31:40 - [TEST_STEP][PASSED] - RoleNames = findWebElements(findTestObject("ROLES/Roles_page/Role Names"), 2): null

2020-03-13 13:31:41 - [TEST_STEP][PASSED] - for (org.openqa.selenium.WebElement a : RoleNames): null

2020-03-13 13:31:41 - [TEST_STEP][PASSED] - AllRoleNames.add(getText().toLowerCase()): null

2020-03-13 13:31:41 - [TEST_STEP][PASSED] - println(a.getText()): null

2020-03-13 13:31:41 - [TEST_STEP][PASSED] - AllRoleNames.add(getText().toLowerCase()): null

2020-03-13 13:31:41 - [TEST_STEP][PASSED] - println(a.getText()): null

2020-03-13 13:31:41 - [TEST_STEP][PASSED] - AllRoleNames.add(getText().toLowerCase()): null

2020-03-13 13:31:41 - [TEST_STEP][PASSED] - println(a.getText()): null

2020-03-13 13:31:41 - [TEST_STEP][PASSED] - AllRoleNames.add(getText().toLowerCase()): null

2020-03-13 13:31:41 - [TEST_STEP][PASSED] - println(a.getText()): null

2020-03-13 13:31:41 - [TEST_STEP][PASSED] - AllRoleNames.add(getText().toLowerCase()): null

2020-03-13 13:31:41 - [TEST_STEP][PASSED] - println(a.getText()): null

2020-03-13 13:31:41 - [TEST_STEP][PASSED] - AllRoleNames.add(getText().toLowerCase()): null

2020-03-13 13:31:41 - [TEST_STEP][PASSED] - println(a.getText()): null

2020-03-13 13:31:41 - [TEST_STEP][PASSED] - AllRoleNames.add(getText().toLowerCase()): null

2020-03-13 13:31:41 - [TEST_STEP][PASSED] - println(a.getText()): null

2020-03-13 13:31:41 - [TEST_STEP][PASSED] - AllRoleNames.add(getText().toLowerCase()): null

2020-03-13 13:31:41 - [TEST_STEP][PASSED] - println(a.getText()): null

2020-03-13 13:31:41 - [TEST_STEP][PASSED] - AllRoleNames.add(getText().toLowerCase()): null

2020-03-13 13:31:41 - [TEST_STEP][PASSED] - println(a.getText()): null

2020-03-13 13:31:41 - [TEST_STEP][PASSED] - AllRoleNames.add(getText().toLowerCase()): null

2020-03-13 13:31:41 - [TEST_STEP][PASSED] - println(a.getText()): null

2020-03-13 13:31:41 - [TEST_STEP][PASSED] - delay(2): Delayed 2 second(s)

2020-03-13 13:31:43 - [MESSAGE][PASSED] - Delayed 2 second(s)

2020-03-13 13:31:43 - [TEST_STEP][PASSED] - click(findTestObject("ROLES/Roles_page/Pagination/front_navigation")): Object: 'Object Repository/ROLES/Roles_page/Pagination/front_navigation' is clicked on

2020-03-13 13:31:43 - [MESSAGE][PASSED] - Object: 'Object Repository/ROLES/Roles_page/Pagination/front_navigation' is clicked on

2020-03-13 13:31:43 - [TEST_STEP][PASSED] - RoleNames = findWebElements(findTestObject("ROLES/Roles_page/Role Names"), 2): null

2020-03-13 13:31:44 - [TEST_STEP][PASSED] - for (org.openqa.selenium.WebElement a : RoleNames): null

2020-03-13 13:31:44 - [TEST_STEP][PASSED] - AllRoleNames.add(getText().toLowerCase()): null

2020-03-13 13:31:44 - [TEST_STEP][PASSED] - println(a.getText()): null

2020-03-13 13:31:44 - [TEST_STEP][PASSED] - AllRoleNames.add(getText().toLowerCase()): null

2020-03-13 13:31:44 - [TEST_STEP][PASSED] - println(a.getText()): null

2020-03-13 13:31:44 - [TEST_STEP][PASSED] - AllRoleNames.add(getText().toLowerCase()): null

2020-03-13 13:31:44 - [TEST_STEP][PASSED] - println(a.getText()): null

2020-03-13 13:31:44 - [TEST_STEP][PASSED] - AllRoleNames.add(getText().toLowerCase()): null

2020-03-13 13:31:44 - [TEST_STEP][PASSED] - println(a.getText()): null

2020-03-13 13:31:44 - [TEST_STEP][PASSED] - AllRoleNames.add(getText().toLowerCase()): null

2020-03-13 13:31:44 - [TEST_STEP][PASSED] - println(a.getText()): null

2020-03-13 13:31:44 - [TEST_STEP][PASSED] - AllRoleNames.add(getText().toLowerCase()): null

2020-03-13 13:31:44 - [TEST_STEP][PASSED] - println(a.getText()): null

2020-03-13 13:31:44 - [TEST_STEP][PASSED] - AllRoleNames.add(getText().toLowerCase()): null

2020-03-13 13:31:44 - [TEST_STEP][PASSED] - println(a.getText()): null

2020-03-13 13:31:44 - [TEST_STEP][PASSED] - AllRoleNames.add(getText().toLowerCase()): null

2020-03-13 13:31:44 - [TEST_STEP][PASSED] - println(a.getText()): null

2020-03-13 13:31:44 - [TEST_STEP][PASSED] - AllRoleNames.add(getText().toLowerCase()): null

2020-03-13 13:31:45 - [TEST_STEP][PASSED] - println(a.getText()): null

2020-03-13 13:31:45 - [TEST_STEP][PASSED] - AllRoleNames.add(getText().toLowerCase()): null

2020-03-13 13:31:45 - [TEST_STEP][PASSED] - println(a.getText()): null

2020-03-13 13:31:45 - [TEST_STEP][PASSED] - delay(2): Delayed 2 second(s)

2020-03-13 13:31:47 - [MESSAGE][PASSED] - Delayed 2 second(s)

2020-03-13 13:31:47 - [TEST_STEP][PASSED] - click(findTestObject("ROLES/Roles_page/Pagination/front_navigation")): Object: 'Object Repository/ROLES/Roles_page/Pagination/front_navigation' is clicked on

2020-03-13 13:31:47 - [MESSAGE][PASSED] - Object: 'Object Repository/ROLES/Roles_page/Pagination/front_navigation' is clicked on

2020-03-13 13:31:47 - [TEST_STEP][PASSED] - RoleNames = findWebElements(findTestObject("ROLES/Roles_page/Role Names"), 2): null

2020-03-13 13:31:48 - [TEST_STEP][PASSED] - for (org.openqa.selenium.WebElement a : RoleNames): null

2020-03-13 13:31:48 - [TEST_STEP][PASSED] - AllRoleNames.add(getText().toLowerCase()): null

2020-03-13 13:31:48 - [TEST_STEP][PASSED] - println(a.getText()): null

2020-03-13 13:31:48 - [TEST_STEP][PASSED] - AllRoleNames.add(getText().toLowerCase()): null

2020-03-13 13:31:48 - [TEST_STEP][PASSED] - println(a.getText()): null

2020-03-13 13:31:48 - [TEST_STEP][PASSED] - AllRoleNames.add(getText().toLowerCase()): null

2020-03-13 13:31:48 - [TEST_STEP][PASSED] - println(a.getText()): null

2020-03-13 13:31:48 - [TEST_STEP][PASSED] - AllRoleNames.add(getText().toLowerCase()): null

2020-03-13 13:31:48 - [TEST_STEP][PASSED] - println(a.getText()): null

2020-03-13 13:31:48 - [TEST_STEP][PASSED] - AllRoleNames.add(getText().toLowerCase()): null

2020-03-13 13:31:48 - [TEST_STEP][PASSED] - println(a.getText()): null

2020-03-13 13:31:48 - [TEST_STEP][PASSED] - AllRoleNames.add(getText().toLowerCase()): null

2020-03-13 13:31:48 - [TEST_STEP][PASSED] - println(a.getText()): null

2020-03-13 13:31:48 - [TEST_STEP][PASSED] - AllRoleNames.add(getText().toLowerCase()): null

2020-03-13 13:31:48 - [TEST_STEP][PASSED] - println(a.getText()): null

2020-03-13 13:31:48 - [TEST_STEP][PASSED] - AllRoleNames.add(getText().toLowerCase()): null

2020-03-13 13:31:48 - [TEST_STEP][PASSED] - println(a.getText()): null

2020-03-13 13:31:48 - [TEST_STEP][PASSED] - AllRoleNames.add(getText().toLowerCase()): null

2020-03-13 13:31:48 - [TEST_STEP][PASSED] - println(a.getText()): null

2020-03-13 13:31:48 - [TEST_STEP][PASSED] - AllRoleNames.add(getText().toLowerCase()): null

2020-03-13 13:31:48 - [TEST_STEP][PASSED] - println(a.getText()): null

2020-03-13 13:31:48 - [TEST_STEP][PASSED] - delay(2): Delayed 2 second(s)

2020-03-13 13:31:50 - [MESSAGE][PASSED] - Delayed 2 second(s)

2020-03-13 13:31:50 - [TEST_STEP][PASSED] - click(findTestObject("ROLES/Roles_page/Pagination/front_navigation")): Object: 'Object Repository/ROLES/Roles_page/Pagination/front_navigation' is clicked on

2020-03-13 13:31:51 - [MESSAGE][PASSED] - Object: 'Object Repository/ROLES/Roles_page/Pagination/front_navigation' is clicked on

2020-03-13 13:31:51 - [TEST_STEP][PASSED] - RoleNames = findWebElements(findTestObject("ROLES/Roles_page/Role Names"), 2): null

2020-03-13 13:31:52 - [TEST_STEP][PASSED] - for (org.openqa.selenium.WebElement a : RoleNames): null

2020-03-13 13:31:52 - [TEST_STEP][PASSED] - AllRoleNames.add(getText().toLowerCase()): null

2020-03-13 13:31:52 - [TEST_STEP][PASSED] - println(a.getText()): null

2020-03-13 13:31:52 - [TEST_STEP][PASSED] - AllRoleNames.add(getText().toLowerCase()): null

2020-03-13 13:31:52 - [TEST_STEP][PASSED] - println(a.getText()): null

2020-03-13 13:31:52 - [TEST_STEP][PASSED] - AllRoleNames.add(getText().toLowerCase()): null

2020-03-13 13:31:52 - [TEST_STEP][PASSED] - println(a.getText()): null

2020-03-13 13:31:52 - [TEST_STEP][PASSED] - AllRoleNames.add(getText().toLowerCase()): null

2020-03-13 13:31:52 - [TEST_STEP][PASSED] - println(a.getText()): null

2020-03-13 13:31:52 - [TEST_STEP][PASSED] - AllRoleNames.add(getText().toLowerCase()): null

2020-03-13 13:31:52 - [TEST_STEP][PASSED] - println(a.getText()): null

2020-03-13 13:31:52 - [TEST_STEP][PASSED] - AllRoleNames.add(getText().toLowerCase()): null

2020-03-13 13:31:52 - [TEST_STEP][PASSED] - println(a.getText()): null

2020-03-13 13:31:52 - [TEST_STEP][PASSED] - AllRoleNames.add(getText().toLowerCase()): null

2020-03-13 13:31:52 - [TEST_STEP][PASSED] - println(a.getText()): null

2020-03-13 13:31:52 - [TEST_STEP][PASSED] - AllRoleNames.add(getText().toLowerCase()): null

2020-03-13 13:31:52 - [TEST_STEP][PASSED] - println(a.getText()): null

2020-03-13 13:31:52 - [TEST_STEP][PASSED] - AllRoleNames.add(getText().toLowerCase()): null

2020-03-13 13:31:52 - [TEST_STEP][PASSED] - println(a.getText()): null

2020-03-13 13:31:52 - [TEST_STEP][PASSED] - AllRoleNames.add(getText().toLowerCase()): null

2020-03-13 13:31:52 - [TEST_STEP][PASSED] - println(a.getText()): null

2020-03-13 13:31:52 - [TEST_STEP][PASSED] - delay(2): Delayed 2 second(s)

2020-03-13 13:31:54 - [MESSAGE][PASSED] - Delayed 2 second(s)

2020-03-13 13:31:54 - [TEST_STEP][PASSED] - click(findTestObject("ROLES/Roles_page/Pagination/front_navigation")): Object: 'Object Repository/ROLES/Roles_page/Pagination/front_navigation' is clicked on

2020-03-13 13:31:55 - [MESSAGE][PASSED] - Object: 'Object Repository/ROLES/Roles_page/Pagination/front_navigation' is clicked on

2020-03-13 13:31:55 - [TEST_STEP][PASSED] - RoleNames = findWebElements(findTestObject("ROLES/Roles_page/Role Names"), 2): null

2020-03-13 13:31:55 - [TEST_STEP][PASSED] - for (org.openqa.selenium.WebElement a : RoleNames): null

2020-03-13 13:31:55 - [TEST_STEP][PASSED] - AllRoleNames.add(getText().toLowerCase()): null

2020-03-13 13:31:55 - [TEST_STEP][PASSED] - println(a.getText()): null

2020-03-13 13:31:55 - [TEST_STEP][PASSED] - AllRoleNames.add(getText().toLowerCase()): null

2020-03-13 13:31:55 - [TEST_STEP][PASSED] - println(a.getText()): null

2020-03-13 13:31:55 - [TEST_STEP][PASSED] - AllRoleNames.add(getText().toLowerCase()): null

2020-03-13 13:31:55 - [TEST_STEP][PASSED] - println(a.getText()): null

2020-03-13 13:31:56 - [TEST_STEP][PASSED] - AllRoleNames.add(getText().toLowerCase()): null

2020-03-13 13:31:56 - [TEST_STEP][PASSED] - println(a.getText()): null

2020-03-13 13:31:56 - [TEST_STEP][PASSED] - AllRoleNames.add(getText().toLowerCase()): null

2020-03-13 13:31:56 - [TEST_STEP][PASSED] - println(a.getText()): null

2020-03-13 13:31:56 - [TEST_STEP][PASSED] - AllRoleNames.add(getText().toLowerCase()): null

2020-03-13 13:31:56 - [TEST_STEP][PASSED] - println(a.getText()): null

2020-03-13 13:31:56 - [TEST_STEP][PASSED] - AllRoleNames.add(getText().toLowerCase()): null

2020-03-13 13:31:56 - [TEST_STEP][PASSED] - println(a.getText()): null

2020-03-13 13:31:56 - [TEST_STEP][PASSED] - AllRoleNames.add(getText().toLowerCase()): null

2020-03-13 13:31:56 - [TEST_STEP][PASSED] - println(a.getText()): null

2020-03-13 13:31:56 - [TEST_STEP][PASSED] - AllRoleNames.add(getText().toLowerCase()): null

2020-03-13 13:31:56 - [TEST_STEP][PASSED] - println(a.getText()): null

2020-03-13 13:31:56 - [TEST_STEP][PASSED] - AllRoleNames.add(getText().toLowerCase()): null

2020-03-13 13:31:56 - [TEST_STEP][PASSED] - println(a.getText()): null

2020-03-13 13:31:56 - [TEST_STEP][PASSED] - delay(2): Delayed 2 second(s)

2020-03-13 13:31:58 - [MESSAGE][PASSED] - Delayed 2 second(s)

2020-03-13 13:31:58 - [TEST_STEP][PASSED] - click(findTestObject("ROLES/Roles_page/Pagination/front_navigation")): Object: 'Object Repository/ROLES/Roles_page/Pagination/front_navigation' is clicked on

2020-03-13 13:31:58 - [MESSAGE][PASSED] - Object: 'Object Repository/ROLES/Roles_page/Pagination/front_navigation' is clicked on

2020-03-13 13:31:58 - [TEST_STEP][PASSED] - RoleNames = findWebElements(findTestObject("ROLES/Roles_page/Role Names"), 2): null

2020-03-13 13:31:59 - [TEST_STEP][PASSED] - for (org.openqa.selenium.WebElement a : RoleNames): null

2020-03-13 13:31:59 - [TEST_STEP][PASSED] - AllRoleNames.add(getText().toLowerCase()): null

2020-03-13 13:31:59 - [TEST_STEP][PASSED] - println(a.getText()): null

2020-03-13 13:31:59 - [TEST_STEP][PASSED] - AllRoleNames.add(getText().toLowerCase()): null

2020-03-13 13:31:59 - [TEST_STEP][PASSED] - println(a.getText()): null

2020-03-13 13:31:59 - [TEST_STEP][PASSED] - AllRoleNames.add(getText().toLowerCase()): null

2020-03-13 13:31:59 - [TEST_STEP][PASSED] - println(a.getText()): null

2020-03-13 13:31:59 - [TEST_STEP][PASSED] - AllRoleNames.add(getText().toLowerCase()): null

2020-03-13 13:31:59 - [TEST_STEP][PASSED] - println(a.getText()): null

2020-03-13 13:31:59 - [TEST_STEP][PASSED] - AllRoleNames.add(getText().toLowerCase()): null

2020-03-13 13:31:59 - [TEST_STEP][PASSED] - println(a.getText()): null

2020-03-13 13:31:59 - [TEST_STEP][PASSED] - AllRoleNames.add(getText().toLowerCase()): null

2020-03-13 13:31:59 - [TEST_STEP][PASSED] - println(a.getText()): null

2020-03-13 13:31:59 - [TEST_STEP][PASSED] - AllRoleNames.add(getText().toLowerCase()): null

2020-03-13 13:31:59 - [TEST_STEP][PASSED] - println(a.getText()): null

2020-03-13 13:31:59 - [TEST_STEP][PASSED] - AllRoleNames.add(getText().toLowerCase()): null

2020-03-13 13:31:59 - [TEST_STEP][PASSED] - println(a.getText()): null

2020-03-13 13:31:59 - [TEST_STEP][PASSED] - AllRoleNames.add(getText().toLowerCase()): null

2020-03-13 13:31:59 - [TEST_STEP][PASSED] - println(a.getText()): null

2020-03-13 13:31:59 - [TEST_STEP][PASSED] - AllRoleNames.add(getText().toLowerCase()): null

2020-03-13 13:31:59 - [TEST_STEP][PASSED] - println(a.getText()): null

2020-03-13 13:31:59 - [TEST_STEP][PASSED] - delay(2): Delayed 2 second(s)

2020-03-13 13:32:01 - [MESSAGE][PASSED] - Delayed 2 second(s)

2020-03-13 13:32:01 - [TEST_STEP][PASSED] - click(findTestObject("ROLES/Roles_page/Pagination/front_navigation")): Object: 'Object Repository/ROLES/Roles_page/Pagination/front_navigation' is clicked on

2020-03-13 13:32:02 - [MESSAGE][PASSED] - Object: 'Object Repository/ROLES/Roles_page/Pagination/front_navigation' is clicked on

2020-03-13 13:32:02 - [TEST_STEP][PASSED] - RoleNames = findWebElements(findTestObject("ROLES/Roles_page/Role Names"), 2): null

2020-03-13 13:32:03 - [TEST_STEP][PASSED] - for (org.openqa.selenium.WebElement a : RoleNames): null

2020-03-13 13:32:03 - [TEST_STEP][PASSED] - AllRoleNames.add(getText().toLowerCase()): null

2020-03-13 13:32:03 - [TEST_STEP][PASSED] - println(a.getText()): null

2020-03-13 13:32:03 - [TEST_STEP][PASSED] - AllRoleNames.add(getText().toLowerCase()): null

2020-03-13 13:32:03 - [TEST_STEP][PASSED] - println(a.getText()): null

2020-03-13 13:32:03 - [TEST_STEP][PASSED] - AllRoleNames.add(getText().toLowerCase()): null

2020-03-13 13:32:03 - [TEST_STEP][PASSED] - println(a.getText()): null

2020-03-13 13:32:03 - [TEST_STEP][PASSED] - AllRoleNames.add(getText().toLowerCase()): null

2020-03-13 13:32:03 - [TEST_STEP][PASSED] - println(a.getText()): null

2020-03-13 13:32:03 - [TEST_STEP][PASSED] - AllRoleNames.add(getText().toLowerCase()): null

2020-03-13 13:32:03 - [TEST_STEP][PASSED] - println(a.getText()): null

2020-03-13 13:32:03 - [TEST_STEP][PASSED] - AllRoleNames.add(getText().toLowerCase()): null

2020-03-13 13:32:03 - [TEST_STEP][PASSED] - println(a.getText()): null

2020-03-13 13:32:03 - [TEST_STEP][PASSED] - AllRoleNames.add(getText().toLowerCase()): null

2020-03-13 13:32:03 - [TEST_STEP][PASSED] - println(a.getText()): null

2020-03-13 13:32:03 - [TEST_STEP][PASSED] - AllRoleNames.add(getText().toLowerCase()): null

2020-03-13 13:32:03 - [TEST_STEP][PASSED] - println(a.getText()): null

2020-03-13 13:32:03 - [TEST_STEP][PASSED] - AllRoleNames.add(getText().toLowerCase()): null

2020-03-13 13:32:03 - [TEST_STEP][PASSED] - println(a.getText()): null

2020-03-13 13:32:03 - [TEST_STEP][PASSED] - AllRoleNames.add(getText().toLowerCase()): null

2020-03-13 13:32:03 - [TEST_STEP][PASSED] - println(a.getText()): null

2020-03-13 13:32:03 - [TEST_STEP][PASSED] - delay(2): Delayed 2 second(s)

2020-03-13 13:32:05 - [MESSAGE][PASSED] - Delayed 2 second(s)

2020-03-13 13:32:05 - [TEST_STEP][PASSED] - click(findTestObject("ROLES/Roles_page/Pagination/front_navigation")): Object: 'Object Repository/ROLES/Roles_page/Pagination/front_navigation' is clicked on

2020-03-13 13:32:05 - [MESSAGE][PASSED] - Object: 'Object Repository/ROLES/Roles_page/Pagination/front_navigation' is clicked on

2020-03-13 13:32:05 - [TEST_STEP][PASSED] - RoleNames = findWebElements(findTestObject("ROLES/Roles_page/Role Names"), 2): null

2020-03-13 13:32:06 - [TEST_STEP][PASSED] - for (org.openqa.selenium.WebElement a : RoleNames): null

2020-03-13 13:32:06 - [TEST_STEP][PASSED] - AllRoleNames.add(getText().toLowerCase()): null

2020-03-13 13:32:06 - [TEST_STEP][PASSED] - println(a.getText()): null

2020-03-13 13:32:06 - [TEST_STEP][PASSED] - AllRoleNames.add(getText().toLowerCase()): null

2020-03-13 13:32:06 - [TEST_STEP][PASSED] - println(a.getText()): null

2020-03-13 13:32:06 - [TEST_STEP][PASSED] - AllRoleNames.add(getText().toLowerCase()): null

2020-03-13 13:32:06 - [TEST_STEP][PASSED] - println(a.getText()): null

2020-03-13 13:32:06 - [TEST_STEP][PASSED] - AllRoleNames.add(getText().toLowerCase()): null

2020-03-13 13:32:06 - [TEST_STEP][PASSED] - println(a.getText()): null

2020-03-13 13:32:06 - [TEST_STEP][PASSED] - AllRoleNames.add(getText().toLowerCase()): null

2020-03-13 13:32:06 - [TEST_STEP][PASSED] - println(a.getText()): null

2020-03-13 13:32:06 - [TEST_STEP][PASSED] - AllRoleNames.add(getText().toLowerCase()): null

2020-03-13 13:32:06 - [TEST_STEP][PASSED] - println(a.getText()): null

2020-03-13 13:32:06 - [TEST_STEP][PASSED] - AllRoleNames.add(getText().toLowerCase()): null

2020-03-13 13:32:07 - [TEST_STEP][PASSED] - println(a.getText()): null

2020-03-13 13:32:07 - [TEST_STEP][PASSED] - AllRoleNames.add(getText().toLowerCase()): null

2020-03-13 13:32:07 - [TEST_STEP][PASSED] - println(a.getText()): null

2020-03-13 13:32:07 - [TEST_STEP][PASSED] - AllRoleNames.add(getText().toLowerCase()): null

2020-03-13 13:32:07 - [TEST_STEP][PASSED] - println(a.getText()): null

2020-03-13 13:32:07 - [TEST_STEP][PASSED] - AllRoleNames.add(getText().toLowerCase()): null

2020-03-13 13:32:07 - [TEST_STEP][PASSED] - println(a.getText()): null

2020-03-13 13:32:07 - [TEST_STEP][PASSED] - delay(2): Delayed 2 second(s)

2020-03-13 13:32:09 - [MESSAGE][PASSED] - Delayed 2 second(s)

2020-03-13 13:32:09 - [TEST_STEP][PASSED] - click(findTestObject("ROLES/Roles_page/Pagination/front_navigation")): Object: 'Object Repository/ROLES/Roles_page/Pagination/front_navigation' is clicked on

2020-03-13 13:32:09 - [MESSAGE][PASSED] - Object: 'Object Repository/ROLES/Roles_page/Pagination/front_navigation' is clicked on

2020-03-13 13:32:09 - [TEST_STEP][PASSED] - RoleNames = findWebElements(findTestObject("ROLES/Roles_page/Role Names"), 2): null

2020-03-13 13:32:10 - [TEST_STEP][PASSED] - for (org.openqa.selenium.WebElement a : RoleNames): null

2020-03-13 13:32:10 - [TEST_STEP][PASSED] - AllRoleNames.add(getText().toLowerCase()): null

2020-03-13 13:32:10 - [TEST_STEP][PASSED] - println(a.getText()): null

2020-03-13 13:32:10 - [TEST_STEP][PASSED] - AllRoleNames.add(getText().toLowerCase()): null

2020-03-13 13:32:10 - [TEST_STEP][PASSED] - println(a.getText()): null

2020-03-13 13:32:10 - [TEST_STEP][PASSED] - AllRoleNames.add(getText().toLowerCase()): null

2020-03-13 13:32:10 - [TEST_STEP][PASSED] - println(a.getText()): null

2020-03-13 13:32:10 - [TEST_STEP][PASSED] - AllRoleNames.add(getText().toLowerCase()): null

2020-03-13 13:32:10 - [TEST_STEP][PASSED] - println(a.getText()): null

2020-03-13 13:32:10 - [TEST_STEP][PASSED] - AllRoleNames.add(getText().toLowerCase()): null

2020-03-13 13:32:10 - [TEST_STEP][PASSED] - println(a.getText()): null

2020-03-13 13:32:10 - [TEST_STEP][PASSED] - AllRoleNames.add(getText().toLowerCase()): null

2020-03-13 13:32:10 - [TEST_STEP][PASSED] - println(a.getText()): null

2020-03-13 13:32:10 - [TEST_STEP][PASSED] - AllRoleNames.add(getText().toLowerCase()): null

2020-03-13 13:32:10 - [TEST_STEP][PASSED] - println(a.getText()): null

2020-03-13 13:32:10 - [TEST_STEP][PASSED] - AllRoleNames.add(getText().toLowerCase()): null

2020-03-13 13:32:10 - [TEST_STEP][PASSED] - println(a.getText()): null

2020-03-13 13:32:10 - [TEST_STEP][PASSED] - AllRoleNames.add(getText().toLowerCase()): null

2020-03-13 13:32:10 - [TEST_STEP][PASSED] - println(a.getText()): null

2020-03-13 13:32:10 - [TEST_STEP][PASSED] - AllRoleNames.add(getText().toLowerCase()): null

2020-03-13 13:32:10 - [TEST_STEP][PASSED] - println(a.getText()): null

2020-03-13 13:32:10 - [TEST_STEP][PASSED] - delay(2): Delayed 2 second(s)

2020-03-13 13:32:12 - [MESSAGE][PASSED] - Delayed 2 second(s)

2020-03-13 13:32:12 - [TEST_STEP][PASSED] - click(findTestObject("ROLES/Roles_page/Pagination/front_navigation")): Object: 'Object Repository/ROLES/Roles_page/Pagination/front_navigation' is clicked on

2020-03-13 13:32:13 - [MESSAGE][PASSED] - Object: 'Object Repository/ROLES/Roles_page/Pagination/front_navigation' is clicked on

2020-03-13 13:32:13 - [TEST_STEP][PASSED] - RoleNames = findWebElements(findTestObject("ROLES/Roles_page/Role Names"), 2): null

2020-03-13 13:32:14 - [TEST_STEP][PASSED] - for (org.openqa.selenium.WebElement a : RoleNames): null

2020-03-13 13:32:14 - [TEST_STEP][PASSED] - AllRoleNames.add(getText().toLowerCase()): null

2020-03-13 13:32:14 - [TEST_STEP][PASSED] - println(a.getText()): null

2020-03-13 13:32:14 - [TEST_STEP][PASSED] - AllRoleNames.add(getText().toLowerCase()): null

2020-03-13 13:32:14 - [TEST_STEP][PASSED] - println(a.getText()): null

2020-03-13 13:32:14 - [TEST_STEP][PASSED] - AllRoleNames.add(getText().toLowerCase()): null

2020-03-13 13:32:14 - [TEST_STEP][PASSED] - println(a.getText()): null

2020-03-13 13:32:14 - [TEST_STEP][PASSED] - AllRoleNames.add(getText().toLowerCase()): null

2020-03-13 13:32:14 - [TEST_STEP][PASSED] - println(a.getText()): null

2020-03-13 13:32:14 - [TEST_STEP][PASSED] - AllRoleNames.add(getText().toLowerCase()): null

2020-03-13 13:32:14 - [TEST_STEP][PASSED] - println(a.getText()): null

2020-03-13 13:32:14 - [TEST_STEP][PASSED] - AllRoleNames.add(getText().toLowerCase()): null

2020-03-13 13:32:14 - [TEST_STEP][PASSED] - println(a.getText()): null

2020-03-13 13:32:14 - [TEST_STEP][PASSED] - AllRoleNames.add(getText().toLowerCase()): null

2020-03-13 13:32:14 - [TEST_STEP][PASSED] - println(a.getText()): null

2020-03-13 13:32:14 - [TEST_STEP][PASSED] - AllRoleNames.add(getText().toLowerCase()): null

2020-03-13 13:32:14 - [TEST_STEP][PASSED] - println(a.getText()): null

2020-03-13 13:32:14 - [TEST_STEP][PASSED] - AllRoleNames.add(getText().toLowerCase()): null

2020-03-13 13:32:14 - [TEST_STEP][PASSED] - println(a.getText()): null

2020-03-13 13:32:14 - [TEST_STEP][PASSED] - AllRoleNames.add(getText().toLowerCase()): null

2020-03-13 13:32:14 - [TEST_STEP][PASSED] - println(a.getText()): null

2020-03-13 13:32:14 - [TEST_STEP][PASSED] - delay(2): Delayed 2 second(s)

2020-03-13 13:32:16 - [MESSAGE][PASSED] - Delayed 2 second(s)

2020-03-13 13:32:16 - [TEST_STEP][PASSED] - click(findTestObject("ROLES/Roles_page/Pagination/front_navigation")): Object: 'Object Repository/ROLES/Roles_page/Pagination/front_navigation' is clicked on

2020-03-13 13:32:16 - [MESSAGE][PASSED] - Object: 'Object Repository/ROLES/Roles_page/Pagination/front_navigation' is clicked on

2020-03-13 13:32:16 - [TEST_STEP][PASSED] - RoleNames = findWebElements(findTestObject("ROLES/Roles_page/Role Names"), 2): null

2020-03-13 13:32:17 - [TEST_STEP][PASSED] - for (org.openqa.selenium.WebElement a : RoleNames): null

2020-03-13 13:32:17 - [TEST_STEP][PASSED] - AllRoleNames.add(getText().toLowerCase()): null

2020-03-13 13:32:17 - [TEST_STEP][PASSED] - println(a.getText()): null

2020-03-13 13:32:17 - [TEST_STEP][PASSED] - AllRoleNames.add(getText().toLowerCase()): null

2020-03-13 13:32:17 - [TEST_STEP][PASSED] - println(a.getText()): null

2020-03-13 13:32:17 - [TEST_STEP][PASSED] - AllRoleNames.add(getText().toLowerCase()): null

2020-03-13 13:32:17 - [TEST_STEP][PASSED] - println(a.getText()): null

2020-03-13 13:32:17 - [TEST_STEP][PASSED] - AllRoleNames.add(getText().toLowerCase()): null

2020-03-13 13:32:17 - [TEST_STEP][PASSED] - println(a.getText()): null

2020-03-13 13:32:17 - [TEST_STEP][PASSED] - AllRoleNames.add(getText().toLowerCase()): null

2020-03-13 13:32:17 - [TEST_STEP][PASSED] - println(a.getText()): null

2020-03-13 13:32:17 - [TEST_STEP][PASSED] - AllRoleNames.add(getText().toLowerCase()): null

2020-03-13 13:32:17 - [TEST_STEP][PASSED] - println(a.getText()): null

2020-03-13 13:32:17 - [TEST_STEP][PASSED] - AllRoleNames.add(getText().toLowerCase()): null

2020-03-13 13:32:17 - [TEST_STEP][PASSED] - println(a.getText()): null

2020-03-13 13:32:17 - [TEST_STEP][PASSED] - AllRoleNames.add(getText().toLowerCase()): null

2020-03-13 13:32:18 - [TEST_STEP][PASSED] - println(a.getText()): null

2020-03-13 13:32:18 - [TEST_STEP][PASSED] - AllRoleNames.add(getText().toLowerCase()): null

2020-03-13 13:32:18 - [TEST_STEP][PASSED] - println(a.getText()): null

2020-03-13 13:32:18 - [TEST_STEP][PASSED] - AllRoleNames.add(getText().toLowerCase()): null

2020-03-13 13:32:18 - [TEST_STEP][PASSED] - println(a.getText()): null

2020-03-13 13:32:18 - [TEST_STEP][PASSED] - delay(2): Delayed 2 second(s)

2020-03-13 13:32:20 - [MESSAGE][PASSED] - Delayed 2 second(s)

2020-03-13 13:32:20 - [TEST_STEP][PASSED] - click(findTestObject("ROLES/Roles_page/Pagination/front_navigation")): Object: 'Object Repository/ROLES/Roles_page/Pagination/front_navigation' is clicked on

2020-03-13 13:32:20 - [MESSAGE][PASSED] - Object: 'Object Repository/ROLES/Roles_page/Pagination/front_navigation' is clicked on

2020-03-13 13:32:20 - [TEST_STEP][PASSED] - RoleNames = findWebElements(findTestObject("ROLES/Roles_page/Role Names"), 2): null

2020-03-13 13:32:21 - [TEST_STEP][PASSED] - for (org.openqa.selenium.WebElement a : RoleNames): null

2020-03-13 13:32:21 - [TEST_STEP][PASSED] - AllRoleNames.add(getText().toLowerCase()): null

2020-03-13 13:32:21 - [TEST_STEP][PASSED] - println(a.getText()): null

2020-03-13 13:32:21 - [TEST_STEP][PASSED] - AllRoleNames.add(getText().toLowerCase()): null

2020-03-13 13:32:21 - [TEST_STEP][PASSED] - println(a.getText()): null

2020-03-13 13:32:21 - [TEST_STEP][PASSED] - AllRoleNames.add(getText().toLowerCase()): null

2020-03-13 13:32:21 - [TEST_STEP][PASSED] - println(a.getText()): null

2020-03-13 13:32:21 - [TEST_STEP][PASSED] - AllRoleNames.add(getText().toLowerCase()): null

2020-03-13 13:32:21 - [TEST_STEP][PASSED] - println(a.getText()): null

2020-03-13 13:32:21 - [TEST_STEP][PASSED] - AllRoleNames.add(getText().toLowerCase()): null

2020-03-13 13:32:21 - [TEST_STEP][PASSED] - println(a.getText()): null

2020-03-13 13:32:21 - [TEST_STEP][PASSED] - AllRoleNames.add(getText().toLowerCase()): null

2020-03-13 13:32:21 - [TEST_STEP][PASSED] - println(a.getText()): null

2020-03-13 13:32:21 - [TEST_STEP][PASSED] - AllRoleNames.add(getText().toLowerCase()): null

2020-03-13 13:32:21 - [TEST_STEP][PASSED] - println(a.getText()): null

2020-03-13 13:32:21 - [TEST_STEP][PASSED] - AllRoleNames.add(getText().toLowerCase()): null

2020-03-13 13:32:21 - [TEST_STEP][PASSED] - println(a.getText()): null

2020-03-13 13:32:21 - [TEST_STEP][PASSED] - AllRoleNames.add(getText().toLowerCase()): null

2020-03-13 13:32:21 - [TEST_STEP][PASSED] - println(a.getText()): null

2020-03-13 13:32:21 - [TEST_STEP][PASSED] - AllRoleNames.add(getText().toLowerCase()): null

2020-03-13 13:32:21 - [TEST_STEP][PASSED] - println(a.getText()): null

2020-03-13 13:32:21 - [TEST_STEP][PASSED] - delay(2): Delayed 2 second(s)

2020-03-13 13:32:23 - [MESSAGE][PASSED] - Delayed 2 second(s)

2020-03-13 13:32:23 - [TEST_STEP][PASSED] - click(findTestObject("ROLES/Roles_page/Pagination/front_navigation")): Object: 'Object Repository/ROLES/Roles_page/Pagination/front_navigation' is clicked on

2020-03-13 13:32:24 - [MESSAGE][PASSED] - Object: 'Object Repository/ROLES/Roles_page/Pagination/front_navigation' is clicked on

2020-03-13 13:32:24 - [TEST_STEP][PASSED] - RoleNames = findWebElements(findTestObject("ROLES/Roles_page/Role Names"), 2): null

2020-03-13 13:32:25 - [TEST_STEP][PASSED] - for (org.openqa.selenium.WebElement a : RoleNames): null

2020-03-13 13:32:25 - [TEST_STEP][PASSED] - AllRoleNames.add(getText().toLowerCase()): null

2020-03-13 13:32:25 - [TEST_STEP][PASSED] - println(a.getText()): null

2020-03-13 13:32:25 - [TEST_STEP][PASSED] - AllRoleNames.add(getText().toLowerCase()): null

2020-03-13 13:32:25 - [TEST_STEP][PASSED] - println(a.getText()): null

2020-03-13 13:32:25 - [TEST_STEP][PASSED] - AllRoleNames.add(getText().toLowerCase()): null

2020-03-13 13:32:25 - [TEST_STEP][PASSED] - println(a.getText()): null

2020-03-13 13:32:25 - [TEST_STEP][PASSED] - AllRoleNames.add(getText().toLowerCase()): null

2020-03-13 13:32:25 - [TEST_STEP][PASSED] - println(a.getText()): null

2020-03-13 13:32:25 - [TEST_STEP][PASSED] - AllRoleNames.add(getText().toLowerCase()): null

2020-03-13 13:32:25 - [TEST_STEP][PASSED] - println(a.getText()): null

2020-03-13 13:32:25 - [TEST_STEP][PASSED] - AllRoleNames.add(getText().toLowerCase()): null

2020-03-13 13:32:25 - [TEST_STEP][PASSED] - println(a.getText()): null

2020-03-13 13:32:25 - [TEST_STEP][PASSED] - AllRoleNames.add(getText().toLowerCase()): null

2020-03-13 13:32:25 - [TEST_STEP][PASSED] - println(a.getText()): null

2020-03-13 13:32:25 - [TEST_STEP][PASSED] - AllRoleNames.add(getText().toLowerCase()): null

2020-03-13 13:32:25 - [TEST_STEP][PASSED] - println(a.getText()): null

2020-03-13 13:32:25 - [TEST_STEP][PASSED] - AllRoleNames.add(getText().toLowerCase()): null

2020-03-13 13:32:25 - [TEST_STEP][PASSED] - println(a.getText()): null

2020-03-13 13:32:25 - [TEST_STEP][PASSED] - AllRoleNames.add(getText().toLowerCase()): null

2020-03-13 13:32:25 - [TEST_STEP][PASSED] - println(a.getText()): null

2020-03-13 13:32:25 - [TEST_STEP][PASSED] - delay(2): Delayed 2 second(s)

2020-03-13 13:32:27 - [MESSAGE][PASSED] - Delayed 2 second(s)

2020-03-13 13:32:27 - [TEST_STEP][PASSED] - click(findTestObject("ROLES/Roles_page/Pagination/front_navigation")): Object: 'Object Repository/ROLES/Roles_page/Pagination/front_navigation' is clicked on

2020-03-13 13:32:27 - [MESSAGE][PASSED] - Object: 'Object Repository/ROLES/Roles_page/Pagination/front_navigation' is clicked on

2020-03-13 13:32:27 - [TEST_STEP][PASSED] - RoleNames = findWebElements(findTestObject("ROLES/Roles_page/Role Names"), 2): null

2020-03-13 13:32:28 - [TEST_STEP][PASSED] - for (org.openqa.selenium.WebElement a : RoleNames): null

2020-03-13 13:32:28 - [TEST_STEP][PASSED] - AllRoleNames.add(getText().toLowerCase()): null

2020-03-13 13:32:28 - [TEST_STEP][PASSED] - println(a.getText()): null

2020-03-13 13:32:28 - [TEST_STEP][PASSED] - AllRoleNames.add(getText().toLowerCase()): null

2020-03-13 13:32:28 - [TEST_STEP][PASSED] - println(a.getText()): null

2020-03-13 13:32:28 - [TEST_STEP][PASSED] - AllRoleNames.add(getText().toLowerCase()): null

2020-03-13 13:32:28 - [TEST_STEP][PASSED] - println(a.getText()): null

2020-03-13 13:32:28 - [TEST_STEP][PASSED] - AllRoleNames.add(getText().toLowerCase()): null

2020-03-13 13:32:28 - [TEST_STEP][PASSED] - println(a.getText()): null

2020-03-13 13:32:28 - [TEST_STEP][PASSED] - AllRoleNames.add(getText().toLowerCase()): null

2020-03-13 13:32:28 - [TEST_STEP][PASSED] - println(a.getText()): null

2020-03-13 13:32:28 - [TEST_STEP][PASSED] - AllRoleNames.add(getText().toLowerCase()): null

2020-03-13 13:32:28 - [TEST_STEP][PASSED] - println(a.getText()): null

2020-03-13 13:32:28 - [TEST_STEP][PASSED] - AllRoleNames.add(getText().toLowerCase()): null

2020-03-13 13:32:28 - [TEST_STEP][PASSED] - println(a.getText()): null

2020-03-13 13:32:28 - [TEST_STEP][PASSED] - AllRoleNames.add(getText().toLowerCase()): null

2020-03-13 13:32:28 - [TEST_STEP][PASSED] - println(a.getText()): null

2020-03-13 13:32:28 - [TEST_STEP][PASSED] - AllRoleNames.add(getText().toLowerCase()): null

2020-03-13 13:32:28 - [TEST_STEP][PASSED] - println(a.getText()): null

2020-03-13 13:32:28 - [TEST_STEP][PASSED] - AllRoleNames.add(getText().toLowerCase()): null

2020-03-13 13:32:28 - [TEST_STEP][PASSED] - println(a.getText()): null

2020-03-13 13:32:28 - [TEST_STEP][PASSED] - delay(2): Delayed 2 second(s)

2020-03-13 13:32:30 - [MESSAGE][PASSED] - Delayed 2 second(s)

2020-03-13 13:32:30 - [TEST_STEP][PASSED] - click(findTestObject("ROLES/Roles_page/Pagination/front_navigation")): Object: 'Object Repository/ROLES/Roles_page/Pagination/front_navigation' is clicked on

2020-03-13 13:32:31 - [MESSAGE][PASSED] - Object: 'Object Repository/ROLES/Roles_page/Pagination/front_navigation' is clicked on

2020-03-13 13:32:31 - [TEST_STEP][PASSED] - RoleNames = findWebElements(findTestObject("ROLES/Roles_page/Role Names"), 2): null

2020-03-13 13:32:32 - [TEST_STEP][PASSED] - for (org.openqa.selenium.WebElement a : RoleNames): null

2020-03-13 13:32:32 - [TEST_STEP][PASSED] - AllRoleNames.add(getText().toLowerCase()): null

2020-03-13 13:32:32 - [TEST_STEP][PASSED] - println(a.getText()): null

2020-03-13 13:32:32 - [TEST_STEP][PASSED] - delay(2): Delayed 2 second(s)

2020-03-13 13:32:34 - [MESSAGE][PASSED] - Delayed 2 second(s)

2020-03-13 13:32:34 - [TEST_STEP][PASSED] - click(findTestObject("ROLES/Roles_page/Pagination/front_navigation")): Object: 'Object Repository/ROLES/Roles_page/Pagination/front_navigation' is clicked on

2020-03-13 13:32:37 - [MESSAGE][PASSED] - Object: 'Object Repository/ROLES/Roles_page/Pagination/front_navigation' is clicked on

2020-03-13 13:32:37 - [TEST_STEP][PASSED] - if (j == 1): null

2020-03-13 13:32:37 - [TEST_STEP][PASSED] - if (j == 2): Actual object 'true' and expected object 'true' are equal

2020-03-13 13:32:37 - [TEST_STEP][PASSED] - isSorted = web.CustomKeyword.checkListAscendingOrder(AllRoleNames): web.CustomKeyword.checkListAscendingOrder is PASSED

2020-03-13 13:32:37 - [MESSAGE][PASSED] - web.CustomKeyword.checkListAscendingOrder is PASSED

2020-03-13 13:32:37 - [TEST_STEP][PASSED] - println(AllRoleNames.size()): null

2020-03-13 13:32:37 - [TEST_STEP][PASSED] - println(AllRoleNames): null

2020-03-13 13:32:37 - [TEST_STEP][PASSED] - verifyEqual(isSorted, true): Actual object 'true' and expected object 'true' are equal

2020-03-13 13:32:37 - [MESSAGE][PASSED] - Actual object 'true' and expected object 'true' are equal

2020-03-13 13:32:37 - [TEST_STEP][PASSED] - clearText(findTestObject("Object Repository/ROLES/Roles_page/Pagination/input_Page_form-control")): Text of object 'Object Repository/ROLES/Roles_page/Pagination/input_Page_form-control' is cleared

2020-03-13 13:32:37 - [MESSAGE][PASSED] - Text of object 'Object Repository/ROLES/Roles_page/Pagination/input_Page_form-control' is cleared

2020-03-13 13:32:37 - [TEST_STEP][PASSED] - setText(findTestObject("Object Repository/ROLES/Roles_page/Pagination/input_Page_form-control"), BACK_SPACE + BACK_SPACE + "1" + ENTER): Text 'BACK_SPACE + BACK_SPACE + ENTER + 1' is set on object 'Object Repository/ROLES/Roles_page/Pagination/input_Page_form-control'

2020-03-13 13:32:37 - [MESSAGE][PASSED] - Text 'BACK_SPACE + BACK_SPACE + ENTER + 1' is set on object 'Object Repository/ROLES/Roles_page/Pagination/input_Page_form-control'

2020-03-13 13:32:37 - [TEST_STEP][PASSED] - Start listener action : sampleAfterTestCase: null

2020-03-13 13:32:37 - [TEST_STEP][PASSED] - println(testCaseContext.getTestCaseId()): null

2020-03-13 13:32:37 - [TEST_STEP][PASSED] - println(testCaseContext.getTestCaseStatus()): null

2020-03-13 13:32:37 - [TEST_STEP][PASSED] - println("On Failure Method is Calling : " + testCaseContext.getTestCaseStatus()): null

2020-03-13 13:32:37 - [TEST_STEP][PASSED] - if (!(getTestCaseStatus().equalsIgnoreCase("PASSED"))): null]]></system-out>
         <system-err><![CDATA[]]></system-err>
      </testcase>
      <testcase name="Test Cases/Atlas Platform/Configuration Management/Platform Management/ROLES/Role Listing Grid/RLG-011 Verify sorting by Status" time="66.566" classname="Test Cases/Atlas Platform/Configuration Management/Platform Management/ROLES/Role Listing Grid/RLG-011 Verify sorting by Status" status="PASSED">
         <system-out><![CDATA[2020-03-13 13:32:40 - [TEST_CASE][PASSED] - Test Cases/Atlas Platform/Configuration Management/Platform Management/ROLES/Role Listing Grid/RLG-011 Verify sorting by Status: Test Cases/Atlas Platform/Configuration Management/Platform Management/ROLES/Role Listing Grid/RLG-011 Verify sorting by Status

2020-03-13 13:32:40 - [TEST_STEP][NOT_RUN] - callTestCase(findTestCase("Atlas Platform/Platform Navigation/Login/Default Logins/Default_Login_as_Root Admin"), ["Email":findTestData("AMP_Y").getValue(1, 1), "Password":findTestData("AMP_Y").getValue(2, 1), "dashboard_exp_title":""], CONTINUE_ON_FAILURE): NOT_RUN: callTestCase(findTestCase("Atlas Platform/Platform Navigation/Login/Default Logins/Default_Login_as_Root Admin"), ["Email":findTestData("AMP_Y").getValue(1, 1), "Password":findTestData("AMP_Y").getValue(2, 1), "dashboard_exp_title":""], CONTINUE_ON_FAILURE)

2020-03-13 13:32:40 - [MESSAGE][NOT_RUN] - NOT_RUN: callTestCase(findTestCase("Atlas Platform/Platform Navigation/Login/Default Logins/Default_Login_as_Root Admin"), ["Email":findTestData("AMP_Y").getValue(1, 1), "Password":findTestData("AMP_Y").getValue(2, 1), "dashboard_exp_title":""], CONTINUE_ON_FAILURE)

2020-03-13 13:32:40 - [TEST_STEP][PASSED] - driver = getWebDriver(): null

2020-03-13 13:32:40 - [TEST_STEP][NOT_RUN] - click(findTestObject("ROLES/Role_Navigation/a_ADMIN")): NOT_RUN: click(findTestObject("ROLES/Role_Navigation/a_ADMIN"))

2020-03-13 13:32:40 - [MESSAGE][NOT_RUN] - NOT_RUN: click(findTestObject("ROLES/Role_Navigation/a_ADMIN"))

2020-03-13 13:32:40 - [TEST_STEP][PASSED] - noOfPages_text = getText(findTestObject("ROLES/Roles_page/Pagination/label_of 10")): Text of object 'Object Repository/ROLES/Roles_page/Pagination/label_of 10' is: 'of 18'

2020-03-13 13:32:40 - [MESSAGE][PASSED] - Text of object 'Object Repository/ROLES/Roles_page/Pagination/label_of 10' is: 'of 18'

2020-03-13 13:32:40 - [TEST_STEP][PASSED] - noOfPages = Integer.parseInt(noOfPages_text.substring(3)): null

2020-03-13 13:32:40 - [TEST_STEP][PASSED] - println(noOfPages): null

2020-03-13 13:32:40 - [TEST_STEP][PASSED] - for ([j = 1, j < 3, (j++)]): Actual object 'true' and expected object 'true' are equal

2020-03-13 13:32:40 - [TEST_STEP][PASSED] - click(findTestObject("ROLES/Roles_page/sorting/Status_header")): Object: 'Object Repository/ROLES/Roles_page/sorting/Status_header' is clicked on

2020-03-13 13:32:41 - [MESSAGE][PASSED] - Object: 'Object Repository/ROLES/Roles_page/sorting/Status_header' is clicked on

2020-03-13 13:32:41 - [TEST_STEP][PASSED] - status = <not implemented yet for class: org.codehaus.groovy.ast.expr.EmptyExpression>: null

2020-03-13 13:32:41 - [TEST_STEP][PASSED] - AllStatus = new java.util.ArrayList(): null

2020-03-13 13:32:41 - [TEST_STEP][PASSED] - for ([i = 1, i <= noOfPages, (i++)]): Object: 'Object Repository/ROLES/Roles_page/Pagination/front_navigation' is clicked on

2020-03-13 13:32:41 - [TEST_STEP][PASSED] - status = findWebElements(findTestObject("ROLES/Roles_page/sorting/status"), 2): null

2020-03-13 13:32:42 - [TEST_STEP][PASSED] - for (org.openqa.selenium.WebElement a : status): null

2020-03-13 13:32:42 - [TEST_STEP][PASSED] - AllStatus.add(a.getText()): null

2020-03-13 13:32:42 - [TEST_STEP][PASSED] - AllStatus.add(a.getText()): null

2020-03-13 13:32:42 - [TEST_STEP][PASSED] - AllStatus.add(a.getText()): null

2020-03-13 13:32:42 - [TEST_STEP][PASSED] - AllStatus.add(a.getText()): null

2020-03-13 13:32:42 - [TEST_STEP][PASSED] - AllStatus.add(a.getText()): null

2020-03-13 13:32:42 - [TEST_STEP][PASSED] - AllStatus.add(a.getText()): null

2020-03-13 13:32:42 - [TEST_STEP][PASSED] - AllStatus.add(a.getText()): null

2020-03-13 13:32:42 - [TEST_STEP][PASSED] - AllStatus.add(a.getText()): null

2020-03-13 13:32:42 - [TEST_STEP][PASSED] - AllStatus.add(a.getText()): null

2020-03-13 13:32:42 - [TEST_STEP][PASSED] - AllStatus.add(a.getText()): null

2020-03-13 13:32:42 - [TEST_STEP][PASSED] - click(findTestObject("ROLES/Roles_page/Pagination/front_navigation")): Object: 'Object Repository/ROLES/Roles_page/Pagination/front_navigation' is clicked on

2020-03-13 13:32:43 - [MESSAGE][PASSED] - Object: 'Object Repository/ROLES/Roles_page/Pagination/front_navigation' is clicked on

2020-03-13 13:32:43 - [TEST_STEP][PASSED] - status = findWebElements(findTestObject("ROLES/Roles_page/sorting/status"), 2): null

2020-03-13 13:32:43 - [TEST_STEP][PASSED] - for (org.openqa.selenium.WebElement a : status): null

2020-03-13 13:32:43 - [TEST_STEP][PASSED] - AllStatus.add(a.getText()): null

2020-03-13 13:32:43 - [TEST_STEP][PASSED] - AllStatus.add(a.getText()): null

2020-03-13 13:32:44 - [TEST_STEP][PASSED] - AllStatus.add(a.getText()): null

2020-03-13 13:32:44 - [TEST_STEP][PASSED] - AllStatus.add(a.getText()): null

2020-03-13 13:32:44 - [TEST_STEP][PASSED] - AllStatus.add(a.getText()): null

2020-03-13 13:32:44 - [TEST_STEP][PASSED] - AllStatus.add(a.getText()): null

2020-03-13 13:32:44 - [TEST_STEP][PASSED] - AllStatus.add(a.getText()): null

2020-03-13 13:32:44 - [TEST_STEP][PASSED] - AllStatus.add(a.getText()): null

2020-03-13 13:32:44 - [TEST_STEP][PASSED] - AllStatus.add(a.getText()): null

2020-03-13 13:32:44 - [TEST_STEP][PASSED] - AllStatus.add(a.getText()): null

2020-03-13 13:32:44 - [TEST_STEP][PASSED] - click(findTestObject("ROLES/Roles_page/Pagination/front_navigation")): Object: 'Object Repository/ROLES/Roles_page/Pagination/front_navigation' is clicked on

2020-03-13 13:32:44 - [MESSAGE][PASSED] - Object: 'Object Repository/ROLES/Roles_page/Pagination/front_navigation' is clicked on

2020-03-13 13:32:44 - [TEST_STEP][PASSED] - status = findWebElements(findTestObject("ROLES/Roles_page/sorting/status"), 2): null

2020-03-13 13:32:45 - [TEST_STEP][PASSED] - for (org.openqa.selenium.WebElement a : status): null

2020-03-13 13:32:45 - [TEST_STEP][PASSED] - AllStatus.add(a.getText()): null

2020-03-13 13:32:45 - [TEST_STEP][PASSED] - AllStatus.add(a.getText()): null

2020-03-13 13:32:45 - [TEST_STEP][PASSED] - AllStatus.add(a.getText()): null

2020-03-13 13:32:45 - [TEST_STEP][PASSED] - AllStatus.add(a.getText()): null

2020-03-13 13:32:45 - [TEST_STEP][PASSED] - AllStatus.add(a.getText()): null

2020-03-13 13:32:45 - [TEST_STEP][PASSED] - AllStatus.add(a.getText()): null

2020-03-13 13:32:45 - [TEST_STEP][PASSED] - AllStatus.add(a.getText()): null

2020-03-13 13:32:45 - [TEST_STEP][PASSED] - AllStatus.add(a.getText()): null

2020-03-13 13:32:45 - [TEST_STEP][PASSED] - AllStatus.add(a.getText()): null

2020-03-13 13:32:45 - [TEST_STEP][PASSED] - AllStatus.add(a.getText()): null

2020-03-13 13:32:45 - [TEST_STEP][PASSED] - click(findTestObject("ROLES/Roles_page/Pagination/front_navigation")): Object: 'Object Repository/ROLES/Roles_page/Pagination/front_navigation' is clicked on

2020-03-13 13:32:46 - [MESSAGE][PASSED] - Object: 'Object Repository/ROLES/Roles_page/Pagination/front_navigation' is clicked on

2020-03-13 13:32:46 - [TEST_STEP][PASSED] - status = findWebElements(findTestObject("ROLES/Roles_page/sorting/status"), 2): null

2020-03-13 13:32:46 - [TEST_STEP][PASSED] - for (org.openqa.selenium.WebElement a : status): null

2020-03-13 13:32:46 - [TEST_STEP][PASSED] - AllStatus.add(a.getText()): null

2020-03-13 13:32:47 - [TEST_STEP][PASSED] - AllStatus.add(a.getText()): null

2020-03-13 13:32:47 - [TEST_STEP][PASSED] - AllStatus.add(a.getText()): null

2020-03-13 13:32:47 - [TEST_STEP][PASSED] - AllStatus.add(a.getText()): null

2020-03-13 13:32:47 - [TEST_STEP][PASSED] - AllStatus.add(a.getText()): null

2020-03-13 13:32:47 - [TEST_STEP][PASSED] - AllStatus.add(a.getText()): null

2020-03-13 13:32:47 - [TEST_STEP][PASSED] - AllStatus.add(a.getText()): null

2020-03-13 13:32:47 - [TEST_STEP][PASSED] - AllStatus.add(a.getText()): null

2020-03-13 13:32:47 - [TEST_STEP][PASSED] - AllStatus.add(a.getText()): null

2020-03-13 13:32:47 - [TEST_STEP][PASSED] - AllStatus.add(a.getText()): null

2020-03-13 13:32:47 - [TEST_STEP][PASSED] - click(findTestObject("ROLES/Roles_page/Pagination/front_navigation")): Object: 'Object Repository/ROLES/Roles_page/Pagination/front_navigation' is clicked on

2020-03-13 13:32:47 - [MESSAGE][PASSED] - Object: 'Object Repository/ROLES/Roles_page/Pagination/front_navigation' is clicked on

2020-03-13 13:32:47 - [TEST_STEP][PASSED] - status = findWebElements(findTestObject("ROLES/Roles_page/sorting/status"), 2): null

2020-03-13 13:32:48 - [TEST_STEP][PASSED] - for (org.openqa.selenium.WebElement a : status): null

2020-03-13 13:32:48 - [TEST_STEP][PASSED] - AllStatus.add(a.getText()): null

2020-03-13 13:32:48 - [TEST_STEP][PASSED] - AllStatus.add(a.getText()): null

2020-03-13 13:32:48 - [TEST_STEP][PASSED] - AllStatus.add(a.getText()): null

2020-03-13 13:32:48 - [TEST_STEP][PASSED] - AllStatus.add(a.getText()): null

2020-03-13 13:32:48 - [TEST_STEP][PASSED] - AllStatus.add(a.getText()): null

2020-03-13 13:32:48 - [TEST_STEP][PASSED] - AllStatus.add(a.getText()): null

2020-03-13 13:32:48 - [TEST_STEP][PASSED] - AllStatus.add(a.getText()): null

2020-03-13 13:32:48 - [TEST_STEP][PASSED] - AllStatus.add(a.getText()): null

2020-03-13 13:32:48 - [TEST_STEP][PASSED] - AllStatus.add(a.getText()): null

2020-03-13 13:32:48 - [TEST_STEP][PASSED] - AllStatus.add(a.getText()): null

2020-03-13 13:32:48 - [TEST_STEP][PASSED] - click(findTestObject("ROLES/Roles_page/Pagination/front_navigation")): Object: 'Object Repository/ROLES/Roles_page/Pagination/front_navigation' is clicked on

2020-03-13 13:32:49 - [MESSAGE][PASSED] - Object: 'Object Repository/ROLES/Roles_page/Pagination/front_navigation' is clicked on

2020-03-13 13:32:49 - [TEST_STEP][PASSED] - status = findWebElements(findTestObject("ROLES/Roles_page/sorting/status"), 2): null

2020-03-13 13:32:50 - [TEST_STEP][PASSED] - for (org.openqa.selenium.WebElement a : status): null

2020-03-13 13:32:50 - [TEST_STEP][PASSED] - AllStatus.add(a.getText()): null

2020-03-13 13:32:50 - [TEST_STEP][PASSED] - AllStatus.add(a.getText()): null

2020-03-13 13:32:50 - [TEST_STEP][PASSED] - AllStatus.add(a.getText()): null

2020-03-13 13:32:50 - [TEST_STEP][PASSED] - AllStatus.add(a.getText()): null

2020-03-13 13:32:50 - [TEST_STEP][PASSED] - AllStatus.add(a.getText()): null

2020-03-13 13:32:50 - [TEST_STEP][PASSED] - AllStatus.add(a.getText()): null

2020-03-13 13:32:50 - [TEST_STEP][PASSED] - AllStatus.add(a.getText()): null

2020-03-13 13:32:50 - [TEST_STEP][PASSED] - AllStatus.add(a.getText()): null

2020-03-13 13:32:50 - [TEST_STEP][PASSED] - AllStatus.add(a.getText()): null

2020-03-13 13:32:50 - [TEST_STEP][PASSED] - AllStatus.add(a.getText()): null

2020-03-13 13:32:50 - [TEST_STEP][PASSED] - click(findTestObject("ROLES/Roles_page/Pagination/front_navigation")): Object: 'Object Repository/ROLES/Roles_page/Pagination/front_navigation' is clicked on

2020-03-13 13:32:50 - [MESSAGE][PASSED] - Object: 'Object Repository/ROLES/Roles_page/Pagination/front_navigation' is clicked on

2020-03-13 13:32:50 - [TEST_STEP][PASSED] - status = findWebElements(findTestObject("ROLES/Roles_page/sorting/status"), 2): null

2020-03-13 13:32:51 - [TEST_STEP][PASSED] - for (org.openqa.selenium.WebElement a : status): null

2020-03-13 13:32:51 - [TEST_STEP][PASSED] - AllStatus.add(a.getText()): null

2020-03-13 13:32:51 - [TEST_STEP][PASSED] - AllStatus.add(a.getText()): null

2020-03-13 13:32:51 - [TEST_STEP][PASSED] - AllStatus.add(a.getText()): null

2020-03-13 13:32:51 - [TEST_STEP][PASSED] - AllStatus.add(a.getText()): null

2020-03-13 13:32:51 - [TEST_STEP][PASSED] - AllStatus.add(a.getText()): null

2020-03-13 13:32:51 - [TEST_STEP][PASSED] - AllStatus.add(a.getText()): null

2020-03-13 13:32:51 - [TEST_STEP][PASSED] - AllStatus.add(a.getText()): null

2020-03-13 13:32:51 - [TEST_STEP][PASSED] - AllStatus.add(a.getText()): null

2020-03-13 13:32:51 - [TEST_STEP][PASSED] - AllStatus.add(a.getText()): null

2020-03-13 13:32:51 - [TEST_STEP][PASSED] - AllStatus.add(a.getText()): null

2020-03-13 13:32:51 - [TEST_STEP][PASSED] - click(findTestObject("ROLES/Roles_page/Pagination/front_navigation")): Object: 'Object Repository/ROLES/Roles_page/Pagination/front_navigation' is clicked on

2020-03-13 13:32:52 - [MESSAGE][PASSED] - Object: 'Object Repository/ROLES/Roles_page/Pagination/front_navigation' is clicked on

2020-03-13 13:32:52 - [TEST_STEP][PASSED] - status = findWebElements(findTestObject("ROLES/Roles_page/sorting/status"), 2): null

2020-03-13 13:32:53 - [TEST_STEP][PASSED] - for (org.openqa.selenium.WebElement a : status): null

2020-03-13 13:32:53 - [TEST_STEP][PASSED] - AllStatus.add(a.getText()): null

2020-03-13 13:32:53 - [TEST_STEP][PASSED] - AllStatus.add(a.getText()): null

2020-03-13 13:32:53 - [TEST_STEP][PASSED] - AllStatus.add(a.getText()): null

2020-03-13 13:32:53 - [TEST_STEP][PASSED] - AllStatus.add(a.getText()): null

2020-03-13 13:32:53 - [TEST_STEP][PASSED] - AllStatus.add(a.getText()): null

2020-03-13 13:32:53 - [TEST_STEP][PASSED] - AllStatus.add(a.getText()): null

2020-03-13 13:32:53 - [TEST_STEP][PASSED] - AllStatus.add(a.getText()): null

2020-03-13 13:32:53 - [TEST_STEP][PASSED] - AllStatus.add(a.getText()): null

2020-03-13 13:32:53 - [TEST_STEP][PASSED] - AllStatus.add(a.getText()): null

2020-03-13 13:32:53 - [TEST_STEP][PASSED] - AllStatus.add(a.getText()): null

2020-03-13 13:32:53 - [TEST_STEP][PASSED] - click(findTestObject("ROLES/Roles_page/Pagination/front_navigation")): Object: 'Object Repository/ROLES/Roles_page/Pagination/front_navigation' is clicked on

2020-03-13 13:32:53 - [MESSAGE][PASSED] - Object: 'Object Repository/ROLES/Roles_page/Pagination/front_navigation' is clicked on

2020-03-13 13:32:53 - [TEST_STEP][PASSED] - status = findWebElements(findTestObject("ROLES/Roles_page/sorting/status"), 2): null

2020-03-13 13:32:54 - [TEST_STEP][PASSED] - for (org.openqa.selenium.WebElement a : status): null

2020-03-13 13:32:54 - [TEST_STEP][PASSED] - AllStatus.add(a.getText()): null

2020-03-13 13:32:54 - [TEST_STEP][PASSED] - AllStatus.add(a.getText()): null

2020-03-13 13:32:54 - [TEST_STEP][PASSED] - AllStatus.add(a.getText()): null

2020-03-13 13:32:54 - [TEST_STEP][PASSED] - AllStatus.add(a.getText()): null

2020-03-13 13:32:54 - [TEST_STEP][PASSED] - AllStatus.add(a.getText()): null

2020-03-13 13:32:54 - [TEST_STEP][PASSED] - AllStatus.add(a.getText()): null

2020-03-13 13:32:54 - [TEST_STEP][PASSED] - AllStatus.add(a.getText()): null

2020-03-13 13:32:54 - [TEST_STEP][PASSED] - AllStatus.add(a.getText()): null

2020-03-13 13:32:54 - [TEST_STEP][PASSED] - AllStatus.add(a.getText()): null

2020-03-13 13:32:54 - [TEST_STEP][PASSED] - AllStatus.add(a.getText()): null

2020-03-13 13:32:54 - [TEST_STEP][PASSED] - click(findTestObject("ROLES/Roles_page/Pagination/front_navigation")): Object: 'Object Repository/ROLES/Roles_page/Pagination/front_navigation' is clicked on

2020-03-13 13:32:55 - [MESSAGE][PASSED] - Object: 'Object Repository/ROLES/Roles_page/Pagination/front_navigation' is clicked on

2020-03-13 13:32:55 - [TEST_STEP][PASSED] - status = findWebElements(findTestObject("ROLES/Roles_page/sorting/status"), 2): null

2020-03-13 13:32:56 - [TEST_STEP][PASSED] - for (org.openqa.selenium.WebElement a : status): null

2020-03-13 13:32:56 - [TEST_STEP][PASSED] - AllStatus.add(a.getText()): null

2020-03-13 13:32:56 - [TEST_STEP][PASSED] - AllStatus.add(a.getText()): null

2020-03-13 13:32:56 - [TEST_STEP][PASSED] - AllStatus.add(a.getText()): null

2020-03-13 13:32:56 - [TEST_STEP][PASSED] - AllStatus.add(a.getText()): null

2020-03-13 13:32:56 - [TEST_STEP][PASSED] - AllStatus.add(a.getText()): null

2020-03-13 13:32:56 - [TEST_STEP][PASSED] - AllStatus.add(a.getText()): null

2020-03-13 13:32:56 - [TEST_STEP][PASSED] - AllStatus.add(a.getText()): null

2020-03-13 13:32:56 - [TEST_STEP][PASSED] - AllStatus.add(a.getText()): null

2020-03-13 13:32:56 - [TEST_STEP][PASSED] - AllStatus.add(a.getText()): null

2020-03-13 13:32:56 - [TEST_STEP][PASSED] - AllStatus.add(a.getText()): null

2020-03-13 13:32:56 - [TEST_STEP][PASSED] - click(findTestObject("ROLES/Roles_page/Pagination/front_navigation")): Object: 'Object Repository/ROLES/Roles_page/Pagination/front_navigation' is clicked on

2020-03-13 13:32:56 - [MESSAGE][PASSED] - Object: 'Object Repository/ROLES/Roles_page/Pagination/front_navigation' is clicked on

2020-03-13 13:32:56 - [TEST_STEP][PASSED] - status = findWebElements(findTestObject("ROLES/Roles_page/sorting/status"), 2): null

2020-03-13 13:32:57 - [TEST_STEP][PASSED] - for (org.openqa.selenium.WebElement a : status): null

2020-03-13 13:32:57 - [TEST_STEP][PASSED] - AllStatus.add(a.getText()): null

2020-03-13 13:32:57 - [TEST_STEP][PASSED] - AllStatus.add(a.getText()): null

2020-03-13 13:32:57 - [TEST_STEP][PASSED] - AllStatus.add(a.getText()): null

2020-03-13 13:32:57 - [TEST_STEP][PASSED] - AllStatus.add(a.getText()): null

2020-03-13 13:32:57 - [TEST_STEP][PASSED] - AllStatus.add(a.getText()): null

2020-03-13 13:32:57 - [TEST_STEP][PASSED] - AllStatus.add(a.getText()): null

2020-03-13 13:32:57 - [TEST_STEP][PASSED] - AllStatus.add(a.getText()): null

2020-03-13 13:32:57 - [TEST_STEP][PASSED] - AllStatus.add(a.getText()): null

2020-03-13 13:32:57 - [TEST_STEP][PASSED] - AllStatus.add(a.getText()): null

2020-03-13 13:32:57 - [TEST_STEP][PASSED] - AllStatus.add(a.getText()): null

2020-03-13 13:32:57 - [TEST_STEP][PASSED] - click(findTestObject("ROLES/Roles_page/Pagination/front_navigation")): Object: 'Object Repository/ROLES/Roles_page/Pagination/front_navigation' is clicked on

2020-03-13 13:32:58 - [MESSAGE][PASSED] - Object: 'Object Repository/ROLES/Roles_page/Pagination/front_navigation' is clicked on

2020-03-13 13:32:58 - [TEST_STEP][PASSED] - status = findWebElements(findTestObject("ROLES/Roles_page/sorting/status"), 2): null

2020-03-13 13:32:59 - [TEST_STEP][PASSED] - for (org.openqa.selenium.WebElement a : status): null

2020-03-13 13:32:59 - [TEST_STEP][PASSED] - AllStatus.add(a.getText()): null

2020-03-13 13:32:59 - [TEST_STEP][PASSED] - AllStatus.add(a.getText()): null

2020-03-13 13:32:59 - [TEST_STEP][PASSED] - AllStatus.add(a.getText()): null

2020-03-13 13:32:59 - [TEST_STEP][PASSED] - AllStatus.add(a.getText()): null

2020-03-13 13:32:59 - [TEST_STEP][PASSED] - AllStatus.add(a.getText()): null

2020-03-13 13:32:59 - [TEST_STEP][PASSED] - AllStatus.add(a.getText()): null

2020-03-13 13:32:59 - [TEST_STEP][PASSED] - AllStatus.add(a.getText()): null

2020-03-13 13:32:59 - [TEST_STEP][PASSED] - AllStatus.add(a.getText()): null

2020-03-13 13:32:59 - [TEST_STEP][PASSED] - AllStatus.add(a.getText()): null

2020-03-13 13:32:59 - [TEST_STEP][PASSED] - AllStatus.add(a.getText()): null

2020-03-13 13:32:59 - [TEST_STEP][PASSED] - click(findTestObject("ROLES/Roles_page/Pagination/front_navigation")): Object: 'Object Repository/ROLES/Roles_page/Pagination/front_navigation' is clicked on

2020-03-13 13:33:00 - [MESSAGE][PASSED] - Object: 'Object Repository/ROLES/Roles_page/Pagination/front_navigation' is clicked on

2020-03-13 13:33:00 - [TEST_STEP][PASSED] - status = findWebElements(findTestObject("ROLES/Roles_page/sorting/status"), 2): null

2020-03-13 13:33:00 - [TEST_STEP][PASSED] - for (org.openqa.selenium.WebElement a : status): null

2020-03-13 13:33:00 - [TEST_STEP][PASSED] - AllStatus.add(a.getText()): null

2020-03-13 13:33:00 - [TEST_STEP][PASSED] - AllStatus.add(a.getText()): null

2020-03-13 13:33:01 - [TEST_STEP][PASSED] - AllStatus.add(a.getText()): null

2020-03-13 13:33:01 - [TEST_STEP][PASSED] - AllStatus.add(a.getText()): null

2020-03-13 13:33:01 - [TEST_STEP][PASSED] - AllStatus.add(a.getText()): null

2020-03-13 13:33:01 - [TEST_STEP][PASSED] - AllStatus.add(a.getText()): null

2020-03-13 13:33:01 - [TEST_STEP][PASSED] - AllStatus.add(a.getText()): null

2020-03-13 13:33:01 - [TEST_STEP][PASSED] - AllStatus.add(a.getText()): null

2020-03-13 13:33:01 - [TEST_STEP][PASSED] - AllStatus.add(a.getText()): null

2020-03-13 13:33:01 - [TEST_STEP][PASSED] - AllStatus.add(a.getText()): null

2020-03-13 13:33:01 - [TEST_STEP][PASSED] - click(findTestObject("ROLES/Roles_page/Pagination/front_navigation")): Object: 'Object Repository/ROLES/Roles_page/Pagination/front_navigation' is clicked on

2020-03-13 13:33:01 - [MESSAGE][PASSED] - Object: 'Object Repository/ROLES/Roles_page/Pagination/front_navigation' is clicked on

2020-03-13 13:33:01 - [TEST_STEP][PASSED] - status = findWebElements(findTestObject("ROLES/Roles_page/sorting/status"), 2): null

2020-03-13 13:33:02 - [TEST_STEP][PASSED] - for (org.openqa.selenium.WebElement a : status): null

2020-03-13 13:33:02 - [TEST_STEP][PASSED] - AllStatus.add(a.getText()): null

2020-03-13 13:33:02 - [TEST_STEP][PASSED] - AllStatus.add(a.getText()): null

2020-03-13 13:33:02 - [TEST_STEP][PASSED] - AllStatus.add(a.getText()): null

2020-03-13 13:33:02 - [TEST_STEP][PASSED] - AllStatus.add(a.getText()): null

2020-03-13 13:33:02 - [TEST_STEP][PASSED] - AllStatus.add(a.getText()): null

2020-03-13 13:33:02 - [TEST_STEP][PASSED] - AllStatus.add(a.getText()): null

2020-03-13 13:33:02 - [TEST_STEP][PASSED] - AllStatus.add(a.getText()): null

2020-03-13 13:33:02 - [TEST_STEP][PASSED] - AllStatus.add(a.getText()): null

2020-03-13 13:33:02 - [TEST_STEP][PASSED] - AllStatus.add(a.getText()): null

2020-03-13 13:33:02 - [TEST_STEP][PASSED] - AllStatus.add(a.getText()): null

2020-03-13 13:33:02 - [TEST_STEP][PASSED] - click(findTestObject("ROLES/Roles_page/Pagination/front_navigation")): Object: 'Object Repository/ROLES/Roles_page/Pagination/front_navigation' is clicked on

2020-03-13 13:33:03 - [MESSAGE][PASSED] - Object: 'Object Repository/ROLES/Roles_page/Pagination/front_navigation' is clicked on

2020-03-13 13:33:03 - [TEST_STEP][PASSED] - status = findWebElements(findTestObject("ROLES/Roles_page/sorting/status"), 2): null

2020-03-13 13:33:03 - [TEST_STEP][PASSED] - for (org.openqa.selenium.WebElement a : status): null

2020-03-13 13:33:03 - [TEST_STEP][PASSED] - AllStatus.add(a.getText()): null

2020-03-13 13:33:03 - [TEST_STEP][PASSED] - AllStatus.add(a.getText()): null

2020-03-13 13:33:03 - [TEST_STEP][PASSED] - AllStatus.add(a.getText()): null

2020-03-13 13:33:03 - [TEST_STEP][PASSED] - AllStatus.add(a.getText()): null

2020-03-13 13:33:03 - [TEST_STEP][PASSED] - AllStatus.add(a.getText()): null

2020-03-13 13:33:04 - [TEST_STEP][PASSED] - AllStatus.add(a.getText()): null

2020-03-13 13:33:04 - [TEST_STEP][PASSED] - AllStatus.add(a.getText()): null

2020-03-13 13:33:04 - [TEST_STEP][PASSED] - AllStatus.add(a.getText()): null

2020-03-13 13:33:04 - [TEST_STEP][PASSED] - AllStatus.add(a.getText()): null

2020-03-13 13:33:04 - [TEST_STEP][PASSED] - AllStatus.add(a.getText()): null

2020-03-13 13:33:04 - [TEST_STEP][PASSED] - click(findTestObject("ROLES/Roles_page/Pagination/front_navigation")): Object: 'Object Repository/ROLES/Roles_page/Pagination/front_navigation' is clicked on

2020-03-13 13:33:04 - [MESSAGE][PASSED] - Object: 'Object Repository/ROLES/Roles_page/Pagination/front_navigation' is clicked on

2020-03-13 13:33:04 - [TEST_STEP][PASSED] - status = findWebElements(findTestObject("ROLES/Roles_page/sorting/status"), 2): null

2020-03-13 13:33:05 - [TEST_STEP][PASSED] - for (org.openqa.selenium.WebElement a : status): null

2020-03-13 13:33:05 - [TEST_STEP][PASSED] - AllStatus.add(a.getText()): null

2020-03-13 13:33:05 - [TEST_STEP][PASSED] - AllStatus.add(a.getText()): null

2020-03-13 13:33:05 - [TEST_STEP][PASSED] - AllStatus.add(a.getText()): null

2020-03-13 13:33:05 - [TEST_STEP][PASSED] - AllStatus.add(a.getText()): null

2020-03-13 13:33:05 - [TEST_STEP][PASSED] - AllStatus.add(a.getText()): null

2020-03-13 13:33:05 - [TEST_STEP][PASSED] - AllStatus.add(a.getText()): null

2020-03-13 13:33:05 - [TEST_STEP][PASSED] - AllStatus.add(a.getText()): null

2020-03-13 13:33:05 - [TEST_STEP][PASSED] - AllStatus.add(a.getText()): null

2020-03-13 13:33:05 - [TEST_STEP][PASSED] - AllStatus.add(a.getText()): null

2020-03-13 13:33:06 - [TEST_STEP][PASSED] - AllStatus.add(a.getText()): null

2020-03-13 13:33:06 - [TEST_STEP][PASSED] - click(findTestObject("ROLES/Roles_page/Pagination/front_navigation")): Object: 'Object Repository/ROLES/Roles_page/Pagination/front_navigation' is clicked on

2020-03-13 13:33:06 - [MESSAGE][PASSED] - Object: 'Object Repository/ROLES/Roles_page/Pagination/front_navigation' is clicked on

2020-03-13 13:33:06 - [TEST_STEP][PASSED] - status = findWebElements(findTestObject("ROLES/Roles_page/sorting/status"), 2): null

2020-03-13 13:33:07 - [TEST_STEP][PASSED] - for (org.openqa.selenium.WebElement a : status): null

2020-03-13 13:33:07 - [TEST_STEP][PASSED] - AllStatus.add(a.getText()): null

2020-03-13 13:33:07 - [TEST_STEP][PASSED] - AllStatus.add(a.getText()): null

2020-03-13 13:33:07 - [TEST_STEP][PASSED] - AllStatus.add(a.getText()): null

2020-03-13 13:33:07 - [TEST_STEP][PASSED] - AllStatus.add(a.getText()): null

2020-03-13 13:33:07 - [TEST_STEP][PASSED] - AllStatus.add(a.getText()): null

2020-03-13 13:33:07 - [TEST_STEP][PASSED] - AllStatus.add(a.getText()): null

2020-03-13 13:33:07 - [TEST_STEP][PASSED] - AllStatus.add(a.getText()): null

2020-03-13 13:33:07 - [TEST_STEP][PASSED] - AllStatus.add(a.getText()): null

2020-03-13 13:33:07 - [TEST_STEP][PASSED] - AllStatus.add(a.getText()): null

2020-03-13 13:33:07 - [TEST_STEP][PASSED] - AllStatus.add(a.getText()): null

2020-03-13 13:33:07 - [TEST_STEP][PASSED] - click(findTestObject("ROLES/Roles_page/Pagination/front_navigation")): Object: 'Object Repository/ROLES/Roles_page/Pagination/front_navigation' is clicked on

2020-03-13 13:33:07 - [MESSAGE][PASSED] - Object: 'Object Repository/ROLES/Roles_page/Pagination/front_navigation' is clicked on

2020-03-13 13:33:07 - [TEST_STEP][PASSED] - status = findWebElements(findTestObject("ROLES/Roles_page/sorting/status"), 2): null

2020-03-13 13:33:08 - [TEST_STEP][PASSED] - for (org.openqa.selenium.WebElement a : status): null

2020-03-13 13:33:08 - [TEST_STEP][PASSED] - AllStatus.add(a.getText()): null

2020-03-13 13:33:08 - [TEST_STEP][PASSED] - click(findTestObject("ROLES/Roles_page/Pagination/front_navigation")): Object: 'Object Repository/ROLES/Roles_page/Pagination/front_navigation' is clicked on

2020-03-13 13:33:11 - [MESSAGE][PASSED] - Object: 'Object Repository/ROLES/Roles_page/Pagination/front_navigation' is clicked on

2020-03-13 13:33:11 - [TEST_STEP][PASSED] - if (j == 1): Text 'BACK_SPACE + BACK_SPACE + ENTER + 1' is set on object 'Object Repository/ROLES/Roles_page/Pagination/input_Page_form-control'

2020-03-13 13:33:11 - [TEST_STEP][PASSED] - isSorted = web.CustomKeyword.checkListDescending(AllStatus): web.CustomKeyword.checkListDescending is PASSED

2020-03-13 13:33:11 - [MESSAGE][PASSED] - web.CustomKeyword.checkListDescending is PASSED

2020-03-13 13:33:11 - [TEST_STEP][PASSED] - println(AllStatus.size()): null

2020-03-13 13:33:11 - [TEST_STEP][PASSED] - println(AllStatus): null

2020-03-13 13:33:11 - [TEST_STEP][PASSED] - verifyEqual(isSorted, true): Actual object 'true' and expected object 'true' are equal

2020-03-13 13:33:11 - [MESSAGE][PASSED] - Actual object 'true' and expected object 'true' are equal

2020-03-13 13:33:11 - [TEST_STEP][PASSED] - clearText(findTestObject("Object Repository/ROLES/Roles_page/Pagination/input_Page_form-control")): Text of object 'Object Repository/ROLES/Roles_page/Pagination/input_Page_form-control' is cleared

2020-03-13 13:33:11 - [MESSAGE][PASSED] - Text of object 'Object Repository/ROLES/Roles_page/Pagination/input_Page_form-control' is cleared

2020-03-13 13:33:11 - [TEST_STEP][PASSED] - setText(findTestObject("Object Repository/ROLES/Roles_page/Pagination/input_Page_form-control"), BACK_SPACE + BACK_SPACE + "1" + ENTER): Text 'BACK_SPACE + BACK_SPACE + ENTER + 1' is set on object 'Object Repository/ROLES/Roles_page/Pagination/input_Page_form-control'

2020-03-13 13:33:12 - [MESSAGE][PASSED] - Text 'BACK_SPACE + BACK_SPACE + ENTER + 1' is set on object 'Object Repository/ROLES/Roles_page/Pagination/input_Page_form-control'

2020-03-13 13:33:12 - [TEST_STEP][PASSED] - if (j == 2): null

2020-03-13 13:33:12 - [TEST_STEP][PASSED] - click(findTestObject("ROLES/Roles_page/sorting/Status_header")): Object: 'Object Repository/ROLES/Roles_page/sorting/Status_header' is clicked on

2020-03-13 13:33:13 - [MESSAGE][PASSED] - Object: 'Object Repository/ROLES/Roles_page/sorting/Status_header' is clicked on

2020-03-13 13:33:13 - [TEST_STEP][PASSED] - status = <not implemented yet for class: org.codehaus.groovy.ast.expr.EmptyExpression>: null

2020-03-13 13:33:13 - [TEST_STEP][PASSED] - AllStatus = new java.util.ArrayList(): null

2020-03-13 13:33:13 - [TEST_STEP][PASSED] - for ([i = 1, i <= noOfPages, (i++)]): Object: 'Object Repository/ROLES/Roles_page/Pagination/front_navigation' is clicked on

2020-03-13 13:33:13 - [TEST_STEP][PASSED] - status = findWebElements(findTestObject("ROLES/Roles_page/sorting/status"), 2): null

2020-03-13 13:33:14 - [TEST_STEP][PASSED] - for (org.openqa.selenium.WebElement a : status): null

2020-03-13 13:33:14 - [TEST_STEP][PASSED] - AllStatus.add(a.getText()): null

2020-03-13 13:33:14 - [TEST_STEP][PASSED] - AllStatus.add(a.getText()): null

2020-03-13 13:33:14 - [TEST_STEP][PASSED] - AllStatus.add(a.getText()): null

2020-03-13 13:33:14 - [TEST_STEP][PASSED] - AllStatus.add(a.getText()): null

2020-03-13 13:33:14 - [TEST_STEP][PASSED] - AllStatus.add(a.getText()): null

2020-03-13 13:33:14 - [TEST_STEP][PASSED] - AllStatus.add(a.getText()): null

2020-03-13 13:33:14 - [TEST_STEP][PASSED] - AllStatus.add(a.getText()): null

2020-03-13 13:33:14 - [TEST_STEP][PASSED] - AllStatus.add(a.getText()): null

2020-03-13 13:33:14 - [TEST_STEP][PASSED] - AllStatus.add(a.getText()): null

2020-03-13 13:33:14 - [TEST_STEP][PASSED] - AllStatus.add(a.getText()): null

2020-03-13 13:33:14 - [TEST_STEP][PASSED] - click(findTestObject("ROLES/Roles_page/Pagination/front_navigation")): Object: 'Object Repository/ROLES/Roles_page/Pagination/front_navigation' is clicked on

2020-03-13 13:33:14 - [MESSAGE][PASSED] - Object: 'Object Repository/ROLES/Roles_page/Pagination/front_navigation' is clicked on

2020-03-13 13:33:14 - [TEST_STEP][PASSED] - status = findWebElements(findTestObject("ROLES/Roles_page/sorting/status"), 2): null

2020-03-13 13:33:15 - [TEST_STEP][PASSED] - for (org.openqa.selenium.WebElement a : status): null

2020-03-13 13:33:15 - [TEST_STEP][PASSED] - AllStatus.add(a.getText()): null

2020-03-13 13:33:15 - [TEST_STEP][PASSED] - AllStatus.add(a.getText()): null

2020-03-13 13:33:15 - [TEST_STEP][PASSED] - AllStatus.add(a.getText()): null

2020-03-13 13:33:15 - [TEST_STEP][PASSED] - AllStatus.add(a.getText()): null

2020-03-13 13:33:15 - [TEST_STEP][PASSED] - AllStatus.add(a.getText()): null

2020-03-13 13:33:15 - [TEST_STEP][PASSED] - AllStatus.add(a.getText()): null

2020-03-13 13:33:15 - [TEST_STEP][PASSED] - AllStatus.add(a.getText()): null

2020-03-13 13:33:15 - [TEST_STEP][PASSED] - AllStatus.add(a.getText()): null

2020-03-13 13:33:15 - [TEST_STEP][PASSED] - AllStatus.add(a.getText()): null

2020-03-13 13:33:15 - [TEST_STEP][PASSED] - AllStatus.add(a.getText()): null

2020-03-13 13:33:15 - [TEST_STEP][PASSED] - click(findTestObject("ROLES/Roles_page/Pagination/front_navigation")): Object: 'Object Repository/ROLES/Roles_page/Pagination/front_navigation' is clicked on

2020-03-13 13:33:16 - [MESSAGE][PASSED] - Object: 'Object Repository/ROLES/Roles_page/Pagination/front_navigation' is clicked on

2020-03-13 13:33:16 - [TEST_STEP][PASSED] - status = findWebElements(findTestObject("ROLES/Roles_page/sorting/status"), 2): null

2020-03-13 13:33:17 - [TEST_STEP][PASSED] - for (org.openqa.selenium.WebElement a : status): null

2020-03-13 13:33:17 - [TEST_STEP][PASSED] - AllStatus.add(a.getText()): null

2020-03-13 13:33:17 - [TEST_STEP][PASSED] - AllStatus.add(a.getText()): null

2020-03-13 13:33:17 - [TEST_STEP][PASSED] - AllStatus.add(a.getText()): null

2020-03-13 13:33:17 - [TEST_STEP][PASSED] - AllStatus.add(a.getText()): null

2020-03-13 13:33:17 - [TEST_STEP][PASSED] - AllStatus.add(a.getText()): null

2020-03-13 13:33:17 - [TEST_STEP][PASSED] - AllStatus.add(a.getText()): null

2020-03-13 13:33:17 - [TEST_STEP][PASSED] - AllStatus.add(a.getText()): null

2020-03-13 13:33:17 - [TEST_STEP][PASSED] - AllStatus.add(a.getText()): null

2020-03-13 13:33:17 - [TEST_STEP][PASSED] - AllStatus.add(a.getText()): null

2020-03-13 13:33:17 - [TEST_STEP][PASSED] - AllStatus.add(a.getText()): null

2020-03-13 13:33:17 - [TEST_STEP][PASSED] - click(findTestObject("ROLES/Roles_page/Pagination/front_navigation")): Object: 'Object Repository/ROLES/Roles_page/Pagination/front_navigation' is clicked on

2020-03-13 13:33:17 - [MESSAGE][PASSED] - Object: 'Object Repository/ROLES/Roles_page/Pagination/front_navigation' is clicked on

2020-03-13 13:33:17 - [TEST_STEP][PASSED] - status = findWebElements(findTestObject("ROLES/Roles_page/sorting/status"), 2): null

2020-03-13 13:33:18 - [TEST_STEP][PASSED] - for (org.openqa.selenium.WebElement a : status): null

2020-03-13 13:33:18 - [TEST_STEP][PASSED] - AllStatus.add(a.getText()): null

2020-03-13 13:33:18 - [TEST_STEP][PASSED] - AllStatus.add(a.getText()): null

2020-03-13 13:33:18 - [TEST_STEP][PASSED] - AllStatus.add(a.getText()): null

2020-03-13 13:33:18 - [TEST_STEP][PASSED] - AllStatus.add(a.getText()): null

2020-03-13 13:33:18 - [TEST_STEP][PASSED] - AllStatus.add(a.getText()): null

2020-03-13 13:33:18 - [TEST_STEP][PASSED] - AllStatus.add(a.getText()): null

2020-03-13 13:33:18 - [TEST_STEP][PASSED] - AllStatus.add(a.getText()): null

2020-03-13 13:33:18 - [TEST_STEP][PASSED] - AllStatus.add(a.getText()): null

2020-03-13 13:33:18 - [TEST_STEP][PASSED] - AllStatus.add(a.getText()): null

2020-03-13 13:33:18 - [TEST_STEP][PASSED] - AllStatus.add(a.getText()): null

2020-03-13 13:33:18 - [TEST_STEP][PASSED] - click(findTestObject("ROLES/Roles_page/Pagination/front_navigation")): Object: 'Object Repository/ROLES/Roles_page/Pagination/front_navigation' is clicked on

2020-03-13 13:33:19 - [MESSAGE][PASSED] - Object: 'Object Repository/ROLES/Roles_page/Pagination/front_navigation' is clicked on

2020-03-13 13:33:19 - [TEST_STEP][PASSED] - status = findWebElements(findTestObject("ROLES/Roles_page/sorting/status"), 2): null

2020-03-13 13:33:20 - [TEST_STEP][PASSED] - for (org.openqa.selenium.WebElement a : status): null

2020-03-13 13:33:20 - [TEST_STEP][PASSED] - AllStatus.add(a.getText()): null

2020-03-13 13:33:20 - [TEST_STEP][PASSED] - AllStatus.add(a.getText()): null

2020-03-13 13:33:20 - [TEST_STEP][PASSED] - AllStatus.add(a.getText()): null

2020-03-13 13:33:20 - [TEST_STEP][PASSED] - AllStatus.add(a.getText()): null

2020-03-13 13:33:20 - [TEST_STEP][PASSED] - AllStatus.add(a.getText()): null

2020-03-13 13:33:20 - [TEST_STEP][PASSED] - AllStatus.add(a.getText()): null

2020-03-13 13:33:20 - [TEST_STEP][PASSED] - AllStatus.add(a.getText()): null

2020-03-13 13:33:20 - [TEST_STEP][PASSED] - AllStatus.add(a.getText()): null

2020-03-13 13:33:20 - [TEST_STEP][PASSED] - AllStatus.add(a.getText()): null

2020-03-13 13:33:20 - [TEST_STEP][PASSED] - AllStatus.add(a.getText()): null

2020-03-13 13:33:20 - [TEST_STEP][PASSED] - click(findTestObject("ROLES/Roles_page/Pagination/front_navigation")): Object: 'Object Repository/ROLES/Roles_page/Pagination/front_navigation' is clicked on

2020-03-13 13:33:21 - [MESSAGE][PASSED] - Object: 'Object Repository/ROLES/Roles_page/Pagination/front_navigation' is clicked on

2020-03-13 13:33:21 - [TEST_STEP][PASSED] - status = findWebElements(findTestObject("ROLES/Roles_page/sorting/status"), 2): null

2020-03-13 13:33:22 - [TEST_STEP][PASSED] - for (org.openqa.selenium.WebElement a : status): null

2020-03-13 13:33:22 - [TEST_STEP][PASSED] - AllStatus.add(a.getText()): null

2020-03-13 13:33:22 - [TEST_STEP][PASSED] - AllStatus.add(a.getText()): null

2020-03-13 13:33:22 - [TEST_STEP][PASSED] - AllStatus.add(a.getText()): null

2020-03-13 13:33:22 - [TEST_STEP][PASSED] - AllStatus.add(a.getText()): null

2020-03-13 13:33:22 - [TEST_STEP][PASSED] - AllStatus.add(a.getText()): null

2020-03-13 13:33:22 - [TEST_STEP][PASSED] - AllStatus.add(a.getText()): null

2020-03-13 13:33:22 - [TEST_STEP][PASSED] - AllStatus.add(a.getText()): null

2020-03-13 13:33:22 - [TEST_STEP][PASSED] - AllStatus.add(a.getText()): null

2020-03-13 13:33:22 - [TEST_STEP][PASSED] - AllStatus.add(a.getText()): null

2020-03-13 13:33:22 - [TEST_STEP][PASSED] - AllStatus.add(a.getText()): null

2020-03-13 13:33:22 - [TEST_STEP][PASSED] - click(findTestObject("ROLES/Roles_page/Pagination/front_navigation")): Object: 'Object Repository/ROLES/Roles_page/Pagination/front_navigation' is clicked on

2020-03-13 13:33:22 - [MESSAGE][PASSED] - Object: 'Object Repository/ROLES/Roles_page/Pagination/front_navigation' is clicked on

2020-03-13 13:33:22 - [TEST_STEP][PASSED] - status = findWebElements(findTestObject("ROLES/Roles_page/sorting/status"), 2): null

2020-03-13 13:33:23 - [TEST_STEP][PASSED] - for (org.openqa.selenium.WebElement a : status): null

2020-03-13 13:33:23 - [TEST_STEP][PASSED] - AllStatus.add(a.getText()): null

2020-03-13 13:33:23 - [TEST_STEP][PASSED] - AllStatus.add(a.getText()): null

2020-03-13 13:33:23 - [TEST_STEP][PASSED] - AllStatus.add(a.getText()): null

2020-03-13 13:33:23 - [TEST_STEP][PASSED] - AllStatus.add(a.getText()): null

2020-03-13 13:33:23 - [TEST_STEP][PASSED] - AllStatus.add(a.getText()): null

2020-03-13 13:33:23 - [TEST_STEP][PASSED] - AllStatus.add(a.getText()): null

2020-03-13 13:33:23 - [TEST_STEP][PASSED] - AllStatus.add(a.getText()): null

2020-03-13 13:33:23 - [TEST_STEP][PASSED] - AllStatus.add(a.getText()): null

2020-03-13 13:33:23 - [TEST_STEP][PASSED] - AllStatus.add(a.getText()): null

2020-03-13 13:33:23 - [TEST_STEP][PASSED] - AllStatus.add(a.getText()): null

2020-03-13 13:33:23 - [TEST_STEP][PASSED] - click(findTestObject("ROLES/Roles_page/Pagination/front_navigation")): Object: 'Object Repository/ROLES/Roles_page/Pagination/front_navigation' is clicked on

2020-03-13 13:33:24 - [MESSAGE][PASSED] - Object: 'Object Repository/ROLES/Roles_page/Pagination/front_navigation' is clicked on

2020-03-13 13:33:24 - [TEST_STEP][PASSED] - status = findWebElements(findTestObject("ROLES/Roles_page/sorting/status"), 2): null

2020-03-13 13:33:25 - [TEST_STEP][PASSED] - for (org.openqa.selenium.WebElement a : status): null

2020-03-13 13:33:25 - [TEST_STEP][PASSED] - AllStatus.add(a.getText()): null

2020-03-13 13:33:25 - [TEST_STEP][PASSED] - AllStatus.add(a.getText()): null

2020-03-13 13:33:25 - [TEST_STEP][PASSED] - AllStatus.add(a.getText()): null

2020-03-13 13:33:25 - [TEST_STEP][PASSED] - AllStatus.add(a.getText()): null

2020-03-13 13:33:25 - [TEST_STEP][PASSED] - AllStatus.add(a.getText()): null

2020-03-13 13:33:25 - [TEST_STEP][PASSED] - AllStatus.add(a.getText()): null

2020-03-13 13:33:25 - [TEST_STEP][PASSED] - AllStatus.add(a.getText()): null

2020-03-13 13:33:25 - [TEST_STEP][PASSED] - AllStatus.add(a.getText()): null

2020-03-13 13:33:25 - [TEST_STEP][PASSED] - AllStatus.add(a.getText()): null

2020-03-13 13:33:25 - [TEST_STEP][PASSED] - AllStatus.add(a.getText()): null

2020-03-13 13:33:25 - [TEST_STEP][PASSED] - click(findTestObject("ROLES/Roles_page/Pagination/front_navigation")): Object: 'Object Repository/ROLES/Roles_page/Pagination/front_navigation' is clicked on

2020-03-13 13:33:25 - [MESSAGE][PASSED] - Object: 'Object Repository/ROLES/Roles_page/Pagination/front_navigation' is clicked on

2020-03-13 13:33:25 - [TEST_STEP][PASSED] - status = findWebElements(findTestObject("ROLES/Roles_page/sorting/status"), 2): null

2020-03-13 13:33:26 - [TEST_STEP][PASSED] - for (org.openqa.selenium.WebElement a : status): null

2020-03-13 13:33:26 - [TEST_STEP][PASSED] - AllStatus.add(a.getText()): null

2020-03-13 13:33:26 - [TEST_STEP][PASSED] - AllStatus.add(a.getText()): null

2020-03-13 13:33:26 - [TEST_STEP][PASSED] - AllStatus.add(a.getText()): null

2020-03-13 13:33:26 - [TEST_STEP][PASSED] - AllStatus.add(a.getText()): null

2020-03-13 13:33:26 - [TEST_STEP][PASSED] - AllStatus.add(a.getText()): null

2020-03-13 13:33:26 - [TEST_STEP][PASSED] - AllStatus.add(a.getText()): null

2020-03-13 13:33:26 - [TEST_STEP][PASSED] - AllStatus.add(a.getText()): null

2020-03-13 13:33:27 - [TEST_STEP][PASSED] - AllStatus.add(a.getText()): null

2020-03-13 13:33:27 - [TEST_STEP][PASSED] - AllStatus.add(a.getText()): null

2020-03-13 13:33:27 - [TEST_STEP][PASSED] - AllStatus.add(a.getText()): null

2020-03-13 13:33:27 - [TEST_STEP][PASSED] - click(findTestObject("ROLES/Roles_page/Pagination/front_navigation")): Object: 'Object Repository/ROLES/Roles_page/Pagination/front_navigation' is clicked on

2020-03-13 13:33:27 - [MESSAGE][PASSED] - Object: 'Object Repository/ROLES/Roles_page/Pagination/front_navigation' is clicked on

2020-03-13 13:33:27 - [TEST_STEP][PASSED] - status = findWebElements(findTestObject("ROLES/Roles_page/sorting/status"), 2): null

2020-03-13 13:33:28 - [TEST_STEP][PASSED] - for (org.openqa.selenium.WebElement a : status): null

2020-03-13 13:33:28 - [TEST_STEP][PASSED] - AllStatus.add(a.getText()): null

2020-03-13 13:33:28 - [TEST_STEP][PASSED] - AllStatus.add(a.getText()): null

2020-03-13 13:33:28 - [TEST_STEP][PASSED] - AllStatus.add(a.getText()): null

2020-03-13 13:33:28 - [TEST_STEP][PASSED] - AllStatus.add(a.getText()): null

2020-03-13 13:33:28 - [TEST_STEP][PASSED] - AllStatus.add(a.getText()): null

2020-03-13 13:33:28 - [TEST_STEP][PASSED] - AllStatus.add(a.getText()): null

2020-03-13 13:33:28 - [TEST_STEP][PASSED] - AllStatus.add(a.getText()): null

2020-03-13 13:33:28 - [TEST_STEP][PASSED] - AllStatus.add(a.getText()): null

2020-03-13 13:33:28 - [TEST_STEP][PASSED] - AllStatus.add(a.getText()): null

2020-03-13 13:33:28 - [TEST_STEP][PASSED] - AllStatus.add(a.getText()): null

2020-03-13 13:33:28 - [TEST_STEP][PASSED] - click(findTestObject("ROLES/Roles_page/Pagination/front_navigation")): Object: 'Object Repository/ROLES/Roles_page/Pagination/front_navigation' is clicked on

2020-03-13 13:33:29 - [MESSAGE][PASSED] - Object: 'Object Repository/ROLES/Roles_page/Pagination/front_navigation' is clicked on

2020-03-13 13:33:29 - [TEST_STEP][PASSED] - status = findWebElements(findTestObject("ROLES/Roles_page/sorting/status"), 2): null

2020-03-13 13:33:29 - [TEST_STEP][PASSED] - for (org.openqa.selenium.WebElement a : status): null

2020-03-13 13:33:29 - [TEST_STEP][PASSED] - AllStatus.add(a.getText()): null

2020-03-13 13:33:29 - [TEST_STEP][PASSED] - AllStatus.add(a.getText()): null

2020-03-13 13:33:29 - [TEST_STEP][PASSED] - AllStatus.add(a.getText()): null

2020-03-13 13:33:29 - [TEST_STEP][PASSED] - AllStatus.add(a.getText()): null

2020-03-13 13:33:30 - [TEST_STEP][PASSED] - AllStatus.add(a.getText()): null

2020-03-13 13:33:30 - [TEST_STEP][PASSED] - AllStatus.add(a.getText()): null

2020-03-13 13:33:30 - [TEST_STEP][PASSED] - AllStatus.add(a.getText()): null

2020-03-13 13:33:30 - [TEST_STEP][PASSED] - AllStatus.add(a.getText()): null

2020-03-13 13:33:30 - [TEST_STEP][PASSED] - AllStatus.add(a.getText()): null

2020-03-13 13:33:30 - [TEST_STEP][PASSED] - AllStatus.add(a.getText()): null

2020-03-13 13:33:30 - [TEST_STEP][PASSED] - click(findTestObject("ROLES/Roles_page/Pagination/front_navigation")): Object: 'Object Repository/ROLES/Roles_page/Pagination/front_navigation' is clicked on

2020-03-13 13:33:30 - [MESSAGE][PASSED] - Object: 'Object Repository/ROLES/Roles_page/Pagination/front_navigation' is clicked on

2020-03-13 13:33:30 - [TEST_STEP][PASSED] - status = findWebElements(findTestObject("ROLES/Roles_page/sorting/status"), 2): null

2020-03-13 13:33:31 - [TEST_STEP][PASSED] - for (org.openqa.selenium.WebElement a : status): null

2020-03-13 13:33:31 - [TEST_STEP][PASSED] - AllStatus.add(a.getText()): null

2020-03-13 13:33:31 - [TEST_STEP][PASSED] - AllStatus.add(a.getText()): null

2020-03-13 13:33:31 - [TEST_STEP][PASSED] - AllStatus.add(a.getText()): null

2020-03-13 13:33:31 - [TEST_STEP][PASSED] - AllStatus.add(a.getText()): null

2020-03-13 13:33:31 - [TEST_STEP][PASSED] - AllStatus.add(a.getText()): null

2020-03-13 13:33:31 - [TEST_STEP][PASSED] - AllStatus.add(a.getText()): null

2020-03-13 13:33:31 - [TEST_STEP][PASSED] - AllStatus.add(a.getText()): null

2020-03-13 13:33:31 - [TEST_STEP][PASSED] - AllStatus.add(a.getText()): null

2020-03-13 13:33:31 - [TEST_STEP][PASSED] - AllStatus.add(a.getText()): null

2020-03-13 13:33:31 - [TEST_STEP][PASSED] - AllStatus.add(a.getText()): null

2020-03-13 13:33:31 - [TEST_STEP][PASSED] - click(findTestObject("ROLES/Roles_page/Pagination/front_navigation")): Object: 'Object Repository/ROLES/Roles_page/Pagination/front_navigation' is clicked on

2020-03-13 13:33:32 - [MESSAGE][PASSED] - Object: 'Object Repository/ROLES/Roles_page/Pagination/front_navigation' is clicked on

2020-03-13 13:33:32 - [TEST_STEP][PASSED] - status = findWebElements(findTestObject("ROLES/Roles_page/sorting/status"), 2): null

2020-03-13 13:33:33 - [TEST_STEP][PASSED] - for (org.openqa.selenium.WebElement a : status): null

2020-03-13 13:33:33 - [TEST_STEP][PASSED] - AllStatus.add(a.getText()): null

2020-03-13 13:33:33 - [TEST_STEP][PASSED] - AllStatus.add(a.getText()): null

2020-03-13 13:33:33 - [TEST_STEP][PASSED] - AllStatus.add(a.getText()): null

2020-03-13 13:33:33 - [TEST_STEP][PASSED] - AllStatus.add(a.getText()): null

2020-03-13 13:33:33 - [TEST_STEP][PASSED] - AllStatus.add(a.getText()): null

2020-03-13 13:33:33 - [TEST_STEP][PASSED] - AllStatus.add(a.getText()): null

2020-03-13 13:33:33 - [TEST_STEP][PASSED] - AllStatus.add(a.getText()): null

2020-03-13 13:33:33 - [TEST_STEP][PASSED] - AllStatus.add(a.getText()): null

2020-03-13 13:33:33 - [TEST_STEP][PASSED] - AllStatus.add(a.getText()): null

2020-03-13 13:33:33 - [TEST_STEP][PASSED] - AllStatus.add(a.getText()): null

2020-03-13 13:33:33 - [TEST_STEP][PASSED] - click(findTestObject("ROLES/Roles_page/Pagination/front_navigation")): Object: 'Object Repository/ROLES/Roles_page/Pagination/front_navigation' is clicked on

2020-03-13 13:33:33 - [MESSAGE][PASSED] - Object: 'Object Repository/ROLES/Roles_page/Pagination/front_navigation' is clicked on

2020-03-13 13:33:33 - [TEST_STEP][PASSED] - status = findWebElements(findTestObject("ROLES/Roles_page/sorting/status"), 2): null

2020-03-13 13:33:34 - [TEST_STEP][PASSED] - for (org.openqa.selenium.WebElement a : status): null

2020-03-13 13:33:34 - [TEST_STEP][PASSED] - AllStatus.add(a.getText()): null

2020-03-13 13:33:34 - [TEST_STEP][PASSED] - AllStatus.add(a.getText()): null

2020-03-13 13:33:34 - [TEST_STEP][PASSED] - AllStatus.add(a.getText()): null

2020-03-13 13:33:34 - [TEST_STEP][PASSED] - AllStatus.add(a.getText()): null

2020-03-13 13:33:34 - [TEST_STEP][PASSED] - AllStatus.add(a.getText()): null

2020-03-13 13:33:34 - [TEST_STEP][PASSED] - AllStatus.add(a.getText()): null

2020-03-13 13:33:34 - [TEST_STEP][PASSED] - AllStatus.add(a.getText()): null

2020-03-13 13:33:34 - [TEST_STEP][PASSED] - AllStatus.add(a.getText()): null

2020-03-13 13:33:34 - [TEST_STEP][PASSED] - AllStatus.add(a.getText()): null

2020-03-13 13:33:34 - [TEST_STEP][PASSED] - AllStatus.add(a.getText()): null

2020-03-13 13:33:34 - [TEST_STEP][PASSED] - click(findTestObject("ROLES/Roles_page/Pagination/front_navigation")): Object: 'Object Repository/ROLES/Roles_page/Pagination/front_navigation' is clicked on

2020-03-13 13:33:35 - [MESSAGE][PASSED] - Object: 'Object Repository/ROLES/Roles_page/Pagination/front_navigation' is clicked on

2020-03-13 13:33:35 - [TEST_STEP][PASSED] - status = findWebElements(findTestObject("ROLES/Roles_page/sorting/status"), 2): null

2020-03-13 13:33:36 - [TEST_STEP][PASSED] - for (org.openqa.selenium.WebElement a : status): null

2020-03-13 13:33:36 - [TEST_STEP][PASSED] - AllStatus.add(a.getText()): null

2020-03-13 13:33:36 - [TEST_STEP][PASSED] - AllStatus.add(a.getText()): null

2020-03-13 13:33:36 - [TEST_STEP][PASSED] - AllStatus.add(a.getText()): null

2020-03-13 13:33:36 - [TEST_STEP][PASSED] - AllStatus.add(a.getText()): null

2020-03-13 13:33:36 - [TEST_STEP][PASSED] - AllStatus.add(a.getText()): null

2020-03-13 13:33:36 - [TEST_STEP][PASSED] - AllStatus.add(a.getText()): null

2020-03-13 13:33:36 - [TEST_STEP][PASSED] - AllStatus.add(a.getText()): null

2020-03-13 13:33:36 - [TEST_STEP][PASSED] - AllStatus.add(a.getText()): null

2020-03-13 13:33:36 - [TEST_STEP][PASSED] - AllStatus.add(a.getText()): null

2020-03-13 13:33:36 - [TEST_STEP][PASSED] - AllStatus.add(a.getText()): null

2020-03-13 13:33:36 - [TEST_STEP][PASSED] - click(findTestObject("ROLES/Roles_page/Pagination/front_navigation")): Object: 'Object Repository/ROLES/Roles_page/Pagination/front_navigation' is clicked on

2020-03-13 13:33:36 - [MESSAGE][PASSED] - Object: 'Object Repository/ROLES/Roles_page/Pagination/front_navigation' is clicked on

2020-03-13 13:33:36 - [TEST_STEP][PASSED] - status = findWebElements(findTestObject("ROLES/Roles_page/sorting/status"), 2): null

2020-03-13 13:33:37 - [TEST_STEP][PASSED] - for (org.openqa.selenium.WebElement a : status): null

2020-03-13 13:33:37 - [TEST_STEP][PASSED] - AllStatus.add(a.getText()): null

2020-03-13 13:33:37 - [TEST_STEP][PASSED] - AllStatus.add(a.getText()): null

2020-03-13 13:33:37 - [TEST_STEP][PASSED] - AllStatus.add(a.getText()): null

2020-03-13 13:33:37 - [TEST_STEP][PASSED] - AllStatus.add(a.getText()): null

2020-03-13 13:33:37 - [TEST_STEP][PASSED] - AllStatus.add(a.getText()): null

2020-03-13 13:33:37 - [TEST_STEP][PASSED] - AllStatus.add(a.getText()): null

2020-03-13 13:33:37 - [TEST_STEP][PASSED] - AllStatus.add(a.getText()): null

2020-03-13 13:33:37 - [TEST_STEP][PASSED] - AllStatus.add(a.getText()): null

2020-03-13 13:33:37 - [TEST_STEP][PASSED] - AllStatus.add(a.getText()): null

2020-03-13 13:33:37 - [TEST_STEP][PASSED] - AllStatus.add(a.getText()): null

2020-03-13 13:33:37 - [TEST_STEP][PASSED] - click(findTestObject("ROLES/Roles_page/Pagination/front_navigation")): Object: 'Object Repository/ROLES/Roles_page/Pagination/front_navigation' is clicked on

2020-03-13 13:33:38 - [MESSAGE][PASSED] - Object: 'Object Repository/ROLES/Roles_page/Pagination/front_navigation' is clicked on

2020-03-13 13:33:38 - [TEST_STEP][PASSED] - status = findWebElements(findTestObject("ROLES/Roles_page/sorting/status"), 2): null

2020-03-13 13:33:39 - [TEST_STEP][PASSED] - for (org.openqa.selenium.WebElement a : status): null

2020-03-13 13:33:39 - [TEST_STEP][PASSED] - AllStatus.add(a.getText()): null

2020-03-13 13:33:39 - [TEST_STEP][PASSED] - AllStatus.add(a.getText()): null

2020-03-13 13:33:39 - [TEST_STEP][PASSED] - AllStatus.add(a.getText()): null

2020-03-13 13:33:39 - [TEST_STEP][PASSED] - AllStatus.add(a.getText()): null

2020-03-13 13:33:39 - [TEST_STEP][PASSED] - AllStatus.add(a.getText()): null

2020-03-13 13:33:39 - [TEST_STEP][PASSED] - AllStatus.add(a.getText()): null

2020-03-13 13:33:39 - [TEST_STEP][PASSED] - AllStatus.add(a.getText()): null

2020-03-13 13:33:39 - [TEST_STEP][PASSED] - AllStatus.add(a.getText()): null

2020-03-13 13:33:39 - [TEST_STEP][PASSED] - AllStatus.add(a.getText()): null

2020-03-13 13:33:39 - [TEST_STEP][PASSED] - AllStatus.add(a.getText()): null

2020-03-13 13:33:39 - [TEST_STEP][PASSED] - click(findTestObject("ROLES/Roles_page/Pagination/front_navigation")): Object: 'Object Repository/ROLES/Roles_page/Pagination/front_navigation' is clicked on

2020-03-13 13:33:39 - [MESSAGE][PASSED] - Object: 'Object Repository/ROLES/Roles_page/Pagination/front_navigation' is clicked on

2020-03-13 13:33:39 - [TEST_STEP][PASSED] - status = findWebElements(findTestObject("ROLES/Roles_page/sorting/status"), 2): null

2020-03-13 13:33:40 - [TEST_STEP][PASSED] - for (org.openqa.selenium.WebElement a : status): null

2020-03-13 13:33:40 - [TEST_STEP][PASSED] - AllStatus.add(a.getText()): null

2020-03-13 13:33:40 - [TEST_STEP][PASSED] - click(findTestObject("ROLES/Roles_page/Pagination/front_navigation")): Object: 'Object Repository/ROLES/Roles_page/Pagination/front_navigation' is clicked on

2020-03-13 13:33:43 - [MESSAGE][PASSED] - Object: 'Object Repository/ROLES/Roles_page/Pagination/front_navigation' is clicked on

2020-03-13 13:33:43 - [TEST_STEP][PASSED] - if (j == 1): null

2020-03-13 13:33:43 - [TEST_STEP][PASSED] - if (j == 2): Actual object 'true' and expected object 'true' are equal

2020-03-13 13:33:43 - [TEST_STEP][PASSED] - isSorted = web.CustomKeyword.checkListAscendingOrder(AllStatus): web.CustomKeyword.checkListAscendingOrder is PASSED

2020-03-13 13:33:43 - [MESSAGE][PASSED] - web.CustomKeyword.checkListAscendingOrder is PASSED

2020-03-13 13:33:43 - [TEST_STEP][PASSED] - println(AllStatus.size()): null

2020-03-13 13:33:43 - [TEST_STEP][PASSED] - println(AllStatus): null

2020-03-13 13:33:43 - [TEST_STEP][PASSED] - verifyEqual(isSorted, true): Actual object 'true' and expected object 'true' are equal

2020-03-13 13:33:43 - [MESSAGE][PASSED] - Actual object 'true' and expected object 'true' are equal

2020-03-13 13:33:43 - [TEST_STEP][PASSED] - clearText(findTestObject("Object Repository/ROLES/Roles_page/Pagination/input_Page_form-control")): Text of object 'Object Repository/ROLES/Roles_page/Pagination/input_Page_form-control' is cleared

2020-03-13 13:33:43 - [MESSAGE][PASSED] - Text of object 'Object Repository/ROLES/Roles_page/Pagination/input_Page_form-control' is cleared

2020-03-13 13:33:43 - [TEST_STEP][PASSED] - setText(findTestObject("Object Repository/ROLES/Roles_page/Pagination/input_Page_form-control"), BACK_SPACE + BACK_SPACE + "1" + ENTER): Text 'BACK_SPACE + BACK_SPACE + ENTER + 1' is set on object 'Object Repository/ROLES/Roles_page/Pagination/input_Page_form-control'

2020-03-13 13:33:44 - [MESSAGE][PASSED] - Text 'BACK_SPACE + BACK_SPACE + ENTER + 1' is set on object 'Object Repository/ROLES/Roles_page/Pagination/input_Page_form-control'

2020-03-13 13:33:44 - [TEST_STEP][PASSED] - Start listener action : sampleAfterTestCase: null

2020-03-13 13:33:44 - [TEST_STEP][PASSED] - println(testCaseContext.getTestCaseId()): null

2020-03-13 13:33:44 - [TEST_STEP][PASSED] - println(testCaseContext.getTestCaseStatus()): null

2020-03-13 13:33:44 - [TEST_STEP][PASSED] - println("On Failure Method is Calling : " + testCaseContext.getTestCaseStatus()): null

2020-03-13 13:33:44 - [TEST_STEP][PASSED] - if (!(getTestCaseStatus().equalsIgnoreCase("PASSED"))): null]]></system-out>
         <system-err><![CDATA[]]></system-err>
      </testcase>
      <testcase name="Test Cases/Atlas Platform/Configuration Management/Platform Management/ROLES/Role Listing Grid/Search Role/RLG-012 Validate Search text field in Role Manager page" time="13.062" classname="Test Cases/Atlas Platform/Configuration Management/Platform Management/ROLES/Role Listing Grid/Search Role/RLG-012 Validate Search text field in Role Manager page" status="ERROR">
         <error type="ERROR" message="Test Cases/Atlas Platform/Configuration Management/Platform Management/ROLES/Role Listing Grid/Search Role/RLG-012 Validate Search text field in Role Manager page FAILED.
Reason:
groovy.lang.MissingPropertyException: No such property: RoleNotCreated for class: internal.GlobalVariable
	at RLG-012 Validate Search text field in Role Manager page.run(RLG-012 Validate Search text field in Role Manager page:70)
	at com.kms.katalon.core.main.ScriptEngine.run(ScriptEngine.java:194)
	at com.kms.katalon.core.main.ScriptEngine.runScriptAsRawText(ScriptEngine.java:119)
	at com.kms.katalon.core.main.TestCaseExecutor.runScript(TestCaseExecutor.java:337)
	at com.kms.katalon.core.main.TestCaseExecutor.doExecute(TestCaseExecutor.java:328)
	at com.kms.katalon.core.main.TestCaseExecutor.processExecutionPhase(TestCaseExecutor.java:307)
	at com.kms.katalon.core.main.TestCaseExecutor.accessMainPhase(TestCaseExecutor.java:299)
	at com.kms.katalon.core.main.TestCaseExecutor.execute(TestCaseExecutor.java:233)
	at com.kms.katalon.core.main.TestSuiteExecutor.accessTestCaseMainPhase(TestSuiteExecutor.java:169)
	at com.kms.katalon.core.main.TestSuiteExecutor.accessTestSuiteMainPhase(TestSuiteExecutor.java:142)
	at com.kms.katalon.core.main.TestSuiteExecutor.execute(TestSuiteExecutor.java:91)
	at com.kms.katalon.core.main.TestCaseMain.startTestSuite(TestCaseMain.java:157)
	at com.kms.katalon.core.main.TestCaseMain$startTestSuite$0.call(Unknown Source)
	at TempTestSuite1584086066127.run(TempTestSuite1584086066127.groovy:36)
"/>
         <system-out><![CDATA[2020-03-13 13:33:46 - [TEST_CASE][ERROR] - Test Cases/Atlas Platform/Configuration Management/Platform Management/ROLES/Role Listing Grid/Search Role/RLG-012 Validate Search text field in Role Manager page: Test Cases/Atlas Platform/Configuration Management/Platform Management/ROLES/Role Listing Grid/Search Role/RLG-012 Validate Search text field in Role Manager page FAILED.
Reason:
groovy.lang.MissingPropertyException: No such property: RoleNotCreated for class: internal.GlobalVariable
	at RLG-012 Validate Search text field in Role Manager page.run(RLG-012 Validate Search text field in Role Manager page:70)
	at com.kms.katalon.core.main.ScriptEngine.run(ScriptEngine.java:194)
	at com.kms.katalon.core.main.ScriptEngine.runScriptAsRawText(ScriptEngine.java:119)
	at com.kms.katalon.core.main.TestCaseExecutor.runScript(TestCaseExecutor.java:337)
	at com.kms.katalon.core.main.TestCaseExecutor.doExecute(TestCaseExecutor.java:328)
	at com.kms.katalon.core.main.TestCaseExecutor.processExecutionPhase(TestCaseExecutor.java:307)
	at com.kms.katalon.core.main.TestCaseExecutor.accessMainPhase(TestCaseExecutor.java:299)
	at com.kms.katalon.core.main.TestCaseExecutor.execute(TestCaseExecutor.java:233)
	at com.kms.katalon.core.main.TestSuiteExecutor.accessTestCaseMainPhase(TestSuiteExecutor.java:169)
	at com.kms.katalon.core.main.TestSuiteExecutor.accessTestSuiteMainPhase(TestSuiteExecutor.java:142)
	at com.kms.katalon.core.main.TestSuiteExecutor.execute(TestSuiteExecutor.java:91)
	at com.kms.katalon.core.main.TestCaseMain.startTestSuite(TestCaseMain.java:157)
	at com.kms.katalon.core.main.TestCaseMain$startTestSuite$0.call(Unknown Source)
	at TempTestSuite1584086066127.run(TempTestSuite1584086066127.groovy:36)


2020-03-13 13:33:47 - [TEST_STEP][NOT_RUN] - callTestCase(findTestCase("Atlas Platform/Platform Navigation/Login/Default Logins/Default_Login_as_Root Admin"), ["Email":findTestData("AMP_Y").getValue(1, 1), "Password":findTestData("AMP_Y").getValue(2, 1), "dashboard_exp_title":""], CONTINUE_ON_FAILURE): NOT_RUN: callTestCase(findTestCase("Atlas Platform/Platform Navigation/Login/Default Logins/Default_Login_as_Root Admin"), ["Email":findTestData("AMP_Y").getValue(1, 1), "Password":findTestData("AMP_Y").getValue(2, 1), "dashboard_exp_title":""], CONTINUE_ON_FAILURE)

2020-03-13 13:33:47 - [MESSAGE][NOT_RUN] - NOT_RUN: callTestCase(findTestCase("Atlas Platform/Platform Navigation/Login/Default Logins/Default_Login_as_Root Admin"), ["Email":findTestData("AMP_Y").getValue(1, 1), "Password":findTestData("AMP_Y").getValue(2, 1), "dashboard_exp_title":""], CONTINUE_ON_FAILURE)

2020-03-13 13:33:47 - [TEST_STEP][NOT_RUN] - click(findTestObject("ROLES/Role_Navigation/a_ADMIN")): NOT_RUN: click(findTestObject("ROLES/Role_Navigation/a_ADMIN"))

2020-03-13 13:33:47 - [MESSAGE][NOT_RUN] - NOT_RUN: click(findTestObject("ROLES/Role_Navigation/a_ADMIN"))

2020-03-13 13:33:47 - [TEST_STEP][PASSED] - driver = getWebDriver(): null

2020-03-13 13:33:47 - [TEST_STEP][PASSED] - verifyElementAttributeValue(findTestObject("ROLES/Roles_page/Search text field/input_All Roles (1842)_form-control"), Search_placeholder, "Search", 30): Object 'Object Repository/ROLES/Roles_page/Search text field/input_All Roles (1842)_form-control' has attribute 'placeholder' with value 'Search'

2020-03-13 13:33:47 - [MESSAGE][PASSED] - Object 'Object Repository/ROLES/Roles_page/Search text field/input_All Roles (1842)_form-control' has attribute 'placeholder' with value 'Search'

2020-03-13 13:33:47 - [TEST_STEP][PASSED] - ROLENAME1 = findTestData("Roles").getValue(3, 1): null

2020-03-13 13:33:48 - [TEST_STEP][PASSED] - click(findTestObject("ROLES/Roles_page/Create Role_button")): Object: 'Object Repository/ROLES/Roles_page/Create Role_button' is clicked on

2020-03-13 13:33:48 - [MESSAGE][PASSED] - Object: 'Object Repository/ROLES/Roles_page/Create Role_button' is clicked on

2020-03-13 13:33:48 - [TEST_STEP][PASSED] - sendKeys(findTestObject("ROLES/Create Role/New Role_page/input_Role Name_name"), ROLENAME1): Keys 'Role1 13-03-2020 13:33:47' sent to object: 'Object Repository/ROLES/Create Role/New Role_page/input_Role Name_name'

2020-03-13 13:33:50 - [MESSAGE][PASSED] - Keys 'Role1 13-03-2020 13:33:47' sent to object: 'Object Repository/ROLES/Create Role/New Role_page/input_Role Name_name'

2020-03-13 13:33:50 - [TEST_STEP][PASSED] - sendKeys(findTestObject("ROLES/Create Role/New Role_page/textarea_Role Description_description"), findTestData("Roles").getValue(4, 1)): Keys 'Role Description' sent to object: 'Object Repository/ROLES/Create Role/New Role_page/textarea_Role Description_description'

2020-03-13 13:33:51 - [MESSAGE][PASSED] - Keys 'Role Description' sent to object: 'Object Repository/ROLES/Create Role/New Role_page/textarea_Role Description_description'

2020-03-13 13:33:51 - [TEST_STEP][PASSED] - click(findTestObject("ROLES/Create Role/New Role_page/div_Create")): Object: 'Object Repository/ROLES/Create Role/New Role_page/div_Create' is clicked on

2020-03-13 13:33:52 - [MESSAGE][PASSED] - Object: 'Object Repository/ROLES/Create Role/New Role_page/div_Create' is clicked on

2020-03-13 13:33:52 - [TEST_STEP][PASSED] - delay(1): Delayed 1 second(s)

2020-03-13 13:33:53 - [MESSAGE][PASSED] - Delayed 1 second(s)

2020-03-13 13:33:53 - [TEST_STEP][PASSED] - sendKeys(findTestObject("ROLES/Roles_page/Search_placeholder"), ROLENAME1 + ENTER): Keys 'ENTER + Role1 13-03-2020 13:33:47' sent to object: 'Object Repository/ROLES/Roles_page/Search_placeholder'

2020-03-13 13:33:54 - [MESSAGE][PASSED] - Keys 'ENTER + Role1 13-03-2020 13:33:47' sent to object: 'Object Repository/ROLES/Roles_page/Search_placeholder'

2020-03-13 13:33:54 - [TEST_STEP][PASSED] - delay(1): Delayed 1 second(s)

2020-03-13 13:33:55 - [MESSAGE][PASSED] - Delayed 1 second(s)

2020-03-13 13:33:55 - [TEST_STEP][PASSED] - verifyElementText(findTestObject("ROLES/Roles_page/role name"), ROLENAME1): Actual text and expected text of test object 'Object Repository/ROLES/Roles_page/role name' are matched.

2020-03-13 13:33:55 - [MESSAGE][PASSED] - Actual text and expected text of test object 'Object Repository/ROLES/Roles_page/role name' are matched.

2020-03-13 13:33:55 - [TEST_STEP][PASSED] - click(findTestObject("ROLES/Roles_page/Search text field/clear button")): Object: 'Object Repository/ROLES/Roles_page/Search text field/clear button' is clicked on

2020-03-13 13:33:56 - [MESSAGE][PASSED] - Object: 'Object Repository/ROLES/Roles_page/Search text field/clear button' is clicked on

2020-03-13 13:33:56 - [TEST_STEP][PASSED] - RoleNotCreated = findTestData("Roles").getValue(3, 3): null

2020-03-13 13:33:56 - [TEST_STEP][PASSED] - Start listener action : sampleAfterTestCase: Taking screenshot successfully

2020-03-13 13:33:56 - [TEST_STEP][PASSED] - println(testCaseContext.getTestCaseId()): null

2020-03-13 13:33:56 - [TEST_STEP][PASSED] - println(testCaseContext.getTestCaseStatus()): null

2020-03-13 13:33:56 - [TEST_STEP][PASSED] - println("On Failure Method is Calling : " + testCaseContext.getTestCaseStatus()): null

2020-03-13 13:33:56 - [TEST_STEP][PASSED] - if (!(getTestCaseStatus().equalsIgnoreCase("PASSED"))): Taking screenshot successfully

2020-03-13 13:33:57 - [MESSAGE][PASSED] - Taking screenshot successfully
[[ATTACHMENT|D:\\TestDataForSampleProject\\test1.jpg]]

2020-03-13 13:33:59 - [TEST_STEP][PASSED] - Video: Video recording for test case 'Test Cases/Atlas Platform/Configuration Management/Platform Management/ROLES/Role Listing Grid/Search Role/RLG-012 Validate Search text field in Role Manager page' .

2020-03-13 13:33:59 - [MESSAGE][INFO] - Video recording for test case 'Test Cases/Atlas Platform/Configuration Management/Platform Management/ROLES/Role Listing Grid/Search Role/RLG-012 Validate Search text field in Role Manager page' .
[[ATTACHMENT|C:\\Users\\Dell\\git\\AtlasPlatform_QA\\Reports\\20200313_132421\\ROLES\\Roles\\20200313_132421/videos\\test_12.avi]]]]></system-out>
         <system-err><![CDATA[2020-03-13 13:33:46 - [TEST_CASE][ERROR] - Test Cases/Atlas Platform/Configuration Management/Platform Management/ROLES/Role Listing Grid/Search Role/RLG-012 Validate Search text field in Role Manager page: Test Cases/Atlas Platform/Configuration Management/Platform Management/ROLES/Role Listing Grid/Search Role/RLG-012 Validate Search text field in Role Manager page FAILED.
Reason:
groovy.lang.MissingPropertyException: No such property: RoleNotCreated for class: internal.GlobalVariable
	at RLG-012 Validate Search text field in Role Manager page.run(RLG-012 Validate Search text field in Role Manager page:70)
	at com.kms.katalon.core.main.ScriptEngine.run(ScriptEngine.java:194)
	at com.kms.katalon.core.main.ScriptEngine.runScriptAsRawText(ScriptEngine.java:119)
	at com.kms.katalon.core.main.TestCaseExecutor.runScript(TestCaseExecutor.java:337)
	at com.kms.katalon.core.main.TestCaseExecutor.doExecute(TestCaseExecutor.java:328)
	at com.kms.katalon.core.main.TestCaseExecutor.processExecutionPhase(TestCaseExecutor.java:307)
	at com.kms.katalon.core.main.TestCaseExecutor.accessMainPhase(TestCaseExecutor.java:299)
	at com.kms.katalon.core.main.TestCaseExecutor.execute(TestCaseExecutor.java:233)
	at com.kms.katalon.core.main.TestSuiteExecutor.accessTestCaseMainPhase(TestSuiteExecutor.java:169)
	at com.kms.katalon.core.main.TestSuiteExecutor.accessTestSuiteMainPhase(TestSuiteExecutor.java:142)
	at com.kms.katalon.core.main.TestSuiteExecutor.execute(TestSuiteExecutor.java:91)
	at com.kms.katalon.core.main.TestCaseMain.startTestSuite(TestCaseMain.java:157)
	at com.kms.katalon.core.main.TestCaseMain$startTestSuite$0.call(Unknown Source)
	at TempTestSuite1584086066127.run(TempTestSuite1584086066127.groovy:36)]]></system-err>
      </testcase>
      <testcase name="Test Cases/Atlas Platform/Configuration Management/Platform Management/ROLES/Create Role/Validate presence of all the Elements in Creating Role/CR01 Verify Role Properties tab in New Role page" time="8.712" classname="Test Cases/Atlas Platform/Configuration Management/Platform Management/ROLES/Create Role/Validate presence of all the Elements in Creating Role/CR01 Verify Role Properties tab in New Role page" status="PASSED">
         <system-out><![CDATA[2020-03-13 13:33:59 - [TEST_CASE][PASSED] - Test Cases/Atlas Platform/Configuration Management/Platform Management/ROLES/Create Role/Validate presence of all the Elements in Creating Role/CR01 Verify Role Properties tab in New Role page: Test Cases/Atlas Platform/Configuration Management/Platform Management/ROLES/Create Role/Validate presence of all the Elements in Creating Role/CR01 Verify Role Properties tab in New Role page

2020-03-13 13:34:00 - [TEST_STEP][NOT_RUN] - callTestCase(findTestCase("Atlas Platform/Platform Navigation/Login/Default Logins/Default_Login_as_Root Admin"), ["Email":findTestData("AMP_Y").getValue(1, 1), "Password":findTestData("AMP_Y").getValue(2, 1), "dashboard_exp_title":""], CONTINUE_ON_FAILURE): NOT_RUN: callTestCase(findTestCase("Atlas Platform/Platform Navigation/Login/Default Logins/Default_Login_as_Root Admin"), ["Email":findTestData("AMP_Y").getValue(1, 1), "Password":findTestData("AMP_Y").getValue(2, 1), "dashboard_exp_title":""], CONTINUE_ON_FAILURE)

2020-03-13 13:34:00 - [MESSAGE][NOT_RUN] - NOT_RUN: callTestCase(findTestCase("Atlas Platform/Platform Navigation/Login/Default Logins/Default_Login_as_Root Admin"), ["Email":findTestData("AMP_Y").getValue(1, 1), "Password":findTestData("AMP_Y").getValue(2, 1), "dashboard_exp_title":""], CONTINUE_ON_FAILURE)

2020-03-13 13:34:00 - [TEST_STEP][NOT_RUN] - click(findTestObject("ROLES/Role_Navigation/a_ADMIN")): NOT_RUN: click(findTestObject("ROLES/Role_Navigation/a_ADMIN"))

2020-03-13 13:34:00 - [MESSAGE][NOT_RUN] - NOT_RUN: click(findTestObject("ROLES/Role_Navigation/a_ADMIN"))

2020-03-13 13:34:00 - [TEST_STEP][PASSED] - click(findTestObject("ROLES/Roles_page/Create Role_button")): Object: 'Object Repository/ROLES/Roles_page/Create Role_button' is clicked on

2020-03-13 13:34:01 - [MESSAGE][PASSED] - Object: 'Object Repository/ROLES/Roles_page/Create Role_button' is clicked on

2020-03-13 13:34:01 - [TEST_STEP][PASSED] - verifyElementPresent(findTestObject("ROLES/Create Role/New Role_page/h2_New Role"), 0): Object 'Object Repository/ROLES/Create Role/New Role_page/h2_New Role' is present

2020-03-13 13:34:01 - [MESSAGE][WARNING] - Timeout '0' is invalid. Using default page load timeout: '230'

2020-03-13 13:34:01 - [MESSAGE][PASSED] - Object 'Object Repository/ROLES/Create Role/New Role_page/h2_New Role' is present

2020-03-13 13:34:01 - [TEST_STEP][PASSED] - verifyElementPresent(findTestObject("ROLES/Create Role/New Role_page/a_Role Properties"), 0): Object 'Object Repository/ROLES/Create Role/New Role_page/a_Role Properties' is present

2020-03-13 13:34:01 - [MESSAGE][WARNING] - Timeout '0' is invalid. Using default page load timeout: '230'

2020-03-13 13:34:02 - [MESSAGE][PASSED] - Object 'Object Repository/ROLES/Create Role/New Role_page/a_Role Properties' is present

2020-03-13 13:34:02 - [TEST_STEP][PASSED] - verifyElementPresent(findTestObject("ROLES/Create Role/New Role_page/a_Platform"), 0): Object 'Object Repository/ROLES/Create Role/New Role_page/a_Platform' is present

2020-03-13 13:34:02 - [MESSAGE][WARNING] - Timeout '0' is invalid. Using default page load timeout: '230'

2020-03-13 13:34:02 - [MESSAGE][PASSED] - Object 'Object Repository/ROLES/Create Role/New Role_page/a_Platform' is present

2020-03-13 13:34:02 - [TEST_STEP][PASSED] - verifyElementPresent(findTestObject("ROLES/Create Role/New Role_page/a_Content Features"), 0): Object 'Object Repository/ROLES/Create Role/New Role_page/a_Content Features' is present

2020-03-13 13:34:02 - [MESSAGE][WARNING] - Timeout '0' is invalid. Using default page load timeout: '230'

2020-03-13 13:34:02 - [MESSAGE][PASSED] - Object 'Object Repository/ROLES/Create Role/New Role_page/a_Content Features' is present

2020-03-13 13:34:02 - [TEST_STEP][PASSED] - verifyElementPresent(findTestObject("ROLES/Create Role/New Role_page/a_Audience Features"), 0): Object 'Object Repository/ROLES/Create Role/New Role_page/a_Audience Features' is present

2020-03-13 13:34:02 - [MESSAGE][WARNING] - Timeout '0' is invalid. Using default page load timeout: '230'

2020-03-13 13:34:03 - [MESSAGE][PASSED] - Object 'Object Repository/ROLES/Create Role/New Role_page/a_Audience Features' is present

2020-03-13 13:34:03 - [TEST_STEP][PASSED] - verifyElementPresent(findTestObject("ROLES/Create Role/New Role_page/a_Message Features"), 0): Object 'Object Repository/ROLES/Create Role/New Role_page/a_Message Features' is present

2020-03-13 13:34:03 - [MESSAGE][WARNING] - Timeout '0' is invalid. Using default page load timeout: '230'

2020-03-13 13:34:03 - [MESSAGE][PASSED] - Object 'Object Repository/ROLES/Create Role/New Role_page/a_Message Features' is present

2020-03-13 13:34:03 - [TEST_STEP][PASSED] - verifyElementPresent(findTestObject("ROLES/Create Role/New Role_page/a_Report Features"), 0): Object 'Object Repository/ROLES/Create Role/New Role_page/a_Report Features' is present

2020-03-13 13:34:03 - [MESSAGE][WARNING] - Timeout '0' is invalid. Using default page load timeout: '230'

2020-03-13 13:34:03 - [MESSAGE][PASSED] - Object 'Object Repository/ROLES/Create Role/New Role_page/a_Report Features' is present

2020-03-13 13:34:03 - [TEST_STEP][PASSED] - verifyElementPresent(findTestObject("ROLES/Create Role/New Role_page/h2_Role Properties"), 0): Object 'Object Repository/ROLES/Create Role/New Role_page/h2_Role Properties' is present

2020-03-13 13:34:03 - [MESSAGE][WARNING] - Timeout '0' is invalid. Using default page load timeout: '230'

2020-03-13 13:34:04 - [MESSAGE][PASSED] - Object 'Object Repository/ROLES/Create Role/New Role_page/h2_Role Properties' is present

2020-03-13 13:34:04 - [TEST_STEP][PASSED] - verifyElementPresent(findTestObject("ROLES/Create Role/New Role_page/label_Role Name"), 0): Object 'Object Repository/ROLES/Create Role/New Role_page/label_Role Name' is present

2020-03-13 13:34:04 - [MESSAGE][WARNING] - Timeout '0' is invalid. Using default page load timeout: '230'

2020-03-13 13:34:04 - [MESSAGE][PASSED] - Object 'Object Repository/ROLES/Create Role/New Role_page/label_Role Name' is present

2020-03-13 13:34:04 - [TEST_STEP][PASSED] - verifyElementPresent(findTestObject("ROLES/Create Role/New Role_page/input_Role Name_name"), 0): Object 'Object Repository/ROLES/Create Role/New Role_page/input_Role Name_name' is present

2020-03-13 13:34:04 - [MESSAGE][WARNING] - Timeout '0' is invalid. Using default page load timeout: '230'

2020-03-13 13:34:04 - [MESSAGE][PASSED] - Object 'Object Repository/ROLES/Create Role/New Role_page/input_Role Name_name' is present

2020-03-13 13:34:04 - [TEST_STEP][PASSED] - verifyElementPresent(findTestObject("ROLES/Create Role/New Role_page/label_Role Description"), 0): Object 'Object Repository/ROLES/Create Role/New Role_page/label_Role Description' is present

2020-03-13 13:34:04 - [MESSAGE][WARNING] - Timeout '0' is invalid. Using default page load timeout: '230'

2020-03-13 13:34:05 - [MESSAGE][PASSED] - Object 'Object Repository/ROLES/Create Role/New Role_page/label_Role Description' is present

2020-03-13 13:34:05 - [TEST_STEP][PASSED] - verifyElementPresent(findTestObject("ROLES/Create Role/New Role_page/textarea_Role Description_description"), 0): Object 'Object Repository/ROLES/Create Role/New Role_page/textarea_Role Description_description' is present

2020-03-13 13:34:05 - [MESSAGE][WARNING] - Timeout '0' is invalid. Using default page load timeout: '230'

2020-03-13 13:34:05 - [MESSAGE][PASSED] - Object 'Object Repository/ROLES/Create Role/New Role_page/textarea_Role Description_description' is present

2020-03-13 13:34:05 - [TEST_STEP][PASSED] - verifyElementPresent(findTestObject("ROLES/Create Role/New Role_page/button_Cancel"), 0): Object 'Object Repository/ROLES/Create Role/New Role_page/button_Cancel' is present

2020-03-13 13:34:05 - [MESSAGE][WARNING] - Timeout '0' is invalid. Using default page load timeout: '230'

2020-03-13 13:34:05 - [MESSAGE][PASSED] - Object 'Object Repository/ROLES/Create Role/New Role_page/button_Cancel' is present

2020-03-13 13:34:05 - [TEST_STEP][PASSED] - verifyElementPresent(findTestObject("ROLES/Create Role/New Role_page/div_Create"), 0): Object 'Object Repository/ROLES/Create Role/New Role_page/div_Create' is present

2020-03-13 13:34:05 - [MESSAGE][WARNING] - Timeout '0' is invalid. Using default page load timeout: '230'

2020-03-13 13:34:05 - [MESSAGE][PASSED] - Object 'Object Repository/ROLES/Create Role/New Role_page/div_Create' is present

2020-03-13 13:34:05 - [TEST_STEP][PASSED] - verifyElementPresent(findTestObject("ROLES/Create Role/New Role_page/Role Properties_collapse button"), 0): Object 'Object Repository/ROLES/Create Role/New Role_page/Role Properties_collapse button' is present

2020-03-13 13:34:06 - [MESSAGE][WARNING] - Timeout '0' is invalid. Using default page load timeout: '230'

2020-03-13 13:34:06 - [MESSAGE][PASSED] - Object 'Object Repository/ROLES/Create Role/New Role_page/Role Properties_collapse button' is present

2020-03-13 13:34:06 - [TEST_STEP][PASSED] - Start listener action : sampleAfterTestCase: null

2020-03-13 13:34:06 - [TEST_STEP][PASSED] - println(testCaseContext.getTestCaseId()): null

2020-03-13 13:34:06 - [TEST_STEP][PASSED] - println(testCaseContext.getTestCaseStatus()): null

2020-03-13 13:34:06 - [TEST_STEP][PASSED] - println("On Failure Method is Calling : " + testCaseContext.getTestCaseStatus()): null

2020-03-13 13:34:06 - [TEST_STEP][PASSED] - if (!(getTestCaseStatus().equalsIgnoreCase("PASSED"))): null]]></system-out>
         <system-err><![CDATA[]]></system-err>
      </testcase>
      <testcase name="Test Cases/Atlas Platform/Configuration Management/Platform Management/ROLES/Create Role/CR01 Validate Elements of Role Properties tab" time="19.322" classname="Test Cases/Atlas Platform/Configuration Management/Platform Management/ROLES/Create Role/CR01 Validate Elements of Role Properties tab" status="PASSED">
         <system-out><![CDATA[2020-03-13 13:34:08 - [TEST_CASE][PASSED] - Test Cases/Atlas Platform/Configuration Management/Platform Management/ROLES/Create Role/CR01 Validate Elements of Role Properties tab: Test Cases/Atlas Platform/Configuration Management/Platform Management/ROLES/Create Role/CR01 Validate Elements of Role Properties tab

2020-03-13 13:34:08 - [TEST_STEP][NOT_RUN] - callTestCase(findTestCase("Atlas Platform/Platform Navigation/Login/Default Logins/Default_Login_as_Root Admin"), ["Email":findTestData("AMP_Y").getValue(1, 1), "Password":findTestData("AMP_Y").getValue(2, 1), "dashboard_exp_title":""], CONTINUE_ON_FAILURE): NOT_RUN: callTestCase(findTestCase("Atlas Platform/Platform Navigation/Login/Default Logins/Default_Login_as_Root Admin"), ["Email":findTestData("AMP_Y").getValue(1, 1), "Password":findTestData("AMP_Y").getValue(2, 1), "dashboard_exp_title":""], CONTINUE_ON_FAILURE)

2020-03-13 13:34:08 - [MESSAGE][NOT_RUN] - NOT_RUN: callTestCase(findTestCase("Atlas Platform/Platform Navigation/Login/Default Logins/Default_Login_as_Root Admin"), ["Email":findTestData("AMP_Y").getValue(1, 1), "Password":findTestData("AMP_Y").getValue(2, 1), "dashboard_exp_title":""], CONTINUE_ON_FAILURE)

2020-03-13 13:34:08 - [TEST_STEP][NOT_RUN] - click(findTestObject("ROLES/Role_Navigation/a_ADMIN")): NOT_RUN: click(findTestObject("ROLES/Role_Navigation/a_ADMIN"))

2020-03-13 13:34:08 - [MESSAGE][NOT_RUN] - NOT_RUN: click(findTestObject("ROLES/Role_Navigation/a_ADMIN"))

2020-03-13 13:34:08 - [TEST_STEP][NOT_RUN] - click(findTestObject("ROLES/Roles_page/Create Role_button")): NOT_RUN: click(findTestObject("ROLES/Roles_page/Create Role_button"))

2020-03-13 13:34:08 - [MESSAGE][NOT_RUN] - NOT_RUN: click(findTestObject("ROLES/Roles_page/Create Role_button"))

2020-03-13 13:34:08 - [TEST_STEP][PASSED] - verifyElementNotPresent(findTestObject("ROLES/Create Role/New Role_page/tickMark_roleProperties"), 0): Web element with id: 'Object Repository/ROLES/Create Role/New Role_page/tickMark_roleProperties' located by 'By.xpath: //span[@class='pl-4 clearfix has-icon icon-group icon-group-success position-right']' is not present after '230' second(s)

2020-03-13 13:34:08 - [MESSAGE][WARNING] - Timeout '0' is invalid. Using default page load timeout: '230'

2020-03-13 13:34:09 - [MESSAGE][PASSED] - Web element with id: 'Object Repository/ROLES/Create Role/New Role_page/tickMark_roleProperties' located by 'By.xpath: //span[@class='pl-4 clearfix has-icon icon-group icon-group-success position-right']' is not present after '230' second(s)

2020-03-13 13:34:09 - [TEST_STEP][PASSED] - verifyElementHasAttribute(findTestObject("ROLES/Create Role/New Role_page/div_Create"), findTestData("Roles").getValue(8, 2), 0): Object 'Object Repository/ROLES/Create Role/New Role_page/div_Create' has attribute 'disabled'

2020-03-13 13:34:09 - [MESSAGE][WARNING] - Timeout '0' is invalid. Using default page load timeout: '230'

2020-03-13 13:34:09 - [MESSAGE][PASSED] - Object 'Object Repository/ROLES/Create Role/New Role_page/div_Create' has attribute 'disabled'

2020-03-13 13:34:09 - [TEST_STEP][PASSED] - click(findTestObject("ROLES/Create Role/New Role_page/button_Cancel")): Object: 'Object Repository/ROLES/Create Role/New Role_page/button_Cancel' is clicked on

2020-03-13 13:34:10 - [MESSAGE][PASSED] - Object: 'Object Repository/ROLES/Create Role/New Role_page/button_Cancel' is clicked on

2020-03-13 13:34:10 - [TEST_STEP][PASSED] - verifyElementPresent(findTestObject("ROLES/Roles_page/Role Manager"), 0): Object 'Object Repository/ROLES/Roles_page/Role Manager' is present

2020-03-13 13:34:10 - [MESSAGE][WARNING] - Timeout '0' is invalid. Using default page load timeout: '230'

2020-03-13 13:34:10 - [MESSAGE][PASSED] - Object 'Object Repository/ROLES/Roles_page/Role Manager' is present

2020-03-13 13:34:10 - [TEST_STEP][PASSED] - click(findTestObject("ROLES/Roles_page/Create Role_button")): Object: 'Object Repository/ROLES/Roles_page/Create Role_button' is clicked on

2020-03-13 13:34:11 - [MESSAGE][PASSED] - Object: 'Object Repository/ROLES/Roles_page/Create Role_button' is clicked on

2020-03-13 13:34:11 - [TEST_STEP][PASSED] - ROLENAME1 = findTestData("Roles").getValue(3, 1): null

2020-03-13 13:34:11 - [TEST_STEP][PASSED] - sendKeys(findTestObject("ROLES/Create Role/New Role_page/input_Role Name_name"), ROLENAME1): Keys 'Role1 13-03-2020 13:34:11' sent to object: 'Object Repository/ROLES/Create Role/New Role_page/input_Role Name_name'

2020-03-13 13:34:13 - [MESSAGE][PASSED] - Keys 'Role1 13-03-2020 13:34:11' sent to object: 'Object Repository/ROLES/Create Role/New Role_page/input_Role Name_name'

2020-03-13 13:34:13 - [TEST_STEP][PASSED] - verifyElementAttributeValue(findTestObject("ROLES/Create Role/New Role_page/input_Role Name_name"), findTestData("Roles").getValue(8, 1), ROLENAME1, 0): Object 'Object Repository/ROLES/Create Role/New Role_page/input_Role Name_name' has attribute 'value' with value 'Role1 13-03-2020 13:34:11'

2020-03-13 13:34:13 - [MESSAGE][WARNING] - Timeout '0' is invalid. Using default page load timeout: '230'

2020-03-13 13:34:13 - [MESSAGE][PASSED] - Object 'Object Repository/ROLES/Create Role/New Role_page/input_Role Name_name' has attribute 'value' with value 'Role1 13-03-2020 13:34:11'

2020-03-13 13:34:13 - [TEST_STEP][PASSED] - click(findTestObject("ROLES/Create Role/New Role_page/button_Cancel")): Object: 'Object Repository/ROLES/Create Role/New Role_page/button_Cancel' is clicked on

2020-03-13 13:34:13 - [MESSAGE][PASSED] - Object: 'Object Repository/ROLES/Create Role/New Role_page/button_Cancel' is clicked on

2020-03-13 13:34:13 - [TEST_STEP][PASSED] - click(findTestObject("ROLES/Create Role/New Role_page/No Stay_button"), CONTINUE_ON_FAILURE): Object: 'Object Repository/ROLES/Create Role/New Role_page/No Stay_button' is clicked on

2020-03-13 13:34:14 - [MESSAGE][PASSED] - Object: 'Object Repository/ROLES/Create Role/New Role_page/No Stay_button' is clicked on

2020-03-13 13:34:14 - [TEST_STEP][PASSED] - click(findTestObject("ROLES/Create Role/New Role_page/button_Cancel")): Object: 'Object Repository/ROLES/Create Role/New Role_page/button_Cancel' is clicked on

2020-03-13 13:34:15 - [MESSAGE][PASSED] - Object: 'Object Repository/ROLES/Create Role/New Role_page/button_Cancel' is clicked on

2020-03-13 13:34:15 - [TEST_STEP][PASSED] - click(findTestObject("ROLES/Create Role/New Role_page/Yes Leave_button")): Object: 'Object Repository/ROLES/Create Role/New Role_page/Yes Leave_button' is clicked on

2020-03-13 13:34:16 - [MESSAGE][PASSED] - Object: 'Object Repository/ROLES/Create Role/New Role_page/Yes Leave_button' is clicked on

2020-03-13 13:34:16 - [TEST_STEP][PASSED] - click(findTestObject("ROLES/Roles_page/Create Role_button")): Object: 'Object Repository/ROLES/Roles_page/Create Role_button' is clicked on

2020-03-13 13:34:17 - [MESSAGE][PASSED] - Object: 'Object Repository/ROLES/Roles_page/Create Role_button' is clicked on

2020-03-13 13:34:17 - [TEST_STEP][PASSED] - sendKeys(findTestObject("ROLES/Create Role/New Role_page/input_Role Name_name"), ROLENAME1): Keys 'Role1 13-03-2020 13:34:11' sent to object: 'Object Repository/ROLES/Create Role/New Role_page/input_Role Name_name'

2020-03-13 13:34:18 - [MESSAGE][PASSED] - Keys 'Role1 13-03-2020 13:34:11' sent to object: 'Object Repository/ROLES/Create Role/New Role_page/input_Role Name_name'

2020-03-13 13:34:18 - [TEST_STEP][PASSED] - click(findTestObject("ROLES/Create Role/New Role_page/Clear_button")): Object: 'Object Repository/ROLES/Create Role/New Role_page/Clear_button' is clicked on

2020-03-13 13:34:19 - [MESSAGE][PASSED] - Object: 'Object Repository/ROLES/Create Role/New Role_page/Clear_button' is clicked on

2020-03-13 13:34:19 - [TEST_STEP][PASSED] - verifyElementPresent(findTestObject("ROLES/Create Role/New Role_page/Required field"), 0): Object 'Object Repository/ROLES/Create Role/New Role_page/Required field' is present

2020-03-13 13:34:19 - [MESSAGE][WARNING] - Timeout '0' is invalid. Using default page load timeout: '230'

2020-03-13 13:34:19 - [MESSAGE][PASSED] - Object 'Object Repository/ROLES/Create Role/New Role_page/Required field' is present

2020-03-13 13:34:19 - [TEST_STEP][PASSED] - verifyElementAttributeValue(findTestObject("ROLES/Create Role/New Role_page/input_Role Name_name"), findTestData("Roles").getValue(8, 1), findTestData("Roles").getValue(9, 1), 0): Object 'Object Repository/ROLES/Create Role/New Role_page/input_Role Name_name' has attribute 'value' with value ''

2020-03-13 13:34:19 - [MESSAGE][WARNING] - Timeout '0' is invalid. Using default page load timeout: '230'

2020-03-13 13:34:20 - [MESSAGE][PASSED] - Object 'Object Repository/ROLES/Create Role/New Role_page/input_Role Name_name' has attribute 'value' with value ''

2020-03-13 13:34:20 - [TEST_STEP][PASSED] - sendKeys(findTestObject("ROLES/Create Role/New Role_page/input_Role Name_name"), ROLENAME1): Keys 'Role1 13-03-2020 13:34:11' sent to object: 'Object Repository/ROLES/Create Role/New Role_page/input_Role Name_name'

2020-03-13 13:34:21 - [MESSAGE][PASSED] - Keys 'Role1 13-03-2020 13:34:11' sent to object: 'Object Repository/ROLES/Create Role/New Role_page/input_Role Name_name'

2020-03-13 13:34:21 - [TEST_STEP][PASSED] - sendKeys(findTestObject("ROLES/Create Role/New Role_page/textarea_Role Description_description"), findTestData("Roles").getValue(4, 1)): Keys 'Role Description' sent to object: 'Object Repository/ROLES/Create Role/New Role_page/textarea_Role Description_description'

2020-03-13 13:34:22 - [MESSAGE][PASSED] - Keys 'Role Description' sent to object: 'Object Repository/ROLES/Create Role/New Role_page/textarea_Role Description_description'

2020-03-13 13:34:22 - [TEST_STEP][PASSED] - verifyElementAttributeValue(findTestObject("ROLES/Create Role/New Role_page/textarea_Role Description_description"), findTestData("Roles").getValue(8, 1), findTestData("Roles").getValue(4, 1), 0): Object 'Object Repository/ROLES/Create Role/New Role_page/textarea_Role Description_description' has attribute 'value' with value 'Role Description'

2020-03-13 13:34:22 - [MESSAGE][WARNING] - Timeout '0' is invalid. Using default page load timeout: '230'

2020-03-13 13:34:22 - [MESSAGE][PASSED] - Object 'Object Repository/ROLES/Create Role/New Role_page/textarea_Role Description_description' has attribute 'value' with value 'Role Description'

2020-03-13 13:34:22 - [TEST_STEP][PASSED] - verifyElementPresent(findTestObject("ROLES/Create Role/New Role_page/tab_expanded"), 0): Object 'Object Repository/ROLES/Create Role/New Role_page/tab_expanded' is present

2020-03-13 13:34:22 - [MESSAGE][WARNING] - Timeout '0' is invalid. Using default page load timeout: '230'

2020-03-13 13:34:23 - [MESSAGE][PASSED] - Object 'Object Repository/ROLES/Create Role/New Role_page/tab_expanded' is present

2020-03-13 13:34:23 - [TEST_STEP][PASSED] - verifyElementNotPresent(findTestObject("ROLES/Create Role/New Role_page/tab_minimized"), 0): Web element with id: 'Object Repository/ROLES/Create Role/New Role_page/tab_minimized' located by 'By.xpath: (//li[@class='src-components-sidebar-style__sideBarNavItems active'])' is not present after '230' second(s)

2020-03-13 13:34:23 - [MESSAGE][WARNING] - Timeout '0' is invalid. Using default page load timeout: '230'

2020-03-13 13:34:23 - [MESSAGE][PASSED] - Web element with id: 'Object Repository/ROLES/Create Role/New Role_page/tab_minimized' located by 'By.xpath: (//li[@class='src-components-sidebar-style__sideBarNavItems active'])' is not present after '230' second(s)

2020-03-13 13:34:23 - [TEST_STEP][PASSED] - click(findTestObject("ROLES/Create Role/New Role_page/expand and collapse button")): Object: 'Object Repository/ROLES/Create Role/New Role_page/expand and collapse button' is clicked on

2020-03-13 13:34:24 - [MESSAGE][PASSED] - Object: 'Object Repository/ROLES/Create Role/New Role_page/expand and collapse button' is clicked on

2020-03-13 13:34:24 - [TEST_STEP][PASSED] - verifyElementPresent(findTestObject("ROLES/Create Role/New Role_page/tab_minimized"), 0): Object 'Object Repository/ROLES/Create Role/New Role_page/tab_minimized' is present

2020-03-13 13:34:24 - [MESSAGE][WARNING] - Timeout '0' is invalid. Using default page load timeout: '230'

2020-03-13 13:34:24 - [MESSAGE][PASSED] - Object 'Object Repository/ROLES/Create Role/New Role_page/tab_minimized' is present

2020-03-13 13:34:24 - [TEST_STEP][PASSED] - verifyElementNotPresent(findTestObject("ROLES/Create Role/New Role_page/tab_expanded"), 0): Web element with id: 'Object Repository/ROLES/Create Role/New Role_page/tab_expanded' located by 'By.xpath: (//li[@class='active'])[2]' is not present after '230' second(s)

2020-03-13 13:34:24 - [MESSAGE][WARNING] - Timeout '0' is invalid. Using default page load timeout: '230'

2020-03-13 13:34:24 - [MESSAGE][PASSED] - Web element with id: 'Object Repository/ROLES/Create Role/New Role_page/tab_expanded' located by 'By.xpath: (//li[@class='active'])[2]' is not present after '230' second(s)

2020-03-13 13:34:24 - [TEST_STEP][PASSED] - click(findTestObject("ROLES/Create Role/New Role_page/expand and collapse button")): Object: 'Object Repository/ROLES/Create Role/New Role_page/expand and collapse button' is clicked on

2020-03-13 13:34:25 - [MESSAGE][PASSED] - Object: 'Object Repository/ROLES/Create Role/New Role_page/expand and collapse button' is clicked on

2020-03-13 13:34:25 - [TEST_STEP][PASSED] - verifyElementNotHasAttribute(findTestObject("ROLES/Create Role/New Role_page/div_Create"), findTestData("Roles").getValue(8, 2), 0): Object 'Object Repository/ROLES/Create Role/New Role_page/div_Create' does not have attribute 'disabled'

2020-03-13 13:34:25 - [MESSAGE][WARNING] - Timeout '0' is invalid. Using default page load timeout: '230'

2020-03-13 13:34:25 - [MESSAGE][PASSED] - Object 'Object Repository/ROLES/Create Role/New Role_page/div_Create' does not have attribute 'disabled'

2020-03-13 13:34:25 - [TEST_STEP][NOT_RUN] - verifyElementPresent(findTestObject("ROLES/Create Role/New Role_page/tickMark_roleProperties"), 0): NOT_RUN: verifyElementPresent(findTestObject("ROLES/Create Role/New Role_page/tickMark_roleProperties"), 0)

2020-03-13 13:34:25 - [MESSAGE][NOT_RUN] - NOT_RUN: verifyElementPresent(findTestObject("ROLES/Create Role/New Role_page/tickMark_roleProperties"), 0)

2020-03-13 13:34:25 - [TEST_STEP][NOT_RUN] - click(findTestObject("ROLES/Create Role/New Role_page/div_Create")): NOT_RUN: click(findTestObject("ROLES/Create Role/New Role_page/div_Create"))

2020-03-13 13:34:25 - [MESSAGE][NOT_RUN] - NOT_RUN: click(findTestObject("ROLES/Create Role/New Role_page/div_Create"))

2020-03-13 13:34:25 - [TEST_STEP][NOT_RUN] - verifyElementPresent(findTestObject("ROLES/Roles_page/Role Manager"), 0): NOT_RUN: verifyElementPresent(findTestObject("ROLES/Roles_page/Role Manager"), 0)

2020-03-13 13:34:25 - [MESSAGE][NOT_RUN] - NOT_RUN: verifyElementPresent(findTestObject("ROLES/Roles_page/Role Manager"), 0)

2020-03-13 13:34:25 - [TEST_STEP][PASSED] - Start listener action : sampleAfterTestCase: null

2020-03-13 13:34:25 - [TEST_STEP][PASSED] - println(testCaseContext.getTestCaseId()): null

2020-03-13 13:34:25 - [TEST_STEP][PASSED] - println(testCaseContext.getTestCaseStatus()): null

2020-03-13 13:34:25 - [TEST_STEP][PASSED] - println("On Failure Method is Calling : " + testCaseContext.getTestCaseStatus()): null

2020-03-13 13:34:25 - [TEST_STEP][PASSED] - if (!(getTestCaseStatus().equalsIgnoreCase("PASSED"))): null]]></system-out>
         <system-err><![CDATA[]]></system-err>
      </testcase>
      <testcase name="Test Cases/Atlas Platform/Configuration Management/Platform Management/ROLES/Create Role/Validate presence of all the Elements in Creating Role/CR02 Verify Platform tab in New Role page" time="10.908" classname="Test Cases/Atlas Platform/Configuration Management/Platform Management/ROLES/Create Role/Validate presence of all the Elements in Creating Role/CR02 Verify Platform tab in New Role page" status="PASSED">
         <system-out><![CDATA[2020-03-13 13:34:27 - [TEST_CASE][PASSED] - Test Cases/Atlas Platform/Configuration Management/Platform Management/ROLES/Create Role/Validate presence of all the Elements in Creating Role/CR02 Verify Platform tab in New Role page: Test Cases/Atlas Platform/Configuration Management/Platform Management/ROLES/Create Role/Validate presence of all the Elements in Creating Role/CR02 Verify Platform tab in New Role page

2020-03-13 13:34:28 - [TEST_STEP][NOT_RUN] - callTestCase(findTestCase("Atlas Platform/Platform Navigation/Login/Default Logins/Default_Login_as_Root Admin"), ["Email":findTestData("AMP_Y").getValue(1, 1), "Password":findTestData("AMP_Y").getValue(2, 1), "dashboard_exp_title":""], CONTINUE_ON_FAILURE): NOT_RUN: callTestCase(findTestCase("Atlas Platform/Platform Navigation/Login/Default Logins/Default_Login_as_Root Admin"), ["Email":findTestData("AMP_Y").getValue(1, 1), "Password":findTestData("AMP_Y").getValue(2, 1), "dashboard_exp_title":""], CONTINUE_ON_FAILURE)

2020-03-13 13:34:28 - [MESSAGE][NOT_RUN] - NOT_RUN: callTestCase(findTestCase("Atlas Platform/Platform Navigation/Login/Default Logins/Default_Login_as_Root Admin"), ["Email":findTestData("AMP_Y").getValue(1, 1), "Password":findTestData("AMP_Y").getValue(2, 1), "dashboard_exp_title":""], CONTINUE_ON_FAILURE)

2020-03-13 13:34:28 - [TEST_STEP][NOT_RUN] - click(findTestObject("ROLES/Role_Navigation/a_ADMIN")): NOT_RUN: click(findTestObject("ROLES/Role_Navigation/a_ADMIN"))

2020-03-13 13:34:28 - [MESSAGE][NOT_RUN] - NOT_RUN: click(findTestObject("ROLES/Role_Navigation/a_ADMIN"))

2020-03-13 13:34:28 - [TEST_STEP][NOT_RUN] - click(findTestObject("ROLES/Roles_page/Create Role_button")): NOT_RUN: click(findTestObject("ROLES/Roles_page/Create Role_button"))

2020-03-13 13:34:28 - [MESSAGE][NOT_RUN] - NOT_RUN: click(findTestObject("ROLES/Roles_page/Create Role_button"))

2020-03-13 13:34:28 - [TEST_STEP][PASSED] - click(findTestObject("ROLES/Create Role/New Role_page/a_Platform")): Object: 'Object Repository/ROLES/Create Role/New Role_page/a_Platform' is clicked on

2020-03-13 13:34:28 - [MESSAGE][PASSED] - Object: 'Object Repository/ROLES/Create Role/New Role_page/a_Platform' is clicked on

2020-03-13 13:34:28 - [TEST_STEP][PASSED] - verifyElementPresent(findTestObject("ROLES/Create Role/platform/h2_Platform"), 0): Object 'Object Repository/ROLES/Create Role/platform/h2_Platform' is present

2020-03-13 13:34:28 - [MESSAGE][WARNING] - Timeout '0' is invalid. Using default page load timeout: '230'

2020-03-13 13:34:30 - [MESSAGE][PASSED] - Object 'Object Repository/ROLES/Create Role/platform/h2_Platform' is present

2020-03-13 13:34:30 - [TEST_STEP][PASSED] - verifyElementPresent(findTestObject("ROLES/Create Role/platform/checkbox_User Create"), 0): Object 'Object Repository/ROLES/Create Role/platform/checkbox_User Create' is present

2020-03-13 13:34:30 - [MESSAGE][WARNING] - Timeout '0' is invalid. Using default page load timeout: '230'

2020-03-13 13:34:30 - [MESSAGE][PASSED] - Object 'Object Repository/ROLES/Create Role/platform/checkbox_User Create' is present

2020-03-13 13:34:30 - [TEST_STEP][PASSED] - verifyElementChecked(findTestObject("ROLES/Create Role/platform/checkbox_User Create"), 0): Object 'Object Repository/ROLES/Create Role/platform/checkbox_User Create' is checked

2020-03-13 13:34:30 - [MESSAGE][WARNING] - Timeout '0' is invalid. Using default page load timeout: '230'

2020-03-13 13:34:30 - [MESSAGE][PASSED] - Object 'Object Repository/ROLES/Create Role/platform/checkbox_User Create' is checked

2020-03-13 13:34:30 - [TEST_STEP][PASSED] - verifyElementPresent(findTestObject("ROLES/Create Role/platform/span_User Create"), 0): Object 'Object Repository/ROLES/Create Role/platform/span_User Create' is present

2020-03-13 13:34:30 - [MESSAGE][WARNING] - Timeout '0' is invalid. Using default page load timeout: '230'

2020-03-13 13:34:31 - [MESSAGE][PASSED] - Object 'Object Repository/ROLES/Create Role/platform/span_User Create' is present

2020-03-13 13:34:31 - [TEST_STEP][PASSED] - verifyElementPresent(findTestObject("ROLES/Create Role/platform/label_Availability"), 0): Object 'Object Repository/ROLES/Create Role/platform/label_Availability' is present

2020-03-13 13:34:31 - [MESSAGE][WARNING] - Timeout '0' is invalid. Using default page load timeout: '230'

2020-03-13 13:34:31 - [MESSAGE][PASSED] - Object 'Object Repository/ROLES/Create Role/platform/label_Availability' is present

2020-03-13 13:34:31 - [TEST_STEP][PASSED] - verifyElementPresent(findTestObject("ROLES/Create Role/platform/radiobutton_AllAccounts"), 0): Object 'Object Repository/ROLES/Create Role/platform/radiobutton_AllAccounts' is present

2020-03-13 13:34:31 - [MESSAGE][WARNING] - Timeout '0' is invalid. Using default page load timeout: '230'

2020-03-13 13:34:31 - [MESSAGE][PASSED] - Object 'Object Repository/ROLES/Create Role/platform/radiobutton_AllAccounts' is present

2020-03-13 13:34:31 - [TEST_STEP][PASSED] - verifyElementChecked(findTestObject("ROLES/Create Role/platform/radiobutton_AllAccounts"), 0): Object 'Object Repository/ROLES/Create Role/platform/radiobutton_AllAccounts' is checked

2020-03-13 13:34:31 - [MESSAGE][WARNING] - Timeout '0' is invalid. Using default page load timeout: '230'

2020-03-13 13:34:32 - [MESSAGE][PASSED] - Object 'Object Repository/ROLES/Create Role/platform/radiobutton_AllAccounts' is checked

2020-03-13 13:34:32 - [TEST_STEP][PASSED] - verifyElementPresent(findTestObject("ROLES/Create Role/platform/label_All Accounts"), 0): Object 'Object Repository/ROLES/Create Role/platform/label_All Accounts' is present

2020-03-13 13:34:32 - [MESSAGE][WARNING] - Timeout '0' is invalid. Using default page load timeout: '230'

2020-03-13 13:34:32 - [MESSAGE][PASSED] - Object 'Object Repository/ROLES/Create Role/platform/label_All Accounts' is present

2020-03-13 13:34:32 - [TEST_STEP][PASSED] - verifyElementPresent(findTestObject("ROLES/Create Role/platform/radiobutton_AddAffiliation"), 0): Object 'Object Repository/ROLES/Create Role/platform/radiobutton_AddAffiliation' is present

2020-03-13 13:34:32 - [MESSAGE][WARNING] - Timeout '0' is invalid. Using default page load timeout: '230'

2020-03-13 13:34:32 - [MESSAGE][PASSED] - Object 'Object Repository/ROLES/Create Role/platform/radiobutton_AddAffiliation' is present

2020-03-13 13:34:32 - [TEST_STEP][PASSED] - verifyElementPresent(findTestObject("ROLES/Create Role/platform/label_Affilaton"), 0): Object 'Object Repository/ROLES/Create Role/platform/label_Affilaton' is present

2020-03-13 13:34:32 - [MESSAGE][WARNING] - Timeout '0' is invalid. Using default page load timeout: '230'

2020-03-13 13:34:33 - [MESSAGE][PASSED] - Object 'Object Repository/ROLES/Create Role/platform/label_Affilaton' is present

2020-03-13 13:34:33 - [TEST_STEP][PASSED] - verifyElementPresent(findTestObject("ROLES/Create Role/platform/searchbox_affiliation"), 0): Object 'Object Repository/ROLES/Create Role/platform/searchbox_affiliation' is present

2020-03-13 13:34:33 - [MESSAGE][WARNING] - Timeout '0' is invalid. Using default page load timeout: '230'

2020-03-13 13:34:33 - [MESSAGE][PASSED] - Object 'Object Repository/ROLES/Create Role/platform/searchbox_affiliation' is present

2020-03-13 13:34:33 - [TEST_STEP][PASSED] - verifyElementPresent(findTestObject("ROLES/Create Role/platform/Select_affiliationPlaceholder"), 0): Object 'Object Repository/ROLES/Create Role/platform/Select_affiliationPlaceholder' is present

2020-03-13 13:34:33 - [MESSAGE][WARNING] - Timeout '0' is invalid. Using default page load timeout: '230'

2020-03-13 13:34:33 - [MESSAGE][PASSED] - Object 'Object Repository/ROLES/Create Role/platform/Select_affiliationPlaceholder' is present

2020-03-13 13:34:33 - [TEST_STEP][PASSED] - verifyElementPresent(findTestObject("ROLES/Create Role/platform/dropdown_affiliation"), 0): Object 'Object Repository/ROLES/Create Role/platform/dropdown_affiliation' is present

2020-03-13 13:34:34 - [MESSAGE][WARNING] - Timeout '0' is invalid. Using default page load timeout: '230'

2020-03-13 13:34:34 - [MESSAGE][PASSED] - Object 'Object Repository/ROLES/Create Role/platform/dropdown_affiliation' is present

2020-03-13 13:34:34 - [TEST_STEP][PASSED] - verifyElementPresent(findTestObject("ROLES/Create Role/platform/button_Add Affilation"), 0): Object 'Object Repository/ROLES/Create Role/platform/button_Add Affilation' is present

2020-03-13 13:34:34 - [MESSAGE][WARNING] - Timeout '0' is invalid. Using default page load timeout: '230'

2020-03-13 13:34:34 - [MESSAGE][PASSED] - Object 'Object Repository/ROLES/Create Role/platform/button_Add Affilation' is present

2020-03-13 13:34:34 - [TEST_STEP][PASSED] - verifyElementPresent(findTestObject("ROLES/Create Role/platform/radiobutton_AddAccount"), 0): Object 'Object Repository/ROLES/Create Role/platform/radiobutton_AddAccount' is present

2020-03-13 13:34:34 - [MESSAGE][WARNING] - Timeout '0' is invalid. Using default page load timeout: '230'

2020-03-13 13:34:35 - [MESSAGE][PASSED] - Object 'Object Repository/ROLES/Create Role/platform/radiobutton_AddAccount' is present

2020-03-13 13:34:35 - [TEST_STEP][PASSED] - verifyElementPresent(findTestObject("ROLES/Create Role/platform/label_Account"), 0): Object 'Object Repository/ROLES/Create Role/platform/label_Account' is present

2020-03-13 13:34:35 - [MESSAGE][WARNING] - Timeout '0' is invalid. Using default page load timeout: '230'

2020-03-13 13:34:35 - [MESSAGE][PASSED] - Object 'Object Repository/ROLES/Create Role/platform/label_Account' is present

2020-03-13 13:34:35 - [TEST_STEP][PASSED] - verifyElementPresent(findTestObject("ROLES/Create Role/platform/searchbox_account"), 0): Object 'Object Repository/ROLES/Create Role/platform/searchbox_account' is present

2020-03-13 13:34:35 - [MESSAGE][WARNING] - Timeout '0' is invalid. Using default page load timeout: '230'

2020-03-13 13:34:35 - [MESSAGE][PASSED] - Object 'Object Repository/ROLES/Create Role/platform/searchbox_account' is present

2020-03-13 13:34:35 - [TEST_STEP][PASSED] - verifyElementPresent(findTestObject("ROLES/Create Role/platform/Select_accountPlaceholder"), 0): Object 'Object Repository/ROLES/Create Role/platform/Select_accountPlaceholder' is present

2020-03-13 13:34:35 - [MESSAGE][WARNING] - Timeout '0' is invalid. Using default page load timeout: '230'

2020-03-13 13:34:36 - [MESSAGE][PASSED] - Object 'Object Repository/ROLES/Create Role/platform/Select_accountPlaceholder' is present

2020-03-13 13:34:36 - [TEST_STEP][PASSED] - verifyElementPresent(findTestObject("ROLES/Create Role/platform/dropdown_account"), 0): Object 'Object Repository/ROLES/Create Role/platform/dropdown_account' is present

2020-03-13 13:34:36 - [MESSAGE][WARNING] - Timeout '0' is invalid. Using default page load timeout: '230'

2020-03-13 13:34:36 - [MESSAGE][PASSED] - Object 'Object Repository/ROLES/Create Role/platform/dropdown_account' is present

2020-03-13 13:34:36 - [TEST_STEP][PASSED] - verifyElementPresent(findTestObject("ROLES/Create Role/platform/button_Add Account"), 0): Object 'Object Repository/ROLES/Create Role/platform/button_Add Account' is present

2020-03-13 13:34:36 - [MESSAGE][WARNING] - Timeout '0' is invalid. Using default page load timeout: '230'

2020-03-13 13:34:36 - [MESSAGE][PASSED] - Object 'Object Repository/ROLES/Create Role/platform/button_Add Account' is present

2020-03-13 13:34:36 - [TEST_STEP][PASSED] - Start listener action : sampleAfterTestCase: null

2020-03-13 13:34:36 - [TEST_STEP][PASSED] - println(testCaseContext.getTestCaseId()): null

2020-03-13 13:34:36 - [TEST_STEP][PASSED] - println(testCaseContext.getTestCaseStatus()): null

2020-03-13 13:34:36 - [TEST_STEP][PASSED] - println("On Failure Method is Calling : " + testCaseContext.getTestCaseStatus()): null

2020-03-13 13:34:36 - [TEST_STEP][PASSED] - if (!(getTestCaseStatus().equalsIgnoreCase("PASSED"))): null]]></system-out>
         <system-err><![CDATA[]]></system-err>
      </testcase>
      <testcase name="Test Cases/Atlas Platform/Configuration Management/Platform Management/ROLES/Create Role/CR02 Validate Elements of Platform tab" time="43.724" classname="Test Cases/Atlas Platform/Configuration Management/Platform Management/ROLES/Create Role/CR02 Validate Elements of Platform tab" status="PASSED">
         <system-out><![CDATA[2020-03-13 13:34:38 - [TEST_CASE][PASSED] - Test Cases/Atlas Platform/Configuration Management/Platform Management/ROLES/Create Role/CR02 Validate Elements of Platform tab: Test Cases/Atlas Platform/Configuration Management/Platform Management/ROLES/Create Role/CR02 Validate Elements of Platform tab

2020-03-13 13:34:39 - [TEST_STEP][NOT_RUN] - callTestCase(findTestCase("Atlas Platform/Platform Navigation/Login/Default Logins/Default_Login_as_Root Admin"), ["Email":findTestData("AMP_Y").getValue(1, 1), "Password":findTestData("AMP_Y").getValue(2, 1), "dashboard_exp_title":""], CONTINUE_ON_FAILURE): NOT_RUN: callTestCase(findTestCase("Atlas Platform/Platform Navigation/Login/Default Logins/Default_Login_as_Root Admin"), ["Email":findTestData("AMP_Y").getValue(1, 1), "Password":findTestData("AMP_Y").getValue(2, 1), "dashboard_exp_title":""], CONTINUE_ON_FAILURE)

2020-03-13 13:34:39 - [MESSAGE][NOT_RUN] - NOT_RUN: callTestCase(findTestCase("Atlas Platform/Platform Navigation/Login/Default Logins/Default_Login_as_Root Admin"), ["Email":findTestData("AMP_Y").getValue(1, 1), "Password":findTestData("AMP_Y").getValue(2, 1), "dashboard_exp_title":""], CONTINUE_ON_FAILURE)

2020-03-13 13:34:39 - [TEST_STEP][NOT_RUN] - click(findTestObject("ROLES/Role_Navigation/a_ADMIN")): NOT_RUN: click(findTestObject("ROLES/Role_Navigation/a_ADMIN"))

2020-03-13 13:34:39 - [MESSAGE][NOT_RUN] - NOT_RUN: click(findTestObject("ROLES/Role_Navigation/a_ADMIN"))

2020-03-13 13:34:39 - [TEST_STEP][NOT_RUN] - click(findTestObject("ROLES/Roles_page/Create Role_button")): NOT_RUN: click(findTestObject("ROLES/Roles_page/Create Role_button"))

2020-03-13 13:34:39 - [MESSAGE][NOT_RUN] - NOT_RUN: click(findTestObject("ROLES/Roles_page/Create Role_button"))

2020-03-13 13:34:39 - [TEST_STEP][NOT_RUN] - click(findTestObject("ROLES/Create Role/New Role_page/a_Platform")): NOT_RUN: click(findTestObject("ROLES/Create Role/New Role_page/a_Platform"))

2020-03-13 13:34:39 - [MESSAGE][NOT_RUN] - NOT_RUN: click(findTestObject("ROLES/Create Role/New Role_page/a_Platform"))

2020-03-13 13:34:39 - [TEST_STEP][PASSED] - verifyElementNotPresent(findTestObject("ROLES/Create Role/platform/tickMark_Platform"), 0): Web element with id: 'Object Repository/ROLES/Create Role/platform/tickMark_Platform' located by 'By.xpath: //span[@class='pl-4 clearfix has-icon icon-group icon-group-success position-right']' is not present after '230' second(s)

2020-03-13 13:34:39 - [MESSAGE][WARNING] - Timeout '0' is invalid. Using default page load timeout: '230'

2020-03-13 13:34:39 - [MESSAGE][PASSED] - Web element with id: 'Object Repository/ROLES/Create Role/platform/tickMark_Platform' located by 'By.xpath: //span[@class='pl-4 clearfix has-icon icon-group icon-group-success position-right']' is not present after '230' second(s)

2020-03-13 13:34:39 - [TEST_STEP][PASSED] - verifyElementChecked(findTestObject("ROLES/Create Role/platform/checkbox_User Create"), 230): Object 'Object Repository/ROLES/Create Role/platform/checkbox_User Create' is checked

2020-03-13 13:34:39 - [MESSAGE][PASSED] - Object 'Object Repository/ROLES/Create Role/platform/checkbox_User Create' is checked

2020-03-13 13:34:39 - [TEST_STEP][PASSED] - click(findTestObject("ROLES/Create Role/platform/span_User Create")): Object: 'Object Repository/ROLES/Create Role/platform/span_User Create' is clicked on

2020-03-13 13:34:40 - [MESSAGE][PASSED] - Object: 'Object Repository/ROLES/Create Role/platform/span_User Create' is clicked on

2020-03-13 13:34:40 - [TEST_STEP][PASSED] - verifyElementNotChecked(findTestObject("ROLES/Create Role/platform/checkbox_User Create"), 230): Object 'Object Repository/ROLES/Create Role/platform/checkbox_User Create' is not checked

2020-03-13 13:34:40 - [MESSAGE][PASSED] - Object 'Object Repository/ROLES/Create Role/platform/checkbox_User Create' is not checked

2020-03-13 13:34:40 - [TEST_STEP][PASSED] - click(findTestObject("ROLES/Create Role/platform/span_User Create")): Object: 'Object Repository/ROLES/Create Role/platform/span_User Create' is clicked on

2020-03-13 13:34:40 - [MESSAGE][PASSED] - Object: 'Object Repository/ROLES/Create Role/platform/span_User Create' is clicked on

2020-03-13 13:34:40 - [TEST_STEP][PASSED] - verifyElementChecked(findTestObject("ROLES/Create Role/platform/checkbox_User Create"), 230): Object 'Object Repository/ROLES/Create Role/platform/checkbox_User Create' is checked

2020-03-13 13:34:41 - [MESSAGE][PASSED] - Object 'Object Repository/ROLES/Create Role/platform/checkbox_User Create' is checked

2020-03-13 13:34:41 - [TEST_STEP][PASSED] - verifyElementChecked(findTestObject("ROLES/Create Role/platform/radiobutton_AllAccounts"), 230): Object 'Object Repository/ROLES/Create Role/platform/radiobutton_AllAccounts' is checked

2020-03-13 13:34:41 - [MESSAGE][PASSED] - Object 'Object Repository/ROLES/Create Role/platform/radiobutton_AllAccounts' is checked

2020-03-13 13:34:41 - [TEST_STEP][PASSED] - verifyElementHasAttribute(findTestObject("ROLES/Create Role/platform/searchbox_affiliation"), findTestData("Roles").getValue(8, 2), 0): Object 'Object Repository/ROLES/Create Role/platform/searchbox_affiliation' has attribute 'disabled'

2020-03-13 13:34:41 - [MESSAGE][WARNING] - Timeout '0' is invalid. Using default page load timeout: '230'

2020-03-13 13:34:41 - [MESSAGE][PASSED] - Object 'Object Repository/ROLES/Create Role/platform/searchbox_affiliation' has attribute 'disabled'

2020-03-13 13:34:41 - [TEST_STEP][PASSED] - verifyElementHasAttribute(findTestObject("ROLES/Create Role/platform/dropdown_affiliation"), findTestData("Roles").getValue(8, 2), 0): Object 'Object Repository/ROLES/Create Role/platform/dropdown_affiliation' has attribute 'disabled'

2020-03-13 13:34:42 - [MESSAGE][WARNING] - Timeout '0' is invalid. Using default page load timeout: '230'

2020-03-13 13:34:42 - [MESSAGE][PASSED] - Object 'Object Repository/ROLES/Create Role/platform/dropdown_affiliation' has attribute 'disabled'

2020-03-13 13:34:42 - [TEST_STEP][PASSED] - verifyElementHasAttribute(findTestObject("ROLES/Create Role/platform/button_Add Affilation"), findTestData("Roles").getValue(8, 2), 0): Object 'Object Repository/ROLES/Create Role/platform/button_Add Affilation' has attribute 'disabled'

2020-03-13 13:34:42 - [MESSAGE][WARNING] - Timeout '0' is invalid. Using default page load timeout: '230'

2020-03-13 13:34:42 - [MESSAGE][PASSED] - Object 'Object Repository/ROLES/Create Role/platform/button_Add Affilation' has attribute 'disabled'

2020-03-13 13:34:42 - [TEST_STEP][PASSED] - click(findTestObject("ROLES/Create Role/platform/label_Affilaton")): Object: 'Object Repository/ROLES/Create Role/platform/label_Affilaton' is clicked on

2020-03-13 13:34:43 - [MESSAGE][PASSED] - Object: 'Object Repository/ROLES/Create Role/platform/label_Affilaton' is clicked on

2020-03-13 13:34:43 - [TEST_STEP][PASSED] - verifyElementNotChecked(findTestObject("ROLES/Create Role/platform/radiobutton_AllAccounts"), 230): Object 'Object Repository/ROLES/Create Role/platform/radiobutton_AllAccounts' is not checked

2020-03-13 13:34:43 - [MESSAGE][PASSED] - Object 'Object Repository/ROLES/Create Role/platform/radiobutton_AllAccounts' is not checked

2020-03-13 13:34:43 - [TEST_STEP][PASSED] - verifyElementChecked(findTestObject("ROLES/Create Role/platform/radiobutton_AddAffiliation"), 230): Object 'Object Repository/ROLES/Create Role/platform/radiobutton_AddAffiliation' is checked

2020-03-13 13:34:43 - [MESSAGE][PASSED] - Object 'Object Repository/ROLES/Create Role/platform/radiobutton_AddAffiliation' is checked

2020-03-13 13:34:43 - [TEST_STEP][PASSED] - verifyElementNotHasAttribute(findTestObject("ROLES/Create Role/platform/searchbox_affiliation"), findTestData("Roles").getValue(8, 2), 0): Object 'Object Repository/ROLES/Create Role/platform/searchbox_affiliation' does not have attribute 'disabled'

2020-03-13 13:34:43 - [MESSAGE][WARNING] - Timeout '0' is invalid. Using default page load timeout: '230'

2020-03-13 13:34:44 - [MESSAGE][PASSED] - Object 'Object Repository/ROLES/Create Role/platform/searchbox_affiliation' does not have attribute 'disabled'

2020-03-13 13:34:44 - [TEST_STEP][PASSED] - verifyElementNotHasAttribute(findTestObject("ROLES/Create Role/platform/dropdown_affiliation"), findTestData("Roles").getValue(8, 2), 0): Object 'Object Repository/ROLES/Create Role/platform/dropdown_affiliation' does not have attribute 'disabled'

2020-03-13 13:34:44 - [MESSAGE][WARNING] - Timeout '0' is invalid. Using default page load timeout: '230'

2020-03-13 13:34:44 - [MESSAGE][PASSED] - Object 'Object Repository/ROLES/Create Role/platform/dropdown_affiliation' does not have attribute 'disabled'

2020-03-13 13:34:44 - [TEST_STEP][PASSED] - verifyElementNotHasAttribute(findTestObject("ROLES/Create Role/platform/button_Add Affilation"), findTestData("Roles").getValue(8, 2), 0): Object 'Object Repository/ROLES/Create Role/platform/button_Add Affilation' does not have attribute 'disabled'

2020-03-13 13:34:44 - [MESSAGE][WARNING] - Timeout '0' is invalid. Using default page load timeout: '230'

2020-03-13 13:34:44 - [MESSAGE][PASSED] - Object 'Object Repository/ROLES/Create Role/platform/button_Add Affilation' does not have attribute 'disabled'

2020-03-13 13:34:44 - [TEST_STEP][PASSED] - sendKeys(findTestObject("ROLES/Create Role/platform/Select_affiliationPlaceholder"), findTestData("Roles").getValue(6, 1)): Keys 'Toyota' sent to object: 'Object Repository/ROLES/Create Role/platform/Select_affiliationPlaceholder'

2020-03-13 13:34:45 - [MESSAGE][PASSED] - Keys 'Toyota' sent to object: 'Object Repository/ROLES/Create Role/platform/Select_affiliationPlaceholder'

2020-03-13 13:34:45 - [TEST_STEP][NOT_RUN] - verifyElementVisibleInViewport(findTestObject("ROLES/Create Role/platform/affiliation_1st one"), 230): NOT_RUN: verifyElementVisibleInViewport(findTestObject("ROLES/Create Role/platform/affiliation_1st one"), 230)

2020-03-13 13:34:45 - [MESSAGE][NOT_RUN] - NOT_RUN: verifyElementVisibleInViewport(findTestObject("ROLES/Create Role/platform/affiliation_1st one"), 230)

2020-03-13 13:34:45 - [TEST_STEP][NOT_RUN] - verifyElementPresent(findTestObject("ROLES/Create Role/platform/affiliation_1st one"), 230): NOT_RUN: verifyElementPresent(findTestObject("ROLES/Create Role/platform/affiliation_1st one"), 230)

2020-03-13 13:34:45 - [MESSAGE][NOT_RUN] - NOT_RUN: verifyElementPresent(findTestObject("ROLES/Create Role/platform/affiliation_1st one"), 230)

2020-03-13 13:34:45 - [TEST_STEP][PASSED] - click(findTestObject("ROLES/Create Role/platform/affiliation_1st one"), CONTINUE_ON_FAILURE): Object: 'Object Repository/ROLES/Create Role/platform/affiliation_1st one' is clicked on

2020-03-13 13:34:46 - [MESSAGE][PASSED] - Object: 'Object Repository/ROLES/Create Role/platform/affiliation_1st one' is clicked on

2020-03-13 13:34:46 - [TEST_STEP][PASSED] - click(findTestObject("ROLES/Create Role/platform/button_Add Affilation")): Object: 'Object Repository/ROLES/Create Role/platform/button_Add Affilation' is clicked on

2020-03-13 13:34:47 - [MESSAGE][PASSED] - Object: 'Object Repository/ROLES/Create Role/platform/button_Add Affilation' is clicked on

2020-03-13 13:34:47 - [TEST_STEP][PASSED] - delay(2): Delayed 2 second(s)

2020-03-13 13:34:49 - [MESSAGE][PASSED] - Delayed 2 second(s)

2020-03-13 13:34:49 - [TEST_STEP][PASSED] - verifyElementPresent(findTestObject("ROLES/Create Role/platform/affiliation_added"), 0): Object 'Object Repository/ROLES/Create Role/platform/affiliation_added' is present

2020-03-13 13:34:49 - [MESSAGE][WARNING] - Timeout '0' is invalid. Using default page load timeout: '230'

2020-03-13 13:34:49 - [MESSAGE][PASSED] - Object 'Object Repository/ROLES/Create Role/platform/affiliation_added' is present

2020-03-13 13:34:49 - [TEST_STEP][PASSED] - click(findTestObject("ROLES/Create Role/platform 2/delete icon_affiliation")): Object: 'Object Repository/ROLES/Create Role/platform 2/delete icon_affiliation' is clicked on

2020-03-13 13:34:50 - [MESSAGE][PASSED] - Object: 'Object Repository/ROLES/Create Role/platform 2/delete icon_affiliation' is clicked on

2020-03-13 13:34:50 - [TEST_STEP][PASSED] - verifyElementNotPresent(findTestObject("ROLES/Create Role/platform/affiliation_added"), 0): Web element with id: 'Object Repository/ROLES/Create Role/platform/affiliation_added' located by 'By.xpath: //div[@style='display: -webkit-inline-box;']' is not present after '230' second(s)

2020-03-13 13:34:50 - [MESSAGE][WARNING] - Timeout '0' is invalid. Using default page load timeout: '230'

2020-03-13 13:34:50 - [MESSAGE][PASSED] - Web element with id: 'Object Repository/ROLES/Create Role/platform/affiliation_added' located by 'By.xpath: //div[@style='display: -webkit-inline-box;']' is not present after '230' second(s)

2020-03-13 13:34:50 - [TEST_STEP][PASSED] - click(findTestObject("ROLES/Create Role/platform/label_All Accounts")): Object: 'Object Repository/ROLES/Create Role/platform/label_All Accounts' is clicked on

2020-03-13 13:34:51 - [MESSAGE][PASSED] - Object: 'Object Repository/ROLES/Create Role/platform/label_All Accounts' is clicked on

2020-03-13 13:34:51 - [TEST_STEP][PASSED] - click(findTestObject("ROLES/Create Role/platform/label_Affilaton")): Object: 'Object Repository/ROLES/Create Role/platform/label_Affilaton' is clicked on

2020-03-13 13:34:51 - [MESSAGE][PASSED] - Object: 'Object Repository/ROLES/Create Role/platform/label_Affilaton' is clicked on

2020-03-13 13:34:51 - [TEST_STEP][PASSED] - sendKeys(findTestObject("ROLES/Create Role/platform/Select_affiliationPlaceholder"), findTestData("Roles").getValue(6, 2)): Keys 'Totient' sent to object: 'Object Repository/ROLES/Create Role/platform/Select_affiliationPlaceholder'

2020-03-13 13:34:52 - [MESSAGE][PASSED] - Keys 'Totient' sent to object: 'Object Repository/ROLES/Create Role/platform/Select_affiliationPlaceholder'

2020-03-13 13:34:52 - [TEST_STEP][PASSED] - verifyElementNotPresent(findTestObject("ROLES/Create Role/platform/Results_search text field"), 230): Web element with id: 'Object Repository/ROLES/Create Role/platform/Results_search text field' located by 'By.xpath: //li[text()='Results']' is not present after '230' second(s)

2020-03-13 13:34:53 - [MESSAGE][PASSED] - Web element with id: 'Object Repository/ROLES/Create Role/platform/Results_search text field' located by 'By.xpath: //li[text()='Results']' is not present after '230' second(s)

2020-03-13 13:34:53 - [TEST_STEP][PASSED] - click(findTestObject("ROLES/Create Role/platform/label_All Accounts")): Object: 'Object Repository/ROLES/Create Role/platform/label_All Accounts' is clicked on

2020-03-13 13:34:53 - [MESSAGE][PASSED] - Object: 'Object Repository/ROLES/Create Role/platform/label_All Accounts' is clicked on

2020-03-13 13:34:53 - [TEST_STEP][PASSED] - click(findTestObject("ROLES/Create Role/platform/label_Affilaton")): Object: 'Object Repository/ROLES/Create Role/platform/label_Affilaton' is clicked on

2020-03-13 13:34:54 - [MESSAGE][PASSED] - Object: 'Object Repository/ROLES/Create Role/platform/label_Affilaton' is clicked on

2020-03-13 13:34:54 - [TEST_STEP][NOT_RUN] - sendKeys(findTestObject("ROLES/Create Role/platform/Select_affiliationPlaceholder"), findTestData("Roles").getValue(6, 1)): NOT_RUN: sendKeys(findTestObject("ROLES/Create Role/platform/Select_affiliationPlaceholder"), findTestData("Roles").getValue(6, 1))

2020-03-13 13:34:54 - [MESSAGE][NOT_RUN] - NOT_RUN: sendKeys(findTestObject("ROLES/Create Role/platform/Select_affiliationPlaceholder"), findTestData("Roles").getValue(6, 1))

2020-03-13 13:34:54 - [TEST_STEP][NOT_RUN] - click(findTestObject("ROLES/Create Role/platform/affiliation_1st one"), CONTINUE_ON_FAILURE): NOT_RUN: click(findTestObject("ROLES/Create Role/platform/affiliation_1st one"), CONTINUE_ON_FAILURE)

2020-03-13 13:34:54 - [MESSAGE][NOT_RUN] - NOT_RUN: click(findTestObject("ROLES/Create Role/platform/affiliation_1st one"), CONTINUE_ON_FAILURE)

2020-03-13 13:34:54 - [TEST_STEP][NOT_RUN] - verifyElementAttributeValue(findTestObject("ROLES/Create Role/platform/Select_affiliationPlaceholder"), findTestData("Roles").getValue(1, 1), findTestData("Roles").getValue(4, 1), 230): NOT_RUN: verifyElementAttributeValue(findTestObject("ROLES/Create Role/platform/Select_affiliationPlaceholder"), findTestData("Roles").getValue(1, 1), findTestData("Roles").getValue(4, 1), 230)

2020-03-13 13:34:54 - [MESSAGE][NOT_RUN] - NOT_RUN: verifyElementAttributeValue(findTestObject("ROLES/Create Role/platform/Select_affiliationPlaceholder"), findTestData("Roles").getValue(1, 1), findTestData("Roles").getValue(4, 1), 230)

2020-03-13 13:34:54 - [TEST_STEP][PASSED] - click(findTestObject("ROLES/Create Role/platform/dropdown_affiliation")): Object: 'Object Repository/ROLES/Create Role/platform/dropdown_affiliation' is clicked on

2020-03-13 13:34:54 - [MESSAGE][PASSED] - Object: 'Object Repository/ROLES/Create Role/platform/dropdown_affiliation' is clicked on

2020-03-13 13:34:54 - [TEST_STEP][PASSED] - verifyElementPresent(findTestObject("ROLES/Create Role/platform/Results_search text field"), 0): Object 'Object Repository/ROLES/Create Role/platform/Results_search text field' is present

2020-03-13 13:34:54 - [MESSAGE][WARNING] - Timeout '0' is invalid. Using default page load timeout: '230'

2020-03-13 13:34:55 - [MESSAGE][PASSED] - Object 'Object Repository/ROLES/Create Role/platform/Results_search text field' is present

2020-03-13 13:34:55 - [TEST_STEP][PASSED] - click(findTestObject("ROLES/Create Role/platform/affiliation_1st one"), CONTINUE_ON_FAILURE): Object: 'Object Repository/ROLES/Create Role/platform/affiliation_1st one' is clicked on

2020-03-13 13:34:55 - [MESSAGE][PASSED] - Object: 'Object Repository/ROLES/Create Role/platform/affiliation_1st one' is clicked on

2020-03-13 13:34:55 - [TEST_STEP][PASSED] - click(findTestObject("ROLES/Create Role/platform/button_Add Affilation")): Object: 'Object Repository/ROLES/Create Role/platform/button_Add Affilation' is clicked on

2020-03-13 13:34:56 - [MESSAGE][PASSED] - Object: 'Object Repository/ROLES/Create Role/platform/button_Add Affilation' is clicked on

2020-03-13 13:34:56 - [TEST_STEP][PASSED] - delay(2): Delayed 2 second(s)

2020-03-13 13:34:58 - [MESSAGE][PASSED] - Delayed 2 second(s)

2020-03-13 13:34:58 - [TEST_STEP][PASSED] - verifyElementPresent(findTestObject("ROLES/Create Role/platform/affiliation_added"), 0): Object 'Object Repository/ROLES/Create Role/platform/affiliation_added' is present

2020-03-13 13:34:58 - [MESSAGE][WARNING] - Timeout '0' is invalid. Using default page load timeout: '230'

2020-03-13 13:34:58 - [MESSAGE][PASSED] - Object 'Object Repository/ROLES/Create Role/platform/affiliation_added' is present

2020-03-13 13:34:58 - [TEST_STEP][PASSED] - verifyElementPresent(findTestObject("ROLES/Create Role/platform/delete icon_platform tab"), 0): Object 'Object Repository/ROLES/Create Role/platform/delete icon_platform tab' is present

2020-03-13 13:34:58 - [MESSAGE][WARNING] - Timeout '0' is invalid. Using default page load timeout: '230'

2020-03-13 13:34:58 - [MESSAGE][PASSED] - Object 'Object Repository/ROLES/Create Role/platform/delete icon_platform tab' is present

2020-03-13 13:34:58 - [TEST_STEP][PASSED] - click(findTestObject("ROLES/Create Role/platform 2/delete icon_affiliation")): Object: 'Object Repository/ROLES/Create Role/platform 2/delete icon_affiliation' is clicked on

2020-03-13 13:34:59 - [MESSAGE][PASSED] - Object: 'Object Repository/ROLES/Create Role/platform 2/delete icon_affiliation' is clicked on

2020-03-13 13:34:59 - [TEST_STEP][PASSED] - verifyElementNotPresent(findTestObject("ROLES/Create Role/platform/affiliation_added"), 0): Web element with id: 'Object Repository/ROLES/Create Role/platform/affiliation_added' located by 'By.xpath: //div[@style='display: -webkit-inline-box;']' is not present after '230' second(s)

2020-03-13 13:34:59 - [MESSAGE][WARNING] - Timeout '0' is invalid. Using default page load timeout: '230'

2020-03-13 13:34:59 - [MESSAGE][PASSED] - Web element with id: 'Object Repository/ROLES/Create Role/platform/affiliation_added' located by 'By.xpath: //div[@style='display: -webkit-inline-box;']' is not present after '230' second(s)

2020-03-13 13:34:59 - [TEST_STEP][PASSED] - verifyElementHasAttribute(findTestObject("ROLES/Create Role/platform/searchbox_account"), findTestData("Roles").getValue(8, 2), 0): Object 'Object Repository/ROLES/Create Role/platform/searchbox_account' has attribute 'disabled'

2020-03-13 13:34:59 - [MESSAGE][WARNING] - Timeout '0' is invalid. Using default page load timeout: '230'

2020-03-13 13:35:00 - [MESSAGE][PASSED] - Object 'Object Repository/ROLES/Create Role/platform/searchbox_account' has attribute 'disabled'

2020-03-13 13:35:00 - [TEST_STEP][PASSED] - verifyElementHasAttribute(findTestObject("ROLES/Create Role/platform/dropdown_account"), findTestData("Roles").getValue(8, 2), 0): Object 'Object Repository/ROLES/Create Role/platform/dropdown_account' has attribute 'disabled'

2020-03-13 13:35:00 - [MESSAGE][WARNING] - Timeout '0' is invalid. Using default page load timeout: '230'

2020-03-13 13:35:00 - [MESSAGE][PASSED] - Object 'Object Repository/ROLES/Create Role/platform/dropdown_account' has attribute 'disabled'

2020-03-13 13:35:00 - [TEST_STEP][PASSED] - verifyElementHasAttribute(findTestObject("ROLES/Create Role/platform/button_Add Account"), findTestData("Roles").getValue(8, 2), 0): Object 'Object Repository/ROLES/Create Role/platform/button_Add Account' has attribute 'disabled'

2020-03-13 13:35:00 - [MESSAGE][WARNING] - Timeout '0' is invalid. Using default page load timeout: '230'

2020-03-13 13:35:00 - [MESSAGE][PASSED] - Object 'Object Repository/ROLES/Create Role/platform/button_Add Account' has attribute 'disabled'

2020-03-13 13:35:00 - [TEST_STEP][PASSED] - click(findTestObject("ROLES/Create Role/platform/label_Account")): Object: 'Object Repository/ROLES/Create Role/platform/label_Account' is clicked on

2020-03-13 13:35:01 - [MESSAGE][PASSED] - Object: 'Object Repository/ROLES/Create Role/platform/label_Account' is clicked on

2020-03-13 13:35:01 - [TEST_STEP][PASSED] - verifyElementNotChecked(findTestObject("ROLES/Create Role/platform/radiobutton_AddAffiliation"), 230): Object 'Object Repository/ROLES/Create Role/platform/radiobutton_AddAffiliation' is not checked

2020-03-13 13:35:01 - [MESSAGE][PASSED] - Object 'Object Repository/ROLES/Create Role/platform/radiobutton_AddAffiliation' is not checked

2020-03-13 13:35:01 - [TEST_STEP][PASSED] - verifyElementChecked(findTestObject("ROLES/Create Role/platform/radiobutton_AddAccount"), 230): Object 'Object Repository/ROLES/Create Role/platform/radiobutton_AddAccount' is checked

2020-03-13 13:35:02 - [MESSAGE][PASSED] - Object 'Object Repository/ROLES/Create Role/platform/radiobutton_AddAccount' is checked

2020-03-13 13:35:02 - [TEST_STEP][PASSED] - verifyElementNotHasAttribute(findTestObject("ROLES/Create Role/platform/searchbox_account"), findTestData("Roles").getValue(8, 2), 0): Object 'Object Repository/ROLES/Create Role/platform/searchbox_account' does not have attribute 'disabled'

2020-03-13 13:35:02 - [MESSAGE][WARNING] - Timeout '0' is invalid. Using default page load timeout: '230'

2020-03-13 13:35:02 - [MESSAGE][PASSED] - Object 'Object Repository/ROLES/Create Role/platform/searchbox_account' does not have attribute 'disabled'

2020-03-13 13:35:02 - [TEST_STEP][PASSED] - verifyElementNotHasAttribute(findTestObject("ROLES/Create Role/platform/dropdown_account"), findTestData("Roles").getValue(8, 2), 0): Object 'Object Repository/ROLES/Create Role/platform/dropdown_account' does not have attribute 'disabled'

2020-03-13 13:35:02 - [MESSAGE][WARNING] - Timeout '0' is invalid. Using default page load timeout: '230'

2020-03-13 13:35:02 - [MESSAGE][PASSED] - Object 'Object Repository/ROLES/Create Role/platform/dropdown_account' does not have attribute 'disabled'

2020-03-13 13:35:02 - [TEST_STEP][PASSED] - verifyElementNotHasAttribute(findTestObject("ROLES/Create Role/platform/button_Add Account"), findTestData("Roles").getValue(8, 2), 0): Object 'Object Repository/ROLES/Create Role/platform/button_Add Account' does not have attribute 'disabled'

2020-03-13 13:35:03 - [MESSAGE][WARNING] - Timeout '0' is invalid. Using default page load timeout: '230'

2020-03-13 13:35:03 - [MESSAGE][PASSED] - Object 'Object Repository/ROLES/Create Role/platform/button_Add Account' does not have attribute 'disabled'

2020-03-13 13:35:03 - [TEST_STEP][PASSED] - sendKeys(findTestObject("ROLES/Create Role/platform/Select_accountPlaceholder"), findTestData("Roles").getValue(7, 1)): Keys 'Toyota' sent to object: 'Object Repository/ROLES/Create Role/platform/Select_accountPlaceholder'

2020-03-13 13:35:03 - [MESSAGE][PASSED] - Keys 'Toyota' sent to object: 'Object Repository/ROLES/Create Role/platform/Select_accountPlaceholder'

2020-03-13 13:35:03 - [TEST_STEP][PASSED] - verifyElementPresent(findTestObject("ROLES/Create Role/platform/account_1st one"), 230): Object 'Object Repository/ROLES/Create Role/platform/account_1st one' is present

2020-03-13 13:35:04 - [MESSAGE][PASSED] - Object 'Object Repository/ROLES/Create Role/platform/account_1st one' is present

2020-03-13 13:35:04 - [TEST_STEP][PASSED] - click(findTestObject("ROLES/Create Role/platform/account_1st one"), CONTINUE_ON_FAILURE): Object: 'Object Repository/ROLES/Create Role/platform/account_1st one' is clicked on

2020-03-13 13:35:05 - [MESSAGE][PASSED] - Object: 'Object Repository/ROLES/Create Role/platform/account_1st one' is clicked on

2020-03-13 13:35:05 - [TEST_STEP][PASSED] - click(findTestObject("ROLES/Create Role/platform/button_Add Account")): Object: 'Object Repository/ROLES/Create Role/platform/button_Add Account' is clicked on

2020-03-13 13:35:05 - [MESSAGE][PASSED] - Object: 'Object Repository/ROLES/Create Role/platform/button_Add Account' is clicked on

2020-03-13 13:35:05 - [TEST_STEP][PASSED] - delay(2): Delayed 2 second(s)

2020-03-13 13:35:07 - [MESSAGE][PASSED] - Delayed 2 second(s)

2020-03-13 13:35:07 - [TEST_STEP][PASSED] - verifyElementPresent(findTestObject("ROLES/Create Role/platform/account_Toyoto_added"), 0): Object 'Object Repository/ROLES/Create Role/platform/account_Toyoto_added' is present

2020-03-13 13:35:07 - [MESSAGE][WARNING] - Timeout '0' is invalid. Using default page load timeout: '230'

2020-03-13 13:35:08 - [MESSAGE][PASSED] - Object 'Object Repository/ROLES/Create Role/platform/account_Toyoto_added' is present

2020-03-13 13:35:08 - [TEST_STEP][PASSED] - verifyElementPresent(findTestObject("ROLES/Create Role/platform/delete icon_platform tab"), 0): Object 'Object Repository/ROLES/Create Role/platform/delete icon_platform tab' is present

2020-03-13 13:35:08 - [MESSAGE][WARNING] - Timeout '0' is invalid. Using default page load timeout: '230'

2020-03-13 13:35:08 - [MESSAGE][PASSED] - Object 'Object Repository/ROLES/Create Role/platform/delete icon_platform tab' is present

2020-03-13 13:35:08 - [TEST_STEP][PASSED] - click(findTestObject("ROLES/Create Role/platform 2/delete icon_affiliation")): Object: 'Object Repository/ROLES/Create Role/platform 2/delete icon_affiliation' is clicked on

2020-03-13 13:35:08 - [MESSAGE][PASSED] - Object: 'Object Repository/ROLES/Create Role/platform 2/delete icon_affiliation' is clicked on

2020-03-13 13:35:08 - [TEST_STEP][PASSED] - delay(2): Delayed 2 second(s)

2020-03-13 13:35:10 - [MESSAGE][PASSED] - Delayed 2 second(s)

2020-03-13 13:35:10 - [TEST_STEP][PASSED] - verifyElementNotPresent(findTestObject("ROLES/Create Role/platform/account_Toyoto_added"), 0): Web element with id: 'Object Repository/ROLES/Create Role/platform/account_Toyoto_added' located by 'By.xpath: //div[@style='display: -webkit-inline-box;']' is not present after '230' second(s)

2020-03-13 13:35:10 - [MESSAGE][WARNING] - Timeout '0' is invalid. Using default page load timeout: '230'

2020-03-13 13:35:11 - [MESSAGE][PASSED] - Web element with id: 'Object Repository/ROLES/Create Role/platform/account_Toyoto_added' located by 'By.xpath: //div[@style='display: -webkit-inline-box;']' is not present after '230' second(s)

2020-03-13 13:35:11 - [TEST_STEP][PASSED] - click(findTestObject("ROLES/Create Role/platform/label_All Accounts")): Object: 'Object Repository/ROLES/Create Role/platform/label_All Accounts' is clicked on

2020-03-13 13:35:11 - [MESSAGE][PASSED] - Object: 'Object Repository/ROLES/Create Role/platform/label_All Accounts' is clicked on

2020-03-13 13:35:11 - [TEST_STEP][PASSED] - click(findTestObject("ROLES/Create Role/platform/label_Account")): Object: 'Object Repository/ROLES/Create Role/platform/label_Account' is clicked on

2020-03-13 13:35:12 - [MESSAGE][PASSED] - Object: 'Object Repository/ROLES/Create Role/platform/label_Account' is clicked on

2020-03-13 13:35:12 - [TEST_STEP][PASSED] - sendKeys(findTestObject("ROLES/Create Role/platform/Select_accountPlaceholder"), findTestData("Roles").getValue(7, 2)): Keys 'Totient' sent to object: 'Object Repository/ROLES/Create Role/platform/Select_accountPlaceholder'

2020-03-13 13:35:12 - [MESSAGE][PASSED] - Keys 'Totient' sent to object: 'Object Repository/ROLES/Create Role/platform/Select_accountPlaceholder'

2020-03-13 13:35:12 - [TEST_STEP][PASSED] - verifyElementNotPresent(findTestObject("ROLES/Create Role/platform/Results_search text field"), 230): Web element with id: 'Object Repository/ROLES/Create Role/platform/Results_search text field' located by 'By.xpath: //li[text()='Results']' is not present after '230' second(s)

2020-03-13 13:35:13 - [MESSAGE][PASSED] - Web element with id: 'Object Repository/ROLES/Create Role/platform/Results_search text field' located by 'By.xpath: //li[text()='Results']' is not present after '230' second(s)

2020-03-13 13:35:13 - [TEST_STEP][PASSED] - click(findTestObject("ROLES/Create Role/platform/label_All Accounts")): Object: 'Object Repository/ROLES/Create Role/platform/label_All Accounts' is clicked on

2020-03-13 13:35:14 - [MESSAGE][PASSED] - Object: 'Object Repository/ROLES/Create Role/platform/label_All Accounts' is clicked on

2020-03-13 13:35:14 - [TEST_STEP][PASSED] - click(findTestObject("ROLES/Create Role/platform/label_Account")): Object: 'Object Repository/ROLES/Create Role/platform/label_Account' is clicked on

2020-03-13 13:35:14 - [MESSAGE][PASSED] - Object: 'Object Repository/ROLES/Create Role/platform/label_Account' is clicked on

2020-03-13 13:35:14 - [TEST_STEP][NOT_RUN] - sendKeys(findTestObject("ROLES/Create Role/platform/Select_accountPlaceholder"), findTestData("Roles").getValue(5, 1)): NOT_RUN: sendKeys(findTestObject("ROLES/Create Role/platform/Select_accountPlaceholder"), findTestData("Roles").getValue(5, 1))

2020-03-13 13:35:14 - [MESSAGE][NOT_RUN] - NOT_RUN: sendKeys(findTestObject("ROLES/Create Role/platform/Select_accountPlaceholder"), findTestData("Roles").getValue(5, 1))

2020-03-13 13:35:14 - [TEST_STEP][NOT_RUN] - click(findTestObject("ROLES/Create Role/platform/account_1st one"), CONTINUE_ON_FAILURE): NOT_RUN: click(findTestObject("ROLES/Create Role/platform/account_1st one"), CONTINUE_ON_FAILURE)

2020-03-13 13:35:14 - [MESSAGE][NOT_RUN] - NOT_RUN: click(findTestObject("ROLES/Create Role/platform/account_1st one"), CONTINUE_ON_FAILURE)

2020-03-13 13:35:14 - [TEST_STEP][NOT_RUN] - verifyElementAttributeValue(findTestObject("ROLES/Create Role/platform/Select_accountPlaceholder"), findTestData("Roles").getValue(1, 1), findTestData("Roles").getValue(5, 1), 230): NOT_RUN: verifyElementAttributeValue(findTestObject("ROLES/Create Role/platform/Select_accountPlaceholder"), findTestData("Roles").getValue(1, 1), findTestData("Roles").getValue(5, 1), 230)

2020-03-13 13:35:14 - [MESSAGE][NOT_RUN] - NOT_RUN: verifyElementAttributeValue(findTestObject("ROLES/Create Role/platform/Select_accountPlaceholder"), findTestData("Roles").getValue(1, 1), findTestData("Roles").getValue(5, 1), 230)

2020-03-13 13:35:14 - [TEST_STEP][PASSED] - click(findTestObject("ROLES/Create Role/platform/dropdown_account")): Object: 'Object Repository/ROLES/Create Role/platform/dropdown_account' is clicked on

2020-03-13 13:35:15 - [MESSAGE][PASSED] - Object: 'Object Repository/ROLES/Create Role/platform/dropdown_account' is clicked on

2020-03-13 13:35:15 - [TEST_STEP][PASSED] - verifyElementPresent(findTestObject("ROLES/Create Role/platform/Results_search text field"), 0): Object 'Object Repository/ROLES/Create Role/platform/Results_search text field' is present

2020-03-13 13:35:15 - [MESSAGE][WARNING] - Timeout '0' is invalid. Using default page load timeout: '230'

2020-03-13 13:35:15 - [MESSAGE][PASSED] - Object 'Object Repository/ROLES/Create Role/platform/Results_search text field' is present

2020-03-13 13:35:15 - [TEST_STEP][PASSED] - click(findTestObject("ROLES/Create Role/platform/account_1st one"), CONTINUE_ON_FAILURE): Object: 'Object Repository/ROLES/Create Role/platform/account_1st one' is clicked on

2020-03-13 13:35:16 - [MESSAGE][PASSED] - Object: 'Object Repository/ROLES/Create Role/platform/account_1st one' is clicked on

2020-03-13 13:35:16 - [TEST_STEP][PASSED] - click(findTestObject("ROLES/Create Role/platform/button_Add Account")): Object: 'Object Repository/ROLES/Create Role/platform/button_Add Account' is clicked on

2020-03-13 13:35:16 - [MESSAGE][PASSED] - Object: 'Object Repository/ROLES/Create Role/platform/button_Add Account' is clicked on

2020-03-13 13:35:16 - [TEST_STEP][PASSED] - delay(2): Delayed 2 second(s)

2020-03-13 13:35:18 - [MESSAGE][PASSED] - Delayed 2 second(s)

2020-03-13 13:35:18 - [TEST_STEP][PASSED] - verifyElementPresent(findTestObject("ROLES/Create Role/platform/account_Toyoto_added"), 0): Object 'Object Repository/ROLES/Create Role/platform/account_Toyoto_added' is present

2020-03-13 13:35:18 - [MESSAGE][WARNING] - Timeout '0' is invalid. Using default page load timeout: '230'

2020-03-13 13:35:18 - [MESSAGE][PASSED] - Object 'Object Repository/ROLES/Create Role/platform/account_Toyoto_added' is present

2020-03-13 13:35:18 - [TEST_STEP][PASSED] - verifyElementPresent(findTestObject("ROLES/Create Role/platform/delete icon_platform tab"), 0): Object 'Object Repository/ROLES/Create Role/platform/delete icon_platform tab' is present

2020-03-13 13:35:18 - [MESSAGE][WARNING] - Timeout '0' is invalid. Using default page load timeout: '230'

2020-03-13 13:35:19 - [MESSAGE][PASSED] - Object 'Object Repository/ROLES/Create Role/platform/delete icon_platform tab' is present

2020-03-13 13:35:19 - [TEST_STEP][PASSED] - click(findTestObject("ROLES/Create Role/platform/delete icon_platform tab")): Object: 'Object Repository/ROLES/Create Role/platform/delete icon_platform tab' is clicked on

2020-03-13 13:35:19 - [MESSAGE][PASSED] - Object: 'Object Repository/ROLES/Create Role/platform/delete icon_platform tab' is clicked on

2020-03-13 13:35:19 - [TEST_STEP][PASSED] - verifyElementNotPresent(findTestObject("ROLES/Create Role/platform/account_Toyoto_added"), 0): Web element with id: 'Object Repository/ROLES/Create Role/platform/account_Toyoto_added' located by 'By.xpath: //div[@style='display: -webkit-inline-box;']' is not present after '230' second(s)

2020-03-13 13:35:19 - [MESSAGE][WARNING] - Timeout '0' is invalid. Using default page load timeout: '230'

2020-03-13 13:35:20 - [MESSAGE][PASSED] - Web element with id: 'Object Repository/ROLES/Create Role/platform/account_Toyoto_added' located by 'By.xpath: //div[@style='display: -webkit-inline-box;']' is not present after '230' second(s)

2020-03-13 13:35:20 - [TEST_STEP][PASSED] - click(findTestObject("ROLES/Create Role/platform/label_All Accounts")): Object: 'Object Repository/ROLES/Create Role/platform/label_All Accounts' is clicked on

2020-03-13 13:35:20 - [MESSAGE][PASSED] - Object: 'Object Repository/ROLES/Create Role/platform/label_All Accounts' is clicked on

2020-03-13 13:35:20 - [TEST_STEP][NOT_RUN] - verifyElementPresent(findTestObject("ROLES/Create Role/platform/tickMark_Platform"), 0): NOT_RUN: verifyElementPresent(findTestObject("ROLES/Create Role/platform/tickMark_Platform"), 0)

2020-03-13 13:35:20 - [MESSAGE][NOT_RUN] - NOT_RUN: verifyElementPresent(findTestObject("ROLES/Create Role/platform/tickMark_Platform"), 0)

2020-03-13 13:35:20 - [TEST_STEP][PASSED] - Start listener action : sampleAfterTestCase: null

2020-03-13 13:35:20 - [TEST_STEP][PASSED] - println(testCaseContext.getTestCaseId()): null

2020-03-13 13:35:20 - [TEST_STEP][PASSED] - println(testCaseContext.getTestCaseStatus()): null

2020-03-13 13:35:20 - [TEST_STEP][PASSED] - println("On Failure Method is Calling : " + testCaseContext.getTestCaseStatus()): null

2020-03-13 13:35:20 - [TEST_STEP][PASSED] - if (!(getTestCaseStatus().equalsIgnoreCase("PASSED"))): null]]></system-out>
         <system-err><![CDATA[]]></system-err>
      </testcase>
      <testcase name="Test Cases/Atlas Platform/Configuration Management/Platform Management/ROLES/Create Role/Validate presence of all the Elements in Creating Role/CR03 Verify Content Features tab in New Role page" time="17.567" classname="Test Cases/Atlas Platform/Configuration Management/Platform Management/ROLES/Create Role/Validate presence of all the Elements in Creating Role/CR03 Verify Content Features tab in New Role page" status="PASSED">
         <system-out><![CDATA[2020-03-13 13:35:22 - [TEST_CASE][PASSED] - Test Cases/Atlas Platform/Configuration Management/Platform Management/ROLES/Create Role/Validate presence of all the Elements in Creating Role/CR03 Verify Content Features tab in New Role page: Test Cases/Atlas Platform/Configuration Management/Platform Management/ROLES/Create Role/Validate presence of all the Elements in Creating Role/CR03 Verify Content Features tab in New Role page

2020-03-13 13:35:22 - [TEST_STEP][NOT_RUN] - callTestCase(findTestCase("Atlas Platform/Platform Navigation/Login/Default Logins/Default_Login_as_Root Admin"), ["Email":findTestData("AMP_Y").getValue(1, 1), "Password":findTestData("AMP_Y").getValue(2, 1), "dashboard_exp_title":""], CONTINUE_ON_FAILURE): NOT_RUN: callTestCase(findTestCase("Atlas Platform/Platform Navigation/Login/Default Logins/Default_Login_as_Root Admin"), ["Email":findTestData("AMP_Y").getValue(1, 1), "Password":findTestData("AMP_Y").getValue(2, 1), "dashboard_exp_title":""], CONTINUE_ON_FAILURE)

2020-03-13 13:35:22 - [MESSAGE][NOT_RUN] - NOT_RUN: callTestCase(findTestCase("Atlas Platform/Platform Navigation/Login/Default Logins/Default_Login_as_Root Admin"), ["Email":findTestData("AMP_Y").getValue(1, 1), "Password":findTestData("AMP_Y").getValue(2, 1), "dashboard_exp_title":""], CONTINUE_ON_FAILURE)

2020-03-13 13:35:22 - [TEST_STEP][NOT_RUN] - click(findTestObject("ROLES/Role_Navigation/a_ADMIN")): NOT_RUN: click(findTestObject("ROLES/Role_Navigation/a_ADMIN"))

2020-03-13 13:35:22 - [MESSAGE][NOT_RUN] - NOT_RUN: click(findTestObject("ROLES/Role_Navigation/a_ADMIN"))

2020-03-13 13:35:22 - [TEST_STEP][NOT_RUN] - click(findTestObject("ROLES/Roles_page/Create Role_button")): NOT_RUN: click(findTestObject("ROLES/Roles_page/Create Role_button"))

2020-03-13 13:35:22 - [MESSAGE][NOT_RUN] - NOT_RUN: click(findTestObject("ROLES/Roles_page/Create Role_button"))

2020-03-13 13:35:22 - [TEST_STEP][PASSED] - click(findTestObject("ROLES/Create Role/New Role_page/a_Content Features")): Object: 'Object Repository/ROLES/Create Role/New Role_page/a_Content Features' is clicked on

2020-03-13 13:35:23 - [MESSAGE][PASSED] - Object: 'Object Repository/ROLES/Create Role/New Role_page/a_Content Features' is clicked on

2020-03-13 13:35:23 - [TEST_STEP][PASSED] - verifyElementPresent(findTestObject("ROLES/Create Role/Content Features/h2_Content Features"), 0): Object 'Object Repository/ROLES/Create Role/Content Features/h2_Content Features' is present

2020-03-13 13:35:23 - [MESSAGE][WARNING] - Timeout '0' is invalid. Using default page load timeout: '230'

2020-03-13 13:35:24 - [MESSAGE][PASSED] - Object 'Object Repository/ROLES/Create Role/Content Features/h2_Content Features' is present

2020-03-13 13:35:24 - [TEST_STEP][PASSED] - verifyElementPresent(findTestObject("ROLES/Create Role/Content Features/label_Template Library"), 0): Object 'Object Repository/ROLES/Create Role/Content Features/label_Template Library' is present

2020-03-13 13:35:24 - [MESSAGE][WARNING] - Timeout '0' is invalid. Using default page load timeout: '230'

2020-03-13 13:35:25 - [MESSAGE][PASSED] - Object 'Object Repository/ROLES/Create Role/Content Features/label_Template Library' is present

2020-03-13 13:35:25 - [TEST_STEP][PASSED] - verifyElementPresent(findTestObject("ROLES/Create Role/Content Features/label_Image Library"), 0): Object 'Object Repository/ROLES/Create Role/Content Features/label_Image Library' is present

2020-03-13 13:35:25 - [MESSAGE][WARNING] - Timeout '0' is invalid. Using default page load timeout: '230'

2020-03-13 13:35:25 - [MESSAGE][PASSED] - Object 'Object Repository/ROLES/Create Role/Content Features/label_Image Library' is present

2020-03-13 13:35:25 - [TEST_STEP][PASSED] - verifyElementPresent(findTestObject("ROLES/Create Role/Content Features/label_Access Library"), 0): Object 'Object Repository/ROLES/Create Role/Content Features/label_Access Library' is present

2020-03-13 13:35:25 - [MESSAGE][WARNING] - Timeout '0' is invalid. Using default page load timeout: '230'

2020-03-13 13:35:25 - [MESSAGE][PASSED] - Object 'Object Repository/ROLES/Create Role/Content Features/label_Access Library' is present

2020-03-13 13:35:25 - [TEST_STEP][PASSED] - verifyElementPresent(findTestObject("ROLES/Create Role/Content Features/label_Content Block Library"), 0): Object 'Object Repository/ROLES/Create Role/Content Features/label_Content Block Library' is present

2020-03-13 13:35:25 - [MESSAGE][WARNING] - Timeout '0' is invalid. Using default page load timeout: '230'

2020-03-13 13:35:26 - [MESSAGE][PASSED] - Object 'Object Repository/ROLES/Create Role/Content Features/label_Content Block Library' is present

2020-03-13 13:35:26 - [TEST_STEP][PASSED] - verifyElementPresent(findTestObject("ROLES/Create Role/Content Features/label_Offer Library"), 0): Object 'Object Repository/ROLES/Create Role/Content Features/label_Offer Library' is present

2020-03-13 13:35:26 - [MESSAGE][WARNING] - Timeout '0' is invalid. Using default page load timeout: '230'

2020-03-13 13:35:26 - [MESSAGE][PASSED] - Object 'Object Repository/ROLES/Create Role/Content Features/label_Offer Library' is present

2020-03-13 13:35:26 - [TEST_STEP][PASSED] - verifyElementPresent(findTestObject("ROLES/Create Role/Content Features/Access_radioButton/Template_All Access"), 0): Object 'Object Repository/ROLES/Create Role/Content Features/Access_radioButton/Template_All Access' is present

2020-03-13 13:35:26 - [MESSAGE][WARNING] - Timeout '0' is invalid. Using default page load timeout: '230'

2020-03-13 13:35:26 - [MESSAGE][PASSED] - Object 'Object Repository/ROLES/Create Role/Content Features/Access_radioButton/Template_All Access' is present

2020-03-13 13:35:26 - [TEST_STEP][PASSED] - verifyElementPresent(findTestObject("ROLES/Create Role/Content Features/Access_radioButton/Template_Read Only"), 0): Object 'Object Repository/ROLES/Create Role/Content Features/Access_radioButton/Template_Read Only' is present

2020-03-13 13:35:26 - [MESSAGE][WARNING] - Timeout '0' is invalid. Using default page load timeout: '230'

2020-03-13 13:35:27 - [MESSAGE][PASSED] - Object 'Object Repository/ROLES/Create Role/Content Features/Access_radioButton/Template_Read Only' is present

2020-03-13 13:35:27 - [TEST_STEP][PASSED] - verifyElementPresent(findTestObject("ROLES/Create Role/Content Features/Access_radioButton/Template_No Access"), 0): Object 'Object Repository/ROLES/Create Role/Content Features/Access_radioButton/Template_No Access' is present

2020-03-13 13:35:27 - [MESSAGE][WARNING] - Timeout '0' is invalid. Using default page load timeout: '230'

2020-03-13 13:35:27 - [MESSAGE][PASSED] - Object 'Object Repository/ROLES/Create Role/Content Features/Access_radioButton/Template_No Access' is present

2020-03-13 13:35:27 - [TEST_STEP][PASSED] - verifyElementChecked(findTestObject("ROLES/Create Role/Content Features/Access_radioButton/Template_No Access"), 0): Object 'Object Repository/ROLES/Create Role/Content Features/Access_radioButton/Template_No Access' is checked

2020-03-13 13:35:27 - [MESSAGE][WARNING] - Timeout '0' is invalid. Using default page load timeout: '230'

2020-03-13 13:35:27 - [MESSAGE][PASSED] - Object 'Object Repository/ROLES/Create Role/Content Features/Access_radioButton/Template_No Access' is checked

2020-03-13 13:35:27 - [TEST_STEP][PASSED] - verifyElementPresent(findTestObject("ROLES/Create Role/Content Features/Access_radioButton/Image_All Access"), 0): Object 'Object Repository/ROLES/Create Role/Content Features/Access_radioButton/Image_All Access' is present

2020-03-13 13:35:27 - [MESSAGE][WARNING] - Timeout '0' is invalid. Using default page load timeout: '230'

2020-03-13 13:35:27 - [MESSAGE][PASSED] - Object 'Object Repository/ROLES/Create Role/Content Features/Access_radioButton/Image_All Access' is present

2020-03-13 13:35:27 - [TEST_STEP][PASSED] - verifyElementPresent(findTestObject("ROLES/Create Role/Content Features/Access_radioButton/Image_Read Only"), 0): Object 'Object Repository/ROLES/Create Role/Content Features/Access_radioButton/Image_Read Only' is present

2020-03-13 13:35:28 - [MESSAGE][WARNING] - Timeout '0' is invalid. Using default page load timeout: '230'

2020-03-13 13:35:28 - [MESSAGE][PASSED] - Object 'Object Repository/ROLES/Create Role/Content Features/Access_radioButton/Image_Read Only' is present

2020-03-13 13:35:28 - [TEST_STEP][PASSED] - verifyElementPresent(findTestObject("ROLES/Create Role/Content Features/Access_radioButton/Image_No Access"), 0): Object 'Object Repository/ROLES/Create Role/Content Features/Access_radioButton/Image_No Access' is present

2020-03-13 13:35:28 - [MESSAGE][WARNING] - Timeout '0' is invalid. Using default page load timeout: '230'

2020-03-13 13:35:28 - [MESSAGE][PASSED] - Object 'Object Repository/ROLES/Create Role/Content Features/Access_radioButton/Image_No Access' is present

2020-03-13 13:35:28 - [TEST_STEP][PASSED] - verifyElementChecked(findTestObject("ROLES/Create Role/Content Features/Access_radioButton/Image_No Access"), 0): Object 'Object Repository/ROLES/Create Role/Content Features/Access_radioButton/Image_No Access' is checked

2020-03-13 13:35:28 - [MESSAGE][WARNING] - Timeout '0' is invalid. Using default page load timeout: '230'

2020-03-13 13:35:28 - [MESSAGE][PASSED] - Object 'Object Repository/ROLES/Create Role/Content Features/Access_radioButton/Image_No Access' is checked

2020-03-13 13:35:28 - [TEST_STEP][PASSED] - verifyElementPresent(findTestObject("ROLES/Create Role/Content Features/Access_radioButton/Asset_All Access"), 0): Object 'Object Repository/ROLES/Create Role/Content Features/Access_radioButton/Asset_All Access' is present

2020-03-13 13:35:29 - [MESSAGE][WARNING] - Timeout '0' is invalid. Using default page load timeout: '230'

2020-03-13 13:35:29 - [MESSAGE][PASSED] - Object 'Object Repository/ROLES/Create Role/Content Features/Access_radioButton/Asset_All Access' is present

2020-03-13 13:35:29 - [TEST_STEP][PASSED] - verifyElementPresent(findTestObject("ROLES/Create Role/Content Features/Access_radioButton/Asset_Read Only"), 0): Object 'Object Repository/ROLES/Create Role/Content Features/Access_radioButton/Asset_Read Only' is present

2020-03-13 13:35:29 - [MESSAGE][WARNING] - Timeout '0' is invalid. Using default page load timeout: '230'

2020-03-13 13:35:29 - [MESSAGE][PASSED] - Object 'Object Repository/ROLES/Create Role/Content Features/Access_radioButton/Asset_Read Only' is present

2020-03-13 13:35:29 - [TEST_STEP][PASSED] - verifyElementPresent(findTestObject("ROLES/Create Role/Content Features/Access_radioButton/Asset_No Access"), 0): Object 'Object Repository/ROLES/Create Role/Content Features/Access_radioButton/Asset_No Access' is present

2020-03-13 13:35:29 - [MESSAGE][WARNING] - Timeout '0' is invalid. Using default page load timeout: '230'

2020-03-13 13:35:30 - [MESSAGE][PASSED] - Object 'Object Repository/ROLES/Create Role/Content Features/Access_radioButton/Asset_No Access' is present

2020-03-13 13:35:30 - [TEST_STEP][PASSED] - verifyElementChecked(findTestObject("ROLES/Create Role/Content Features/Access_radioButton/Asset_No Access"), 0): Object 'Object Repository/ROLES/Create Role/Content Features/Access_radioButton/Asset_No Access' is checked

2020-03-13 13:35:30 - [MESSAGE][WARNING] - Timeout '0' is invalid. Using default page load timeout: '230'

2020-03-13 13:35:30 - [MESSAGE][PASSED] - Object 'Object Repository/ROLES/Create Role/Content Features/Access_radioButton/Asset_No Access' is checked

2020-03-13 13:35:30 - [TEST_STEP][PASSED] - verifyElementPresent(findTestObject("ROLES/Create Role/Content Features/Access_radioButton/Content_All Access"), 0): Object 'Object Repository/ROLES/Create Role/Content Features/Access_radioButton/Content_All Access' is present

2020-03-13 13:35:30 - [MESSAGE][WARNING] - Timeout '0' is invalid. Using default page load timeout: '230'

2020-03-13 13:35:30 - [MESSAGE][PASSED] - Object 'Object Repository/ROLES/Create Role/Content Features/Access_radioButton/Content_All Access' is present

2020-03-13 13:35:30 - [TEST_STEP][PASSED] - verifyElementPresent(findTestObject("ROLES/Create Role/Content Features/Access_radioButton/Content_Read Only"), 0): Object 'Object Repository/ROLES/Create Role/Content Features/Access_radioButton/Content_Read Only' is present

2020-03-13 13:35:30 - [MESSAGE][WARNING] - Timeout '0' is invalid. Using default page load timeout: '230'

2020-03-13 13:35:30 - [MESSAGE][PASSED] - Object 'Object Repository/ROLES/Create Role/Content Features/Access_radioButton/Content_Read Only' is present

2020-03-13 13:35:30 - [TEST_STEP][PASSED] - verifyElementPresent(findTestObject("ROLES/Create Role/Content Features/Access_radioButton/Content_No Access"), 0): Object 'Object Repository/ROLES/Create Role/Content Features/Access_radioButton/Content_No Access' is present

2020-03-13 13:35:31 - [MESSAGE][WARNING] - Timeout '0' is invalid. Using default page load timeout: '230'

2020-03-13 13:35:31 - [MESSAGE][PASSED] - Object 'Object Repository/ROLES/Create Role/Content Features/Access_radioButton/Content_No Access' is present

2020-03-13 13:35:31 - [TEST_STEP][PASSED] - verifyElementChecked(findTestObject("ROLES/Create Role/Content Features/Access_radioButton/Content_No Access"), 0): Object 'Object Repository/ROLES/Create Role/Content Features/Access_radioButton/Content_No Access' is checked

2020-03-13 13:35:31 - [MESSAGE][WARNING] - Timeout '0' is invalid. Using default page load timeout: '230'

2020-03-13 13:35:31 - [MESSAGE][PASSED] - Object 'Object Repository/ROLES/Create Role/Content Features/Access_radioButton/Content_No Access' is checked

2020-03-13 13:35:31 - [TEST_STEP][PASSED] - verifyElementPresent(findTestObject("ROLES/Create Role/Content Features/Access_radioButton/Offer_All Access"), 0): Object 'Object Repository/ROLES/Create Role/Content Features/Access_radioButton/Offer_All Access' is present

2020-03-13 13:35:31 - [MESSAGE][WARNING] - Timeout '0' is invalid. Using default page load timeout: '230'

2020-03-13 13:35:31 - [MESSAGE][PASSED] - Object 'Object Repository/ROLES/Create Role/Content Features/Access_radioButton/Offer_All Access' is present

2020-03-13 13:35:31 - [TEST_STEP][PASSED] - verifyElementPresent(findTestObject("ROLES/Create Role/Content Features/Access_radioButton/Offer_Read Only"), 0): Object 'Object Repository/ROLES/Create Role/Content Features/Access_radioButton/Offer_Read Only' is present

2020-03-13 13:35:32 - [MESSAGE][WARNING] - Timeout '0' is invalid. Using default page load timeout: '230'

2020-03-13 13:35:32 - [MESSAGE][PASSED] - Object 'Object Repository/ROLES/Create Role/Content Features/Access_radioButton/Offer_Read Only' is present

2020-03-13 13:35:32 - [TEST_STEP][PASSED] - verifyElementPresent(findTestObject("ROLES/Create Role/Content Features/Access_radioButton/Offer_No Access"), 0): Object 'Object Repository/ROLES/Create Role/Content Features/Access_radioButton/Offer_No Access' is present

2020-03-13 13:35:32 - [MESSAGE][WARNING] - Timeout '0' is invalid. Using default page load timeout: '230'

2020-03-13 13:35:32 - [MESSAGE][PASSED] - Object 'Object Repository/ROLES/Create Role/Content Features/Access_radioButton/Offer_No Access' is present

2020-03-13 13:35:32 - [TEST_STEP][PASSED] - verifyElementChecked(findTestObject("ROLES/Create Role/Content Features/Access_radioButton/Offer_No Access"), 0): Object 'Object Repository/ROLES/Create Role/Content Features/Access_radioButton/Offer_No Access' is checked

2020-03-13 13:35:32 - [MESSAGE][WARNING] - Timeout '0' is invalid. Using default page load timeout: '230'

2020-03-13 13:35:32 - [MESSAGE][PASSED] - Object 'Object Repository/ROLES/Create Role/Content Features/Access_radioButton/Offer_No Access' is checked

2020-03-13 13:35:32 - [TEST_STEP][PASSED] - verifyElementPresent(findTestObject("ROLES/Create Role/Content Features/Access_labels/Template_All Access"), 0): Object 'Object Repository/ROLES/Create Role/Content Features/Access_labels/Template_All Access' is present

2020-03-13 13:35:33 - [MESSAGE][WARNING] - Timeout '0' is invalid. Using default page load timeout: '230'

2020-03-13 13:35:33 - [MESSAGE][PASSED] - Object 'Object Repository/ROLES/Create Role/Content Features/Access_labels/Template_All Access' is present

2020-03-13 13:35:33 - [TEST_STEP][PASSED] - verifyElementPresent(findTestObject("ROLES/Create Role/Content Features/Access_labels/Template_Read Only"), 0): Object 'Object Repository/ROLES/Create Role/Content Features/Access_labels/Template_Read Only' is present

2020-03-13 13:35:33 - [MESSAGE][WARNING] - Timeout '0' is invalid. Using default page load timeout: '230'

2020-03-13 13:35:33 - [MESSAGE][PASSED] - Object 'Object Repository/ROLES/Create Role/Content Features/Access_labels/Template_Read Only' is present

2020-03-13 13:35:33 - [TEST_STEP][PASSED] - verifyElementPresent(findTestObject("ROLES/Create Role/Content Features/Access_labels/Template_No Access"), 0): Object 'Object Repository/ROLES/Create Role/Content Features/Access_labels/Template_No Access' is present

2020-03-13 13:35:33 - [MESSAGE][WARNING] - Timeout '0' is invalid. Using default page load timeout: '230'

2020-03-13 13:35:33 - [MESSAGE][PASSED] - Object 'Object Repository/ROLES/Create Role/Content Features/Access_labels/Template_No Access' is present

2020-03-13 13:35:33 - [TEST_STEP][PASSED] - verifyElementPresent(findTestObject("ROLES/Create Role/Content Features/Access_labels/Image_All Access"), 0): Object 'Object Repository/ROLES/Create Role/Content Features/Access_labels/Image_All Access' is present

2020-03-13 13:35:34 - [MESSAGE][WARNING] - Timeout '0' is invalid. Using default page load timeout: '230'

2020-03-13 13:35:34 - [MESSAGE][PASSED] - Object 'Object Repository/ROLES/Create Role/Content Features/Access_labels/Image_All Access' is present

2020-03-13 13:35:34 - [TEST_STEP][PASSED] - verifyElementPresent(findTestObject("ROLES/Create Role/Content Features/Access_labels/Image_Read Only"), 0): Object 'Object Repository/ROLES/Create Role/Content Features/Access_labels/Image_Read Only' is present

2020-03-13 13:35:34 - [MESSAGE][WARNING] - Timeout '0' is invalid. Using default page load timeout: '230'

2020-03-13 13:35:34 - [MESSAGE][PASSED] - Object 'Object Repository/ROLES/Create Role/Content Features/Access_labels/Image_Read Only' is present

2020-03-13 13:35:34 - [TEST_STEP][PASSED] - verifyElementPresent(findTestObject("ROLES/Create Role/Content Features/Access_labels/Image_No Access"), 0): Object 'Object Repository/ROLES/Create Role/Content Features/Access_labels/Image_No Access' is present

2020-03-13 13:35:34 - [MESSAGE][WARNING] - Timeout '0' is invalid. Using default page load timeout: '230'

2020-03-13 13:35:35 - [MESSAGE][PASSED] - Object 'Object Repository/ROLES/Create Role/Content Features/Access_labels/Image_No Access' is present

2020-03-13 13:35:35 - [TEST_STEP][PASSED] - verifyElementPresent(findTestObject("ROLES/Create Role/Content Features/Access_labels/Asset_All Access"), 0): Object 'Object Repository/ROLES/Create Role/Content Features/Access_labels/Asset_All Access' is present

2020-03-13 13:35:35 - [MESSAGE][WARNING] - Timeout '0' is invalid. Using default page load timeout: '230'

2020-03-13 13:35:35 - [MESSAGE][PASSED] - Object 'Object Repository/ROLES/Create Role/Content Features/Access_labels/Asset_All Access' is present

2020-03-13 13:35:35 - [TEST_STEP][PASSED] - verifyElementPresent(findTestObject("ROLES/Create Role/Content Features/Access_labels/Asset_Read Only"), 0): Object 'Object Repository/ROLES/Create Role/Content Features/Access_labels/Asset_Read Only' is present

2020-03-13 13:35:35 - [MESSAGE][WARNING] - Timeout '0' is invalid. Using default page load timeout: '230'

2020-03-13 13:35:35 - [MESSAGE][PASSED] - Object 'Object Repository/ROLES/Create Role/Content Features/Access_labels/Asset_Read Only' is present

2020-03-13 13:35:35 - [TEST_STEP][PASSED] - verifyElementPresent(findTestObject("ROLES/Create Role/Content Features/Access_labels/Asset_No Access"), 0): Object 'Object Repository/ROLES/Create Role/Content Features/Access_labels/Asset_No Access' is present

2020-03-13 13:35:35 - [MESSAGE][WARNING] - Timeout '0' is invalid. Using default page load timeout: '230'

2020-03-13 13:35:36 - [MESSAGE][PASSED] - Object 'Object Repository/ROLES/Create Role/Content Features/Access_labels/Asset_No Access' is present

2020-03-13 13:35:36 - [TEST_STEP][PASSED] - verifyElementPresent(findTestObject("ROLES/Create Role/Content Features/Access_labels/Content_All Access"), 0): Object 'Object Repository/ROLES/Create Role/Content Features/Access_labels/Content_All Access' is present

2020-03-13 13:35:36 - [MESSAGE][WARNING] - Timeout '0' is invalid. Using default page load timeout: '230'

2020-03-13 13:35:36 - [MESSAGE][PASSED] - Object 'Object Repository/ROLES/Create Role/Content Features/Access_labels/Content_All Access' is present

2020-03-13 13:35:36 - [TEST_STEP][PASSED] - verifyElementPresent(findTestObject("ROLES/Create Role/Content Features/Access_labels/Content_Read Only"), 0): Object 'Object Repository/ROLES/Create Role/Content Features/Access_labels/Content_Read Only' is present

2020-03-13 13:35:36 - [MESSAGE][WARNING] - Timeout '0' is invalid. Using default page load timeout: '230'

2020-03-13 13:35:36 - [MESSAGE][PASSED] - Object 'Object Repository/ROLES/Create Role/Content Features/Access_labels/Content_Read Only' is present

2020-03-13 13:35:36 - [TEST_STEP][PASSED] - verifyElementPresent(findTestObject("ROLES/Create Role/Content Features/Access_labels/Content_No Access"), 0): Object 'Object Repository/ROLES/Create Role/Content Features/Access_labels/Content_No Access' is present

2020-03-13 13:35:36 - [MESSAGE][WARNING] - Timeout '0' is invalid. Using default page load timeout: '230'

2020-03-13 13:35:37 - [MESSAGE][PASSED] - Object 'Object Repository/ROLES/Create Role/Content Features/Access_labels/Content_No Access' is present

2020-03-13 13:35:37 - [TEST_STEP][PASSED] - verifyElementPresent(findTestObject("ROLES/Create Role/Content Features/Access_labels/Offer_All Access"), 0): Object 'Object Repository/ROLES/Create Role/Content Features/Access_labels/Offer_All Access' is present

2020-03-13 13:35:37 - [MESSAGE][WARNING] - Timeout '0' is invalid. Using default page load timeout: '230'

2020-03-13 13:35:37 - [MESSAGE][PASSED] - Object 'Object Repository/ROLES/Create Role/Content Features/Access_labels/Offer_All Access' is present

2020-03-13 13:35:37 - [TEST_STEP][PASSED] - verifyElementPresent(findTestObject("ROLES/Create Role/Content Features/Access_labels/Offer_Read Only"), 0): Object 'Object Repository/ROLES/Create Role/Content Features/Access_labels/Offer_Read Only' is present

2020-03-13 13:35:37 - [MESSAGE][WARNING] - Timeout '0' is invalid. Using default page load timeout: '230'

2020-03-13 13:35:37 - [MESSAGE][PASSED] - Object 'Object Repository/ROLES/Create Role/Content Features/Access_labels/Offer_Read Only' is present

2020-03-13 13:35:37 - [TEST_STEP][PASSED] - verifyElementPresent(findTestObject("ROLES/Create Role/Content Features/Access_labels/Offer_No Access"), 0): Object 'Object Repository/ROLES/Create Role/Content Features/Access_labels/Offer_No Access' is present

2020-03-13 13:35:37 - [MESSAGE][WARNING] - Timeout '0' is invalid. Using default page load timeout: '230'

2020-03-13 13:35:37 - [MESSAGE][PASSED] - Object 'Object Repository/ROLES/Create Role/Content Features/Access_labels/Offer_No Access' is present

2020-03-13 13:35:37 - [TEST_STEP][PASSED] - Start listener action : sampleAfterTestCase: null

2020-03-13 13:35:37 - [TEST_STEP][PASSED] - println(testCaseContext.getTestCaseId()): null

2020-03-13 13:35:37 - [TEST_STEP][PASSED] - println(testCaseContext.getTestCaseStatus()): null

2020-03-13 13:35:37 - [TEST_STEP][PASSED] - println("On Failure Method is Calling : " + testCaseContext.getTestCaseStatus()): null

2020-03-13 13:35:37 - [TEST_STEP][PASSED] - if (!(getTestCaseStatus().equalsIgnoreCase("PASSED"))): null]]></system-out>
         <system-err><![CDATA[]]></system-err>
      </testcase>
      <testcase name="Test Cases/Atlas Platform/Configuration Management/Platform Management/ROLES/Create Role/CR03 Validate Elements of Content Features Tab" time="16.096" classname="Test Cases/Atlas Platform/Configuration Management/Platform Management/ROLES/Create Role/CR03 Validate Elements of Content Features Tab" status="PASSED">
         <system-out><![CDATA[2020-03-13 13:35:40 - [TEST_CASE][PASSED] - Test Cases/Atlas Platform/Configuration Management/Platform Management/ROLES/Create Role/CR03 Validate Elements of Content Features Tab: Test Cases/Atlas Platform/Configuration Management/Platform Management/ROLES/Create Role/CR03 Validate Elements of Content Features Tab

2020-03-13 13:35:40 - [TEST_STEP][NOT_RUN] - callTestCase(findTestCase("Atlas Platform/Platform Navigation/Login/Default Logins/Default_Login_as_Root Admin"), ["Email":findTestData("AMP_Y").getValue(1, 1), "Password":findTestData("AMP_Y").getValue(2, 1), "dashboard_exp_title":""], CONTINUE_ON_FAILURE): NOT_RUN: callTestCase(findTestCase("Atlas Platform/Platform Navigation/Login/Default Logins/Default_Login_as_Root Admin"), ["Email":findTestData("AMP_Y").getValue(1, 1), "Password":findTestData("AMP_Y").getValue(2, 1), "dashboard_exp_title":""], CONTINUE_ON_FAILURE)

2020-03-13 13:35:40 - [MESSAGE][NOT_RUN] - NOT_RUN: callTestCase(findTestCase("Atlas Platform/Platform Navigation/Login/Default Logins/Default_Login_as_Root Admin"), ["Email":findTestData("AMP_Y").getValue(1, 1), "Password":findTestData("AMP_Y").getValue(2, 1), "dashboard_exp_title":""], CONTINUE_ON_FAILURE)

2020-03-13 13:35:40 - [TEST_STEP][NOT_RUN] - click(findTestObject("ROLES/Role_Navigation/a_ADMIN")): NOT_RUN: click(findTestObject("ROLES/Role_Navigation/a_ADMIN"))

2020-03-13 13:35:40 - [MESSAGE][NOT_RUN] - NOT_RUN: click(findTestObject("ROLES/Role_Navigation/a_ADMIN"))

2020-03-13 13:35:40 - [TEST_STEP][NOT_RUN] - click(findTestObject("ROLES/Roles_page/Create Role_button")): NOT_RUN: click(findTestObject("ROLES/Roles_page/Create Role_button"))

2020-03-13 13:35:40 - [MESSAGE][NOT_RUN] - NOT_RUN: click(findTestObject("ROLES/Roles_page/Create Role_button"))

2020-03-13 13:35:40 - [TEST_STEP][NOT_RUN] - click(findTestObject("ROLES/Create Role/New Role_page/a_Content Features")): NOT_RUN: click(findTestObject("ROLES/Create Role/New Role_page/a_Content Features"))

2020-03-13 13:35:40 - [MESSAGE][NOT_RUN] - NOT_RUN: click(findTestObject("ROLES/Create Role/New Role_page/a_Content Features"))

2020-03-13 13:35:40 - [TEST_STEP][PASSED] - verifyElementNotPresent(findTestObject("ROLES/Create Role/Content Features/tickMark_ContentFeatures"), 0): Web element with id: 'Object Repository/ROLES/Create Role/Content Features/tickMark_ContentFeatures' located by 'By.xpath: //span[@class='pl-4 clearfix has-icon icon-group icon-group-success position-right']' is not present after '230' second(s)

2020-03-13 13:35:40 - [MESSAGE][WARNING] - Timeout '0' is invalid. Using default page load timeout: '230'

2020-03-13 13:35:41 - [MESSAGE][PASSED] - Web element with id: 'Object Repository/ROLES/Create Role/Content Features/tickMark_ContentFeatures' located by 'By.xpath: //span[@class='pl-4 clearfix has-icon icon-group icon-group-success position-right']' is not present after '230' second(s)

2020-03-13 13:35:41 - [TEST_STEP][PASSED] - verifyElementChecked(findTestObject("ROLES/Create Role/Content Features/Access_radioButton/Asset_No Access"), 230): Object 'Object Repository/ROLES/Create Role/Content Features/Access_radioButton/Asset_No Access' is checked

2020-03-13 13:35:41 - [MESSAGE][PASSED] - Object 'Object Repository/ROLES/Create Role/Content Features/Access_radioButton/Asset_No Access' is checked

2020-03-13 13:35:41 - [TEST_STEP][PASSED] - click(findTestObject("ROLES/Create Role/Content Features/Access_labels/Asset_Read Only")): Object: 'Object Repository/ROLES/Create Role/Content Features/Access_labels/Asset_Read Only' is clicked on

2020-03-13 13:35:41 - [MESSAGE][PASSED] - Object: 'Object Repository/ROLES/Create Role/Content Features/Access_labels/Asset_Read Only' is clicked on

2020-03-13 13:35:41 - [TEST_STEP][PASSED] - verifyElementNotChecked(findTestObject("ROLES/Create Role/Content Features/Access_radioButton/Asset_No Access"), 230): Object 'Object Repository/ROLES/Create Role/Content Features/Access_radioButton/Asset_No Access' is not checked

2020-03-13 13:35:42 - [MESSAGE][PASSED] - Object 'Object Repository/ROLES/Create Role/Content Features/Access_radioButton/Asset_No Access' is not checked

2020-03-13 13:35:42 - [TEST_STEP][PASSED] - verifyElementChecked(findTestObject("ROLES/Create Role/Content Features/Access_radioButton/Asset_Read Only"), 230): Object 'Object Repository/ROLES/Create Role/Content Features/Access_radioButton/Asset_Read Only' is checked

2020-03-13 13:35:42 - [MESSAGE][PASSED] - Object 'Object Repository/ROLES/Create Role/Content Features/Access_radioButton/Asset_Read Only' is checked

2020-03-13 13:35:42 - [TEST_STEP][PASSED] - verifyElementChecked(findTestObject("ROLES/Create Role/Content Features/Access_radioButton/Content_No Access"), 230): Object 'Object Repository/ROLES/Create Role/Content Features/Access_radioButton/Content_No Access' is checked

2020-03-13 13:35:43 - [MESSAGE][PASSED] - Object 'Object Repository/ROLES/Create Role/Content Features/Access_radioButton/Content_No Access' is checked

2020-03-13 13:35:43 - [TEST_STEP][PASSED] - click(findTestObject("ROLES/Create Role/Content Features/Access_labels/Content_Read Only")): Object: 'Object Repository/ROLES/Create Role/Content Features/Access_labels/Content_Read Only' is clicked on

2020-03-13 13:35:43 - [MESSAGE][PASSED] - Object: 'Object Repository/ROLES/Create Role/Content Features/Access_labels/Content_Read Only' is clicked on

2020-03-13 13:35:43 - [TEST_STEP][PASSED] - verifyElementNotChecked(findTestObject("ROLES/Create Role/Content Features/Access_radioButton/Content_No Access"), 230): Object 'Object Repository/ROLES/Create Role/Content Features/Access_radioButton/Content_No Access' is not checked

2020-03-13 13:35:43 - [MESSAGE][PASSED] - Object 'Object Repository/ROLES/Create Role/Content Features/Access_radioButton/Content_No Access' is not checked

2020-03-13 13:35:43 - [TEST_STEP][PASSED] - verifyElementChecked(findTestObject("ROLES/Create Role/Content Features/Access_radioButton/Content_Read Only"), 230): Object 'Object Repository/ROLES/Create Role/Content Features/Access_radioButton/Content_Read Only' is checked

2020-03-13 13:35:44 - [MESSAGE][PASSED] - Object 'Object Repository/ROLES/Create Role/Content Features/Access_radioButton/Content_Read Only' is checked

2020-03-13 13:35:44 - [TEST_STEP][PASSED] - verifyElementChecked(findTestObject("ROLES/Create Role/Content Features/Access_radioButton/Image_No Access"), 230): Object 'Object Repository/ROLES/Create Role/Content Features/Access_radioButton/Image_No Access' is checked

2020-03-13 13:35:44 - [MESSAGE][PASSED] - Object 'Object Repository/ROLES/Create Role/Content Features/Access_radioButton/Image_No Access' is checked

2020-03-13 13:35:44 - [TEST_STEP][PASSED] - click(findTestObject("ROLES/Create Role/Content Features/Access_labels/Image_Read Only")): Object: 'Object Repository/ROLES/Create Role/Content Features/Access_labels/Image_Read Only' is clicked on

2020-03-13 13:35:44 - [MESSAGE][PASSED] - Object: 'Object Repository/ROLES/Create Role/Content Features/Access_labels/Image_Read Only' is clicked on

2020-03-13 13:35:44 - [TEST_STEP][PASSED] - verifyElementNotChecked(findTestObject("ROLES/Create Role/Content Features/Access_radioButton/Image_No Access"), 230): Object 'Object Repository/ROLES/Create Role/Content Features/Access_radioButton/Image_No Access' is not checked

2020-03-13 13:35:45 - [MESSAGE][PASSED] - Object 'Object Repository/ROLES/Create Role/Content Features/Access_radioButton/Image_No Access' is not checked

2020-03-13 13:35:45 - [TEST_STEP][PASSED] - verifyElementChecked(findTestObject("ROLES/Create Role/Content Features/Access_radioButton/Image_Read Only"), 230): Object 'Object Repository/ROLES/Create Role/Content Features/Access_radioButton/Image_Read Only' is checked

2020-03-13 13:35:45 - [MESSAGE][PASSED] - Object 'Object Repository/ROLES/Create Role/Content Features/Access_radioButton/Image_Read Only' is checked

2020-03-13 13:35:45 - [TEST_STEP][PASSED] - verifyElementChecked(findTestObject("ROLES/Create Role/Content Features/Access_radioButton/Offer_No Access"), 230): Object 'Object Repository/ROLES/Create Role/Content Features/Access_radioButton/Offer_No Access' is checked

2020-03-13 13:35:45 - [MESSAGE][PASSED] - Object 'Object Repository/ROLES/Create Role/Content Features/Access_radioButton/Offer_No Access' is checked

2020-03-13 13:35:45 - [TEST_STEP][PASSED] - click(findTestObject("ROLES/Create Role/Content Features/Access_labels/Offer_Read Only")): Object: 'Object Repository/ROLES/Create Role/Content Features/Access_labels/Offer_Read Only' is clicked on

2020-03-13 13:35:46 - [MESSAGE][PASSED] - Object: 'Object Repository/ROLES/Create Role/Content Features/Access_labels/Offer_Read Only' is clicked on

2020-03-13 13:35:46 - [TEST_STEP][PASSED] - verifyElementNotChecked(findTestObject("ROLES/Create Role/Content Features/Access_labels/Offer_No Access"), 230): Object 'Object Repository/ROLES/Create Role/Content Features/Access_labels/Offer_No Access' is not checked

2020-03-13 13:35:46 - [MESSAGE][PASSED] - Object 'Object Repository/ROLES/Create Role/Content Features/Access_labels/Offer_No Access' is not checked

2020-03-13 13:35:46 - [TEST_STEP][PASSED] - verifyElementChecked(findTestObject("ROLES/Create Role/Content Features/Access_radioButton/Offer_Read Only"), 230): Object 'Object Repository/ROLES/Create Role/Content Features/Access_radioButton/Offer_Read Only' is checked

2020-03-13 13:35:47 - [MESSAGE][PASSED] - Object 'Object Repository/ROLES/Create Role/Content Features/Access_radioButton/Offer_Read Only' is checked

2020-03-13 13:35:47 - [TEST_STEP][PASSED] - verifyElementChecked(findTestObject("ROLES/Create Role/Content Features/Access_radioButton/Template_No Access"), 230): Object 'Object Repository/ROLES/Create Role/Content Features/Access_radioButton/Template_No Access' is checked

2020-03-13 13:35:47 - [MESSAGE][PASSED] - Object 'Object Repository/ROLES/Create Role/Content Features/Access_radioButton/Template_No Access' is checked

2020-03-13 13:35:47 - [TEST_STEP][PASSED] - click(findTestObject("ROLES/Create Role/Content Features/Access_labels/Template_Read Only")): Object: 'Object Repository/ROLES/Create Role/Content Features/Access_labels/Template_Read Only' is clicked on

2020-03-13 13:35:47 - [MESSAGE][PASSED] - Object: 'Object Repository/ROLES/Create Role/Content Features/Access_labels/Template_Read Only' is clicked on

2020-03-13 13:35:47 - [TEST_STEP][PASSED] - verifyElementNotChecked(findTestObject("ROLES/Create Role/Content Features/Access_radioButton/Template_No Access"), 230): Object 'Object Repository/ROLES/Create Role/Content Features/Access_radioButton/Template_No Access' is not checked

2020-03-13 13:35:48 - [MESSAGE][PASSED] - Object 'Object Repository/ROLES/Create Role/Content Features/Access_radioButton/Template_No Access' is not checked

2020-03-13 13:35:48 - [TEST_STEP][PASSED] - verifyElementChecked(findTestObject("ROLES/Create Role/Content Features/Access_radioButton/Template_Read Only"), 230): Object 'Object Repository/ROLES/Create Role/Content Features/Access_radioButton/Template_Read Only' is checked

2020-03-13 13:35:48 - [MESSAGE][PASSED] - Object 'Object Repository/ROLES/Create Role/Content Features/Access_radioButton/Template_Read Only' is checked

2020-03-13 13:35:48 - [TEST_STEP][PASSED] - click(findTestObject("ROLES/Create Role/Content Features/Access_labels/Asset_All Access")): Object: 'Object Repository/ROLES/Create Role/Content Features/Access_labels/Asset_All Access' is clicked on

2020-03-13 13:35:48 - [MESSAGE][PASSED] - Object: 'Object Repository/ROLES/Create Role/Content Features/Access_labels/Asset_All Access' is clicked on

2020-03-13 13:35:48 - [TEST_STEP][PASSED] - verifyElementNotChecked(findTestObject("ROLES/Create Role/Content Features/Access_radioButton/Asset_Read Only"), 230): Object 'Object Repository/ROLES/Create Role/Content Features/Access_radioButton/Asset_Read Only' is not checked

2020-03-13 13:35:49 - [MESSAGE][PASSED] - Object 'Object Repository/ROLES/Create Role/Content Features/Access_radioButton/Asset_Read Only' is not checked

2020-03-13 13:35:49 - [TEST_STEP][PASSED] - verifyElementChecked(findTestObject("ROLES/Create Role/Content Features/Access_radioButton/Asset_All Access"), 230): Object 'Object Repository/ROLES/Create Role/Content Features/Access_radioButton/Asset_All Access' is checked

2020-03-13 13:35:49 - [MESSAGE][PASSED] - Object 'Object Repository/ROLES/Create Role/Content Features/Access_radioButton/Asset_All Access' is checked

2020-03-13 13:35:49 - [TEST_STEP][PASSED] - click(findTestObject("ROLES/Create Role/Content Features/Access_labels/Content_All Access")): Object: 'Object Repository/ROLES/Create Role/Content Features/Access_labels/Content_All Access' is clicked on

2020-03-13 13:35:50 - [MESSAGE][PASSED] - Object: 'Object Repository/ROLES/Create Role/Content Features/Access_labels/Content_All Access' is clicked on

2020-03-13 13:35:50 - [TEST_STEP][PASSED] - verifyElementNotChecked(findTestObject("ROLES/Create Role/Content Features/Access_radioButton/Content_Read Only"), 230): Object 'Object Repository/ROLES/Create Role/Content Features/Access_radioButton/Content_Read Only' is not checked

2020-03-13 13:35:50 - [MESSAGE][PASSED] - Object 'Object Repository/ROLES/Create Role/Content Features/Access_radioButton/Content_Read Only' is not checked

2020-03-13 13:35:50 - [TEST_STEP][PASSED] - verifyElementChecked(findTestObject("ROLES/Create Role/Content Features/Access_radioButton/Content_All Access"), 230): Object 'Object Repository/ROLES/Create Role/Content Features/Access_radioButton/Content_All Access' is checked

2020-03-13 13:35:50 - [MESSAGE][PASSED] - Object 'Object Repository/ROLES/Create Role/Content Features/Access_radioButton/Content_All Access' is checked

2020-03-13 13:35:50 - [TEST_STEP][PASSED] - click(findTestObject("ROLES/Create Role/Content Features/Access_labels/Image_All Access")): Object: 'Object Repository/ROLES/Create Role/Content Features/Access_labels/Image_All Access' is clicked on

2020-03-13 13:35:51 - [MESSAGE][PASSED] - Object: 'Object Repository/ROLES/Create Role/Content Features/Access_labels/Image_All Access' is clicked on

2020-03-13 13:35:51 - [TEST_STEP][PASSED] - verifyElementNotChecked(findTestObject("ROLES/Create Role/Content Features/Access_radioButton/Image_Read Only"), 230): Object 'Object Repository/ROLES/Create Role/Content Features/Access_radioButton/Image_Read Only' is not checked

2020-03-13 13:35:51 - [MESSAGE][PASSED] - Object 'Object Repository/ROLES/Create Role/Content Features/Access_radioButton/Image_Read Only' is not checked

2020-03-13 13:35:51 - [TEST_STEP][PASSED] - verifyElementChecked(findTestObject("ROLES/Create Role/Content Features/Access_radioButton/Image_All Access"), 230): Object 'Object Repository/ROLES/Create Role/Content Features/Access_radioButton/Image_All Access' is checked

2020-03-13 13:35:51 - [MESSAGE][PASSED] - Object 'Object Repository/ROLES/Create Role/Content Features/Access_radioButton/Image_All Access' is checked

2020-03-13 13:35:51 - [TEST_STEP][PASSED] - click(findTestObject("ROLES/Create Role/Content Features/Access_labels/Offer_All Access")): Object: 'Object Repository/ROLES/Create Role/Content Features/Access_labels/Offer_All Access' is clicked on

2020-03-13 13:35:52 - [MESSAGE][PASSED] - Object: 'Object Repository/ROLES/Create Role/Content Features/Access_labels/Offer_All Access' is clicked on

2020-03-13 13:35:52 - [TEST_STEP][PASSED] - verifyElementNotChecked(findTestObject("ROLES/Create Role/Content Features/Access_radioButton/Offer_Read Only"), 230): Object 'Object Repository/ROLES/Create Role/Content Features/Access_radioButton/Offer_Read Only' is not checked

2020-03-13 13:35:52 - [MESSAGE][PASSED] - Object 'Object Repository/ROLES/Create Role/Content Features/Access_radioButton/Offer_Read Only' is not checked

2020-03-13 13:35:52 - [TEST_STEP][PASSED] - verifyElementChecked(findTestObject("ROLES/Create Role/Content Features/Access_radioButton/Offer_All Access"), 230): Object 'Object Repository/ROLES/Create Role/Content Features/Access_radioButton/Offer_All Access' is checked

2020-03-13 13:35:52 - [MESSAGE][PASSED] - Object 'Object Repository/ROLES/Create Role/Content Features/Access_radioButton/Offer_All Access' is checked

2020-03-13 13:35:52 - [TEST_STEP][PASSED] - click(findTestObject("ROLES/Create Role/Content Features/Access_labels/Template_All Access")): Object: 'Object Repository/ROLES/Create Role/Content Features/Access_labels/Template_All Access' is clicked on

2020-03-13 13:35:53 - [MESSAGE][PASSED] - Object: 'Object Repository/ROLES/Create Role/Content Features/Access_labels/Template_All Access' is clicked on

2020-03-13 13:35:53 - [TEST_STEP][PASSED] - verifyElementNotChecked(findTestObject("ROLES/Create Role/Content Features/Access_radioButton/Template_Read Only"), 230): Object 'Object Repository/ROLES/Create Role/Content Features/Access_radioButton/Template_Read Only' is not checked

2020-03-13 13:35:53 - [MESSAGE][PASSED] - Object 'Object Repository/ROLES/Create Role/Content Features/Access_radioButton/Template_Read Only' is not checked

2020-03-13 13:35:53 - [TEST_STEP][PASSED] - verifyElementChecked(findTestObject("ROLES/Create Role/Content Features/Access_radioButton/Template_All Access"), 230): Object 'Object Repository/ROLES/Create Role/Content Features/Access_radioButton/Template_All Access' is checked

2020-03-13 13:35:54 - [MESSAGE][PASSED] - Object 'Object Repository/ROLES/Create Role/Content Features/Access_radioButton/Template_All Access' is checked

2020-03-13 13:35:54 - [TEST_STEP][NOT_RUN] - verifyElementPresent(findTestObject("ROLES/Create Role/Content Features/tickMark_ContentFeatures"), 0): NOT_RUN: verifyElementPresent(findTestObject("ROLES/Create Role/Content Features/tickMark_ContentFeatures"), 0)

2020-03-13 13:35:54 - [MESSAGE][NOT_RUN] - NOT_RUN: verifyElementPresent(findTestObject("ROLES/Create Role/Content Features/tickMark_ContentFeatures"), 0)

2020-03-13 13:35:54 - [TEST_STEP][PASSED] - Start listener action : sampleAfterTestCase: null

2020-03-13 13:35:54 - [TEST_STEP][PASSED] - println(testCaseContext.getTestCaseId()): null

2020-03-13 13:35:54 - [TEST_STEP][PASSED] - println(testCaseContext.getTestCaseStatus()): null

2020-03-13 13:35:54 - [TEST_STEP][PASSED] - println("On Failure Method is Calling : " + testCaseContext.getTestCaseStatus()): null

2020-03-13 13:35:54 - [TEST_STEP][PASSED] - if (!(getTestCaseStatus().equalsIgnoreCase("PASSED"))): null]]></system-out>
         <system-err><![CDATA[]]></system-err>
      </testcase>
      <testcase name="Test Cases/Atlas Platform/Configuration Management/Platform Management/ROLES/Create Role/Validate presence of all the Elements in Creating Role/CR04 Verify Audience Features tab in New Role page" time="18.766" classname="Test Cases/Atlas Platform/Configuration Management/Platform Management/ROLES/Create Role/Validate presence of all the Elements in Creating Role/CR04 Verify Audience Features tab in New Role page" status="PASSED">
         <system-out><![CDATA[2020-03-13 13:35:56 - [TEST_CASE][PASSED] - Test Cases/Atlas Platform/Configuration Management/Platform Management/ROLES/Create Role/Validate presence of all the Elements in Creating Role/CR04 Verify Audience Features tab in New Role page: Test Cases/Atlas Platform/Configuration Management/Platform Management/ROLES/Create Role/Validate presence of all the Elements in Creating Role/CR04 Verify Audience Features tab in New Role page

2020-03-13 13:35:56 - [TEST_STEP][NOT_RUN] - callTestCase(findTestCase("Atlas Platform/Platform Navigation/Login/Default Logins/Default_Login_as_Root Admin"), ["Email":findTestData("AMP_Y").getValue(1, 1), "Password":findTestData("AMP_Y").getValue(2, 1), "dashboard_exp_title":""], CONTINUE_ON_FAILURE): NOT_RUN: callTestCase(findTestCase("Atlas Platform/Platform Navigation/Login/Default Logins/Default_Login_as_Root Admin"), ["Email":findTestData("AMP_Y").getValue(1, 1), "Password":findTestData("AMP_Y").getValue(2, 1), "dashboard_exp_title":""], CONTINUE_ON_FAILURE)

2020-03-13 13:35:56 - [MESSAGE][NOT_RUN] - NOT_RUN: callTestCase(findTestCase("Atlas Platform/Platform Navigation/Login/Default Logins/Default_Login_as_Root Admin"), ["Email":findTestData("AMP_Y").getValue(1, 1), "Password":findTestData("AMP_Y").getValue(2, 1), "dashboard_exp_title":""], CONTINUE_ON_FAILURE)

2020-03-13 13:35:56 - [TEST_STEP][NOT_RUN] - click(findTestObject("ROLES/Role_Navigation/a_ADMIN")): NOT_RUN: click(findTestObject("ROLES/Role_Navigation/a_ADMIN"))

2020-03-13 13:35:56 - [MESSAGE][NOT_RUN] - NOT_RUN: click(findTestObject("ROLES/Role_Navigation/a_ADMIN"))

2020-03-13 13:35:56 - [TEST_STEP][NOT_RUN] - click(findTestObject("ROLES/Roles_page/Create Role_button")): NOT_RUN: click(findTestObject("ROLES/Roles_page/Create Role_button"))

2020-03-13 13:35:56 - [MESSAGE][NOT_RUN] - NOT_RUN: click(findTestObject("ROLES/Roles_page/Create Role_button"))

2020-03-13 13:35:56 - [TEST_STEP][PASSED] - click(findTestObject("ROLES/Create Role/New Role_page/a_Audience Features")): Object: 'Object Repository/ROLES/Create Role/New Role_page/a_Audience Features' is clicked on

2020-03-13 13:35:56 - [MESSAGE][PASSED] - Object: 'Object Repository/ROLES/Create Role/New Role_page/a_Audience Features' is clicked on

2020-03-13 13:35:56 - [TEST_STEP][PASSED] - verifyElementPresent(findTestObject("ROLES/Create Role/Audience Features/h2_Audience Features"), 0): Object 'Object Repository/ROLES/Create Role/Audience Features/h2_Audience Features' is present

2020-03-13 13:35:56 - [MESSAGE][WARNING] - Timeout '0' is invalid. Using default page load timeout: '230'

2020-03-13 13:35:58 - [MESSAGE][PASSED] - Object 'Object Repository/ROLES/Create Role/Audience Features/h2_Audience Features' is present

2020-03-13 13:35:58 - [TEST_STEP][PASSED] - verifyElementPresent(findTestObject("ROLES/Create Role/Audience Features/label_DMS"), 0): Object 'Object Repository/ROLES/Create Role/Audience Features/label_DMS' is present

2020-03-13 13:35:58 - [MESSAGE][WARNING] - Timeout '0' is invalid. Using default page load timeout: '230'

2020-03-13 13:35:58 - [MESSAGE][PASSED] - Object 'Object Repository/ROLES/Create Role/Audience Features/label_DMS' is present

2020-03-13 13:35:58 - [TEST_STEP][PASSED] - verifyElementPresent(findTestObject("ROLES/Create Role/Audience Features/label_Seed List"), 0): Object 'Object Repository/ROLES/Create Role/Audience Features/label_Seed List' is present

2020-03-13 13:35:58 - [MESSAGE][WARNING] - Timeout '0' is invalid. Using default page load timeout: '230'

2020-03-13 13:35:59 - [MESSAGE][PASSED] - Object 'Object Repository/ROLES/Create Role/Audience Features/label_Seed List' is present

2020-03-13 13:35:59 - [TEST_STEP][PASSED] - verifyElementPresent(findTestObject("ROLES/Create Role/Audience Features/label_Suppression List"), 0): Object 'Object Repository/ROLES/Create Role/Audience Features/label_Suppression List' is present

2020-03-13 13:35:59 - [MESSAGE][WARNING] - Timeout '0' is invalid. Using default page load timeout: '230'

2020-03-13 13:35:59 - [MESSAGE][PASSED] - Object 'Object Repository/ROLES/Create Role/Audience Features/label_Suppression List' is present

2020-03-13 13:35:59 - [TEST_STEP][PASSED] - verifyElementPresent(findTestObject("ROLES/Create Role/Audience Features/label_List Cut"), 0): Object 'Object Repository/ROLES/Create Role/Audience Features/label_List Cut' is present

2020-03-13 13:35:59 - [MESSAGE][WARNING] - Timeout '0' is invalid. Using default page load timeout: '230'

2020-03-13 13:35:59 - [MESSAGE][PASSED] - Object 'Object Repository/ROLES/Create Role/Audience Features/label_List Cut' is present

2020-03-13 13:35:59 - [TEST_STEP][PASSED] - verifyElementPresent(findTestObject("ROLES/Create Role/Audience Features/label_Opt Out"), 0): Object 'Object Repository/ROLES/Create Role/Audience Features/label_Opt Out' is present

2020-03-13 13:35:59 - [MESSAGE][WARNING] - Timeout '0' is invalid. Using default page load timeout: '230'

2020-03-13 13:36:00 - [MESSAGE][PASSED] - Object 'Object Repository/ROLES/Create Role/Audience Features/label_Opt Out' is present

2020-03-13 13:36:00 - [TEST_STEP][PASSED] - verifyElementPresent(findTestObject("ROLES/Create Role/Audience Features/Access_radioButton/DMS_All Access"), 0): Object 'Object Repository/ROLES/Create Role/Audience Features/Access_radioButton/DMS_All Access' is present

2020-03-13 13:36:00 - [MESSAGE][WARNING] - Timeout '0' is invalid. Using default page load timeout: '230'

2020-03-13 13:36:00 - [MESSAGE][PASSED] - Object 'Object Repository/ROLES/Create Role/Audience Features/Access_radioButton/DMS_All Access' is present

2020-03-13 13:36:00 - [TEST_STEP][PASSED] - verifyElementPresent(findTestObject("ROLES/Create Role/Audience Features/Access_radioButton/DMS_Read Only"), 0): Object 'Object Repository/ROLES/Create Role/Audience Features/Access_radioButton/DMS_Read Only' is present

2020-03-13 13:36:00 - [MESSAGE][WARNING] - Timeout '0' is invalid. Using default page load timeout: '230'

2020-03-13 13:36:00 - [MESSAGE][PASSED] - Object 'Object Repository/ROLES/Create Role/Audience Features/Access_radioButton/DMS_Read Only' is present

2020-03-13 13:36:00 - [TEST_STEP][PASSED] - verifyElementPresent(findTestObject("ROLES/Create Role/Audience Features/Access_radioButton/DMS_No Access"), 0): Object 'Object Repository/ROLES/Create Role/Audience Features/Access_radioButton/DMS_No Access' is present

2020-03-13 13:36:00 - [MESSAGE][WARNING] - Timeout '0' is invalid. Using default page load timeout: '230'

2020-03-13 13:36:01 - [MESSAGE][PASSED] - Object 'Object Repository/ROLES/Create Role/Audience Features/Access_radioButton/DMS_No Access' is present

2020-03-13 13:36:01 - [TEST_STEP][PASSED] - verifyElementChecked(findTestObject("ROLES/Create Role/Audience Features/Access_radioButton/DMS_No Access"), 0): Object 'Object Repository/ROLES/Create Role/Audience Features/Access_radioButton/DMS_No Access' is checked

2020-03-13 13:36:01 - [MESSAGE][WARNING] - Timeout '0' is invalid. Using default page load timeout: '230'

2020-03-13 13:36:01 - [MESSAGE][PASSED] - Object 'Object Repository/ROLES/Create Role/Audience Features/Access_radioButton/DMS_No Access' is checked

2020-03-13 13:36:01 - [TEST_STEP][PASSED] - verifyElementPresent(findTestObject("ROLES/Create Role/Audience Features/Access_radioButton/Speed_All Access"), 0): Object 'Object Repository/ROLES/Create Role/Audience Features/Access_radioButton/Speed_All Access' is present

2020-03-13 13:36:01 - [MESSAGE][WARNING] - Timeout '0' is invalid. Using default page load timeout: '230'

2020-03-13 13:36:01 - [MESSAGE][PASSED] - Object 'Object Repository/ROLES/Create Role/Audience Features/Access_radioButton/Speed_All Access' is present

2020-03-13 13:36:01 - [TEST_STEP][PASSED] - verifyElementPresent(findTestObject("ROLES/Create Role/Audience Features/Access_radioButton/Speed_Read Only"), 0): Object 'Object Repository/ROLES/Create Role/Audience Features/Access_radioButton/Speed_Read Only' is present

2020-03-13 13:36:01 - [MESSAGE][WARNING] - Timeout '0' is invalid. Using default page load timeout: '230'

2020-03-13 13:36:02 - [MESSAGE][PASSED] - Object 'Object Repository/ROLES/Create Role/Audience Features/Access_radioButton/Speed_Read Only' is present

2020-03-13 13:36:02 - [TEST_STEP][PASSED] - verifyElementPresent(findTestObject("ROLES/Create Role/Audience Features/Access_radioButton/Speed_No Access"), 0): Object 'Object Repository/ROLES/Create Role/Audience Features/Access_radioButton/Speed_No Access' is present

2020-03-13 13:36:02 - [MESSAGE][WARNING] - Timeout '0' is invalid. Using default page load timeout: '230'

2020-03-13 13:36:02 - [MESSAGE][PASSED] - Object 'Object Repository/ROLES/Create Role/Audience Features/Access_radioButton/Speed_No Access' is present

2020-03-13 13:36:02 - [TEST_STEP][PASSED] - verifyElementChecked(findTestObject("ROLES/Create Role/Audience Features/Access_radioButton/Speed_No Access"), 0): Object 'Object Repository/ROLES/Create Role/Audience Features/Access_radioButton/Speed_No Access' is checked

2020-03-13 13:36:02 - [MESSAGE][WARNING] - Timeout '0' is invalid. Using default page load timeout: '230'

2020-03-13 13:36:03 - [MESSAGE][PASSED] - Object 'Object Repository/ROLES/Create Role/Audience Features/Access_radioButton/Speed_No Access' is checked

2020-03-13 13:36:03 - [TEST_STEP][PASSED] - verifyElementPresent(findTestObject("ROLES/Create Role/Audience Features/Access_radioButton/Suppression_All Access"), 0): Object 'Object Repository/ROLES/Create Role/Audience Features/Access_radioButton/Suppression_All Access' is present

2020-03-13 13:36:03 - [MESSAGE][WARNING] - Timeout '0' is invalid. Using default page load timeout: '230'

2020-03-13 13:36:03 - [MESSAGE][PASSED] - Object 'Object Repository/ROLES/Create Role/Audience Features/Access_radioButton/Suppression_All Access' is present

2020-03-13 13:36:03 - [TEST_STEP][PASSED] - verifyElementPresent(findTestObject("ROLES/Create Role/Audience Features/Access_radioButton/Suppression_Read Only"), 0): Object 'Object Repository/ROLES/Create Role/Audience Features/Access_radioButton/Suppression_Read Only' is present

2020-03-13 13:36:03 - [MESSAGE][WARNING] - Timeout '0' is invalid. Using default page load timeout: '230'

2020-03-13 13:36:03 - [MESSAGE][PASSED] - Object 'Object Repository/ROLES/Create Role/Audience Features/Access_radioButton/Suppression_Read Only' is present

2020-03-13 13:36:03 - [TEST_STEP][PASSED] - verifyElementPresent(findTestObject("ROLES/Create Role/Audience Features/Access_radioButton/Suppression_No Access"), 0): Object 'Object Repository/ROLES/Create Role/Audience Features/Access_radioButton/Suppression_No Access' is present

2020-03-13 13:36:03 - [MESSAGE][WARNING] - Timeout '0' is invalid. Using default page load timeout: '230'

2020-03-13 13:36:04 - [MESSAGE][PASSED] - Object 'Object Repository/ROLES/Create Role/Audience Features/Access_radioButton/Suppression_No Access' is present

2020-03-13 13:36:04 - [TEST_STEP][PASSED] - verifyElementChecked(findTestObject("ROLES/Create Role/Audience Features/Access_radioButton/Suppression_No Access"), 0): Object 'Object Repository/ROLES/Create Role/Audience Features/Access_radioButton/Suppression_No Access' is checked

2020-03-13 13:36:04 - [MESSAGE][WARNING] - Timeout '0' is invalid. Using default page load timeout: '230'

2020-03-13 13:36:04 - [MESSAGE][PASSED] - Object 'Object Repository/ROLES/Create Role/Audience Features/Access_radioButton/Suppression_No Access' is checked

2020-03-13 13:36:04 - [TEST_STEP][PASSED] - verifyElementPresent(findTestObject("ROLES/Create Role/Audience Features/Access_radioButton/List_All Access"), 0): Object 'Object Repository/ROLES/Create Role/Audience Features/Access_radioButton/List_All Access' is present

2020-03-13 13:36:04 - [MESSAGE][WARNING] - Timeout '0' is invalid. Using default page load timeout: '230'

2020-03-13 13:36:04 - [MESSAGE][PASSED] - Object 'Object Repository/ROLES/Create Role/Audience Features/Access_radioButton/List_All Access' is present

2020-03-13 13:36:04 - [TEST_STEP][PASSED] - verifyElementPresent(findTestObject("ROLES/Create Role/Audience Features/Access_radioButton/List_Read Only"), 0): Object 'Object Repository/ROLES/Create Role/Audience Features/Access_radioButton/List_Read Only' is present

2020-03-13 13:36:04 - [MESSAGE][WARNING] - Timeout '0' is invalid. Using default page load timeout: '230'

2020-03-13 13:36:05 - [MESSAGE][PASSED] - Object 'Object Repository/ROLES/Create Role/Audience Features/Access_radioButton/List_Read Only' is present

2020-03-13 13:36:05 - [TEST_STEP][PASSED] - verifyElementPresent(findTestObject("ROLES/Create Role/Audience Features/Access_radioButton/List_No Access"), 0): Object 'Object Repository/ROLES/Create Role/Audience Features/Access_radioButton/List_No Access' is present

2020-03-13 13:36:05 - [MESSAGE][WARNING] - Timeout '0' is invalid. Using default page load timeout: '230'

2020-03-13 13:36:05 - [MESSAGE][PASSED] - Object 'Object Repository/ROLES/Create Role/Audience Features/Access_radioButton/List_No Access' is present

2020-03-13 13:36:05 - [TEST_STEP][PASSED] - verifyElementChecked(findTestObject("ROLES/Create Role/Audience Features/Access_radioButton/List_No Access"), 0): Object 'Object Repository/ROLES/Create Role/Audience Features/Access_radioButton/List_No Access' is checked

2020-03-13 13:36:05 - [MESSAGE][WARNING] - Timeout '0' is invalid. Using default page load timeout: '230'

2020-03-13 13:36:05 - [MESSAGE][PASSED] - Object 'Object Repository/ROLES/Create Role/Audience Features/Access_radioButton/List_No Access' is checked

2020-03-13 13:36:05 - [TEST_STEP][PASSED] - verifyElementPresent(findTestObject("ROLES/Create Role/Audience Features/Access_radioButton/Opt_All Access"), 0): Object 'Object Repository/ROLES/Create Role/Audience Features/Access_radioButton/Opt_All Access' is present

2020-03-13 13:36:05 - [MESSAGE][WARNING] - Timeout '0' is invalid. Using default page load timeout: '230'

2020-03-13 13:36:05 - [MESSAGE][PASSED] - Object 'Object Repository/ROLES/Create Role/Audience Features/Access_radioButton/Opt_All Access' is present

2020-03-13 13:36:05 - [TEST_STEP][PASSED] - verifyElementPresent(findTestObject("ROLES/Create Role/Audience Features/Access_radioButton/Opt_Read Only"), 0): Object 'Object Repository/ROLES/Create Role/Audience Features/Access_radioButton/Opt_Read Only' is present

2020-03-13 13:36:06 - [MESSAGE][WARNING] - Timeout '0' is invalid. Using default page load timeout: '230'

2020-03-13 13:36:06 - [MESSAGE][PASSED] - Object 'Object Repository/ROLES/Create Role/Audience Features/Access_radioButton/Opt_Read Only' is present

2020-03-13 13:36:06 - [TEST_STEP][PASSED] - verifyElementPresent(findTestObject("ROLES/Create Role/Audience Features/Access_radioButton/Opt_No Access"), 0): Object 'Object Repository/ROLES/Create Role/Audience Features/Access_radioButton/Opt_No Access' is present

2020-03-13 13:36:06 - [MESSAGE][WARNING] - Timeout '0' is invalid. Using default page load timeout: '230'

2020-03-13 13:36:06 - [MESSAGE][PASSED] - Object 'Object Repository/ROLES/Create Role/Audience Features/Access_radioButton/Opt_No Access' is present

2020-03-13 13:36:06 - [TEST_STEP][PASSED] - verifyElementChecked(findTestObject("ROLES/Create Role/Audience Features/Access_radioButton/Opt_No Access"), 0): Object 'Object Repository/ROLES/Create Role/Audience Features/Access_radioButton/Opt_No Access' is checked

2020-03-13 13:36:06 - [MESSAGE][WARNING] - Timeout '0' is invalid. Using default page load timeout: '230'

2020-03-13 13:36:06 - [MESSAGE][PASSED] - Object 'Object Repository/ROLES/Create Role/Audience Features/Access_radioButton/Opt_No Access' is checked

2020-03-13 13:36:06 - [TEST_STEP][PASSED] - verifyElementPresent(findTestObject("ROLES/Create Role/Audience Features/Access_labels/DMS_All Access"), 0): Object 'Object Repository/ROLES/Create Role/Audience Features/Access_labels/DMS_All Access' is present

2020-03-13 13:36:07 - [MESSAGE][WARNING] - Timeout '0' is invalid. Using default page load timeout: '230'

2020-03-13 13:36:07 - [MESSAGE][PASSED] - Object 'Object Repository/ROLES/Create Role/Audience Features/Access_labels/DMS_All Access' is present

2020-03-13 13:36:07 - [TEST_STEP][PASSED] - verifyElementPresent(findTestObject("ROLES/Create Role/Audience Features/Access_labels/DMS_Read Only"), 0): Object 'Object Repository/ROLES/Create Role/Audience Features/Access_labels/DMS_Read Only' is present

2020-03-13 13:36:07 - [MESSAGE][WARNING] - Timeout '0' is invalid. Using default page load timeout: '230'

2020-03-13 13:36:07 - [MESSAGE][PASSED] - Object 'Object Repository/ROLES/Create Role/Audience Features/Access_labels/DMS_Read Only' is present

2020-03-13 13:36:07 - [TEST_STEP][PASSED] - verifyElementPresent(findTestObject("ROLES/Create Role/Audience Features/Access_labels/DMS_No Access"), 0): Object 'Object Repository/ROLES/Create Role/Audience Features/Access_labels/DMS_No Access' is present

2020-03-13 13:36:07 - [MESSAGE][WARNING] - Timeout '0' is invalid. Using default page load timeout: '230'

2020-03-13 13:36:07 - [MESSAGE][PASSED] - Object 'Object Repository/ROLES/Create Role/Audience Features/Access_labels/DMS_No Access' is present

2020-03-13 13:36:07 - [TEST_STEP][PASSED] - verifyElementPresent(findTestObject("ROLES/Create Role/Audience Features/Access_radioButton/Seed_All Access(label)"), 0): Object 'Object Repository/ROLES/Create Role/Audience Features/Access_radioButton/Seed_All Access(label)' is present

2020-03-13 13:36:08 - [MESSAGE][WARNING] - Timeout '0' is invalid. Using default page load timeout: '230'

2020-03-13 13:36:08 - [MESSAGE][PASSED] - Object 'Object Repository/ROLES/Create Role/Audience Features/Access_radioButton/Seed_All Access(label)' is present

2020-03-13 13:36:08 - [TEST_STEP][PASSED] - verifyElementPresent(findTestObject("ROLES/Create Role/Audience Features/Access_labels/Speed_Read Only"), 0): Object 'Object Repository/ROLES/Create Role/Audience Features/Access_labels/Speed_Read Only' is present

2020-03-13 13:36:08 - [MESSAGE][WARNING] - Timeout '0' is invalid. Using default page load timeout: '230'

2020-03-13 13:36:08 - [MESSAGE][PASSED] - Object 'Object Repository/ROLES/Create Role/Audience Features/Access_labels/Speed_Read Only' is present

2020-03-13 13:36:08 - [TEST_STEP][PASSED] - verifyElementPresent(findTestObject("ROLES/Create Role/Audience Features/Access_labels/Speed_No Access"), 0): Object 'Object Repository/ROLES/Create Role/Audience Features/Access_labels/Speed_No Access' is present

2020-03-13 13:36:08 - [MESSAGE][WARNING] - Timeout '0' is invalid. Using default page load timeout: '230'

2020-03-13 13:36:08 - [MESSAGE][PASSED] - Object 'Object Repository/ROLES/Create Role/Audience Features/Access_labels/Speed_No Access' is present

2020-03-13 13:36:08 - [TEST_STEP][PASSED] - verifyElementPresent(findTestObject("ROLES/Create Role/Audience Features/Access_labels/Suppression_All Access"), 0): Object 'Object Repository/ROLES/Create Role/Audience Features/Access_labels/Suppression_All Access' is present

2020-03-13 13:36:09 - [MESSAGE][WARNING] - Timeout '0' is invalid. Using default page load timeout: '230'

2020-03-13 13:36:09 - [MESSAGE][PASSED] - Object 'Object Repository/ROLES/Create Role/Audience Features/Access_labels/Suppression_All Access' is present

2020-03-13 13:36:09 - [TEST_STEP][PASSED] - verifyElementPresent(findTestObject("ROLES/Create Role/Audience Features/Access_labels/Suppression_Read Only"), 0): Object 'Object Repository/ROLES/Create Role/Audience Features/Access_labels/Suppression_Read Only' is present

2020-03-13 13:36:09 - [MESSAGE][WARNING] - Timeout '0' is invalid. Using default page load timeout: '230'

2020-03-13 13:36:09 - [MESSAGE][PASSED] - Object 'Object Repository/ROLES/Create Role/Audience Features/Access_labels/Suppression_Read Only' is present

2020-03-13 13:36:09 - [TEST_STEP][PASSED] - verifyElementPresent(findTestObject("ROLES/Create Role/Audience Features/Access_labels/Suppression_No Access"), 0): Object 'Object Repository/ROLES/Create Role/Audience Features/Access_labels/Suppression_No Access' is present

2020-03-13 13:36:09 - [MESSAGE][WARNING] - Timeout '0' is invalid. Using default page load timeout: '230'

2020-03-13 13:36:09 - [MESSAGE][PASSED] - Object 'Object Repository/ROLES/Create Role/Audience Features/Access_labels/Suppression_No Access' is present

2020-03-13 13:36:09 - [TEST_STEP][PASSED] - verifyElementPresent(findTestObject("ROLES/Create Role/Audience Features/Access_labels/List_All Access"), 0): Object 'Object Repository/ROLES/Create Role/Audience Features/Access_labels/List_All Access' is present

2020-03-13 13:36:09 - [MESSAGE][WARNING] - Timeout '0' is invalid. Using default page load timeout: '230'

2020-03-13 13:36:10 - [MESSAGE][PASSED] - Object 'Object Repository/ROLES/Create Role/Audience Features/Access_labels/List_All Access' is present

2020-03-13 13:36:10 - [TEST_STEP][PASSED] - verifyElementPresent(findTestObject("ROLES/Create Role/Audience Features/Access_labels/List_Read Only"), 0): Object 'Object Repository/ROLES/Create Role/Audience Features/Access_labels/List_Read Only' is present

2020-03-13 13:36:10 - [MESSAGE][WARNING] - Timeout '0' is invalid. Using default page load timeout: '230'

2020-03-13 13:36:10 - [MESSAGE][PASSED] - Object 'Object Repository/ROLES/Create Role/Audience Features/Access_labels/List_Read Only' is present

2020-03-13 13:36:10 - [TEST_STEP][PASSED] - verifyElementPresent(findTestObject("ROLES/Create Role/Audience Features/Access_labels/List_No Access"), 0): Object 'Object Repository/ROLES/Create Role/Audience Features/Access_labels/List_No Access' is present

2020-03-13 13:36:10 - [MESSAGE][WARNING] - Timeout '0' is invalid. Using default page load timeout: '230'

2020-03-13 13:36:10 - [MESSAGE][PASSED] - Object 'Object Repository/ROLES/Create Role/Audience Features/Access_labels/List_No Access' is present

2020-03-13 13:36:10 - [TEST_STEP][PASSED] - verifyElementPresent(findTestObject("ROLES/Create Role/Audience Features/Access_labels/Opt_All Access"), 0): Object 'Object Repository/ROLES/Create Role/Audience Features/Access_labels/Opt_All Access' is present

2020-03-13 13:36:10 - [MESSAGE][WARNING] - Timeout '0' is invalid. Using default page load timeout: '230'

2020-03-13 13:36:11 - [MESSAGE][PASSED] - Object 'Object Repository/ROLES/Create Role/Audience Features/Access_labels/Opt_All Access' is present

2020-03-13 13:36:11 - [TEST_STEP][PASSED] - verifyElementPresent(findTestObject("ROLES/Create Role/Audience Features/Access_labels/Opt_Read Only"), 0): Object 'Object Repository/ROLES/Create Role/Audience Features/Access_labels/Opt_Read Only' is present

2020-03-13 13:36:11 - [MESSAGE][WARNING] - Timeout '0' is invalid. Using default page load timeout: '230'

2020-03-13 13:36:11 - [MESSAGE][PASSED] - Object 'Object Repository/ROLES/Create Role/Audience Features/Access_labels/Opt_Read Only' is present

2020-03-13 13:36:11 - [TEST_STEP][PASSED] - verifyElementPresent(findTestObject("ROLES/Create Role/Audience Features/Access_labels/Opt_No Access"), 0): Object 'Object Repository/ROLES/Create Role/Audience Features/Access_labels/Opt_No Access' is present

2020-03-13 13:36:11 - [MESSAGE][WARNING] - Timeout '0' is invalid. Using default page load timeout: '230'

2020-03-13 13:36:11 - [MESSAGE][PASSED] - Object 'Object Repository/ROLES/Create Role/Audience Features/Access_labels/Opt_No Access' is present

2020-03-13 13:36:11 - [TEST_STEP][PASSED] - verifyElementPresent(findTestObject("ROLES/Create Role/Audience Features/checkbox_segmentBuilder"), 0): Object 'Object Repository/ROLES/Create Role/Audience Features/checkbox_segmentBuilder' is present

2020-03-13 13:36:11 - [MESSAGE][WARNING] - Timeout '0' is invalid. Using default page load timeout: '230'

2020-03-13 13:36:12 - [MESSAGE][PASSED] - Object 'Object Repository/ROLES/Create Role/Audience Features/checkbox_segmentBuilder' is present

2020-03-13 13:36:12 - [TEST_STEP][PASSED] - verifyElementChecked(findTestObject("ROLES/Create Role/Audience Features/checkbox_segmentBuilder"), 0): Object 'Object Repository/ROLES/Create Role/Audience Features/checkbox_segmentBuilder' is checked

2020-03-13 13:36:12 - [MESSAGE][WARNING] - Timeout '0' is invalid. Using default page load timeout: '230'

2020-03-13 13:36:12 - [MESSAGE][PASSED] - Object 'Object Repository/ROLES/Create Role/Audience Features/checkbox_segmentBuilder' is checked

2020-03-13 13:36:12 - [TEST_STEP][PASSED] - verifyElementPresent(findTestObject("ROLES/Create Role/Audience Features/span_Segment Builder"), 0): Object 'Object Repository/ROLES/Create Role/Audience Features/span_Segment Builder' is present

2020-03-13 13:36:12 - [MESSAGE][WARNING] - Timeout '0' is invalid. Using default page load timeout: '230'

2020-03-13 13:36:12 - [MESSAGE][PASSED] - Object 'Object Repository/ROLES/Create Role/Audience Features/span_Segment Builder' is present

2020-03-13 13:36:12 - [TEST_STEP][PASSED] - Start listener action : sampleAfterTestCase: null

2020-03-13 13:36:12 - [TEST_STEP][PASSED] - println(testCaseContext.getTestCaseId()): null

2020-03-13 13:36:12 - [TEST_STEP][PASSED] - println(testCaseContext.getTestCaseStatus()): null

2020-03-13 13:36:12 - [TEST_STEP][PASSED] - println("On Failure Method is Calling : " + testCaseContext.getTestCaseStatus()): null

2020-03-13 13:36:12 - [TEST_STEP][PASSED] - if (!(getTestCaseStatus().equalsIgnoreCase("PASSED"))): null]]></system-out>
         <system-err><![CDATA[]]></system-err>
      </testcase>
      <testcase name="Test Cases/Atlas Platform/Configuration Management/Platform Management/ROLES/Create Role/CR04 Validate Elements in Audience Features Tab" time="16.608" classname="Test Cases/Atlas Platform/Configuration Management/Platform Management/ROLES/Create Role/CR04 Validate Elements in Audience Features Tab" status="PASSED">
         <system-out><![CDATA[2020-03-13 13:36:14 - [TEST_CASE][PASSED] - Test Cases/Atlas Platform/Configuration Management/Platform Management/ROLES/Create Role/CR04 Validate Elements in Audience Features Tab: Test Cases/Atlas Platform/Configuration Management/Platform Management/ROLES/Create Role/CR04 Validate Elements in Audience Features Tab

2020-03-13 13:36:15 - [TEST_STEP][NOT_RUN] - callTestCase(findTestCase("Atlas Platform/Platform Navigation/Login/Default Logins/Default_Login_as_Root Admin"), ["Email":findTestData("AMP_Y").getValue(1, 1), "Password":findTestData("AMP_Y").getValue(2, 1), "dashboard_exp_title":""], CONTINUE_ON_FAILURE): NOT_RUN: callTestCase(findTestCase("Atlas Platform/Platform Navigation/Login/Default Logins/Default_Login_as_Root Admin"), ["Email":findTestData("AMP_Y").getValue(1, 1), "Password":findTestData("AMP_Y").getValue(2, 1), "dashboard_exp_title":""], CONTINUE_ON_FAILURE)

2020-03-13 13:36:15 - [MESSAGE][NOT_RUN] - NOT_RUN: callTestCase(findTestCase("Atlas Platform/Platform Navigation/Login/Default Logins/Default_Login_as_Root Admin"), ["Email":findTestData("AMP_Y").getValue(1, 1), "Password":findTestData("AMP_Y").getValue(2, 1), "dashboard_exp_title":""], CONTINUE_ON_FAILURE)

2020-03-13 13:36:15 - [TEST_STEP][NOT_RUN] - click(findTestObject("ROLES/Role_Navigation/a_ADMIN")): NOT_RUN: click(findTestObject("ROLES/Role_Navigation/a_ADMIN"))

2020-03-13 13:36:15 - [MESSAGE][NOT_RUN] - NOT_RUN: click(findTestObject("ROLES/Role_Navigation/a_ADMIN"))

2020-03-13 13:36:15 - [TEST_STEP][NOT_RUN] - click(findTestObject("ROLES/Roles_page/Create Role_button")): NOT_RUN: click(findTestObject("ROLES/Roles_page/Create Role_button"))

2020-03-13 13:36:15 - [MESSAGE][NOT_RUN] - NOT_RUN: click(findTestObject("ROLES/Roles_page/Create Role_button"))

2020-03-13 13:36:15 - [TEST_STEP][NOT_RUN] - click(findTestObject("ROLES/Create Role/New Role_page/a_Audience Features")): NOT_RUN: click(findTestObject("ROLES/Create Role/New Role_page/a_Audience Features"))

2020-03-13 13:36:15 - [MESSAGE][NOT_RUN] - NOT_RUN: click(findTestObject("ROLES/Create Role/New Role_page/a_Audience Features"))

2020-03-13 13:36:15 - [TEST_STEP][PASSED] - verifyElementNotPresent(findTestObject("ROLES/Create Role/Audience Features/tickMark_AudienceFeatures"), 0): Web element with id: 'Object Repository/ROLES/Create Role/Audience Features/tickMark_AudienceFeatures' located by 'By.xpath: //span[@class='pl-4 clearfix has-icon icon-group icon-group-success position-right']' is not present after '230' second(s)

2020-03-13 13:36:15 - [MESSAGE][WARNING] - Timeout '0' is invalid. Using default page load timeout: '230'

2020-03-13 13:36:15 - [MESSAGE][PASSED] - Web element with id: 'Object Repository/ROLES/Create Role/Audience Features/tickMark_AudienceFeatures' located by 'By.xpath: //span[@class='pl-4 clearfix has-icon icon-group icon-group-success position-right']' is not present after '230' second(s)

2020-03-13 13:36:15 - [TEST_STEP][PASSED] - verifyElementChecked(findTestObject("ROLES/Create Role/Audience Features/Access_radioButton/DMS_No Access"), 230): Object 'Object Repository/ROLES/Create Role/Audience Features/Access_radioButton/DMS_No Access' is checked

2020-03-13 13:36:15 - [MESSAGE][PASSED] - Object 'Object Repository/ROLES/Create Role/Audience Features/Access_radioButton/DMS_No Access' is checked

2020-03-13 13:36:15 - [TEST_STEP][PASSED] - click(findTestObject("ROLES/Create Role/Audience Features/Access_labels/DMS_Read Only")): Object: 'Object Repository/ROLES/Create Role/Audience Features/Access_labels/DMS_Read Only' is clicked on

2020-03-13 13:36:16 - [MESSAGE][PASSED] - Object: 'Object Repository/ROLES/Create Role/Audience Features/Access_labels/DMS_Read Only' is clicked on

2020-03-13 13:36:16 - [TEST_STEP][PASSED] - verifyElementNotChecked(findTestObject("ROLES/Create Role/Audience Features/Access_radioButton/DMS_No Access"), 230): Object 'Object Repository/ROLES/Create Role/Audience Features/Access_radioButton/DMS_No Access' is not checked

2020-03-13 13:36:16 - [MESSAGE][PASSED] - Object 'Object Repository/ROLES/Create Role/Audience Features/Access_radioButton/DMS_No Access' is not checked

2020-03-13 13:36:16 - [TEST_STEP][PASSED] - verifyElementChecked(findTestObject("ROLES/Create Role/Audience Features/Access_radioButton/DMS_Read Only"), 230): Object 'Object Repository/ROLES/Create Role/Audience Features/Access_radioButton/DMS_Read Only' is checked

2020-03-13 13:36:17 - [MESSAGE][PASSED] - Object 'Object Repository/ROLES/Create Role/Audience Features/Access_radioButton/DMS_Read Only' is checked

2020-03-13 13:36:17 - [TEST_STEP][PASSED] - verifyElementChecked(findTestObject("ROLES/Create Role/Audience Features/Access_radioButton/List_No Access"), 230): Object 'Object Repository/ROLES/Create Role/Audience Features/Access_radioButton/List_No Access' is checked

2020-03-13 13:36:17 - [MESSAGE][PASSED] - Object 'Object Repository/ROLES/Create Role/Audience Features/Access_radioButton/List_No Access' is checked

2020-03-13 13:36:17 - [TEST_STEP][PASSED] - click(findTestObject("ROLES/Create Role/Audience Features/Access_labels/List_Read Only")): Object: 'Object Repository/ROLES/Create Role/Audience Features/Access_labels/List_Read Only' is clicked on

2020-03-13 13:36:17 - [MESSAGE][PASSED] - Object: 'Object Repository/ROLES/Create Role/Audience Features/Access_labels/List_Read Only' is clicked on

2020-03-13 13:36:17 - [TEST_STEP][PASSED] - verifyElementNotChecked(findTestObject("ROLES/Create Role/Audience Features/Access_radioButton/List_No Access"), 230): Object 'Object Repository/ROLES/Create Role/Audience Features/Access_radioButton/List_No Access' is not checked

2020-03-13 13:36:18 - [MESSAGE][PASSED] - Object 'Object Repository/ROLES/Create Role/Audience Features/Access_radioButton/List_No Access' is not checked

2020-03-13 13:36:18 - [TEST_STEP][PASSED] - verifyElementChecked(findTestObject("ROLES/Create Role/Audience Features/Access_radioButton/List_Read Only"), 230): Object 'Object Repository/ROLES/Create Role/Audience Features/Access_radioButton/List_Read Only' is checked

2020-03-13 13:36:18 - [MESSAGE][PASSED] - Object 'Object Repository/ROLES/Create Role/Audience Features/Access_radioButton/List_Read Only' is checked

2020-03-13 13:36:18 - [TEST_STEP][PASSED] - verifyElementChecked(findTestObject("ROLES/Create Role/Audience Features/Access_radioButton/Opt_No Access"), 230): Object 'Object Repository/ROLES/Create Role/Audience Features/Access_radioButton/Opt_No Access' is checked

2020-03-13 13:36:18 - [MESSAGE][PASSED] - Object 'Object Repository/ROLES/Create Role/Audience Features/Access_radioButton/Opt_No Access' is checked

2020-03-13 13:36:18 - [TEST_STEP][PASSED] - click(findTestObject("ROLES/Create Role/Audience Features/Access_labels/Opt_Read Only")): Object: 'Object Repository/ROLES/Create Role/Audience Features/Access_labels/Opt_Read Only' is clicked on

2020-03-13 13:36:19 - [MESSAGE][PASSED] - Object: 'Object Repository/ROLES/Create Role/Audience Features/Access_labels/Opt_Read Only' is clicked on

2020-03-13 13:36:19 - [TEST_STEP][PASSED] - verifyElementNotChecked(findTestObject("ROLES/Create Role/Audience Features/Access_radioButton/Opt_No Access"), 230): Object 'Object Repository/ROLES/Create Role/Audience Features/Access_radioButton/Opt_No Access' is not checked

2020-03-13 13:36:19 - [MESSAGE][PASSED] - Object 'Object Repository/ROLES/Create Role/Audience Features/Access_radioButton/Opt_No Access' is not checked

2020-03-13 13:36:19 - [TEST_STEP][PASSED] - verifyElementChecked(findTestObject("ROLES/Create Role/Audience Features/Access_radioButton/Opt_Read Only"), 230): Object 'Object Repository/ROLES/Create Role/Audience Features/Access_radioButton/Opt_Read Only' is checked

2020-03-13 13:36:20 - [MESSAGE][PASSED] - Object 'Object Repository/ROLES/Create Role/Audience Features/Access_radioButton/Opt_Read Only' is checked

2020-03-13 13:36:20 - [TEST_STEP][PASSED] - verifyElementChecked(findTestObject("ROLES/Create Role/Audience Features/Access_radioButton/Speed_No Access"), 230): Object 'Object Repository/ROLES/Create Role/Audience Features/Access_radioButton/Speed_No Access' is checked

2020-03-13 13:36:20 - [MESSAGE][PASSED] - Object 'Object Repository/ROLES/Create Role/Audience Features/Access_radioButton/Speed_No Access' is checked

2020-03-13 13:36:20 - [TEST_STEP][PASSED] - click(findTestObject("ROLES/Create Role/Audience Features/Access_labels/Speed_Read Only")): Object: 'Object Repository/ROLES/Create Role/Audience Features/Access_labels/Speed_Read Only' is clicked on

2020-03-13 13:36:20 - [MESSAGE][PASSED] - Object: 'Object Repository/ROLES/Create Role/Audience Features/Access_labels/Speed_Read Only' is clicked on

2020-03-13 13:36:20 - [TEST_STEP][PASSED] - verifyElementNotChecked(findTestObject("ROLES/Create Role/Audience Features/Access_radioButton/Speed_No Access"), 230): Object 'Object Repository/ROLES/Create Role/Audience Features/Access_radioButton/Speed_No Access' is not checked

2020-03-13 13:36:21 - [MESSAGE][PASSED] - Object 'Object Repository/ROLES/Create Role/Audience Features/Access_radioButton/Speed_No Access' is not checked

2020-03-13 13:36:21 - [TEST_STEP][PASSED] - verifyElementChecked(findTestObject("ROLES/Create Role/Audience Features/Access_radioButton/Speed_Read Only"), 230): Object 'Object Repository/ROLES/Create Role/Audience Features/Access_radioButton/Speed_Read Only' is checked

2020-03-13 13:36:21 - [MESSAGE][PASSED] - Object 'Object Repository/ROLES/Create Role/Audience Features/Access_radioButton/Speed_Read Only' is checked

2020-03-13 13:36:21 - [TEST_STEP][PASSED] - verifyElementChecked(findTestObject("ROLES/Create Role/Audience Features/Access_radioButton/Suppression_No Access"), 230): Object 'Object Repository/ROLES/Create Role/Audience Features/Access_radioButton/Suppression_No Access' is checked

2020-03-13 13:36:21 - [MESSAGE][PASSED] - Object 'Object Repository/ROLES/Create Role/Audience Features/Access_radioButton/Suppression_No Access' is checked

2020-03-13 13:36:21 - [TEST_STEP][PASSED] - click(findTestObject("ROLES/Create Role/Audience Features/Access_labels/Suppression_Read Only")): Object: 'Object Repository/ROLES/Create Role/Audience Features/Access_labels/Suppression_Read Only' is clicked on

2020-03-13 13:36:22 - [MESSAGE][PASSED] - Object: 'Object Repository/ROLES/Create Role/Audience Features/Access_labels/Suppression_Read Only' is clicked on

2020-03-13 13:36:22 - [TEST_STEP][PASSED] - verifyElementNotChecked(findTestObject("ROLES/Create Role/Audience Features/Access_radioButton/Suppression_No Access"), 230): Object 'Object Repository/ROLES/Create Role/Audience Features/Access_radioButton/Suppression_No Access' is not checked

2020-03-13 13:36:22 - [MESSAGE][PASSED] - Object 'Object Repository/ROLES/Create Role/Audience Features/Access_radioButton/Suppression_No Access' is not checked

2020-03-13 13:36:22 - [TEST_STEP][PASSED] - verifyElementChecked(findTestObject("ROLES/Create Role/Audience Features/Access_radioButton/Suppression_Read Only"), 230): Object 'Object Repository/ROLES/Create Role/Audience Features/Access_radioButton/Suppression_Read Only' is checked

2020-03-13 13:36:22 - [MESSAGE][PASSED] - Object 'Object Repository/ROLES/Create Role/Audience Features/Access_radioButton/Suppression_Read Only' is checked

2020-03-13 13:36:22 - [TEST_STEP][PASSED] - click(findTestObject("ROLES/Create Role/Audience Features/Access_labels/DMS_All Access")): Object: 'Object Repository/ROLES/Create Role/Audience Features/Access_labels/DMS_All Access' is clicked on

2020-03-13 13:36:23 - [MESSAGE][PASSED] - Object: 'Object Repository/ROLES/Create Role/Audience Features/Access_labels/DMS_All Access' is clicked on

2020-03-13 13:36:23 - [TEST_STEP][PASSED] - verifyElementNotChecked(findTestObject("ROLES/Create Role/Audience Features/Access_radioButton/DMS_Read Only"), 230): Object 'Object Repository/ROLES/Create Role/Audience Features/Access_radioButton/DMS_Read Only' is not checked

2020-03-13 13:36:23 - [MESSAGE][PASSED] - Object 'Object Repository/ROLES/Create Role/Audience Features/Access_radioButton/DMS_Read Only' is not checked

2020-03-13 13:36:23 - [TEST_STEP][PASSED] - verifyElementChecked(findTestObject("ROLES/Create Role/Audience Features/Access_radioButton/DMS_All Access"), 230): Object 'Object Repository/ROLES/Create Role/Audience Features/Access_radioButton/DMS_All Access' is checked

2020-03-13 13:36:23 - [MESSAGE][PASSED] - Object 'Object Repository/ROLES/Create Role/Audience Features/Access_radioButton/DMS_All Access' is checked

2020-03-13 13:36:23 - [TEST_STEP][PASSED] - click(findTestObject("ROLES/Create Role/Audience Features/Access_labels/List_All Access")): Object: 'Object Repository/ROLES/Create Role/Audience Features/Access_labels/List_All Access' is clicked on

2020-03-13 13:36:24 - [MESSAGE][PASSED] - Object: 'Object Repository/ROLES/Create Role/Audience Features/Access_labels/List_All Access' is clicked on

2020-03-13 13:36:24 - [TEST_STEP][PASSED] - verifyElementNotChecked(findTestObject("ROLES/Create Role/Audience Features/Access_radioButton/List_Read Only"), 230): Object 'Object Repository/ROLES/Create Role/Audience Features/Access_radioButton/List_Read Only' is not checked

2020-03-13 13:36:24 - [MESSAGE][PASSED] - Object 'Object Repository/ROLES/Create Role/Audience Features/Access_radioButton/List_Read Only' is not checked

2020-03-13 13:36:24 - [TEST_STEP][PASSED] - verifyElementChecked(findTestObject("ROLES/Create Role/Audience Features/Access_radioButton/List_All Access"), 230): Object 'Object Repository/ROLES/Create Role/Audience Features/Access_radioButton/List_All Access' is checked

2020-03-13 13:36:25 - [MESSAGE][PASSED] - Object 'Object Repository/ROLES/Create Role/Audience Features/Access_radioButton/List_All Access' is checked

2020-03-13 13:36:25 - [TEST_STEP][PASSED] - click(findTestObject("ROLES/Create Role/Audience Features/Access_labels/Opt_All Access")): Object: 'Object Repository/ROLES/Create Role/Audience Features/Access_labels/Opt_All Access' is clicked on

2020-03-13 13:36:25 - [MESSAGE][PASSED] - Object: 'Object Repository/ROLES/Create Role/Audience Features/Access_labels/Opt_All Access' is clicked on

2020-03-13 13:36:25 - [TEST_STEP][PASSED] - verifyElementNotChecked(findTestObject("ROLES/Create Role/Audience Features/Access_radioButton/Opt_Read Only"), 230): Object 'Object Repository/ROLES/Create Role/Audience Features/Access_radioButton/Opt_Read Only' is not checked

2020-03-13 13:36:25 - [MESSAGE][PASSED] - Object 'Object Repository/ROLES/Create Role/Audience Features/Access_radioButton/Opt_Read Only' is not checked

2020-03-13 13:36:25 - [TEST_STEP][PASSED] - verifyElementChecked(findTestObject("ROLES/Create Role/Audience Features/Access_radioButton/Opt_All Access"), 230): Object 'Object Repository/ROLES/Create Role/Audience Features/Access_radioButton/Opt_All Access' is checked

2020-03-13 13:36:26 - [MESSAGE][PASSED] - Object 'Object Repository/ROLES/Create Role/Audience Features/Access_radioButton/Opt_All Access' is checked

2020-03-13 13:36:26 - [TEST_STEP][PASSED] - click(findTestObject("ROLES/Create Role/Audience Features/Access_radioButton/Seed_All Access(label)")): Object: 'Object Repository/ROLES/Create Role/Audience Features/Access_radioButton/Seed_All Access(label)' is clicked on

2020-03-13 13:36:26 - [MESSAGE][PASSED] - Object: 'Object Repository/ROLES/Create Role/Audience Features/Access_radioButton/Seed_All Access(label)' is clicked on

2020-03-13 13:36:26 - [TEST_STEP][PASSED] - verifyElementNotChecked(findTestObject("ROLES/Create Role/Audience Features/Access_radioButton/Speed_Read Only"), 230): Object 'Object Repository/ROLES/Create Role/Audience Features/Access_radioButton/Speed_Read Only' is not checked

2020-03-13 13:36:26 - [MESSAGE][PASSED] - Object 'Object Repository/ROLES/Create Role/Audience Features/Access_radioButton/Speed_Read Only' is not checked

2020-03-13 13:36:26 - [TEST_STEP][PASSED] - verifyElementChecked(findTestObject("ROLES/Create Role/Audience Features/Access_radioButton/Speed_All Access"), 230): Object 'Object Repository/ROLES/Create Role/Audience Features/Access_radioButton/Speed_All Access' is checked

2020-03-13 13:36:27 - [MESSAGE][PASSED] - Object 'Object Repository/ROLES/Create Role/Audience Features/Access_radioButton/Speed_All Access' is checked

2020-03-13 13:36:27 - [TEST_STEP][PASSED] - click(findTestObject("ROLES/Create Role/Audience Features/Access_labels/Suppression_All Access")): Object: 'Object Repository/ROLES/Create Role/Audience Features/Access_labels/Suppression_All Access' is clicked on

2020-03-13 13:36:27 - [MESSAGE][PASSED] - Object: 'Object Repository/ROLES/Create Role/Audience Features/Access_labels/Suppression_All Access' is clicked on

2020-03-13 13:36:27 - [TEST_STEP][PASSED] - verifyElementNotChecked(findTestObject("ROLES/Create Role/Audience Features/Access_radioButton/Suppression_Read Only"), 230): Object 'Object Repository/ROLES/Create Role/Audience Features/Access_radioButton/Suppression_Read Only' is not checked

2020-03-13 13:36:28 - [MESSAGE][PASSED] - Object 'Object Repository/ROLES/Create Role/Audience Features/Access_radioButton/Suppression_Read Only' is not checked

2020-03-13 13:36:28 - [TEST_STEP][PASSED] - verifyElementChecked(findTestObject("ROLES/Create Role/Audience Features/Access_radioButton/Suppression_All Access"), 230): Object 'Object Repository/ROLES/Create Role/Audience Features/Access_radioButton/Suppression_All Access' is checked

2020-03-13 13:36:28 - [MESSAGE][PASSED] - Object 'Object Repository/ROLES/Create Role/Audience Features/Access_radioButton/Suppression_All Access' is checked

2020-03-13 13:36:28 - [TEST_STEP][PASSED] - verifyElementChecked(findTestObject("ROLES/Create Role/Audience Features/checkbox_segmentBuilder"), 0): Object 'Object Repository/ROLES/Create Role/Audience Features/checkbox_segmentBuilder' is checked

2020-03-13 13:36:28 - [MESSAGE][WARNING] - Timeout '0' is invalid. Using default page load timeout: '230'

2020-03-13 13:36:28 - [MESSAGE][PASSED] - Object 'Object Repository/ROLES/Create Role/Audience Features/checkbox_segmentBuilder' is checked

2020-03-13 13:36:28 - [TEST_STEP][PASSED] - click(findTestObject("ROLES/Create Role/Audience Features/span_Segment Builder"), CONTINUE_ON_FAILURE): Object: 'Object Repository/ROLES/Create Role/Audience Features/span_Segment Builder' is clicked on

2020-03-13 13:36:29 - [MESSAGE][PASSED] - Object: 'Object Repository/ROLES/Create Role/Audience Features/span_Segment Builder' is clicked on

2020-03-13 13:36:29 - [TEST_STEP][PASSED] - verifyElementNotChecked(findTestObject("ROLES/Create Role/Audience Features/checkbox_segmentBuilder"), 0): Object 'Object Repository/ROLES/Create Role/Audience Features/checkbox_segmentBuilder' is not checked

2020-03-13 13:36:29 - [MESSAGE][WARNING] - Timeout '0' is invalid. Using default page load timeout: '230'

2020-03-13 13:36:29 - [MESSAGE][PASSED] - Object 'Object Repository/ROLES/Create Role/Audience Features/checkbox_segmentBuilder' is not checked

2020-03-13 13:36:29 - [TEST_STEP][NOT_RUN] - verifyElementPresent(findTestObject("ROLES/Create Role/Audience Features/tickMark_AudienceFeatures"), 0): NOT_RUN: verifyElementPresent(findTestObject("ROLES/Create Role/Audience Features/tickMark_AudienceFeatures"), 0)

2020-03-13 13:36:29 - [MESSAGE][NOT_RUN] - NOT_RUN: verifyElementPresent(findTestObject("ROLES/Create Role/Audience Features/tickMark_AudienceFeatures"), 0)

2020-03-13 13:36:29 - [TEST_STEP][PASSED] - Start listener action : sampleAfterTestCase: null

2020-03-13 13:36:29 - [TEST_STEP][PASSED] - println(testCaseContext.getTestCaseId()): null

2020-03-13 13:36:29 - [TEST_STEP][PASSED] - println(testCaseContext.getTestCaseStatus()): null

2020-03-13 13:36:29 - [TEST_STEP][PASSED] - println("On Failure Method is Calling : " + testCaseContext.getTestCaseStatus()): null

2020-03-13 13:36:29 - [TEST_STEP][PASSED] - if (!(getTestCaseStatus().equalsIgnoreCase("PASSED"))): null]]></system-out>
         <system-err><![CDATA[]]></system-err>
      </testcase>
      <testcase name="Test Cases/Atlas Platform/Configuration Management/Platform Management/ROLES/Create Role/Validate presence of all the Elements in Creating Role/CR05 Verify Message Features tab in New Role page" time="18.212" classname="Test Cases/Atlas Platform/Configuration Management/Platform Management/ROLES/Create Role/Validate presence of all the Elements in Creating Role/CR05 Verify Message Features tab in New Role page" status="PASSED">
         <system-out><![CDATA[2020-03-13 13:36:31 - [TEST_CASE][PASSED] - Test Cases/Atlas Platform/Configuration Management/Platform Management/ROLES/Create Role/Validate presence of all the Elements in Creating Role/CR05 Verify Message Features tab in New Role page: Test Cases/Atlas Platform/Configuration Management/Platform Management/ROLES/Create Role/Validate presence of all the Elements in Creating Role/CR05 Verify Message Features tab in New Role page

2020-03-13 13:36:31 - [TEST_STEP][NOT_RUN] - callTestCase(findTestCase("Atlas Platform/Platform Navigation/Login/Default Logins/Default_Login_as_Root Admin"), ["Email":findTestData("AMP_Y").getValue(1, 1), "Password":findTestData("AMP_Y").getValue(2, 1), "dashboard_exp_title":""], CONTINUE_ON_FAILURE): NOT_RUN: callTestCase(findTestCase("Atlas Platform/Platform Navigation/Login/Default Logins/Default_Login_as_Root Admin"), ["Email":findTestData("AMP_Y").getValue(1, 1), "Password":findTestData("AMP_Y").getValue(2, 1), "dashboard_exp_title":""], CONTINUE_ON_FAILURE)

2020-03-13 13:36:31 - [MESSAGE][NOT_RUN] - NOT_RUN: callTestCase(findTestCase("Atlas Platform/Platform Navigation/Login/Default Logins/Default_Login_as_Root Admin"), ["Email":findTestData("AMP_Y").getValue(1, 1), "Password":findTestData("AMP_Y").getValue(2, 1), "dashboard_exp_title":""], CONTINUE_ON_FAILURE)

2020-03-13 13:36:31 - [TEST_STEP][NOT_RUN] - click(findTestObject("ROLES/Role_Navigation/a_ADMIN")): NOT_RUN: click(findTestObject("ROLES/Role_Navigation/a_ADMIN"))

2020-03-13 13:36:31 - [MESSAGE][NOT_RUN] - NOT_RUN: click(findTestObject("ROLES/Role_Navigation/a_ADMIN"))

2020-03-13 13:36:31 - [TEST_STEP][NOT_RUN] - click(findTestObject("ROLES/Roles_page/Create Role_button")): NOT_RUN: click(findTestObject("ROLES/Roles_page/Create Role_button"))

2020-03-13 13:36:31 - [MESSAGE][NOT_RUN] - NOT_RUN: click(findTestObject("ROLES/Roles_page/Create Role_button"))

2020-03-13 13:36:31 - [TEST_STEP][PASSED] - click(findTestObject("ROLES/Create Role/New Role_page/a_Message Features")): Object: 'Object Repository/ROLES/Create Role/New Role_page/a_Message Features' is clicked on

2020-03-13 13:36:32 - [MESSAGE][PASSED] - Object: 'Object Repository/ROLES/Create Role/New Role_page/a_Message Features' is clicked on

2020-03-13 13:36:32 - [TEST_STEP][PASSED] - verifyElementPresent(findTestObject("ROLES/Create Role/Message Features/h2_Message Features"), 0): Object 'Object Repository/ROLES/Create Role/Message Features/h2_Message Features' is present

2020-03-13 13:36:32 - [MESSAGE][WARNING] - Timeout '0' is invalid. Using default page load timeout: '230'

2020-03-13 13:36:34 - [MESSAGE][PASSED] - Object 'Object Repository/ROLES/Create Role/Message Features/h2_Message Features' is present

2020-03-13 13:36:34 - [TEST_STEP][PASSED] - verifyElementPresent(findTestObject("ROLES/Create Role/Message Features/label_Batch Messaging"), 0): Object 'Object Repository/ROLES/Create Role/Message Features/label_Batch Messaging' is present

2020-03-13 13:36:34 - [MESSAGE][WARNING] - Timeout '0' is invalid. Using default page load timeout: '230'

2020-03-13 13:36:34 - [MESSAGE][PASSED] - Object 'Object Repository/ROLES/Create Role/Message Features/label_Batch Messaging' is present

2020-03-13 13:36:34 - [TEST_STEP][PASSED] - verifyElementPresent(findTestObject("ROLES/Create Role/Message Features/label_Distributed Messaging"), 0): Object 'Object Repository/ROLES/Create Role/Message Features/label_Distributed Messaging' is present

2020-03-13 13:36:34 - [MESSAGE][WARNING] - Timeout '0' is invalid. Using default page load timeout: '230'

2020-03-13 13:36:34 - [MESSAGE][PASSED] - Object 'Object Repository/ROLES/Create Role/Message Features/label_Distributed Messaging' is present

2020-03-13 13:36:34 - [TEST_STEP][PASSED] - verifyElementPresent(findTestObject("ROLES/Create Role/Message Features/label_Triggered Messaging"), 0): Object 'Object Repository/ROLES/Create Role/Message Features/label_Triggered Messaging' is present

2020-03-13 13:36:34 - [MESSAGE][WARNING] - Timeout '0' is invalid. Using default page load timeout: '230'

2020-03-13 13:36:35 - [MESSAGE][PASSED] - Object 'Object Repository/ROLES/Create Role/Message Features/label_Triggered Messaging' is present

2020-03-13 13:36:35 - [TEST_STEP][PASSED] - verifyElementPresent(findTestObject("ROLES/Create Role/Message Features/label_Approval Process"), 0): Object 'Object Repository/ROLES/Create Role/Message Features/label_Approval Process' is present

2020-03-13 13:36:35 - [MESSAGE][WARNING] - Timeout '0' is invalid. Using default page load timeout: '230'

2020-03-13 13:36:35 - [MESSAGE][PASSED] - Object 'Object Repository/ROLES/Create Role/Message Features/label_Approval Process' is present

2020-03-13 13:36:35 - [TEST_STEP][PASSED] - verifyElementPresent(findTestObject("ROLES/Create Role/Message Features/label_Marketing Automation"), 0): Object 'Object Repository/ROLES/Create Role/Message Features/label_Marketing Automation' is present

2020-03-13 13:36:35 - [MESSAGE][WARNING] - Timeout '0' is invalid. Using default page load timeout: '230'

2020-03-13 13:36:35 - [MESSAGE][PASSED] - Object 'Object Repository/ROLES/Create Role/Message Features/label_Marketing Automation' is present

2020-03-13 13:36:35 - [TEST_STEP][PASSED] - verifyElementPresent(findTestObject("ROLES/Create Role/Message Features/Access_radioButton/Batch_All Access"), 0): Object 'Object Repository/ROLES/Create Role/Message Features/Access_radioButton/Batch_All Access' is present

2020-03-13 13:36:35 - [MESSAGE][WARNING] - Timeout '0' is invalid. Using default page load timeout: '230'

2020-03-13 13:36:36 - [MESSAGE][PASSED] - Object 'Object Repository/ROLES/Create Role/Message Features/Access_radioButton/Batch_All Access' is present

2020-03-13 13:36:36 - [TEST_STEP][PASSED] - verifyElementPresent(findTestObject("ROLES/Create Role/Message Features/Access_radioButton/Batch_Read Only"), 0): Object 'Object Repository/ROLES/Create Role/Message Features/Access_radioButton/Batch_Read Only' is present

2020-03-13 13:36:36 - [MESSAGE][WARNING] - Timeout '0' is invalid. Using default page load timeout: '230'

2020-03-13 13:36:36 - [MESSAGE][PASSED] - Object 'Object Repository/ROLES/Create Role/Message Features/Access_radioButton/Batch_Read Only' is present

2020-03-13 13:36:36 - [TEST_STEP][PASSED] - verifyElementPresent(findTestObject("ROLES/Create Role/Message Features/Access_radioButton/Batch_No Access"), 0): Object 'Object Repository/ROLES/Create Role/Message Features/Access_radioButton/Batch_No Access' is present

2020-03-13 13:36:36 - [MESSAGE][WARNING] - Timeout '0' is invalid. Using default page load timeout: '230'

2020-03-13 13:36:37 - [MESSAGE][PASSED] - Object 'Object Repository/ROLES/Create Role/Message Features/Access_radioButton/Batch_No Access' is present

2020-03-13 13:36:37 - [TEST_STEP][PASSED] - verifyElementChecked(findTestObject("ROLES/Create Role/Message Features/Access_radioButton/Batch_No Access"), 0): Object 'Object Repository/ROLES/Create Role/Message Features/Access_radioButton/Batch_No Access' is checked

2020-03-13 13:36:37 - [MESSAGE][WARNING] - Timeout '0' is invalid. Using default page load timeout: '230'

2020-03-13 13:36:37 - [MESSAGE][PASSED] - Object 'Object Repository/ROLES/Create Role/Message Features/Access_radioButton/Batch_No Access' is checked

2020-03-13 13:36:37 - [TEST_STEP][PASSED] - verifyElementPresent(findTestObject("ROLES/Create Role/Message Features/Access_radioButton/Distributed_All Access"), 0): Object 'Object Repository/ROLES/Create Role/Message Features/Access_radioButton/Distributed_All Access' is present

2020-03-13 13:36:37 - [MESSAGE][WARNING] - Timeout '0' is invalid. Using default page load timeout: '230'

2020-03-13 13:36:37 - [MESSAGE][PASSED] - Object 'Object Repository/ROLES/Create Role/Message Features/Access_radioButton/Distributed_All Access' is present

2020-03-13 13:36:37 - [TEST_STEP][PASSED] - verifyElementPresent(findTestObject("ROLES/Create Role/Message Features/Access_radioButton/Distributed_Read Only"), 0): Object 'Object Repository/ROLES/Create Role/Message Features/Access_radioButton/Distributed_Read Only' is present

2020-03-13 13:36:37 - [MESSAGE][WARNING] - Timeout '0' is invalid. Using default page load timeout: '230'

2020-03-13 13:36:38 - [MESSAGE][PASSED] - Object 'Object Repository/ROLES/Create Role/Message Features/Access_radioButton/Distributed_Read Only' is present

2020-03-13 13:36:38 - [TEST_STEP][PASSED] - verifyElementPresent(findTestObject("ROLES/Create Role/Message Features/Access_radioButton/Distributed_No Access"), 0): Object 'Object Repository/ROLES/Create Role/Message Features/Access_radioButton/Distributed_No Access' is present

2020-03-13 13:36:38 - [MESSAGE][WARNING] - Timeout '0' is invalid. Using default page load timeout: '230'

2020-03-13 13:36:38 - [MESSAGE][PASSED] - Object 'Object Repository/ROLES/Create Role/Message Features/Access_radioButton/Distributed_No Access' is present

2020-03-13 13:36:38 - [TEST_STEP][PASSED] - verifyElementChecked(findTestObject("ROLES/Create Role/Message Features/Access_radioButton/Distributed_No Access"), 0): Object 'Object Repository/ROLES/Create Role/Message Features/Access_radioButton/Distributed_No Access' is checked

2020-03-13 13:36:38 - [MESSAGE][WARNING] - Timeout '0' is invalid. Using default page load timeout: '230'

2020-03-13 13:36:38 - [MESSAGE][PASSED] - Object 'Object Repository/ROLES/Create Role/Message Features/Access_radioButton/Distributed_No Access' is checked

2020-03-13 13:36:38 - [TEST_STEP][PASSED] - verifyElementPresent(findTestObject("ROLES/Create Role/Message Features/Access_radioButton/Triggered_All Access"), 0): Object 'Object Repository/ROLES/Create Role/Message Features/Access_radioButton/Triggered_All Access' is present

2020-03-13 13:36:38 - [MESSAGE][WARNING] - Timeout '0' is invalid. Using default page load timeout: '230'

2020-03-13 13:36:39 - [MESSAGE][PASSED] - Object 'Object Repository/ROLES/Create Role/Message Features/Access_radioButton/Triggered_All Access' is present

2020-03-13 13:36:39 - [TEST_STEP][PASSED] - verifyElementPresent(findTestObject("ROLES/Create Role/Message Features/Access_radioButton/Triggered_Read Only"), 0): Object 'Object Repository/ROLES/Create Role/Message Features/Access_radioButton/Triggered_Read Only' is present

2020-03-13 13:36:39 - [MESSAGE][WARNING] - Timeout '0' is invalid. Using default page load timeout: '230'

2020-03-13 13:36:39 - [MESSAGE][PASSED] - Object 'Object Repository/ROLES/Create Role/Message Features/Access_radioButton/Triggered_Read Only' is present

2020-03-13 13:36:39 - [TEST_STEP][PASSED] - verifyElementPresent(findTestObject("ROLES/Create Role/Message Features/Access_radioButton/Triggered_No Access"), 0): Object 'Object Repository/ROLES/Create Role/Message Features/Access_radioButton/Triggered_No Access' is present

2020-03-13 13:36:39 - [MESSAGE][WARNING] - Timeout '0' is invalid. Using default page load timeout: '230'

2020-03-13 13:36:39 - [MESSAGE][PASSED] - Object 'Object Repository/ROLES/Create Role/Message Features/Access_radioButton/Triggered_No Access' is present

2020-03-13 13:36:39 - [TEST_STEP][PASSED] - verifyElementChecked(findTestObject("ROLES/Create Role/Message Features/Access_radioButton/Triggered_No Access"), 0): Object 'Object Repository/ROLES/Create Role/Message Features/Access_radioButton/Triggered_No Access' is checked

2020-03-13 13:36:39 - [MESSAGE][WARNING] - Timeout '0' is invalid. Using default page load timeout: '230'

2020-03-13 13:36:40 - [MESSAGE][PASSED] - Object 'Object Repository/ROLES/Create Role/Message Features/Access_radioButton/Triggered_No Access' is checked

2020-03-13 13:36:40 - [TEST_STEP][PASSED] - verifyElementPresent(findTestObject("ROLES/Create Role/Message Features/Access_radioButton/Approval_All Access"), 0): Object 'Object Repository/ROLES/Create Role/Message Features/Access_radioButton/Approval_All Access' is present

2020-03-13 13:36:40 - [MESSAGE][WARNING] - Timeout '0' is invalid. Using default page load timeout: '230'

2020-03-13 13:36:40 - [MESSAGE][PASSED] - Object 'Object Repository/ROLES/Create Role/Message Features/Access_radioButton/Approval_All Access' is present

2020-03-13 13:36:40 - [TEST_STEP][PASSED] - verifyElementPresent(findTestObject("ROLES/Create Role/Message Features/Access_radioButton/Approval_Read Only"), 0): Object 'Object Repository/ROLES/Create Role/Message Features/Access_radioButton/Approval_Read Only' is present

2020-03-13 13:36:40 - [MESSAGE][WARNING] - Timeout '0' is invalid. Using default page load timeout: '230'

2020-03-13 13:36:40 - [MESSAGE][PASSED] - Object 'Object Repository/ROLES/Create Role/Message Features/Access_radioButton/Approval_Read Only' is present

2020-03-13 13:36:40 - [TEST_STEP][PASSED] - verifyElementPresent(findTestObject("ROLES/Create Role/Message Features/Access_radioButton/Approval_No Access"), 0): Object 'Object Repository/ROLES/Create Role/Message Features/Access_radioButton/Approval_No Access' is present

2020-03-13 13:36:40 - [MESSAGE][WARNING] - Timeout '0' is invalid. Using default page load timeout: '230'

2020-03-13 13:36:41 - [MESSAGE][PASSED] - Object 'Object Repository/ROLES/Create Role/Message Features/Access_radioButton/Approval_No Access' is present

2020-03-13 13:36:41 - [TEST_STEP][PASSED] - verifyElementChecked(findTestObject("ROLES/Create Role/Message Features/Access_radioButton/Approval_No Access"), 0): Object 'Object Repository/ROLES/Create Role/Message Features/Access_radioButton/Approval_No Access' is checked

2020-03-13 13:36:41 - [MESSAGE][WARNING] - Timeout '0' is invalid. Using default page load timeout: '230'

2020-03-13 13:36:41 - [MESSAGE][PASSED] - Object 'Object Repository/ROLES/Create Role/Message Features/Access_radioButton/Approval_No Access' is checked

2020-03-13 13:36:41 - [TEST_STEP][PASSED] - verifyElementPresent(findTestObject("ROLES/Create Role/Message Features/Access_radioButton/Marketing_All Access"), 0): Object 'Object Repository/ROLES/Create Role/Message Features/Access_radioButton/Marketing_All Access' is present

2020-03-13 13:36:41 - [MESSAGE][WARNING] - Timeout '0' is invalid. Using default page load timeout: '230'

2020-03-13 13:36:41 - [MESSAGE][PASSED] - Object 'Object Repository/ROLES/Create Role/Message Features/Access_radioButton/Marketing_All Access' is present

2020-03-13 13:36:41 - [TEST_STEP][PASSED] - verifyElementPresent(findTestObject("ROLES/Create Role/Message Features/Access_radioButton/Marketing_Read Only"), 0): Object 'Object Repository/ROLES/Create Role/Message Features/Access_radioButton/Marketing_Read Only' is present

2020-03-13 13:36:41 - [MESSAGE][WARNING] - Timeout '0' is invalid. Using default page load timeout: '230'

2020-03-13 13:36:42 - [MESSAGE][PASSED] - Object 'Object Repository/ROLES/Create Role/Message Features/Access_radioButton/Marketing_Read Only' is present

2020-03-13 13:36:42 - [TEST_STEP][PASSED] - verifyElementPresent(findTestObject("ROLES/Create Role/Message Features/Access_radioButton/Marketing_No Access"), 0): Object 'Object Repository/ROLES/Create Role/Message Features/Access_radioButton/Marketing_No Access' is present

2020-03-13 13:36:42 - [MESSAGE][WARNING] - Timeout '0' is invalid. Using default page load timeout: '230'

2020-03-13 13:36:42 - [MESSAGE][PASSED] - Object 'Object Repository/ROLES/Create Role/Message Features/Access_radioButton/Marketing_No Access' is present

2020-03-13 13:36:42 - [TEST_STEP][PASSED] - verifyElementChecked(findTestObject("ROLES/Create Role/Message Features/Access_radioButton/Marketing_No Access"), 0): Object 'Object Repository/ROLES/Create Role/Message Features/Access_radioButton/Marketing_No Access' is checked

2020-03-13 13:36:42 - [MESSAGE][WARNING] - Timeout '0' is invalid. Using default page load timeout: '230'

2020-03-13 13:36:42 - [MESSAGE][PASSED] - Object 'Object Repository/ROLES/Create Role/Message Features/Access_radioButton/Marketing_No Access' is checked

2020-03-13 13:36:42 - [TEST_STEP][PASSED] - verifyElementPresent(findTestObject("ROLES/Create Role/Message Features/Access_labels/Batch_All Access"), 0): Object 'Object Repository/ROLES/Create Role/Message Features/Access_labels/Batch_All Access' is present

2020-03-13 13:36:42 - [MESSAGE][WARNING] - Timeout '0' is invalid. Using default page load timeout: '230'

2020-03-13 13:36:43 - [MESSAGE][PASSED] - Object 'Object Repository/ROLES/Create Role/Message Features/Access_labels/Batch_All Access' is present

2020-03-13 13:36:43 - [TEST_STEP][PASSED] - verifyElementPresent(findTestObject("ROLES/Create Role/Message Features/Access_labels/Batch_Read Only"), 0): Object 'Object Repository/ROLES/Create Role/Message Features/Access_labels/Batch_Read Only' is present

2020-03-13 13:36:43 - [MESSAGE][WARNING] - Timeout '0' is invalid. Using default page load timeout: '230'

2020-03-13 13:36:43 - [MESSAGE][PASSED] - Object 'Object Repository/ROLES/Create Role/Message Features/Access_labels/Batch_Read Only' is present

2020-03-13 13:36:43 - [TEST_STEP][PASSED] - verifyElementPresent(findTestObject("ROLES/Create Role/Message Features/Access_labels/Batch_No Access"), 0): Object 'Object Repository/ROLES/Create Role/Message Features/Access_labels/Batch_No Access' is present

2020-03-13 13:36:43 - [MESSAGE][WARNING] - Timeout '0' is invalid. Using default page load timeout: '230'

2020-03-13 13:36:43 - [MESSAGE][PASSED] - Object 'Object Repository/ROLES/Create Role/Message Features/Access_labels/Batch_No Access' is present

2020-03-13 13:36:43 - [TEST_STEP][PASSED] - verifyElementPresent(findTestObject("ROLES/Create Role/Message Features/Access_labels/Distributed_All Access"), 0): Object 'Object Repository/ROLES/Create Role/Message Features/Access_labels/Distributed_All Access' is present

2020-03-13 13:36:43 - [MESSAGE][WARNING] - Timeout '0' is invalid. Using default page load timeout: '230'

2020-03-13 13:36:44 - [MESSAGE][PASSED] - Object 'Object Repository/ROLES/Create Role/Message Features/Access_labels/Distributed_All Access' is present

2020-03-13 13:36:44 - [TEST_STEP][PASSED] - verifyElementPresent(findTestObject("ROLES/Create Role/Message Features/Access_labels/Distributed_Read Only"), 0): Object 'Object Repository/ROLES/Create Role/Message Features/Access_labels/Distributed_Read Only' is present

2020-03-13 13:36:44 - [MESSAGE][WARNING] - Timeout '0' is invalid. Using default page load timeout: '230'

2020-03-13 13:36:44 - [MESSAGE][PASSED] - Object 'Object Repository/ROLES/Create Role/Message Features/Access_labels/Distributed_Read Only' is present

2020-03-13 13:36:44 - [TEST_STEP][PASSED] - verifyElementPresent(findTestObject("ROLES/Create Role/Message Features/Access_labels/Distributed_No Access"), 0): Object 'Object Repository/ROLES/Create Role/Message Features/Access_labels/Distributed_No Access' is present

2020-03-13 13:36:44 - [MESSAGE][WARNING] - Timeout '0' is invalid. Using default page load timeout: '230'

2020-03-13 13:36:44 - [MESSAGE][PASSED] - Object 'Object Repository/ROLES/Create Role/Message Features/Access_labels/Distributed_No Access' is present

2020-03-13 13:36:44 - [TEST_STEP][PASSED] - verifyElementPresent(findTestObject("ROLES/Create Role/Message Features/Access_labels/Triggered_All Access"), 0): Object 'Object Repository/ROLES/Create Role/Message Features/Access_labels/Triggered_All Access' is present

2020-03-13 13:36:44 - [MESSAGE][WARNING] - Timeout '0' is invalid. Using default page load timeout: '230'

2020-03-13 13:36:45 - [MESSAGE][PASSED] - Object 'Object Repository/ROLES/Create Role/Message Features/Access_labels/Triggered_All Access' is present

2020-03-13 13:36:45 - [TEST_STEP][PASSED] - verifyElementPresent(findTestObject("ROLES/Create Role/Message Features/Access_labels/Triggered_Read Only"), 0): Object 'Object Repository/ROLES/Create Role/Message Features/Access_labels/Triggered_Read Only' is present

2020-03-13 13:36:45 - [MESSAGE][WARNING] - Timeout '0' is invalid. Using default page load timeout: '230'

2020-03-13 13:36:45 - [MESSAGE][PASSED] - Object 'Object Repository/ROLES/Create Role/Message Features/Access_labels/Triggered_Read Only' is present

2020-03-13 13:36:45 - [TEST_STEP][PASSED] - verifyElementPresent(findTestObject("ROLES/Create Role/Message Features/Access_labels/Triggered_No Access"), 0): Object 'Object Repository/ROLES/Create Role/Message Features/Access_labels/Triggered_No Access' is present

2020-03-13 13:36:45 - [MESSAGE][WARNING] - Timeout '0' is invalid. Using default page load timeout: '230'

2020-03-13 13:36:45 - [MESSAGE][PASSED] - Object 'Object Repository/ROLES/Create Role/Message Features/Access_labels/Triggered_No Access' is present

2020-03-13 13:36:45 - [TEST_STEP][PASSED] - verifyElementPresent(findTestObject("ROLES/Create Role/Message Features/Access_labels/Approval_All Access"), 0): Object 'Object Repository/ROLES/Create Role/Message Features/Access_labels/Approval_All Access' is present

2020-03-13 13:36:45 - [MESSAGE][WARNING] - Timeout '0' is invalid. Using default page load timeout: '230'

2020-03-13 13:36:46 - [MESSAGE][PASSED] - Object 'Object Repository/ROLES/Create Role/Message Features/Access_labels/Approval_All Access' is present

2020-03-13 13:36:46 - [TEST_STEP][PASSED] - verifyElementPresent(findTestObject("ROLES/Create Role/Message Features/Access_labels/Approval_Read Only"), 0): Object 'Object Repository/ROLES/Create Role/Message Features/Access_labels/Approval_Read Only' is present

2020-03-13 13:36:46 - [MESSAGE][WARNING] - Timeout '0' is invalid. Using default page load timeout: '230'

2020-03-13 13:36:46 - [MESSAGE][PASSED] - Object 'Object Repository/ROLES/Create Role/Message Features/Access_labels/Approval_Read Only' is present

2020-03-13 13:36:46 - [TEST_STEP][PASSED] - verifyElementPresent(findTestObject("ROLES/Create Role/Message Features/Access_labels/Approval_No Access"), 0): Object 'Object Repository/ROLES/Create Role/Message Features/Access_labels/Approval_No Access' is present

2020-03-13 13:36:46 - [MESSAGE][WARNING] - Timeout '0' is invalid. Using default page load timeout: '230'

2020-03-13 13:36:46 - [MESSAGE][PASSED] - Object 'Object Repository/ROLES/Create Role/Message Features/Access_labels/Approval_No Access' is present

2020-03-13 13:36:46 - [TEST_STEP][PASSED] - verifyElementPresent(findTestObject("ROLES/Create Role/Message Features/Access_labels/Marketing_All Access"), 0): Object 'Object Repository/ROLES/Create Role/Message Features/Access_labels/Marketing_All Access' is present

2020-03-13 13:36:46 - [MESSAGE][WARNING] - Timeout '0' is invalid. Using default page load timeout: '230'

2020-03-13 13:36:46 - [MESSAGE][PASSED] - Object 'Object Repository/ROLES/Create Role/Message Features/Access_labels/Marketing_All Access' is present

2020-03-13 13:36:46 - [TEST_STEP][PASSED] - verifyElementPresent(findTestObject("ROLES/Create Role/Message Features/Access_labels/Marketing_Read Only"), 0): Object 'Object Repository/ROLES/Create Role/Message Features/Access_labels/Marketing_Read Only' is present

2020-03-13 13:36:47 - [MESSAGE][WARNING] - Timeout '0' is invalid. Using default page load timeout: '230'

2020-03-13 13:36:47 - [MESSAGE][PASSED] - Object 'Object Repository/ROLES/Create Role/Message Features/Access_labels/Marketing_Read Only' is present

2020-03-13 13:36:47 - [TEST_STEP][PASSED] - verifyElementPresent(findTestObject("ROLES/Create Role/Message Features/Access_labels/Marketing_No Access"), 0): Object 'Object Repository/ROLES/Create Role/Message Features/Access_labels/Marketing_No Access' is present

2020-03-13 13:36:47 - [MESSAGE][WARNING] - Timeout '0' is invalid. Using default page load timeout: '230'

2020-03-13 13:36:47 - [MESSAGE][PASSED] - Object 'Object Repository/ROLES/Create Role/Message Features/Access_labels/Marketing_No Access' is present

2020-03-13 13:36:47 - [TEST_STEP][PASSED] - Start listener action : sampleAfterTestCase: null

2020-03-13 13:36:47 - [TEST_STEP][PASSED] - println(testCaseContext.getTestCaseId()): null

2020-03-13 13:36:47 - [TEST_STEP][PASSED] - println(testCaseContext.getTestCaseStatus()): null

2020-03-13 13:36:47 - [TEST_STEP][PASSED] - println("On Failure Method is Calling : " + testCaseContext.getTestCaseStatus()): null

2020-03-13 13:36:47 - [TEST_STEP][PASSED] - if (!(getTestCaseStatus().equalsIgnoreCase("PASSED"))): null]]></system-out>
         <system-err><![CDATA[]]></system-err>
      </testcase>
      <testcase name="Test Cases/Atlas Platform/Configuration Management/Platform Management/ROLES/Create Role/CR05 Validate Elements of Message Features Tab" time="15.722" classname="Test Cases/Atlas Platform/Configuration Management/Platform Management/ROLES/Create Role/CR05 Validate Elements of Message Features Tab" status="PASSED">
         <system-out><![CDATA[2020-03-13 13:36:49 - [TEST_CASE][PASSED] - Test Cases/Atlas Platform/Configuration Management/Platform Management/ROLES/Create Role/CR05 Validate Elements of Message Features Tab: Test Cases/Atlas Platform/Configuration Management/Platform Management/ROLES/Create Role/CR05 Validate Elements of Message Features Tab

2020-03-13 13:36:50 - [TEST_STEP][NOT_RUN] - callTestCase(findTestCase("Atlas Platform/Platform Navigation/Login/Default Logins/Default_Login_as_Root Admin"), ["Email":findTestData("AMP_Y").getValue(1, 1), "Password":findTestData("AMP_Y").getValue(2, 1), "dashboard_exp_title":""], CONTINUE_ON_FAILURE): NOT_RUN: callTestCase(findTestCase("Atlas Platform/Platform Navigation/Login/Default Logins/Default_Login_as_Root Admin"), ["Email":findTestData("AMP_Y").getValue(1, 1), "Password":findTestData("AMP_Y").getValue(2, 1), "dashboard_exp_title":""], CONTINUE_ON_FAILURE)

2020-03-13 13:36:50 - [MESSAGE][NOT_RUN] - NOT_RUN: callTestCase(findTestCase("Atlas Platform/Platform Navigation/Login/Default Logins/Default_Login_as_Root Admin"), ["Email":findTestData("AMP_Y").getValue(1, 1), "Password":findTestData("AMP_Y").getValue(2, 1), "dashboard_exp_title":""], CONTINUE_ON_FAILURE)

2020-03-13 13:36:50 - [TEST_STEP][NOT_RUN] - click(findTestObject("ROLES/Role_Navigation/a_ADMIN")): NOT_RUN: click(findTestObject("ROLES/Role_Navigation/a_ADMIN"))

2020-03-13 13:36:50 - [MESSAGE][NOT_RUN] - NOT_RUN: click(findTestObject("ROLES/Role_Navigation/a_ADMIN"))

2020-03-13 13:36:50 - [TEST_STEP][NOT_RUN] - click(findTestObject("ROLES/Roles_page/Create Role_button")): NOT_RUN: click(findTestObject("ROLES/Roles_page/Create Role_button"))

2020-03-13 13:36:50 - [MESSAGE][NOT_RUN] - NOT_RUN: click(findTestObject("ROLES/Roles_page/Create Role_button"))

2020-03-13 13:36:50 - [TEST_STEP][NOT_RUN] - click(findTestObject("ROLES/Create Role/New Role_page/a_Message Features")): NOT_RUN: click(findTestObject("ROLES/Create Role/New Role_page/a_Message Features"))

2020-03-13 13:36:50 - [MESSAGE][NOT_RUN] - NOT_RUN: click(findTestObject("ROLES/Create Role/New Role_page/a_Message Features"))

2020-03-13 13:36:50 - [TEST_STEP][PASSED] - verifyElementNotPresent(findTestObject("ROLES/Create Role/Message Features/tickMark_MessageFeatures"), 0): Web element with id: 'Object Repository/ROLES/Create Role/Message Features/tickMark_MessageFeatures' located by 'By.xpath: //span[@class='pl-4 clearfix has-icon icon-group icon-group-success position-right']' is not present after '230' second(s)

2020-03-13 13:36:50 - [MESSAGE][WARNING] - Timeout '0' is invalid. Using default page load timeout: '230'

2020-03-13 13:36:50 - [MESSAGE][PASSED] - Web element with id: 'Object Repository/ROLES/Create Role/Message Features/tickMark_MessageFeatures' located by 'By.xpath: //span[@class='pl-4 clearfix has-icon icon-group icon-group-success position-right']' is not present after '230' second(s)

2020-03-13 13:36:50 - [TEST_STEP][PASSED] - verifyElementChecked(findTestObject("ROLES/Create Role/Message Features/Access_radioButton/Approval_No Access"), 230): Object 'Object Repository/ROLES/Create Role/Message Features/Access_radioButton/Approval_No Access' is checked

2020-03-13 13:36:50 - [MESSAGE][PASSED] - Object 'Object Repository/ROLES/Create Role/Message Features/Access_radioButton/Approval_No Access' is checked

2020-03-13 13:36:50 - [TEST_STEP][PASSED] - click(findTestObject("ROLES/Create Role/Message Features/Access_labels/Approval_Read Only")): Object: 'Object Repository/ROLES/Create Role/Message Features/Access_labels/Approval_Read Only' is clicked on

2020-03-13 13:36:51 - [MESSAGE][PASSED] - Object: 'Object Repository/ROLES/Create Role/Message Features/Access_labels/Approval_Read Only' is clicked on

2020-03-13 13:36:51 - [TEST_STEP][PASSED] - verifyElementNotChecked(findTestObject("ROLES/Create Role/Message Features/Access_radioButton/Approval_No Access"), 230): Object 'Object Repository/ROLES/Create Role/Message Features/Access_radioButton/Approval_No Access' is not checked

2020-03-13 13:36:51 - [MESSAGE][PASSED] - Object 'Object Repository/ROLES/Create Role/Message Features/Access_radioButton/Approval_No Access' is not checked

2020-03-13 13:36:51 - [TEST_STEP][PASSED] - verifyElementChecked(findTestObject("ROLES/Create Role/Message Features/Access_radioButton/Approval_Read Only"), 230): Object 'Object Repository/ROLES/Create Role/Message Features/Access_radioButton/Approval_Read Only' is checked

2020-03-13 13:36:52 - [MESSAGE][PASSED] - Object 'Object Repository/ROLES/Create Role/Message Features/Access_radioButton/Approval_Read Only' is checked

2020-03-13 13:36:52 - [TEST_STEP][PASSED] - verifyElementChecked(findTestObject("ROLES/Create Role/Message Features/Access_radioButton/Batch_No Access"), 230): Object 'Object Repository/ROLES/Create Role/Message Features/Access_radioButton/Batch_No Access' is checked

2020-03-13 13:36:52 - [MESSAGE][PASSED] - Object 'Object Repository/ROLES/Create Role/Message Features/Access_radioButton/Batch_No Access' is checked

2020-03-13 13:36:52 - [TEST_STEP][PASSED] - click(findTestObject("ROLES/Create Role/Message Features/Access_labels/Batch_Read Only")): Object: 'Object Repository/ROLES/Create Role/Message Features/Access_labels/Batch_Read Only' is clicked on

2020-03-13 13:36:52 - [MESSAGE][PASSED] - Object: 'Object Repository/ROLES/Create Role/Message Features/Access_labels/Batch_Read Only' is clicked on

2020-03-13 13:36:52 - [TEST_STEP][PASSED] - verifyElementNotChecked(findTestObject("ROLES/Create Role/Message Features/Access_radioButton/Batch_No Access"), 230): Object 'Object Repository/ROLES/Create Role/Message Features/Access_radioButton/Batch_No Access' is not checked

2020-03-13 13:36:53 - [MESSAGE][PASSED] - Object 'Object Repository/ROLES/Create Role/Message Features/Access_radioButton/Batch_No Access' is not checked

2020-03-13 13:36:53 - [TEST_STEP][PASSED] - verifyElementChecked(findTestObject("ROLES/Create Role/Message Features/Access_radioButton/Batch_Read Only"), 230): Object 'Object Repository/ROLES/Create Role/Message Features/Access_radioButton/Batch_Read Only' is checked

2020-03-13 13:36:53 - [MESSAGE][PASSED] - Object 'Object Repository/ROLES/Create Role/Message Features/Access_radioButton/Batch_Read Only' is checked

2020-03-13 13:36:53 - [TEST_STEP][PASSED] - verifyElementChecked(findTestObject("ROLES/Create Role/Message Features/Access_radioButton/Distributed_No Access"), 230): Object 'Object Repository/ROLES/Create Role/Message Features/Access_radioButton/Distributed_No Access' is checked

2020-03-13 13:36:53 - [MESSAGE][PASSED] - Object 'Object Repository/ROLES/Create Role/Message Features/Access_radioButton/Distributed_No Access' is checked

2020-03-13 13:36:53 - [TEST_STEP][PASSED] - click(findTestObject("ROLES/Create Role/Message Features/Access_labels/Distributed_Read Only")): Object: 'Object Repository/ROLES/Create Role/Message Features/Access_labels/Distributed_Read Only' is clicked on

2020-03-13 13:36:54 - [MESSAGE][PASSED] - Object: 'Object Repository/ROLES/Create Role/Message Features/Access_labels/Distributed_Read Only' is clicked on

2020-03-13 13:36:54 - [TEST_STEP][PASSED] - verifyElementNotChecked(findTestObject("ROLES/Create Role/Message Features/Access_radioButton/Distributed_No Access"), 230): Object 'Object Repository/ROLES/Create Role/Message Features/Access_radioButton/Distributed_No Access' is not checked

2020-03-13 13:36:54 - [MESSAGE][PASSED] - Object 'Object Repository/ROLES/Create Role/Message Features/Access_radioButton/Distributed_No Access' is not checked

2020-03-13 13:36:54 - [TEST_STEP][PASSED] - verifyElementChecked(findTestObject("ROLES/Create Role/Message Features/Access_radioButton/Distributed_Read Only"), 230): Object 'Object Repository/ROLES/Create Role/Message Features/Access_radioButton/Distributed_Read Only' is checked

2020-03-13 13:36:55 - [MESSAGE][PASSED] - Object 'Object Repository/ROLES/Create Role/Message Features/Access_radioButton/Distributed_Read Only' is checked

2020-03-13 13:36:55 - [TEST_STEP][PASSED] - verifyElementChecked(findTestObject("ROLES/Create Role/Message Features/Access_radioButton/Marketing_No Access"), 230): Object 'Object Repository/ROLES/Create Role/Message Features/Access_radioButton/Marketing_No Access' is checked

2020-03-13 13:36:55 - [MESSAGE][PASSED] - Object 'Object Repository/ROLES/Create Role/Message Features/Access_radioButton/Marketing_No Access' is checked

2020-03-13 13:36:55 - [TEST_STEP][PASSED] - click(findTestObject("ROLES/Create Role/Message Features/Access_labels/Marketing_Read Only")): Object: 'Object Repository/ROLES/Create Role/Message Features/Access_labels/Marketing_Read Only' is clicked on

2020-03-13 13:36:55 - [MESSAGE][PASSED] - Object: 'Object Repository/ROLES/Create Role/Message Features/Access_labels/Marketing_Read Only' is clicked on

2020-03-13 13:36:55 - [TEST_STEP][PASSED] - verifyElementNotChecked(findTestObject("ROLES/Create Role/Message Features/Access_radioButton/Marketing_No Access"), 230): Object 'Object Repository/ROLES/Create Role/Message Features/Access_radioButton/Marketing_No Access' is not checked

2020-03-13 13:36:56 - [MESSAGE][PASSED] - Object 'Object Repository/ROLES/Create Role/Message Features/Access_radioButton/Marketing_No Access' is not checked

2020-03-13 13:36:56 - [TEST_STEP][PASSED] - verifyElementChecked(findTestObject("ROLES/Create Role/Message Features/Access_radioButton/Marketing_Read Only"), 230): Object 'Object Repository/ROLES/Create Role/Message Features/Access_radioButton/Marketing_Read Only' is checked

2020-03-13 13:36:56 - [MESSAGE][PASSED] - Object 'Object Repository/ROLES/Create Role/Message Features/Access_radioButton/Marketing_Read Only' is checked

2020-03-13 13:36:56 - [TEST_STEP][PASSED] - verifyElementChecked(findTestObject("ROLES/Create Role/Message Features/Access_radioButton/Triggered_No Access"), 230): Object 'Object Repository/ROLES/Create Role/Message Features/Access_radioButton/Triggered_No Access' is checked

2020-03-13 13:36:56 - [MESSAGE][PASSED] - Object 'Object Repository/ROLES/Create Role/Message Features/Access_radioButton/Triggered_No Access' is checked

2020-03-13 13:36:56 - [TEST_STEP][PASSED] - click(findTestObject("ROLES/Create Role/Message Features/Access_labels/Triggered_Read Only")): Object: 'Object Repository/ROLES/Create Role/Message Features/Access_labels/Triggered_Read Only' is clicked on

2020-03-13 13:36:57 - [MESSAGE][PASSED] - Object: 'Object Repository/ROLES/Create Role/Message Features/Access_labels/Triggered_Read Only' is clicked on

2020-03-13 13:36:57 - [TEST_STEP][PASSED] - verifyElementNotChecked(findTestObject("ROLES/Create Role/Message Features/Access_radioButton/Triggered_No Access"), 230): Object 'Object Repository/ROLES/Create Role/Message Features/Access_radioButton/Triggered_No Access' is not checked

2020-03-13 13:36:57 - [MESSAGE][PASSED] - Object 'Object Repository/ROLES/Create Role/Message Features/Access_radioButton/Triggered_No Access' is not checked

2020-03-13 13:36:57 - [TEST_STEP][PASSED] - verifyElementChecked(findTestObject("ROLES/Create Role/Message Features/Access_radioButton/Triggered_Read Only"), 230): Object 'Object Repository/ROLES/Create Role/Message Features/Access_radioButton/Triggered_Read Only' is checked

2020-03-13 13:36:57 - [MESSAGE][PASSED] - Object 'Object Repository/ROLES/Create Role/Message Features/Access_radioButton/Triggered_Read Only' is checked

2020-03-13 13:36:57 - [TEST_STEP][PASSED] - click(findTestObject("ROLES/Create Role/Message Features/Access_labels/Approval_All Access")): Object: 'Object Repository/ROLES/Create Role/Message Features/Access_labels/Approval_All Access' is clicked on

2020-03-13 13:36:58 - [MESSAGE][PASSED] - Object: 'Object Repository/ROLES/Create Role/Message Features/Access_labels/Approval_All Access' is clicked on

2020-03-13 13:36:58 - [TEST_STEP][PASSED] - verifyElementNotChecked(findTestObject("ROLES/Create Role/Message Features/Access_radioButton/Approval_Read Only"), 230): Object 'Object Repository/ROLES/Create Role/Message Features/Access_radioButton/Approval_Read Only' is not checked

2020-03-13 13:36:58 - [MESSAGE][PASSED] - Object 'Object Repository/ROLES/Create Role/Message Features/Access_radioButton/Approval_Read Only' is not checked

2020-03-13 13:36:58 - [TEST_STEP][PASSED] - verifyElementChecked(findTestObject("ROLES/Create Role/Message Features/Access_radioButton/Approval_All Access"), 230): Object 'Object Repository/ROLES/Create Role/Message Features/Access_radioButton/Approval_All Access' is checked

2020-03-13 13:36:59 - [MESSAGE][PASSED] - Object 'Object Repository/ROLES/Create Role/Message Features/Access_radioButton/Approval_All Access' is checked

2020-03-13 13:36:59 - [TEST_STEP][PASSED] - click(findTestObject("ROLES/Create Role/Message Features/Access_labels/Batch_All Access")): Object: 'Object Repository/ROLES/Create Role/Message Features/Access_labels/Batch_All Access' is clicked on

2020-03-13 13:36:59 - [MESSAGE][PASSED] - Object: 'Object Repository/ROLES/Create Role/Message Features/Access_labels/Batch_All Access' is clicked on

2020-03-13 13:36:59 - [TEST_STEP][PASSED] - verifyElementNotChecked(findTestObject("ROLES/Create Role/Message Features/Access_radioButton/Batch_Read Only"), 230): Object 'Object Repository/ROLES/Create Role/Message Features/Access_radioButton/Batch_Read Only' is not checked

2020-03-13 13:36:59 - [MESSAGE][PASSED] - Object 'Object Repository/ROLES/Create Role/Message Features/Access_radioButton/Batch_Read Only' is not checked

2020-03-13 13:36:59 - [TEST_STEP][PASSED] - verifyElementChecked(findTestObject("ROLES/Create Role/Message Features/Access_radioButton/Batch_All Access"), 230): Object 'Object Repository/ROLES/Create Role/Message Features/Access_radioButton/Batch_All Access' is checked

2020-03-13 13:37:00 - [MESSAGE][PASSED] - Object 'Object Repository/ROLES/Create Role/Message Features/Access_radioButton/Batch_All Access' is checked

2020-03-13 13:37:00 - [TEST_STEP][PASSED] - click(findTestObject("ROLES/Create Role/Message Features/Access_labels/Distributed_All Access")): Object: 'Object Repository/ROLES/Create Role/Message Features/Access_labels/Distributed_All Access' is clicked on

2020-03-13 13:37:00 - [MESSAGE][PASSED] - Object: 'Object Repository/ROLES/Create Role/Message Features/Access_labels/Distributed_All Access' is clicked on

2020-03-13 13:37:00 - [TEST_STEP][PASSED] - verifyElementNotChecked(findTestObject("ROLES/Create Role/Message Features/Access_radioButton/Distributed_Read Only"), 230): Object 'Object Repository/ROLES/Create Role/Message Features/Access_radioButton/Distributed_Read Only' is not checked

2020-03-13 13:37:00 - [MESSAGE][PASSED] - Object 'Object Repository/ROLES/Create Role/Message Features/Access_radioButton/Distributed_Read Only' is not checked

2020-03-13 13:37:00 - [TEST_STEP][PASSED] - verifyElementChecked(findTestObject("ROLES/Create Role/Message Features/Access_radioButton/Distributed_All Access"), 230): Object 'Object Repository/ROLES/Create Role/Message Features/Access_radioButton/Distributed_All Access' is checked

2020-03-13 13:37:01 - [MESSAGE][PASSED] - Object 'Object Repository/ROLES/Create Role/Message Features/Access_radioButton/Distributed_All Access' is checked

2020-03-13 13:37:01 - [TEST_STEP][PASSED] - click(findTestObject("ROLES/Create Role/Message Features/Access_labels/Marketing_All Access")): Object: 'Object Repository/ROLES/Create Role/Message Features/Access_labels/Marketing_All Access' is clicked on

2020-03-13 13:37:01 - [MESSAGE][PASSED] - Object: 'Object Repository/ROLES/Create Role/Message Features/Access_labels/Marketing_All Access' is clicked on

2020-03-13 13:37:01 - [TEST_STEP][PASSED] - verifyElementNotChecked(findTestObject("ROLES/Create Role/Message Features/Access_radioButton/Marketing_Read Only"), 230): Object 'Object Repository/ROLES/Create Role/Message Features/Access_radioButton/Marketing_Read Only' is not checked

2020-03-13 13:37:02 - [MESSAGE][PASSED] - Object 'Object Repository/ROLES/Create Role/Message Features/Access_radioButton/Marketing_Read Only' is not checked

2020-03-13 13:37:02 - [TEST_STEP][PASSED] - verifyElementChecked(findTestObject("ROLES/Create Role/Message Features/Access_radioButton/Marketing_All Access"), 230): Object 'Object Repository/ROLES/Create Role/Message Features/Access_radioButton/Marketing_All Access' is checked

2020-03-13 13:37:02 - [MESSAGE][PASSED] - Object 'Object Repository/ROLES/Create Role/Message Features/Access_radioButton/Marketing_All Access' is checked

2020-03-13 13:37:02 - [TEST_STEP][PASSED] - click(findTestObject("ROLES/Create Role/Message Features/Access_labels/Triggered_All Access")): Object: 'Object Repository/ROLES/Create Role/Message Features/Access_labels/Triggered_All Access' is clicked on

2020-03-13 13:37:02 - [MESSAGE][PASSED] - Object: 'Object Repository/ROLES/Create Role/Message Features/Access_labels/Triggered_All Access' is clicked on

2020-03-13 13:37:02 - [TEST_STEP][PASSED] - verifyElementNotChecked(findTestObject("ROLES/Create Role/Message Features/Access_radioButton/Triggered_Read Only"), 230): Object 'Object Repository/ROLES/Create Role/Message Features/Access_radioButton/Triggered_Read Only' is not checked

2020-03-13 13:37:03 - [MESSAGE][PASSED] - Object 'Object Repository/ROLES/Create Role/Message Features/Access_radioButton/Triggered_Read Only' is not checked

2020-03-13 13:37:03 - [TEST_STEP][PASSED] - verifyElementChecked(findTestObject("ROLES/Create Role/Message Features/Access_radioButton/Triggered_All Access"), 230): Object 'Object Repository/ROLES/Create Role/Message Features/Access_radioButton/Triggered_All Access' is checked

2020-03-13 13:37:03 - [MESSAGE][PASSED] - Object 'Object Repository/ROLES/Create Role/Message Features/Access_radioButton/Triggered_All Access' is checked

2020-03-13 13:37:03 - [TEST_STEP][NOT_RUN] - verifyElementPresent(findTestObject("ROLES/Create Role/Message Features/tickMark_MessageFeatures"), 0): NOT_RUN: verifyElementPresent(findTestObject("ROLES/Create Role/Message Features/tickMark_MessageFeatures"), 0)

2020-03-13 13:37:03 - [MESSAGE][NOT_RUN] - NOT_RUN: verifyElementPresent(findTestObject("ROLES/Create Role/Message Features/tickMark_MessageFeatures"), 0)

2020-03-13 13:37:03 - [TEST_STEP][PASSED] - Start listener action : sampleAfterTestCase: null

2020-03-13 13:37:03 - [TEST_STEP][PASSED] - println(testCaseContext.getTestCaseId()): null

2020-03-13 13:37:03 - [TEST_STEP][PASSED] - println(testCaseContext.getTestCaseStatus()): null

2020-03-13 13:37:03 - [TEST_STEP][PASSED] - println("On Failure Method is Calling : " + testCaseContext.getTestCaseStatus()): null

2020-03-13 13:37:03 - [TEST_STEP][PASSED] - if (!(getTestCaseStatus().equalsIgnoreCase("PASSED"))): null]]></system-out>
         <system-err><![CDATA[]]></system-err>
      </testcase>
      <testcase name="Test Cases/Atlas Platform/Configuration Management/Platform Management/ROLES/Create Role/Validate presence of all the Elements in Creating Role/CR06 Verify Report Features tab in New Role page" time="16.837" classname="Test Cases/Atlas Platform/Configuration Management/Platform Management/ROLES/Create Role/Validate presence of all the Elements in Creating Role/CR06 Verify Report Features tab in New Role page" status="PASSED">
         <system-out><![CDATA[2020-03-13 13:37:05 - [TEST_CASE][PASSED] - Test Cases/Atlas Platform/Configuration Management/Platform Management/ROLES/Create Role/Validate presence of all the Elements in Creating Role/CR06 Verify Report Features tab in New Role page: Test Cases/Atlas Platform/Configuration Management/Platform Management/ROLES/Create Role/Validate presence of all the Elements in Creating Role/CR06 Verify Report Features tab in New Role page

2020-03-13 13:37:05 - [TEST_STEP][NOT_RUN] - callTestCase(findTestCase("Atlas Platform/Platform Navigation/Login/Default Logins/Default_Login_as_Root Admin"), ["Email":findTestData("AMP_Y").getValue(1, 1), "Password":findTestData("AMP_Y").getValue(2, 1), "dashboard_exp_title":""], CONTINUE_ON_FAILURE): NOT_RUN: callTestCase(findTestCase("Atlas Platform/Platform Navigation/Login/Default Logins/Default_Login_as_Root Admin"), ["Email":findTestData("AMP_Y").getValue(1, 1), "Password":findTestData("AMP_Y").getValue(2, 1), "dashboard_exp_title":""], CONTINUE_ON_FAILURE)

2020-03-13 13:37:05 - [MESSAGE][NOT_RUN] - NOT_RUN: callTestCase(findTestCase("Atlas Platform/Platform Navigation/Login/Default Logins/Default_Login_as_Root Admin"), ["Email":findTestData("AMP_Y").getValue(1, 1), "Password":findTestData("AMP_Y").getValue(2, 1), "dashboard_exp_title":""], CONTINUE_ON_FAILURE)

2020-03-13 13:37:05 - [TEST_STEP][NOT_RUN] - click(findTestObject("ROLES/Role_Navigation/a_ADMIN")): NOT_RUN: click(findTestObject("ROLES/Role_Navigation/a_ADMIN"))

2020-03-13 13:37:05 - [MESSAGE][NOT_RUN] - NOT_RUN: click(findTestObject("ROLES/Role_Navigation/a_ADMIN"))

2020-03-13 13:37:05 - [TEST_STEP][NOT_RUN] - click(findTestObject("ROLES/Roles_page/Create Role_button")): NOT_RUN: click(findTestObject("ROLES/Roles_page/Create Role_button"))

2020-03-13 13:37:05 - [MESSAGE][NOT_RUN] - NOT_RUN: click(findTestObject("ROLES/Roles_page/Create Role_button"))

2020-03-13 13:37:05 - [TEST_STEP][PASSED] - click(findTestObject("ROLES/Create Role/New Role_page/a_Report Features")): Object: 'Object Repository/ROLES/Create Role/New Role_page/a_Report Features' is clicked on

2020-03-13 13:37:06 - [MESSAGE][PASSED] - Object: 'Object Repository/ROLES/Create Role/New Role_page/a_Report Features' is clicked on

2020-03-13 13:37:06 - [TEST_STEP][PASSED] - verifyElementPresent(findTestObject("ROLES/Create Role/Report Features/h2_Report Features"), 230): Object 'Object Repository/ROLES/Create Role/Report Features/h2_Report Features' is present

2020-03-13 13:37:08 - [MESSAGE][PASSED] - Object 'Object Repository/ROLES/Create Role/Report Features/h2_Report Features' is present

2020-03-13 13:37:08 - [TEST_STEP][PASSED] - verifyElementPresent(findTestObject("ROLES/Create Role/Report Features/label_Report Section"), 230): Object 'Object Repository/ROLES/Create Role/Report Features/label_Report Section' is present

2020-03-13 13:37:08 - [MESSAGE][PASSED] - Object 'Object Repository/ROLES/Create Role/Report Features/label_Report Section' is present

2020-03-13 13:37:08 - [TEST_STEP][PASSED] - verifyElementPresent(findTestObject("ROLES/Create Role/Report Features/rb_All Access_reportSection"), 230): Object 'Object Repository/ROLES/Create Role/Report Features/rb_All Access_reportSection' is present

2020-03-13 13:37:08 - [MESSAGE][PASSED] - Object 'Object Repository/ROLES/Create Role/Report Features/rb_All Access_reportSection' is present

2020-03-13 13:37:08 - [TEST_STEP][PASSED] - verifyElementPresent(findTestObject("ROLES/Create Role/Report Features/rb_No Access_reportSection"), 230): Object 'Object Repository/ROLES/Create Role/Report Features/rb_No Access_reportSection' is present

2020-03-13 13:37:09 - [MESSAGE][PASSED] - Object 'Object Repository/ROLES/Create Role/Report Features/rb_No Access_reportSection' is present

2020-03-13 13:37:09 - [TEST_STEP][PASSED] - verifyElementChecked(findTestObject("ROLES/Create Role/Report Features/rb_No Access_reportSection"), 0): Object 'Object Repository/ROLES/Create Role/Report Features/rb_No Access_reportSection' is checked

2020-03-13 13:37:09 - [MESSAGE][WARNING] - Timeout '0' is invalid. Using default page load timeout: '230'

2020-03-13 13:37:09 - [MESSAGE][PASSED] - Object 'Object Repository/ROLES/Create Role/Report Features/rb_No Access_reportSection' is checked

2020-03-13 13:37:09 - [TEST_STEP][PASSED] - verifyElementPresent(findTestObject("ROLES/Create Role/Report Features/span_All Access"), 230): Object 'Object Repository/ROLES/Create Role/Report Features/span_All Access' is present

2020-03-13 13:37:09 - [MESSAGE][PASSED] - Object 'Object Repository/ROLES/Create Role/Report Features/span_All Access' is present

2020-03-13 13:37:09 - [TEST_STEP][PASSED] - verifyElementPresent(findTestObject("ROLES/Create Role/Report Features/span_No Access"), 230): Object 'Object Repository/ROLES/Create Role/Report Features/span_No Access' is present

2020-03-13 13:37:10 - [MESSAGE][PASSED] - Object 'Object Repository/ROLES/Create Role/Report Features/span_No Access' is present

2020-03-13 13:37:10 - [TEST_STEP][PASSED] - verifyElementPresent(findTestObject("ROLES/Create Role/Report Features/label_global"), 230): Object 'Object Repository/ROLES/Create Role/Report Features/label_global' is present

2020-03-13 13:37:10 - [MESSAGE][PASSED] - Object 'Object Repository/ROLES/Create Role/Report Features/label_global' is present

2020-03-13 13:37:10 - [TEST_STEP][PASSED] - verifyElementPresent(findTestObject("ROLES/Create Role/Report Features/rb_Global Recommendations_global"), 230): Object 'Object Repository/ROLES/Create Role/Report Features/rb_Global Recommendations_global' is present

2020-03-13 13:37:10 - [MESSAGE][PASSED] - Object 'Object Repository/ROLES/Create Role/Report Features/rb_Global Recommendations_global' is present

2020-03-13 13:37:10 - [TEST_STEP][PASSED] - verifyElementPresent(findTestObject("ROLES/Create Role/Report Features/rb_Roll Up Reporting"), 230): Object 'Object Repository/ROLES/Create Role/Report Features/rb_Roll Up Reporting' is present

2020-03-13 13:37:11 - [MESSAGE][PASSED] - Object 'Object Repository/ROLES/Create Role/Report Features/rb_Roll Up Reporting' is present

2020-03-13 13:37:11 - [TEST_STEP][PASSED] - verifyElementPresent(findTestObject("ROLES/Create Role/Report Features/span_Global Recommendations"), 230): Object 'Object Repository/ROLES/Create Role/Report Features/span_Global Recommendations' is present

2020-03-13 13:37:11 - [MESSAGE][PASSED] - Object 'Object Repository/ROLES/Create Role/Report Features/span_Global Recommendations' is present

2020-03-13 13:37:11 - [TEST_STEP][PASSED] - verifyElementPresent(findTestObject("ROLES/Create Role/Report Features/span_Roll Up Reporting"), 230): Object 'Object Repository/ROLES/Create Role/Report Features/span_Roll Up Reporting' is present

2020-03-13 13:37:12 - [MESSAGE][PASSED] - Object 'Object Repository/ROLES/Create Role/Report Features/span_Roll Up Reporting' is present

2020-03-13 13:37:12 - [TEST_STEP][PASSED] - verifyElementPresent(findTestObject("ROLES/Create Role/Report Features/label_Batch Messaging Report"), 230): Object 'Object Repository/ROLES/Create Role/Report Features/label_Batch Messaging Report' is present

2020-03-13 13:37:12 - [MESSAGE][PASSED] - Object 'Object Repository/ROLES/Create Role/Report Features/label_Batch Messaging Report' is present

2020-03-13 13:37:12 - [TEST_STEP][PASSED] - verifyElementPresent(findTestObject("ROLES/Create Role/Report Features/off_BMR"), 230): Object 'Object Repository/ROLES/Create Role/Report Features/off_BMR' is present

2020-03-13 13:37:12 - [MESSAGE][PASSED] - Object 'Object Repository/ROLES/Create Role/Report Features/off_BMR' is present

2020-03-13 13:37:12 - [TEST_STEP][PASSED] - verifyElementPresent(findTestObject("ROLES/Create Role/Report Features/On_BMR"), 230): Object 'Object Repository/ROLES/Create Role/Report Features/On_BMR' is present

2020-03-13 13:37:12 - [MESSAGE][PASSED] - Object 'Object Repository/ROLES/Create Role/Report Features/On_BMR' is present

2020-03-13 13:37:12 - [TEST_STEP][PASSED] - verifyElementAttributeValue(findTestObject("ROLES/Create Role/Report Features/batch_toggle"), "value", "false", 0): Object 'Object Repository/ROLES/Create Role/Report Features/batch_toggle' has attribute 'value' with value 'false'

2020-03-13 13:37:13 - [MESSAGE][WARNING] - Timeout '0' is invalid. Using default page load timeout: '230'

2020-03-13 13:37:13 - [MESSAGE][PASSED] - Object 'Object Repository/ROLES/Create Role/Report Features/batch_toggle' has attribute 'value' with value 'false'

2020-03-13 13:37:13 - [TEST_STEP][PASSED] - verifyElementPresent(findTestObject("ROLES/Create Role/Report Features/label_Distributed Marketing Reports"), 230): Object 'Object Repository/ROLES/Create Role/Report Features/label_Distributed Marketing Reports' is present

2020-03-13 13:37:13 - [MESSAGE][PASSED] - Object 'Object Repository/ROLES/Create Role/Report Features/label_Distributed Marketing Reports' is present

2020-03-13 13:37:13 - [TEST_STEP][PASSED] - verifyElementPresent(findTestObject("ROLES/Create Role/Report Features/off_DMR"), 230): Object 'Object Repository/ROLES/Create Role/Report Features/off_DMR' is present

2020-03-13 13:37:14 - [MESSAGE][PASSED] - Object 'Object Repository/ROLES/Create Role/Report Features/off_DMR' is present

2020-03-13 13:37:14 - [TEST_STEP][PASSED] - verifyElementPresent(findTestObject("ROLES/Create Role/Report Features/On_DMR"), 230): Object 'Object Repository/ROLES/Create Role/Report Features/On_DMR' is present

2020-03-13 13:37:14 - [MESSAGE][PASSED] - Object 'Object Repository/ROLES/Create Role/Report Features/On_DMR' is present

2020-03-13 13:37:14 - [TEST_STEP][PASSED] - verifyElementAttributeValue(findTestObject("ROLES/Create Role/Report Features/Distributed_toggle"), "value", "false", 0): Object 'Object Repository/ROLES/Create Role/Report Features/Distributed_toggle' has attribute 'value' with value 'false'

2020-03-13 13:37:14 - [MESSAGE][WARNING] - Timeout '0' is invalid. Using default page load timeout: '230'

2020-03-13 13:37:14 - [MESSAGE][PASSED] - Object 'Object Repository/ROLES/Create Role/Report Features/Distributed_toggle' has attribute 'value' with value 'false'

2020-03-13 13:37:14 - [TEST_STEP][PASSED] - verifyElementPresent(findTestObject("ROLES/Create Role/Report Features/label_Marketing Automation Reports"), 230): Object 'Object Repository/ROLES/Create Role/Report Features/label_Marketing Automation Reports' is present

2020-03-13 13:37:15 - [MESSAGE][PASSED] - Object 'Object Repository/ROLES/Create Role/Report Features/label_Marketing Automation Reports' is present

2020-03-13 13:37:15 - [TEST_STEP][PASSED] - verifyElementPresent(findTestObject("ROLES/Create Role/Report Features/off_MAR"), 230): Object 'Object Repository/ROLES/Create Role/Report Features/off_MAR' is present

2020-03-13 13:37:15 - [MESSAGE][PASSED] - Object 'Object Repository/ROLES/Create Role/Report Features/off_MAR' is present

2020-03-13 13:37:15 - [TEST_STEP][PASSED] - verifyElementPresent(findTestObject("ROLES/Create Role/Report Features/On_MAR"), 230): Object 'Object Repository/ROLES/Create Role/Report Features/On_MAR' is present

2020-03-13 13:37:15 - [MESSAGE][PASSED] - Object 'Object Repository/ROLES/Create Role/Report Features/On_MAR' is present

2020-03-13 13:37:15 - [TEST_STEP][PASSED] - verifyElementAttributeValue(findTestObject("ROLES/Create Role/Report Features/Marketing_toggle"), "value", "false", 0): Object 'Object Repository/ROLES/Create Role/Report Features/Marketing_toggle' has attribute 'value' with value 'false'

2020-03-13 13:37:15 - [MESSAGE][WARNING] - Timeout '0' is invalid. Using default page load timeout: '230'

2020-03-13 13:37:16 - [MESSAGE][PASSED] - Object 'Object Repository/ROLES/Create Role/Report Features/Marketing_toggle' has attribute 'value' with value 'false'

2020-03-13 13:37:16 - [TEST_STEP][PASSED] - verifyElementPresent(findTestObject("ROLES/Create Role/Report Features/label_Custom Reports"), 230): Object 'Object Repository/ROLES/Create Role/Report Features/label_Custom Reports' is present

2020-03-13 13:37:16 - [MESSAGE][PASSED] - Object 'Object Repository/ROLES/Create Role/Report Features/label_Custom Reports' is present

2020-03-13 13:37:16 - [TEST_STEP][PASSED] - verifyElementPresent(findTestObject("ROLES/Create Role/Report Features/off_CustomReports"), 230): Object 'Object Repository/ROLES/Create Role/Report Features/off_CustomReports' is present

2020-03-13 13:37:16 - [MESSAGE][PASSED] - Object 'Object Repository/ROLES/Create Role/Report Features/off_CustomReports' is present

2020-03-13 13:37:16 - [TEST_STEP][PASSED] - verifyElementPresent(findTestObject("ROLES/Create Role/Report Features/On_CustomReports"), 230): Object 'Object Repository/ROLES/Create Role/Report Features/On_CustomReports' is present

2020-03-13 13:37:17 - [MESSAGE][PASSED] - Object 'Object Repository/ROLES/Create Role/Report Features/On_CustomReports' is present

2020-03-13 13:37:17 - [TEST_STEP][PASSED] - verifyElementAttributeValue(findTestObject("ROLES/Create Role/Report Features/customReports_toggle"), "value", "true", 0): Object 'Object Repository/ROLES/Create Role/Report Features/customReports_toggle' has attribute 'value' with value 'true'

2020-03-13 13:37:17 - [MESSAGE][WARNING] - Timeout '0' is invalid. Using default page load timeout: '230'

2020-03-13 13:37:17 - [MESSAGE][PASSED] - Object 'Object Repository/ROLES/Create Role/Report Features/customReports_toggle' has attribute 'value' with value 'true'

2020-03-13 13:37:17 - [TEST_STEP][PASSED] - verifyElementPresent(findTestObject("ROLES/Create Role/Report Features/label_Channel Reports"), 230): Object 'Object Repository/ROLES/Create Role/Report Features/label_Channel Reports' is present

2020-03-13 13:37:18 - [MESSAGE][PASSED] - Object 'Object Repository/ROLES/Create Role/Report Features/label_Channel Reports' is present

2020-03-13 13:37:18 - [TEST_STEP][PASSED] - verifyElementPresent(findTestObject("ROLES/Create Role/Report Features/off_ChannelReports"), 230): Object 'Object Repository/ROLES/Create Role/Report Features/off_ChannelReports' is present

2020-03-13 13:37:18 - [MESSAGE][PASSED] - Object 'Object Repository/ROLES/Create Role/Report Features/off_ChannelReports' is present

2020-03-13 13:37:18 - [TEST_STEP][PASSED] - verifyElementPresent(findTestObject("ROLES/Create Role/Report Features/On_ChannelReports"), 230): Object 'Object Repository/ROLES/Create Role/Report Features/On_ChannelReports' is present

2020-03-13 13:37:18 - [MESSAGE][PASSED] - Object 'Object Repository/ROLES/Create Role/Report Features/On_ChannelReports' is present

2020-03-13 13:37:18 - [TEST_STEP][PASSED] - verifyElementAttributeValue(findTestObject("ROLES/Create Role/Report Features/Channel_toggle"), "value", "false", 0): Object 'Object Repository/ROLES/Create Role/Report Features/Channel_toggle' has attribute 'value' with value 'false'

2020-03-13 13:37:18 - [MESSAGE][WARNING] - Timeout '0' is invalid. Using default page load timeout: '230'

2020-03-13 13:37:18 - [MESSAGE][PASSED] - Object 'Object Repository/ROLES/Create Role/Report Features/Channel_toggle' has attribute 'value' with value 'false'

2020-03-13 13:37:18 - [TEST_STEP][PASSED] - verifyElementPresent(findTestObject("ROLES/Create Role/Report Features/label_KPI Reports"), 230): Object 'Object Repository/ROLES/Create Role/Report Features/label_KPI Reports' is present

2020-03-13 13:37:19 - [MESSAGE][PASSED] - Object 'Object Repository/ROLES/Create Role/Report Features/label_KPI Reports' is present

2020-03-13 13:37:19 - [TEST_STEP][PASSED] - verifyElementPresent(findTestObject("ROLES/Create Role/Report Features/off_KPI"), 230): Object 'Object Repository/ROLES/Create Role/Report Features/off_KPI' is present

2020-03-13 13:37:19 - [MESSAGE][PASSED] - Object 'Object Repository/ROLES/Create Role/Report Features/off_KPI' is present

2020-03-13 13:37:19 - [TEST_STEP][PASSED] - verifyElementPresent(findTestObject("ROLES/Create Role/Report Features/On_KPI"), 230): Object 'Object Repository/ROLES/Create Role/Report Features/On_KPI' is present

2020-03-13 13:37:20 - [MESSAGE][PASSED] - Object 'Object Repository/ROLES/Create Role/Report Features/On_KPI' is present

2020-03-13 13:37:20 - [TEST_STEP][PASSED] - verifyElementAttributeValue(findTestObject("ROLES/Create Role/Report Features/KPI_toggle"), "value", "false", 0): Object 'Object Repository/ROLES/Create Role/Report Features/KPI_toggle' has attribute 'value' with value 'false'

2020-03-13 13:37:20 - [MESSAGE][WARNING] - Timeout '0' is invalid. Using default page load timeout: '230'

2020-03-13 13:37:20 - [MESSAGE][PASSED] - Object 'Object Repository/ROLES/Create Role/Report Features/KPI_toggle' has attribute 'value' with value 'false'

2020-03-13 13:37:20 - [TEST_STEP][PASSED] - Start listener action : sampleAfterTestCase: null

2020-03-13 13:37:20 - [TEST_STEP][PASSED] - println(testCaseContext.getTestCaseId()): null

2020-03-13 13:37:20 - [TEST_STEP][PASSED] - println(testCaseContext.getTestCaseStatus()): null

2020-03-13 13:37:20 - [TEST_STEP][PASSED] - println("On Failure Method is Calling : " + testCaseContext.getTestCaseStatus()): null

2020-03-13 13:37:20 - [TEST_STEP][PASSED] - if (!(getTestCaseStatus().equalsIgnoreCase("PASSED"))): null]]></system-out>
         <system-err><![CDATA[]]></system-err>
      </testcase>
      <testcase name="Test Cases/Atlas Platform/Configuration Management/Platform Management/ROLES/Create Role/CR06 Validate Elements of Report Features Tab" time="17.439" classname="Test Cases/Atlas Platform/Configuration Management/Platform Management/ROLES/Create Role/CR06 Validate Elements of Report Features Tab" status="PASSED">
         <system-out><![CDATA[2020-03-13 13:37:22 - [TEST_CASE][PASSED] - Test Cases/Atlas Platform/Configuration Management/Platform Management/ROLES/Create Role/CR06 Validate Elements of Report Features Tab: Test Cases/Atlas Platform/Configuration Management/Platform Management/ROLES/Create Role/CR06 Validate Elements of Report Features Tab

2020-03-13 13:37:22 - [TEST_STEP][NOT_RUN] - callTestCase(findTestCase("Atlas Platform/Platform Navigation/Login/Default Logins/Default_Login_as_Root Admin"), ["Email":findTestData("AMP_Y").getValue(1, 1), "Password":findTestData("AMP_Y").getValue(2, 1), "dashboard_exp_title":""], CONTINUE_ON_FAILURE): NOT_RUN: callTestCase(findTestCase("Atlas Platform/Platform Navigation/Login/Default Logins/Default_Login_as_Root Admin"), ["Email":findTestData("AMP_Y").getValue(1, 1), "Password":findTestData("AMP_Y").getValue(2, 1), "dashboard_exp_title":""], CONTINUE_ON_FAILURE)

2020-03-13 13:37:22 - [MESSAGE][NOT_RUN] - NOT_RUN: callTestCase(findTestCase("Atlas Platform/Platform Navigation/Login/Default Logins/Default_Login_as_Root Admin"), ["Email":findTestData("AMP_Y").getValue(1, 1), "Password":findTestData("AMP_Y").getValue(2, 1), "dashboard_exp_title":""], CONTINUE_ON_FAILURE)

2020-03-13 13:37:22 - [TEST_STEP][NOT_RUN] - click(findTestObject("ROLES/Role_Navigation/a_ADMIN")): NOT_RUN: click(findTestObject("ROLES/Role_Navigation/a_ADMIN"))

2020-03-13 13:37:22 - [MESSAGE][NOT_RUN] - NOT_RUN: click(findTestObject("ROLES/Role_Navigation/a_ADMIN"))

2020-03-13 13:37:22 - [TEST_STEP][NOT_RUN] - click(findTestObject("ROLES/Roles_page/Create Role_button")): NOT_RUN: click(findTestObject("ROLES/Roles_page/Create Role_button"))

2020-03-13 13:37:22 - [MESSAGE][NOT_RUN] - NOT_RUN: click(findTestObject("ROLES/Roles_page/Create Role_button"))

2020-03-13 13:37:22 - [TEST_STEP][NOT_RUN] - click(findTestObject("ROLES/Create Role/New Role_page/a_Report Features")): NOT_RUN: click(findTestObject("ROLES/Create Role/New Role_page/a_Report Features"))

2020-03-13 13:37:22 - [MESSAGE][NOT_RUN] - NOT_RUN: click(findTestObject("ROLES/Create Role/New Role_page/a_Report Features"))

2020-03-13 13:37:22 - [TEST_STEP][PASSED] - verifyElementNotPresent(findTestObject("ROLES/Create Role/Report Features/tickMark_ReportFeatures"), 0): Web element with id: 'Object Repository/ROLES/Create Role/Report Features/tickMark_ReportFeatures' located by 'By.xpath: //span[@class='pl-4 clearfix has-icon icon-group icon-group-success position-right']' is not present after '230' second(s)

2020-03-13 13:37:22 - [MESSAGE][WARNING] - Timeout '0' is invalid. Using default page load timeout: '230'

2020-03-13 13:37:23 - [MESSAGE][PASSED] - Web element with id: 'Object Repository/ROLES/Create Role/Report Features/tickMark_ReportFeatures' located by 'By.xpath: //span[@class='pl-4 clearfix has-icon icon-group icon-group-success position-right']' is not present after '230' second(s)

2020-03-13 13:37:23 - [TEST_STEP][PASSED] - verifyElementChecked(findTestObject("ROLES/Create Role/Report Features/rb_No Access_reportSection"), 0): Object 'Object Repository/ROLES/Create Role/Report Features/rb_No Access_reportSection' is checked

2020-03-13 13:37:23 - [MESSAGE][WARNING] - Timeout '0' is invalid. Using default page load timeout: '230'

2020-03-13 13:37:23 - [MESSAGE][PASSED] - Object 'Object Repository/ROLES/Create Role/Report Features/rb_No Access_reportSection' is checked

2020-03-13 13:37:23 - [TEST_STEP][PASSED] - click(findTestObject("ROLES/Create Role/Report Features/span_All Access")): Object: 'Object Repository/ROLES/Create Role/Report Features/span_All Access' is clicked on

2020-03-13 13:37:23 - [MESSAGE][PASSED] - Object: 'Object Repository/ROLES/Create Role/Report Features/span_All Access' is clicked on

2020-03-13 13:37:23 - [TEST_STEP][PASSED] - verifyElementNotChecked(findTestObject("ROLES/Create Role/Report Features/rb_No Access_reportSection"), 0): Object 'Object Repository/ROLES/Create Role/Report Features/rb_No Access_reportSection' is not checked

2020-03-13 13:37:23 - [MESSAGE][WARNING] - Timeout '0' is invalid. Using default page load timeout: '230'

2020-03-13 13:37:24 - [MESSAGE][PASSED] - Object 'Object Repository/ROLES/Create Role/Report Features/rb_No Access_reportSection' is not checked

2020-03-13 13:37:24 - [TEST_STEP][PASSED] - verifyElementChecked(findTestObject("ROLES/Create Role/Report Features/rb_All Access_reportSection"), 0): Object 'Object Repository/ROLES/Create Role/Report Features/rb_All Access_reportSection' is checked

2020-03-13 13:37:24 - [MESSAGE][WARNING] - Timeout '0' is invalid. Using default page load timeout: '230'

2020-03-13 13:37:24 - [MESSAGE][PASSED] - Object 'Object Repository/ROLES/Create Role/Report Features/rb_All Access_reportSection' is checked

2020-03-13 13:37:24 - [TEST_STEP][PASSED] - verifyElementNotChecked(findTestObject("ROLES/Create Role/Report Features/rb_Global Recommendations_global"), 0): Object 'Object Repository/ROLES/Create Role/Report Features/rb_Global Recommendations_global' is not checked

2020-03-13 13:37:24 - [MESSAGE][WARNING] - Timeout '0' is invalid. Using default page load timeout: '230'

2020-03-13 13:37:24 - [MESSAGE][PASSED] - Object 'Object Repository/ROLES/Create Role/Report Features/rb_Global Recommendations_global' is not checked

2020-03-13 13:37:24 - [TEST_STEP][PASSED] - click(findTestObject("ROLES/Create Role/Report Features/span_Global Recommendations")): Object: 'Object Repository/ROLES/Create Role/Report Features/span_Global Recommendations' is clicked on

2020-03-13 13:37:25 - [MESSAGE][PASSED] - Object: 'Object Repository/ROLES/Create Role/Report Features/span_Global Recommendations' is clicked on

2020-03-13 13:37:25 - [TEST_STEP][PASSED] - verifyElementChecked(findTestObject("ROLES/Create Role/Report Features/rb_Global Recommendations_global"), 0): Object 'Object Repository/ROLES/Create Role/Report Features/rb_Global Recommendations_global' is checked

2020-03-13 13:37:25 - [MESSAGE][WARNING] - Timeout '0' is invalid. Using default page load timeout: '230'

2020-03-13 13:37:25 - [MESSAGE][PASSED] - Object 'Object Repository/ROLES/Create Role/Report Features/rb_Global Recommendations_global' is checked

2020-03-13 13:37:25 - [TEST_STEP][PASSED] - verifyElementNotChecked(findTestObject("ROLES/Create Role/Report Features/rb_Roll Up Reporting"), 0): Object 'Object Repository/ROLES/Create Role/Report Features/rb_Roll Up Reporting' is not checked

2020-03-13 13:37:25 - [MESSAGE][WARNING] - Timeout '0' is invalid. Using default page load timeout: '230'

2020-03-13 13:37:25 - [MESSAGE][PASSED] - Object 'Object Repository/ROLES/Create Role/Report Features/rb_Roll Up Reporting' is not checked

2020-03-13 13:37:25 - [TEST_STEP][PASSED] - click(findTestObject("ROLES/Create Role/Report Features/span_Roll Up Reporting")): Object: 'Object Repository/ROLES/Create Role/Report Features/span_Roll Up Reporting' is clicked on

2020-03-13 13:37:26 - [MESSAGE][PASSED] - Object: 'Object Repository/ROLES/Create Role/Report Features/span_Roll Up Reporting' is clicked on

2020-03-13 13:37:26 - [TEST_STEP][PASSED] - verifyElementChecked(findTestObject("ROLES/Create Role/Report Features/rb_Roll Up Reporting"), 0): Object 'Object Repository/ROLES/Create Role/Report Features/rb_Roll Up Reporting' is checked

2020-03-13 13:37:26 - [MESSAGE][WARNING] - Timeout '0' is invalid. Using default page load timeout: '230'

2020-03-13 13:37:26 - [MESSAGE][PASSED] - Object 'Object Repository/ROLES/Create Role/Report Features/rb_Roll Up Reporting' is checked

2020-03-13 13:37:26 - [TEST_STEP][PASSED] - verifyElementNotChecked(findTestObject("ROLES/Create Role/Report Features/rb_Global Recommendations_global"), 0): Object 'Object Repository/ROLES/Create Role/Report Features/rb_Global Recommendations_global' is not checked

2020-03-13 13:37:27 - [MESSAGE][WARNING] - Timeout '0' is invalid. Using default page load timeout: '230'

2020-03-13 13:37:27 - [MESSAGE][PASSED] - Object 'Object Repository/ROLES/Create Role/Report Features/rb_Global Recommendations_global' is not checked

2020-03-13 13:37:27 - [TEST_STEP][PASSED] - verifyElementAttributeValue(findTestObject("ROLES/Create Role/Report Features/batch_toggle"), "value", "false", 0): Object 'Object Repository/ROLES/Create Role/Report Features/batch_toggle' has attribute 'value' with value 'false'

2020-03-13 13:37:27 - [MESSAGE][WARNING] - Timeout '0' is invalid. Using default page load timeout: '230'

2020-03-13 13:37:27 - [MESSAGE][PASSED] - Object 'Object Repository/ROLES/Create Role/Report Features/batch_toggle' has attribute 'value' with value 'false'

2020-03-13 13:37:27 - [TEST_STEP][PASSED] - click(findTestObject("ROLES/Create Role/Report Features/off_BMR")): Object: 'Object Repository/ROLES/Create Role/Report Features/off_BMR' is clicked on

2020-03-13 13:37:28 - [MESSAGE][PASSED] - Object: 'Object Repository/ROLES/Create Role/Report Features/off_BMR' is clicked on

2020-03-13 13:37:28 - [TEST_STEP][PASSED] - verifyElementAttributeValue(findTestObject("ROLES/Create Role/Report Features/batch_toggle"), "value", "true", 0): Object 'Object Repository/ROLES/Create Role/Report Features/batch_toggle' has attribute 'value' with value 'true'

2020-03-13 13:37:28 - [MESSAGE][WARNING] - Timeout '0' is invalid. Using default page load timeout: '230'

2020-03-13 13:37:28 - [MESSAGE][PASSED] - Object 'Object Repository/ROLES/Create Role/Report Features/batch_toggle' has attribute 'value' with value 'true'

2020-03-13 13:37:28 - [TEST_STEP][PASSED] - verifyElementAttributeValue(findTestObject("ROLES/Create Role/Report Features/Distributed_toggle"), "value", "false", 0): Object 'Object Repository/ROLES/Create Role/Report Features/Distributed_toggle' has attribute 'value' with value 'false'

2020-03-13 13:37:28 - [MESSAGE][WARNING] - Timeout '0' is invalid. Using default page load timeout: '230'

2020-03-13 13:37:28 - [MESSAGE][PASSED] - Object 'Object Repository/ROLES/Create Role/Report Features/Distributed_toggle' has attribute 'value' with value 'false'

2020-03-13 13:37:28 - [TEST_STEP][PASSED] - click(findTestObject("ROLES/Create Role/Report Features/off_DMR")): Object: 'Object Repository/ROLES/Create Role/Report Features/off_DMR' is clicked on

2020-03-13 13:37:29 - [MESSAGE][PASSED] - Object: 'Object Repository/ROLES/Create Role/Report Features/off_DMR' is clicked on

2020-03-13 13:37:29 - [TEST_STEP][PASSED] - verifyElementAttributeValue(findTestObject("ROLES/Create Role/Report Features/Distributed_toggle"), "value", "true", 0): Object 'Object Repository/ROLES/Create Role/Report Features/Distributed_toggle' has attribute 'value' with value 'true'

2020-03-13 13:37:29 - [MESSAGE][WARNING] - Timeout '0' is invalid. Using default page load timeout: '230'

2020-03-13 13:37:29 - [MESSAGE][PASSED] - Object 'Object Repository/ROLES/Create Role/Report Features/Distributed_toggle' has attribute 'value' with value 'true'

2020-03-13 13:37:29 - [TEST_STEP][PASSED] - verifyElementAttributeValue(findTestObject("ROLES/Create Role/Report Features/Marketing_toggle"), "value", "false", 0): Object 'Object Repository/ROLES/Create Role/Report Features/Marketing_toggle' has attribute 'value' with value 'false'

2020-03-13 13:37:29 - [MESSAGE][WARNING] - Timeout '0' is invalid. Using default page load timeout: '230'

2020-03-13 13:37:29 - [MESSAGE][PASSED] - Object 'Object Repository/ROLES/Create Role/Report Features/Marketing_toggle' has attribute 'value' with value 'false'

2020-03-13 13:37:29 - [TEST_STEP][PASSED] - click(findTestObject("ROLES/Create Role/Report Features/off_MAR")): Object: 'Object Repository/ROLES/Create Role/Report Features/off_MAR' is clicked on

2020-03-13 13:37:30 - [MESSAGE][PASSED] - Object: 'Object Repository/ROLES/Create Role/Report Features/off_MAR' is clicked on

2020-03-13 13:37:30 - [TEST_STEP][PASSED] - verifyElementAttributeValue(findTestObject("ROLES/Create Role/Report Features/Marketing_toggle"), "value", "true", 0): Object 'Object Repository/ROLES/Create Role/Report Features/Marketing_toggle' has attribute 'value' with value 'true'

2020-03-13 13:37:30 - [MESSAGE][WARNING] - Timeout '0' is invalid. Using default page load timeout: '230'

2020-03-13 13:37:30 - [MESSAGE][PASSED] - Object 'Object Repository/ROLES/Create Role/Report Features/Marketing_toggle' has attribute 'value' with value 'true'

2020-03-13 13:37:30 - [TEST_STEP][PASSED] - verifyElementAttributeValue(findTestObject("ROLES/Create Role/Report Features/customReports_toggle"), "value", "true", 0): Object 'Object Repository/ROLES/Create Role/Report Features/customReports_toggle' has attribute 'value' with value 'true'

2020-03-13 13:37:30 - [MESSAGE][WARNING] - Timeout '0' is invalid. Using default page load timeout: '230'

2020-03-13 13:37:30 - [MESSAGE][PASSED] - Object 'Object Repository/ROLES/Create Role/Report Features/customReports_toggle' has attribute 'value' with value 'true'

2020-03-13 13:37:30 - [TEST_STEP][PASSED] - click(findTestObject("ROLES/Create Role/Report Features/On_CustomReports")): Object: 'Object Repository/ROLES/Create Role/Report Features/On_CustomReports' is clicked on

2020-03-13 13:37:31 - [MESSAGE][PASSED] - Object: 'Object Repository/ROLES/Create Role/Report Features/On_CustomReports' is clicked on

2020-03-13 13:37:31 - [TEST_STEP][PASSED] - verifyElementAttributeValue(findTestObject("ROLES/Create Role/Report Features/customReports_toggle"), "value", "false", 0): Object 'Object Repository/ROLES/Create Role/Report Features/customReports_toggle' has attribute 'value' with value 'false'

2020-03-13 13:37:31 - [MESSAGE][WARNING] - Timeout '0' is invalid. Using default page load timeout: '230'

2020-03-13 13:37:31 - [MESSAGE][PASSED] - Object 'Object Repository/ROLES/Create Role/Report Features/customReports_toggle' has attribute 'value' with value 'false'

2020-03-13 13:37:31 - [TEST_STEP][PASSED] - verifyElementAttributeValue(findTestObject("ROLES/Create Role/Report Features/Channel_toggle"), "value", "false", 0): Object 'Object Repository/ROLES/Create Role/Report Features/Channel_toggle' has attribute 'value' with value 'false'

2020-03-13 13:37:31 - [MESSAGE][WARNING] - Timeout '0' is invalid. Using default page load timeout: '230'

2020-03-13 13:37:32 - [MESSAGE][PASSED] - Object 'Object Repository/ROLES/Create Role/Report Features/Channel_toggle' has attribute 'value' with value 'false'

2020-03-13 13:37:32 - [TEST_STEP][PASSED] - click(findTestObject("ROLES/Create Role/Report Features/off_ChannelReports")): Object: 'Object Repository/ROLES/Create Role/Report Features/off_ChannelReports' is clicked on

2020-03-13 13:37:32 - [MESSAGE][PASSED] - Object: 'Object Repository/ROLES/Create Role/Report Features/off_ChannelReports' is clicked on

2020-03-13 13:37:32 - [TEST_STEP][PASSED] - verifyElementAttributeValue(findTestObject("ROLES/Create Role/Report Features/Channel_toggle"), "value", "true", 0): Object 'Object Repository/ROLES/Create Role/Report Features/Channel_toggle' has attribute 'value' with value 'true'

2020-03-13 13:37:32 - [MESSAGE][WARNING] - Timeout '0' is invalid. Using default page load timeout: '230'

2020-03-13 13:37:32 - [MESSAGE][PASSED] - Object 'Object Repository/ROLES/Create Role/Report Features/Channel_toggle' has attribute 'value' with value 'true'

2020-03-13 13:37:32 - [TEST_STEP][PASSED] - verifyElementAttributeValue(findTestObject("ROLES/Create Role/Report Features/KPI_toggle"), "value", "false", 0): Object 'Object Repository/ROLES/Create Role/Report Features/KPI_toggle' has attribute 'value' with value 'false'

2020-03-13 13:37:33 - [MESSAGE][WARNING] - Timeout '0' is invalid. Using default page load timeout: '230'

2020-03-13 13:37:33 - [MESSAGE][PASSED] - Object 'Object Repository/ROLES/Create Role/Report Features/KPI_toggle' has attribute 'value' with value 'false'

2020-03-13 13:37:33 - [TEST_STEP][PASSED] - click(findTestObject("ROLES/Create Role/Report Features/off_KPI")): Object: 'Object Repository/ROLES/Create Role/Report Features/off_KPI' is clicked on

2020-03-13 13:37:33 - [MESSAGE][PASSED] - Object: 'Object Repository/ROLES/Create Role/Report Features/off_KPI' is clicked on

2020-03-13 13:37:33 - [TEST_STEP][PASSED] - verifyElementAttributeValue(findTestObject("ROLES/Create Role/Report Features/KPI_toggle"), "value", "true", 0): Object 'Object Repository/ROLES/Create Role/Report Features/KPI_toggle' has attribute 'value' with value 'true'

2020-03-13 13:37:33 - [MESSAGE][WARNING] - Timeout '0' is invalid. Using default page load timeout: '230'

2020-03-13 13:37:34 - [MESSAGE][PASSED] - Object 'Object Repository/ROLES/Create Role/Report Features/KPI_toggle' has attribute 'value' with value 'true'

2020-03-13 13:37:34 - [TEST_STEP][NOT_RUN] - verifyElementPresent(findTestObject("ROLES/Create Role/Report Features/tickMark_ReportFeatures"), 0): NOT_RUN: verifyElementPresent(findTestObject("ROLES/Create Role/Report Features/tickMark_ReportFeatures"), 0)

2020-03-13 13:37:34 - [MESSAGE][NOT_RUN] - NOT_RUN: verifyElementPresent(findTestObject("ROLES/Create Role/Report Features/tickMark_ReportFeatures"), 0)

2020-03-13 13:37:34 - [TEST_STEP][PASSED] - click(findTestObject("ROLES/Create Role/New Role_page/div_Create")): Object: 'Object Repository/ROLES/Create Role/New Role_page/div_Create' is clicked on

2020-03-13 13:37:34 - [MESSAGE][PASSED] - Object: 'Object Repository/ROLES/Create Role/New Role_page/div_Create' is clicked on

2020-03-13 13:37:34 - [TEST_STEP][PASSED] - verifyElementPresent(findTestObject("ROLES/Roles_page/Role Manager"), 0): Object 'Object Repository/ROLES/Roles_page/Role Manager' is present

2020-03-13 13:37:34 - [MESSAGE][WARNING] - Timeout '0' is invalid. Using default page load timeout: '230'

2020-03-13 13:37:37 - [MESSAGE][PASSED] - Object 'Object Repository/ROLES/Roles_page/Role Manager' is present

2020-03-13 13:37:37 - [TEST_STEP][PASSED] - Start listener action : sampleAfterTestCase: null

2020-03-13 13:37:37 - [TEST_STEP][PASSED] - println(testCaseContext.getTestCaseId()): null

2020-03-13 13:37:37 - [TEST_STEP][PASSED] - println(testCaseContext.getTestCaseStatus()): null

2020-03-13 13:37:37 - [TEST_STEP][PASSED] - println("On Failure Method is Calling : " + testCaseContext.getTestCaseStatus()): null

2020-03-13 13:37:37 - [TEST_STEP][PASSED] - if (!(getTestCaseStatus().equalsIgnoreCase("PASSED"))): null]]></system-out>
         <system-err><![CDATA[]]></system-err>
      </testcase>
      <testcase name="Test Cases/Atlas Platform/Configuration Management/Platform Management/ROLES/Edit Role/ER01 Edit a Role by changing the Role Name" time="13.815" classname="Test Cases/Atlas Platform/Configuration Management/Platform Management/ROLES/Edit Role/ER01 Edit a Role by changing the Role Name" status="PASSED">
         <system-out><![CDATA[2020-03-13 13:37:39 - [TEST_CASE][PASSED] - Test Cases/Atlas Platform/Configuration Management/Platform Management/ROLES/Edit Role/ER01 Edit a Role by changing the Role Name: Test Cases/Atlas Platform/Configuration Management/Platform Management/ROLES/Edit Role/ER01 Edit a Role by changing the Role Name

2020-03-13 13:37:40 - [TEST_STEP][NOT_RUN] - callTestCase(findTestCase("Atlas Platform/Platform Navigation/Login/Default Logins/Default_Login_as_Root Admin"), ["Email":findTestData("AMP_Y").getValue(1, 1), "Password":findTestData("AMP_Y").getValue(2, 1), "dashboard_exp_title":""], CONTINUE_ON_FAILURE): NOT_RUN: callTestCase(findTestCase("Atlas Platform/Platform Navigation/Login/Default Logins/Default_Login_as_Root Admin"), ["Email":findTestData("AMP_Y").getValue(1, 1), "Password":findTestData("AMP_Y").getValue(2, 1), "dashboard_exp_title":""], CONTINUE_ON_FAILURE)

2020-03-13 13:37:40 - [MESSAGE][NOT_RUN] - NOT_RUN: callTestCase(findTestCase("Atlas Platform/Platform Navigation/Login/Default Logins/Default_Login_as_Root Admin"), ["Email":findTestData("AMP_Y").getValue(1, 1), "Password":findTestData("AMP_Y").getValue(2, 1), "dashboard_exp_title":""], CONTINUE_ON_FAILURE)

2020-03-13 13:37:40 - [TEST_STEP][NOT_RUN] - click(findTestObject("ROLES/Role_Navigation/a_ADMIN")): NOT_RUN: click(findTestObject("ROLES/Role_Navigation/a_ADMIN"))

2020-03-13 13:37:40 - [MESSAGE][NOT_RUN] - NOT_RUN: click(findTestObject("ROLES/Role_Navigation/a_ADMIN"))

2020-03-13 13:37:40 - [TEST_STEP][PASSED] - rolename = getText(findTestObject("ROLES/Edit Role/2nd Role name in grid")): Text of object 'Object Repository/ROLES/Edit Role/2nd Role name in grid' is: 'Role1 13-03-2020 13:33:47'

2020-03-13 13:37:40 - [MESSAGE][PASSED] - Text of object 'Object Repository/ROLES/Edit Role/2nd Role name in grid' is: 'Role1 13-03-2020 13:33:47'

2020-03-13 13:37:40 - [TEST_STEP][PASSED] - click(findTestObject("ROLES/Roles_page/Hamburger/button_hamburger")): Object: 'Object Repository/ROLES/Roles_page/Hamburger/button_hamburger' is clicked on

2020-03-13 13:37:41 - [MESSAGE][PASSED] - Object: 'Object Repository/ROLES/Roles_page/Hamburger/button_hamburger' is clicked on

2020-03-13 13:37:41 - [TEST_STEP][PASSED] - click(findTestObject("ROLES/Edit Role/edit_link")): Object: 'Object Repository/ROLES/Edit Role/edit_link' is clicked on

2020-03-13 13:37:41 - [MESSAGE][PASSED] - Object: 'Object Repository/ROLES/Edit Role/edit_link' is clicked on

2020-03-13 13:37:41 - [TEST_STEP][PASSED] - verifyElementHasAttribute(findTestObject("ROLES/Edit Role/save button"), findTestData("Roles").getValue(8, 2), 0): Object 'Object Repository/ROLES/Edit Role/save button' has attribute 'disabled'

2020-03-13 13:37:41 - [MESSAGE][WARNING] - Timeout '0' is invalid. Using default page load timeout: '230'

2020-03-13 13:37:43 - [MESSAGE][PASSED] - Object 'Object Repository/ROLES/Edit Role/save button' has attribute 'disabled'

2020-03-13 13:37:43 - [TEST_STEP][PASSED] - click(findTestObject("ROLES/Create Role/New Role_page/input_Role Name_name")): Object: 'Object Repository/ROLES/Create Role/New Role_page/input_Role Name_name' is clicked on

2020-03-13 13:37:44 - [MESSAGE][PASSED] - Object: 'Object Repository/ROLES/Create Role/New Role_page/input_Role Name_name' is clicked on

2020-03-13 13:37:44 - [TEST_STEP][PASSED] - click(findTestObject("ROLES/Create Role/New Role_page/Clear_button")): Object: 'Object Repository/ROLES/Create Role/New Role_page/Clear_button' is clicked on

2020-03-13 13:37:44 - [MESSAGE][PASSED] - Object: 'Object Repository/ROLES/Create Role/New Role_page/Clear_button' is clicked on

2020-03-13 13:37:44 - [TEST_STEP][PASSED] - verifyElementHasAttribute(findTestObject("ROLES/Edit Role/save button"), findTestData("Roles").getValue(8, 2), 0): Object 'Object Repository/ROLES/Edit Role/save button' has attribute 'disabled'

2020-03-13 13:37:44 - [MESSAGE][WARNING] - Timeout '0' is invalid. Using default page load timeout: '230'

2020-03-13 13:37:45 - [MESSAGE][PASSED] - Object 'Object Repository/ROLES/Edit Role/save button' has attribute 'disabled'

2020-03-13 13:37:45 - [TEST_STEP][PASSED] - sendKeys(findTestObject("ROLES/Edit Role/input_Role Name_name"), rolename): Keys 'Role1 13-03-2020 13:33:47' sent to object: 'Object Repository/ROLES/Edit Role/input_Role Name_name'

2020-03-13 13:37:46 - [MESSAGE][PASSED] - Keys 'Role1 13-03-2020 13:33:47' sent to object: 'Object Repository/ROLES/Edit Role/input_Role Name_name'

2020-03-13 13:37:46 - [TEST_STEP][PASSED] - click(findTestObject("ROLES/Edit Role/save button")): Object: 'Object Repository/ROLES/Edit Role/save button' is clicked on

2020-03-13 13:37:46 - [MESSAGE][PASSED] - Object: 'Object Repository/ROLES/Edit Role/save button' is clicked on

2020-03-13 13:37:46 - [TEST_STEP][PASSED] - click(findTestObject("ROLES/Edit Role/YesSave_button")): Object: 'Object Repository/ROLES/Edit Role/YesSave_button' is clicked on

2020-03-13 13:37:47 - [MESSAGE][PASSED] - Object: 'Object Repository/ROLES/Edit Role/YesSave_button' is clicked on

2020-03-13 13:37:47 - [TEST_STEP][PASSED] - ROLENAME1 = findTestData("Roles").getValue(3, 1): null

2020-03-13 13:37:47 - [TEST_STEP][PASSED] - click(findTestObject("ROLES/Create Role/New Role_page/input_Role Name_name")): Object: 'Object Repository/ROLES/Create Role/New Role_page/input_Role Name_name' is clicked on

2020-03-13 13:37:48 - [MESSAGE][PASSED] - Object: 'Object Repository/ROLES/Create Role/New Role_page/input_Role Name_name' is clicked on

2020-03-13 13:37:48 - [TEST_STEP][PASSED] - click(findTestObject("ROLES/Create Role/New Role_page/Clear_button")): Object: 'Object Repository/ROLES/Create Role/New Role_page/Clear_button' is clicked on

2020-03-13 13:37:48 - [MESSAGE][PASSED] - Object: 'Object Repository/ROLES/Create Role/New Role_page/Clear_button' is clicked on

2020-03-13 13:37:48 - [TEST_STEP][PASSED] - sendKeys(findTestObject("ROLES/Create Role/New Role_page/input_Role Name_name"), ROLENAME1): Keys 'Role1 13-03-2020 13:37:47' sent to object: 'Object Repository/ROLES/Create Role/New Role_page/input_Role Name_name'

2020-03-13 13:37:50 - [MESSAGE][PASSED] - Keys 'Role1 13-03-2020 13:37:47' sent to object: 'Object Repository/ROLES/Create Role/New Role_page/input_Role Name_name'

2020-03-13 13:37:50 - [TEST_STEP][PASSED] - verifyElementNotHasAttribute(findTestObject("ROLES/Edit Role/save button"), findTestData("Roles").getValue(8, 2), 0): Object 'Object Repository/ROLES/Edit Role/save button' does not have attribute 'disabled'

2020-03-13 13:37:50 - [MESSAGE][WARNING] - Timeout '0' is invalid. Using default page load timeout: '230'

2020-03-13 13:37:50 - [MESSAGE][PASSED] - Object 'Object Repository/ROLES/Edit Role/save button' does not have attribute 'disabled'

2020-03-13 13:37:50 - [TEST_STEP][PASSED] - click(findTestObject("ROLES/Edit Role/save button")): Object: 'Object Repository/ROLES/Edit Role/save button' is clicked on

2020-03-13 13:37:51 - [MESSAGE][PASSED] - Object: 'Object Repository/ROLES/Edit Role/save button' is clicked on

2020-03-13 13:37:51 - [TEST_STEP][PASSED] - click(findTestObject("ROLES/Edit Role/YesSave_button")): Object: 'Object Repository/ROLES/Edit Role/YesSave_button' is clicked on

2020-03-13 13:37:51 - [MESSAGE][PASSED] - Object: 'Object Repository/ROLES/Edit Role/YesSave_button' is clicked on

2020-03-13 13:37:51 - [TEST_STEP][PASSED] - Start listener action : sampleAfterTestCase: null

2020-03-13 13:37:51 - [TEST_STEP][PASSED] - println(testCaseContext.getTestCaseId()): null

2020-03-13 13:37:51 - [TEST_STEP][PASSED] - println(testCaseContext.getTestCaseStatus()): null

2020-03-13 13:37:51 - [TEST_STEP][PASSED] - println("On Failure Method is Calling : " + testCaseContext.getTestCaseStatus()): null

2020-03-13 13:37:51 - [TEST_STEP][PASSED] - if (!(getTestCaseStatus().equalsIgnoreCase("PASSED"))): null]]></system-out>
         <system-err><![CDATA[]]></system-err>
      </testcase>
      <testcase name="Test Cases/Atlas Platform/Configuration Management/Platform Management/ROLES/Edit Role/ER02 Edit a Role by changing the Role Description" time="19.007" classname="Test Cases/Atlas Platform/Configuration Management/Platform Management/ROLES/Edit Role/ER02 Edit a Role by changing the Role Description" status="PASSED">
         <system-out><![CDATA[2020-03-13 13:37:53 - [TEST_CASE][PASSED] - Test Cases/Atlas Platform/Configuration Management/Platform Management/ROLES/Edit Role/ER02 Edit a Role by changing the Role Description: Test Cases/Atlas Platform/Configuration Management/Platform Management/ROLES/Edit Role/ER02 Edit a Role by changing the Role Description

2020-03-13 13:37:54 - [TEST_STEP][NOT_RUN] - callTestCase(findTestCase("Atlas Platform/Platform Navigation/Login/Default Logins/Default_Login_as_Root Admin"), ["Email":findTestData("AMP_Y").getValue(1, 1), "Password":findTestData("AMP_Y").getValue(2, 1), "dashboard_exp_title":""], CONTINUE_ON_FAILURE): NOT_RUN: callTestCase(findTestCase("Atlas Platform/Platform Navigation/Login/Default Logins/Default_Login_as_Root Admin"), ["Email":findTestData("AMP_Y").getValue(1, 1), "Password":findTestData("AMP_Y").getValue(2, 1), "dashboard_exp_title":""], CONTINUE_ON_FAILURE)

2020-03-13 13:37:54 - [MESSAGE][NOT_RUN] - NOT_RUN: callTestCase(findTestCase("Atlas Platform/Platform Navigation/Login/Default Logins/Default_Login_as_Root Admin"), ["Email":findTestData("AMP_Y").getValue(1, 1), "Password":findTestData("AMP_Y").getValue(2, 1), "dashboard_exp_title":""], CONTINUE_ON_FAILURE)

2020-03-13 13:37:54 - [TEST_STEP][NOT_RUN] - click(findTestObject("ROLES/Role_Navigation/a_ADMIN")): NOT_RUN: click(findTestObject("ROLES/Role_Navigation/a_ADMIN"))

2020-03-13 13:37:54 - [MESSAGE][NOT_RUN] - NOT_RUN: click(findTestObject("ROLES/Role_Navigation/a_ADMIN"))

2020-03-13 13:37:54 - [TEST_STEP][PASSED] - click(findTestObject("ROLES/Roles_page/Hamburger/button_hamburger")): Object: 'Object Repository/ROLES/Roles_page/Hamburger/button_hamburger' is clicked on

2020-03-13 13:37:54 - [MESSAGE][PASSED] - Object: 'Object Repository/ROLES/Roles_page/Hamburger/button_hamburger' is clicked on

2020-03-13 13:37:54 - [TEST_STEP][PASSED] - click(findTestObject("ROLES/Edit Role/edit_link")): Object: 'Object Repository/ROLES/Edit Role/edit_link' is clicked on

2020-03-13 13:37:54 - [MESSAGE][PASSED] - Object: 'Object Repository/ROLES/Edit Role/edit_link' is clicked on

2020-03-13 13:37:54 - [TEST_STEP][PASSED] - verifyElementHasAttribute(findTestObject("ROLES/Edit Role/save button"), findTestData("Roles").getValue(8, 2), 0): Object 'Object Repository/ROLES/Edit Role/save button' has attribute 'disabled'

2020-03-13 13:37:55 - [MESSAGE][WARNING] - Timeout '0' is invalid. Using default page load timeout: '230'

2020-03-13 13:37:56 - [MESSAGE][PASSED] - Object 'Object Repository/ROLES/Edit Role/save button' has attribute 'disabled'

2020-03-13 13:37:56 - [TEST_STEP][PASSED] - ROLENAME1 = findTestData("Roles").getValue(3, 1): null

2020-03-13 13:37:56 - [TEST_STEP][PASSED] - sendKeys(findTestObject("ROLES/Create Role/New Role_page/input_Role Name_name"), ROLENAME1): Keys 'Role1 13-03-2020 13:37:56' sent to object: 'Object Repository/ROLES/Create Role/New Role_page/input_Role Name_name'

2020-03-13 13:37:57 - [MESSAGE][PASSED] - Keys 'Role1 13-03-2020 13:37:56' sent to object: 'Object Repository/ROLES/Create Role/New Role_page/input_Role Name_name'

2020-03-13 13:37:57 - [TEST_STEP][PASSED] - sendKeys(findTestObject("ROLES/Edit Role/edit role description"), findTestData("Roles").getValue(4, 1)): Keys 'Role Description' sent to object: 'Object Repository/ROLES/Edit Role/edit role description'

2020-03-13 13:37:58 - [MESSAGE][PASSED] - Keys 'Role Description' sent to object: 'Object Repository/ROLES/Edit Role/edit role description'

2020-03-13 13:37:58 - [TEST_STEP][PASSED] - verifyElementNotHasAttribute(findTestObject("ROLES/Edit Role/save button"), findTestData("Roles").getValue(8, 2), 0): Object 'Object Repository/ROLES/Edit Role/save button' does not have attribute 'disabled'

2020-03-13 13:37:58 - [MESSAGE][WARNING] - Timeout '0' is invalid. Using default page load timeout: '230'

2020-03-13 13:37:59 - [MESSAGE][PASSED] - Object 'Object Repository/ROLES/Edit Role/save button' does not have attribute 'disabled'

2020-03-13 13:37:59 - [TEST_STEP][PASSED] - click(findTestObject("ROLES/Edit Role/cancel button")): Object: 'Object Repository/ROLES/Edit Role/cancel button' is clicked on

2020-03-13 13:37:59 - [MESSAGE][PASSED] - Object: 'Object Repository/ROLES/Edit Role/cancel button' is clicked on

2020-03-13 13:37:59 - [TEST_STEP][PASSED] - verifyElementPresent(findTestObject("ROLES/Edit Role/cancelConfirmationtext1"), 0): Object 'Object Repository/ROLES/Edit Role/cancelConfirmationtext1' is present

2020-03-13 13:37:59 - [MESSAGE][WARNING] - Timeout '0' is invalid. Using default page load timeout: '230'

2020-03-13 13:38:00 - [MESSAGE][PASSED] - Object 'Object Repository/ROLES/Edit Role/cancelConfirmationtext1' is present

2020-03-13 13:38:00 - [TEST_STEP][PASSED] - verifyElementPresent(findTestObject("ROLES/Edit Role/cancelConfirmationtext2"), 0): Object 'Object Repository/ROLES/Edit Role/cancelConfirmationtext2' is present

2020-03-13 13:38:00 - [MESSAGE][WARNING] - Timeout '0' is invalid. Using default page load timeout: '230'

2020-03-13 13:38:00 - [MESSAGE][PASSED] - Object 'Object Repository/ROLES/Edit Role/cancelConfirmationtext2' is present

2020-03-13 13:38:00 - [TEST_STEP][PASSED] - verifyElementPresent(findTestObject("ROLES/Edit Role/NoStay_button"), 0): Object 'Object Repository/ROLES/Edit Role/NoStay_button' is present

2020-03-13 13:38:00 - [MESSAGE][WARNING] - Timeout '0' is invalid. Using default page load timeout: '230'

2020-03-13 13:38:01 - [MESSAGE][PASSED] - Object 'Object Repository/ROLES/Edit Role/NoStay_button' is present

2020-03-13 13:38:01 - [TEST_STEP][PASSED] - verifyElementPresent(findTestObject("ROLES/Edit Role/YesLeave_button"), 0): Object 'Object Repository/ROLES/Edit Role/YesLeave_button' is present

2020-03-13 13:38:01 - [MESSAGE][WARNING] - Timeout '0' is invalid. Using default page load timeout: '230'

2020-03-13 13:38:01 - [MESSAGE][PASSED] - Object 'Object Repository/ROLES/Edit Role/YesLeave_button' is present

2020-03-13 13:38:01 - [TEST_STEP][PASSED] - click(findTestObject("ROLES/Edit Role/NoStay_button")): Object: 'Object Repository/ROLES/Edit Role/NoStay_button' is clicked on

2020-03-13 13:38:01 - [MESSAGE][PASSED] - Object: 'Object Repository/ROLES/Edit Role/NoStay_button' is clicked on

2020-03-13 13:38:01 - [TEST_STEP][PASSED] - click(findTestObject("ROLES/Edit Role/cancel button")): Object: 'Object Repository/ROLES/Edit Role/cancel button' is clicked on

2020-03-13 13:38:02 - [MESSAGE][PASSED] - Object: 'Object Repository/ROLES/Edit Role/cancel button' is clicked on

2020-03-13 13:38:02 - [TEST_STEP][PASSED] - click(findTestObject("ROLES/Edit Role/YesLeave_button")): Object: 'Object Repository/ROLES/Edit Role/YesLeave_button' is clicked on

2020-03-13 13:38:03 - [MESSAGE][PASSED] - Object: 'Object Repository/ROLES/Edit Role/YesLeave_button' is clicked on

2020-03-13 13:38:03 - [TEST_STEP][PASSED] - click(findTestObject("ROLES/Roles_page/Hamburger/button_hamburger")): Object: 'Object Repository/ROLES/Roles_page/Hamburger/button_hamburger' is clicked on

2020-03-13 13:38:04 - [MESSAGE][PASSED] - Object: 'Object Repository/ROLES/Roles_page/Hamburger/button_hamburger' is clicked on

2020-03-13 13:38:04 - [TEST_STEP][PASSED] - click(findTestObject("ROLES/Edit Role/edit_link")): Object: 'Object Repository/ROLES/Edit Role/edit_link' is clicked on

2020-03-13 13:38:04 - [MESSAGE][PASSED] - Object: 'Object Repository/ROLES/Edit Role/edit_link' is clicked on

2020-03-13 13:38:04 - [TEST_STEP][PASSED] - sendKeys(findTestObject("ROLES/Edit Role/edit role description"), findTestData("Roles").getValue(4, 1)): Keys 'Role Description' sent to object: 'Object Repository/ROLES/Edit Role/edit role description'

2020-03-13 13:38:07 - [MESSAGE][PASSED] - Keys 'Role Description' sent to object: 'Object Repository/ROLES/Edit Role/edit role description'

2020-03-13 13:38:07 - [TEST_STEP][PASSED] - click(findTestObject("ROLES/Edit Role/save button")): Object: 'Object Repository/ROLES/Edit Role/save button' is clicked on

2020-03-13 13:38:07 - [MESSAGE][PASSED] - Object: 'Object Repository/ROLES/Edit Role/save button' is clicked on

2020-03-13 13:38:07 - [TEST_STEP][PASSED] - verifyElementPresent(findTestObject("ROLES/Edit Role/saveConfirmationtext1"), 0): Object 'Object Repository/ROLES/Edit Role/saveConfirmationtext1' is present

2020-03-13 13:38:07 - [MESSAGE][WARNING] - Timeout '0' is invalid. Using default page load timeout: '230'

2020-03-13 13:38:07 - [MESSAGE][PASSED] - Object 'Object Repository/ROLES/Edit Role/saveConfirmationtext1' is present

2020-03-13 13:38:07 - [TEST_STEP][PASSED] - verifyElementPresent(findTestObject("ROLES/Edit Role/saveConfirmationtext2"), 0): Object 'Object Repository/ROLES/Edit Role/saveConfirmationtext2' is present

2020-03-13 13:38:08 - [MESSAGE][WARNING] - Timeout '0' is invalid. Using default page load timeout: '230'

2020-03-13 13:38:08 - [MESSAGE][PASSED] - Object 'Object Repository/ROLES/Edit Role/saveConfirmationtext2' is present

2020-03-13 13:38:08 - [TEST_STEP][PASSED] - verifyElementPresent(findTestObject("ROLES/Edit Role/NoCancel_button"), 0): Object 'Object Repository/ROLES/Edit Role/NoCancel_button' is present

2020-03-13 13:38:08 - [MESSAGE][WARNING] - Timeout '0' is invalid. Using default page load timeout: '230'

2020-03-13 13:38:08 - [MESSAGE][PASSED] - Object 'Object Repository/ROLES/Edit Role/NoCancel_button' is present

2020-03-13 13:38:08 - [TEST_STEP][PASSED] - verifyElementPresent(findTestObject("ROLES/Edit Role/YesSave_button"), 0): Object 'Object Repository/ROLES/Edit Role/YesSave_button' is present

2020-03-13 13:38:08 - [MESSAGE][WARNING] - Timeout '0' is invalid. Using default page load timeout: '230'

2020-03-13 13:38:09 - [MESSAGE][PASSED] - Object 'Object Repository/ROLES/Edit Role/YesSave_button' is present

2020-03-13 13:38:09 - [TEST_STEP][PASSED] - click(findTestObject("ROLES/Edit Role/NoCancel_button")): Object: 'Object Repository/ROLES/Edit Role/NoCancel_button' is clicked on

2020-03-13 13:38:09 - [MESSAGE][PASSED] - Object: 'Object Repository/ROLES/Edit Role/NoCancel_button' is clicked on

2020-03-13 13:38:09 - [TEST_STEP][PASSED] - click(findTestObject("ROLES/Edit Role/save button")): Object: 'Object Repository/ROLES/Edit Role/save button' is clicked on

2020-03-13 13:38:10 - [MESSAGE][PASSED] - Object: 'Object Repository/ROLES/Edit Role/save button' is clicked on

2020-03-13 13:38:10 - [TEST_STEP][PASSED] - click(findTestObject("ROLES/Edit Role/YesSave_button")): Object: 'Object Repository/ROLES/Edit Role/YesSave_button' is clicked on

2020-03-13 13:38:10 - [MESSAGE][PASSED] - Object: 'Object Repository/ROLES/Edit Role/YesSave_button' is clicked on

2020-03-13 13:38:10 - [TEST_STEP][PASSED] - Start listener action : sampleAfterTestCase: null

2020-03-13 13:38:10 - [TEST_STEP][PASSED] - println(testCaseContext.getTestCaseId()): null

2020-03-13 13:38:10 - [TEST_STEP][PASSED] - println(testCaseContext.getTestCaseStatus()): null

2020-03-13 13:38:10 - [TEST_STEP][PASSED] - println("On Failure Method is Calling : " + testCaseContext.getTestCaseStatus()): null

2020-03-13 13:38:10 - [TEST_STEP][PASSED] - if (!(getTestCaseStatus().equalsIgnoreCase("PASSED"))): null]]></system-out>
         <system-err><![CDATA[]]></system-err>
      </testcase>
      <system-out><![CDATA[2020-03-13 13:24:35 - [TEST_SUITE][ERROR] - Roles: Test Cases/Atlas Platform/Configuration Management/Platform Management/ROLES/Role Listing Grid/Search Role/RLG-012 Validate Search text field in Role Manager page FAILED.
Reason:
groovy.lang.MissingPropertyException: No such property: RoleNotCreated for class: internal.GlobalVariable
	at RLG-012 Validate Search text field in Role Manager page.run(RLG-012 Validate Search text field in Role Manager page:70)
	at com.kms.katalon.core.main.ScriptEngine.run(ScriptEngine.java:194)
	at com.kms.katalon.core.main.ScriptEngine.runScriptAsRawText(ScriptEngine.java:119)
	at com.kms.katalon.core.main.TestCaseExecutor.runScript(TestCaseExecutor.java:337)
	at com.kms.katalon.core.main.TestCaseExecutor.doExecute(TestCaseExecutor.java:328)
	at com.kms.katalon.core.main.TestCaseExecutor.processExecutionPhase(TestCaseExecutor.java:307)
	at com.kms.katalon.core.main.TestCaseExecutor.accessMainPhase(TestCaseExecutor.java:299)
	at com.kms.katalon.core.main.TestCaseExecutor.execute(TestCaseExecutor.java:233)
	at com.kms.katalon.core.main.TestSuiteExecutor.accessTestCaseMainPhase(TestSuiteExecutor.java:169)
	at com.kms.katalon.core.main.TestSuiteExecutor.accessTestSuiteMainPhase(TestSuiteExecutor.java:142)
	at com.kms.katalon.core.main.TestSuiteExecutor.execute(TestSuiteExecutor.java:91)
	at com.kms.katalon.core.main.TestCaseMain.startTestSuite(TestCaseMain.java:157)
	at com.kms.katalon.core.main.TestCaseMain$startTestSuite$0.call(Unknown Source)
	at TempTestSuite1584086066127.run(TempTestSuite1584086066127.groovy:36)]]></system-out>
      <system-err><![CDATA[2020-03-13 13:24:35 - [TEST_SUITE][ERROR] - Roles: Test Cases/Atlas Platform/Configuration Management/Platform Management/ROLES/Role Listing Grid/Search Role/RLG-012 Validate Search text field in Role Manager page FAILED.
Reason:
groovy.lang.MissingPropertyException: No such property: RoleNotCreated for class: internal.GlobalVariable
	at RLG-012 Validate Search text field in Role Manager page.run(RLG-012 Validate Search text field in Role Manager page:70)
	at com.kms.katalon.core.main.ScriptEngine.run(ScriptEngine.java:194)
	at com.kms.katalon.core.main.ScriptEngine.runScriptAsRawText(ScriptEngine.java:119)
	at com.kms.katalon.core.main.TestCaseExecutor.runScript(TestCaseExecutor.java:337)
	at com.kms.katalon.core.main.TestCaseExecutor.doExecute(TestCaseExecutor.java:328)
	at com.kms.katalon.core.main.TestCaseExecutor.processExecutionPhase(TestCaseExecutor.java:307)
	at com.kms.katalon.core.main.TestCaseExecutor.accessMainPhase(TestCaseExecutor.java:299)
	at com.kms.katalon.core.main.TestCaseExecutor.execute(TestCaseExecutor.java:233)
	at com.kms.katalon.core.main.TestSuiteExecutor.accessTestCaseMainPhase(TestSuiteExecutor.java:169)
	at com.kms.katalon.core.main.TestSuiteExecutor.accessTestSuiteMainPhase(TestSuiteExecutor.java:142)
	at com.kms.katalon.core.main.TestSuiteExecutor.execute(TestSuiteExecutor.java:91)
	at com.kms.katalon.core.main.TestCaseMain.startTestSuite(TestCaseMain.java:157)
	at com.kms.katalon.core.main.TestCaseMain$startTestSuite$0.call(Unknown Source)
	at TempTestSuite1584086066127.run(TempTestSuite1584086066127.groovy:36)]]></system-err>
   </testsuite>
</testsuites>
