<?xml version="1.0" encoding="UTF-8"?>
<testsuites name="Login" time="221.379" tests="2" failures="0" errors="0">
   <testsuite name="Login" tests="2" failures="0" errors="0" time="221.379" timestamp="2020-02-17 17:06:37" hostname="Dell - DESKTOP-NFJ0132" id="Test Suites/LOGIN/Login">
      <properties>
         <property name="deviceName" value=""/>
         <property name="devicePlatform" value=""/>
         <property name="logFolder" value="C:\\Users\\Dell\\git\\GSMProject\\Reports\\20200217_170612\\LOGIN\\Login\\20200217_170612"/>
         <property name="logFiles" value="C:\\Users\\Dell\\git\\GSMProject\\Reports\\20200217_170612\\LOGIN\\Login\\20200217_170612\\execution0.log"/>
         <property name="attachments" value=""/>
         <property name="hostName" value="Dell - DESKTOP-NFJ0132"/>
         <property name="os" value="Windows 10 64bit"/>
         <property name="katalonVersion" value="7.0.6.1"/>
         <property name="browser" value="Chrome 80.0.3987.100"/>
         <property name="hostAddress" value="10.0.75.1"/>
         <property name="sessionId" value="c306ee835aaf14fc9ebd4be5b822c3b9"/>
         <property name="seleniumVersion" value="3.141.59"/>
         <property name="proxyInformation" value="ProxyInformation{proxyOption=NO_PROXY, proxyServerType=HTTP, password=, proxyServerAddress=, proxyServerPort=0}"/>
         <property name="platform" value="Windows 10"/>
      </properties>
      <testcase name="Test Cases/Atlas Platform/OnBoard/SwictherDBValidation/TC_100_ForSecurityURLSAcceptance" time="35.899" classname="Test Cases/Atlas Platform/OnBoard/SwictherDBValidation/TC_100_ForSecurityURLSAcceptance" status="PASSED">
         <system-out><![CDATA[2020-02-17 17:06:38 - [TEST_CASE][PASSED] - Test Cases/Atlas Platform/OnBoard/SwictherDBValidation/TC_100_ForSecurityURLSAcceptance: Test Cases/Atlas Platform/OnBoard/SwictherDBValidation/TC_100_ForSecurityURLSAcceptance

2020-02-17 17:06:39 - [TEST_STEP][PASSED] - openBrowser(""): Browser is opened with url: ''

2020-02-17 17:06:39 - [MESSAGE][INFO] - Starting 'Chrome' driver

2020-02-17 17:06:39 - [MESSAGE][INFO] - User set preference: ['args', '[--start-maximized, --disable-web-security, --no-proxy-server]']

2020-02-17 17:06:39 - [MESSAGE][INFO] - User set preference: ['prefs', '{credentials_enable_service=false, profile.password_manager_enabled=false}']

2020-02-17 17:06:39 - [MESSAGE][INFO] - Action delay is set to 0 seconds

2020-02-17 17:06:48 - [MESSAGE][PASSED] - Browser is opened with url: ''

2020-02-17 17:06:48 - [TEST_STEP][PASSED] - navigateToUrl("https://ec2-3-133-54-242.us-east-2.compute.amazonaws.com:9092/services/message/api/programs"): Navigate to 'https://ec2-3-133-54-242.us-east-2.compute.amazonaws.com:9092/services/message/api/programs' successfully

2020-02-17 17:06:50 - [MESSAGE][PASSED] - Navigate to 'https://ec2-3-133-54-242.us-east-2.compute.amazonaws.com:9092/services/message/api/programs' successfully

2020-02-17 17:06:50 - [TEST_STEP][PASSED] - click(findTestObject("LoginPage/httpAdvanceBtn")): Object: 'Object Repository/LoginPage/httpAdvanceBtn' is clicked on

2020-02-17 17:06:51 - [MESSAGE][PASSED] - Object: 'Object Repository/LoginPage/httpAdvanceBtn' is clicked on

2020-02-17 17:06:51 - [TEST_STEP][PASSED] - click(findTestObject("LoginPage/httpsproceedlink")): Object: 'Object Repository/LoginPage/httpsproceedlink' is clicked on

2020-02-17 17:06:53 - [MESSAGE][PASSED] - Object: 'Object Repository/LoginPage/httpsproceedlink' is clicked on

2020-02-17 17:06:53 - [TEST_STEP][PASSED] - navigateToUrl("https://3.19.246.255:9090/services/configuration/api/authenticate"): Navigate to 'https://3.19.246.255:9090/services/configuration/api/authenticate' successfully

2020-02-17 17:06:57 - [MESSAGE][PASSED] - Navigate to 'https://3.19.246.255:9090/services/configuration/api/authenticate' successfully

2020-02-17 17:06:57 - [TEST_STEP][PASSED] - click(findTestObject("LoginPage/httpAdvanceBtn")): Object: 'Object Repository/LoginPage/httpAdvanceBtn' is clicked on

2020-02-17 17:06:58 - [MESSAGE][PASSED] - Object: 'Object Repository/LoginPage/httpAdvanceBtn' is clicked on

2020-02-17 17:06:58 - [TEST_STEP][PASSED] - click(findTestObject("LoginPage/httpsproceedlink")): Object: 'Object Repository/LoginPage/httpsproceedlink' is clicked on

2020-02-17 17:06:59 - [MESSAGE][PASSED] - Object: 'Object Repository/LoginPage/httpsproceedlink' is clicked on

2020-02-17 17:06:59 - [TEST_STEP][PASSED] - navigateToUrl("https://ec2-3-133-54-242.us-east-2.compute.amazonaws.com:8080/services/data/api/data-sources?search=Repair&filters=ACTIVE&page=0&size=20&sort=accountId,DESC"): Navigate to 'https://ec2-3-133-54-242.us-east-2.compute.amazonaws.com:8080/services/data/api/data-sources?search=Repair&filters=ACTIVE&page=0&size=20&sort=accountId,DESC' successfully

2020-02-17 17:07:03 - [MESSAGE][PASSED] - Navigate to 'https://ec2-3-133-54-242.us-east-2.compute.amazonaws.com:8080/services/data/api/data-sources?search=Repair&filters=ACTIVE&page=0&size=20&sort=accountId,DESC' successfully

2020-02-17 17:07:03 - [TEST_STEP][PASSED] - click(findTestObject("LoginPage/httpAdvanceBtn")): Object: 'Object Repository/LoginPage/httpAdvanceBtn' is clicked on

2020-02-17 17:07:03 - [MESSAGE][PASSED] - Object: 'Object Repository/LoginPage/httpAdvanceBtn' is clicked on

2020-02-17 17:07:03 - [TEST_STEP][PASSED] - click(findTestObject("LoginPage/httpsproceedlink")): Object: 'Object Repository/LoginPage/httpsproceedlink' is clicked on

2020-02-17 17:07:05 - [MESSAGE][PASSED] - Object: 'Object Repository/LoginPage/httpsproceedlink' is clicked on

2020-02-17 17:07:05 - [TEST_STEP][PASSED] - navigateToUrl("https://3.19.246.255:9091/services/content/api/images?page=0&size=10"): Navigate to 'https://3.19.246.255:9091/services/content/api/images?page=0&size=10' successfully

2020-02-17 17:07:09 - [MESSAGE][PASSED] - Navigate to 'https://3.19.246.255:9091/services/content/api/images?page=0&size=10' successfully

2020-02-17 17:07:09 - [TEST_STEP][PASSED] - click(findTestObject("LoginPage/httpAdvanceBtn")): Object: 'Object Repository/LoginPage/httpAdvanceBtn' is clicked on

2020-02-17 17:07:09 - [MESSAGE][PASSED] - Object: 'Object Repository/LoginPage/httpAdvanceBtn' is clicked on

2020-02-17 17:07:09 - [TEST_STEP][PASSED] - click(findTestObject("LoginPage/httpsproceedlink")): Object: 'Object Repository/LoginPage/httpsproceedlink' is clicked on

2020-02-17 17:07:11 - [MESSAGE][PASSED] - Object: 'Object Repository/LoginPage/httpsproceedlink' is clicked on

2020-02-17 17:07:11 - [TEST_STEP][PASSED] - Start listener action : sampleAfterTestCase: null

2020-02-17 17:07:11 - [TEST_STEP][PASSED] - println(testCaseContext.getTestCaseId()): null

2020-02-17 17:07:11 - [TEST_STEP][PASSED] - println(testCaseContext.getTestCaseStatus()): null

2020-02-17 17:07:12 - [TEST_STEP][PASSED] - println("On Failure Method is Calling : " + testCaseContext.getTestCaseStatus()): null

2020-02-17 17:07:12 - [TEST_STEP][PASSED] - if (!(getTestCaseStatus().equalsIgnoreCase("PASSED"))): null]]></system-out>
         <system-err><![CDATA[]]></system-err>
      </testcase>
      <testcase name="Test Cases/Atlas Platform/Platform Navigation/Login/Default Logins/Default_Login_as_Root Admin" time="184.202" classname="Test Cases/Atlas Platform/Platform Navigation/Login/Default Logins/Default_Login_as_Root Admin" status="PASSED">
         <system-out><![CDATA[2020-02-17 17:07:14 - [TEST_CASE][PASSED] - Test Cases/Atlas Platform/Platform Navigation/Login/Default Logins/Default_Login_as_Root Admin: Test Cases/Atlas Platform/Platform Navigation/Login/Default Logins/Default_Login_as_Root Admin

2020-02-17 17:07:16 - [TEST_STEP][NOT_RUN] - openBrowser(""): NOT_RUN: openBrowser("")

2020-02-17 17:07:16 - [MESSAGE][NOT_RUN] - NOT_RUN: openBrowser("")

2020-02-17 17:07:16 - [TEST_STEP][PASSED] - callTestCase(findTestCase("Atlas Platform/OnBoard/SwictherDBValidation/TC_100_ForSecurityURLSAcceptance"), [:], CONTINUE_ON_FAILURE): Call Test Case 'Test Cases/Atlas Platform/OnBoard/SwictherDBValidation/TC_100_ForSecurityURLSAcceptance' successfully

2020-02-17 17:07:16 - [TEST_CASE][PASSED] - Test Cases/Atlas Platform/OnBoard/SwictherDBValidation/TC_100_ForSecurityURLSAcceptance: Test Cases/Atlas Platform/OnBoard/SwictherDBValidation/TC_100_ForSecurityURLSAcceptance

2020-02-17 17:07:16 - [TEST_STEP][PASSED] - openBrowser(""): Browser is opened with url: ''

2020-02-17 17:07:16 - [MESSAGE][WARNING] - A browser is already opened. Closing browser and opening a new one

2020-02-17 17:07:17 - [MESSAGE][INFO] - Starting 'Chrome' driver

2020-02-17 17:07:17 - [MESSAGE][INFO] - User set preference: ['args', '[--start-maximized, --disable-web-security, --no-proxy-server]']

2020-02-17 17:07:17 - [MESSAGE][INFO] - User set preference: ['prefs', '{credentials_enable_service=false, profile.password_manager_enabled=false}']

2020-02-17 17:07:22 - [MESSAGE][PASSED] - Browser is opened with url: ''

2020-02-17 17:07:22 - [TEST_STEP][PASSED] - navigateToUrl("https://ec2-3-133-54-242.us-east-2.compute.amazonaws.com:9092/services/message/api/programs"): Navigate to 'https://ec2-3-133-54-242.us-east-2.compute.amazonaws.com:9092/services/message/api/programs' successfully

2020-02-17 17:07:23 - [MESSAGE][PASSED] - Navigate to 'https://ec2-3-133-54-242.us-east-2.compute.amazonaws.com:9092/services/message/api/programs' successfully

2020-02-17 17:07:23 - [TEST_STEP][PASSED] - click(findTestObject("LoginPage/httpAdvanceBtn")): Object: 'Object Repository/LoginPage/httpAdvanceBtn' is clicked on

2020-02-17 17:07:23 - [MESSAGE][PASSED] - Object: 'Object Repository/LoginPage/httpAdvanceBtn' is clicked on

2020-02-17 17:07:23 - [TEST_STEP][PASSED] - click(findTestObject("LoginPage/httpsproceedlink")): Object: 'Object Repository/LoginPage/httpsproceedlink' is clicked on

2020-02-17 17:07:25 - [MESSAGE][PASSED] - Object: 'Object Repository/LoginPage/httpsproceedlink' is clicked on

2020-02-17 17:07:25 - [TEST_STEP][PASSED] - navigateToUrl("https://3.19.246.255:9090/services/configuration/api/authenticate"): Navigate to 'https://3.19.246.255:9090/services/configuration/api/authenticate' successfully

2020-02-17 17:07:30 - [MESSAGE][PASSED] - Navigate to 'https://3.19.246.255:9090/services/configuration/api/authenticate' successfully

2020-02-17 17:07:30 - [TEST_STEP][PASSED] - click(findTestObject("LoginPage/httpAdvanceBtn")): Object: 'Object Repository/LoginPage/httpAdvanceBtn' is clicked on

2020-02-17 17:07:30 - [MESSAGE][PASSED] - Object: 'Object Repository/LoginPage/httpAdvanceBtn' is clicked on

2020-02-17 17:07:30 - [TEST_STEP][PASSED] - click(findTestObject("LoginPage/httpsproceedlink")): Object: 'Object Repository/LoginPage/httpsproceedlink' is clicked on

2020-02-17 17:07:32 - [MESSAGE][PASSED] - Object: 'Object Repository/LoginPage/httpsproceedlink' is clicked on

2020-02-17 17:07:32 - [TEST_STEP][PASSED] - navigateToUrl("https://ec2-3-133-54-242.us-east-2.compute.amazonaws.com:8080/services/data/api/data-sources?search=Repair&filters=ACTIVE&page=0&size=20&sort=accountId,DESC"): Navigate to 'https://ec2-3-133-54-242.us-east-2.compute.amazonaws.com:8080/services/data/api/data-sources?search=Repair&filters=ACTIVE&page=0&size=20&sort=accountId,DESC' successfully

2020-02-17 17:07:36 - [MESSAGE][PASSED] - Navigate to 'https://ec2-3-133-54-242.us-east-2.compute.amazonaws.com:8080/services/data/api/data-sources?search=Repair&filters=ACTIVE&page=0&size=20&sort=accountId,DESC' successfully

2020-02-17 17:07:36 - [TEST_STEP][PASSED] - click(findTestObject("LoginPage/httpAdvanceBtn")): Object: 'Object Repository/LoginPage/httpAdvanceBtn' is clicked on

2020-02-17 17:07:36 - [MESSAGE][PASSED] - Object: 'Object Repository/LoginPage/httpAdvanceBtn' is clicked on

2020-02-17 17:07:36 - [TEST_STEP][PASSED] - click(findTestObject("LoginPage/httpsproceedlink")): Object: 'Object Repository/LoginPage/httpsproceedlink' is clicked on

2020-02-17 17:07:38 - [MESSAGE][PASSED] - Object: 'Object Repository/LoginPage/httpsproceedlink' is clicked on

2020-02-17 17:07:38 - [TEST_STEP][PASSED] - navigateToUrl("https://3.19.246.255:9091/services/content/api/images?page=0&size=10"): Navigate to 'https://3.19.246.255:9091/services/content/api/images?page=0&size=10' successfully

2020-02-17 17:07:42 - [MESSAGE][PASSED] - Navigate to 'https://3.19.246.255:9091/services/content/api/images?page=0&size=10' successfully

2020-02-17 17:07:42 - [TEST_STEP][PASSED] - click(findTestObject("LoginPage/httpAdvanceBtn")): Object: 'Object Repository/LoginPage/httpAdvanceBtn' is clicked on

2020-02-17 17:07:42 - [MESSAGE][PASSED] - Object: 'Object Repository/LoginPage/httpAdvanceBtn' is clicked on

2020-02-17 17:07:42 - [TEST_STEP][PASSED] - click(findTestObject("LoginPage/httpsproceedlink")): Object: 'Object Repository/LoginPage/httpsproceedlink' is clicked on

2020-02-17 17:07:44 - [MESSAGE][PASSED] - Object: 'Object Repository/LoginPage/httpsproceedlink' is clicked on

2020-02-17 17:07:44 - [MESSAGE][PASSED] - Call Test Case 'Test Cases/Atlas Platform/OnBoard/SwictherDBValidation/TC_100_ForSecurityURLSAcceptance' successfully

2020-02-17 17:07:44 - [TEST_STEP][PASSED] - navigateToUrl("https://atlas-dev.gsm.auto/"): Navigate to 'https://atlas-dev.gsm.auto/' successfully

2020-02-17 17:07:55 - [MESSAGE][PASSED] - Navigate to 'https://atlas-dev.gsm.auto/' successfully

2020-02-17 17:07:55 - [TEST_STEP][PASSED] - setText(findTestObject("Login_Page/Page_/email address placeholder"), Email): Text 'Navaraj@totient.co.in' is set on object 'Object Repository/Login_Page/Page_/email address placeholder'

2020-02-17 17:10:14 - [MESSAGE][PASSED] - Text 'Navaraj@totient.co.in' is set on object 'Object Repository/Login_Page/Page_/email address placeholder'

2020-02-17 17:10:14 - [TEST_STEP][PASSED] - setText(findTestObject("Login_Page/Page_/Password placeholder"), Password): Text 'Totient@123' is set on object 'Object Repository/Login_Page/Page_/Password placeholder'

2020-02-17 17:10:15 - [MESSAGE][PASSED] - Text 'Totient@123' is set on object 'Object Repository/Login_Page/Page_/Password placeholder'

2020-02-17 17:10:15 - [TEST_STEP][PASSED] - click(findTestObject("Login_Page/Page_/Log In button")): Object: 'Object Repository/Login_Page/Page_/Log In button' is clicked on

2020-02-17 17:10:15 - [MESSAGE][PASSED] - Object: 'Object Repository/Login_Page/Page_/Log In button' is clicked on

2020-02-17 17:10:15 - [TEST_STEP][PASSED] - dashboard_act_title = getWindowTitle(): Current window's title is: ''

2020-02-17 17:10:16 - [MESSAGE][PASSED] - Current window's title is: ''

2020-02-17 17:10:16 - [TEST_STEP][PASSED] - verifyEqual(dashboard_act_title, dashboard_exp_title): Actual object '' and expected object '' are equal

2020-02-17 17:10:16 - [MESSAGE][PASSED] - Actual object '' and expected object '' are equal

2020-02-17 17:10:16 - [TEST_STEP][PASSED] - Start listener action : sampleAfterTestCase: null

2020-02-17 17:10:16 - [TEST_STEP][PASSED] - println(testCaseContext.getTestCaseId()): null

2020-02-17 17:10:16 - [TEST_STEP][PASSED] - println(testCaseContext.getTestCaseStatus()): null

2020-02-17 17:10:16 - [TEST_STEP][PASSED] - println("On Failure Method is Calling : " + testCaseContext.getTestCaseStatus()): null

2020-02-17 17:10:16 - [TEST_STEP][PASSED] - if (!(getTestCaseStatus().equalsIgnoreCase("PASSED"))): null]]></system-out>
         <system-err><![CDATA[]]></system-err>
      </testcase>
      <system-out><![CDATA[2020-02-17 17:06:37 - [TEST_SUITE][PASSED] - Login: Test Cases/Atlas Platform/Platform Navigation/Login/Default Logins/Default_Login_as_Root Admin]]></system-out>
      <system-err><![CDATA[]]></system-err>
   </testsuite>
</testsuites>
