<?xml version="1.0" encoding="UTF-8"?>
<testsuites name="Roles (Sanity)" time="30.889" tests="1" failures="0" errors="0">
   <testsuite name="Roles (Sanity)" tests="1" failures="0" errors="0" time="30.889" timestamp="2020-02-19 12:14:40" hostname="Dell - DESKTOP-8FKLJ50" id="Test Suites/ROLES/Roles (Sanity)">
      <properties>
         <property name="deviceName" value=""/>
         <property name="devicePlatform" value=""/>
         <property name="logFolder" value="C:\\Users\\Dell\\git\\GSMProject\\Reports\\20200219_121425\\ROLES\\Roles (Sanity)\\20200219_121425"/>
         <property name="logFiles" value="C:\\Users\\Dell\\git\\GSMProject\\Reports\\20200219_121425\\ROLES\\Roles (Sanity)\\20200219_121425\\execution0.log"/>
         <property name="attachments" value=""/>
         <property name="hostName" value="Dell - DESKTOP-8FKLJ50"/>
         <property name="os" value="Windows 10 64bit"/>
         <property name="katalonVersion" value="7.2.1.1"/>
         <property name="browser" value="Chrome 80.0.3987.116"/>
         <property name="hostAddress" value="10.0.75.1"/>
         <property name="sessionId" value="cf549c0513dc0ba2ae64699711444457"/>
         <property name="seleniumVersion" value="3.141.59"/>
         <property name="proxyInformation" value="ProxyInformation{proxyOption=NO_PROXY, proxyServerType=HTTP, password=, proxyServerAddress=, proxyServerPort=0, executionList=}"/>
         <property name="platform" value="Windows 10"/>
      </properties>
      <testcase name="Test Cases/Atlas Platform/Configuration Management/Platform Management/ROLES/Create Role/Create a Role" time="29.601" classname="Test Cases/Atlas Platform/Configuration Management/Platform Management/ROLES/Create Role/Create a Role" status="INCOMPLETE">
         <system-out><![CDATA[2020-02-19 12:14:41 - [TEST_CASE][INCOMPLETE] - Test Cases/Atlas Platform/Configuration Management/Platform Management/ROLES/Create Role/Create a Role: null

2020-02-19 12:14:43 - [TEST_STEP][PASSED] - callTestCase(findTestCase("Atlas Platform/Configuration Management/Platform Management/ROLES/others/Navigation"), [:], CONTINUE_ON_FAILURE): Call Test Case 'Test Cases/Atlas Platform/Configuration Management/Platform Management/ROLES/others/Navigation' successfully

2020-02-19 12:14:44 - [TEST_CASE][PASSED] - Test Cases/Atlas Platform/Configuration Management/Platform Management/ROLES/others/Navigation: Test Cases/Atlas Platform/Configuration Management/Platform Management/ROLES/others/Navigation

2020-02-19 12:14:45 - [TEST_STEP][PASSED] - openBrowser(""): Browser is opened with url: ''

2020-02-19 12:14:46 - [MESSAGE][INFO] - Starting 'Chrome' driver

2020-02-19 12:14:46 - [MESSAGE][INFO] - User set preference: ['args', '[--start-maximized, --disable-web-security, --no-proxy-server]']

2020-02-19 12:14:46 - [MESSAGE][INFO] - User set preference: ['prefs', '{credentials_enable_service=false, profile.password_manager_enabled=false}']

2020-02-19 12:14:46 - [MESSAGE][INFO] - Action delay is set to 0 seconds

2020-02-19 12:14:56 - [MESSAGE][PASSED] - Browser is opened with url: ''

2020-02-19 12:14:56 - [TEST_STEP][PASSED] - navigateToUrl("https://atlas-dev.gsm.auto/dashboard"): Navigate to 'https://atlas-dev.gsm.auto/dashboard' successfully

2020-02-19 12:15:06 - [MESSAGE][PASSED] - Navigate to 'https://atlas-dev.gsm.auto/dashboard' successfully

2020-02-19 12:15:06 - [TEST_STEP][PASSED] - setText(findTestObject("ROLES/Role_Navigation/input_Email Address_form-control"), "uday@totient.co.in"): Text 'uday@totient.co.in' is set on object 'Object Repository/ROLES/Role_Navigation/input_Email Address_form-control'

2020-02-19 12:15:09 - [MESSAGE][PASSED] - Text 'uday@totient.co.in' is set on object 'Object Repository/ROLES/Role_Navigation/input_Email Address_form-control'

2020-02-19 12:15:09 - [TEST_STEP][PASSED] - setText(findTestObject("ROLES/Role_Navigation/input_Password_form-control"), "Totient@123"): Text 'Totient@123' is set on object 'Object Repository/ROLES/Role_Navigation/input_Password_form-control'

2020-02-19 12:15:10 - [MESSAGE][PASSED] - Text 'Totient@123' is set on object 'Object Repository/ROLES/Role_Navigation/input_Password_form-control'

2020-02-19 12:15:10 - [TEST_STEP][PASSED] - click(findTestObject("ROLES/Role_Navigation/button_Log In")): Object: 'Object Repository/ROLES/Role_Navigation/button_Log In' is clicked on

2020-02-19 12:15:11 - [MESSAGE][PASSED] - Object: 'Object Repository/ROLES/Role_Navigation/button_Log In' is clicked on

2020-02-19 12:15:11 - [MESSAGE][PASSED] - Call Test Case 'Test Cases/Atlas Platform/Configuration Management/Platform Management/ROLES/others/Navigation' successfully

2020-02-19 12:15:11 - [TEST_STEP][INCOMPLETE] - click(findTestObject("ROLES/Role_Navigation/a_ADMIN")): null]]></system-out>
         <system-err><![CDATA[2020-02-19 12:14:41 - [TEST_CASE][INCOMPLETE] - Test Cases/Atlas Platform/Configuration Management/Platform Management/ROLES/Create Role/Create a Role: null]]></system-err>
      </testcase>
      <system-out><![CDATA[2020-02-19 12:14:40 - [TEST_SUITE][INCOMPLETE] - Roles (Sanity): null]]></system-out>
      <system-err><![CDATA[2020-02-19 12:14:40 - [TEST_SUITE][INCOMPLETE] - Roles (Sanity): null]]></system-err>
   </testsuite>
</testsuites>
