<?xml version="1.0" encoding="UTF-8"?>
<testsuites name="Login_Valid and Invalid" time="2837.57" tests="52" failures="1" errors="0">
   <testsuite name="Login_Valid and Invalid" tests="52" failures="1" errors="0" time="2837.57" timestamp="2020-01-13 12:40:49" hostname="Dell - DESKTOP-NFJ0132" id="Test Suites/LOGIN/Login_Valid and Invalid">
      <properties>
         <property name="deviceName" value=""/>
         <property name="devicePlatform" value=""/>
         <property name="logFolder" value="C:\\Users\\Dell\\git\\GSMProject\\Reports\\20200113_124034\\LOGIN\\Login_Valid and Invalid\\20200113_124034"/>
         <property name="logFiles" value="C:\\Users\\Dell\\git\\GSMProject\\Reports\\20200113_124034\\LOGIN\\Login_Valid and Invalid\\20200113_124034\\execution0.log"/>
         <property name="attachments" value="C:\\Users\\Dell\\git\\GSMProject\\Reports\\20200113_124034\\LOGIN\\Login_Valid and Invalid\\20200113_124034\\1578901032097.png, C:\\Users\\Dell\\git\\GSMProject\\Reports\\20200113_124034\\LOGIN\\Login_Valid and Invalid\\20200113_124034\\1578901378888.png, C:\\Users\\Dell\\git\\GSMProject\\Reports\\20200113_124034\\LOGIN\\Login_Valid and Invalid\\20200113_124034\\1578901729651.png, D:\\TestDataForSampleProject\\test1.jpg, C:\\Users\\Dell\\git\\GSMProject\\Reports\\20200113_124034\\LOGIN\\Login_Valid and Invalid\\20200113_124034/videos\\test_44.avi"/>
         <property name="hostName" value="Dell - DESKTOP-NFJ0132"/>
         <property name="os" value="Windows 10 64bit"/>
         <property name="katalonVersion" value="7.0.6.1"/>
         <property name="browser" value="Chrome 79.0.3945.117"/>
         <property name="hostAddress" value="10.0.75.1"/>
         <property name="sessionId" value="3ee40f3d8587597c4cc82476a6e7cc47"/>
         <property name="seleniumVersion" value="3.141.59"/>
         <property name="proxyInformation" value="ProxyInformation{proxyOption=NO_PROXY, proxyServerType=HTTP, password=, proxyServerAddress=, proxyServerPort=0}"/>
         <property name="platform" value="Windows 10"/>
      </properties>
      <testcase name="Test Cases/Atlas Platform/Platform Navigation/Login/Validate_Email_address_text_field_for_Valid_eID" time="22.6" classname="Test Cases/Atlas Platform/Platform Navigation/Login/Validate_Email_address_text_field_for_Valid_eID" status="PASSED">
         <system-out><![CDATA[2020-01-13 12:40:49 - [TEST_CASE][PASSED] - Test Cases/Atlas Platform/Platform Navigation/Login/Validate_Email_address_text_field_for_Valid_eID: Test Cases/Atlas Platform/Platform Navigation/Login/Validate_Email_address_text_field_for_Valid_eID

2020-01-13 12:40:51 - [TEST_STEP][PASSED] - openBrowser(""): Browser is opened with url: ''

2020-01-13 12:40:51 - [MESSAGE][INFO] - Starting 'Chrome' driver

2020-01-13 12:40:51 - [MESSAGE][INFO] - User set preference: ['args', '[--start-maximized, --disable-web-security, --no-proxy-server]']

2020-01-13 12:40:51 - [MESSAGE][INFO] - User set preference: ['prefs', '{credentials_enable_service=false, profile.password_manager_enabled=false}']

2020-01-13 12:40:51 - [MESSAGE][INFO] - Action delay is set to 0 seconds

2020-01-13 12:41:01 - [MESSAGE][PASSED] - Browser is opened with url: ''

2020-01-13 12:41:01 - [TEST_STEP][PASSED] - navigateToUrl("http://dqfn4clx0bazt.cloudfront.net/"): Navigate to 'http://dqfn4clx0bazt.cloudfront.net/' successfully

2020-01-13 12:41:06 - [MESSAGE][PASSED] - Navigate to 'http://dqfn4clx0bazt.cloudfront.net/' successfully

2020-01-13 12:41:06 - [TEST_STEP][PASSED] - setText(findTestObject("Login_Page/Page_/email address placeholder"), Email): Text 'email@domain.com' is set on object 'Object Repository/Login_Page/Page_/email address placeholder'

2020-01-13 12:41:08 - [MESSAGE][PASSED] - Text 'email@domain.com' is set on object 'Object Repository/Login_Page/Page_/email address placeholder'

2020-01-13 12:41:08 - [TEST_STEP][PASSED] - setText(findTestObject("Login_Page/Page_/Password placeholder"), Password): Text '123456789' is set on object 'Object Repository/Login_Page/Page_/Password placeholder'

2020-01-13 12:41:08 - [MESSAGE][PASSED] - Text '123456789' is set on object 'Object Repository/Login_Page/Page_/Password placeholder'

2020-01-13 12:41:08 - [TEST_STEP][PASSED] - click(findTestObject("Login_Page/Page_/Log In button")): Object: 'Object Repository/Login_Page/Page_/Log In button' is clicked on

2020-01-13 12:41:09 - [MESSAGE][PASSED] - Object: 'Object Repository/Login_Page/Page_/Log In button' is clicked on

2020-01-13 12:41:09 - [TEST_STEP][PASSED] - dashboard_act_title = getWindowTitle(): Current window's title is: ''

2020-01-13 12:41:09 - [MESSAGE][PASSED] - Current window's title is: ''

2020-01-13 12:41:09 - [TEST_STEP][PASSED] - verifyEqual(dashboard_act_title, dashboard_exp_title): Actual object '' and expected object '' are equal

2020-01-13 12:41:09 - [MESSAGE][PASSED] - Actual object '' and expected object '' are equal

2020-01-13 12:41:09 - [TEST_STEP][NOT_RUN] - verifyElementPresent(findTestObject("Login_Page/Dashboard/a_AUDIENCE"), 0): NOT_RUN: verifyElementPresent(findTestObject("Login_Page/Dashboard/a_AUDIENCE"), 0)

2020-01-13 12:41:09 - [MESSAGE][NOT_RUN] - NOT_RUN: verifyElementPresent(findTestObject("Login_Page/Dashboard/a_AUDIENCE"), 0)

2020-01-13 12:41:09 - [TEST_STEP][NOT_RUN] - verifyElementPresent(findTestObject("Login_Page/Dashboard/a_CONTENT"), 0): NOT_RUN: verifyElementPresent(findTestObject("Login_Page/Dashboard/a_CONTENT"), 0)

2020-01-13 12:41:09 - [MESSAGE][NOT_RUN] - NOT_RUN: verifyElementPresent(findTestObject("Login_Page/Dashboard/a_CONTENT"), 0)

2020-01-13 12:41:09 - [TEST_STEP][NOT_RUN] - verifyElementPresent(findTestObject("Login_Page/Dashboard/a_MESSAGING"), 0): NOT_RUN: verifyElementPresent(findTestObject("Login_Page/Dashboard/a_MESSAGING"), 0)

2020-01-13 12:41:09 - [MESSAGE][NOT_RUN] - NOT_RUN: verifyElementPresent(findTestObject("Login_Page/Dashboard/a_MESSAGING"), 0)

2020-01-13 12:41:09 - [TEST_STEP][NOT_RUN] - verifyElementPresent(findTestObject("Login_Page/Dashboard/a_REPORTING"), 0): NOT_RUN: verifyElementPresent(findTestObject("Login_Page/Dashboard/a_REPORTING"), 0)

2020-01-13 12:41:09 - [MESSAGE][NOT_RUN] - NOT_RUN: verifyElementPresent(findTestObject("Login_Page/Dashboard/a_REPORTING"), 0)

2020-01-13 12:41:09 - [TEST_STEP][NOT_RUN] - verifyElementPresent(findTestObject("Login_Page/Dashboard/a_ADMIN"), 0): NOT_RUN: verifyElementPresent(findTestObject("Login_Page/Dashboard/a_ADMIN"), 0)

2020-01-13 12:41:09 - [MESSAGE][NOT_RUN] - NOT_RUN: verifyElementPresent(findTestObject("Login_Page/Dashboard/a_ADMIN"), 0)

2020-01-13 12:41:09 - [TEST_STEP][NOT_RUN] - verifyElementPresent(findTestObject("Login_Page/Dashboard/div_Toyota"), 0): NOT_RUN: verifyElementPresent(findTestObject("Login_Page/Dashboard/div_Toyota"), 0)

2020-01-13 12:41:09 - [MESSAGE][NOT_RUN] - NOT_RUN: verifyElementPresent(findTestObject("Login_Page/Dashboard/div_Toyota"), 0)

2020-01-13 12:41:09 - [TEST_STEP][NOT_RUN] - verifyElementPresent(findTestObject("Login_Page/Dashboard/img"), 0): NOT_RUN: verifyElementPresent(findTestObject("Login_Page/Dashboard/img"), 0)

2020-01-13 12:41:09 - [MESSAGE][NOT_RUN] - NOT_RUN: verifyElementPresent(findTestObject("Login_Page/Dashboard/img"), 0)

2020-01-13 12:41:10 - [TEST_STEP][PASSED] - Start listener action : sampleAfterTestCase: null

2020-01-13 12:41:10 - [TEST_STEP][PASSED] - println(testCaseContext.getTestCaseId()): null

2020-01-13 12:41:10 - [TEST_STEP][PASSED] - println(testCaseContext.getTestCaseStatus()): null

2020-01-13 12:41:10 - [TEST_STEP][PASSED] - println("On Failure Method is Calling : " + testCaseContext.getTestCaseStatus()): null

2020-01-13 12:41:10 - [TEST_STEP][PASSED] - if (!(getTestCaseStatus().equalsIgnoreCase("PASSED"))): null]]></system-out>
         <system-err><![CDATA[]]></system-err>
      </testcase>
      <testcase name="Test Cases/Atlas Platform/Platform Navigation/Login/Validate_Email_address_text_field_for_Valid_eID" time="15.461" classname="Test Cases/Atlas Platform/Platform Navigation/Login/Validate_Email_address_text_field_for_Valid_eID" status="PASSED">
         <system-out><![CDATA[2020-01-13 12:41:12 - [TEST_CASE][PASSED] - Test Cases/Atlas Platform/Platform Navigation/Login/Validate_Email_address_text_field_for_Valid_eID: Test Cases/Atlas Platform/Platform Navigation/Login/Validate_Email_address_text_field_for_Valid_eID

2020-01-13 12:41:12 - [TEST_STEP][PASSED] - openBrowser(""): Browser is opened with url: ''

2020-01-13 12:41:12 - [MESSAGE][WARNING] - A browser is already opened. Closing browser and opening a new one

2020-01-13 12:41:13 - [MESSAGE][INFO] - Starting 'Chrome' driver

2020-01-13 12:41:13 - [MESSAGE][INFO] - User set preference: ['args', '[--start-maximized, --disable-web-security, --no-proxy-server]']

2020-01-13 12:41:13 - [MESSAGE][INFO] - User set preference: ['prefs', '{credentials_enable_service=false, profile.password_manager_enabled=false}']

2020-01-13 12:41:19 - [MESSAGE][PASSED] - Browser is opened with url: ''

2020-01-13 12:41:19 - [TEST_STEP][PASSED] - navigateToUrl("http://dqfn4clx0bazt.cloudfront.net/"): Navigate to 'http://dqfn4clx0bazt.cloudfront.net/' successfully

2020-01-13 12:41:22 - [MESSAGE][PASSED] - Navigate to 'http://dqfn4clx0bazt.cloudfront.net/' successfully

2020-01-13 12:41:22 - [TEST_STEP][PASSED] - setText(findTestObject("Login_Page/Page_/email address placeholder"), Email): Text 'firstname.lastname@domain.com' is set on object 'Object Repository/Login_Page/Page_/email address placeholder'

2020-01-13 12:41:23 - [MESSAGE][PASSED] - Text 'firstname.lastname@domain.com' is set on object 'Object Repository/Login_Page/Page_/email address placeholder'

2020-01-13 12:41:23 - [TEST_STEP][PASSED] - setText(findTestObject("Login_Page/Page_/Password placeholder"), Password): Text '123456789' is set on object 'Object Repository/Login_Page/Page_/Password placeholder'

2020-01-13 12:41:24 - [MESSAGE][PASSED] - Text '123456789' is set on object 'Object Repository/Login_Page/Page_/Password placeholder'

2020-01-13 12:41:24 - [TEST_STEP][PASSED] - click(findTestObject("Login_Page/Page_/Log In button")): Object: 'Object Repository/Login_Page/Page_/Log In button' is clicked on

2020-01-13 12:41:25 - [MESSAGE][PASSED] - Object: 'Object Repository/Login_Page/Page_/Log In button' is clicked on

2020-01-13 12:41:25 - [TEST_STEP][PASSED] - dashboard_act_title = getWindowTitle(): Current window's title is: ''

2020-01-13 12:41:25 - [MESSAGE][PASSED] - Current window's title is: ''

2020-01-13 12:41:25 - [TEST_STEP][PASSED] - verifyEqual(dashboard_act_title, dashboard_exp_title): Actual object '' and expected object '' are equal

2020-01-13 12:41:25 - [MESSAGE][PASSED] - Actual object '' and expected object '' are equal

2020-01-13 12:41:25 - [TEST_STEP][NOT_RUN] - verifyElementPresent(findTestObject("Login_Page/Dashboard/a_AUDIENCE"), 0): NOT_RUN: verifyElementPresent(findTestObject("Login_Page/Dashboard/a_AUDIENCE"), 0)

2020-01-13 12:41:25 - [MESSAGE][NOT_RUN] - NOT_RUN: verifyElementPresent(findTestObject("Login_Page/Dashboard/a_AUDIENCE"), 0)

2020-01-13 12:41:25 - [TEST_STEP][NOT_RUN] - verifyElementPresent(findTestObject("Login_Page/Dashboard/a_CONTENT"), 0): NOT_RUN: verifyElementPresent(findTestObject("Login_Page/Dashboard/a_CONTENT"), 0)

2020-01-13 12:41:25 - [MESSAGE][NOT_RUN] - NOT_RUN: verifyElementPresent(findTestObject("Login_Page/Dashboard/a_CONTENT"), 0)

2020-01-13 12:41:25 - [TEST_STEP][NOT_RUN] - verifyElementPresent(findTestObject("Login_Page/Dashboard/a_MESSAGING"), 0): NOT_RUN: verifyElementPresent(findTestObject("Login_Page/Dashboard/a_MESSAGING"), 0)

2020-01-13 12:41:25 - [MESSAGE][NOT_RUN] - NOT_RUN: verifyElementPresent(findTestObject("Login_Page/Dashboard/a_MESSAGING"), 0)

2020-01-13 12:41:25 - [TEST_STEP][NOT_RUN] - verifyElementPresent(findTestObject("Login_Page/Dashboard/a_REPORTING"), 0): NOT_RUN: verifyElementPresent(findTestObject("Login_Page/Dashboard/a_REPORTING"), 0)

2020-01-13 12:41:25 - [MESSAGE][NOT_RUN] - NOT_RUN: verifyElementPresent(findTestObject("Login_Page/Dashboard/a_REPORTING"), 0)

2020-01-13 12:41:25 - [TEST_STEP][NOT_RUN] - verifyElementPresent(findTestObject("Login_Page/Dashboard/a_ADMIN"), 0): NOT_RUN: verifyElementPresent(findTestObject("Login_Page/Dashboard/a_ADMIN"), 0)

2020-01-13 12:41:25 - [MESSAGE][NOT_RUN] - NOT_RUN: verifyElementPresent(findTestObject("Login_Page/Dashboard/a_ADMIN"), 0)

2020-01-13 12:41:25 - [TEST_STEP][NOT_RUN] - verifyElementPresent(findTestObject("Login_Page/Dashboard/div_Toyota"), 0): NOT_RUN: verifyElementPresent(findTestObject("Login_Page/Dashboard/div_Toyota"), 0)

2020-01-13 12:41:25 - [MESSAGE][NOT_RUN] - NOT_RUN: verifyElementPresent(findTestObject("Login_Page/Dashboard/div_Toyota"), 0)

2020-01-13 12:41:25 - [TEST_STEP][NOT_RUN] - verifyElementPresent(findTestObject("Login_Page/Dashboard/img"), 0): NOT_RUN: verifyElementPresent(findTestObject("Login_Page/Dashboard/img"), 0)

2020-01-13 12:41:25 - [MESSAGE][NOT_RUN] - NOT_RUN: verifyElementPresent(findTestObject("Login_Page/Dashboard/img"), 0)

2020-01-13 12:41:25 - [TEST_STEP][PASSED] - Start listener action : sampleAfterTestCase: null

2020-01-13 12:41:25 - [TEST_STEP][PASSED] - println(testCaseContext.getTestCaseId()): null

2020-01-13 12:41:25 - [TEST_STEP][PASSED] - println(testCaseContext.getTestCaseStatus()): null

2020-01-13 12:41:25 - [TEST_STEP][PASSED] - println("On Failure Method is Calling : " + testCaseContext.getTestCaseStatus()): null

2020-01-13 12:41:25 - [TEST_STEP][PASSED] - if (!(getTestCaseStatus().equalsIgnoreCase("PASSED"))): null]]></system-out>
         <system-err><![CDATA[]]></system-err>
      </testcase>
      <testcase name="Test Cases/Atlas Platform/Platform Navigation/Login/Validate_Email_address_text_field_for_Valid_eID" time="16.129" classname="Test Cases/Atlas Platform/Platform Navigation/Login/Validate_Email_address_text_field_for_Valid_eID" status="PASSED">
         <system-out><![CDATA[2020-01-13 12:41:27 - [TEST_CASE][PASSED] - Test Cases/Atlas Platform/Platform Navigation/Login/Validate_Email_address_text_field_for_Valid_eID: Test Cases/Atlas Platform/Platform Navigation/Login/Validate_Email_address_text_field_for_Valid_eID

2020-01-13 12:41:27 - [TEST_STEP][PASSED] - openBrowser(""): Browser is opened with url: ''

2020-01-13 12:41:28 - [MESSAGE][WARNING] - A browser is already opened. Closing browser and opening a new one

2020-01-13 12:41:28 - [MESSAGE][INFO] - Starting 'Chrome' driver

2020-01-13 12:41:28 - [MESSAGE][INFO] - User set preference: ['args', '[--start-maximized, --disable-web-security, --no-proxy-server]']

2020-01-13 12:41:28 - [MESSAGE][INFO] - User set preference: ['prefs', '{credentials_enable_service=false, profile.password_manager_enabled=false}']

2020-01-13 12:41:34 - [MESSAGE][PASSED] - Browser is opened with url: ''

2020-01-13 12:41:34 - [TEST_STEP][PASSED] - navigateToUrl("http://dqfn4clx0bazt.cloudfront.net/"): Navigate to 'http://dqfn4clx0bazt.cloudfront.net/' successfully

2020-01-13 12:41:39 - [MESSAGE][PASSED] - Navigate to 'http://dqfn4clx0bazt.cloudfront.net/' successfully

2020-01-13 12:41:39 - [TEST_STEP][PASSED] - setText(findTestObject("Login_Page/Page_/email address placeholder"), Email): Text 'email@subdomain.domain.com' is set on object 'Object Repository/Login_Page/Page_/email address placeholder'

2020-01-13 12:41:40 - [MESSAGE][PASSED] - Text 'email@subdomain.domain.com' is set on object 'Object Repository/Login_Page/Page_/email address placeholder'

2020-01-13 12:41:40 - [TEST_STEP][PASSED] - setText(findTestObject("Login_Page/Page_/Password placeholder"), Password): Text '123456789' is set on object 'Object Repository/Login_Page/Page_/Password placeholder'

2020-01-13 12:41:41 - [MESSAGE][PASSED] - Text '123456789' is set on object 'Object Repository/Login_Page/Page_/Password placeholder'

2020-01-13 12:41:41 - [TEST_STEP][PASSED] - click(findTestObject("Login_Page/Page_/Log In button")): Object: 'Object Repository/Login_Page/Page_/Log In button' is clicked on

2020-01-13 12:41:41 - [MESSAGE][PASSED] - Object: 'Object Repository/Login_Page/Page_/Log In button' is clicked on

2020-01-13 12:41:41 - [TEST_STEP][PASSED] - dashboard_act_title = getWindowTitle(): Current window's title is: ''

2020-01-13 12:41:41 - [MESSAGE][PASSED] - Current window's title is: ''

2020-01-13 12:41:41 - [TEST_STEP][PASSED] - verifyEqual(dashboard_act_title, dashboard_exp_title): Actual object '' and expected object '' are equal

2020-01-13 12:41:41 - [MESSAGE][PASSED] - Actual object '' and expected object '' are equal

2020-01-13 12:41:41 - [TEST_STEP][NOT_RUN] - verifyElementPresent(findTestObject("Login_Page/Dashboard/a_AUDIENCE"), 0): NOT_RUN: verifyElementPresent(findTestObject("Login_Page/Dashboard/a_AUDIENCE"), 0)

2020-01-13 12:41:41 - [MESSAGE][NOT_RUN] - NOT_RUN: verifyElementPresent(findTestObject("Login_Page/Dashboard/a_AUDIENCE"), 0)

2020-01-13 12:41:41 - [TEST_STEP][NOT_RUN] - verifyElementPresent(findTestObject("Login_Page/Dashboard/a_CONTENT"), 0): NOT_RUN: verifyElementPresent(findTestObject("Login_Page/Dashboard/a_CONTENT"), 0)

2020-01-13 12:41:41 - [MESSAGE][NOT_RUN] - NOT_RUN: verifyElementPresent(findTestObject("Login_Page/Dashboard/a_CONTENT"), 0)

2020-01-13 12:41:41 - [TEST_STEP][NOT_RUN] - verifyElementPresent(findTestObject("Login_Page/Dashboard/a_MESSAGING"), 0): NOT_RUN: verifyElementPresent(findTestObject("Login_Page/Dashboard/a_MESSAGING"), 0)

2020-01-13 12:41:41 - [MESSAGE][NOT_RUN] - NOT_RUN: verifyElementPresent(findTestObject("Login_Page/Dashboard/a_MESSAGING"), 0)

2020-01-13 12:41:41 - [TEST_STEP][NOT_RUN] - verifyElementPresent(findTestObject("Login_Page/Dashboard/a_REPORTING"), 0): NOT_RUN: verifyElementPresent(findTestObject("Login_Page/Dashboard/a_REPORTING"), 0)

2020-01-13 12:41:41 - [MESSAGE][NOT_RUN] - NOT_RUN: verifyElementPresent(findTestObject("Login_Page/Dashboard/a_REPORTING"), 0)

2020-01-13 12:41:41 - [TEST_STEP][NOT_RUN] - verifyElementPresent(findTestObject("Login_Page/Dashboard/a_ADMIN"), 0): NOT_RUN: verifyElementPresent(findTestObject("Login_Page/Dashboard/a_ADMIN"), 0)

2020-01-13 12:41:41 - [MESSAGE][NOT_RUN] - NOT_RUN: verifyElementPresent(findTestObject("Login_Page/Dashboard/a_ADMIN"), 0)

2020-01-13 12:41:41 - [TEST_STEP][NOT_RUN] - verifyElementPresent(findTestObject("Login_Page/Dashboard/div_Toyota"), 0): NOT_RUN: verifyElementPresent(findTestObject("Login_Page/Dashboard/div_Toyota"), 0)

2020-01-13 12:41:41 - [MESSAGE][NOT_RUN] - NOT_RUN: verifyElementPresent(findTestObject("Login_Page/Dashboard/div_Toyota"), 0)

2020-01-13 12:41:41 - [TEST_STEP][NOT_RUN] - verifyElementPresent(findTestObject("Login_Page/Dashboard/img"), 0): NOT_RUN: verifyElementPresent(findTestObject("Login_Page/Dashboard/img"), 0)

2020-01-13 12:41:41 - [MESSAGE][NOT_RUN] - NOT_RUN: verifyElementPresent(findTestObject("Login_Page/Dashboard/img"), 0)

2020-01-13 12:41:41 - [TEST_STEP][PASSED] - Start listener action : sampleAfterTestCase: null

2020-01-13 12:41:41 - [TEST_STEP][PASSED] - println(testCaseContext.getTestCaseId()): null

2020-01-13 12:41:41 - [TEST_STEP][PASSED] - println(testCaseContext.getTestCaseStatus()): null

2020-01-13 12:41:41 - [TEST_STEP][PASSED] - println("On Failure Method is Calling : " + testCaseContext.getTestCaseStatus()): null

2020-01-13 12:41:41 - [TEST_STEP][PASSED] - if (!(getTestCaseStatus().equalsIgnoreCase("PASSED"))): null]]></system-out>
         <system-err><![CDATA[]]></system-err>
      </testcase>
      <testcase name="Test Cases/Atlas Platform/Platform Navigation/Login/Validate_Email_address_text_field_for_Valid_eID" time="29.093" classname="Test Cases/Atlas Platform/Platform Navigation/Login/Validate_Email_address_text_field_for_Valid_eID" status="PASSED">
         <system-out><![CDATA[2020-01-13 12:41:44 - [TEST_CASE][PASSED] - Test Cases/Atlas Platform/Platform Navigation/Login/Validate_Email_address_text_field_for_Valid_eID: Test Cases/Atlas Platform/Platform Navigation/Login/Validate_Email_address_text_field_for_Valid_eID

2020-01-13 12:41:44 - [TEST_STEP][PASSED] - openBrowser(""): Browser is opened with url: ''

2020-01-13 12:41:44 - [MESSAGE][WARNING] - A browser is already opened. Closing browser and opening a new one

2020-01-13 12:41:45 - [MESSAGE][INFO] - Starting 'Chrome' driver

2020-01-13 12:41:45 - [MESSAGE][INFO] - User set preference: ['args', '[--start-maximized, --disable-web-security, --no-proxy-server]']

2020-01-13 12:41:45 - [MESSAGE][INFO] - User set preference: ['prefs', '{credentials_enable_service=false, profile.password_manager_enabled=false}']

2020-01-13 12:41:50 - [MESSAGE][PASSED] - Browser is opened with url: ''

2020-01-13 12:41:50 - [TEST_STEP][PASSED] - navigateToUrl("http://dqfn4clx0bazt.cloudfront.net/"): Navigate to 'http://dqfn4clx0bazt.cloudfront.net/' successfully

2020-01-13 12:41:58 - [MESSAGE][PASSED] - Navigate to 'http://dqfn4clx0bazt.cloudfront.net/' successfully

2020-01-13 12:41:58 - [TEST_STEP][PASSED] - setText(findTestObject("Login_Page/Page_/email address placeholder"), Email): Text 'firstname+lastname@domain.com' is set on object 'Object Repository/Login_Page/Page_/email address placeholder'

2020-01-13 12:42:01 - [MESSAGE][PASSED] - Text 'firstname+lastname@domain.com' is set on object 'Object Repository/Login_Page/Page_/email address placeholder'

2020-01-13 12:42:01 - [TEST_STEP][PASSED] - setText(findTestObject("Login_Page/Page_/Password placeholder"), Password): Text '123456789' is set on object 'Object Repository/Login_Page/Page_/Password placeholder'

2020-01-13 12:42:03 - [MESSAGE][PASSED] - Text '123456789' is set on object 'Object Repository/Login_Page/Page_/Password placeholder'

2020-01-13 12:42:03 - [TEST_STEP][PASSED] - click(findTestObject("Login_Page/Page_/Log In button")): Object: 'Object Repository/Login_Page/Page_/Log In button' is clicked on

2020-01-13 12:42:10 - [MESSAGE][PASSED] - Object: 'Object Repository/Login_Page/Page_/Log In button' is clicked on

2020-01-13 12:42:10 - [TEST_STEP][PASSED] - dashboard_act_title = getWindowTitle(): Current window's title is: ''

2020-01-13 12:42:10 - [MESSAGE][PASSED] - Current window's title is: ''

2020-01-13 12:42:10 - [TEST_STEP][PASSED] - verifyEqual(dashboard_act_title, dashboard_exp_title): Actual object '' and expected object '' are equal

2020-01-13 12:42:10 - [MESSAGE][PASSED] - Actual object '' and expected object '' are equal

2020-01-13 12:42:10 - [TEST_STEP][NOT_RUN] - verifyElementPresent(findTestObject("Login_Page/Dashboard/a_AUDIENCE"), 0): NOT_RUN: verifyElementPresent(findTestObject("Login_Page/Dashboard/a_AUDIENCE"), 0)

2020-01-13 12:42:10 - [MESSAGE][NOT_RUN] - NOT_RUN: verifyElementPresent(findTestObject("Login_Page/Dashboard/a_AUDIENCE"), 0)

2020-01-13 12:42:10 - [TEST_STEP][NOT_RUN] - verifyElementPresent(findTestObject("Login_Page/Dashboard/a_CONTENT"), 0): NOT_RUN: verifyElementPresent(findTestObject("Login_Page/Dashboard/a_CONTENT"), 0)

2020-01-13 12:42:10 - [MESSAGE][NOT_RUN] - NOT_RUN: verifyElementPresent(findTestObject("Login_Page/Dashboard/a_CONTENT"), 0)

2020-01-13 12:42:10 - [TEST_STEP][NOT_RUN] - verifyElementPresent(findTestObject("Login_Page/Dashboard/a_MESSAGING"), 0): NOT_RUN: verifyElementPresent(findTestObject("Login_Page/Dashboard/a_MESSAGING"), 0)

2020-01-13 12:42:10 - [MESSAGE][NOT_RUN] - NOT_RUN: verifyElementPresent(findTestObject("Login_Page/Dashboard/a_MESSAGING"), 0)

2020-01-13 12:42:10 - [TEST_STEP][NOT_RUN] - verifyElementPresent(findTestObject("Login_Page/Dashboard/a_REPORTING"), 0): NOT_RUN: verifyElementPresent(findTestObject("Login_Page/Dashboard/a_REPORTING"), 0)

2020-01-13 12:42:10 - [MESSAGE][NOT_RUN] - NOT_RUN: verifyElementPresent(findTestObject("Login_Page/Dashboard/a_REPORTING"), 0)

2020-01-13 12:42:10 - [TEST_STEP][NOT_RUN] - verifyElementPresent(findTestObject("Login_Page/Dashboard/a_ADMIN"), 0): NOT_RUN: verifyElementPresent(findTestObject("Login_Page/Dashboard/a_ADMIN"), 0)

2020-01-13 12:42:10 - [MESSAGE][NOT_RUN] - NOT_RUN: verifyElementPresent(findTestObject("Login_Page/Dashboard/a_ADMIN"), 0)

2020-01-13 12:42:10 - [TEST_STEP][NOT_RUN] - verifyElementPresent(findTestObject("Login_Page/Dashboard/div_Toyota"), 0): NOT_RUN: verifyElementPresent(findTestObject("Login_Page/Dashboard/div_Toyota"), 0)

2020-01-13 12:42:11 - [MESSAGE][NOT_RUN] - NOT_RUN: verifyElementPresent(findTestObject("Login_Page/Dashboard/div_Toyota"), 0)

2020-01-13 12:42:11 - [TEST_STEP][NOT_RUN] - verifyElementPresent(findTestObject("Login_Page/Dashboard/img"), 0): NOT_RUN: verifyElementPresent(findTestObject("Login_Page/Dashboard/img"), 0)

2020-01-13 12:42:11 - [MESSAGE][NOT_RUN] - NOT_RUN: verifyElementPresent(findTestObject("Login_Page/Dashboard/img"), 0)

2020-01-13 12:42:11 - [TEST_STEP][PASSED] - Start listener action : sampleAfterTestCase: null

2020-01-13 12:42:11 - [TEST_STEP][PASSED] - println(testCaseContext.getTestCaseId()): null

2020-01-13 12:42:11 - [TEST_STEP][PASSED] - println(testCaseContext.getTestCaseStatus()): null

2020-01-13 12:42:11 - [TEST_STEP][PASSED] - println("On Failure Method is Calling : " + testCaseContext.getTestCaseStatus()): null

2020-01-13 12:42:11 - [TEST_STEP][PASSED] - if (!(getTestCaseStatus().equalsIgnoreCase("PASSED"))): null]]></system-out>
         <system-err><![CDATA[]]></system-err>
      </testcase>
      <testcase name="Test Cases/Atlas Platform/Platform Navigation/Login/Validate_Email_address_text_field_for_Valid_eID" time="15.449" classname="Test Cases/Atlas Platform/Platform Navigation/Login/Validate_Email_address_text_field_for_Valid_eID" status="PASSED">
         <system-out><![CDATA[2020-01-13 12:42:13 - [TEST_CASE][PASSED] - Test Cases/Atlas Platform/Platform Navigation/Login/Validate_Email_address_text_field_for_Valid_eID: Test Cases/Atlas Platform/Platform Navigation/Login/Validate_Email_address_text_field_for_Valid_eID

2020-01-13 12:42:13 - [TEST_STEP][PASSED] - openBrowser(""): Browser is opened with url: ''

2020-01-13 12:42:13 - [MESSAGE][WARNING] - A browser is already opened. Closing browser and opening a new one

2020-01-13 12:42:14 - [MESSAGE][INFO] - Starting 'Chrome' driver

2020-01-13 12:42:14 - [MESSAGE][INFO] - User set preference: ['args', '[--start-maximized, --disable-web-security, --no-proxy-server]']

2020-01-13 12:42:14 - [MESSAGE][INFO] - User set preference: ['prefs', '{credentials_enable_service=false, profile.password_manager_enabled=false}']

2020-01-13 12:42:19 - [MESSAGE][PASSED] - Browser is opened with url: ''

2020-01-13 12:42:19 - [TEST_STEP][PASSED] - navigateToUrl("http://dqfn4clx0bazt.cloudfront.net/"): Navigate to 'http://dqfn4clx0bazt.cloudfront.net/' successfully

2020-01-13 12:42:23 - [MESSAGE][PASSED] - Navigate to 'http://dqfn4clx0bazt.cloudfront.net/' successfully

2020-01-13 12:42:23 - [TEST_STEP][PASSED] - setText(findTestObject("Login_Page/Page_/email address placeholder"), Email): Text 'email@123.123.123.123' is set on object 'Object Repository/Login_Page/Page_/email address placeholder'

2020-01-13 12:42:24 - [MESSAGE][PASSED] - Text 'email@123.123.123.123' is set on object 'Object Repository/Login_Page/Page_/email address placeholder'

2020-01-13 12:42:24 - [TEST_STEP][PASSED] - setText(findTestObject("Login_Page/Page_/Password placeholder"), Password): Text '123456789' is set on object 'Object Repository/Login_Page/Page_/Password placeholder'

2020-01-13 12:42:25 - [MESSAGE][PASSED] - Text '123456789' is set on object 'Object Repository/Login_Page/Page_/Password placeholder'

2020-01-13 12:42:25 - [TEST_STEP][PASSED] - click(findTestObject("Login_Page/Page_/Log In button")): Object: 'Object Repository/Login_Page/Page_/Log In button' is clicked on

2020-01-13 12:42:26 - [MESSAGE][PASSED] - Object: 'Object Repository/Login_Page/Page_/Log In button' is clicked on

2020-01-13 12:42:26 - [TEST_STEP][PASSED] - dashboard_act_title = getWindowTitle(): Current window's title is: ''

2020-01-13 12:42:26 - [MESSAGE][PASSED] - Current window's title is: ''

2020-01-13 12:42:26 - [TEST_STEP][PASSED] - verifyEqual(dashboard_act_title, dashboard_exp_title): Actual object '' and expected object '' are equal

2020-01-13 12:42:26 - [MESSAGE][PASSED] - Actual object '' and expected object '' are equal

2020-01-13 12:42:26 - [TEST_STEP][NOT_RUN] - verifyElementPresent(findTestObject("Login_Page/Dashboard/a_AUDIENCE"), 0): NOT_RUN: verifyElementPresent(findTestObject("Login_Page/Dashboard/a_AUDIENCE"), 0)

2020-01-13 12:42:26 - [MESSAGE][NOT_RUN] - NOT_RUN: verifyElementPresent(findTestObject("Login_Page/Dashboard/a_AUDIENCE"), 0)

2020-01-13 12:42:26 - [TEST_STEP][NOT_RUN] - verifyElementPresent(findTestObject("Login_Page/Dashboard/a_CONTENT"), 0): NOT_RUN: verifyElementPresent(findTestObject("Login_Page/Dashboard/a_CONTENT"), 0)

2020-01-13 12:42:26 - [MESSAGE][NOT_RUN] - NOT_RUN: verifyElementPresent(findTestObject("Login_Page/Dashboard/a_CONTENT"), 0)

2020-01-13 12:42:26 - [TEST_STEP][NOT_RUN] - verifyElementPresent(findTestObject("Login_Page/Dashboard/a_MESSAGING"), 0): NOT_RUN: verifyElementPresent(findTestObject("Login_Page/Dashboard/a_MESSAGING"), 0)

2020-01-13 12:42:26 - [MESSAGE][NOT_RUN] - NOT_RUN: verifyElementPresent(findTestObject("Login_Page/Dashboard/a_MESSAGING"), 0)

2020-01-13 12:42:26 - [TEST_STEP][NOT_RUN] - verifyElementPresent(findTestObject("Login_Page/Dashboard/a_REPORTING"), 0): NOT_RUN: verifyElementPresent(findTestObject("Login_Page/Dashboard/a_REPORTING"), 0)

2020-01-13 12:42:26 - [MESSAGE][NOT_RUN] - NOT_RUN: verifyElementPresent(findTestObject("Login_Page/Dashboard/a_REPORTING"), 0)

2020-01-13 12:42:26 - [TEST_STEP][NOT_RUN] - verifyElementPresent(findTestObject("Login_Page/Dashboard/a_ADMIN"), 0): NOT_RUN: verifyElementPresent(findTestObject("Login_Page/Dashboard/a_ADMIN"), 0)

2020-01-13 12:42:26 - [MESSAGE][NOT_RUN] - NOT_RUN: verifyElementPresent(findTestObject("Login_Page/Dashboard/a_ADMIN"), 0)

2020-01-13 12:42:26 - [TEST_STEP][NOT_RUN] - verifyElementPresent(findTestObject("Login_Page/Dashboard/div_Toyota"), 0): NOT_RUN: verifyElementPresent(findTestObject("Login_Page/Dashboard/div_Toyota"), 0)

2020-01-13 12:42:26 - [MESSAGE][NOT_RUN] - NOT_RUN: verifyElementPresent(findTestObject("Login_Page/Dashboard/div_Toyota"), 0)

2020-01-13 12:42:26 - [TEST_STEP][NOT_RUN] - verifyElementPresent(findTestObject("Login_Page/Dashboard/img"), 0): NOT_RUN: verifyElementPresent(findTestObject("Login_Page/Dashboard/img"), 0)

2020-01-13 12:42:26 - [MESSAGE][NOT_RUN] - NOT_RUN: verifyElementPresent(findTestObject("Login_Page/Dashboard/img"), 0)

2020-01-13 12:42:26 - [TEST_STEP][PASSED] - Start listener action : sampleAfterTestCase: null

2020-01-13 12:42:26 - [TEST_STEP][PASSED] - println(testCaseContext.getTestCaseId()): null

2020-01-13 12:42:26 - [TEST_STEP][PASSED] - println(testCaseContext.getTestCaseStatus()): null

2020-01-13 12:42:26 - [TEST_STEP][PASSED] - println("On Failure Method is Calling : " + testCaseContext.getTestCaseStatus()): null

2020-01-13 12:42:26 - [TEST_STEP][PASSED] - if (!(getTestCaseStatus().equalsIgnoreCase("PASSED"))): null]]></system-out>
         <system-err><![CDATA[]]></system-err>
      </testcase>
      <testcase name="Test Cases/Atlas Platform/Platform Navigation/Login/Validate_Email_address_text_field_for_Valid_eID" time="17.64" classname="Test Cases/Atlas Platform/Platform Navigation/Login/Validate_Email_address_text_field_for_Valid_eID" status="PASSED">
         <system-out><![CDATA[2020-01-13 12:42:28 - [TEST_CASE][PASSED] - Test Cases/Atlas Platform/Platform Navigation/Login/Validate_Email_address_text_field_for_Valid_eID: Test Cases/Atlas Platform/Platform Navigation/Login/Validate_Email_address_text_field_for_Valid_eID

2020-01-13 12:42:28 - [TEST_STEP][PASSED] - openBrowser(""): Browser is opened with url: ''

2020-01-13 12:42:28 - [MESSAGE][WARNING] - A browser is already opened. Closing browser and opening a new one

2020-01-13 12:42:30 - [MESSAGE][INFO] - Starting 'Chrome' driver

2020-01-13 12:42:30 - [MESSAGE][INFO] - User set preference: ['args', '[--start-maximized, --disable-web-security, --no-proxy-server]']

2020-01-13 12:42:30 - [MESSAGE][INFO] - User set preference: ['prefs', '{credentials_enable_service=false, profile.password_manager_enabled=false}']

2020-01-13 12:42:36 - [MESSAGE][PASSED] - Browser is opened with url: ''

2020-01-13 12:42:36 - [TEST_STEP][PASSED] - navigateToUrl("http://dqfn4clx0bazt.cloudfront.net/"): Navigate to 'http://dqfn4clx0bazt.cloudfront.net/' successfully

2020-01-13 12:42:40 - [MESSAGE][PASSED] - Navigate to 'http://dqfn4clx0bazt.cloudfront.net/' successfully

2020-01-13 12:42:40 - [TEST_STEP][PASSED] - setText(findTestObject("Login_Page/Page_/email address placeholder"), Email): Text 'email@[123.123.123.123]' is set on object 'Object Repository/Login_Page/Page_/email address placeholder'

2020-01-13 12:42:42 - [MESSAGE][PASSED] - Text 'email@[123.123.123.123]' is set on object 'Object Repository/Login_Page/Page_/email address placeholder'

2020-01-13 12:42:42 - [TEST_STEP][PASSED] - setText(findTestObject("Login_Page/Page_/Password placeholder"), Password): Text '123456789' is set on object 'Object Repository/Login_Page/Page_/Password placeholder'

2020-01-13 12:42:42 - [MESSAGE][PASSED] - Text '123456789' is set on object 'Object Repository/Login_Page/Page_/Password placeholder'

2020-01-13 12:42:42 - [TEST_STEP][PASSED] - click(findTestObject("Login_Page/Page_/Log In button")): Object: 'Object Repository/Login_Page/Page_/Log In button' is clicked on

2020-01-13 12:42:43 - [MESSAGE][PASSED] - Object: 'Object Repository/Login_Page/Page_/Log In button' is clicked on

2020-01-13 12:42:43 - [TEST_STEP][PASSED] - dashboard_act_title = getWindowTitle(): Current window's title is: ''

2020-01-13 12:42:43 - [MESSAGE][PASSED] - Current window's title is: ''

2020-01-13 12:42:43 - [TEST_STEP][PASSED] - verifyEqual(dashboard_act_title, dashboard_exp_title): Actual object '' and expected object '' are equal

2020-01-13 12:42:43 - [MESSAGE][PASSED] - Actual object '' and expected object '' are equal

2020-01-13 12:42:43 - [TEST_STEP][NOT_RUN] - verifyElementPresent(findTestObject("Login_Page/Dashboard/a_AUDIENCE"), 0): NOT_RUN: verifyElementPresent(findTestObject("Login_Page/Dashboard/a_AUDIENCE"), 0)

2020-01-13 12:42:43 - [MESSAGE][NOT_RUN] - NOT_RUN: verifyElementPresent(findTestObject("Login_Page/Dashboard/a_AUDIENCE"), 0)

2020-01-13 12:42:43 - [TEST_STEP][NOT_RUN] - verifyElementPresent(findTestObject("Login_Page/Dashboard/a_CONTENT"), 0): NOT_RUN: verifyElementPresent(findTestObject("Login_Page/Dashboard/a_CONTENT"), 0)

2020-01-13 12:42:43 - [MESSAGE][NOT_RUN] - NOT_RUN: verifyElementPresent(findTestObject("Login_Page/Dashboard/a_CONTENT"), 0)

2020-01-13 12:42:43 - [TEST_STEP][NOT_RUN] - verifyElementPresent(findTestObject("Login_Page/Dashboard/a_MESSAGING"), 0): NOT_RUN: verifyElementPresent(findTestObject("Login_Page/Dashboard/a_MESSAGING"), 0)

2020-01-13 12:42:43 - [MESSAGE][NOT_RUN] - NOT_RUN: verifyElementPresent(findTestObject("Login_Page/Dashboard/a_MESSAGING"), 0)

2020-01-13 12:42:43 - [TEST_STEP][NOT_RUN] - verifyElementPresent(findTestObject("Login_Page/Dashboard/a_REPORTING"), 0): NOT_RUN: verifyElementPresent(findTestObject("Login_Page/Dashboard/a_REPORTING"), 0)

2020-01-13 12:42:44 - [MESSAGE][NOT_RUN] - NOT_RUN: verifyElementPresent(findTestObject("Login_Page/Dashboard/a_REPORTING"), 0)

2020-01-13 12:42:44 - [TEST_STEP][NOT_RUN] - verifyElementPresent(findTestObject("Login_Page/Dashboard/a_ADMIN"), 0): NOT_RUN: verifyElementPresent(findTestObject("Login_Page/Dashboard/a_ADMIN"), 0)

2020-01-13 12:42:44 - [MESSAGE][NOT_RUN] - NOT_RUN: verifyElementPresent(findTestObject("Login_Page/Dashboard/a_ADMIN"), 0)

2020-01-13 12:42:44 - [TEST_STEP][NOT_RUN] - verifyElementPresent(findTestObject("Login_Page/Dashboard/div_Toyota"), 0): NOT_RUN: verifyElementPresent(findTestObject("Login_Page/Dashboard/div_Toyota"), 0)

2020-01-13 12:42:44 - [MESSAGE][NOT_RUN] - NOT_RUN: verifyElementPresent(findTestObject("Login_Page/Dashboard/div_Toyota"), 0)

2020-01-13 12:42:44 - [TEST_STEP][NOT_RUN] - verifyElementPresent(findTestObject("Login_Page/Dashboard/img"), 0): NOT_RUN: verifyElementPresent(findTestObject("Login_Page/Dashboard/img"), 0)

2020-01-13 12:42:44 - [MESSAGE][NOT_RUN] - NOT_RUN: verifyElementPresent(findTestObject("Login_Page/Dashboard/img"), 0)

2020-01-13 12:42:44 - [TEST_STEP][PASSED] - Start listener action : sampleAfterTestCase: null

2020-01-13 12:42:44 - [TEST_STEP][PASSED] - println(testCaseContext.getTestCaseId()): null

2020-01-13 12:42:44 - [TEST_STEP][PASSED] - println(testCaseContext.getTestCaseStatus()): null

2020-01-13 12:42:44 - [TEST_STEP][PASSED] - println("On Failure Method is Calling : " + testCaseContext.getTestCaseStatus()): null

2020-01-13 12:42:44 - [TEST_STEP][PASSED] - if (!(getTestCaseStatus().equalsIgnoreCase("PASSED"))): null]]></system-out>
         <system-err><![CDATA[]]></system-err>
      </testcase>
      <testcase name="Test Cases/Atlas Platform/Platform Navigation/Login/Validate_Email_address_text_field_for_Valid_eID" time="19.861" classname="Test Cases/Atlas Platform/Platform Navigation/Login/Validate_Email_address_text_field_for_Valid_eID" status="PASSED">
         <system-out><![CDATA[2020-01-13 12:42:46 - [TEST_CASE][PASSED] - Test Cases/Atlas Platform/Platform Navigation/Login/Validate_Email_address_text_field_for_Valid_eID: Test Cases/Atlas Platform/Platform Navigation/Login/Validate_Email_address_text_field_for_Valid_eID

2020-01-13 12:42:46 - [TEST_STEP][PASSED] - openBrowser(""): Browser is opened with url: ''

2020-01-13 12:42:46 - [MESSAGE][WARNING] - A browser is already opened. Closing browser and opening a new one

2020-01-13 12:42:47 - [MESSAGE][INFO] - Starting 'Chrome' driver

2020-01-13 12:42:47 - [MESSAGE][INFO] - User set preference: ['args', '[--start-maximized, --disable-web-security, --no-proxy-server]']

2020-01-13 12:42:47 - [MESSAGE][INFO] - User set preference: ['prefs', '{credentials_enable_service=false, profile.password_manager_enabled=false}']

2020-01-13 12:42:53 - [MESSAGE][PASSED] - Browser is opened with url: ''

2020-01-13 12:42:53 - [TEST_STEP][PASSED] - navigateToUrl("http://dqfn4clx0bazt.cloudfront.net/"): Navigate to 'http://dqfn4clx0bazt.cloudfront.net/' successfully

2020-01-13 12:42:59 - [MESSAGE][PASSED] - Navigate to 'http://dqfn4clx0bazt.cloudfront.net/' successfully

2020-01-13 12:42:59 - [TEST_STEP][PASSED] - setText(findTestObject("Login_Page/Page_/email address placeholder"), Email): Text '"email"@domain.com' is set on object 'Object Repository/Login_Page/Page_/email address placeholder'

2020-01-13 12:43:01 - [MESSAGE][PASSED] - Text '"email"@domain.com' is set on object 'Object Repository/Login_Page/Page_/email address placeholder'

2020-01-13 12:43:01 - [TEST_STEP][PASSED] - setText(findTestObject("Login_Page/Page_/Password placeholder"), Password): Text '123456789' is set on object 'Object Repository/Login_Page/Page_/Password placeholder'

2020-01-13 12:43:02 - [MESSAGE][PASSED] - Text '123456789' is set on object 'Object Repository/Login_Page/Page_/Password placeholder'

2020-01-13 12:43:02 - [TEST_STEP][PASSED] - click(findTestObject("Login_Page/Page_/Log In button")): Object: 'Object Repository/Login_Page/Page_/Log In button' is clicked on

2020-01-13 12:43:03 - [MESSAGE][PASSED] - Object: 'Object Repository/Login_Page/Page_/Log In button' is clicked on

2020-01-13 12:43:03 - [TEST_STEP][PASSED] - dashboard_act_title = getWindowTitle(): Current window's title is: ''

2020-01-13 12:43:03 - [MESSAGE][PASSED] - Current window's title is: ''

2020-01-13 12:43:03 - [TEST_STEP][PASSED] - verifyEqual(dashboard_act_title, dashboard_exp_title): Actual object '' and expected object '' are equal

2020-01-13 12:43:03 - [MESSAGE][PASSED] - Actual object '' and expected object '' are equal

2020-01-13 12:43:03 - [TEST_STEP][NOT_RUN] - verifyElementPresent(findTestObject("Login_Page/Dashboard/a_AUDIENCE"), 0): NOT_RUN: verifyElementPresent(findTestObject("Login_Page/Dashboard/a_AUDIENCE"), 0)

2020-01-13 12:43:03 - [MESSAGE][NOT_RUN] - NOT_RUN: verifyElementPresent(findTestObject("Login_Page/Dashboard/a_AUDIENCE"), 0)

2020-01-13 12:43:03 - [TEST_STEP][NOT_RUN] - verifyElementPresent(findTestObject("Login_Page/Dashboard/a_CONTENT"), 0): NOT_RUN: verifyElementPresent(findTestObject("Login_Page/Dashboard/a_CONTENT"), 0)

2020-01-13 12:43:03 - [MESSAGE][NOT_RUN] - NOT_RUN: verifyElementPresent(findTestObject("Login_Page/Dashboard/a_CONTENT"), 0)

2020-01-13 12:43:03 - [TEST_STEP][NOT_RUN] - verifyElementPresent(findTestObject("Login_Page/Dashboard/a_MESSAGING"), 0): NOT_RUN: verifyElementPresent(findTestObject("Login_Page/Dashboard/a_MESSAGING"), 0)

2020-01-13 12:43:03 - [MESSAGE][NOT_RUN] - NOT_RUN: verifyElementPresent(findTestObject("Login_Page/Dashboard/a_MESSAGING"), 0)

2020-01-13 12:43:03 - [TEST_STEP][NOT_RUN] - verifyElementPresent(findTestObject("Login_Page/Dashboard/a_REPORTING"), 0): NOT_RUN: verifyElementPresent(findTestObject("Login_Page/Dashboard/a_REPORTING"), 0)

2020-01-13 12:43:03 - [MESSAGE][NOT_RUN] - NOT_RUN: verifyElementPresent(findTestObject("Login_Page/Dashboard/a_REPORTING"), 0)

2020-01-13 12:43:03 - [TEST_STEP][NOT_RUN] - verifyElementPresent(findTestObject("Login_Page/Dashboard/a_ADMIN"), 0): NOT_RUN: verifyElementPresent(findTestObject("Login_Page/Dashboard/a_ADMIN"), 0)

2020-01-13 12:43:03 - [MESSAGE][NOT_RUN] - NOT_RUN: verifyElementPresent(findTestObject("Login_Page/Dashboard/a_ADMIN"), 0)

2020-01-13 12:43:03 - [TEST_STEP][NOT_RUN] - verifyElementPresent(findTestObject("Login_Page/Dashboard/div_Toyota"), 0): NOT_RUN: verifyElementPresent(findTestObject("Login_Page/Dashboard/div_Toyota"), 0)

2020-01-13 12:43:03 - [MESSAGE][NOT_RUN] - NOT_RUN: verifyElementPresent(findTestObject("Login_Page/Dashboard/div_Toyota"), 0)

2020-01-13 12:43:04 - [TEST_STEP][NOT_RUN] - verifyElementPresent(findTestObject("Login_Page/Dashboard/img"), 0): NOT_RUN: verifyElementPresent(findTestObject("Login_Page/Dashboard/img"), 0)

2020-01-13 12:43:04 - [MESSAGE][NOT_RUN] - NOT_RUN: verifyElementPresent(findTestObject("Login_Page/Dashboard/img"), 0)

2020-01-13 12:43:04 - [TEST_STEP][PASSED] - Start listener action : sampleAfterTestCase: null

2020-01-13 12:43:04 - [TEST_STEP][PASSED] - println(testCaseContext.getTestCaseId()): null

2020-01-13 12:43:04 - [TEST_STEP][PASSED] - println(testCaseContext.getTestCaseStatus()): null

2020-01-13 12:43:04 - [TEST_STEP][PASSED] - println("On Failure Method is Calling : " + testCaseContext.getTestCaseStatus()): null

2020-01-13 12:43:04 - [TEST_STEP][PASSED] - if (!(getTestCaseStatus().equalsIgnoreCase("PASSED"))): null]]></system-out>
         <system-err><![CDATA[]]></system-err>
      </testcase>
      <testcase name="Test Cases/Atlas Platform/Platform Navigation/Login/Validate_Email_address_text_field_for_Valid_eID" time="17.051" classname="Test Cases/Atlas Platform/Platform Navigation/Login/Validate_Email_address_text_field_for_Valid_eID" status="PASSED">
         <system-out><![CDATA[2020-01-13 12:43:06 - [TEST_CASE][PASSED] - Test Cases/Atlas Platform/Platform Navigation/Login/Validate_Email_address_text_field_for_Valid_eID: Test Cases/Atlas Platform/Platform Navigation/Login/Validate_Email_address_text_field_for_Valid_eID

2020-01-13 12:43:06 - [TEST_STEP][PASSED] - openBrowser(""): Browser is opened with url: ''

2020-01-13 12:43:06 - [MESSAGE][WARNING] - A browser is already opened. Closing browser and opening a new one

2020-01-13 12:43:07 - [MESSAGE][INFO] - Starting 'Chrome' driver

2020-01-13 12:43:07 - [MESSAGE][INFO] - User set preference: ['args', '[--start-maximized, --disable-web-security, --no-proxy-server]']

2020-01-13 12:43:07 - [MESSAGE][INFO] - User set preference: ['prefs', '{credentials_enable_service=false, profile.password_manager_enabled=false}']

2020-01-13 12:43:13 - [MESSAGE][PASSED] - Browser is opened with url: ''

2020-01-13 12:43:13 - [TEST_STEP][PASSED] - navigateToUrl("http://dqfn4clx0bazt.cloudfront.net/"): Navigate to 'http://dqfn4clx0bazt.cloudfront.net/' successfully

2020-01-13 12:43:18 - [MESSAGE][PASSED] - Navigate to 'http://dqfn4clx0bazt.cloudfront.net/' successfully

2020-01-13 12:43:18 - [TEST_STEP][PASSED] - setText(findTestObject("Login_Page/Page_/email address placeholder"), Email): Text '1234567890@domain.com' is set on object 'Object Repository/Login_Page/Page_/email address placeholder'

2020-01-13 12:43:19 - [MESSAGE][PASSED] - Text '1234567890@domain.com' is set on object 'Object Repository/Login_Page/Page_/email address placeholder'

2020-01-13 12:43:19 - [TEST_STEP][PASSED] - setText(findTestObject("Login_Page/Page_/Password placeholder"), Password): Text '123456789' is set on object 'Object Repository/Login_Page/Page_/Password placeholder'

2020-01-13 12:43:20 - [MESSAGE][PASSED] - Text '123456789' is set on object 'Object Repository/Login_Page/Page_/Password placeholder'

2020-01-13 12:43:20 - [TEST_STEP][PASSED] - click(findTestObject("Login_Page/Page_/Log In button")): Object: 'Object Repository/Login_Page/Page_/Log In button' is clicked on

2020-01-13 12:43:20 - [MESSAGE][PASSED] - Object: 'Object Repository/Login_Page/Page_/Log In button' is clicked on

2020-01-13 12:43:20 - [TEST_STEP][PASSED] - dashboard_act_title = getWindowTitle(): Current window's title is: ''

2020-01-13 12:43:20 - [MESSAGE][PASSED] - Current window's title is: ''

2020-01-13 12:43:20 - [TEST_STEP][PASSED] - verifyEqual(dashboard_act_title, dashboard_exp_title): Actual object '' and expected object '' are equal

2020-01-13 12:43:20 - [MESSAGE][PASSED] - Actual object '' and expected object '' are equal

2020-01-13 12:43:20 - [TEST_STEP][NOT_RUN] - verifyElementPresent(findTestObject("Login_Page/Dashboard/a_AUDIENCE"), 0): NOT_RUN: verifyElementPresent(findTestObject("Login_Page/Dashboard/a_AUDIENCE"), 0)

2020-01-13 12:43:20 - [MESSAGE][NOT_RUN] - NOT_RUN: verifyElementPresent(findTestObject("Login_Page/Dashboard/a_AUDIENCE"), 0)

2020-01-13 12:43:21 - [TEST_STEP][NOT_RUN] - verifyElementPresent(findTestObject("Login_Page/Dashboard/a_CONTENT"), 0): NOT_RUN: verifyElementPresent(findTestObject("Login_Page/Dashboard/a_CONTENT"), 0)

2020-01-13 12:43:21 - [MESSAGE][NOT_RUN] - NOT_RUN: verifyElementPresent(findTestObject("Login_Page/Dashboard/a_CONTENT"), 0)

2020-01-13 12:43:21 - [TEST_STEP][NOT_RUN] - verifyElementPresent(findTestObject("Login_Page/Dashboard/a_MESSAGING"), 0): NOT_RUN: verifyElementPresent(findTestObject("Login_Page/Dashboard/a_MESSAGING"), 0)

2020-01-13 12:43:21 - [MESSAGE][NOT_RUN] - NOT_RUN: verifyElementPresent(findTestObject("Login_Page/Dashboard/a_MESSAGING"), 0)

2020-01-13 12:43:21 - [TEST_STEP][NOT_RUN] - verifyElementPresent(findTestObject("Login_Page/Dashboard/a_REPORTING"), 0): NOT_RUN: verifyElementPresent(findTestObject("Login_Page/Dashboard/a_REPORTING"), 0)

2020-01-13 12:43:21 - [MESSAGE][NOT_RUN] - NOT_RUN: verifyElementPresent(findTestObject("Login_Page/Dashboard/a_REPORTING"), 0)

2020-01-13 12:43:21 - [TEST_STEP][NOT_RUN] - verifyElementPresent(findTestObject("Login_Page/Dashboard/a_ADMIN"), 0): NOT_RUN: verifyElementPresent(findTestObject("Login_Page/Dashboard/a_ADMIN"), 0)

2020-01-13 12:43:21 - [MESSAGE][NOT_RUN] - NOT_RUN: verifyElementPresent(findTestObject("Login_Page/Dashboard/a_ADMIN"), 0)

2020-01-13 12:43:21 - [TEST_STEP][NOT_RUN] - verifyElementPresent(findTestObject("Login_Page/Dashboard/div_Toyota"), 0): NOT_RUN: verifyElementPresent(findTestObject("Login_Page/Dashboard/div_Toyota"), 0)

2020-01-13 12:43:21 - [MESSAGE][NOT_RUN] - NOT_RUN: verifyElementPresent(findTestObject("Login_Page/Dashboard/div_Toyota"), 0)

2020-01-13 12:43:21 - [TEST_STEP][NOT_RUN] - verifyElementPresent(findTestObject("Login_Page/Dashboard/img"), 0): NOT_RUN: verifyElementPresent(findTestObject("Login_Page/Dashboard/img"), 0)

2020-01-13 12:43:21 - [MESSAGE][NOT_RUN] - NOT_RUN: verifyElementPresent(findTestObject("Login_Page/Dashboard/img"), 0)

2020-01-13 12:43:21 - [TEST_STEP][PASSED] - Start listener action : sampleAfterTestCase: null

2020-01-13 12:43:21 - [TEST_STEP][PASSED] - println(testCaseContext.getTestCaseId()): null

2020-01-13 12:43:21 - [TEST_STEP][PASSED] - println(testCaseContext.getTestCaseStatus()): null

2020-01-13 12:43:21 - [TEST_STEP][PASSED] - println("On Failure Method is Calling : " + testCaseContext.getTestCaseStatus()): null

2020-01-13 12:43:21 - [TEST_STEP][PASSED] - if (!(getTestCaseStatus().equalsIgnoreCase("PASSED"))): null]]></system-out>
         <system-err><![CDATA[]]></system-err>
      </testcase>
      <testcase name="Test Cases/Atlas Platform/Platform Navigation/Login/Validate_Email_address_text_field_for_Valid_eID" time="21.204" classname="Test Cases/Atlas Platform/Platform Navigation/Login/Validate_Email_address_text_field_for_Valid_eID" status="PASSED">
         <system-out><![CDATA[2020-01-13 12:43:23 - [TEST_CASE][PASSED] - Test Cases/Atlas Platform/Platform Navigation/Login/Validate_Email_address_text_field_for_Valid_eID: Test Cases/Atlas Platform/Platform Navigation/Login/Validate_Email_address_text_field_for_Valid_eID

2020-01-13 12:43:23 - [TEST_STEP][PASSED] - openBrowser(""): Browser is opened with url: ''

2020-01-13 12:43:23 - [MESSAGE][WARNING] - A browser is already opened. Closing browser and opening a new one

2020-01-13 12:43:25 - [MESSAGE][INFO] - Starting 'Chrome' driver

2020-01-13 12:43:25 - [MESSAGE][INFO] - User set preference: ['args', '[--start-maximized, --disable-web-security, --no-proxy-server]']

2020-01-13 12:43:25 - [MESSAGE][INFO] - User set preference: ['prefs', '{credentials_enable_service=false, profile.password_manager_enabled=false}']

2020-01-13 12:43:31 - [MESSAGE][PASSED] - Browser is opened with url: ''

2020-01-13 12:43:31 - [TEST_STEP][PASSED] - navigateToUrl("http://dqfn4clx0bazt.cloudfront.net/"): Navigate to 'http://dqfn4clx0bazt.cloudfront.net/' successfully

2020-01-13 12:43:39 - [MESSAGE][PASSED] - Navigate to 'http://dqfn4clx0bazt.cloudfront.net/' successfully

2020-01-13 12:43:39 - [TEST_STEP][PASSED] - setText(findTestObject("Login_Page/Page_/email address placeholder"), Email): Text 'email@domain-one.com' is set on object 'Object Repository/Login_Page/Page_/email address placeholder'

2020-01-13 12:43:40 - [MESSAGE][PASSED] - Text 'email@domain-one.com' is set on object 'Object Repository/Login_Page/Page_/email address placeholder'

2020-01-13 12:43:40 - [TEST_STEP][PASSED] - setText(findTestObject("Login_Page/Page_/Password placeholder"), Password): Text '123456789' is set on object 'Object Repository/Login_Page/Page_/Password placeholder'

2020-01-13 12:43:41 - [MESSAGE][PASSED] - Text '123456789' is set on object 'Object Repository/Login_Page/Page_/Password placeholder'

2020-01-13 12:43:41 - [TEST_STEP][PASSED] - click(findTestObject("Login_Page/Page_/Log In button")): Object: 'Object Repository/Login_Page/Page_/Log In button' is clicked on

2020-01-13 12:43:42 - [MESSAGE][PASSED] - Object: 'Object Repository/Login_Page/Page_/Log In button' is clicked on

2020-01-13 12:43:42 - [TEST_STEP][PASSED] - dashboard_act_title = getWindowTitle(): Current window's title is: ''

2020-01-13 12:43:42 - [MESSAGE][PASSED] - Current window's title is: ''

2020-01-13 12:43:42 - [TEST_STEP][PASSED] - verifyEqual(dashboard_act_title, dashboard_exp_title): Actual object '' and expected object '' are equal

2020-01-13 12:43:42 - [MESSAGE][PASSED] - Actual object '' and expected object '' are equal

2020-01-13 12:43:42 - [TEST_STEP][NOT_RUN] - verifyElementPresent(findTestObject("Login_Page/Dashboard/a_AUDIENCE"), 0): NOT_RUN: verifyElementPresent(findTestObject("Login_Page/Dashboard/a_AUDIENCE"), 0)

2020-01-13 12:43:42 - [MESSAGE][NOT_RUN] - NOT_RUN: verifyElementPresent(findTestObject("Login_Page/Dashboard/a_AUDIENCE"), 0)

2020-01-13 12:43:42 - [TEST_STEP][NOT_RUN] - verifyElementPresent(findTestObject("Login_Page/Dashboard/a_CONTENT"), 0): NOT_RUN: verifyElementPresent(findTestObject("Login_Page/Dashboard/a_CONTENT"), 0)

2020-01-13 12:43:42 - [MESSAGE][NOT_RUN] - NOT_RUN: verifyElementPresent(findTestObject("Login_Page/Dashboard/a_CONTENT"), 0)

2020-01-13 12:43:42 - [TEST_STEP][NOT_RUN] - verifyElementPresent(findTestObject("Login_Page/Dashboard/a_MESSAGING"), 0): NOT_RUN: verifyElementPresent(findTestObject("Login_Page/Dashboard/a_MESSAGING"), 0)

2020-01-13 12:43:42 - [MESSAGE][NOT_RUN] - NOT_RUN: verifyElementPresent(findTestObject("Login_Page/Dashboard/a_MESSAGING"), 0)

2020-01-13 12:43:42 - [TEST_STEP][NOT_RUN] - verifyElementPresent(findTestObject("Login_Page/Dashboard/a_REPORTING"), 0): NOT_RUN: verifyElementPresent(findTestObject("Login_Page/Dashboard/a_REPORTING"), 0)

2020-01-13 12:43:42 - [MESSAGE][NOT_RUN] - NOT_RUN: verifyElementPresent(findTestObject("Login_Page/Dashboard/a_REPORTING"), 0)

2020-01-13 12:43:42 - [TEST_STEP][NOT_RUN] - verifyElementPresent(findTestObject("Login_Page/Dashboard/a_ADMIN"), 0): NOT_RUN: verifyElementPresent(findTestObject("Login_Page/Dashboard/a_ADMIN"), 0)

2020-01-13 12:43:42 - [MESSAGE][NOT_RUN] - NOT_RUN: verifyElementPresent(findTestObject("Login_Page/Dashboard/a_ADMIN"), 0)

2020-01-13 12:43:42 - [TEST_STEP][NOT_RUN] - verifyElementPresent(findTestObject("Login_Page/Dashboard/div_Toyota"), 0): NOT_RUN: verifyElementPresent(findTestObject("Login_Page/Dashboard/div_Toyota"), 0)

2020-01-13 12:43:42 - [MESSAGE][NOT_RUN] - NOT_RUN: verifyElementPresent(findTestObject("Login_Page/Dashboard/div_Toyota"), 0)

2020-01-13 12:43:42 - [TEST_STEP][NOT_RUN] - verifyElementPresent(findTestObject("Login_Page/Dashboard/img"), 0): NOT_RUN: verifyElementPresent(findTestObject("Login_Page/Dashboard/img"), 0)

2020-01-13 12:43:42 - [MESSAGE][NOT_RUN] - NOT_RUN: verifyElementPresent(findTestObject("Login_Page/Dashboard/img"), 0)

2020-01-13 12:43:42 - [TEST_STEP][PASSED] - Start listener action : sampleAfterTestCase: null

2020-01-13 12:43:42 - [TEST_STEP][PASSED] - println(testCaseContext.getTestCaseId()): null

2020-01-13 12:43:42 - [TEST_STEP][PASSED] - println(testCaseContext.getTestCaseStatus()): null

2020-01-13 12:43:42 - [TEST_STEP][PASSED] - println("On Failure Method is Calling : " + testCaseContext.getTestCaseStatus()): null

2020-01-13 12:43:42 - [TEST_STEP][PASSED] - if (!(getTestCaseStatus().equalsIgnoreCase("PASSED"))): null]]></system-out>
         <system-err><![CDATA[]]></system-err>
      </testcase>
      <testcase name="Test Cases/Atlas Platform/Platform Navigation/Login/Validate_Email_address_text_field_for_Valid_eID" time="14.737" classname="Test Cases/Atlas Platform/Platform Navigation/Login/Validate_Email_address_text_field_for_Valid_eID" status="PASSED">
         <system-out><![CDATA[2020-01-13 12:43:44 - [TEST_CASE][PASSED] - Test Cases/Atlas Platform/Platform Navigation/Login/Validate_Email_address_text_field_for_Valid_eID: Test Cases/Atlas Platform/Platform Navigation/Login/Validate_Email_address_text_field_for_Valid_eID

2020-01-13 12:43:44 - [TEST_STEP][PASSED] - openBrowser(""): Browser is opened with url: ''

2020-01-13 12:43:44 - [MESSAGE][WARNING] - A browser is already opened. Closing browser and opening a new one

2020-01-13 12:43:45 - [MESSAGE][INFO] - Starting 'Chrome' driver

2020-01-13 12:43:45 - [MESSAGE][INFO] - User set preference: ['args', '[--start-maximized, --disable-web-security, --no-proxy-server]']

2020-01-13 12:43:45 - [MESSAGE][INFO] - User set preference: ['prefs', '{credentials_enable_service=false, profile.password_manager_enabled=false}']

2020-01-13 12:43:51 - [MESSAGE][PASSED] - Browser is opened with url: ''

2020-01-13 12:43:51 - [TEST_STEP][PASSED] - navigateToUrl("http://dqfn4clx0bazt.cloudfront.net/"): Navigate to 'http://dqfn4clx0bazt.cloudfront.net/' successfully

2020-01-13 12:43:54 - [MESSAGE][PASSED] - Navigate to 'http://dqfn4clx0bazt.cloudfront.net/' successfully

2020-01-13 12:43:54 - [TEST_STEP][PASSED] - setText(findTestObject("Login_Page/Page_/email address placeholder"), Email): Text '_______@domain.com' is set on object 'Object Repository/Login_Page/Page_/email address placeholder'

2020-01-13 12:43:55 - [MESSAGE][PASSED] - Text '_______@domain.com' is set on object 'Object Repository/Login_Page/Page_/email address placeholder'

2020-01-13 12:43:55 - [TEST_STEP][PASSED] - setText(findTestObject("Login_Page/Page_/Password placeholder"), Password): Text '123456789' is set on object 'Object Repository/Login_Page/Page_/Password placeholder'

2020-01-13 12:43:56 - [MESSAGE][PASSED] - Text '123456789' is set on object 'Object Repository/Login_Page/Page_/Password placeholder'

2020-01-13 12:43:56 - [TEST_STEP][PASSED] - click(findTestObject("Login_Page/Page_/Log In button")): Object: 'Object Repository/Login_Page/Page_/Log In button' is clicked on

2020-01-13 12:43:56 - [MESSAGE][PASSED] - Object: 'Object Repository/Login_Page/Page_/Log In button' is clicked on

2020-01-13 12:43:56 - [TEST_STEP][PASSED] - dashboard_act_title = getWindowTitle(): Current window's title is: ''

2020-01-13 12:43:56 - [MESSAGE][PASSED] - Current window's title is: ''

2020-01-13 12:43:56 - [TEST_STEP][PASSED] - verifyEqual(dashboard_act_title, dashboard_exp_title): Actual object '' and expected object '' are equal

2020-01-13 12:43:56 - [MESSAGE][PASSED] - Actual object '' and expected object '' are equal

2020-01-13 12:43:56 - [TEST_STEP][NOT_RUN] - verifyElementPresent(findTestObject("Login_Page/Dashboard/a_AUDIENCE"), 0): NOT_RUN: verifyElementPresent(findTestObject("Login_Page/Dashboard/a_AUDIENCE"), 0)

2020-01-13 12:43:57 - [MESSAGE][NOT_RUN] - NOT_RUN: verifyElementPresent(findTestObject("Login_Page/Dashboard/a_AUDIENCE"), 0)

2020-01-13 12:43:57 - [TEST_STEP][NOT_RUN] - verifyElementPresent(findTestObject("Login_Page/Dashboard/a_CONTENT"), 0): NOT_RUN: verifyElementPresent(findTestObject("Login_Page/Dashboard/a_CONTENT"), 0)

2020-01-13 12:43:57 - [MESSAGE][NOT_RUN] - NOT_RUN: verifyElementPresent(findTestObject("Login_Page/Dashboard/a_CONTENT"), 0)

2020-01-13 12:43:57 - [TEST_STEP][NOT_RUN] - verifyElementPresent(findTestObject("Login_Page/Dashboard/a_MESSAGING"), 0): NOT_RUN: verifyElementPresent(findTestObject("Login_Page/Dashboard/a_MESSAGING"), 0)

2020-01-13 12:43:57 - [MESSAGE][NOT_RUN] - NOT_RUN: verifyElementPresent(findTestObject("Login_Page/Dashboard/a_MESSAGING"), 0)

2020-01-13 12:43:57 - [TEST_STEP][NOT_RUN] - verifyElementPresent(findTestObject("Login_Page/Dashboard/a_REPORTING"), 0): NOT_RUN: verifyElementPresent(findTestObject("Login_Page/Dashboard/a_REPORTING"), 0)

2020-01-13 12:43:57 - [MESSAGE][NOT_RUN] - NOT_RUN: verifyElementPresent(findTestObject("Login_Page/Dashboard/a_REPORTING"), 0)

2020-01-13 12:43:57 - [TEST_STEP][NOT_RUN] - verifyElementPresent(findTestObject("Login_Page/Dashboard/a_ADMIN"), 0): NOT_RUN: verifyElementPresent(findTestObject("Login_Page/Dashboard/a_ADMIN"), 0)

2020-01-13 12:43:57 - [MESSAGE][NOT_RUN] - NOT_RUN: verifyElementPresent(findTestObject("Login_Page/Dashboard/a_ADMIN"), 0)

2020-01-13 12:43:57 - [TEST_STEP][NOT_RUN] - verifyElementPresent(findTestObject("Login_Page/Dashboard/div_Toyota"), 0): NOT_RUN: verifyElementPresent(findTestObject("Login_Page/Dashboard/div_Toyota"), 0)

2020-01-13 12:43:57 - [MESSAGE][NOT_RUN] - NOT_RUN: verifyElementPresent(findTestObject("Login_Page/Dashboard/div_Toyota"), 0)

2020-01-13 12:43:57 - [TEST_STEP][NOT_RUN] - verifyElementPresent(findTestObject("Login_Page/Dashboard/img"), 0): NOT_RUN: verifyElementPresent(findTestObject("Login_Page/Dashboard/img"), 0)

2020-01-13 12:43:57 - [MESSAGE][NOT_RUN] - NOT_RUN: verifyElementPresent(findTestObject("Login_Page/Dashboard/img"), 0)

2020-01-13 12:43:57 - [TEST_STEP][PASSED] - Start listener action : sampleAfterTestCase: null

2020-01-13 12:43:57 - [TEST_STEP][PASSED] - println(testCaseContext.getTestCaseId()): null

2020-01-13 12:43:57 - [TEST_STEP][PASSED] - println(testCaseContext.getTestCaseStatus()): null

2020-01-13 12:43:57 - [TEST_STEP][PASSED] - println("On Failure Method is Calling : " + testCaseContext.getTestCaseStatus()): null

2020-01-13 12:43:57 - [TEST_STEP][PASSED] - if (!(getTestCaseStatus().equalsIgnoreCase("PASSED"))): null]]></system-out>
         <system-err><![CDATA[]]></system-err>
      </testcase>
      <testcase name="Test Cases/Atlas Platform/Platform Navigation/Login/Validate_Email_address_text_field_for_Valid_eID" time="17.129" classname="Test Cases/Atlas Platform/Platform Navigation/Login/Validate_Email_address_text_field_for_Valid_eID" status="PASSED">
         <system-out><![CDATA[2020-01-13 12:43:59 - [TEST_CASE][PASSED] - Test Cases/Atlas Platform/Platform Navigation/Login/Validate_Email_address_text_field_for_Valid_eID: Test Cases/Atlas Platform/Platform Navigation/Login/Validate_Email_address_text_field_for_Valid_eID

2020-01-13 12:43:59 - [TEST_STEP][PASSED] - openBrowser(""): Browser is opened with url: ''

2020-01-13 12:43:59 - [MESSAGE][WARNING] - A browser is already opened. Closing browser and opening a new one

2020-01-13 12:44:00 - [MESSAGE][INFO] - Starting 'Chrome' driver

2020-01-13 12:44:00 - [MESSAGE][INFO] - User set preference: ['args', '[--start-maximized, --disable-web-security, --no-proxy-server]']

2020-01-13 12:44:00 - [MESSAGE][INFO] - User set preference: ['prefs', '{credentials_enable_service=false, profile.password_manager_enabled=false}']

2020-01-13 12:44:06 - [MESSAGE][PASSED] - Browser is opened with url: ''

2020-01-13 12:44:06 - [TEST_STEP][PASSED] - navigateToUrl("http://dqfn4clx0bazt.cloudfront.net/"): Navigate to 'http://dqfn4clx0bazt.cloudfront.net/' successfully

2020-01-13 12:44:10 - [MESSAGE][PASSED] - Navigate to 'http://dqfn4clx0bazt.cloudfront.net/' successfully

2020-01-13 12:44:10 - [TEST_STEP][PASSED] - setText(findTestObject("Login_Page/Page_/email address placeholder"), Email): Text 'email@domain.name' is set on object 'Object Repository/Login_Page/Page_/email address placeholder'

2020-01-13 12:44:12 - [MESSAGE][PASSED] - Text 'email@domain.name' is set on object 'Object Repository/Login_Page/Page_/email address placeholder'

2020-01-13 12:44:12 - [TEST_STEP][PASSED] - setText(findTestObject("Login_Page/Page_/Password placeholder"), Password): Text '123456789' is set on object 'Object Repository/Login_Page/Page_/Password placeholder'

2020-01-13 12:44:13 - [MESSAGE][PASSED] - Text '123456789' is set on object 'Object Repository/Login_Page/Page_/Password placeholder'

2020-01-13 12:44:13 - [TEST_STEP][PASSED] - click(findTestObject("Login_Page/Page_/Log In button")): Object: 'Object Repository/Login_Page/Page_/Log In button' is clicked on

2020-01-13 12:44:13 - [MESSAGE][PASSED] - Object: 'Object Repository/Login_Page/Page_/Log In button' is clicked on

2020-01-13 12:44:13 - [TEST_STEP][PASSED] - dashboard_act_title = getWindowTitle(): Current window's title is: ''

2020-01-13 12:44:13 - [MESSAGE][PASSED] - Current window's title is: ''

2020-01-13 12:44:13 - [TEST_STEP][PASSED] - verifyEqual(dashboard_act_title, dashboard_exp_title): Actual object '' and expected object '' are equal

2020-01-13 12:44:13 - [MESSAGE][PASSED] - Actual object '' and expected object '' are equal

2020-01-13 12:44:13 - [TEST_STEP][NOT_RUN] - verifyElementPresent(findTestObject("Login_Page/Dashboard/a_AUDIENCE"), 0): NOT_RUN: verifyElementPresent(findTestObject("Login_Page/Dashboard/a_AUDIENCE"), 0)

2020-01-13 12:44:13 - [MESSAGE][NOT_RUN] - NOT_RUN: verifyElementPresent(findTestObject("Login_Page/Dashboard/a_AUDIENCE"), 0)

2020-01-13 12:44:13 - [TEST_STEP][NOT_RUN] - verifyElementPresent(findTestObject("Login_Page/Dashboard/a_CONTENT"), 0): NOT_RUN: verifyElementPresent(findTestObject("Login_Page/Dashboard/a_CONTENT"), 0)

2020-01-13 12:44:13 - [MESSAGE][NOT_RUN] - NOT_RUN: verifyElementPresent(findTestObject("Login_Page/Dashboard/a_CONTENT"), 0)

2020-01-13 12:44:13 - [TEST_STEP][NOT_RUN] - verifyElementPresent(findTestObject("Login_Page/Dashboard/a_MESSAGING"), 0): NOT_RUN: verifyElementPresent(findTestObject("Login_Page/Dashboard/a_MESSAGING"), 0)

2020-01-13 12:44:14 - [MESSAGE][NOT_RUN] - NOT_RUN: verifyElementPresent(findTestObject("Login_Page/Dashboard/a_MESSAGING"), 0)

2020-01-13 12:44:14 - [TEST_STEP][NOT_RUN] - verifyElementPresent(findTestObject("Login_Page/Dashboard/a_REPORTING"), 0): NOT_RUN: verifyElementPresent(findTestObject("Login_Page/Dashboard/a_REPORTING"), 0)

2020-01-13 12:44:14 - [MESSAGE][NOT_RUN] - NOT_RUN: verifyElementPresent(findTestObject("Login_Page/Dashboard/a_REPORTING"), 0)

2020-01-13 12:44:14 - [TEST_STEP][NOT_RUN] - verifyElementPresent(findTestObject("Login_Page/Dashboard/a_ADMIN"), 0): NOT_RUN: verifyElementPresent(findTestObject("Login_Page/Dashboard/a_ADMIN"), 0)

2020-01-13 12:44:14 - [MESSAGE][NOT_RUN] - NOT_RUN: verifyElementPresent(findTestObject("Login_Page/Dashboard/a_ADMIN"), 0)

2020-01-13 12:44:14 - [TEST_STEP][NOT_RUN] - verifyElementPresent(findTestObject("Login_Page/Dashboard/div_Toyota"), 0): NOT_RUN: verifyElementPresent(findTestObject("Login_Page/Dashboard/div_Toyota"), 0)

2020-01-13 12:44:14 - [MESSAGE][NOT_RUN] - NOT_RUN: verifyElementPresent(findTestObject("Login_Page/Dashboard/div_Toyota"), 0)

2020-01-13 12:44:14 - [TEST_STEP][NOT_RUN] - verifyElementPresent(findTestObject("Login_Page/Dashboard/img"), 0): NOT_RUN: verifyElementPresent(findTestObject("Login_Page/Dashboard/img"), 0)

2020-01-13 12:44:14 - [MESSAGE][NOT_RUN] - NOT_RUN: verifyElementPresent(findTestObject("Login_Page/Dashboard/img"), 0)

2020-01-13 12:44:14 - [TEST_STEP][PASSED] - Start listener action : sampleAfterTestCase: null

2020-01-13 12:44:14 - [TEST_STEP][PASSED] - println(testCaseContext.getTestCaseId()): null

2020-01-13 12:44:14 - [TEST_STEP][PASSED] - println(testCaseContext.getTestCaseStatus()): null

2020-01-13 12:44:14 - [TEST_STEP][PASSED] - println("On Failure Method is Calling : " + testCaseContext.getTestCaseStatus()): null

2020-01-13 12:44:14 - [TEST_STEP][PASSED] - if (!(getTestCaseStatus().equalsIgnoreCase("PASSED"))): null]]></system-out>
         <system-err><![CDATA[]]></system-err>
      </testcase>
      <testcase name="Test Cases/Atlas Platform/Platform Navigation/Login/Validate_Email_address_text_field_for_Valid_eID" time="23.611" classname="Test Cases/Atlas Platform/Platform Navigation/Login/Validate_Email_address_text_field_for_Valid_eID" status="PASSED">
         <system-out><![CDATA[2020-01-13 12:44:16 - [TEST_CASE][PASSED] - Test Cases/Atlas Platform/Platform Navigation/Login/Validate_Email_address_text_field_for_Valid_eID: Test Cases/Atlas Platform/Platform Navigation/Login/Validate_Email_address_text_field_for_Valid_eID

2020-01-13 12:44:16 - [TEST_STEP][PASSED] - openBrowser(""): Browser is opened with url: ''

2020-01-13 12:44:16 - [MESSAGE][WARNING] - A browser is already opened. Closing browser and opening a new one

2020-01-13 12:44:17 - [MESSAGE][INFO] - Starting 'Chrome' driver

2020-01-13 12:44:17 - [MESSAGE][INFO] - User set preference: ['args', '[--start-maximized, --disable-web-security, --no-proxy-server]']

2020-01-13 12:44:17 - [MESSAGE][INFO] - User set preference: ['prefs', '{credentials_enable_service=false, profile.password_manager_enabled=false}']

2020-01-13 12:44:23 - [MESSAGE][PASSED] - Browser is opened with url: ''

2020-01-13 12:44:23 - [TEST_STEP][PASSED] - navigateToUrl("http://dqfn4clx0bazt.cloudfront.net/"): Navigate to 'http://dqfn4clx0bazt.cloudfront.net/' successfully

2020-01-13 12:44:35 - [MESSAGE][PASSED] - Navigate to 'http://dqfn4clx0bazt.cloudfront.net/' successfully

2020-01-13 12:44:35 - [TEST_STEP][PASSED] - setText(findTestObject("Login_Page/Page_/email address placeholder"), Email): Text 'email@domain.co.jp' is set on object 'Object Repository/Login_Page/Page_/email address placeholder'

2020-01-13 12:44:36 - [MESSAGE][PASSED] - Text 'email@domain.co.jp' is set on object 'Object Repository/Login_Page/Page_/email address placeholder'

2020-01-13 12:44:36 - [TEST_STEP][PASSED] - setText(findTestObject("Login_Page/Page_/Password placeholder"), Password): Text '123456789' is set on object 'Object Repository/Login_Page/Page_/Password placeholder'

2020-01-13 12:44:37 - [MESSAGE][PASSED] - Text '123456789' is set on object 'Object Repository/Login_Page/Page_/Password placeholder'

2020-01-13 12:44:37 - [TEST_STEP][PASSED] - click(findTestObject("Login_Page/Page_/Log In button")): Object: 'Object Repository/Login_Page/Page_/Log In button' is clicked on

2020-01-13 12:44:37 - [MESSAGE][PASSED] - Object: 'Object Repository/Login_Page/Page_/Log In button' is clicked on

2020-01-13 12:44:37 - [TEST_STEP][PASSED] - dashboard_act_title = getWindowTitle(): Current window's title is: ''

2020-01-13 12:44:37 - [MESSAGE][PASSED] - Current window's title is: ''

2020-01-13 12:44:37 - [TEST_STEP][PASSED] - verifyEqual(dashboard_act_title, dashboard_exp_title): Actual object '' and expected object '' are equal

2020-01-13 12:44:37 - [MESSAGE][PASSED] - Actual object '' and expected object '' are equal

2020-01-13 12:44:37 - [TEST_STEP][NOT_RUN] - verifyElementPresent(findTestObject("Login_Page/Dashboard/a_AUDIENCE"), 0): NOT_RUN: verifyElementPresent(findTestObject("Login_Page/Dashboard/a_AUDIENCE"), 0)

2020-01-13 12:44:37 - [MESSAGE][NOT_RUN] - NOT_RUN: verifyElementPresent(findTestObject("Login_Page/Dashboard/a_AUDIENCE"), 0)

2020-01-13 12:44:37 - [TEST_STEP][NOT_RUN] - verifyElementPresent(findTestObject("Login_Page/Dashboard/a_CONTENT"), 0): NOT_RUN: verifyElementPresent(findTestObject("Login_Page/Dashboard/a_CONTENT"), 0)

2020-01-13 12:44:37 - [MESSAGE][NOT_RUN] - NOT_RUN: verifyElementPresent(findTestObject("Login_Page/Dashboard/a_CONTENT"), 0)

2020-01-13 12:44:37 - [TEST_STEP][NOT_RUN] - verifyElementPresent(findTestObject("Login_Page/Dashboard/a_MESSAGING"), 0): NOT_RUN: verifyElementPresent(findTestObject("Login_Page/Dashboard/a_MESSAGING"), 0)

2020-01-13 12:44:37 - [MESSAGE][NOT_RUN] - NOT_RUN: verifyElementPresent(findTestObject("Login_Page/Dashboard/a_MESSAGING"), 0)

2020-01-13 12:44:37 - [TEST_STEP][NOT_RUN] - verifyElementPresent(findTestObject("Login_Page/Dashboard/a_REPORTING"), 0): NOT_RUN: verifyElementPresent(findTestObject("Login_Page/Dashboard/a_REPORTING"), 0)

2020-01-13 12:44:37 - [MESSAGE][NOT_RUN] - NOT_RUN: verifyElementPresent(findTestObject("Login_Page/Dashboard/a_REPORTING"), 0)

2020-01-13 12:44:37 - [TEST_STEP][NOT_RUN] - verifyElementPresent(findTestObject("Login_Page/Dashboard/a_ADMIN"), 0): NOT_RUN: verifyElementPresent(findTestObject("Login_Page/Dashboard/a_ADMIN"), 0)

2020-01-13 12:44:37 - [MESSAGE][NOT_RUN] - NOT_RUN: verifyElementPresent(findTestObject("Login_Page/Dashboard/a_ADMIN"), 0)

2020-01-13 12:44:37 - [TEST_STEP][NOT_RUN] - verifyElementPresent(findTestObject("Login_Page/Dashboard/div_Toyota"), 0): NOT_RUN: verifyElementPresent(findTestObject("Login_Page/Dashboard/div_Toyota"), 0)

2020-01-13 12:44:37 - [MESSAGE][NOT_RUN] - NOT_RUN: verifyElementPresent(findTestObject("Login_Page/Dashboard/div_Toyota"), 0)

2020-01-13 12:44:37 - [TEST_STEP][NOT_RUN] - verifyElementPresent(findTestObject("Login_Page/Dashboard/img"), 0): NOT_RUN: verifyElementPresent(findTestObject("Login_Page/Dashboard/img"), 0)

2020-01-13 12:44:38 - [MESSAGE][NOT_RUN] - NOT_RUN: verifyElementPresent(findTestObject("Login_Page/Dashboard/img"), 0)

2020-01-13 12:44:38 - [TEST_STEP][PASSED] - Start listener action : sampleAfterTestCase: null

2020-01-13 12:44:38 - [TEST_STEP][PASSED] - println(testCaseContext.getTestCaseId()): null

2020-01-13 12:44:38 - [TEST_STEP][PASSED] - println(testCaseContext.getTestCaseStatus()): null

2020-01-13 12:44:38 - [TEST_STEP][PASSED] - println("On Failure Method is Calling : " + testCaseContext.getTestCaseStatus()): null

2020-01-13 12:44:38 - [TEST_STEP][PASSED] - if (!(getTestCaseStatus().equalsIgnoreCase("PASSED"))): null]]></system-out>
         <system-err><![CDATA[]]></system-err>
      </testcase>
      <testcase name="Test Cases/Atlas Platform/Platform Navigation/Login/Validate_Email_address_text_field_for_Valid_eID" time="15.563" classname="Test Cases/Atlas Platform/Platform Navigation/Login/Validate_Email_address_text_field_for_Valid_eID" status="PASSED">
         <system-out><![CDATA[2020-01-13 12:44:40 - [TEST_CASE][PASSED] - Test Cases/Atlas Platform/Platform Navigation/Login/Validate_Email_address_text_field_for_Valid_eID: Test Cases/Atlas Platform/Platform Navigation/Login/Validate_Email_address_text_field_for_Valid_eID

2020-01-13 12:44:40 - [TEST_STEP][PASSED] - openBrowser(""): Browser is opened with url: ''

2020-01-13 12:44:40 - [MESSAGE][WARNING] - A browser is already opened. Closing browser and opening a new one

2020-01-13 12:44:41 - [MESSAGE][INFO] - Starting 'Chrome' driver

2020-01-13 12:44:41 - [MESSAGE][INFO] - User set preference: ['args', '[--start-maximized, --disable-web-security, --no-proxy-server]']

2020-01-13 12:44:41 - [MESSAGE][INFO] - User set preference: ['prefs', '{credentials_enable_service=false, profile.password_manager_enabled=false}']

2020-01-13 12:44:46 - [MESSAGE][PASSED] - Browser is opened with url: ''

2020-01-13 12:44:46 - [TEST_STEP][PASSED] - navigateToUrl("http://dqfn4clx0bazt.cloudfront.net/"): Navigate to 'http://dqfn4clx0bazt.cloudfront.net/' successfully

2020-01-13 12:44:50 - [MESSAGE][PASSED] - Navigate to 'http://dqfn4clx0bazt.cloudfront.net/' successfully

2020-01-13 12:44:50 - [TEST_STEP][PASSED] - setText(findTestObject("Login_Page/Page_/email address placeholder"), Email): Text 'firstname-lastname@domain.com' is set on object 'Object Repository/Login_Page/Page_/email address placeholder'

2020-01-13 12:44:51 - [MESSAGE][PASSED] - Text 'firstname-lastname@domain.com' is set on object 'Object Repository/Login_Page/Page_/email address placeholder'

2020-01-13 12:44:51 - [TEST_STEP][PASSED] - setText(findTestObject("Login_Page/Page_/Password placeholder"), Password): Text '123456789' is set on object 'Object Repository/Login_Page/Page_/Password placeholder'

2020-01-13 12:44:52 - [MESSAGE][PASSED] - Text '123456789' is set on object 'Object Repository/Login_Page/Page_/Password placeholder'

2020-01-13 12:44:52 - [TEST_STEP][PASSED] - click(findTestObject("Login_Page/Page_/Log In button")): Object: 'Object Repository/Login_Page/Page_/Log In button' is clicked on

2020-01-13 12:44:53 - [MESSAGE][PASSED] - Object: 'Object Repository/Login_Page/Page_/Log In button' is clicked on

2020-01-13 12:44:53 - [TEST_STEP][PASSED] - dashboard_act_title = getWindowTitle(): Current window's title is: ''

2020-01-13 12:44:53 - [MESSAGE][PASSED] - Current window's title is: ''

2020-01-13 12:44:53 - [TEST_STEP][PASSED] - verifyEqual(dashboard_act_title, dashboard_exp_title): Actual object '' and expected object '' are equal

2020-01-13 12:44:53 - [MESSAGE][PASSED] - Actual object '' and expected object '' are equal

2020-01-13 12:44:53 - [TEST_STEP][NOT_RUN] - verifyElementPresent(findTestObject("Login_Page/Dashboard/a_AUDIENCE"), 0): NOT_RUN: verifyElementPresent(findTestObject("Login_Page/Dashboard/a_AUDIENCE"), 0)

2020-01-13 12:44:53 - [MESSAGE][NOT_RUN] - NOT_RUN: verifyElementPresent(findTestObject("Login_Page/Dashboard/a_AUDIENCE"), 0)

2020-01-13 12:44:53 - [TEST_STEP][NOT_RUN] - verifyElementPresent(findTestObject("Login_Page/Dashboard/a_CONTENT"), 0): NOT_RUN: verifyElementPresent(findTestObject("Login_Page/Dashboard/a_CONTENT"), 0)

2020-01-13 12:44:53 - [MESSAGE][NOT_RUN] - NOT_RUN: verifyElementPresent(findTestObject("Login_Page/Dashboard/a_CONTENT"), 0)

2020-01-13 12:44:53 - [TEST_STEP][NOT_RUN] - verifyElementPresent(findTestObject("Login_Page/Dashboard/a_MESSAGING"), 0): NOT_RUN: verifyElementPresent(findTestObject("Login_Page/Dashboard/a_MESSAGING"), 0)

2020-01-13 12:44:53 - [MESSAGE][NOT_RUN] - NOT_RUN: verifyElementPresent(findTestObject("Login_Page/Dashboard/a_MESSAGING"), 0)

2020-01-13 12:44:53 - [TEST_STEP][NOT_RUN] - verifyElementPresent(findTestObject("Login_Page/Dashboard/a_REPORTING"), 0): NOT_RUN: verifyElementPresent(findTestObject("Login_Page/Dashboard/a_REPORTING"), 0)

2020-01-13 12:44:53 - [MESSAGE][NOT_RUN] - NOT_RUN: verifyElementPresent(findTestObject("Login_Page/Dashboard/a_REPORTING"), 0)

2020-01-13 12:44:53 - [TEST_STEP][NOT_RUN] - verifyElementPresent(findTestObject("Login_Page/Dashboard/a_ADMIN"), 0): NOT_RUN: verifyElementPresent(findTestObject("Login_Page/Dashboard/a_ADMIN"), 0)

2020-01-13 12:44:53 - [MESSAGE][NOT_RUN] - NOT_RUN: verifyElementPresent(findTestObject("Login_Page/Dashboard/a_ADMIN"), 0)

2020-01-13 12:44:53 - [TEST_STEP][NOT_RUN] - verifyElementPresent(findTestObject("Login_Page/Dashboard/div_Toyota"), 0): NOT_RUN: verifyElementPresent(findTestObject("Login_Page/Dashboard/div_Toyota"), 0)

2020-01-13 12:44:53 - [MESSAGE][NOT_RUN] - NOT_RUN: verifyElementPresent(findTestObject("Login_Page/Dashboard/div_Toyota"), 0)

2020-01-13 12:44:53 - [TEST_STEP][NOT_RUN] - verifyElementPresent(findTestObject("Login_Page/Dashboard/img"), 0): NOT_RUN: verifyElementPresent(findTestObject("Login_Page/Dashboard/img"), 0)

2020-01-13 12:44:53 - [MESSAGE][NOT_RUN] - NOT_RUN: verifyElementPresent(findTestObject("Login_Page/Dashboard/img"), 0)

2020-01-13 12:44:53 - [TEST_STEP][PASSED] - Start listener action : sampleAfterTestCase: null

2020-01-13 12:44:53 - [TEST_STEP][PASSED] - println(testCaseContext.getTestCaseId()): null

2020-01-13 12:44:53 - [TEST_STEP][PASSED] - println(testCaseContext.getTestCaseStatus()): null

2020-01-13 12:44:53 - [TEST_STEP][PASSED] - println("On Failure Method is Calling : " + testCaseContext.getTestCaseStatus()): null

2020-01-13 12:44:53 - [TEST_STEP][PASSED] - if (!(getTestCaseStatus().equalsIgnoreCase("PASSED"))): null]]></system-out>
         <system-err><![CDATA[]]></system-err>
      </testcase>
      <testcase name="Test Cases/Atlas Platform/Platform Navigation/Login/Validate_Email_address_text_field_for_Valid_eID" time="17.576" classname="Test Cases/Atlas Platform/Platform Navigation/Login/Validate_Email_address_text_field_for_Valid_eID" status="PASSED">
         <system-out><![CDATA[2020-01-13 12:44:55 - [TEST_CASE][PASSED] - Test Cases/Atlas Platform/Platform Navigation/Login/Validate_Email_address_text_field_for_Valid_eID: Test Cases/Atlas Platform/Platform Navigation/Login/Validate_Email_address_text_field_for_Valid_eID

2020-01-13 12:44:55 - [TEST_STEP][PASSED] - openBrowser(""): Browser is opened with url: ''

2020-01-13 12:44:55 - [MESSAGE][WARNING] - A browser is already opened. Closing browser and opening a new one

2020-01-13 12:44:56 - [MESSAGE][INFO] - Starting 'Chrome' driver

2020-01-13 12:44:56 - [MESSAGE][INFO] - User set preference: ['args', '[--start-maximized, --disable-web-security, --no-proxy-server]']

2020-01-13 12:44:56 - [MESSAGE][INFO] - User set preference: ['prefs', '{credentials_enable_service=false, profile.password_manager_enabled=false}']

2020-01-13 12:45:02 - [MESSAGE][PASSED] - Browser is opened with url: ''

2020-01-13 12:45:02 - [TEST_STEP][PASSED] - navigateToUrl("http://dqfn4clx0bazt.cloudfront.net/"): Navigate to 'http://dqfn4clx0bazt.cloudfront.net/' successfully

2020-01-13 12:45:08 - [MESSAGE][PASSED] - Navigate to 'http://dqfn4clx0bazt.cloudfront.net/' successfully

2020-01-13 12:45:08 - [TEST_STEP][PASSED] - setText(findTestObject("Login_Page/Page_/email address placeholder"), Email): Text 'much.”more\ unusual”@example.com' is set on object 'Object Repository/Login_Page/Page_/email address placeholder'

2020-01-13 12:45:09 - [MESSAGE][PASSED] - Text 'much.”more\ unusual”@example.com' is set on object 'Object Repository/Login_Page/Page_/email address placeholder'

2020-01-13 12:45:09 - [TEST_STEP][PASSED] - setText(findTestObject("Login_Page/Page_/Password placeholder"), Password): Text '123456789' is set on object 'Object Repository/Login_Page/Page_/Password placeholder'

2020-01-13 12:45:10 - [MESSAGE][PASSED] - Text '123456789' is set on object 'Object Repository/Login_Page/Page_/Password placeholder'

2020-01-13 12:45:10 - [TEST_STEP][PASSED] - click(findTestObject("Login_Page/Page_/Log In button")): Object: 'Object Repository/Login_Page/Page_/Log In button' is clicked on

2020-01-13 12:45:11 - [MESSAGE][PASSED] - Object: 'Object Repository/Login_Page/Page_/Log In button' is clicked on

2020-01-13 12:45:11 - [TEST_STEP][PASSED] - dashboard_act_title = getWindowTitle(): Current window's title is: ''

2020-01-13 12:45:11 - [MESSAGE][PASSED] - Current window's title is: ''

2020-01-13 12:45:11 - [TEST_STEP][PASSED] - verifyEqual(dashboard_act_title, dashboard_exp_title): Actual object '' and expected object '' are equal

2020-01-13 12:45:11 - [MESSAGE][PASSED] - Actual object '' and expected object '' are equal

2020-01-13 12:45:11 - [TEST_STEP][NOT_RUN] - verifyElementPresent(findTestObject("Login_Page/Dashboard/a_AUDIENCE"), 0): NOT_RUN: verifyElementPresent(findTestObject("Login_Page/Dashboard/a_AUDIENCE"), 0)

2020-01-13 12:45:11 - [MESSAGE][NOT_RUN] - NOT_RUN: verifyElementPresent(findTestObject("Login_Page/Dashboard/a_AUDIENCE"), 0)

2020-01-13 12:45:11 - [TEST_STEP][NOT_RUN] - verifyElementPresent(findTestObject("Login_Page/Dashboard/a_CONTENT"), 0): NOT_RUN: verifyElementPresent(findTestObject("Login_Page/Dashboard/a_CONTENT"), 0)

2020-01-13 12:45:11 - [MESSAGE][NOT_RUN] - NOT_RUN: verifyElementPresent(findTestObject("Login_Page/Dashboard/a_CONTENT"), 0)

2020-01-13 12:45:11 - [TEST_STEP][NOT_RUN] - verifyElementPresent(findTestObject("Login_Page/Dashboard/a_MESSAGING"), 0): NOT_RUN: verifyElementPresent(findTestObject("Login_Page/Dashboard/a_MESSAGING"), 0)

2020-01-13 12:45:11 - [MESSAGE][NOT_RUN] - NOT_RUN: verifyElementPresent(findTestObject("Login_Page/Dashboard/a_MESSAGING"), 0)

2020-01-13 12:45:11 - [TEST_STEP][NOT_RUN] - verifyElementPresent(findTestObject("Login_Page/Dashboard/a_REPORTING"), 0): NOT_RUN: verifyElementPresent(findTestObject("Login_Page/Dashboard/a_REPORTING"), 0)

2020-01-13 12:45:11 - [MESSAGE][NOT_RUN] - NOT_RUN: verifyElementPresent(findTestObject("Login_Page/Dashboard/a_REPORTING"), 0)

2020-01-13 12:45:11 - [TEST_STEP][NOT_RUN] - verifyElementPresent(findTestObject("Login_Page/Dashboard/a_ADMIN"), 0): NOT_RUN: verifyElementPresent(findTestObject("Login_Page/Dashboard/a_ADMIN"), 0)

2020-01-13 12:45:11 - [MESSAGE][NOT_RUN] - NOT_RUN: verifyElementPresent(findTestObject("Login_Page/Dashboard/a_ADMIN"), 0)

2020-01-13 12:45:11 - [TEST_STEP][NOT_RUN] - verifyElementPresent(findTestObject("Login_Page/Dashboard/div_Toyota"), 0): NOT_RUN: verifyElementPresent(findTestObject("Login_Page/Dashboard/div_Toyota"), 0)

2020-01-13 12:45:11 - [MESSAGE][NOT_RUN] - NOT_RUN: verifyElementPresent(findTestObject("Login_Page/Dashboard/div_Toyota"), 0)

2020-01-13 12:45:11 - [TEST_STEP][NOT_RUN] - verifyElementPresent(findTestObject("Login_Page/Dashboard/img"), 0): NOT_RUN: verifyElementPresent(findTestObject("Login_Page/Dashboard/img"), 0)

2020-01-13 12:45:11 - [MESSAGE][NOT_RUN] - NOT_RUN: verifyElementPresent(findTestObject("Login_Page/Dashboard/img"), 0)

2020-01-13 12:45:11 - [TEST_STEP][PASSED] - Start listener action : sampleAfterTestCase: null

2020-01-13 12:45:11 - [TEST_STEP][PASSED] - println(testCaseContext.getTestCaseId()): null

2020-01-13 12:45:11 - [TEST_STEP][PASSED] - println(testCaseContext.getTestCaseStatus()): null

2020-01-13 12:45:11 - [TEST_STEP][PASSED] - println("On Failure Method is Calling : " + testCaseContext.getTestCaseStatus()): null

2020-01-13 12:45:11 - [TEST_STEP][PASSED] - if (!(getTestCaseStatus().equalsIgnoreCase("PASSED"))): null]]></system-out>
         <system-err><![CDATA[]]></system-err>
      </testcase>
      <testcase name="Test Cases/Atlas Platform/Platform Navigation/Login/Validate_Email_address_text_field_for_Valid_eID" time="15.678" classname="Test Cases/Atlas Platform/Platform Navigation/Login/Validate_Email_address_text_field_for_Valid_eID" status="PASSED">
         <system-out><![CDATA[2020-01-13 12:45:13 - [TEST_CASE][PASSED] - Test Cases/Atlas Platform/Platform Navigation/Login/Validate_Email_address_text_field_for_Valid_eID: Test Cases/Atlas Platform/Platform Navigation/Login/Validate_Email_address_text_field_for_Valid_eID

2020-01-13 12:45:13 - [TEST_STEP][PASSED] - openBrowser(""): Browser is opened with url: ''

2020-01-13 12:45:13 - [MESSAGE][WARNING] - A browser is already opened. Closing browser and opening a new one

2020-01-13 12:45:14 - [MESSAGE][INFO] - Starting 'Chrome' driver

2020-01-13 12:45:14 - [MESSAGE][INFO] - User set preference: ['args', '[--start-maximized, --disable-web-security, --no-proxy-server]']

2020-01-13 12:45:14 - [MESSAGE][INFO] - User set preference: ['prefs', '{credentials_enable_service=false, profile.password_manager_enabled=false}']

2020-01-13 12:45:19 - [MESSAGE][PASSED] - Browser is opened with url: ''

2020-01-13 12:45:19 - [TEST_STEP][PASSED] - navigateToUrl("http://dqfn4clx0bazt.cloudfront.net/"): Navigate to 'http://dqfn4clx0bazt.cloudfront.net/' successfully

2020-01-13 12:45:23 - [MESSAGE][PASSED] - Navigate to 'http://dqfn4clx0bazt.cloudfront.net/' successfully

2020-01-13 12:45:23 - [TEST_STEP][PASSED] - setText(findTestObject("Login_Page/Page_/email address placeholder"), Email): Text 'very.unusual.”@”.unusual.com@example.com' is set on object 'Object Repository/Login_Page/Page_/email address placeholder'

2020-01-13 12:45:25 - [MESSAGE][PASSED] - Text 'very.unusual.”@”.unusual.com@example.com' is set on object 'Object Repository/Login_Page/Page_/email address placeholder'

2020-01-13 12:45:25 - [TEST_STEP][PASSED] - setText(findTestObject("Login_Page/Page_/Password placeholder"), Password): Text '123456789' is set on object 'Object Repository/Login_Page/Page_/Password placeholder'

2020-01-13 12:45:26 - [MESSAGE][PASSED] - Text '123456789' is set on object 'Object Repository/Login_Page/Page_/Password placeholder'

2020-01-13 12:45:26 - [TEST_STEP][PASSED] - click(findTestObject("Login_Page/Page_/Log In button")): Object: 'Object Repository/Login_Page/Page_/Log In button' is clicked on

2020-01-13 12:45:26 - [MESSAGE][PASSED] - Object: 'Object Repository/Login_Page/Page_/Log In button' is clicked on

2020-01-13 12:45:26 - [TEST_STEP][PASSED] - dashboard_act_title = getWindowTitle(): Current window's title is: ''

2020-01-13 12:45:26 - [MESSAGE][PASSED] - Current window's title is: ''

2020-01-13 12:45:26 - [TEST_STEP][PASSED] - verifyEqual(dashboard_act_title, dashboard_exp_title): Actual object '' and expected object '' are equal

2020-01-13 12:45:26 - [MESSAGE][PASSED] - Actual object '' and expected object '' are equal

2020-01-13 12:45:26 - [TEST_STEP][NOT_RUN] - verifyElementPresent(findTestObject("Login_Page/Dashboard/a_AUDIENCE"), 0): NOT_RUN: verifyElementPresent(findTestObject("Login_Page/Dashboard/a_AUDIENCE"), 0)

2020-01-13 12:45:26 - [MESSAGE][NOT_RUN] - NOT_RUN: verifyElementPresent(findTestObject("Login_Page/Dashboard/a_AUDIENCE"), 0)

2020-01-13 12:45:26 - [TEST_STEP][NOT_RUN] - verifyElementPresent(findTestObject("Login_Page/Dashboard/a_CONTENT"), 0): NOT_RUN: verifyElementPresent(findTestObject("Login_Page/Dashboard/a_CONTENT"), 0)

2020-01-13 12:45:26 - [MESSAGE][NOT_RUN] - NOT_RUN: verifyElementPresent(findTestObject("Login_Page/Dashboard/a_CONTENT"), 0)

2020-01-13 12:45:26 - [TEST_STEP][NOT_RUN] - verifyElementPresent(findTestObject("Login_Page/Dashboard/a_MESSAGING"), 0): NOT_RUN: verifyElementPresent(findTestObject("Login_Page/Dashboard/a_MESSAGING"), 0)

2020-01-13 12:45:26 - [MESSAGE][NOT_RUN] - NOT_RUN: verifyElementPresent(findTestObject("Login_Page/Dashboard/a_MESSAGING"), 0)

2020-01-13 12:45:26 - [TEST_STEP][NOT_RUN] - verifyElementPresent(findTestObject("Login_Page/Dashboard/a_REPORTING"), 0): NOT_RUN: verifyElementPresent(findTestObject("Login_Page/Dashboard/a_REPORTING"), 0)

2020-01-13 12:45:26 - [MESSAGE][NOT_RUN] - NOT_RUN: verifyElementPresent(findTestObject("Login_Page/Dashboard/a_REPORTING"), 0)

2020-01-13 12:45:26 - [TEST_STEP][NOT_RUN] - verifyElementPresent(findTestObject("Login_Page/Dashboard/a_ADMIN"), 0): NOT_RUN: verifyElementPresent(findTestObject("Login_Page/Dashboard/a_ADMIN"), 0)

2020-01-13 12:45:26 - [MESSAGE][NOT_RUN] - NOT_RUN: verifyElementPresent(findTestObject("Login_Page/Dashboard/a_ADMIN"), 0)

2020-01-13 12:45:26 - [TEST_STEP][NOT_RUN] - verifyElementPresent(findTestObject("Login_Page/Dashboard/div_Toyota"), 0): NOT_RUN: verifyElementPresent(findTestObject("Login_Page/Dashboard/div_Toyota"), 0)

2020-01-13 12:45:26 - [MESSAGE][NOT_RUN] - NOT_RUN: verifyElementPresent(findTestObject("Login_Page/Dashboard/div_Toyota"), 0)

2020-01-13 12:45:26 - [TEST_STEP][NOT_RUN] - verifyElementPresent(findTestObject("Login_Page/Dashboard/img"), 0): NOT_RUN: verifyElementPresent(findTestObject("Login_Page/Dashboard/img"), 0)

2020-01-13 12:45:26 - [MESSAGE][NOT_RUN] - NOT_RUN: verifyElementPresent(findTestObject("Login_Page/Dashboard/img"), 0)

2020-01-13 12:45:26 - [TEST_STEP][PASSED] - Start listener action : sampleAfterTestCase: null

2020-01-13 12:45:26 - [TEST_STEP][PASSED] - println(testCaseContext.getTestCaseId()): null

2020-01-13 12:45:26 - [TEST_STEP][PASSED] - println(testCaseContext.getTestCaseStatus()): null

2020-01-13 12:45:26 - [TEST_STEP][PASSED] - println("On Failure Method is Calling : " + testCaseContext.getTestCaseStatus()): null

2020-01-13 12:45:26 - [TEST_STEP][PASSED] - if (!(getTestCaseStatus().equalsIgnoreCase("PASSED"))): null]]></system-out>
         <system-err><![CDATA[]]></system-err>
      </testcase>
      <testcase name="Test Cases/Atlas Platform/Platform Navigation/Login/Validate_Email_address_text_field_for_Valid_eID" time="16.471" classname="Test Cases/Atlas Platform/Platform Navigation/Login/Validate_Email_address_text_field_for_Valid_eID" status="PASSED">
         <system-out><![CDATA[2020-01-13 12:45:29 - [TEST_CASE][PASSED] - Test Cases/Atlas Platform/Platform Navigation/Login/Validate_Email_address_text_field_for_Valid_eID: Test Cases/Atlas Platform/Platform Navigation/Login/Validate_Email_address_text_field_for_Valid_eID

2020-01-13 12:45:29 - [TEST_STEP][PASSED] - openBrowser(""): Browser is opened with url: ''

2020-01-13 12:45:29 - [MESSAGE][WARNING] - A browser is already opened. Closing browser and opening a new one

2020-01-13 12:45:30 - [MESSAGE][INFO] - Starting 'Chrome' driver

2020-01-13 12:45:30 - [MESSAGE][INFO] - User set preference: ['args', '[--start-maximized, --disable-web-security, --no-proxy-server]']

2020-01-13 12:45:30 - [MESSAGE][INFO] - User set preference: ['prefs', '{credentials_enable_service=false, profile.password_manager_enabled=false}']

2020-01-13 12:45:36 - [MESSAGE][PASSED] - Browser is opened with url: ''

2020-01-13 12:45:36 - [TEST_STEP][PASSED] - navigateToUrl("http://dqfn4clx0bazt.cloudfront.net/"): Navigate to 'http://dqfn4clx0bazt.cloudfront.net/' successfully

2020-01-13 12:45:39 - [MESSAGE][PASSED] - Navigate to 'http://dqfn4clx0bazt.cloudfront.net/' successfully

2020-01-13 12:45:39 - [TEST_STEP][PASSED] - setText(findTestObject("Login_Page/Page_/email address placeholder"), Email): Text 'very.”(),:;<>[]”.VERY.”very@\\ "very”.unusual@strange.example.com' is set on object 'Object Repository/Login_Page/Page_/email address placeholder'

2020-01-13 12:45:42 - [MESSAGE][PASSED] - Text 'very.”(),:;<>[]”.VERY.”very@\\ "very”.unusual@strange.example.com' is set on object 'Object Repository/Login_Page/Page_/email address placeholder'

2020-01-13 12:45:42 - [TEST_STEP][PASSED] - setText(findTestObject("Login_Page/Page_/Password placeholder"), Password): Text '123456789' is set on object 'Object Repository/Login_Page/Page_/Password placeholder'

2020-01-13 12:45:42 - [MESSAGE][PASSED] - Text '123456789' is set on object 'Object Repository/Login_Page/Page_/Password placeholder'

2020-01-13 12:45:42 - [TEST_STEP][PASSED] - click(findTestObject("Login_Page/Page_/Log In button")): Object: 'Object Repository/Login_Page/Page_/Log In button' is clicked on

2020-01-13 12:45:43 - [MESSAGE][PASSED] - Object: 'Object Repository/Login_Page/Page_/Log In button' is clicked on

2020-01-13 12:45:43 - [TEST_STEP][PASSED] - dashboard_act_title = getWindowTitle(): Current window's title is: ''

2020-01-13 12:45:43 - [MESSAGE][PASSED] - Current window's title is: ''

2020-01-13 12:45:43 - [TEST_STEP][PASSED] - verifyEqual(dashboard_act_title, dashboard_exp_title): Actual object '' and expected object '' are equal

2020-01-13 12:45:43 - [MESSAGE][PASSED] - Actual object '' and expected object '' are equal

2020-01-13 12:45:43 - [TEST_STEP][NOT_RUN] - verifyElementPresent(findTestObject("Login_Page/Dashboard/a_AUDIENCE"), 0): NOT_RUN: verifyElementPresent(findTestObject("Login_Page/Dashboard/a_AUDIENCE"), 0)

2020-01-13 12:45:43 - [MESSAGE][NOT_RUN] - NOT_RUN: verifyElementPresent(findTestObject("Login_Page/Dashboard/a_AUDIENCE"), 0)

2020-01-13 12:45:43 - [TEST_STEP][NOT_RUN] - verifyElementPresent(findTestObject("Login_Page/Dashboard/a_CONTENT"), 0): NOT_RUN: verifyElementPresent(findTestObject("Login_Page/Dashboard/a_CONTENT"), 0)

2020-01-13 12:45:43 - [MESSAGE][NOT_RUN] - NOT_RUN: verifyElementPresent(findTestObject("Login_Page/Dashboard/a_CONTENT"), 0)

2020-01-13 12:45:43 - [TEST_STEP][NOT_RUN] - verifyElementPresent(findTestObject("Login_Page/Dashboard/a_MESSAGING"), 0): NOT_RUN: verifyElementPresent(findTestObject("Login_Page/Dashboard/a_MESSAGING"), 0)

2020-01-13 12:45:43 - [MESSAGE][NOT_RUN] - NOT_RUN: verifyElementPresent(findTestObject("Login_Page/Dashboard/a_MESSAGING"), 0)

2020-01-13 12:45:43 - [TEST_STEP][NOT_RUN] - verifyElementPresent(findTestObject("Login_Page/Dashboard/a_REPORTING"), 0): NOT_RUN: verifyElementPresent(findTestObject("Login_Page/Dashboard/a_REPORTING"), 0)

2020-01-13 12:45:43 - [MESSAGE][NOT_RUN] - NOT_RUN: verifyElementPresent(findTestObject("Login_Page/Dashboard/a_REPORTING"), 0)

2020-01-13 12:45:43 - [TEST_STEP][NOT_RUN] - verifyElementPresent(findTestObject("Login_Page/Dashboard/a_ADMIN"), 0): NOT_RUN: verifyElementPresent(findTestObject("Login_Page/Dashboard/a_ADMIN"), 0)

2020-01-13 12:45:43 - [MESSAGE][NOT_RUN] - NOT_RUN: verifyElementPresent(findTestObject("Login_Page/Dashboard/a_ADMIN"), 0)

2020-01-13 12:45:43 - [TEST_STEP][NOT_RUN] - verifyElementPresent(findTestObject("Login_Page/Dashboard/div_Toyota"), 0): NOT_RUN: verifyElementPresent(findTestObject("Login_Page/Dashboard/div_Toyota"), 0)

2020-01-13 12:45:43 - [MESSAGE][NOT_RUN] - NOT_RUN: verifyElementPresent(findTestObject("Login_Page/Dashboard/div_Toyota"), 0)

2020-01-13 12:45:43 - [TEST_STEP][NOT_RUN] - verifyElementPresent(findTestObject("Login_Page/Dashboard/img"), 0): NOT_RUN: verifyElementPresent(findTestObject("Login_Page/Dashboard/img"), 0)

2020-01-13 12:45:43 - [MESSAGE][NOT_RUN] - NOT_RUN: verifyElementPresent(findTestObject("Login_Page/Dashboard/img"), 0)

2020-01-13 12:45:43 - [TEST_STEP][PASSED] - Start listener action : sampleAfterTestCase: null

2020-01-13 12:45:43 - [TEST_STEP][PASSED] - println(testCaseContext.getTestCaseId()): null

2020-01-13 12:45:43 - [TEST_STEP][PASSED] - println(testCaseContext.getTestCaseStatus()): null

2020-01-13 12:45:43 - [TEST_STEP][PASSED] - println("On Failure Method is Calling : " + testCaseContext.getTestCaseStatus()): null

2020-01-13 12:45:43 - [TEST_STEP][PASSED] - if (!(getTestCaseStatus().equalsIgnoreCase("PASSED"))): null]]></system-out>
         <system-err><![CDATA[]]></system-err>
      </testcase>
      <testcase name="Test Cases/Atlas Platform/Platform Navigation/Login/Validate_Email_address_text_field_for_Valid_eID" time="22.343" classname="Test Cases/Atlas Platform/Platform Navigation/Login/Validate_Email_address_text_field_for_Valid_eID" status="PASSED">
         <system-out><![CDATA[2020-01-13 12:45:45 - [TEST_CASE][PASSED] - Test Cases/Atlas Platform/Platform Navigation/Login/Validate_Email_address_text_field_for_Valid_eID: Test Cases/Atlas Platform/Platform Navigation/Login/Validate_Email_address_text_field_for_Valid_eID

2020-01-13 12:45:45 - [TEST_STEP][PASSED] - openBrowser(""): Browser is opened with url: ''

2020-01-13 12:45:45 - [MESSAGE][WARNING] - A browser is already opened. Closing browser and opening a new one

2020-01-13 12:45:46 - [MESSAGE][INFO] - Starting 'Chrome' driver

2020-01-13 12:45:46 - [MESSAGE][INFO] - User set preference: ['args', '[--start-maximized, --disable-web-security, --no-proxy-server]']

2020-01-13 12:45:46 - [MESSAGE][INFO] - User set preference: ['prefs', '{credentials_enable_service=false, profile.password_manager_enabled=false}']

2020-01-13 12:45:52 - [MESSAGE][PASSED] - Browser is opened with url: ''

2020-01-13 12:45:52 - [TEST_STEP][PASSED] - navigateToUrl("http://dqfn4clx0bazt.cloudfront.net/"): Navigate to 'http://dqfn4clx0bazt.cloudfront.net/' successfully

2020-01-13 12:45:56 - [MESSAGE][PASSED] - Navigate to 'http://dqfn4clx0bazt.cloudfront.net/' successfully

2020-01-13 12:45:56 - [TEST_STEP][PASSED] - setText(findTestObject("Login_Page/Page_/email address placeholder"), Email): Text 'contact-admin-hello-webmaster-info-services-peter-crazy-but-oh-so-ubber-cool-english-alphabet-loverer-abcdefghijklmnopqrstuvwxyz@please-try-to.send-me-an-email-if-you-can-possibly-begin-to-remember-this-coz.this-is-the-longest-email-address-known-to-man-but-to-be-honest.this-is-such-a-stupidly-long-sub-domain-it-could-go-on-forever.testing.com' is set on object 'Object Repository/Login_Page/Page_/email address placeholder'

2020-01-13 12:46:04 - [MESSAGE][PASSED] - Text 'contact-admin-hello-webmaster-info-services-peter-crazy-but-oh-so-ubber-cool-english-alphabet-loverer-abcdefghijklmnopqrstuvwxyz@please-try-to.send-me-an-email-if-you-can-possibly-begin-to-remember-this-coz.this-is-the-longest-email-address-known-to-man-but-to-be-honest.this-is-such-a-stupidly-long-sub-domain-it-could-go-on-forever.testing.com' is set on object 'Object Repository/Login_Page/Page_/email address placeholder'

2020-01-13 12:46:04 - [TEST_STEP][PASSED] - setText(findTestObject("Login_Page/Page_/Password placeholder"), Password): Text 'sandbox85!' is set on object 'Object Repository/Login_Page/Page_/Password placeholder'

2020-01-13 12:46:04 - [MESSAGE][PASSED] - Text 'sandbox85!' is set on object 'Object Repository/Login_Page/Page_/Password placeholder'

2020-01-13 12:46:04 - [TEST_STEP][PASSED] - click(findTestObject("Login_Page/Page_/Log In button")): Object: 'Object Repository/Login_Page/Page_/Log In button' is clicked on

2020-01-13 12:46:05 - [MESSAGE][PASSED] - Object: 'Object Repository/Login_Page/Page_/Log In button' is clicked on

2020-01-13 12:46:05 - [TEST_STEP][PASSED] - dashboard_act_title = getWindowTitle(): Current window's title is: ''

2020-01-13 12:46:05 - [MESSAGE][PASSED] - Current window's title is: ''

2020-01-13 12:46:05 - [TEST_STEP][PASSED] - verifyEqual(dashboard_act_title, dashboard_exp_title): Actual object '' and expected object '' are equal

2020-01-13 12:46:05 - [MESSAGE][PASSED] - Actual object '' and expected object '' are equal

2020-01-13 12:46:05 - [TEST_STEP][NOT_RUN] - verifyElementPresent(findTestObject("Login_Page/Dashboard/a_AUDIENCE"), 0): NOT_RUN: verifyElementPresent(findTestObject("Login_Page/Dashboard/a_AUDIENCE"), 0)

2020-01-13 12:46:05 - [MESSAGE][NOT_RUN] - NOT_RUN: verifyElementPresent(findTestObject("Login_Page/Dashboard/a_AUDIENCE"), 0)

2020-01-13 12:46:05 - [TEST_STEP][NOT_RUN] - verifyElementPresent(findTestObject("Login_Page/Dashboard/a_CONTENT"), 0): NOT_RUN: verifyElementPresent(findTestObject("Login_Page/Dashboard/a_CONTENT"), 0)

2020-01-13 12:46:05 - [MESSAGE][NOT_RUN] - NOT_RUN: verifyElementPresent(findTestObject("Login_Page/Dashboard/a_CONTENT"), 0)

2020-01-13 12:46:05 - [TEST_STEP][NOT_RUN] - verifyElementPresent(findTestObject("Login_Page/Dashboard/a_MESSAGING"), 0): NOT_RUN: verifyElementPresent(findTestObject("Login_Page/Dashboard/a_MESSAGING"), 0)

2020-01-13 12:46:05 - [MESSAGE][NOT_RUN] - NOT_RUN: verifyElementPresent(findTestObject("Login_Page/Dashboard/a_MESSAGING"), 0)

2020-01-13 12:46:05 - [TEST_STEP][NOT_RUN] - verifyElementPresent(findTestObject("Login_Page/Dashboard/a_REPORTING"), 0): NOT_RUN: verifyElementPresent(findTestObject("Login_Page/Dashboard/a_REPORTING"), 0)

2020-01-13 12:46:05 - [MESSAGE][NOT_RUN] - NOT_RUN: verifyElementPresent(findTestObject("Login_Page/Dashboard/a_REPORTING"), 0)

2020-01-13 12:46:05 - [TEST_STEP][NOT_RUN] - verifyElementPresent(findTestObject("Login_Page/Dashboard/a_ADMIN"), 0): NOT_RUN: verifyElementPresent(findTestObject("Login_Page/Dashboard/a_ADMIN"), 0)

2020-01-13 12:46:05 - [MESSAGE][NOT_RUN] - NOT_RUN: verifyElementPresent(findTestObject("Login_Page/Dashboard/a_ADMIN"), 0)

2020-01-13 12:46:05 - [TEST_STEP][NOT_RUN] - verifyElementPresent(findTestObject("Login_Page/Dashboard/div_Toyota"), 0): NOT_RUN: verifyElementPresent(findTestObject("Login_Page/Dashboard/div_Toyota"), 0)

2020-01-13 12:46:05 - [MESSAGE][NOT_RUN] - NOT_RUN: verifyElementPresent(findTestObject("Login_Page/Dashboard/div_Toyota"), 0)

2020-01-13 12:46:05 - [TEST_STEP][NOT_RUN] - verifyElementPresent(findTestObject("Login_Page/Dashboard/img"), 0): NOT_RUN: verifyElementPresent(findTestObject("Login_Page/Dashboard/img"), 0)

2020-01-13 12:46:05 - [MESSAGE][NOT_RUN] - NOT_RUN: verifyElementPresent(findTestObject("Login_Page/Dashboard/img"), 0)

2020-01-13 12:46:05 - [TEST_STEP][PASSED] - Start listener action : sampleAfterTestCase: null

2020-01-13 12:46:05 - [TEST_STEP][PASSED] - println(testCaseContext.getTestCaseId()): null

2020-01-13 12:46:05 - [TEST_STEP][PASSED] - println(testCaseContext.getTestCaseStatus()): null

2020-01-13 12:46:05 - [TEST_STEP][PASSED] - println("On Failure Method is Calling : " + testCaseContext.getTestCaseStatus()): null

2020-01-13 12:46:05 - [TEST_STEP][PASSED] - if (!(getTestCaseStatus().equalsIgnoreCase("PASSED"))): null]]></system-out>
         <system-err><![CDATA[]]></system-err>
      </testcase>
      <testcase name="Test Cases/Atlas Platform/Platform Navigation/Login/Validate_Email_address_text_field_for_Invalid_eID" time="15.346" classname="Test Cases/Atlas Platform/Platform Navigation/Login/Validate_Email_address_text_field_for_Invalid_eID" status="PASSED">
         <system-out><![CDATA[2020-01-13 12:46:07 - [TEST_CASE][PASSED] - Test Cases/Atlas Platform/Platform Navigation/Login/Validate_Email_address_text_field_for_Invalid_eID: Test Cases/Atlas Platform/Platform Navigation/Login/Validate_Email_address_text_field_for_Invalid_eID

2020-01-13 12:46:08 - [TEST_STEP][PASSED] - openBrowser(""): Browser is opened with url: ''

2020-01-13 12:46:08 - [MESSAGE][WARNING] - A browser is already opened. Closing browser and opening a new one

2020-01-13 12:46:09 - [MESSAGE][INFO] - Starting 'Chrome' driver

2020-01-13 12:46:09 - [MESSAGE][INFO] - User set preference: ['args', '[--start-maximized, --disable-web-security, --no-proxy-server]']

2020-01-13 12:46:09 - [MESSAGE][INFO] - User set preference: ['prefs', '{credentials_enable_service=false, profile.password_manager_enabled=false}']

2020-01-13 12:46:14 - [MESSAGE][PASSED] - Browser is opened with url: ''

2020-01-13 12:46:14 - [TEST_STEP][PASSED] - navigateToUrl("http://dqfn4clx0bazt.cloudfront.net/"): Navigate to 'http://dqfn4clx0bazt.cloudfront.net/' successfully

2020-01-13 12:46:18 - [MESSAGE][PASSED] - Navigate to 'http://dqfn4clx0bazt.cloudfront.net/' successfully

2020-01-13 12:46:18 - [TEST_STEP][PASSED] - setText(findTestObject("Login_Page/Page_/email address placeholder"), Email): Text 'plainaddress' is set on object 'Object Repository/Login_Page/Page_/email address placeholder'

2020-01-13 12:46:19 - [MESSAGE][PASSED] - Text 'plainaddress' is set on object 'Object Repository/Login_Page/Page_/email address placeholder'

2020-01-13 12:46:19 - [TEST_STEP][PASSED] - setText(findTestObject("Login_Page/Page_/Password placeholder"), Password): Text '123456789' is set on object 'Object Repository/Login_Page/Page_/Password placeholder'

2020-01-13 12:46:20 - [MESSAGE][PASSED] - Text '123456789' is set on object 'Object Repository/Login_Page/Page_/Password placeholder'

2020-01-13 12:46:20 - [TEST_STEP][PASSED] - click(findTestObject("Login_Page/Page_/Log In button")): Object: 'Object Repository/Login_Page/Page_/Log In button' is clicked on

2020-01-13 12:46:20 - [MESSAGE][PASSED] - Object: 'Object Repository/Login_Page/Page_/Log In button' is clicked on

2020-01-13 12:46:20 - [TEST_STEP][PASSED] - verifyElementPresent(findTestObject("Login_Page/Page_/Error Message-Invalid Email Format"), 30): Object 'Object Repository/Login_Page/Page_/Error Message-Invalid Email Format' is present

2020-01-13 12:46:21 - [MESSAGE][PASSED] - Object 'Object Repository/Login_Page/Page_/Error Message-Invalid Email Format' is present

2020-01-13 12:46:21 - [TEST_STEP][PASSED] - Start listener action : sampleAfterTestCase: null

2020-01-13 12:46:21 - [TEST_STEP][PASSED] - println(testCaseContext.getTestCaseId()): null

2020-01-13 12:46:21 - [TEST_STEP][PASSED] - println(testCaseContext.getTestCaseStatus()): null

2020-01-13 12:46:21 - [TEST_STEP][PASSED] - println("On Failure Method is Calling : " + testCaseContext.getTestCaseStatus()): null

2020-01-13 12:46:21 - [TEST_STEP][PASSED] - if (!(getTestCaseStatus().equalsIgnoreCase("PASSED"))): null]]></system-out>
         <system-err><![CDATA[]]></system-err>
      </testcase>
      <testcase name="Test Cases/Atlas Platform/Platform Navigation/Login/Validate_Email_address_text_field_for_Invalid_eID" time="15.835" classname="Test Cases/Atlas Platform/Platform Navigation/Login/Validate_Email_address_text_field_for_Invalid_eID" status="PASSED">
         <system-out><![CDATA[2020-01-13 12:46:23 - [TEST_CASE][PASSED] - Test Cases/Atlas Platform/Platform Navigation/Login/Validate_Email_address_text_field_for_Invalid_eID: Test Cases/Atlas Platform/Platform Navigation/Login/Validate_Email_address_text_field_for_Invalid_eID

2020-01-13 12:46:23 - [TEST_STEP][PASSED] - openBrowser(""): Browser is opened with url: ''

2020-01-13 12:46:23 - [MESSAGE][WARNING] - A browser is already opened. Closing browser and opening a new one

2020-01-13 12:46:24 - [MESSAGE][INFO] - Starting 'Chrome' driver

2020-01-13 12:46:24 - [MESSAGE][INFO] - User set preference: ['args', '[--start-maximized, --disable-web-security, --no-proxy-server]']

2020-01-13 12:46:24 - [MESSAGE][INFO] - User set preference: ['prefs', '{credentials_enable_service=false, profile.password_manager_enabled=false}']

2020-01-13 12:46:30 - [MESSAGE][PASSED] - Browser is opened with url: ''

2020-01-13 12:46:30 - [TEST_STEP][PASSED] - navigateToUrl("http://dqfn4clx0bazt.cloudfront.net/"): Navigate to 'http://dqfn4clx0bazt.cloudfront.net/' successfully

2020-01-13 12:46:34 - [MESSAGE][PASSED] - Navigate to 'http://dqfn4clx0bazt.cloudfront.net/' successfully

2020-01-13 12:46:34 - [TEST_STEP][PASSED] - setText(findTestObject("Login_Page/Page_/email address placeholder"), Email): Text '#@%^%#$@#$@#.com' is set on object 'Object Repository/Login_Page/Page_/email address placeholder'

2020-01-13 12:46:35 - [MESSAGE][PASSED] - Text '#@%^%#$@#$@#.com' is set on object 'Object Repository/Login_Page/Page_/email address placeholder'

2020-01-13 12:46:35 - [TEST_STEP][PASSED] - setText(findTestObject("Login_Page/Page_/Password placeholder"), Password): Text '123456789' is set on object 'Object Repository/Login_Page/Page_/Password placeholder'

2020-01-13 12:46:36 - [MESSAGE][PASSED] - Text '123456789' is set on object 'Object Repository/Login_Page/Page_/Password placeholder'

2020-01-13 12:46:36 - [TEST_STEP][PASSED] - click(findTestObject("Login_Page/Page_/Log In button")): Object: 'Object Repository/Login_Page/Page_/Log In button' is clicked on

2020-01-13 12:46:36 - [MESSAGE][PASSED] - Object: 'Object Repository/Login_Page/Page_/Log In button' is clicked on

2020-01-13 12:46:36 - [TEST_STEP][PASSED] - verifyElementPresent(findTestObject("Login_Page/Page_/Error Message-Invalid Email Format"), 30): Object 'Object Repository/Login_Page/Page_/Error Message-Invalid Email Format' is present

2020-01-13 12:46:37 - [MESSAGE][PASSED] - Object 'Object Repository/Login_Page/Page_/Error Message-Invalid Email Format' is present

2020-01-13 12:46:37 - [TEST_STEP][PASSED] - Start listener action : sampleAfterTestCase: null

2020-01-13 12:46:37 - [TEST_STEP][PASSED] - println(testCaseContext.getTestCaseId()): null

2020-01-13 12:46:37 - [TEST_STEP][PASSED] - println(testCaseContext.getTestCaseStatus()): null

2020-01-13 12:46:37 - [TEST_STEP][PASSED] - println("On Failure Method is Calling : " + testCaseContext.getTestCaseStatus()): null

2020-01-13 12:46:37 - [TEST_STEP][PASSED] - if (!(getTestCaseStatus().equalsIgnoreCase("PASSED"))): null]]></system-out>
         <system-err><![CDATA[]]></system-err>
      </testcase>
      <testcase name="Test Cases/Atlas Platform/Platform Navigation/Login/Validate_Email_address_text_field_for_Invalid_eID" time="14.942" classname="Test Cases/Atlas Platform/Platform Navigation/Login/Validate_Email_address_text_field_for_Invalid_eID" status="PASSED">
         <system-out><![CDATA[2020-01-13 12:46:39 - [TEST_CASE][PASSED] - Test Cases/Atlas Platform/Platform Navigation/Login/Validate_Email_address_text_field_for_Invalid_eID: Test Cases/Atlas Platform/Platform Navigation/Login/Validate_Email_address_text_field_for_Invalid_eID

2020-01-13 12:46:39 - [TEST_STEP][PASSED] - openBrowser(""): Browser is opened with url: ''

2020-01-13 12:46:39 - [MESSAGE][WARNING] - A browser is already opened. Closing browser and opening a new one

2020-01-13 12:46:40 - [MESSAGE][INFO] - Starting 'Chrome' driver

2020-01-13 12:46:40 - [MESSAGE][INFO] - User set preference: ['args', '[--start-maximized, --disable-web-security, --no-proxy-server]']

2020-01-13 12:46:40 - [MESSAGE][INFO] - User set preference: ['prefs', '{credentials_enable_service=false, profile.password_manager_enabled=false}']

2020-01-13 12:46:45 - [MESSAGE][PASSED] - Browser is opened with url: ''

2020-01-13 12:46:45 - [TEST_STEP][PASSED] - navigateToUrl("http://dqfn4clx0bazt.cloudfront.net/"): Navigate to 'http://dqfn4clx0bazt.cloudfront.net/' successfully

2020-01-13 12:46:49 - [MESSAGE][PASSED] - Navigate to 'http://dqfn4clx0bazt.cloudfront.net/' successfully

2020-01-13 12:46:49 - [TEST_STEP][PASSED] - setText(findTestObject("Login_Page/Page_/email address placeholder"), Email): Text '@domain.com' is set on object 'Object Repository/Login_Page/Page_/email address placeholder'

2020-01-13 12:46:50 - [MESSAGE][PASSED] - Text '@domain.com' is set on object 'Object Repository/Login_Page/Page_/email address placeholder'

2020-01-13 12:46:50 - [TEST_STEP][PASSED] - setText(findTestObject("Login_Page/Page_/Password placeholder"), Password): Text '123456789' is set on object 'Object Repository/Login_Page/Page_/Password placeholder'

2020-01-13 12:46:51 - [MESSAGE][PASSED] - Text '123456789' is set on object 'Object Repository/Login_Page/Page_/Password placeholder'

2020-01-13 12:46:51 - [TEST_STEP][PASSED] - click(findTestObject("Login_Page/Page_/Log In button")): Object: 'Object Repository/Login_Page/Page_/Log In button' is clicked on

2020-01-13 12:46:51 - [MESSAGE][PASSED] - Object: 'Object Repository/Login_Page/Page_/Log In button' is clicked on

2020-01-13 12:46:51 - [TEST_STEP][PASSED] - verifyElementPresent(findTestObject("Login_Page/Page_/Error Message-Invalid Email Format"), 30): Object 'Object Repository/Login_Page/Page_/Error Message-Invalid Email Format' is present

2020-01-13 12:46:52 - [MESSAGE][PASSED] - Object 'Object Repository/Login_Page/Page_/Error Message-Invalid Email Format' is present

2020-01-13 12:46:52 - [TEST_STEP][PASSED] - Start listener action : sampleAfterTestCase: null

2020-01-13 12:46:52 - [TEST_STEP][PASSED] - println(testCaseContext.getTestCaseId()): null

2020-01-13 12:46:52 - [TEST_STEP][PASSED] - println(testCaseContext.getTestCaseStatus()): null

2020-01-13 12:46:52 - [TEST_STEP][PASSED] - println("On Failure Method is Calling : " + testCaseContext.getTestCaseStatus()): null

2020-01-13 12:46:52 - [TEST_STEP][PASSED] - if (!(getTestCaseStatus().equalsIgnoreCase("PASSED"))): null]]></system-out>
         <system-err><![CDATA[]]></system-err>
      </testcase>
      <testcase name="Test Cases/Atlas Platform/Platform Navigation/Login/Validate_Email_address_text_field_for_Invalid_eID" time="16.701" classname="Test Cases/Atlas Platform/Platform Navigation/Login/Validate_Email_address_text_field_for_Invalid_eID" status="PASSED">
         <system-out><![CDATA[2020-01-13 12:46:54 - [TEST_CASE][PASSED] - Test Cases/Atlas Platform/Platform Navigation/Login/Validate_Email_address_text_field_for_Invalid_eID: Test Cases/Atlas Platform/Platform Navigation/Login/Validate_Email_address_text_field_for_Invalid_eID

2020-01-13 12:46:54 - [TEST_STEP][PASSED] - openBrowser(""): Browser is opened with url: ''

2020-01-13 12:46:54 - [MESSAGE][WARNING] - A browser is already opened. Closing browser and opening a new one

2020-01-13 12:46:56 - [MESSAGE][INFO] - Starting 'Chrome' driver

2020-01-13 12:46:56 - [MESSAGE][INFO] - User set preference: ['args', '[--start-maximized, --disable-web-security, --no-proxy-server]']

2020-01-13 12:46:56 - [MESSAGE][INFO] - User set preference: ['prefs', '{credentials_enable_service=false, profile.password_manager_enabled=false}']

2020-01-13 12:47:01 - [MESSAGE][PASSED] - Browser is opened with url: ''

2020-01-13 12:47:01 - [TEST_STEP][PASSED] - navigateToUrl("http://dqfn4clx0bazt.cloudfront.net/"): Navigate to 'http://dqfn4clx0bazt.cloudfront.net/' successfully

2020-01-13 12:47:05 - [MESSAGE][PASSED] - Navigate to 'http://dqfn4clx0bazt.cloudfront.net/' successfully

2020-01-13 12:47:05 - [TEST_STEP][PASSED] - setText(findTestObject("Login_Page/Page_/email address placeholder"), Email): Text 'Joe Smith <email@domain.com>' is set on object 'Object Repository/Login_Page/Page_/email address placeholder'

2020-01-13 12:47:06 - [MESSAGE][PASSED] - Text 'Joe Smith <email@domain.com>' is set on object 'Object Repository/Login_Page/Page_/email address placeholder'

2020-01-13 12:47:06 - [TEST_STEP][PASSED] - setText(findTestObject("Login_Page/Page_/Password placeholder"), Password): Text '123456789' is set on object 'Object Repository/Login_Page/Page_/Password placeholder'

2020-01-13 12:47:07 - [MESSAGE][PASSED] - Text '123456789' is set on object 'Object Repository/Login_Page/Page_/Password placeholder'

2020-01-13 12:47:07 - [TEST_STEP][PASSED] - click(findTestObject("Login_Page/Page_/Log In button")): Object: 'Object Repository/Login_Page/Page_/Log In button' is clicked on

2020-01-13 12:47:08 - [MESSAGE][PASSED] - Object: 'Object Repository/Login_Page/Page_/Log In button' is clicked on

2020-01-13 12:47:08 - [TEST_STEP][PASSED] - verifyElementPresent(findTestObject("Login_Page/Page_/Error Message-Invalid Email Format"), 30): Object 'Object Repository/Login_Page/Page_/Error Message-Invalid Email Format' is present

2020-01-13 12:47:08 - [MESSAGE][PASSED] - Object 'Object Repository/Login_Page/Page_/Error Message-Invalid Email Format' is present

2020-01-13 12:47:08 - [TEST_STEP][PASSED] - Start listener action : sampleAfterTestCase: null

2020-01-13 12:47:08 - [TEST_STEP][PASSED] - println(testCaseContext.getTestCaseId()): null

2020-01-13 12:47:08 - [TEST_STEP][PASSED] - println(testCaseContext.getTestCaseStatus()): null

2020-01-13 12:47:08 - [TEST_STEP][PASSED] - println("On Failure Method is Calling : " + testCaseContext.getTestCaseStatus()): null

2020-01-13 12:47:08 - [TEST_STEP][PASSED] - if (!(getTestCaseStatus().equalsIgnoreCase("PASSED"))): null]]></system-out>
         <system-err><![CDATA[]]></system-err>
      </testcase>
      <testcase name="Test Cases/Atlas Platform/Platform Navigation/Login/Validate_Email_address_text_field_for_Invalid_eID" time="14.939" classname="Test Cases/Atlas Platform/Platform Navigation/Login/Validate_Email_address_text_field_for_Invalid_eID" status="PASSED">
         <system-out><![CDATA[2020-01-13 12:47:10 - [TEST_CASE][PASSED] - Test Cases/Atlas Platform/Platform Navigation/Login/Validate_Email_address_text_field_for_Invalid_eID: Test Cases/Atlas Platform/Platform Navigation/Login/Validate_Email_address_text_field_for_Invalid_eID

2020-01-13 12:47:10 - [TEST_STEP][PASSED] - openBrowser(""): Browser is opened with url: ''

2020-01-13 12:47:10 - [MESSAGE][WARNING] - A browser is already opened. Closing browser and opening a new one

2020-01-13 12:47:11 - [MESSAGE][INFO] - Starting 'Chrome' driver

2020-01-13 12:47:11 - [MESSAGE][INFO] - User set preference: ['args', '[--start-maximized, --disable-web-security, --no-proxy-server]']

2020-01-13 12:47:11 - [MESSAGE][INFO] - User set preference: ['prefs', '{credentials_enable_service=false, profile.password_manager_enabled=false}']

2020-01-13 12:47:17 - [MESSAGE][PASSED] - Browser is opened with url: ''

2020-01-13 12:47:17 - [TEST_STEP][PASSED] - navigateToUrl("http://dqfn4clx0bazt.cloudfront.net/"): Navigate to 'http://dqfn4clx0bazt.cloudfront.net/' successfully

2020-01-13 12:47:20 - [MESSAGE][PASSED] - Navigate to 'http://dqfn4clx0bazt.cloudfront.net/' successfully

2020-01-13 12:47:20 - [TEST_STEP][PASSED] - setText(findTestObject("Login_Page/Page_/email address placeholder"), Email): Text 'email.domain.com' is set on object 'Object Repository/Login_Page/Page_/email address placeholder'

2020-01-13 12:47:22 - [MESSAGE][PASSED] - Text 'email.domain.com' is set on object 'Object Repository/Login_Page/Page_/email address placeholder'

2020-01-13 12:47:22 - [TEST_STEP][PASSED] - setText(findTestObject("Login_Page/Page_/Password placeholder"), Password): Text '123456789' is set on object 'Object Repository/Login_Page/Page_/Password placeholder'

2020-01-13 12:47:22 - [MESSAGE][PASSED] - Text '123456789' is set on object 'Object Repository/Login_Page/Page_/Password placeholder'

2020-01-13 12:47:22 - [TEST_STEP][PASSED] - click(findTestObject("Login_Page/Page_/Log In button")): Object: 'Object Repository/Login_Page/Page_/Log In button' is clicked on

2020-01-13 12:47:23 - [MESSAGE][PASSED] - Object: 'Object Repository/Login_Page/Page_/Log In button' is clicked on

2020-01-13 12:47:23 - [TEST_STEP][PASSED] - verifyElementPresent(findTestObject("Login_Page/Page_/Error Message-Invalid Email Format"), 30): Object 'Object Repository/Login_Page/Page_/Error Message-Invalid Email Format' is present

2020-01-13 12:47:23 - [MESSAGE][PASSED] - Object 'Object Repository/Login_Page/Page_/Error Message-Invalid Email Format' is present

2020-01-13 12:47:23 - [TEST_STEP][PASSED] - Start listener action : sampleAfterTestCase: null

2020-01-13 12:47:23 - [TEST_STEP][PASSED] - println(testCaseContext.getTestCaseId()): null

2020-01-13 12:47:23 - [TEST_STEP][PASSED] - println(testCaseContext.getTestCaseStatus()): null

2020-01-13 12:47:23 - [TEST_STEP][PASSED] - println("On Failure Method is Calling : " + testCaseContext.getTestCaseStatus()): null

2020-01-13 12:47:23 - [TEST_STEP][PASSED] - if (!(getTestCaseStatus().equalsIgnoreCase("PASSED"))): null]]></system-out>
         <system-err><![CDATA[]]></system-err>
      </testcase>
      <testcase name="Test Cases/Atlas Platform/Platform Navigation/Login/Validate_Email_address_text_field_for_Invalid_eID" time="14.777" classname="Test Cases/Atlas Platform/Platform Navigation/Login/Validate_Email_address_text_field_for_Invalid_eID" status="PASSED">
         <system-out><![CDATA[2020-01-13 12:47:25 - [TEST_CASE][PASSED] - Test Cases/Atlas Platform/Platform Navigation/Login/Validate_Email_address_text_field_for_Invalid_eID: Test Cases/Atlas Platform/Platform Navigation/Login/Validate_Email_address_text_field_for_Invalid_eID

2020-01-13 12:47:25 - [TEST_STEP][PASSED] - openBrowser(""): Browser is opened with url: ''

2020-01-13 12:47:25 - [MESSAGE][WARNING] - A browser is already opened. Closing browser and opening a new one

2020-01-13 12:47:26 - [MESSAGE][INFO] - Starting 'Chrome' driver

2020-01-13 12:47:26 - [MESSAGE][INFO] - User set preference: ['args', '[--start-maximized, --disable-web-security, --no-proxy-server]']

2020-01-13 12:47:26 - [MESSAGE][INFO] - User set preference: ['prefs', '{credentials_enable_service=false, profile.password_manager_enabled=false}']

2020-01-13 12:47:32 - [MESSAGE][PASSED] - Browser is opened with url: ''

2020-01-13 12:47:32 - [TEST_STEP][PASSED] - navigateToUrl("http://dqfn4clx0bazt.cloudfront.net/"): Navigate to 'http://dqfn4clx0bazt.cloudfront.net/' successfully

2020-01-13 12:47:35 - [MESSAGE][PASSED] - Navigate to 'http://dqfn4clx0bazt.cloudfront.net/' successfully

2020-01-13 12:47:35 - [TEST_STEP][PASSED] - setText(findTestObject("Login_Page/Page_/email address placeholder"), Email): Text 'email@domain@domain.com' is set on object 'Object Repository/Login_Page/Page_/email address placeholder'

2020-01-13 12:47:36 - [MESSAGE][PASSED] - Text 'email@domain@domain.com' is set on object 'Object Repository/Login_Page/Page_/email address placeholder'

2020-01-13 12:47:36 - [TEST_STEP][PASSED] - setText(findTestObject("Login_Page/Page_/Password placeholder"), Password): Text '123456789' is set on object 'Object Repository/Login_Page/Page_/Password placeholder'

2020-01-13 12:47:37 - [MESSAGE][PASSED] - Text '123456789' is set on object 'Object Repository/Login_Page/Page_/Password placeholder'

2020-01-13 12:47:37 - [TEST_STEP][PASSED] - click(findTestObject("Login_Page/Page_/Log In button")): Object: 'Object Repository/Login_Page/Page_/Log In button' is clicked on

2020-01-13 12:47:38 - [MESSAGE][PASSED] - Object: 'Object Repository/Login_Page/Page_/Log In button' is clicked on

2020-01-13 12:47:38 - [TEST_STEP][PASSED] - verifyElementPresent(findTestObject("Login_Page/Page_/Error Message-Invalid Email Format"), 30): Object 'Object Repository/Login_Page/Page_/Error Message-Invalid Email Format' is present

2020-01-13 12:47:38 - [MESSAGE][PASSED] - Object 'Object Repository/Login_Page/Page_/Error Message-Invalid Email Format' is present

2020-01-13 12:47:38 - [TEST_STEP][PASSED] - Start listener action : sampleAfterTestCase: null

2020-01-13 12:47:38 - [TEST_STEP][PASSED] - println(testCaseContext.getTestCaseId()): null

2020-01-13 12:47:38 - [TEST_STEP][PASSED] - println(testCaseContext.getTestCaseStatus()): null

2020-01-13 12:47:38 - [TEST_STEP][PASSED] - println("On Failure Method is Calling : " + testCaseContext.getTestCaseStatus()): null

2020-01-13 12:47:38 - [TEST_STEP][PASSED] - if (!(getTestCaseStatus().equalsIgnoreCase("PASSED"))): null]]></system-out>
         <system-err><![CDATA[]]></system-err>
      </testcase>
      <testcase name="Test Cases/Atlas Platform/Platform Navigation/Login/Validate_Email_address_text_field_for_Invalid_eID" time="19.892" classname="Test Cases/Atlas Platform/Platform Navigation/Login/Validate_Email_address_text_field_for_Invalid_eID" status="PASSED">
         <system-out><![CDATA[2020-01-13 12:47:40 - [TEST_CASE][PASSED] - Test Cases/Atlas Platform/Platform Navigation/Login/Validate_Email_address_text_field_for_Invalid_eID: Test Cases/Atlas Platform/Platform Navigation/Login/Validate_Email_address_text_field_for_Invalid_eID

2020-01-13 12:47:40 - [TEST_STEP][PASSED] - openBrowser(""): Browser is opened with url: ''

2020-01-13 12:47:40 - [MESSAGE][WARNING] - A browser is already opened. Closing browser and opening a new one

2020-01-13 12:47:42 - [MESSAGE][INFO] - Starting 'Chrome' driver

2020-01-13 12:47:42 - [MESSAGE][INFO] - User set preference: ['args', '[--start-maximized, --disable-web-security, --no-proxy-server]']

2020-01-13 12:47:42 - [MESSAGE][INFO] - User set preference: ['prefs', '{credentials_enable_service=false, profile.password_manager_enabled=false}']

2020-01-13 12:47:48 - [MESSAGE][PASSED] - Browser is opened with url: ''

2020-01-13 12:47:48 - [TEST_STEP][PASSED] - navigateToUrl("http://dqfn4clx0bazt.cloudfront.net/"): Navigate to 'http://dqfn4clx0bazt.cloudfront.net/' successfully

2020-01-13 12:47:54 - [MESSAGE][PASSED] - Navigate to 'http://dqfn4clx0bazt.cloudfront.net/' successfully

2020-01-13 12:47:54 - [TEST_STEP][PASSED] - setText(findTestObject("Login_Page/Page_/email address placeholder"), Email): Text '.email@domain.com' is set on object 'Object Repository/Login_Page/Page_/email address placeholder'

2020-01-13 12:47:56 - [MESSAGE][PASSED] - Text '.email@domain.com' is set on object 'Object Repository/Login_Page/Page_/email address placeholder'

2020-01-13 12:47:56 - [TEST_STEP][PASSED] - setText(findTestObject("Login_Page/Page_/Password placeholder"), Password): Text '123456789' is set on object 'Object Repository/Login_Page/Page_/Password placeholder'

2020-01-13 12:47:57 - [MESSAGE][PASSED] - Text '123456789' is set on object 'Object Repository/Login_Page/Page_/Password placeholder'

2020-01-13 12:47:57 - [TEST_STEP][PASSED] - click(findTestObject("Login_Page/Page_/Log In button")): Object: 'Object Repository/Login_Page/Page_/Log In button' is clicked on

2020-01-13 12:47:57 - [MESSAGE][PASSED] - Object: 'Object Repository/Login_Page/Page_/Log In button' is clicked on

2020-01-13 12:47:57 - [TEST_STEP][PASSED] - verifyElementPresent(findTestObject("Login_Page/Page_/Error Message-Invalid Email Format"), 30): Object 'Object Repository/Login_Page/Page_/Error Message-Invalid Email Format' is present

2020-01-13 12:47:58 - [MESSAGE][PASSED] - Object 'Object Repository/Login_Page/Page_/Error Message-Invalid Email Format' is present

2020-01-13 12:47:58 - [TEST_STEP][PASSED] - Start listener action : sampleAfterTestCase: null

2020-01-13 12:47:58 - [TEST_STEP][PASSED] - println(testCaseContext.getTestCaseId()): null

2020-01-13 12:47:58 - [TEST_STEP][PASSED] - println(testCaseContext.getTestCaseStatus()): null

2020-01-13 12:47:58 - [TEST_STEP][PASSED] - println("On Failure Method is Calling : " + testCaseContext.getTestCaseStatus()): null

2020-01-13 12:47:58 - [TEST_STEP][PASSED] - if (!(getTestCaseStatus().equalsIgnoreCase("PASSED"))): null]]></system-out>
         <system-err><![CDATA[]]></system-err>
      </testcase>
      <testcase name="Test Cases/Atlas Platform/Platform Navigation/Login/Validate_Email_address_text_field_for_Invalid_eID" time="15.131" classname="Test Cases/Atlas Platform/Platform Navigation/Login/Validate_Email_address_text_field_for_Invalid_eID" status="PASSED">
         <system-out><![CDATA[2020-01-13 12:48:00 - [TEST_CASE][PASSED] - Test Cases/Atlas Platform/Platform Navigation/Login/Validate_Email_address_text_field_for_Invalid_eID: Test Cases/Atlas Platform/Platform Navigation/Login/Validate_Email_address_text_field_for_Invalid_eID

2020-01-13 12:48:00 - [TEST_STEP][PASSED] - openBrowser(""): Browser is opened with url: ''

2020-01-13 12:48:00 - [MESSAGE][WARNING] - A browser is already opened. Closing browser and opening a new one

2020-01-13 12:48:01 - [MESSAGE][INFO] - Starting 'Chrome' driver

2020-01-13 12:48:01 - [MESSAGE][INFO] - User set preference: ['args', '[--start-maximized, --disable-web-security, --no-proxy-server]']

2020-01-13 12:48:01 - [MESSAGE][INFO] - User set preference: ['prefs', '{credentials_enable_service=false, profile.password_manager_enabled=false}']

2020-01-13 12:48:07 - [MESSAGE][PASSED] - Browser is opened with url: ''

2020-01-13 12:48:07 - [TEST_STEP][PASSED] - navigateToUrl("http://dqfn4clx0bazt.cloudfront.net/"): Navigate to 'http://dqfn4clx0bazt.cloudfront.net/' successfully

2020-01-13 12:48:10 - [MESSAGE][PASSED] - Navigate to 'http://dqfn4clx0bazt.cloudfront.net/' successfully

2020-01-13 12:48:10 - [TEST_STEP][PASSED] - setText(findTestObject("Login_Page/Page_/email address placeholder"), Email): Text 'email.@domain.com' is set on object 'Object Repository/Login_Page/Page_/email address placeholder'

2020-01-13 12:48:11 - [MESSAGE][PASSED] - Text 'email.@domain.com' is set on object 'Object Repository/Login_Page/Page_/email address placeholder'

2020-01-13 12:48:11 - [TEST_STEP][PASSED] - setText(findTestObject("Login_Page/Page_/Password placeholder"), Password): Text '123456789' is set on object 'Object Repository/Login_Page/Page_/Password placeholder'

2020-01-13 12:48:12 - [MESSAGE][PASSED] - Text '123456789' is set on object 'Object Repository/Login_Page/Page_/Password placeholder'

2020-01-13 12:48:12 - [TEST_STEP][PASSED] - click(findTestObject("Login_Page/Page_/Log In button")): Object: 'Object Repository/Login_Page/Page_/Log In button' is clicked on

2020-01-13 12:48:13 - [MESSAGE][PASSED] - Object: 'Object Repository/Login_Page/Page_/Log In button' is clicked on

2020-01-13 12:48:13 - [TEST_STEP][PASSED] - verifyElementPresent(findTestObject("Login_Page/Page_/Error Message-Invalid Email Format"), 30): Object 'Object Repository/Login_Page/Page_/Error Message-Invalid Email Format' is present

2020-01-13 12:48:13 - [MESSAGE][PASSED] - Object 'Object Repository/Login_Page/Page_/Error Message-Invalid Email Format' is present

2020-01-13 12:48:13 - [TEST_STEP][PASSED] - Start listener action : sampleAfterTestCase: null

2020-01-13 12:48:13 - [TEST_STEP][PASSED] - println(testCaseContext.getTestCaseId()): null

2020-01-13 12:48:13 - [TEST_STEP][PASSED] - println(testCaseContext.getTestCaseStatus()): null

2020-01-13 12:48:13 - [TEST_STEP][PASSED] - println("On Failure Method is Calling : " + testCaseContext.getTestCaseStatus()): null

2020-01-13 12:48:13 - [TEST_STEP][PASSED] - if (!(getTestCaseStatus().equalsIgnoreCase("PASSED"))): null]]></system-out>
         <system-err><![CDATA[]]></system-err>
      </testcase>
      <testcase name="Test Cases/Atlas Platform/Platform Navigation/Login/Validate_Email_address_text_field_for_Invalid_eID" time="17.443" classname="Test Cases/Atlas Platform/Platform Navigation/Login/Validate_Email_address_text_field_for_Invalid_eID" status="PASSED">
         <system-out><![CDATA[2020-01-13 12:48:15 - [TEST_CASE][PASSED] - Test Cases/Atlas Platform/Platform Navigation/Login/Validate_Email_address_text_field_for_Invalid_eID: Test Cases/Atlas Platform/Platform Navigation/Login/Validate_Email_address_text_field_for_Invalid_eID

2020-01-13 12:48:15 - [TEST_STEP][PASSED] - openBrowser(""): Browser is opened with url: ''

2020-01-13 12:48:15 - [MESSAGE][WARNING] - A browser is already opened. Closing browser and opening a new one

2020-01-13 12:48:17 - [MESSAGE][INFO] - Starting 'Chrome' driver

2020-01-13 12:48:17 - [MESSAGE][INFO] - User set preference: ['args', '[--start-maximized, --disable-web-security, --no-proxy-server]']

2020-01-13 12:48:17 - [MESSAGE][INFO] - User set preference: ['prefs', '{credentials_enable_service=false, profile.password_manager_enabled=false}']

2020-01-13 12:48:23 - [MESSAGE][PASSED] - Browser is opened with url: ''

2020-01-13 12:48:23 - [TEST_STEP][PASSED] - navigateToUrl("http://dqfn4clx0bazt.cloudfront.net/"): Navigate to 'http://dqfn4clx0bazt.cloudfront.net/' successfully

2020-01-13 12:48:27 - [MESSAGE][PASSED] - Navigate to 'http://dqfn4clx0bazt.cloudfront.net/' successfully

2020-01-13 12:48:28 - [TEST_STEP][PASSED] - setText(findTestObject("Login_Page/Page_/email address placeholder"), Email): Text 'email..email@domain.com' is set on object 'Object Repository/Login_Page/Page_/email address placeholder'

2020-01-13 12:48:29 - [MESSAGE][PASSED] - Text 'email..email@domain.com' is set on object 'Object Repository/Login_Page/Page_/email address placeholder'

2020-01-13 12:48:29 - [TEST_STEP][PASSED] - setText(findTestObject("Login_Page/Page_/Password placeholder"), Password): Text '123456789' is set on object 'Object Repository/Login_Page/Page_/Password placeholder'

2020-01-13 12:48:30 - [MESSAGE][PASSED] - Text '123456789' is set on object 'Object Repository/Login_Page/Page_/Password placeholder'

2020-01-13 12:48:30 - [TEST_STEP][PASSED] - click(findTestObject("Login_Page/Page_/Log In button")): Object: 'Object Repository/Login_Page/Page_/Log In button' is clicked on

2020-01-13 12:48:30 - [MESSAGE][PASSED] - Object: 'Object Repository/Login_Page/Page_/Log In button' is clicked on

2020-01-13 12:48:30 - [TEST_STEP][PASSED] - verifyElementPresent(findTestObject("Login_Page/Page_/Error Message-Invalid Email Format"), 30): Object 'Object Repository/Login_Page/Page_/Error Message-Invalid Email Format' is present

2020-01-13 12:48:31 - [MESSAGE][PASSED] - Object 'Object Repository/Login_Page/Page_/Error Message-Invalid Email Format' is present

2020-01-13 12:48:31 - [TEST_STEP][PASSED] - Start listener action : sampleAfterTestCase: null

2020-01-13 12:48:31 - [TEST_STEP][PASSED] - println(testCaseContext.getTestCaseId()): null

2020-01-13 12:48:31 - [TEST_STEP][PASSED] - println(testCaseContext.getTestCaseStatus()): null

2020-01-13 12:48:31 - [TEST_STEP][PASSED] - println("On Failure Method is Calling : " + testCaseContext.getTestCaseStatus()): null

2020-01-13 12:48:31 - [TEST_STEP][PASSED] - if (!(getTestCaseStatus().equalsIgnoreCase("PASSED"))): null]]></system-out>
         <system-err><![CDATA[]]></system-err>
      </testcase>
      <testcase name="Test Cases/Atlas Platform/Platform Navigation/Login/Validate_Email_address_text_field_for_Invalid_eID" time="60.164" classname="Test Cases/Atlas Platform/Platform Navigation/Login/Validate_Email_address_text_field_for_Invalid_eID" status="PASSED">
         <system-out><![CDATA[2020-01-13 12:48:33 - [TEST_CASE][PASSED] - Test Cases/Atlas Platform/Platform Navigation/Login/Validate_Email_address_text_field_for_Invalid_eID: Test Cases/Atlas Platform/Platform Navigation/Login/Validate_Email_address_text_field_for_Invalid_eID

2020-01-13 12:48:33 - [TEST_STEP][PASSED] - openBrowser(""): Browser is opened with url: ''

2020-01-13 12:48:33 - [MESSAGE][WARNING] - A browser is already opened. Closing browser and opening a new one

2020-01-13 12:48:34 - [MESSAGE][INFO] - Starting 'Chrome' driver

2020-01-13 12:48:34 - [MESSAGE][INFO] - User set preference: ['args', '[--start-maximized, --disable-web-security, --no-proxy-server]']

2020-01-13 12:48:34 - [MESSAGE][INFO] - User set preference: ['prefs', '{credentials_enable_service=false, profile.password_manager_enabled=false}']

2020-01-13 12:48:39 - [MESSAGE][PASSED] - Browser is opened with url: ''

2020-01-13 12:48:39 - [TEST_STEP][PASSED] - navigateToUrl("http://dqfn4clx0bazt.cloudfront.net/"): Navigate to 'http://dqfn4clx0bazt.cloudfront.net/' successfully

2020-01-13 12:48:43 - [MESSAGE][PASSED] - Navigate to 'http://dqfn4clx0bazt.cloudfront.net/' successfully

2020-01-13 12:48:43 - [TEST_STEP][PASSED] - setText(findTestObject("Login_Page/Page_/email address placeholder"), Email): Text 'あいうえお@domain.com' is set on object 'Object Repository/Login_Page/Page_/email address placeholder'

2020-01-13 12:48:44 - [MESSAGE][PASSED] - Text 'あいうえお@domain.com' is set on object 'Object Repository/Login_Page/Page_/email address placeholder'

2020-01-13 12:48:44 - [TEST_STEP][PASSED] - setText(findTestObject("Login_Page/Page_/Password placeholder"), Password): Text '123456789' is set on object 'Object Repository/Login_Page/Page_/Password placeholder'

2020-01-13 12:48:45 - [MESSAGE][PASSED] - Text '123456789' is set on object 'Object Repository/Login_Page/Page_/Password placeholder'

2020-01-13 12:48:45 - [TEST_STEP][PASSED] - click(findTestObject("Login_Page/Page_/Log In button")): Object: 'Object Repository/Login_Page/Page_/Log In button' is clicked on

2020-01-13 12:48:46 - [MESSAGE][PASSED] - Object: 'Object Repository/Login_Page/Page_/Log In button' is clicked on

2020-01-13 12:48:46 - [TEST_STEP][PASSED] - verifyElementPresent(findTestObject("Login_Page/Page_/Error Message-Invalid Email Format"), 30): Unable to find the element located by 'By.xpath: //span[text()='Invalid Email Format']'. Please recheck the objects properties to make sure the desired element is located. 

2020-01-13 12:49:31 - [MESSAGE][INFO] - Unable to find the element located by 'By.xpath: //span[text()='Invalid Email Format']'. Please recheck the objects properties to make sure the desired element is located. 

2020-01-13 12:49:31 - [TEST_STEP][PASSED] - Start listener action : sampleAfterTestCase: null

2020-01-13 12:49:31 - [TEST_STEP][PASSED] - println(testCaseContext.getTestCaseId()): null

2020-01-13 12:49:31 - [TEST_STEP][PASSED] - println(testCaseContext.getTestCaseStatus()): null

2020-01-13 12:49:31 - [TEST_STEP][PASSED] - println("On Failure Method is Calling : " + testCaseContext.getTestCaseStatus()): null

2020-01-13 12:49:31 - [TEST_STEP][PASSED] - if (!(getTestCaseStatus().equalsIgnoreCase("PASSED"))): null]]></system-out>
         <system-err><![CDATA[]]></system-err>
      </testcase>
      <testcase name="Test Cases/Atlas Platform/Platform Navigation/Login/Validate_Email_address_text_field_for_Invalid_eID" time="15.143" classname="Test Cases/Atlas Platform/Platform Navigation/Login/Validate_Email_address_text_field_for_Invalid_eID" status="PASSED">
         <system-out><![CDATA[2020-01-13 12:49:33 - [TEST_CASE][PASSED] - Test Cases/Atlas Platform/Platform Navigation/Login/Validate_Email_address_text_field_for_Invalid_eID: Test Cases/Atlas Platform/Platform Navigation/Login/Validate_Email_address_text_field_for_Invalid_eID

2020-01-13 12:49:33 - [TEST_STEP][PASSED] - openBrowser(""): Browser is opened with url: ''

2020-01-13 12:49:33 - [MESSAGE][WARNING] - A browser is already opened. Closing browser and opening a new one

2020-01-13 12:49:34 - [MESSAGE][INFO] - Starting 'Chrome' driver

2020-01-13 12:49:34 - [MESSAGE][INFO] - User set preference: ['args', '[--start-maximized, --disable-web-security, --no-proxy-server]']

2020-01-13 12:49:34 - [MESSAGE][INFO] - User set preference: ['prefs', '{credentials_enable_service=false, profile.password_manager_enabled=false}']

2020-01-13 12:49:40 - [MESSAGE][PASSED] - Browser is opened with url: ''

2020-01-13 12:49:40 - [TEST_STEP][PASSED] - navigateToUrl("http://dqfn4clx0bazt.cloudfront.net/"): Navigate to 'http://dqfn4clx0bazt.cloudfront.net/' successfully

2020-01-13 12:49:43 - [MESSAGE][PASSED] - Navigate to 'http://dqfn4clx0bazt.cloudfront.net/' successfully

2020-01-13 12:49:43 - [TEST_STEP][PASSED] - setText(findTestObject("Login_Page/Page_/email address placeholder"), Email): Text 'email@domain.com (Joe Smith)' is set on object 'Object Repository/Login_Page/Page_/email address placeholder'

2020-01-13 12:49:44 - [MESSAGE][PASSED] - Text 'email@domain.com (Joe Smith)' is set on object 'Object Repository/Login_Page/Page_/email address placeholder'

2020-01-13 12:49:44 - [TEST_STEP][PASSED] - setText(findTestObject("Login_Page/Page_/Password placeholder"), Password): Text '123456789' is set on object 'Object Repository/Login_Page/Page_/Password placeholder'

2020-01-13 12:49:45 - [MESSAGE][PASSED] - Text '123456789' is set on object 'Object Repository/Login_Page/Page_/Password placeholder'

2020-01-13 12:49:45 - [TEST_STEP][PASSED] - click(findTestObject("Login_Page/Page_/Log In button")): Object: 'Object Repository/Login_Page/Page_/Log In button' is clicked on

2020-01-13 12:49:45 - [MESSAGE][PASSED] - Object: 'Object Repository/Login_Page/Page_/Log In button' is clicked on

2020-01-13 12:49:45 - [TEST_STEP][PASSED] - verifyElementPresent(findTestObject("Login_Page/Page_/Error Message-Invalid Email Format"), 30): Object 'Object Repository/Login_Page/Page_/Error Message-Invalid Email Format' is present

2020-01-13 12:49:46 - [MESSAGE][PASSED] - Object 'Object Repository/Login_Page/Page_/Error Message-Invalid Email Format' is present

2020-01-13 12:49:46 - [TEST_STEP][PASSED] - Start listener action : sampleAfterTestCase: null

2020-01-13 12:49:46 - [TEST_STEP][PASSED] - println(testCaseContext.getTestCaseId()): null

2020-01-13 12:49:46 - [TEST_STEP][PASSED] - println(testCaseContext.getTestCaseStatus()): null

2020-01-13 12:49:46 - [TEST_STEP][PASSED] - println("On Failure Method is Calling : " + testCaseContext.getTestCaseStatus()): null

2020-01-13 12:49:46 - [TEST_STEP][PASSED] - if (!(getTestCaseStatus().equalsIgnoreCase("PASSED"))): null]]></system-out>
         <system-err><![CDATA[]]></system-err>
      </testcase>
      <testcase name="Test Cases/Atlas Platform/Platform Navigation/Login/Validate_Email_address_text_field_for_Invalid_eID" time="15.792" classname="Test Cases/Atlas Platform/Platform Navigation/Login/Validate_Email_address_text_field_for_Invalid_eID" status="PASSED">
         <system-out><![CDATA[2020-01-13 12:49:48 - [TEST_CASE][PASSED] - Test Cases/Atlas Platform/Platform Navigation/Login/Validate_Email_address_text_field_for_Invalid_eID: Test Cases/Atlas Platform/Platform Navigation/Login/Validate_Email_address_text_field_for_Invalid_eID

2020-01-13 12:49:48 - [TEST_STEP][PASSED] - openBrowser(""): Browser is opened with url: ''

2020-01-13 12:49:48 - [MESSAGE][WARNING] - A browser is already opened. Closing browser and opening a new one

2020-01-13 12:49:49 - [MESSAGE][INFO] - Starting 'Chrome' driver

2020-01-13 12:49:49 - [MESSAGE][INFO] - User set preference: ['args', '[--start-maximized, --disable-web-security, --no-proxy-server]']

2020-01-13 12:49:49 - [MESSAGE][INFO] - User set preference: ['prefs', '{credentials_enable_service=false, profile.password_manager_enabled=false}']

2020-01-13 12:49:55 - [MESSAGE][PASSED] - Browser is opened with url: ''

2020-01-13 12:49:55 - [TEST_STEP][PASSED] - navigateToUrl("http://dqfn4clx0bazt.cloudfront.net/"): Navigate to 'http://dqfn4clx0bazt.cloudfront.net/' successfully

2020-01-13 12:49:59 - [MESSAGE][PASSED] - Navigate to 'http://dqfn4clx0bazt.cloudfront.net/' successfully

2020-01-13 12:49:59 - [TEST_STEP][PASSED] - setText(findTestObject("Login_Page/Page_/email address placeholder"), Email): Text 'email@domain' is set on object 'Object Repository/Login_Page/Page_/email address placeholder'

2020-01-13 12:50:00 - [MESSAGE][PASSED] - Text 'email@domain' is set on object 'Object Repository/Login_Page/Page_/email address placeholder'

2020-01-13 12:50:00 - [TEST_STEP][PASSED] - setText(findTestObject("Login_Page/Page_/Password placeholder"), Password): Text '123456789' is set on object 'Object Repository/Login_Page/Page_/Password placeholder'

2020-01-13 12:50:01 - [MESSAGE][PASSED] - Text '123456789' is set on object 'Object Repository/Login_Page/Page_/Password placeholder'

2020-01-13 12:50:01 - [TEST_STEP][PASSED] - click(findTestObject("Login_Page/Page_/Log In button")): Object: 'Object Repository/Login_Page/Page_/Log In button' is clicked on

2020-01-13 12:50:01 - [MESSAGE][PASSED] - Object: 'Object Repository/Login_Page/Page_/Log In button' is clicked on

2020-01-13 12:50:01 - [TEST_STEP][PASSED] - verifyElementPresent(findTestObject("Login_Page/Page_/Error Message-Invalid Email Format"), 30): Object 'Object Repository/Login_Page/Page_/Error Message-Invalid Email Format' is present

2020-01-13 12:50:02 - [MESSAGE][PASSED] - Object 'Object Repository/Login_Page/Page_/Error Message-Invalid Email Format' is present

2020-01-13 12:50:02 - [TEST_STEP][PASSED] - Start listener action : sampleAfterTestCase: null

2020-01-13 12:50:02 - [TEST_STEP][PASSED] - println(testCaseContext.getTestCaseId()): null

2020-01-13 12:50:02 - [TEST_STEP][PASSED] - println(testCaseContext.getTestCaseStatus()): null

2020-01-13 12:50:02 - [TEST_STEP][PASSED] - println("On Failure Method is Calling : " + testCaseContext.getTestCaseStatus()): null

2020-01-13 12:50:02 - [TEST_STEP][PASSED] - if (!(getTestCaseStatus().equalsIgnoreCase("PASSED"))): null]]></system-out>
         <system-err><![CDATA[]]></system-err>
      </testcase>
      <testcase name="Test Cases/Atlas Platform/Platform Navigation/Login/Validate_Email_address_text_field_for_Invalid_eID" time="58.055" classname="Test Cases/Atlas Platform/Platform Navigation/Login/Validate_Email_address_text_field_for_Invalid_eID" status="PASSED">
         <system-out><![CDATA[2020-01-13 12:50:04 - [TEST_CASE][PASSED] - Test Cases/Atlas Platform/Platform Navigation/Login/Validate_Email_address_text_field_for_Invalid_eID: Test Cases/Atlas Platform/Platform Navigation/Login/Validate_Email_address_text_field_for_Invalid_eID

2020-01-13 12:50:04 - [TEST_STEP][PASSED] - openBrowser(""): Browser is opened with url: ''

2020-01-13 12:50:04 - [MESSAGE][WARNING] - A browser is already opened. Closing browser and opening a new one

2020-01-13 12:50:05 - [MESSAGE][INFO] - Starting 'Chrome' driver

2020-01-13 12:50:05 - [MESSAGE][INFO] - User set preference: ['args', '[--start-maximized, --disable-web-security, --no-proxy-server]']

2020-01-13 12:50:05 - [MESSAGE][INFO] - User set preference: ['prefs', '{credentials_enable_service=false, profile.password_manager_enabled=false}']

2020-01-13 12:50:11 - [MESSAGE][PASSED] - Browser is opened with url: ''

2020-01-13 12:50:11 - [TEST_STEP][PASSED] - navigateToUrl("http://dqfn4clx0bazt.cloudfront.net/"): Navigate to 'http://dqfn4clx0bazt.cloudfront.net/' successfully

2020-01-13 12:50:17 - [MESSAGE][PASSED] - Navigate to 'http://dqfn4clx0bazt.cloudfront.net/' successfully

2020-01-13 12:50:17 - [TEST_STEP][PASSED] - setText(findTestObject("Login_Page/Page_/email address placeholder"), Email): Text 'email@-domain.com' is set on object 'Object Repository/Login_Page/Page_/email address placeholder'

2020-01-13 12:50:18 - [MESSAGE][PASSED] - Text 'email@-domain.com' is set on object 'Object Repository/Login_Page/Page_/email address placeholder'

2020-01-13 12:50:18 - [TEST_STEP][PASSED] - setText(findTestObject("Login_Page/Page_/Password placeholder"), Password): Text '123456789' is set on object 'Object Repository/Login_Page/Page_/Password placeholder'

2020-01-13 12:50:19 - [MESSAGE][PASSED] - Text '123456789' is set on object 'Object Repository/Login_Page/Page_/Password placeholder'

2020-01-13 12:50:19 - [TEST_STEP][PASSED] - click(findTestObject("Login_Page/Page_/Log In button")): Object: 'Object Repository/Login_Page/Page_/Log In button' is clicked on

2020-01-13 12:50:20 - [MESSAGE][PASSED] - Object: 'Object Repository/Login_Page/Page_/Log In button' is clicked on

2020-01-13 12:50:20 - [TEST_STEP][PASSED] - verifyElementPresent(findTestObject("Login_Page/Page_/Error Message-Invalid Email Format"), 30): Unable to find the element located by 'By.xpath: //span[text()='Invalid Email Format']'. Please recheck the objects properties to make sure the desired element is located. 

2020-01-13 12:51:00 - [MESSAGE][INFO] - Unable to find the element located by 'By.xpath: //span[text()='Invalid Email Format']'. Please recheck the objects properties to make sure the desired element is located. 

2020-01-13 12:51:00 - [TEST_STEP][PASSED] - Start listener action : sampleAfterTestCase: null

2020-01-13 12:51:00 - [TEST_STEP][PASSED] - println(testCaseContext.getTestCaseId()): null

2020-01-13 12:51:00 - [TEST_STEP][PASSED] - println(testCaseContext.getTestCaseStatus()): null

2020-01-13 12:51:00 - [TEST_STEP][PASSED] - println("On Failure Method is Calling : " + testCaseContext.getTestCaseStatus()): null

2020-01-13 12:51:00 - [TEST_STEP][PASSED] - if (!(getTestCaseStatus().equalsIgnoreCase("PASSED"))): null]]></system-out>
         <system-err><![CDATA[]]></system-err>
      </testcase>
      <testcase name="Test Cases/Atlas Platform/Platform Navigation/Login/Validate_Email_address_text_field_for_Invalid_eID" time="60.563" classname="Test Cases/Atlas Platform/Platform Navigation/Login/Validate_Email_address_text_field_for_Invalid_eID" status="PASSED">
         <system-out><![CDATA[2020-01-13 12:51:02 - [TEST_CASE][PASSED] - Test Cases/Atlas Platform/Platform Navigation/Login/Validate_Email_address_text_field_for_Invalid_eID: Test Cases/Atlas Platform/Platform Navigation/Login/Validate_Email_address_text_field_for_Invalid_eID

2020-01-13 12:51:02 - [TEST_STEP][PASSED] - openBrowser(""): Browser is opened with url: ''

2020-01-13 12:51:02 - [MESSAGE][WARNING] - A browser is already opened. Closing browser and opening a new one

2020-01-13 12:51:03 - [MESSAGE][INFO] - Starting 'Chrome' driver

2020-01-13 12:51:03 - [MESSAGE][INFO] - User set preference: ['args', '[--start-maximized, --disable-web-security, --no-proxy-server]']

2020-01-13 12:51:03 - [MESSAGE][INFO] - User set preference: ['prefs', '{credentials_enable_service=false, profile.password_manager_enabled=false}']

2020-01-13 12:51:08 - [MESSAGE][PASSED] - Browser is opened with url: ''

2020-01-13 12:51:08 - [TEST_STEP][PASSED] - navigateToUrl("http://dqfn4clx0bazt.cloudfront.net/"): Navigate to 'http://dqfn4clx0bazt.cloudfront.net/' successfully

2020-01-13 12:51:13 - [MESSAGE][PASSED] - Navigate to 'http://dqfn4clx0bazt.cloudfront.net/' successfully

2020-01-13 12:51:13 - [TEST_STEP][PASSED] - setText(findTestObject("Login_Page/Page_/email address placeholder"), Email): Text 'email@domain.web' is set on object 'Object Repository/Login_Page/Page_/email address placeholder'

2020-01-13 12:51:14 - [MESSAGE][PASSED] - Text 'email@domain.web' is set on object 'Object Repository/Login_Page/Page_/email address placeholder'

2020-01-13 12:51:14 - [TEST_STEP][PASSED] - setText(findTestObject("Login_Page/Page_/Password placeholder"), Password): Text '123456789' is set on object 'Object Repository/Login_Page/Page_/Password placeholder'

2020-01-13 12:51:15 - [MESSAGE][PASSED] - Text '123456789' is set on object 'Object Repository/Login_Page/Page_/Password placeholder'

2020-01-13 12:51:15 - [TEST_STEP][PASSED] - click(findTestObject("Login_Page/Page_/Log In button")): Object: 'Object Repository/Login_Page/Page_/Log In button' is clicked on

2020-01-13 12:51:16 - [MESSAGE][PASSED] - Object: 'Object Repository/Login_Page/Page_/Log In button' is clicked on

2020-01-13 12:51:16 - [TEST_STEP][PASSED] - verifyElementPresent(findTestObject("Login_Page/Page_/Error Message-Invalid Email Format"), 30): Unable to find the element located by 'By.xpath: //span[text()='Invalid Email Format']'. Please recheck the objects properties to make sure the desired element is located. 

2020-01-13 12:52:01 - [MESSAGE][INFO] - Unable to find the element located by 'By.xpath: //span[text()='Invalid Email Format']'. Please recheck the objects properties to make sure the desired element is located. 

2020-01-13 12:52:01 - [TEST_STEP][PASSED] - Start listener action : sampleAfterTestCase: null

2020-01-13 12:52:01 - [TEST_STEP][PASSED] - println(testCaseContext.getTestCaseId()): null

2020-01-13 12:52:01 - [TEST_STEP][PASSED] - println(testCaseContext.getTestCaseStatus()): null

2020-01-13 12:52:01 - [TEST_STEP][PASSED] - println("On Failure Method is Calling : " + testCaseContext.getTestCaseStatus()): null

2020-01-13 12:52:01 - [TEST_STEP][PASSED] - if (!(getTestCaseStatus().equalsIgnoreCase("PASSED"))): null]]></system-out>
         <system-err><![CDATA[]]></system-err>
      </testcase>
      <testcase name="Test Cases/Atlas Platform/Platform Navigation/Login/Validate_Email_address_text_field_for_Invalid_eID" time="18.878" classname="Test Cases/Atlas Platform/Platform Navigation/Login/Validate_Email_address_text_field_for_Invalid_eID" status="PASSED">
         <system-out><![CDATA[2020-01-13 12:52:03 - [TEST_CASE][PASSED] - Test Cases/Atlas Platform/Platform Navigation/Login/Validate_Email_address_text_field_for_Invalid_eID: Test Cases/Atlas Platform/Platform Navigation/Login/Validate_Email_address_text_field_for_Invalid_eID

2020-01-13 12:52:03 - [TEST_STEP][PASSED] - openBrowser(""): Browser is opened with url: ''

2020-01-13 12:52:03 - [MESSAGE][WARNING] - A browser is already opened. Closing browser and opening a new one

2020-01-13 12:52:03 - [MESSAGE][INFO] - Starting 'Chrome' driver

2020-01-13 12:52:03 - [MESSAGE][INFO] - User set preference: ['args', '[--start-maximized, --disable-web-security, --no-proxy-server]']

2020-01-13 12:52:03 - [MESSAGE][INFO] - User set preference: ['prefs', '{credentials_enable_service=false, profile.password_manager_enabled=false}']

2020-01-13 12:52:09 - [MESSAGE][PASSED] - Browser is opened with url: ''

2020-01-13 12:52:09 - [TEST_STEP][PASSED] - navigateToUrl("http://dqfn4clx0bazt.cloudfront.net/"): Navigate to 'http://dqfn4clx0bazt.cloudfront.net/' successfully

2020-01-13 12:52:17 - [MESSAGE][PASSED] - Navigate to 'http://dqfn4clx0bazt.cloudfront.net/' successfully

2020-01-13 12:52:17 - [TEST_STEP][PASSED] - setText(findTestObject("Login_Page/Page_/email address placeholder"), Email): Text 'email@111.222.333.44444' is set on object 'Object Repository/Login_Page/Page_/email address placeholder'

2020-01-13 12:52:18 - [MESSAGE][PASSED] - Text 'email@111.222.333.44444' is set on object 'Object Repository/Login_Page/Page_/email address placeholder'

2020-01-13 12:52:18 - [TEST_STEP][PASSED] - setText(findTestObject("Login_Page/Page_/Password placeholder"), Password): Text '123456789' is set on object 'Object Repository/Login_Page/Page_/Password placeholder'

2020-01-13 12:52:18 - [MESSAGE][PASSED] - Text '123456789' is set on object 'Object Repository/Login_Page/Page_/Password placeholder'

2020-01-13 12:52:18 - [TEST_STEP][PASSED] - click(findTestObject("Login_Page/Page_/Log In button")): Object: 'Object Repository/Login_Page/Page_/Log In button' is clicked on

2020-01-13 12:52:19 - [MESSAGE][PASSED] - Object: 'Object Repository/Login_Page/Page_/Log In button' is clicked on

2020-01-13 12:52:19 - [TEST_STEP][PASSED] - verifyElementPresent(findTestObject("Login_Page/Page_/Error Message-Invalid Email Format"), 30): Object 'Object Repository/Login_Page/Page_/Error Message-Invalid Email Format' is present

2020-01-13 12:52:19 - [MESSAGE][PASSED] - Object 'Object Repository/Login_Page/Page_/Error Message-Invalid Email Format' is present

2020-01-13 12:52:19 - [TEST_STEP][PASSED] - Start listener action : sampleAfterTestCase: null

2020-01-13 12:52:19 - [TEST_STEP][PASSED] - println(testCaseContext.getTestCaseId()): null

2020-01-13 12:52:19 - [TEST_STEP][PASSED] - println(testCaseContext.getTestCaseStatus()): null

2020-01-13 12:52:19 - [TEST_STEP][PASSED] - println("On Failure Method is Calling : " + testCaseContext.getTestCaseStatus()): null

2020-01-13 12:52:19 - [TEST_STEP][PASSED] - if (!(getTestCaseStatus().equalsIgnoreCase("PASSED"))): null]]></system-out>
         <system-err><![CDATA[]]></system-err>
      </testcase>
      <testcase name="Test Cases/Atlas Platform/Platform Navigation/Login/Validate_Email_address_text_field_for_Invalid_eID" time="14.953" classname="Test Cases/Atlas Platform/Platform Navigation/Login/Validate_Email_address_text_field_for_Invalid_eID" status="PASSED">
         <system-out><![CDATA[2020-01-13 12:52:22 - [TEST_CASE][PASSED] - Test Cases/Atlas Platform/Platform Navigation/Login/Validate_Email_address_text_field_for_Invalid_eID: Test Cases/Atlas Platform/Platform Navigation/Login/Validate_Email_address_text_field_for_Invalid_eID

2020-01-13 12:52:22 - [TEST_STEP][PASSED] - openBrowser(""): Browser is opened with url: ''

2020-01-13 12:52:22 - [MESSAGE][WARNING] - A browser is already opened. Closing browser and opening a new one

2020-01-13 12:52:22 - [MESSAGE][INFO] - Starting 'Chrome' driver

2020-01-13 12:52:22 - [MESSAGE][INFO] - User set preference: ['args', '[--start-maximized, --disable-web-security, --no-proxy-server]']

2020-01-13 12:52:22 - [MESSAGE][INFO] - User set preference: ['prefs', '{credentials_enable_service=false, profile.password_manager_enabled=false}']

2020-01-13 12:52:28 - [MESSAGE][PASSED] - Browser is opened with url: ''

2020-01-13 12:52:28 - [TEST_STEP][PASSED] - navigateToUrl("http://dqfn4clx0bazt.cloudfront.net/"): Navigate to 'http://dqfn4clx0bazt.cloudfront.net/' successfully

2020-01-13 12:52:32 - [MESSAGE][PASSED] - Navigate to 'http://dqfn4clx0bazt.cloudfront.net/' successfully

2020-01-13 12:52:32 - [TEST_STEP][PASSED] - setText(findTestObject("Login_Page/Page_/email address placeholder"), Email): Text 'email@domain..com' is set on object 'Object Repository/Login_Page/Page_/email address placeholder'

2020-01-13 12:52:33 - [MESSAGE][PASSED] - Text 'email@domain..com' is set on object 'Object Repository/Login_Page/Page_/email address placeholder'

2020-01-13 12:52:33 - [TEST_STEP][PASSED] - setText(findTestObject("Login_Page/Page_/Password placeholder"), Password): Text '123456789' is set on object 'Object Repository/Login_Page/Page_/Password placeholder'

2020-01-13 12:52:33 - [MESSAGE][PASSED] - Text '123456789' is set on object 'Object Repository/Login_Page/Page_/Password placeholder'

2020-01-13 12:52:33 - [TEST_STEP][PASSED] - click(findTestObject("Login_Page/Page_/Log In button")): Object: 'Object Repository/Login_Page/Page_/Log In button' is clicked on

2020-01-13 12:52:34 - [MESSAGE][PASSED] - Object: 'Object Repository/Login_Page/Page_/Log In button' is clicked on

2020-01-13 12:52:34 - [TEST_STEP][PASSED] - verifyElementPresent(findTestObject("Login_Page/Page_/Error Message-Invalid Email Format"), 30): Object 'Object Repository/Login_Page/Page_/Error Message-Invalid Email Format' is present

2020-01-13 12:52:34 - [MESSAGE][PASSED] - Object 'Object Repository/Login_Page/Page_/Error Message-Invalid Email Format' is present

2020-01-13 12:52:34 - [TEST_STEP][PASSED] - Start listener action : sampleAfterTestCase: null

2020-01-13 12:52:34 - [TEST_STEP][PASSED] - println(testCaseContext.getTestCaseId()): null

2020-01-13 12:52:34 - [TEST_STEP][PASSED] - println(testCaseContext.getTestCaseStatus()): null

2020-01-13 12:52:34 - [TEST_STEP][PASSED] - println("On Failure Method is Calling : " + testCaseContext.getTestCaseStatus()): null

2020-01-13 12:52:34 - [TEST_STEP][PASSED] - if (!(getTestCaseStatus().equalsIgnoreCase("PASSED"))): null]]></system-out>
         <system-err><![CDATA[]]></system-err>
      </testcase>
      <testcase name="Test Cases/Atlas Platform/Platform Navigation/Login/Validate_Email_address_text_field_for_Invalid_eID" time="14.983" classname="Test Cases/Atlas Platform/Platform Navigation/Login/Validate_Email_address_text_field_for_Invalid_eID" status="PASSED">
         <system-out><![CDATA[2020-01-13 12:52:37 - [TEST_CASE][PASSED] - Test Cases/Atlas Platform/Platform Navigation/Login/Validate_Email_address_text_field_for_Invalid_eID: Test Cases/Atlas Platform/Platform Navigation/Login/Validate_Email_address_text_field_for_Invalid_eID

2020-01-13 12:52:37 - [TEST_STEP][PASSED] - openBrowser(""): Browser is opened with url: ''

2020-01-13 12:52:37 - [MESSAGE][WARNING] - A browser is already opened. Closing browser and opening a new one

2020-01-13 12:52:37 - [MESSAGE][INFO] - Starting 'Chrome' driver

2020-01-13 12:52:37 - [MESSAGE][INFO] - User set preference: ['args', '[--start-maximized, --disable-web-security, --no-proxy-server]']

2020-01-13 12:52:37 - [MESSAGE][INFO] - User set preference: ['prefs', '{credentials_enable_service=false, profile.password_manager_enabled=false}']

2020-01-13 12:52:43 - [MESSAGE][PASSED] - Browser is opened with url: ''

2020-01-13 12:52:43 - [TEST_STEP][PASSED] - navigateToUrl("http://dqfn4clx0bazt.cloudfront.net/"): Navigate to 'http://dqfn4clx0bazt.cloudfront.net/' successfully

2020-01-13 12:52:46 - [MESSAGE][PASSED] - Navigate to 'http://dqfn4clx0bazt.cloudfront.net/' successfully

2020-01-13 12:52:46 - [TEST_STEP][PASSED] - setText(findTestObject("Login_Page/Page_/email address placeholder"), Email): Text 'Abc..123@example.com' is set on object 'Object Repository/Login_Page/Page_/email address placeholder'

2020-01-13 12:52:48 - [MESSAGE][PASSED] - Text 'Abc..123@example.com' is set on object 'Object Repository/Login_Page/Page_/email address placeholder'

2020-01-13 12:52:48 - [TEST_STEP][PASSED] - setText(findTestObject("Login_Page/Page_/Password placeholder"), Password): Text '123456789' is set on object 'Object Repository/Login_Page/Page_/Password placeholder'

2020-01-13 12:52:48 - [MESSAGE][PASSED] - Text '123456789' is set on object 'Object Repository/Login_Page/Page_/Password placeholder'

2020-01-13 12:52:48 - [TEST_STEP][PASSED] - click(findTestObject("Login_Page/Page_/Log In button")): Object: 'Object Repository/Login_Page/Page_/Log In button' is clicked on

2020-01-13 12:52:49 - [MESSAGE][PASSED] - Object: 'Object Repository/Login_Page/Page_/Log In button' is clicked on

2020-01-13 12:52:49 - [TEST_STEP][PASSED] - verifyElementPresent(findTestObject("Login_Page/Page_/Error Message-Invalid Email Format"), 30): Object 'Object Repository/Login_Page/Page_/Error Message-Invalid Email Format' is present

2020-01-13 12:52:49 - [MESSAGE][PASSED] - Object 'Object Repository/Login_Page/Page_/Error Message-Invalid Email Format' is present

2020-01-13 12:52:49 - [TEST_STEP][PASSED] - Start listener action : sampleAfterTestCase: null

2020-01-13 12:52:49 - [TEST_STEP][PASSED] - println(testCaseContext.getTestCaseId()): null

2020-01-13 12:52:49 - [TEST_STEP][PASSED] - println(testCaseContext.getTestCaseStatus()): null

2020-01-13 12:52:49 - [TEST_STEP][PASSED] - println("On Failure Method is Calling : " + testCaseContext.getTestCaseStatus()): null

2020-01-13 12:52:49 - [TEST_STEP][PASSED] - if (!(getTestCaseStatus().equalsIgnoreCase("PASSED"))): null]]></system-out>
         <system-err><![CDATA[]]></system-err>
      </testcase>
      <testcase name="Test Cases/Atlas Platform/Platform Navigation/Login/Validate_Email_address_text_field_for_Invalid_eID" time="16.04" classname="Test Cases/Atlas Platform/Platform Navigation/Login/Validate_Email_address_text_field_for_Invalid_eID" status="PASSED">
         <system-out><![CDATA[2020-01-13 12:52:52 - [TEST_CASE][PASSED] - Test Cases/Atlas Platform/Platform Navigation/Login/Validate_Email_address_text_field_for_Invalid_eID: Test Cases/Atlas Platform/Platform Navigation/Login/Validate_Email_address_text_field_for_Invalid_eID

2020-01-13 12:52:52 - [TEST_STEP][PASSED] - openBrowser(""): Browser is opened with url: ''

2020-01-13 12:52:52 - [MESSAGE][WARNING] - A browser is already opened. Closing browser and opening a new one

2020-01-13 12:52:53 - [MESSAGE][INFO] - Starting 'Chrome' driver

2020-01-13 12:52:53 - [MESSAGE][INFO] - User set preference: ['args', '[--start-maximized, --disable-web-security, --no-proxy-server]']

2020-01-13 12:52:53 - [MESSAGE][INFO] - User set preference: ['prefs', '{credentials_enable_service=false, profile.password_manager_enabled=false}']

2020-01-13 12:52:58 - [MESSAGE][PASSED] - Browser is opened with url: ''

2020-01-13 12:52:58 - [TEST_STEP][PASSED] - navigateToUrl("http://dqfn4clx0bazt.cloudfront.net/"): Navigate to 'http://dqfn4clx0bazt.cloudfront.net/' successfully

2020-01-13 12:53:02 - [MESSAGE][PASSED] - Navigate to 'http://dqfn4clx0bazt.cloudfront.net/' successfully

2020-01-13 12:53:02 - [TEST_STEP][PASSED] - setText(findTestObject("Login_Page/Page_/email address placeholder"), Email): Text '”(),:;<>[\]@example.com' is set on object 'Object Repository/Login_Page/Page_/email address placeholder'

2020-01-13 12:53:03 - [MESSAGE][PASSED] - Text '”(),:;<>[\]@example.com' is set on object 'Object Repository/Login_Page/Page_/email address placeholder'

2020-01-13 12:53:03 - [TEST_STEP][PASSED] - setText(findTestObject("Login_Page/Page_/Password placeholder"), Password): Text '123456789' is set on object 'Object Repository/Login_Page/Page_/Password placeholder'

2020-01-13 12:53:04 - [MESSAGE][PASSED] - Text '123456789' is set on object 'Object Repository/Login_Page/Page_/Password placeholder'

2020-01-13 12:53:04 - [TEST_STEP][PASSED] - click(findTestObject("Login_Page/Page_/Log In button")): Object: 'Object Repository/Login_Page/Page_/Log In button' is clicked on

2020-01-13 12:53:05 - [MESSAGE][PASSED] - Object: 'Object Repository/Login_Page/Page_/Log In button' is clicked on

2020-01-13 12:53:05 - [TEST_STEP][PASSED] - verifyElementPresent(findTestObject("Login_Page/Page_/Error Message-Invalid Email Format"), 30): Object 'Object Repository/Login_Page/Page_/Error Message-Invalid Email Format' is present

2020-01-13 12:53:05 - [MESSAGE][PASSED] - Object 'Object Repository/Login_Page/Page_/Error Message-Invalid Email Format' is present

2020-01-13 12:53:05 - [TEST_STEP][PASSED] - Start listener action : sampleAfterTestCase: null

2020-01-13 12:53:05 - [TEST_STEP][PASSED] - println(testCaseContext.getTestCaseId()): null

2020-01-13 12:53:05 - [TEST_STEP][PASSED] - println(testCaseContext.getTestCaseStatus()): null

2020-01-13 12:53:05 - [TEST_STEP][PASSED] - println("On Failure Method is Calling : " + testCaseContext.getTestCaseStatus()): null

2020-01-13 12:53:05 - [TEST_STEP][PASSED] - if (!(getTestCaseStatus().equalsIgnoreCase("PASSED"))): null]]></system-out>
         <system-err><![CDATA[]]></system-err>
      </testcase>
      <testcase name="Test Cases/Atlas Platform/Platform Navigation/Login/Validate_Email_address_text_field_for_Invalid_eID" time="69.646" classname="Test Cases/Atlas Platform/Platform Navigation/Login/Validate_Email_address_text_field_for_Invalid_eID" status="PASSED">
         <system-out><![CDATA[2020-01-13 12:53:08 - [TEST_CASE][PASSED] - Test Cases/Atlas Platform/Platform Navigation/Login/Validate_Email_address_text_field_for_Invalid_eID: Test Cases/Atlas Platform/Platform Navigation/Login/Validate_Email_address_text_field_for_Invalid_eID

2020-01-13 12:53:08 - [TEST_STEP][PASSED] - openBrowser(""): Browser is opened with url: ''

2020-01-13 12:53:08 - [MESSAGE][WARNING] - A browser is already opened. Closing browser and opening a new one

2020-01-13 12:53:09 - [MESSAGE][INFO] - Starting 'Chrome' driver

2020-01-13 12:53:09 - [MESSAGE][INFO] - User set preference: ['args', '[--start-maximized, --disable-web-security, --no-proxy-server]']

2020-01-13 12:53:09 - [MESSAGE][INFO] - User set preference: ['prefs', '{credentials_enable_service=false, profile.password_manager_enabled=false}']

2020-01-13 12:53:15 - [MESSAGE][PASSED] - Browser is opened with url: ''

2020-01-13 12:53:15 - [TEST_STEP][PASSED] - navigateToUrl("http://dqfn4clx0bazt.cloudfront.net/"): Navigate to 'http://dqfn4clx0bazt.cloudfront.net/' successfully

2020-01-13 12:53:21 - [MESSAGE][PASSED] - Navigate to 'http://dqfn4clx0bazt.cloudfront.net/' successfully

2020-01-13 12:53:21 - [TEST_STEP][PASSED] - setText(findTestObject("Login_Page/Page_/email address placeholder"), Email): Text 'just”not”right@example.com' is set on object 'Object Repository/Login_Page/Page_/email address placeholder'

2020-01-13 12:53:24 - [MESSAGE][PASSED] - Text 'just”not”right@example.com' is set on object 'Object Repository/Login_Page/Page_/email address placeholder'

2020-01-13 12:53:24 - [TEST_STEP][PASSED] - setText(findTestObject("Login_Page/Page_/Password placeholder"), Password): Text '123456789' is set on object 'Object Repository/Login_Page/Page_/Password placeholder'

2020-01-13 12:53:25 - [MESSAGE][PASSED] - Text '123456789' is set on object 'Object Repository/Login_Page/Page_/Password placeholder'

2020-01-13 12:53:25 - [TEST_STEP][PASSED] - click(findTestObject("Login_Page/Page_/Log In button")): Object: 'Object Repository/Login_Page/Page_/Log In button' is clicked on

2020-01-13 12:53:25 - [MESSAGE][PASSED] - Object: 'Object Repository/Login_Page/Page_/Log In button' is clicked on

2020-01-13 12:53:25 - [TEST_STEP][PASSED] - verifyElementPresent(findTestObject("Login_Page/Page_/Error Message-Invalid Email Format"), 30): Unable to find the element located by 'By.xpath: //span[text()='Invalid Email Format']'. Please recheck the objects properties to make sure the desired element is located. 

2020-01-13 12:54:15 - [MESSAGE][INFO] - Unable to find the element located by 'By.xpath: //span[text()='Invalid Email Format']'. Please recheck the objects properties to make sure the desired element is located. 

2020-01-13 12:54:15 - [TEST_STEP][PASSED] - Start listener action : sampleAfterTestCase: null

2020-01-13 12:54:15 - [TEST_STEP][PASSED] - println(testCaseContext.getTestCaseId()): null

2020-01-13 12:54:15 - [TEST_STEP][PASSED] - println(testCaseContext.getTestCaseStatus()): null

2020-01-13 12:54:15 - [TEST_STEP][PASSED] - println("On Failure Method is Calling : " + testCaseContext.getTestCaseStatus()): null

2020-01-13 12:54:15 - [TEST_STEP][PASSED] - if (!(getTestCaseStatus().equalsIgnoreCase("PASSED"))): null]]></system-out>
         <system-err><![CDATA[]]></system-err>
      </testcase>
      <testcase name="Test Cases/Atlas Platform/Platform Navigation/Login/Validate_Email_address_text_field_for_Invalid_eID" time="21.933" classname="Test Cases/Atlas Platform/Platform Navigation/Login/Validate_Email_address_text_field_for_Invalid_eID" status="PASSED">
         <system-out><![CDATA[2020-01-13 12:54:17 - [TEST_CASE][PASSED] - Test Cases/Atlas Platform/Platform Navigation/Login/Validate_Email_address_text_field_for_Invalid_eID: Test Cases/Atlas Platform/Platform Navigation/Login/Validate_Email_address_text_field_for_Invalid_eID

2020-01-13 12:54:17 - [TEST_STEP][PASSED] - openBrowser(""): Browser is opened with url: ''

2020-01-13 12:54:17 - [MESSAGE][WARNING] - A browser is already opened. Closing browser and opening a new one

2020-01-13 12:54:19 - [MESSAGE][INFO] - Starting 'Chrome' driver

2020-01-13 12:54:19 - [MESSAGE][INFO] - User set preference: ['args', '[--start-maximized, --disable-web-security, --no-proxy-server]']

2020-01-13 12:54:19 - [MESSAGE][INFO] - User set preference: ['prefs', '{credentials_enable_service=false, profile.password_manager_enabled=false}']

2020-01-13 12:54:26 - [MESSAGE][PASSED] - Browser is opened with url: ''

2020-01-13 12:54:26 - [TEST_STEP][PASSED] - navigateToUrl("http://dqfn4clx0bazt.cloudfront.net/"): Navigate to 'http://dqfn4clx0bazt.cloudfront.net/' successfully

2020-01-13 12:54:32 - [MESSAGE][PASSED] - Navigate to 'http://dqfn4clx0bazt.cloudfront.net/' successfully

2020-01-13 12:54:32 - [TEST_STEP][PASSED] - setText(findTestObject("Login_Page/Page_/email address placeholder"), Email): Text 'this\ is"really"not\allowed@example.com' is set on object 'Object Repository/Login_Page/Page_/email address placeholder'

2020-01-13 12:54:34 - [MESSAGE][PASSED] - Text 'this\ is"really"not\allowed@example.com' is set on object 'Object Repository/Login_Page/Page_/email address placeholder'

2020-01-13 12:54:34 - [TEST_STEP][PASSED] - setText(findTestObject("Login_Page/Page_/Password placeholder"), Password): Text '123456789' is set on object 'Object Repository/Login_Page/Page_/Password placeholder'

2020-01-13 12:54:35 - [MESSAGE][PASSED] - Text '123456789' is set on object 'Object Repository/Login_Page/Page_/Password placeholder'

2020-01-13 12:54:35 - [TEST_STEP][PASSED] - click(findTestObject("Login_Page/Page_/Log In button")): Object: 'Object Repository/Login_Page/Page_/Log In button' is clicked on

2020-01-13 12:54:37 - [MESSAGE][PASSED] - Object: 'Object Repository/Login_Page/Page_/Log In button' is clicked on

2020-01-13 12:54:37 - [TEST_STEP][PASSED] - verifyElementPresent(findTestObject("Login_Page/Page_/Error Message-Invalid Email Format"), 30): Object 'Object Repository/Login_Page/Page_/Error Message-Invalid Email Format' is present

2020-01-13 12:54:37 - [MESSAGE][PASSED] - Object 'Object Repository/Login_Page/Page_/Error Message-Invalid Email Format' is present

2020-01-13 12:54:37 - [TEST_STEP][PASSED] - Start listener action : sampleAfterTestCase: null

2020-01-13 12:54:37 - [TEST_STEP][PASSED] - println(testCaseContext.getTestCaseId()): null

2020-01-13 12:54:37 - [TEST_STEP][PASSED] - println(testCaseContext.getTestCaseStatus()): null

2020-01-13 12:54:37 - [TEST_STEP][PASSED] - println("On Failure Method is Calling : " + testCaseContext.getTestCaseStatus()): null

2020-01-13 12:54:37 - [TEST_STEP][PASSED] - if (!(getTestCaseStatus().equalsIgnoreCase("PASSED"))): null]]></system-out>
         <system-err><![CDATA[]]></system-err>
      </testcase>
      <testcase name="Test Cases/Atlas Platform/Platform Navigation/Login/Validate_Password_text_field_for_Invalid_Password" time="65.729" classname="Test Cases/Atlas Platform/Platform Navigation/Login/Validate_Password_text_field_for_Invalid_Password" status="PASSED">
         <system-out><![CDATA[2020-01-13 12:54:39 - [TEST_CASE][PASSED] - Test Cases/Atlas Platform/Platform Navigation/Login/Validate_Password_text_field_for_Invalid_Password: Test Cases/Atlas Platform/Platform Navigation/Login/Validate_Password_text_field_for_Invalid_Password

2020-01-13 12:54:40 - [TEST_STEP][PASSED] - openBrowser(""): Browser is opened with url: ''

2020-01-13 12:54:40 - [MESSAGE][WARNING] - A browser is already opened. Closing browser and opening a new one

2020-01-13 12:54:42 - [MESSAGE][INFO] - Starting 'Chrome' driver

2020-01-13 12:54:42 - [MESSAGE][INFO] - User set preference: ['args', '[--start-maximized, --disable-web-security, --no-proxy-server]']

2020-01-13 12:54:42 - [MESSAGE][INFO] - User set preference: ['prefs', '{credentials_enable_service=false, profile.password_manager_enabled=false}']

2020-01-13 12:54:48 - [MESSAGE][PASSED] - Browser is opened with url: ''

2020-01-13 12:54:48 - [TEST_STEP][PASSED] - navigateToUrl("http://dqfn4clx0bazt.cloudfront.net/"): Navigate to 'http://dqfn4clx0bazt.cloudfront.net/' successfully

2020-01-13 12:54:53 - [MESSAGE][PASSED] - Navigate to 'http://dqfn4clx0bazt.cloudfront.net/' successfully

2020-01-13 12:54:53 - [TEST_STEP][PASSED] - setText(findTestObject("Login_Page/Page_/email address placeholder"), Email): Text 'amanda@toyota.com' is set on object 'Object Repository/Login_Page/Page_/email address placeholder'

2020-01-13 12:54:54 - [MESSAGE][PASSED] - Text 'amanda@toyota.com' is set on object 'Object Repository/Login_Page/Page_/email address placeholder'

2020-01-13 12:54:54 - [TEST_STEP][PASSED] - setText(findTestObject("Login_Page/Page_/Password placeholder"), Password): Text 'SANDBOX' is set on object 'Object Repository/Login_Page/Page_/Password placeholder'

2020-01-13 12:54:56 - [MESSAGE][PASSED] - Text 'SANDBOX' is set on object 'Object Repository/Login_Page/Page_/Password placeholder'

2020-01-13 12:54:56 - [TEST_STEP][PASSED] - click(findTestObject("Login_Page/Page_/Log In button")): Object: 'Object Repository/Login_Page/Page_/Log In button' is clicked on

2020-01-13 12:54:57 - [MESSAGE][PASSED] - Object: 'Object Repository/Login_Page/Page_/Log In button' is clicked on

2020-01-13 12:54:57 - [TEST_STEP][PASSED] - verifyElementPresent(findTestObject("Login_Page/Page_/Error Message_Password-Required field"), 30): Unable to find the element located by 'By.xpath: //span[text()='Required field']'. Please recheck the objects properties to make sure the desired element is located. 

2020-01-13 12:55:43 - [MESSAGE][INFO] - Unable to find the element located by 'By.xpath: //span[text()='Required field']'. Please recheck the objects properties to make sure the desired element is located. 

2020-01-13 12:55:43 - [TEST_STEP][PASSED] - Start listener action : sampleAfterTestCase: null

2020-01-13 12:55:43 - [TEST_STEP][PASSED] - println(testCaseContext.getTestCaseId()): null

2020-01-13 12:55:43 - [TEST_STEP][PASSED] - println(testCaseContext.getTestCaseStatus()): null

2020-01-13 12:55:43 - [TEST_STEP][PASSED] - println("On Failure Method is Calling : " + testCaseContext.getTestCaseStatus()): null

2020-01-13 12:55:43 - [TEST_STEP][PASSED] - if (!(getTestCaseStatus().equalsIgnoreCase("PASSED"))): null]]></system-out>
         <system-err><![CDATA[]]></system-err>
      </testcase>
      <testcase name="Test Cases/Atlas Platform/Platform Navigation/Login/Validate_Password_text_field_for_Invalid_Password" time="62.143" classname="Test Cases/Atlas Platform/Platform Navigation/Login/Validate_Password_text_field_for_Invalid_Password" status="PASSED">
         <system-out><![CDATA[2020-01-13 12:55:45 - [TEST_CASE][PASSED] - Test Cases/Atlas Platform/Platform Navigation/Login/Validate_Password_text_field_for_Invalid_Password: Test Cases/Atlas Platform/Platform Navigation/Login/Validate_Password_text_field_for_Invalid_Password

2020-01-13 12:55:45 - [TEST_STEP][PASSED] - openBrowser(""): Browser is opened with url: ''

2020-01-13 12:55:45 - [MESSAGE][WARNING] - A browser is already opened. Closing browser and opening a new one

2020-01-13 12:55:46 - [MESSAGE][INFO] - Starting 'Chrome' driver

2020-01-13 12:55:46 - [MESSAGE][INFO] - User set preference: ['args', '[--start-maximized, --disable-web-security, --no-proxy-server]']

2020-01-13 12:55:46 - [MESSAGE][INFO] - User set preference: ['prefs', '{credentials_enable_service=false, profile.password_manager_enabled=false}']

2020-01-13 12:55:52 - [MESSAGE][PASSED] - Browser is opened with url: ''

2020-01-13 12:55:52 - [TEST_STEP][PASSED] - navigateToUrl("http://dqfn4clx0bazt.cloudfront.net/"): Navigate to 'http://dqfn4clx0bazt.cloudfront.net/' successfully

2020-01-13 12:55:55 - [MESSAGE][PASSED] - Navigate to 'http://dqfn4clx0bazt.cloudfront.net/' successfully

2020-01-13 12:55:55 - [TEST_STEP][PASSED] - setText(findTestObject("Login_Page/Page_/email address placeholder"), Email): Text 'amanda@toyota.com' is set on object 'Object Repository/Login_Page/Page_/email address placeholder'

2020-01-13 12:55:57 - [MESSAGE][PASSED] - Text 'amanda@toyota.com' is set on object 'Object Repository/Login_Page/Page_/email address placeholder'

2020-01-13 12:55:57 - [TEST_STEP][PASSED] - setText(findTestObject("Login_Page/Page_/Password placeholder"), Password): Text 'SANDBOXES' is set on object 'Object Repository/Login_Page/Page_/Password placeholder'

2020-01-13 12:55:58 - [MESSAGE][PASSED] - Text 'SANDBOXES' is set on object 'Object Repository/Login_Page/Page_/Password placeholder'

2020-01-13 12:55:58 - [TEST_STEP][PASSED] - click(findTestObject("Login_Page/Page_/Log In button")): Object: 'Object Repository/Login_Page/Page_/Log In button' is clicked on

2020-01-13 12:55:59 - [MESSAGE][PASSED] - Object: 'Object Repository/Login_Page/Page_/Log In button' is clicked on

2020-01-13 12:55:59 - [TEST_STEP][PASSED] - verifyElementPresent(findTestObject("Login_Page/Page_/Error Message_Password-Required field"), 30): Unable to find the element located by 'By.xpath: //span[text()='Required field']'. Please recheck the objects properties to make sure the desired element is located. 

2020-01-13 12:56:45 - [MESSAGE][INFO] - Unable to find the element located by 'By.xpath: //span[text()='Required field']'. Please recheck the objects properties to make sure the desired element is located. 

2020-01-13 12:56:45 - [TEST_STEP][PASSED] - Start listener action : sampleAfterTestCase: null

2020-01-13 12:56:45 - [TEST_STEP][PASSED] - println(testCaseContext.getTestCaseId()): null

2020-01-13 12:56:45 - [TEST_STEP][PASSED] - println(testCaseContext.getTestCaseStatus()): null

2020-01-13 12:56:45 - [TEST_STEP][PASSED] - println("On Failure Method is Calling : " + testCaseContext.getTestCaseStatus()): null

2020-01-13 12:56:45 - [TEST_STEP][PASSED] - if (!(getTestCaseStatus().equalsIgnoreCase("PASSED"))): null]]></system-out>
         <system-err><![CDATA[]]></system-err>
      </testcase>
      <testcase name="Test Cases/Atlas Platform/Platform Navigation/Login/Validate_Password_text_field_for_Invalid_Password" time="63.507" classname="Test Cases/Atlas Platform/Platform Navigation/Login/Validate_Password_text_field_for_Invalid_Password" status="PASSED">
         <system-out><![CDATA[2020-01-13 12:56:47 - [TEST_CASE][PASSED] - Test Cases/Atlas Platform/Platform Navigation/Login/Validate_Password_text_field_for_Invalid_Password: Test Cases/Atlas Platform/Platform Navigation/Login/Validate_Password_text_field_for_Invalid_Password

2020-01-13 12:56:47 - [TEST_STEP][PASSED] - openBrowser(""): Browser is opened with url: ''

2020-01-13 12:56:47 - [MESSAGE][WARNING] - A browser is already opened. Closing browser and opening a new one

2020-01-13 12:56:48 - [MESSAGE][INFO] - Starting 'Chrome' driver

2020-01-13 12:56:48 - [MESSAGE][INFO] - User set preference: ['args', '[--start-maximized, --disable-web-security, --no-proxy-server]']

2020-01-13 12:56:48 - [MESSAGE][INFO] - User set preference: ['prefs', '{credentials_enable_service=false, profile.password_manager_enabled=false}']

2020-01-13 12:56:54 - [MESSAGE][PASSED] - Browser is opened with url: ''

2020-01-13 12:56:54 - [TEST_STEP][PASSED] - navigateToUrl("http://dqfn4clx0bazt.cloudfront.net/"): Navigate to 'http://dqfn4clx0bazt.cloudfront.net/' successfully

2020-01-13 12:56:59 - [MESSAGE][PASSED] - Navigate to 'http://dqfn4clx0bazt.cloudfront.net/' successfully

2020-01-13 12:56:59 - [TEST_STEP][PASSED] - setText(findTestObject("Login_Page/Page_/email address placeholder"), Email): Text 'amanda@toyota.com' is set on object 'Object Repository/Login_Page/Page_/email address placeholder'

2020-01-13 12:57:01 - [MESSAGE][PASSED] - Text 'amanda@toyota.com' is set on object 'Object Repository/Login_Page/Page_/email address placeholder'

2020-01-13 12:57:01 - [TEST_STEP][PASSED] - setText(findTestObject("Login_Page/Page_/Password placeholder"), Password): Text 'SANDbox' is set on object 'Object Repository/Login_Page/Page_/Password placeholder'

2020-01-13 12:57:02 - [MESSAGE][PASSED] - Text 'SANDbox' is set on object 'Object Repository/Login_Page/Page_/Password placeholder'

2020-01-13 12:57:02 - [TEST_STEP][PASSED] - click(findTestObject("Login_Page/Page_/Log In button")): Object: 'Object Repository/Login_Page/Page_/Log In button' is clicked on

2020-01-13 12:57:02 - [MESSAGE][PASSED] - Object: 'Object Repository/Login_Page/Page_/Log In button' is clicked on

2020-01-13 12:57:02 - [TEST_STEP][PASSED] - verifyElementPresent(findTestObject("Login_Page/Page_/Error Message_Password-Required field"), 30): Unable to find the element located by 'By.xpath: //span[text()='Required field']'. Please recheck the objects properties to make sure the desired element is located. 

2020-01-13 12:57:49 - [MESSAGE][INFO] - Unable to find the element located by 'By.xpath: //span[text()='Required field']'. Please recheck the objects properties to make sure the desired element is located. 

2020-01-13 12:57:49 - [TEST_STEP][PASSED] - Start listener action : sampleAfterTestCase: null

2020-01-13 12:57:49 - [TEST_STEP][PASSED] - println(testCaseContext.getTestCaseId()): null

2020-01-13 12:57:49 - [TEST_STEP][PASSED] - println(testCaseContext.getTestCaseStatus()): null

2020-01-13 12:57:49 - [TEST_STEP][PASSED] - println("On Failure Method is Calling : " + testCaseContext.getTestCaseStatus()): null

2020-01-13 12:57:49 - [TEST_STEP][PASSED] - if (!(getTestCaseStatus().equalsIgnoreCase("PASSED"))): null]]></system-out>
         <system-err><![CDATA[]]></system-err>
      </testcase>
      <testcase name="Test Cases/Atlas Platform/Platform Navigation/Login/Validate_Password_text_field_for_Invalid_Password" time="65.389" classname="Test Cases/Atlas Platform/Platform Navigation/Login/Validate_Password_text_field_for_Invalid_Password" status="PASSED">
         <system-out><![CDATA[2020-01-13 12:57:51 - [TEST_CASE][PASSED] - Test Cases/Atlas Platform/Platform Navigation/Login/Validate_Password_text_field_for_Invalid_Password: Test Cases/Atlas Platform/Platform Navigation/Login/Validate_Password_text_field_for_Invalid_Password

2020-01-13 12:57:51 - [TEST_STEP][PASSED] - openBrowser(""): Browser is opened with url: ''

2020-01-13 12:57:51 - [MESSAGE][WARNING] - A browser is already opened. Closing browser and opening a new one

2020-01-13 12:57:54 - [MESSAGE][INFO] - Starting 'Chrome' driver

2020-01-13 12:57:54 - [MESSAGE][INFO] - User set preference: ['args', '[--start-maximized, --disable-web-security, --no-proxy-server]']

2020-01-13 12:57:54 - [MESSAGE][INFO] - User set preference: ['prefs', '{credentials_enable_service=false, profile.password_manager_enabled=false}']

2020-01-13 12:58:00 - [MESSAGE][PASSED] - Browser is opened with url: ''

2020-01-13 12:58:00 - [TEST_STEP][PASSED] - navigateToUrl("http://dqfn4clx0bazt.cloudfront.net/"): Navigate to 'http://dqfn4clx0bazt.cloudfront.net/' successfully

2020-01-13 12:58:04 - [MESSAGE][PASSED] - Navigate to 'http://dqfn4clx0bazt.cloudfront.net/' successfully

2020-01-13 12:58:04 - [TEST_STEP][PASSED] - setText(findTestObject("Login_Page/Page_/email address placeholder"), Email): Text 'amanda@toyota.com' is set on object 'Object Repository/Login_Page/Page_/email address placeholder'

2020-01-13 12:58:07 - [MESSAGE][PASSED] - Text 'amanda@toyota.com' is set on object 'Object Repository/Login_Page/Page_/email address placeholder'

2020-01-13 12:58:07 - [TEST_STEP][PASSED] - setText(findTestObject("Login_Page/Page_/Password placeholder"), Password): Text 'SANDboxes' is set on object 'Object Repository/Login_Page/Page_/Password placeholder'

2020-01-13 12:58:08 - [MESSAGE][PASSED] - Text 'SANDboxes' is set on object 'Object Repository/Login_Page/Page_/Password placeholder'

2020-01-13 12:58:08 - [TEST_STEP][PASSED] - click(findTestObject("Login_Page/Page_/Log In button")): Object: 'Object Repository/Login_Page/Page_/Log In button' is clicked on

2020-01-13 12:58:08 - [MESSAGE][PASSED] - Object: 'Object Repository/Login_Page/Page_/Log In button' is clicked on

2020-01-13 12:58:08 - [TEST_STEP][PASSED] - verifyElementPresent(findTestObject("Login_Page/Page_/Error Message_Password-Required field"), 30): Unable to find the element located by 'By.xpath: //span[text()='Required field']'. Please recheck the objects properties to make sure the desired element is located. 

2020-01-13 12:58:54 - [MESSAGE][INFO] - Unable to find the element located by 'By.xpath: //span[text()='Required field']'. Please recheck the objects properties to make sure the desired element is located. 

2020-01-13 12:58:54 - [TEST_STEP][PASSED] - Start listener action : sampleAfterTestCase: null

2020-01-13 12:58:54 - [TEST_STEP][PASSED] - println(testCaseContext.getTestCaseId()): null

2020-01-13 12:58:54 - [TEST_STEP][PASSED] - println(testCaseContext.getTestCaseStatus()): null

2020-01-13 12:58:54 - [TEST_STEP][PASSED] - println("On Failure Method is Calling : " + testCaseContext.getTestCaseStatus()): null

2020-01-13 12:58:54 - [TEST_STEP][PASSED] - if (!(getTestCaseStatus().equalsIgnoreCase("PASSED"))): null]]></system-out>
         <system-err><![CDATA[]]></system-err>
      </testcase>
      <testcase name="Test Cases/Atlas Platform/Platform Navigation/Login/Validate_Password_text_field_for_Invalid_Password" time="60.895" classname="Test Cases/Atlas Platform/Platform Navigation/Login/Validate_Password_text_field_for_Invalid_Password" status="PASSED">
         <system-out><![CDATA[2020-01-13 12:58:56 - [TEST_CASE][PASSED] - Test Cases/Atlas Platform/Platform Navigation/Login/Validate_Password_text_field_for_Invalid_Password: Test Cases/Atlas Platform/Platform Navigation/Login/Validate_Password_text_field_for_Invalid_Password

2020-01-13 12:58:56 - [TEST_STEP][PASSED] - openBrowser(""): Browser is opened with url: ''

2020-01-13 12:58:56 - [MESSAGE][WARNING] - A browser is already opened. Closing browser and opening a new one

2020-01-13 12:58:57 - [MESSAGE][INFO] - Starting 'Chrome' driver

2020-01-13 12:58:57 - [MESSAGE][INFO] - User set preference: ['args', '[--start-maximized, --disable-web-security, --no-proxy-server]']

2020-01-13 12:58:57 - [MESSAGE][INFO] - User set preference: ['prefs', '{credentials_enable_service=false, profile.password_manager_enabled=false}']

2020-01-13 12:59:03 - [MESSAGE][PASSED] - Browser is opened with url: ''

2020-01-13 12:59:03 - [TEST_STEP][PASSED] - navigateToUrl("http://dqfn4clx0bazt.cloudfront.net/"): Navigate to 'http://dqfn4clx0bazt.cloudfront.net/' successfully

2020-01-13 12:59:07 - [MESSAGE][PASSED] - Navigate to 'http://dqfn4clx0bazt.cloudfront.net/' successfully

2020-01-13 12:59:07 - [TEST_STEP][PASSED] - setText(findTestObject("Login_Page/Page_/email address placeholder"), Email): Text 'amanda@toyota.com' is set on object 'Object Repository/Login_Page/Page_/email address placeholder'

2020-01-13 12:59:08 - [MESSAGE][PASSED] - Text 'amanda@toyota.com' is set on object 'Object Repository/Login_Page/Page_/email address placeholder'

2020-01-13 12:59:08 - [TEST_STEP][PASSED] - setText(findTestObject("Login_Page/Page_/Password placeholder"), Password): Text 'SAND123' is set on object 'Object Repository/Login_Page/Page_/Password placeholder'

2020-01-13 12:59:09 - [MESSAGE][PASSED] - Text 'SAND123' is set on object 'Object Repository/Login_Page/Page_/Password placeholder'

2020-01-13 12:59:09 - [TEST_STEP][PASSED] - click(findTestObject("Login_Page/Page_/Log In button")): Object: 'Object Repository/Login_Page/Page_/Log In button' is clicked on

2020-01-13 12:59:09 - [MESSAGE][PASSED] - Object: 'Object Repository/Login_Page/Page_/Log In button' is clicked on

2020-01-13 12:59:09 - [TEST_STEP][PASSED] - verifyElementPresent(findTestObject("Login_Page/Page_/Error Message_Password-Required field"), 30): Unable to find the element located by 'By.xpath: //span[text()='Required field']'. Please recheck the objects properties to make sure the desired element is located. 

2020-01-13 12:59:55 - [MESSAGE][INFO] - Unable to find the element located by 'By.xpath: //span[text()='Required field']'. Please recheck the objects properties to make sure the desired element is located. 

2020-01-13 12:59:55 - [TEST_STEP][PASSED] - Start listener action : sampleAfterTestCase: null

2020-01-13 12:59:55 - [TEST_STEP][PASSED] - println(testCaseContext.getTestCaseId()): null

2020-01-13 12:59:55 - [TEST_STEP][PASSED] - println(testCaseContext.getTestCaseStatus()): null

2020-01-13 12:59:55 - [TEST_STEP][PASSED] - println("On Failure Method is Calling : " + testCaseContext.getTestCaseStatus()): null

2020-01-13 12:59:55 - [TEST_STEP][PASSED] - if (!(getTestCaseStatus().equalsIgnoreCase("PASSED"))): null]]></system-out>
         <system-err><![CDATA[]]></system-err>
      </testcase>
      <testcase name="Test Cases/Atlas Platform/Platform Navigation/Login/Validate_Password_text_field_for_Invalid_Password" time="62.897" classname="Test Cases/Atlas Platform/Platform Navigation/Login/Validate_Password_text_field_for_Invalid_Password" status="PASSED">
         <system-out><![CDATA[2020-01-13 12:59:57 - [TEST_CASE][PASSED] - Test Cases/Atlas Platform/Platform Navigation/Login/Validate_Password_text_field_for_Invalid_Password: Test Cases/Atlas Platform/Platform Navigation/Login/Validate_Password_text_field_for_Invalid_Password

2020-01-13 12:59:57 - [TEST_STEP][PASSED] - openBrowser(""): Browser is opened with url: ''

2020-01-13 12:59:57 - [MESSAGE][WARNING] - A browser is already opened. Closing browser and opening a new one

2020-01-13 12:59:58 - [MESSAGE][INFO] - Starting 'Chrome' driver

2020-01-13 12:59:58 - [MESSAGE][INFO] - User set preference: ['args', '[--start-maximized, --disable-web-security, --no-proxy-server]']

2020-01-13 12:59:58 - [MESSAGE][INFO] - User set preference: ['prefs', '{credentials_enable_service=false, profile.password_manager_enabled=false}']

2020-01-13 13:00:04 - [MESSAGE][PASSED] - Browser is opened with url: ''

2020-01-13 13:00:04 - [TEST_STEP][PASSED] - navigateToUrl("http://dqfn4clx0bazt.cloudfront.net/"): Navigate to 'http://dqfn4clx0bazt.cloudfront.net/' successfully

2020-01-13 13:00:08 - [MESSAGE][PASSED] - Navigate to 'http://dqfn4clx0bazt.cloudfront.net/' successfully

2020-01-13 13:00:08 - [TEST_STEP][PASSED] - setText(findTestObject("Login_Page/Page_/email address placeholder"), Email): Text 'amanda@toyota.com' is set on object 'Object Repository/Login_Page/Page_/email address placeholder'

2020-01-13 13:00:10 - [MESSAGE][PASSED] - Text 'amanda@toyota.com' is set on object 'Object Repository/Login_Page/Page_/email address placeholder'

2020-01-13 13:00:10 - [TEST_STEP][PASSED] - setText(findTestObject("Login_Page/Page_/Password placeholder"), Password): Text 'SAND12345' is set on object 'Object Repository/Login_Page/Page_/Password placeholder'

2020-01-13 13:00:11 - [MESSAGE][PASSED] - Text 'SAND12345' is set on object 'Object Repository/Login_Page/Page_/Password placeholder'

2020-01-13 13:00:11 - [TEST_STEP][PASSED] - click(findTestObject("Login_Page/Page_/Log In button")): Object: 'Object Repository/Login_Page/Page_/Log In button' is clicked on

2020-01-13 13:00:12 - [MESSAGE][PASSED] - Object: 'Object Repository/Login_Page/Page_/Log In button' is clicked on

2020-01-13 13:00:12 - [TEST_STEP][PASSED] - verifyElementPresent(findTestObject("Login_Page/Page_/Error Message_Password-Required field"), 30): Unable to find the element located by 'By.xpath: //span[text()='Required field']'. Please recheck the objects properties to make sure the desired element is located. 

2020-01-13 13:00:58 - [MESSAGE][INFO] - Unable to find the element located by 'By.xpath: //span[text()='Required field']'. Please recheck the objects properties to make sure the desired element is located. 

2020-01-13 13:00:58 - [TEST_STEP][PASSED] - Start listener action : sampleAfterTestCase: null

2020-01-13 13:00:58 - [TEST_STEP][PASSED] - println(testCaseContext.getTestCaseId()): null

2020-01-13 13:00:58 - [TEST_STEP][PASSED] - println(testCaseContext.getTestCaseStatus()): null

2020-01-13 13:00:58 - [TEST_STEP][PASSED] - println("On Failure Method is Calling : " + testCaseContext.getTestCaseStatus()): null

2020-01-13 13:00:58 - [TEST_STEP][PASSED] - if (!(getTestCaseStatus().equalsIgnoreCase("PASSED"))): null]]></system-out>
         <system-err><![CDATA[]]></system-err>
      </testcase>
      <testcase name="Test Cases/Atlas Platform/Platform Navigation/Login/Validate_Password_text_field_for_Invalid_Password" time="1119.606" classname="Test Cases/Atlas Platform/Platform Navigation/Login/Validate_Password_text_field_for_Invalid_Password" status="FAILED">
         <failure type="FAILED" message="Test Cases/Atlas Platform/Platform Navigation/Login/Validate_Password_text_field_for_Invalid_Password FAILED.
Reason:
com.kms.katalon.core.exception.StepFailedException: Unable to set text 'amanda@toyota.com' of object 'Object Repository/Login_Page/Page_/email address placeholder' (Root cause: com.kms.katalon.core.exception.StepFailedException: Unable to set text 'amanda@toyota.com' of object 'Object Repository/Login_Page/Page_/email address placeholder'
	at com.kms.katalon.core.webui.keyword.internal.WebUIKeywordMain.stepFailed(WebUIKeywordMain.groovy:64)
	at com.kms.katalon.core.webui.keyword.internal.WebUIKeywordMain.runKeyword(WebUIKeywordMain.groovy:26)
	at com.kms.katalon.core.webui.keyword.builtin.SetTextKeyword.setText(SetTextKeyword.groovy:66)
	at com.kms.katalon.core.webui.keyword.builtin.SetTextKeyword.execute(SetTextKeyword.groovy:37)
	at com.kms.katalon.core.keyword.internal.KeywordExecutor.executeKeywordForPlatform(KeywordExecutor.groovy:60)
	at com.kms.katalon.core.webui.keyword.WebUiBuiltInKeywords.setText(WebUiBuiltInKeywords.groovy:950)
	at com.kms.katalon.core.webui.keyword.WebUiBuiltInKeywords$setText$1.call(Unknown Source)
	at Validate_Password_text_field_for_Invalid_Password.run(Validate_Password_text_field_for_Invalid_Password:23)
	at com.kms.katalon.core.main.ScriptEngine.run(ScriptEngine.java:194)
	at com.kms.katalon.core.main.ScriptEngine.runScriptAsRawText(ScriptEngine.java:119)
	at com.kms.katalon.core.main.TestCaseExecutor.runScript(TestCaseExecutor.java:337)
	at com.kms.katalon.core.main.TestCaseExecutor.doExecute(TestCaseExecutor.java:328)
	at com.kms.katalon.core.main.TestCaseExecutor.processExecutionPhase(TestCaseExecutor.java:307)
	at com.kms.katalon.core.main.TestCaseExecutor.accessMainPhase(TestCaseExecutor.java:299)
	at com.kms.katalon.core.main.TestCaseExecutor.execute(TestCaseExecutor.java:233)
	at com.kms.katalon.core.main.TestSuiteExecutor.accessTestCaseMainPhase(TestSuiteExecutor.java:169)
	at com.kms.katalon.core.main.TestSuiteExecutor.accessTestSuiteMainPhase(TestSuiteExecutor.java:142)
	at com.kms.katalon.core.main.TestSuiteExecutor.execute(TestSuiteExecutor.java:91)
	at com.kms.katalon.core.main.TestCaseMain.startTestSuite(TestCaseMain.java:157)
	at com.kms.katalon.core.main.TestCaseMain$startTestSuite$0.call(Unknown Source)
	at TempTestSuite1578899438989.run(TempTestSuite1578899438989.groovy:36)
Caused by: com.kms.katalon.core.webui.exception.WebElementNotFoundException: Web element with id: 'Object Repository/Login_Page/Page_/email address placeholder' located by 'By.xpath: (.//*[normalize-space(text()) and normalize-space(.)='Email Address'])[1]/following::input[1]' not found
	at com.kms.katalon.core.webui.common.WebUiCommonHelper.findWebElement(WebUiCommonHelper.java:1113)
	at com.kms.katalon.core.webui.keyword.internal.WebUIAbstractKeyword.findWebElement(WebUIAbstractKeyword.groovy:27)
	at com.kms.katalon.core.webui.keyword.internal.WebUIAbstractKeyword.findWebElement(WebUIAbstractKeyword.groovy:26)
	at com.kms.katalon.core.webui.keyword.builtin.SetTextKeyword$_setText_closure1.doCall(SetTextKeyword.groovy:51)
	at com.kms.katalon.core.webui.keyword.builtin.SetTextKeyword$_setText_closure1.call(SetTextKeyword.groovy)
	at com.kms.katalon.core.webui.keyword.internal.WebUIKeywordMain.runKeyword(WebUIKeywordMain.groovy:20)
	at com.kms.katalon.core.webui.keyword.builtin.SetTextKeyword.setText(SetTextKeyword.groovy:66)
	at com.kms.katalon.core.webui.keyword.builtin.SetTextKeyword.execute(SetTextKeyword.groovy:37)
	at com.kms.katalon.core.keyword.internal.KeywordExecutor.executeKeywordForPlatform(KeywordExecutor.groovy:60)
	at com.kms.katalon.core.webui.keyword.WebUiBuiltInKeywords.setText(WebUiBuiltInKeywords.groovy:950)
	at com.kms.katalon.core.webui.keyword.WebUiBuiltInKeywords$setText$1.call(Unknown Source)
	at Script1578651678849.run(Script1578651678849.groovy:23)
	... 13 more
)
	at com.kms.katalon.core.keyword.internal.KeywordMain.stepFailed(KeywordMain.groovy:39)
	at com.kms.katalon.core.webui.keyword.internal.WebUIKeywordMain.stepFailed(WebUIKeywordMain.groovy:64)
	at com.kms.katalon.core.webui.keyword.internal.WebUIKeywordMain.runKeyword(WebUIKeywordMain.groovy:26)
	at com.kms.katalon.core.webui.keyword.builtin.SetTextKeyword.setText(SetTextKeyword.groovy:66)
	at com.kms.katalon.core.webui.keyword.builtin.SetTextKeyword.execute(SetTextKeyword.groovy:37)
	at com.kms.katalon.core.keyword.internal.KeywordExecutor.executeKeywordForPlatform(KeywordExecutor.groovy:60)
	at com.kms.katalon.core.webui.keyword.WebUiBuiltInKeywords.setText(WebUiBuiltInKeywords.groovy:950)
	at com.kms.katalon.core.webui.keyword.WebUiBuiltInKeywords$setText$1.call(Unknown Source)
	at Validate_Password_text_field_for_Invalid_Password.run(Validate_Password_text_field_for_Invalid_Password:23)
	at com.kms.katalon.core.main.ScriptEngine.run(ScriptEngine.java:194)
	at com.kms.katalon.core.main.ScriptEngine.runScriptAsRawText(ScriptEngine.java:119)
	at com.kms.katalon.core.main.TestCaseExecutor.runScript(TestCaseExecutor.java:337)
	at com.kms.katalon.core.main.TestCaseExecutor.doExecute(TestCaseExecutor.java:328)
	at com.kms.katalon.core.main.TestCaseExecutor.processExecutionPhase(TestCaseExecutor.java:307)
	at com.kms.katalon.core.main.TestCaseExecutor.accessMainPhase(TestCaseExecutor.java:299)
	at com.kms.katalon.core.main.TestCaseExecutor.execute(TestCaseExecutor.java:233)
	at com.kms.katalon.core.main.TestSuiteExecutor.accessTestCaseMainPhase(TestSuiteExecutor.java:169)
	at com.kms.katalon.core.main.TestSuiteExecutor.accessTestSuiteMainPhase(TestSuiteExecutor.java:142)
	at com.kms.katalon.core.main.TestSuiteExecutor.execute(TestSuiteExecutor.java:91)
	at com.kms.katalon.core.main.TestCaseMain.startTestSuite(TestCaseMain.java:157)
	at com.kms.katalon.core.main.TestCaseMain$startTestSuite$0.call(Unknown Source)
	at TempTestSuite1578899438989.run(TempTestSuite1578899438989.groovy:36)
Caused by: com.kms.katalon.core.exception.StepFailedException: Unable to set text 'amanda@toyota.com' of object 'Object Repository/Login_Page/Page_/email address placeholder'
	... 21 more
Caused by: com.kms.katalon.core.webui.exception.WebElementNotFoundException: Web element with id: 'Object Repository/Login_Page/Page_/email address placeholder' located by 'By.xpath: (.//*[normalize-space(text()) and normalize-space(.)='Email Address'])[1]/following::input[1]' not found
	at com.kms.katalon.core.webui.common.WebUiCommonHelper.findWebElement(WebUiCommonHelper.java:1113)
	at com.kms.katalon.core.webui.keyword.internal.WebUIAbstractKeyword.findWebElement(WebUIAbstractKeyword.groovy:27)
	at com.kms.katalon.core.webui.keyword.internal.WebUIAbstractKeyword.findWebElement(WebUIAbstractKeyword.groovy:26)
	at com.kms.katalon.core.webui.keyword.builtin.SetTextKeyword$_setText_closure1.doCall(SetTextKeyword.groovy:51)
	at com.kms.katalon.core.webui.keyword.builtin.SetTextKeyword$_setText_closure1.call(SetTextKeyword.groovy)
	at com.kms.katalon.core.webui.keyword.internal.WebUIKeywordMain.runKeyword(WebUIKeywordMain.groovy:20)
	... 19 more
"/>
         <system-out><![CDATA[2020-01-13 13:01:00 - [TEST_CASE][FAILED] - Test Cases/Atlas Platform/Platform Navigation/Login/Validate_Password_text_field_for_Invalid_Password: Test Cases/Atlas Platform/Platform Navigation/Login/Validate_Password_text_field_for_Invalid_Password FAILED.
Reason:
com.kms.katalon.core.exception.StepFailedException: Unable to set text 'amanda@toyota.com' of object 'Object Repository/Login_Page/Page_/email address placeholder' (Root cause: com.kms.katalon.core.exception.StepFailedException: Unable to set text 'amanda@toyota.com' of object 'Object Repository/Login_Page/Page_/email address placeholder'
	at com.kms.katalon.core.webui.keyword.internal.WebUIKeywordMain.stepFailed(WebUIKeywordMain.groovy:64)
	at com.kms.katalon.core.webui.keyword.internal.WebUIKeywordMain.runKeyword(WebUIKeywordMain.groovy:26)
	at com.kms.katalon.core.webui.keyword.builtin.SetTextKeyword.setText(SetTextKeyword.groovy:66)
	at com.kms.katalon.core.webui.keyword.builtin.SetTextKeyword.execute(SetTextKeyword.groovy:37)
	at com.kms.katalon.core.keyword.internal.KeywordExecutor.executeKeywordForPlatform(KeywordExecutor.groovy:60)
	at com.kms.katalon.core.webui.keyword.WebUiBuiltInKeywords.setText(WebUiBuiltInKeywords.groovy:950)
	at com.kms.katalon.core.webui.keyword.WebUiBuiltInKeywords$setText$1.call(Unknown Source)
	at Validate_Password_text_field_for_Invalid_Password.run(Validate_Password_text_field_for_Invalid_Password:23)
	at com.kms.katalon.core.main.ScriptEngine.run(ScriptEngine.java:194)
	at com.kms.katalon.core.main.ScriptEngine.runScriptAsRawText(ScriptEngine.java:119)
	at com.kms.katalon.core.main.TestCaseExecutor.runScript(TestCaseExecutor.java:337)
	at com.kms.katalon.core.main.TestCaseExecutor.doExecute(TestCaseExecutor.java:328)
	at com.kms.katalon.core.main.TestCaseExecutor.processExecutionPhase(TestCaseExecutor.java:307)
	at com.kms.katalon.core.main.TestCaseExecutor.accessMainPhase(TestCaseExecutor.java:299)
	at com.kms.katalon.core.main.TestCaseExecutor.execute(TestCaseExecutor.java:233)
	at com.kms.katalon.core.main.TestSuiteExecutor.accessTestCaseMainPhase(TestSuiteExecutor.java:169)
	at com.kms.katalon.core.main.TestSuiteExecutor.accessTestSuiteMainPhase(TestSuiteExecutor.java:142)
	at com.kms.katalon.core.main.TestSuiteExecutor.execute(TestSuiteExecutor.java:91)
	at com.kms.katalon.core.main.TestCaseMain.startTestSuite(TestCaseMain.java:157)
	at com.kms.katalon.core.main.TestCaseMain$startTestSuite$0.call(Unknown Source)
	at TempTestSuite1578899438989.run(TempTestSuite1578899438989.groovy:36)
Caused by: com.kms.katalon.core.webui.exception.WebElementNotFoundException: Web element with id: 'Object Repository/Login_Page/Page_/email address placeholder' located by 'By.xpath: (.//*[normalize-space(text()) and normalize-space(.)='Email Address'])[1]/following::input[1]' not found
	at com.kms.katalon.core.webui.common.WebUiCommonHelper.findWebElement(WebUiCommonHelper.java:1113)
	at com.kms.katalon.core.webui.keyword.internal.WebUIAbstractKeyword.findWebElement(WebUIAbstractKeyword.groovy:27)
	at com.kms.katalon.core.webui.keyword.internal.WebUIAbstractKeyword.findWebElement(WebUIAbstractKeyword.groovy:26)
	at com.kms.katalon.core.webui.keyword.builtin.SetTextKeyword$_setText_closure1.doCall(SetTextKeyword.groovy:51)
	at com.kms.katalon.core.webui.keyword.builtin.SetTextKeyword$_setText_closure1.call(SetTextKeyword.groovy)
	at com.kms.katalon.core.webui.keyword.internal.WebUIKeywordMain.runKeyword(WebUIKeywordMain.groovy:20)
	at com.kms.katalon.core.webui.keyword.builtin.SetTextKeyword.setText(SetTextKeyword.groovy:66)
	at com.kms.katalon.core.webui.keyword.builtin.SetTextKeyword.execute(SetTextKeyword.groovy:37)
	at com.kms.katalon.core.keyword.internal.KeywordExecutor.executeKeywordForPlatform(KeywordExecutor.groovy:60)
	at com.kms.katalon.core.webui.keyword.WebUiBuiltInKeywords.setText(WebUiBuiltInKeywords.groovy:950)
	at com.kms.katalon.core.webui.keyword.WebUiBuiltInKeywords$setText$1.call(Unknown Source)
	at Script1578651678849.run(Script1578651678849.groovy:23)
	... 13 more
)
	at com.kms.katalon.core.keyword.internal.KeywordMain.stepFailed(KeywordMain.groovy:39)
	at com.kms.katalon.core.webui.keyword.internal.WebUIKeywordMain.stepFailed(WebUIKeywordMain.groovy:64)
	at com.kms.katalon.core.webui.keyword.internal.WebUIKeywordMain.runKeyword(WebUIKeywordMain.groovy:26)
	at com.kms.katalon.core.webui.keyword.builtin.SetTextKeyword.setText(SetTextKeyword.groovy:66)
	at com.kms.katalon.core.webui.keyword.builtin.SetTextKeyword.execute(SetTextKeyword.groovy:37)
	at com.kms.katalon.core.keyword.internal.KeywordExecutor.executeKeywordForPlatform(KeywordExecutor.groovy:60)
	at com.kms.katalon.core.webui.keyword.WebUiBuiltInKeywords.setText(WebUiBuiltInKeywords.groovy:950)
	at com.kms.katalon.core.webui.keyword.WebUiBuiltInKeywords$setText$1.call(Unknown Source)
	at Validate_Password_text_field_for_Invalid_Password.run(Validate_Password_text_field_for_Invalid_Password:23)
	at com.kms.katalon.core.main.ScriptEngine.run(ScriptEngine.java:194)
	at com.kms.katalon.core.main.ScriptEngine.runScriptAsRawText(ScriptEngine.java:119)
	at com.kms.katalon.core.main.TestCaseExecutor.runScript(TestCaseExecutor.java:337)
	at com.kms.katalon.core.main.TestCaseExecutor.doExecute(TestCaseExecutor.java:328)
	at com.kms.katalon.core.main.TestCaseExecutor.processExecutionPhase(TestCaseExecutor.java:307)
	at com.kms.katalon.core.main.TestCaseExecutor.accessMainPhase(TestCaseExecutor.java:299)
	at com.kms.katalon.core.main.TestCaseExecutor.execute(TestCaseExecutor.java:233)
	at com.kms.katalon.core.main.TestSuiteExecutor.accessTestCaseMainPhase(TestSuiteExecutor.java:169)
	at com.kms.katalon.core.main.TestSuiteExecutor.accessTestSuiteMainPhase(TestSuiteExecutor.java:142)
	at com.kms.katalon.core.main.TestSuiteExecutor.execute(TestSuiteExecutor.java:91)
	at com.kms.katalon.core.main.TestCaseMain.startTestSuite(TestCaseMain.java:157)
	at com.kms.katalon.core.main.TestCaseMain$startTestSuite$0.call(Unknown Source)
	at TempTestSuite1578899438989.run(TempTestSuite1578899438989.groovy:36)
Caused by: com.kms.katalon.core.exception.StepFailedException: Unable to set text 'amanda@toyota.com' of object 'Object Repository/Login_Page/Page_/email address placeholder'
	... 21 more
Caused by: com.kms.katalon.core.webui.exception.WebElementNotFoundException: Web element with id: 'Object Repository/Login_Page/Page_/email address placeholder' located by 'By.xpath: (.//*[normalize-space(text()) and normalize-space(.)='Email Address'])[1]/following::input[1]' not found
	at com.kms.katalon.core.webui.common.WebUiCommonHelper.findWebElement(WebUiCommonHelper.java:1113)
	at com.kms.katalon.core.webui.keyword.internal.WebUIAbstractKeyword.findWebElement(WebUIAbstractKeyword.groovy:27)
	at com.kms.katalon.core.webui.keyword.internal.WebUIAbstractKeyword.findWebElement(WebUIAbstractKeyword.groovy:26)
	at com.kms.katalon.core.webui.keyword.builtin.SetTextKeyword$_setText_closure1.doCall(SetTextKeyword.groovy:51)
	at com.kms.katalon.core.webui.keyword.builtin.SetTextKeyword$_setText_closure1.call(SetTextKeyword.groovy)
	at com.kms.katalon.core.webui.keyword.internal.WebUIKeywordMain.runKeyword(WebUIKeywordMain.groovy:20)
	... 19 more


2020-01-13 13:01:00 - [TEST_STEP][PASSED] - openBrowser(""): Browser is opened with url: ''

2020-01-13 13:01:00 - [MESSAGE][WARNING] - A browser is already opened. Closing browser and opening a new one

2020-01-13 13:01:01 - [MESSAGE][INFO] - Starting 'Chrome' driver

2020-01-13 13:01:01 - [MESSAGE][INFO] - User set preference: ['args', '[--start-maximized, --disable-web-security, --no-proxy-server]']

2020-01-13 13:01:01 - [MESSAGE][INFO] - User set preference: ['prefs', '{credentials_enable_service=false, profile.password_manager_enabled=false}']

2020-01-13 13:01:07 - [MESSAGE][PASSED] - Browser is opened with url: ''

2020-01-13 13:01:07 - [TEST_STEP][PASSED] - navigateToUrl("http://dqfn4clx0bazt.cloudfront.net/"): Navigate to 'http://dqfn4clx0bazt.cloudfront.net/' successfully

2020-01-13 13:01:18 - [MESSAGE][PASSED] - Navigate to 'http://dqfn4clx0bazt.cloudfront.net/' successfully

2020-01-13 13:01:18 - [TEST_STEP][FAILED] - setText(findTestObject("Login_Page/Page_/email address placeholder"), Email): Unable to set text 'amanda@toyota.com' of object 'Object Repository/Login_Page/Page_/email address placeholder' (Root cause: com.kms.katalon.core.exception.StepFailedException: Unable to set text 'amanda@toyota.com' of object 'Object Repository/Login_Page/Page_/email address placeholder'
	at com.kms.katalon.core.webui.keyword.internal.WebUIKeywordMain.stepFailed(WebUIKeywordMain.groovy:64)
	at com.kms.katalon.core.webui.keyword.internal.WebUIKeywordMain.runKeyword(WebUIKeywordMain.groovy:26)
	at com.kms.katalon.core.webui.keyword.builtin.SetTextKeyword.setText(SetTextKeyword.groovy:66)
	at com.kms.katalon.core.webui.keyword.builtin.SetTextKeyword.execute(SetTextKeyword.groovy:37)
	at com.kms.katalon.core.keyword.internal.KeywordExecutor.executeKeywordForPlatform(KeywordExecutor.groovy:60)
	at com.kms.katalon.core.webui.keyword.WebUiBuiltInKeywords.setText(WebUiBuiltInKeywords.groovy:950)
	at com.kms.katalon.core.webui.keyword.WebUiBuiltInKeywords$setText$1.call(Unknown Source)
	at Validate_Password_text_field_for_Invalid_Password.run(Validate_Password_text_field_for_Invalid_Password:23)
	at com.kms.katalon.core.main.ScriptEngine.run(ScriptEngine.java:194)
	at com.kms.katalon.core.main.ScriptEngine.runScriptAsRawText(ScriptEngine.java:119)
	at com.kms.katalon.core.main.TestCaseExecutor.runScript(TestCaseExecutor.java:337)
	at com.kms.katalon.core.main.TestCaseExecutor.doExecute(TestCaseExecutor.java:328)
	at com.kms.katalon.core.main.TestCaseExecutor.processExecutionPhase(TestCaseExecutor.java:307)
	at com.kms.katalon.core.main.TestCaseExecutor.accessMainPhase(TestCaseExecutor.java:299)
	at com.kms.katalon.core.main.TestCaseExecutor.execute(TestCaseExecutor.java:233)
	at com.kms.katalon.core.main.TestSuiteExecutor.accessTestCaseMainPhase(TestSuiteExecutor.java:169)
	at com.kms.katalon.core.main.TestSuiteExecutor.accessTestSuiteMainPhase(TestSuiteExecutor.java:142)
	at com.kms.katalon.core.main.TestSuiteExecutor.execute(TestSuiteExecutor.java:91)
	at com.kms.katalon.core.main.TestCaseMain.startTestSuite(TestCaseMain.java:157)
	at com.kms.katalon.core.main.TestCaseMain$startTestSuite$0.call(Unknown Source)
	at TempTestSuite1578899438989.run(TempTestSuite1578899438989.groovy:36)
Caused by: com.kms.katalon.core.webui.exception.WebElementNotFoundException: Web element with id: 'Object Repository/Login_Page/Page_/email address placeholder' located by 'By.xpath: (.//*[normalize-space(text()) and normalize-space(.)='Email Address'])[1]/following::input[1]' not found
	at com.kms.katalon.core.webui.common.WebUiCommonHelper.findWebElement(WebUiCommonHelper.java:1113)
	at com.kms.katalon.core.webui.keyword.internal.WebUIAbstractKeyword.findWebElement(WebUIAbstractKeyword.groovy:27)
	at com.kms.katalon.core.webui.keyword.internal.WebUIAbstractKeyword.findWebElement(WebUIAbstractKeyword.groovy:26)
	at com.kms.katalon.core.webui.keyword.builtin.SetTextKeyword$_setText_closure1.doCall(SetTextKeyword.groovy:51)
	at com.kms.katalon.core.webui.keyword.builtin.SetTextKeyword$_setText_closure1.call(SetTextKeyword.groovy)
	at com.kms.katalon.core.webui.keyword.internal.WebUIKeywordMain.runKeyword(WebUIKeywordMain.groovy:20)
	at com.kms.katalon.core.webui.keyword.builtin.SetTextKeyword.setText(SetTextKeyword.groovy:66)
	at com.kms.katalon.core.webui.keyword.builtin.SetTextKeyword.execute(SetTextKeyword.groovy:37)
	at com.kms.katalon.core.keyword.internal.KeywordExecutor.executeKeywordForPlatform(KeywordExecutor.groovy:60)
	at com.kms.katalon.core.webui.keyword.WebUiBuiltInKeywords.setText(WebUiBuiltInKeywords.groovy:950)
	at com.kms.katalon.core.webui.keyword.WebUiBuiltInKeywords$setText$1.call(Unknown Source)
	at Script1578651678849.run(Script1578651678849.groovy:23)
	... 13 more
)

2020-01-13 13:07:12 - [MESSAGE][INFO] - Unable to find the element located by 'By.xpath: (.//*[normalize-space(text()) and normalize-space(.)='Email Address'])[1]/following::input[1]'. Please recheck the objects properties to make sure the desired element is located. 

2020-01-13 13:07:12 - [MESSAGE][FAILED] - Unable to set text 'amanda@toyota.com' of object 'Object Repository/Login_Page/Page_/email address placeholder' (Root cause: com.kms.katalon.core.exception.StepFailedException: Unable to set text 'amanda@toyota.com' of object 'Object Repository/Login_Page/Page_/email address placeholder'
	at com.kms.katalon.core.webui.keyword.internal.WebUIKeywordMain.stepFailed(WebUIKeywordMain.groovy:64)
	at com.kms.katalon.core.webui.keyword.internal.WebUIKeywordMain.runKeyword(WebUIKeywordMain.groovy:26)
	at com.kms.katalon.core.webui.keyword.builtin.SetTextKeyword.setText(SetTextKeyword.groovy:66)
	at com.kms.katalon.core.webui.keyword.builtin.SetTextKeyword.execute(SetTextKeyword.groovy:37)
	at com.kms.katalon.core.keyword.internal.KeywordExecutor.executeKeywordForPlatform(KeywordExecutor.groovy:60)
	at com.kms.katalon.core.webui.keyword.WebUiBuiltInKeywords.setText(WebUiBuiltInKeywords.groovy:950)
	at com.kms.katalon.core.webui.keyword.WebUiBuiltInKeywords$setText$1.call(Unknown Source)
	at Validate_Password_text_field_for_Invalid_Password.run(Validate_Password_text_field_for_Invalid_Password:23)
	at com.kms.katalon.core.main.ScriptEngine.run(ScriptEngine.java:194)
	at com.kms.katalon.core.main.ScriptEngine.runScriptAsRawText(ScriptEngine.java:119)
	at com.kms.katalon.core.main.TestCaseExecutor.runScript(TestCaseExecutor.java:337)
	at com.kms.katalon.core.main.TestCaseExecutor.doExecute(TestCaseExecutor.java:328)
	at com.kms.katalon.core.main.TestCaseExecutor.processExecutionPhase(TestCaseExecutor.java:307)
	at com.kms.katalon.core.main.TestCaseExecutor.accessMainPhase(TestCaseExecutor.java:299)
	at com.kms.katalon.core.main.TestCaseExecutor.execute(TestCaseExecutor.java:233)
	at com.kms.katalon.core.main.TestSuiteExecutor.accessTestCaseMainPhase(TestSuiteExecutor.java:169)
	at com.kms.katalon.core.main.TestSuiteExecutor.accessTestSuiteMainPhase(TestSuiteExecutor.java:142)
	at com.kms.katalon.core.main.TestSuiteExecutor.execute(TestSuiteExecutor.java:91)
	at com.kms.katalon.core.main.TestCaseMain.startTestSuite(TestCaseMain.java:157)
	at com.kms.katalon.core.main.TestCaseMain$startTestSuite$0.call(Unknown Source)
	at TempTestSuite1578899438989.run(TempTestSuite1578899438989.groovy:36)
Caused by: com.kms.katalon.core.webui.exception.WebElementNotFoundException: Web element with id: 'Object Repository/Login_Page/Page_/email address placeholder' located by 'By.xpath: (.//*[normalize-space(text()) and normalize-space(.)='Email Address'])[1]/following::input[1]' not found
	at com.kms.katalon.core.webui.common.WebUiCommonHelper.findWebElement(WebUiCommonHelper.java:1113)
	at com.kms.katalon.core.webui.keyword.internal.WebUIAbstractKeyword.findWebElement(WebUIAbstractKeyword.groovy:27)
	at com.kms.katalon.core.webui.keyword.internal.WebUIAbstractKeyword.findWebElement(WebUIAbstractKeyword.groovy:26)
	at com.kms.katalon.core.webui.keyword.builtin.SetTextKeyword$_setText_closure1.doCall(SetTextKeyword.groovy:51)
	at com.kms.katalon.core.webui.keyword.builtin.SetTextKeyword$_setText_closure1.call(SetTextKeyword.groovy)
	at com.kms.katalon.core.webui.keyword.internal.WebUIKeywordMain.runKeyword(WebUIKeywordMain.groovy:20)
	at com.kms.katalon.core.webui.keyword.builtin.SetTextKeyword.setText(SetTextKeyword.groovy:66)
	at com.kms.katalon.core.webui.keyword.builtin.SetTextKeyword.execute(SetTextKeyword.groovy:37)
	at com.kms.katalon.core.keyword.internal.KeywordExecutor.executeKeywordForPlatform(KeywordExecutor.groovy:60)
	at com.kms.katalon.core.webui.keyword.WebUiBuiltInKeywords.setText(WebUiBuiltInKeywords.groovy:950)
	at com.kms.katalon.core.webui.keyword.WebUiBuiltInKeywords$setText$1.call(Unknown Source)
	at Script1578651678849.run(Script1578651678849.groovy:23)
	... 13 more
)
[[ATTACHMENT|C:\\Users\\Dell\\git\\GSMProject\\Reports\\20200113_124034\\LOGIN\\Login_Valid and Invalid\\20200113_124034\\1578901032097.png]]

2020-01-13 13:07:12 - [TEST_STEP][FAILED] - setText(findTestObject("Login_Page/Page_/Password placeholder"), Password): Unable to set text 'SanD123' of object 'Object Repository/Login_Page/Page_/Password placeholder' (Root cause: com.kms.katalon.core.exception.StepFailedException: Unable to set text 'SanD123' of object 'Object Repository/Login_Page/Page_/Password placeholder'
	at com.kms.katalon.core.webui.keyword.internal.WebUIKeywordMain.stepFailed(WebUIKeywordMain.groovy:64)
	at com.kms.katalon.core.webui.keyword.internal.WebUIKeywordMain.runKeyword(WebUIKeywordMain.groovy:26)
	at com.kms.katalon.core.webui.keyword.builtin.SetTextKeyword.setText(SetTextKeyword.groovy:66)
	at com.kms.katalon.core.webui.keyword.builtin.SetTextKeyword.execute(SetTextKeyword.groovy:37)
	at com.kms.katalon.core.keyword.internal.KeywordExecutor.executeKeywordForPlatform(KeywordExecutor.groovy:60)
	at com.kms.katalon.core.webui.keyword.WebUiBuiltInKeywords.setText(WebUiBuiltInKeywords.groovy:950)
	at com.kms.katalon.core.webui.keyword.WebUiBuiltInKeywords$setText$1.call(Unknown Source)
	at Validate_Password_text_field_for_Invalid_Password.run(Validate_Password_text_field_for_Invalid_Password:25)
	at com.kms.katalon.core.main.ScriptEngine.run(ScriptEngine.java:194)
	at com.kms.katalon.core.main.ScriptEngine.runScriptAsRawText(ScriptEngine.java:119)
	at com.kms.katalon.core.main.TestCaseExecutor.runScript(TestCaseExecutor.java:337)
	at com.kms.katalon.core.main.TestCaseExecutor.doExecute(TestCaseExecutor.java:328)
	at com.kms.katalon.core.main.TestCaseExecutor.processExecutionPhase(TestCaseExecutor.java:307)
	at com.kms.katalon.core.main.TestCaseExecutor.accessMainPhase(TestCaseExecutor.java:299)
	at com.kms.katalon.core.main.TestCaseExecutor.execute(TestCaseExecutor.java:233)
	at com.kms.katalon.core.main.TestSuiteExecutor.accessTestCaseMainPhase(TestSuiteExecutor.java:169)
	at com.kms.katalon.core.main.TestSuiteExecutor.accessTestSuiteMainPhase(TestSuiteExecutor.java:142)
	at com.kms.katalon.core.main.TestSuiteExecutor.execute(TestSuiteExecutor.java:91)
	at com.kms.katalon.core.main.TestCaseMain.startTestSuite(TestCaseMain.java:157)
	at com.kms.katalon.core.main.TestCaseMain$startTestSuite$0.call(Unknown Source)
	at TempTestSuite1578899438989.run(TempTestSuite1578899438989.groovy:36)
Caused by: com.kms.katalon.core.webui.exception.WebElementNotFoundException: Web element with id: 'Object Repository/Login_Page/Page_/Password placeholder' located by 'By.xpath: (.//*[normalize-space(text()) and normalize-space(.)='Password'])[1]/following::input[1]' not found
	at com.kms.katalon.core.webui.common.WebUiCommonHelper.findWebElement(WebUiCommonHelper.java:1113)
	at com.kms.katalon.core.webui.keyword.internal.WebUIAbstractKeyword.findWebElement(WebUIAbstractKeyword.groovy:27)
	at com.kms.katalon.core.webui.keyword.internal.WebUIAbstractKeyword.findWebElement(WebUIAbstractKeyword.groovy:26)
	at com.kms.katalon.core.webui.keyword.builtin.SetTextKeyword$_setText_closure1.doCall(SetTextKeyword.groovy:51)
	at com.kms.katalon.core.webui.keyword.builtin.SetTextKeyword$_setText_closure1.call(SetTextKeyword.groovy)
	at com.kms.katalon.core.webui.keyword.internal.WebUIKeywordMain.runKeyword(WebUIKeywordMain.groovy:20)
	at com.kms.katalon.core.webui.keyword.builtin.SetTextKeyword.setText(SetTextKeyword.groovy:66)
	at com.kms.katalon.core.webui.keyword.builtin.SetTextKeyword.execute(SetTextKeyword.groovy:37)
	at com.kms.katalon.core.keyword.internal.KeywordExecutor.executeKeywordForPlatform(KeywordExecutor.groovy:60)
	at com.kms.katalon.core.webui.keyword.WebUiBuiltInKeywords.setText(WebUiBuiltInKeywords.groovy:950)
	at com.kms.katalon.core.webui.keyword.WebUiBuiltInKeywords$setText$1.call(Unknown Source)
	at Script1578651678849.run(Script1578651678849.groovy:25)
	... 13 more
)

2020-01-13 13:12:58 - [MESSAGE][INFO] - Unable to find the element located by 'By.xpath: (.//*[normalize-space(text()) and normalize-space(.)='Password'])[1]/following::input[1]'. Please recheck the objects properties to make sure the desired element is located. 

2020-01-13 13:12:59 - [MESSAGE][FAILED] - Unable to set text 'SanD123' of object 'Object Repository/Login_Page/Page_/Password placeholder' (Root cause: com.kms.katalon.core.exception.StepFailedException: Unable to set text 'SanD123' of object 'Object Repository/Login_Page/Page_/Password placeholder'
	at com.kms.katalon.core.webui.keyword.internal.WebUIKeywordMain.stepFailed(WebUIKeywordMain.groovy:64)
	at com.kms.katalon.core.webui.keyword.internal.WebUIKeywordMain.runKeyword(WebUIKeywordMain.groovy:26)
	at com.kms.katalon.core.webui.keyword.builtin.SetTextKeyword.setText(SetTextKeyword.groovy:66)
	at com.kms.katalon.core.webui.keyword.builtin.SetTextKeyword.execute(SetTextKeyword.groovy:37)
	at com.kms.katalon.core.keyword.internal.KeywordExecutor.executeKeywordForPlatform(KeywordExecutor.groovy:60)
	at com.kms.katalon.core.webui.keyword.WebUiBuiltInKeywords.setText(WebUiBuiltInKeywords.groovy:950)
	at com.kms.katalon.core.webui.keyword.WebUiBuiltInKeywords$setText$1.call(Unknown Source)
	at Validate_Password_text_field_for_Invalid_Password.run(Validate_Password_text_field_for_Invalid_Password:25)
	at com.kms.katalon.core.main.ScriptEngine.run(ScriptEngine.java:194)
	at com.kms.katalon.core.main.ScriptEngine.runScriptAsRawText(ScriptEngine.java:119)
	at com.kms.katalon.core.main.TestCaseExecutor.runScript(TestCaseExecutor.java:337)
	at com.kms.katalon.core.main.TestCaseExecutor.doExecute(TestCaseExecutor.java:328)
	at com.kms.katalon.core.main.TestCaseExecutor.processExecutionPhase(TestCaseExecutor.java:307)
	at com.kms.katalon.core.main.TestCaseExecutor.accessMainPhase(TestCaseExecutor.java:299)
	at com.kms.katalon.core.main.TestCaseExecutor.execute(TestCaseExecutor.java:233)
	at com.kms.katalon.core.main.TestSuiteExecutor.accessTestCaseMainPhase(TestSuiteExecutor.java:169)
	at com.kms.katalon.core.main.TestSuiteExecutor.accessTestSuiteMainPhase(TestSuiteExecutor.java:142)
	at com.kms.katalon.core.main.TestSuiteExecutor.execute(TestSuiteExecutor.java:91)
	at com.kms.katalon.core.main.TestCaseMain.startTestSuite(TestCaseMain.java:157)
	at com.kms.katalon.core.main.TestCaseMain$startTestSuite$0.call(Unknown Source)
	at TempTestSuite1578899438989.run(TempTestSuite1578899438989.groovy:36)
Caused by: com.kms.katalon.core.webui.exception.WebElementNotFoundException: Web element with id: 'Object Repository/Login_Page/Page_/Password placeholder' located by 'By.xpath: (.//*[normalize-space(text()) and normalize-space(.)='Password'])[1]/following::input[1]' not found
	at com.kms.katalon.core.webui.common.WebUiCommonHelper.findWebElement(WebUiCommonHelper.java:1113)
	at com.kms.katalon.core.webui.keyword.internal.WebUIAbstractKeyword.findWebElement(WebUIAbstractKeyword.groovy:27)
	at com.kms.katalon.core.webui.keyword.internal.WebUIAbstractKeyword.findWebElement(WebUIAbstractKeyword.groovy:26)
	at com.kms.katalon.core.webui.keyword.builtin.SetTextKeyword$_setText_closure1.doCall(SetTextKeyword.groovy:51)
	at com.kms.katalon.core.webui.keyword.builtin.SetTextKeyword$_setText_closure1.call(SetTextKeyword.groovy)
	at com.kms.katalon.core.webui.keyword.internal.WebUIKeywordMain.runKeyword(WebUIKeywordMain.groovy:20)
	at com.kms.katalon.core.webui.keyword.builtin.SetTextKeyword.setText(SetTextKeyword.groovy:66)
	at com.kms.katalon.core.webui.keyword.builtin.SetTextKeyword.execute(SetTextKeyword.groovy:37)
	at com.kms.katalon.core.keyword.internal.KeywordExecutor.executeKeywordForPlatform(KeywordExecutor.groovy:60)
	at com.kms.katalon.core.webui.keyword.WebUiBuiltInKeywords.setText(WebUiBuiltInKeywords.groovy:950)
	at com.kms.katalon.core.webui.keyword.WebUiBuiltInKeywords$setText$1.call(Unknown Source)
	at Script1578651678849.run(Script1578651678849.groovy:25)
	... 13 more
)
[[ATTACHMENT|C:\\Users\\Dell\\git\\GSMProject\\Reports\\20200113_124034\\LOGIN\\Login_Valid and Invalid\\20200113_124034\\1578901378888.png]]

2020-01-13 13:12:59 - [TEST_STEP][FAILED] - click(findTestObject("Login_Page/Page_/Log In button")): Unable to click on object 'Object Repository/Login_Page/Page_/Log In button' (Root cause: com.kms.katalon.core.exception.StepFailedException: Unable to click on object 'Object Repository/Login_Page/Page_/Log In button'
	at com.kms.katalon.core.webui.keyword.internal.WebUIKeywordMain.stepFailed(WebUIKeywordMain.groovy:64)
	at com.kms.katalon.core.webui.keyword.internal.WebUIKeywordMain.runKeyword(WebUIKeywordMain.groovy:26)
	at com.kms.katalon.core.webui.keyword.builtin.ClickKeyword.click(ClickKeyword.groovy:79)
	at com.kms.katalon.core.webui.keyword.builtin.ClickKeyword.execute(ClickKeyword.groovy:42)
	at com.kms.katalon.core.keyword.internal.KeywordExecutor.executeKeywordForPlatform(KeywordExecutor.groovy:60)
	at com.kms.katalon.core.webui.keyword.WebUiBuiltInKeywords.click(WebUiBuiltInKeywords.groovy:616)
	at com.kms.katalon.core.webui.keyword.WebUiBuiltInKeywords$click$2.call(Unknown Source)
	at Validate_Password_text_field_for_Invalid_Password.run(Validate_Password_text_field_for_Invalid_Password:27)
	at com.kms.katalon.core.main.ScriptEngine.run(ScriptEngine.java:194)
	at com.kms.katalon.core.main.ScriptEngine.runScriptAsRawText(ScriptEngine.java:119)
	at com.kms.katalon.core.main.TestCaseExecutor.runScript(TestCaseExecutor.java:337)
	at com.kms.katalon.core.main.TestCaseExecutor.doExecute(TestCaseExecutor.java:328)
	at com.kms.katalon.core.main.TestCaseExecutor.processExecutionPhase(TestCaseExecutor.java:307)
	at com.kms.katalon.core.main.TestCaseExecutor.accessMainPhase(TestCaseExecutor.java:299)
	at com.kms.katalon.core.main.TestCaseExecutor.execute(TestCaseExecutor.java:233)
	at com.kms.katalon.core.main.TestSuiteExecutor.accessTestCaseMainPhase(TestSuiteExecutor.java:169)
	at com.kms.katalon.core.main.TestSuiteExecutor.accessTestSuiteMainPhase(TestSuiteExecutor.java:142)
	at com.kms.katalon.core.main.TestSuiteExecutor.execute(TestSuiteExecutor.java:91)
	at com.kms.katalon.core.main.TestCaseMain.startTestSuite(TestCaseMain.java:157)
	at com.kms.katalon.core.main.TestCaseMain$startTestSuite$0.call(Unknown Source)
	at TempTestSuite1578899438989.run(TempTestSuite1578899438989.groovy:36)
Caused by: com.kms.katalon.core.webui.exception.WebElementNotFoundException: Web element with id: 'Object Repository/Login_Page/Page_/Log In button' located by 'By.xpath: //button[text()='Log In']' not found
	at com.kms.katalon.core.webui.common.WebUiCommonHelper.findWebElement(WebUiCommonHelper.java:1113)
	at com.kms.katalon.core.webui.keyword.internal.WebUIAbstractKeyword.findWebElement(WebUIAbstractKeyword.groovy:27)
	at com.kms.katalon.core.webui.keyword.internal.WebUIAbstractKeyword.findWebElement(WebUIAbstractKeyword.groovy:26)
	at com.kms.katalon.core.webui.keyword.builtin.ClickKeyword$_click_closure1.doCall(ClickKeyword.groovy:52)
	at com.kms.katalon.core.webui.keyword.builtin.ClickKeyword$_click_closure1.call(ClickKeyword.groovy)
	at com.kms.katalon.core.webui.keyword.internal.WebUIKeywordMain.runKeyword(WebUIKeywordMain.groovy:20)
	at com.kms.katalon.core.webui.keyword.builtin.ClickKeyword.click(ClickKeyword.groovy:79)
	at com.kms.katalon.core.webui.keyword.builtin.ClickKeyword.execute(ClickKeyword.groovy:42)
	at com.kms.katalon.core.keyword.internal.KeywordExecutor.executeKeywordForPlatform(KeywordExecutor.groovy:60)
	at com.kms.katalon.core.webui.keyword.WebUiBuiltInKeywords.click(WebUiBuiltInKeywords.groovy:616)
	at com.kms.katalon.core.webui.keyword.WebUiBuiltInKeywords$click$2.call(Unknown Source)
	at Script1578651678849.run(Script1578651678849.groovy:27)
	... 13 more
)

2020-01-13 13:18:49 - [MESSAGE][INFO] - Unable to find the element located by 'By.xpath: //button[text()='Log In']'. Please recheck the objects properties to make sure the desired element is located. 

2020-01-13 13:18:50 - [MESSAGE][FAILED] - Unable to click on object 'Object Repository/Login_Page/Page_/Log In button' (Root cause: com.kms.katalon.core.exception.StepFailedException: Unable to click on object 'Object Repository/Login_Page/Page_/Log In button'
	at com.kms.katalon.core.webui.keyword.internal.WebUIKeywordMain.stepFailed(WebUIKeywordMain.groovy:64)
	at com.kms.katalon.core.webui.keyword.internal.WebUIKeywordMain.runKeyword(WebUIKeywordMain.groovy:26)
	at com.kms.katalon.core.webui.keyword.builtin.ClickKeyword.click(ClickKeyword.groovy:79)
	at com.kms.katalon.core.webui.keyword.builtin.ClickKeyword.execute(ClickKeyword.groovy:42)
	at com.kms.katalon.core.keyword.internal.KeywordExecutor.executeKeywordForPlatform(KeywordExecutor.groovy:60)
	at com.kms.katalon.core.webui.keyword.WebUiBuiltInKeywords.click(WebUiBuiltInKeywords.groovy:616)
	at com.kms.katalon.core.webui.keyword.WebUiBuiltInKeywords$click$2.call(Unknown Source)
	at Validate_Password_text_field_for_Invalid_Password.run(Validate_Password_text_field_for_Invalid_Password:27)
	at com.kms.katalon.core.main.ScriptEngine.run(ScriptEngine.java:194)
	at com.kms.katalon.core.main.ScriptEngine.runScriptAsRawText(ScriptEngine.java:119)
	at com.kms.katalon.core.main.TestCaseExecutor.runScript(TestCaseExecutor.java:337)
	at com.kms.katalon.core.main.TestCaseExecutor.doExecute(TestCaseExecutor.java:328)
	at com.kms.katalon.core.main.TestCaseExecutor.processExecutionPhase(TestCaseExecutor.java:307)
	at com.kms.katalon.core.main.TestCaseExecutor.accessMainPhase(TestCaseExecutor.java:299)
	at com.kms.katalon.core.main.TestCaseExecutor.execute(TestCaseExecutor.java:233)
	at com.kms.katalon.core.main.TestSuiteExecutor.accessTestCaseMainPhase(TestSuiteExecutor.java:169)
	at com.kms.katalon.core.main.TestSuiteExecutor.accessTestSuiteMainPhase(TestSuiteExecutor.java:142)
	at com.kms.katalon.core.main.TestSuiteExecutor.execute(TestSuiteExecutor.java:91)
	at com.kms.katalon.core.main.TestCaseMain.startTestSuite(TestCaseMain.java:157)
	at com.kms.katalon.core.main.TestCaseMain$startTestSuite$0.call(Unknown Source)
	at TempTestSuite1578899438989.run(TempTestSuite1578899438989.groovy:36)
Caused by: com.kms.katalon.core.webui.exception.WebElementNotFoundException: Web element with id: 'Object Repository/Login_Page/Page_/Log In button' located by 'By.xpath: //button[text()='Log In']' not found
	at com.kms.katalon.core.webui.common.WebUiCommonHelper.findWebElement(WebUiCommonHelper.java:1113)
	at com.kms.katalon.core.webui.keyword.internal.WebUIAbstractKeyword.findWebElement(WebUIAbstractKeyword.groovy:27)
	at com.kms.katalon.core.webui.keyword.internal.WebUIAbstractKeyword.findWebElement(WebUIAbstractKeyword.groovy:26)
	at com.kms.katalon.core.webui.keyword.builtin.ClickKeyword$_click_closure1.doCall(ClickKeyword.groovy:52)
	at com.kms.katalon.core.webui.keyword.builtin.ClickKeyword$_click_closure1.call(ClickKeyword.groovy)
	at com.kms.katalon.core.webui.keyword.internal.WebUIKeywordMain.runKeyword(WebUIKeywordMain.groovy:20)
	at com.kms.katalon.core.webui.keyword.builtin.ClickKeyword.click(ClickKeyword.groovy:79)
	at com.kms.katalon.core.webui.keyword.builtin.ClickKeyword.execute(ClickKeyword.groovy:42)
	at com.kms.katalon.core.keyword.internal.KeywordExecutor.executeKeywordForPlatform(KeywordExecutor.groovy:60)
	at com.kms.katalon.core.webui.keyword.WebUiBuiltInKeywords.click(WebUiBuiltInKeywords.groovy:616)
	at com.kms.katalon.core.webui.keyword.WebUiBuiltInKeywords$click$2.call(Unknown Source)
	at Script1578651678849.run(Script1578651678849.groovy:27)
	... 13 more
)
[[ATTACHMENT|C:\\Users\\Dell\\git\\GSMProject\\Reports\\20200113_124034\\LOGIN\\Login_Valid and Invalid\\20200113_124034\\1578901729651.png]]

2020-01-13 13:18:50 - [TEST_STEP][PASSED] - verifyElementPresent(findTestObject("Login_Page/Page_/Error Message_Password-Required field"), 30): Unable to find the element located by 'By.xpath: //span[text()='Required field']'. Please recheck the objects properties to make sure the desired element is located. 

2020-01-13 13:19:36 - [MESSAGE][INFO] - Unable to find the element located by 'By.xpath: //span[text()='Required field']'. Please recheck the objects properties to make sure the desired element is located. 

2020-01-13 13:19:36 - [TEST_STEP][PASSED] - Start listener action : sampleAfterTestCase: Taking screenshot successfully

2020-01-13 13:19:36 - [TEST_STEP][PASSED] - println(testCaseContext.getTestCaseId()): null

2020-01-13 13:19:36 - [TEST_STEP][PASSED] - println(testCaseContext.getTestCaseStatus()): null

2020-01-13 13:19:36 - [TEST_STEP][PASSED] - println("On Failure Method is Calling : " + testCaseContext.getTestCaseStatus()): null

2020-01-13 13:19:36 - [TEST_STEP][PASSED] - if (!(getTestCaseStatus().equalsIgnoreCase("PASSED"))): Taking screenshot successfully

2020-01-13 13:19:36 - [MESSAGE][PASSED] - Taking screenshot successfully
[[ATTACHMENT|D:\\TestDataForSampleProject\\test1.jpg]]

2020-01-13 13:19:40 - [TEST_STEP][PASSED] - Video: Video recording for test case 'Test Cases/Atlas Platform/Platform Navigation/Login/Validate_Password_text_field_for_Invalid_Password' .

2020-01-13 13:19:40 - [MESSAGE][INFO] - Video recording for test case 'Test Cases/Atlas Platform/Platform Navigation/Login/Validate_Password_text_field_for_Invalid_Password' .
[[ATTACHMENT|C:\\Users\\Dell\\git\\GSMProject\\Reports\\20200113_124034\\LOGIN\\Login_Valid and Invalid\\20200113_124034/videos\\test_44.avi]]]]></system-out>
         <system-err><![CDATA[2020-01-13 13:01:00 - [TEST_CASE][FAILED] - Test Cases/Atlas Platform/Platform Navigation/Login/Validate_Password_text_field_for_Invalid_Password: Test Cases/Atlas Platform/Platform Navigation/Login/Validate_Password_text_field_for_Invalid_Password FAILED.
Reason:
com.kms.katalon.core.exception.StepFailedException: Unable to set text 'amanda@toyota.com' of object 'Object Repository/Login_Page/Page_/email address placeholder' (Root cause: com.kms.katalon.core.exception.StepFailedException: Unable to set text 'amanda@toyota.com' of object 'Object Repository/Login_Page/Page_/email address placeholder'
	at com.kms.katalon.core.webui.keyword.internal.WebUIKeywordMain.stepFailed(WebUIKeywordMain.groovy:64)
	at com.kms.katalon.core.webui.keyword.internal.WebUIKeywordMain.runKeyword(WebUIKeywordMain.groovy:26)
	at com.kms.katalon.core.webui.keyword.builtin.SetTextKeyword.setText(SetTextKeyword.groovy:66)
	at com.kms.katalon.core.webui.keyword.builtin.SetTextKeyword.execute(SetTextKeyword.groovy:37)
	at com.kms.katalon.core.keyword.internal.KeywordExecutor.executeKeywordForPlatform(KeywordExecutor.groovy:60)
	at com.kms.katalon.core.webui.keyword.WebUiBuiltInKeywords.setText(WebUiBuiltInKeywords.groovy:950)
	at com.kms.katalon.core.webui.keyword.WebUiBuiltInKeywords$setText$1.call(Unknown Source)
	at Validate_Password_text_field_for_Invalid_Password.run(Validate_Password_text_field_for_Invalid_Password:23)
	at com.kms.katalon.core.main.ScriptEngine.run(ScriptEngine.java:194)
	at com.kms.katalon.core.main.ScriptEngine.runScriptAsRawText(ScriptEngine.java:119)
	at com.kms.katalon.core.main.TestCaseExecutor.runScript(TestCaseExecutor.java:337)
	at com.kms.katalon.core.main.TestCaseExecutor.doExecute(TestCaseExecutor.java:328)
	at com.kms.katalon.core.main.TestCaseExecutor.processExecutionPhase(TestCaseExecutor.java:307)
	at com.kms.katalon.core.main.TestCaseExecutor.accessMainPhase(TestCaseExecutor.java:299)
	at com.kms.katalon.core.main.TestCaseExecutor.execute(TestCaseExecutor.java:233)
	at com.kms.katalon.core.main.TestSuiteExecutor.accessTestCaseMainPhase(TestSuiteExecutor.java:169)
	at com.kms.katalon.core.main.TestSuiteExecutor.accessTestSuiteMainPhase(TestSuiteExecutor.java:142)
	at com.kms.katalon.core.main.TestSuiteExecutor.execute(TestSuiteExecutor.java:91)
	at com.kms.katalon.core.main.TestCaseMain.startTestSuite(TestCaseMain.java:157)
	at com.kms.katalon.core.main.TestCaseMain$startTestSuite$0.call(Unknown Source)
	at TempTestSuite1578899438989.run(TempTestSuite1578899438989.groovy:36)
Caused by: com.kms.katalon.core.webui.exception.WebElementNotFoundException: Web element with id: 'Object Repository/Login_Page/Page_/email address placeholder' located by 'By.xpath: (.//*[normalize-space(text()) and normalize-space(.)='Email Address'])[1]/following::input[1]' not found
	at com.kms.katalon.core.webui.common.WebUiCommonHelper.findWebElement(WebUiCommonHelper.java:1113)
	at com.kms.katalon.core.webui.keyword.internal.WebUIAbstractKeyword.findWebElement(WebUIAbstractKeyword.groovy:27)
	at com.kms.katalon.core.webui.keyword.internal.WebUIAbstractKeyword.findWebElement(WebUIAbstractKeyword.groovy:26)
	at com.kms.katalon.core.webui.keyword.builtin.SetTextKeyword$_setText_closure1.doCall(SetTextKeyword.groovy:51)
	at com.kms.katalon.core.webui.keyword.builtin.SetTextKeyword$_setText_closure1.call(SetTextKeyword.groovy)
	at com.kms.katalon.core.webui.keyword.internal.WebUIKeywordMain.runKeyword(WebUIKeywordMain.groovy:20)
	at com.kms.katalon.core.webui.keyword.builtin.SetTextKeyword.setText(SetTextKeyword.groovy:66)
	at com.kms.katalon.core.webui.keyword.builtin.SetTextKeyword.execute(SetTextKeyword.groovy:37)
	at com.kms.katalon.core.keyword.internal.KeywordExecutor.executeKeywordForPlatform(KeywordExecutor.groovy:60)
	at com.kms.katalon.core.webui.keyword.WebUiBuiltInKeywords.setText(WebUiBuiltInKeywords.groovy:950)
	at com.kms.katalon.core.webui.keyword.WebUiBuiltInKeywords$setText$1.call(Unknown Source)
	at Script1578651678849.run(Script1578651678849.groovy:23)
	... 13 more
)
	at com.kms.katalon.core.keyword.internal.KeywordMain.stepFailed(KeywordMain.groovy:39)
	at com.kms.katalon.core.webui.keyword.internal.WebUIKeywordMain.stepFailed(WebUIKeywordMain.groovy:64)
	at com.kms.katalon.core.webui.keyword.internal.WebUIKeywordMain.runKeyword(WebUIKeywordMain.groovy:26)
	at com.kms.katalon.core.webui.keyword.builtin.SetTextKeyword.setText(SetTextKeyword.groovy:66)
	at com.kms.katalon.core.webui.keyword.builtin.SetTextKeyword.execute(SetTextKeyword.groovy:37)
	at com.kms.katalon.core.keyword.internal.KeywordExecutor.executeKeywordForPlatform(KeywordExecutor.groovy:60)
	at com.kms.katalon.core.webui.keyword.WebUiBuiltInKeywords.setText(WebUiBuiltInKeywords.groovy:950)
	at com.kms.katalon.core.webui.keyword.WebUiBuiltInKeywords$setText$1.call(Unknown Source)
	at Validate_Password_text_field_for_Invalid_Password.run(Validate_Password_text_field_for_Invalid_Password:23)
	at com.kms.katalon.core.main.ScriptEngine.run(ScriptEngine.java:194)
	at com.kms.katalon.core.main.ScriptEngine.runScriptAsRawText(ScriptEngine.java:119)
	at com.kms.katalon.core.main.TestCaseExecutor.runScript(TestCaseExecutor.java:337)
	at com.kms.katalon.core.main.TestCaseExecutor.doExecute(TestCaseExecutor.java:328)
	at com.kms.katalon.core.main.TestCaseExecutor.processExecutionPhase(TestCaseExecutor.java:307)
	at com.kms.katalon.core.main.TestCaseExecutor.accessMainPhase(TestCaseExecutor.java:299)
	at com.kms.katalon.core.main.TestCaseExecutor.execute(TestCaseExecutor.java:233)
	at com.kms.katalon.core.main.TestSuiteExecutor.accessTestCaseMainPhase(TestSuiteExecutor.java:169)
	at com.kms.katalon.core.main.TestSuiteExecutor.accessTestSuiteMainPhase(TestSuiteExecutor.java:142)
	at com.kms.katalon.core.main.TestSuiteExecutor.execute(TestSuiteExecutor.java:91)
	at com.kms.katalon.core.main.TestCaseMain.startTestSuite(TestCaseMain.java:157)
	at com.kms.katalon.core.main.TestCaseMain$startTestSuite$0.call(Unknown Source)
	at TempTestSuite1578899438989.run(TempTestSuite1578899438989.groovy:36)
Caused by: com.kms.katalon.core.exception.StepFailedException: Unable to set text 'amanda@toyota.com' of object 'Object Repository/Login_Page/Page_/email address placeholder'
	... 21 more
Caused by: com.kms.katalon.core.webui.exception.WebElementNotFoundException: Web element with id: 'Object Repository/Login_Page/Page_/email address placeholder' located by 'By.xpath: (.//*[normalize-space(text()) and normalize-space(.)='Email Address'])[1]/following::input[1]' not found
	at com.kms.katalon.core.webui.common.WebUiCommonHelper.findWebElement(WebUiCommonHelper.java:1113)
	at com.kms.katalon.core.webui.keyword.internal.WebUIAbstractKeyword.findWebElement(WebUIAbstractKeyword.groovy:27)
	at com.kms.katalon.core.webui.keyword.internal.WebUIAbstractKeyword.findWebElement(WebUIAbstractKeyword.groovy:26)
	at com.kms.katalon.core.webui.keyword.builtin.SetTextKeyword$_setText_closure1.doCall(SetTextKeyword.groovy:51)
	at com.kms.katalon.core.webui.keyword.builtin.SetTextKeyword$_setText_closure1.call(SetTextKeyword.groovy)
	at com.kms.katalon.core.webui.keyword.internal.WebUIKeywordMain.runKeyword(WebUIKeywordMain.groovy:20)
	... 19 more]]></system-err>
      </testcase>
      <testcase name="Test Cases/Atlas Platform/Platform Navigation/Login/Validate_Password_text_field_for_Invalid_Password" time="61.05" classname="Test Cases/Atlas Platform/Platform Navigation/Login/Validate_Password_text_field_for_Invalid_Password" status="PASSED">
         <system-out><![CDATA[2020-01-13 13:19:40 - [TEST_CASE][PASSED] - Test Cases/Atlas Platform/Platform Navigation/Login/Validate_Password_text_field_for_Invalid_Password: Test Cases/Atlas Platform/Platform Navigation/Login/Validate_Password_text_field_for_Invalid_Password

2020-01-13 13:19:40 - [TEST_STEP][PASSED] - openBrowser(""): Browser is opened with url: ''

2020-01-13 13:19:40 - [MESSAGE][WARNING] - A browser is already opened. Closing browser and opening a new one

2020-01-13 13:19:41 - [MESSAGE][INFO] - Starting 'Chrome' driver

2020-01-13 13:19:41 - [MESSAGE][INFO] - User set preference: ['args', '[--start-maximized, --disable-web-security, --no-proxy-server]']

2020-01-13 13:19:41 - [MESSAGE][INFO] - User set preference: ['prefs', '{credentials_enable_service=false, profile.password_manager_enabled=false}']

2020-01-13 13:19:47 - [MESSAGE][PASSED] - Browser is opened with url: ''

2020-01-13 13:19:47 - [TEST_STEP][PASSED] - navigateToUrl("http://dqfn4clx0bazt.cloudfront.net/"): Navigate to 'http://dqfn4clx0bazt.cloudfront.net/' successfully

2020-01-13 13:19:51 - [MESSAGE][PASSED] - Navigate to 'http://dqfn4clx0bazt.cloudfront.net/' successfully

2020-01-13 13:19:51 - [TEST_STEP][PASSED] - setText(findTestObject("Login_Page/Page_/email address placeholder"), Email): Text 'amanda@toyota.com' is set on object 'Object Repository/Login_Page/Page_/email address placeholder'

2020-01-13 13:19:52 - [MESSAGE][PASSED] - Text 'amanda@toyota.com' is set on object 'Object Repository/Login_Page/Page_/email address placeholder'

2020-01-13 13:19:52 - [TEST_STEP][PASSED] - setText(findTestObject("Login_Page/Page_/Password placeholder"), Password): Text 'sandbox' is set on object 'Object Repository/Login_Page/Page_/Password placeholder'

2020-01-13 13:19:52 - [MESSAGE][PASSED] - Text 'sandbox' is set on object 'Object Repository/Login_Page/Page_/Password placeholder'

2020-01-13 13:19:52 - [TEST_STEP][PASSED] - click(findTestObject("Login_Page/Page_/Log In button")): Object: 'Object Repository/Login_Page/Page_/Log In button' is clicked on

2020-01-13 13:19:53 - [MESSAGE][PASSED] - Object: 'Object Repository/Login_Page/Page_/Log In button' is clicked on

2020-01-13 13:19:53 - [TEST_STEP][PASSED] - verifyElementPresent(findTestObject("Login_Page/Page_/Error Message_Password-Required field"), 30): Unable to find the element located by 'By.xpath: //span[text()='Required field']'. Please recheck the objects properties to make sure the desired element is located. 

2020-01-13 13:20:39 - [MESSAGE][INFO] - Unable to find the element located by 'By.xpath: //span[text()='Required field']'. Please recheck the objects properties to make sure the desired element is located. 

2020-01-13 13:20:39 - [TEST_STEP][PASSED] - Start listener action : sampleAfterTestCase: null

2020-01-13 13:20:39 - [TEST_STEP][PASSED] - println(testCaseContext.getTestCaseId()): null

2020-01-13 13:20:39 - [TEST_STEP][PASSED] - println(testCaseContext.getTestCaseStatus()): null

2020-01-13 13:20:39 - [TEST_STEP][PASSED] - println("On Failure Method is Calling : " + testCaseContext.getTestCaseStatus()): null

2020-01-13 13:20:39 - [TEST_STEP][PASSED] - if (!(getTestCaseStatus().equalsIgnoreCase("PASSED"))): null]]></system-out>
         <system-err><![CDATA[]]></system-err>
      </testcase>
      <testcase name="Test Cases/Atlas Platform/Platform Navigation/Login/Validate_Password_text_field_for_Invalid_Password" time="63.021" classname="Test Cases/Atlas Platform/Platform Navigation/Login/Validate_Password_text_field_for_Invalid_Password" status="PASSED">
         <system-out><![CDATA[2020-01-13 13:20:41 - [TEST_CASE][PASSED] - Test Cases/Atlas Platform/Platform Navigation/Login/Validate_Password_text_field_for_Invalid_Password: Test Cases/Atlas Platform/Platform Navigation/Login/Validate_Password_text_field_for_Invalid_Password

2020-01-13 13:20:41 - [TEST_STEP][PASSED] - openBrowser(""): Browser is opened with url: ''

2020-01-13 13:20:41 - [MESSAGE][WARNING] - A browser is already opened. Closing browser and opening a new one

2020-01-13 13:20:42 - [MESSAGE][INFO] - Starting 'Chrome' driver

2020-01-13 13:20:42 - [MESSAGE][INFO] - User set preference: ['args', '[--start-maximized, --disable-web-security, --no-proxy-server]']

2020-01-13 13:20:42 - [MESSAGE][INFO] - User set preference: ['prefs', '{credentials_enable_service=false, profile.password_manager_enabled=false}']

2020-01-13 13:20:48 - [MESSAGE][PASSED] - Browser is opened with url: ''

2020-01-13 13:20:48 - [TEST_STEP][PASSED] - navigateToUrl("http://dqfn4clx0bazt.cloudfront.net/"): Navigate to 'http://dqfn4clx0bazt.cloudfront.net/' successfully

2020-01-13 13:20:52 - [MESSAGE][PASSED] - Navigate to 'http://dqfn4clx0bazt.cloudfront.net/' successfully

2020-01-13 13:20:52 - [TEST_STEP][PASSED] - setText(findTestObject("Login_Page/Page_/email address placeholder"), Email): Text 'amanda@toyota.com' is set on object 'Object Repository/Login_Page/Page_/email address placeholder'

2020-01-13 13:20:53 - [MESSAGE][PASSED] - Text 'amanda@toyota.com' is set on object 'Object Repository/Login_Page/Page_/email address placeholder'

2020-01-13 13:20:53 - [TEST_STEP][PASSED] - setText(findTestObject("Login_Page/Page_/Password placeholder"), Password): Text 'sandboxes' is set on object 'Object Repository/Login_Page/Page_/Password placeholder'

2020-01-13 13:20:54 - [MESSAGE][PASSED] - Text 'sandboxes' is set on object 'Object Repository/Login_Page/Page_/Password placeholder'

2020-01-13 13:20:54 - [TEST_STEP][PASSED] - click(findTestObject("Login_Page/Page_/Log In button")): Object: 'Object Repository/Login_Page/Page_/Log In button' is clicked on

2020-01-13 13:20:55 - [MESSAGE][PASSED] - Object: 'Object Repository/Login_Page/Page_/Log In button' is clicked on

2020-01-13 13:20:55 - [TEST_STEP][PASSED] - verifyElementPresent(findTestObject("Login_Page/Page_/Error Message_Password-Required field"), 30): Unable to find the element located by 'By.xpath: //span[text()='Required field']'. Please recheck the objects properties to make sure the desired element is located. 

2020-01-13 13:21:42 - [MESSAGE][INFO] - Unable to find the element located by 'By.xpath: //span[text()='Required field']'. Please recheck the objects properties to make sure the desired element is located. 

2020-01-13 13:21:42 - [TEST_STEP][PASSED] - Start listener action : sampleAfterTestCase: null

2020-01-13 13:21:42 - [TEST_STEP][PASSED] - println(testCaseContext.getTestCaseId()): null

2020-01-13 13:21:42 - [TEST_STEP][PASSED] - println(testCaseContext.getTestCaseStatus()): null

2020-01-13 13:21:42 - [TEST_STEP][PASSED] - println("On Failure Method is Calling : " + testCaseContext.getTestCaseStatus()): null

2020-01-13 13:21:42 - [TEST_STEP][PASSED] - if (!(getTestCaseStatus().equalsIgnoreCase("PASSED"))): null]]></system-out>
         <system-err><![CDATA[]]></system-err>
      </testcase>
      <testcase name="Test Cases/Atlas Platform/Platform Navigation/Login/Validate_Password_text_field_for_Invalid_Password" time="65.391" classname="Test Cases/Atlas Platform/Platform Navigation/Login/Validate_Password_text_field_for_Invalid_Password" status="PASSED">
         <system-out><![CDATA[2020-01-13 13:21:44 - [TEST_CASE][PASSED] - Test Cases/Atlas Platform/Platform Navigation/Login/Validate_Password_text_field_for_Invalid_Password: Test Cases/Atlas Platform/Platform Navigation/Login/Validate_Password_text_field_for_Invalid_Password

2020-01-13 13:21:44 - [TEST_STEP][PASSED] - openBrowser(""): Browser is opened with url: ''

2020-01-13 13:21:44 - [MESSAGE][WARNING] - A browser is already opened. Closing browser and opening a new one

2020-01-13 13:21:45 - [MESSAGE][INFO] - Starting 'Chrome' driver

2020-01-13 13:21:45 - [MESSAGE][INFO] - User set preference: ['args', '[--start-maximized, --disable-web-security, --no-proxy-server]']

2020-01-13 13:21:45 - [MESSAGE][INFO] - User set preference: ['prefs', '{credentials_enable_service=false, profile.password_manager_enabled=false}']

2020-01-13 13:21:51 - [MESSAGE][PASSED] - Browser is opened with url: ''

2020-01-13 13:21:51 - [TEST_STEP][PASSED] - navigateToUrl("http://dqfn4clx0bazt.cloudfront.net/"): Navigate to 'http://dqfn4clx0bazt.cloudfront.net/' successfully

2020-01-13 13:21:55 - [MESSAGE][PASSED] - Navigate to 'http://dqfn4clx0bazt.cloudfront.net/' successfully

2020-01-13 13:21:55 - [TEST_STEP][PASSED] - setText(findTestObject("Login_Page/Page_/email address placeholder"), Email): Text 'amanda@toyota.com' is set on object 'Object Repository/Login_Page/Page_/email address placeholder'

2020-01-13 13:21:57 - [MESSAGE][PASSED] - Text 'amanda@toyota.com' is set on object 'Object Repository/Login_Page/Page_/email address placeholder'

2020-01-13 13:21:57 - [TEST_STEP][PASSED] - setText(findTestObject("Login_Page/Page_/Password placeholder"), Password): Text 'sand123' is set on object 'Object Repository/Login_Page/Page_/Password placeholder'

2020-01-13 13:21:59 - [MESSAGE][PASSED] - Text 'sand123' is set on object 'Object Repository/Login_Page/Page_/Password placeholder'

2020-01-13 13:21:59 - [TEST_STEP][PASSED] - click(findTestObject("Login_Page/Page_/Log In button")): Object: 'Object Repository/Login_Page/Page_/Log In button' is clicked on

2020-01-13 13:22:07 - [MESSAGE][PASSED] - Object: 'Object Repository/Login_Page/Page_/Log In button' is clicked on

2020-01-13 13:22:07 - [TEST_STEP][PASSED] - verifyElementPresent(findTestObject("Login_Page/Page_/Error Message_Password-Required field"), 30): Unable to find the element located by 'By.xpath: //span[text()='Required field']'. Please recheck the objects properties to make sure the desired element is located. 

2020-01-13 13:22:48 - [MESSAGE][INFO] - Unable to find the element located by 'By.xpath: //span[text()='Required field']'. Please recheck the objects properties to make sure the desired element is located. 

2020-01-13 13:22:48 - [TEST_STEP][PASSED] - Start listener action : sampleAfterTestCase: null

2020-01-13 13:22:48 - [TEST_STEP][PASSED] - println(testCaseContext.getTestCaseId()): null

2020-01-13 13:22:48 - [TEST_STEP][PASSED] - println(testCaseContext.getTestCaseStatus()): null

2020-01-13 13:22:48 - [TEST_STEP][PASSED] - println("On Failure Method is Calling : " + testCaseContext.getTestCaseStatus()): null

2020-01-13 13:22:48 - [TEST_STEP][PASSED] - if (!(getTestCaseStatus().equalsIgnoreCase("PASSED"))): null]]></system-out>
         <system-err><![CDATA[]]></system-err>
      </testcase>
      <testcase name="Test Cases/Atlas Platform/Platform Navigation/Login/Validate_Password_text_field_for_Invalid_Password" time="63.259" classname="Test Cases/Atlas Platform/Platform Navigation/Login/Validate_Password_text_field_for_Invalid_Password" status="PASSED">
         <system-out><![CDATA[2020-01-13 13:22:50 - [TEST_CASE][PASSED] - Test Cases/Atlas Platform/Platform Navigation/Login/Validate_Password_text_field_for_Invalid_Password: Test Cases/Atlas Platform/Platform Navigation/Login/Validate_Password_text_field_for_Invalid_Password

2020-01-13 13:22:50 - [TEST_STEP][PASSED] - openBrowser(""): Browser is opened with url: ''

2020-01-13 13:22:50 - [MESSAGE][WARNING] - A browser is already opened. Closing browser and opening a new one

2020-01-13 13:22:50 - [MESSAGE][INFO] - Starting 'Chrome' driver

2020-01-13 13:22:50 - [MESSAGE][INFO] - User set preference: ['args', '[--start-maximized, --disable-web-security, --no-proxy-server]']

2020-01-13 13:22:50 - [MESSAGE][INFO] - User set preference: ['prefs', '{credentials_enable_service=false, profile.password_manager_enabled=false}']

2020-01-13 13:22:56 - [MESSAGE][PASSED] - Browser is opened with url: ''

2020-01-13 13:22:56 - [TEST_STEP][PASSED] - navigateToUrl("http://dqfn4clx0bazt.cloudfront.net/"): Navigate to 'http://dqfn4clx0bazt.cloudfront.net/' successfully

2020-01-13 13:23:02 - [MESSAGE][PASSED] - Navigate to 'http://dqfn4clx0bazt.cloudfront.net/' successfully

2020-01-13 13:23:02 - [TEST_STEP][PASSED] - setText(findTestObject("Login_Page/Page_/email address placeholder"), Email): Text 'amanda@toyota.com' is set on object 'Object Repository/Login_Page/Page_/email address placeholder'

2020-01-13 13:23:03 - [MESSAGE][PASSED] - Text 'amanda@toyota.com' is set on object 'Object Repository/Login_Page/Page_/email address placeholder'

2020-01-13 13:23:03 - [TEST_STEP][PASSED] - setText(findTestObject("Login_Page/Page_/Password placeholder"), Password): Text 'sand12345' is set on object 'Object Repository/Login_Page/Page_/Password placeholder'

2020-01-13 13:23:04 - [MESSAGE][PASSED] - Text 'sand12345' is set on object 'Object Repository/Login_Page/Page_/Password placeholder'

2020-01-13 13:23:04 - [TEST_STEP][PASSED] - click(findTestObject("Login_Page/Page_/Log In button")): Object: 'Object Repository/Login_Page/Page_/Log In button' is clicked on

2020-01-13 13:23:05 - [MESSAGE][PASSED] - Object: 'Object Repository/Login_Page/Page_/Log In button' is clicked on

2020-01-13 13:23:05 - [TEST_STEP][PASSED] - verifyElementPresent(findTestObject("Login_Page/Page_/Error Message_Password-Required field"), 30): Unable to find the element located by 'By.xpath: //span[text()='Required field']'. Please recheck the objects properties to make sure the desired element is located. 

2020-01-13 13:23:51 - [MESSAGE][INFO] - Unable to find the element located by 'By.xpath: //span[text()='Required field']'. Please recheck the objects properties to make sure the desired element is located. 

2020-01-13 13:23:51 - [TEST_STEP][PASSED] - Start listener action : sampleAfterTestCase: null

2020-01-13 13:23:51 - [TEST_STEP][PASSED] - println(testCaseContext.getTestCaseId()): null

2020-01-13 13:23:51 - [TEST_STEP][PASSED] - println(testCaseContext.getTestCaseStatus()): null

2020-01-13 13:23:51 - [TEST_STEP][PASSED] - println("On Failure Method is Calling : " + testCaseContext.getTestCaseStatus()): null

2020-01-13 13:23:51 - [TEST_STEP][PASSED] - if (!(getTestCaseStatus().equalsIgnoreCase("PASSED"))): null]]></system-out>
         <system-err><![CDATA[]]></system-err>
      </testcase>
      <testcase name="Test Cases/Atlas Platform/Platform Navigation/Login/Validate_Password_text_field_for_Invalid_Password" time="61.427" classname="Test Cases/Atlas Platform/Platform Navigation/Login/Validate_Password_text_field_for_Invalid_Password" status="PASSED">
         <system-out><![CDATA[2020-01-13 13:23:53 - [TEST_CASE][PASSED] - Test Cases/Atlas Platform/Platform Navigation/Login/Validate_Password_text_field_for_Invalid_Password: Test Cases/Atlas Platform/Platform Navigation/Login/Validate_Password_text_field_for_Invalid_Password

2020-01-13 13:23:53 - [TEST_STEP][PASSED] - openBrowser(""): Browser is opened with url: ''

2020-01-13 13:23:53 - [MESSAGE][WARNING] - A browser is already opened. Closing browser and opening a new one

2020-01-13 13:23:54 - [MESSAGE][INFO] - Starting 'Chrome' driver

2020-01-13 13:23:54 - [MESSAGE][INFO] - User set preference: ['args', '[--start-maximized, --disable-web-security, --no-proxy-server]']

2020-01-13 13:23:54 - [MESSAGE][INFO] - User set preference: ['prefs', '{credentials_enable_service=false, profile.password_manager_enabled=false}']

2020-01-13 13:24:00 - [MESSAGE][PASSED] - Browser is opened with url: ''

2020-01-13 13:24:00 - [TEST_STEP][PASSED] - navigateToUrl("http://dqfn4clx0bazt.cloudfront.net/"): Navigate to 'http://dqfn4clx0bazt.cloudfront.net/' successfully

2020-01-13 13:24:04 - [MESSAGE][PASSED] - Navigate to 'http://dqfn4clx0bazt.cloudfront.net/' successfully

2020-01-13 13:24:04 - [TEST_STEP][PASSED] - setText(findTestObject("Login_Page/Page_/email address placeholder"), Email): Text 'amanda@toyota.com' is set on object 'Object Repository/Login_Page/Page_/email address placeholder'

2020-01-13 13:24:05 - [MESSAGE][PASSED] - Text 'amanda@toyota.com' is set on object 'Object Repository/Login_Page/Page_/email address placeholder'

2020-01-13 13:24:05 - [TEST_STEP][PASSED] - setText(findTestObject("Login_Page/Page_/Password placeholder"), Password): Text '1234568' is set on object 'Object Repository/Login_Page/Page_/Password placeholder'

2020-01-13 13:24:06 - [MESSAGE][PASSED] - Text '1234568' is set on object 'Object Repository/Login_Page/Page_/Password placeholder'

2020-01-13 13:24:06 - [TEST_STEP][PASSED] - click(findTestObject("Login_Page/Page_/Log In button")): Object: 'Object Repository/Login_Page/Page_/Log In button' is clicked on

2020-01-13 13:24:06 - [MESSAGE][PASSED] - Object: 'Object Repository/Login_Page/Page_/Log In button' is clicked on

2020-01-13 13:24:06 - [TEST_STEP][PASSED] - verifyElementPresent(findTestObject("Login_Page/Page_/Error Message_Password-Required field"), 30): Unable to find the element located by 'By.xpath: //span[text()='Required field']'. Please recheck the objects properties to make sure the desired element is located. 

2020-01-13 13:24:52 - [MESSAGE][INFO] - Unable to find the element located by 'By.xpath: //span[text()='Required field']'. Please recheck the objects properties to make sure the desired element is located. 

2020-01-13 13:24:52 - [TEST_STEP][PASSED] - Start listener action : sampleAfterTestCase: null

2020-01-13 13:24:52 - [TEST_STEP][PASSED] - println(testCaseContext.getTestCaseId()): null

2020-01-13 13:24:52 - [TEST_STEP][PASSED] - println(testCaseContext.getTestCaseStatus()): null

2020-01-13 13:24:52 - [TEST_STEP][PASSED] - println("On Failure Method is Calling : " + testCaseContext.getTestCaseStatus()): null

2020-01-13 13:24:52 - [TEST_STEP][PASSED] - if (!(getTestCaseStatus().equalsIgnoreCase("PASSED"))): null]]></system-out>
         <system-err><![CDATA[]]></system-err>
      </testcase>
      <testcase name="Test Cases/Atlas Platform/Platform Navigation/Login/Validate_Password_text_field_for_Invalid_Password" time="62.277" classname="Test Cases/Atlas Platform/Platform Navigation/Login/Validate_Password_text_field_for_Invalid_Password" status="PASSED">
         <system-out><![CDATA[2020-01-13 13:24:54 - [TEST_CASE][PASSED] - Test Cases/Atlas Platform/Platform Navigation/Login/Validate_Password_text_field_for_Invalid_Password: Test Cases/Atlas Platform/Platform Navigation/Login/Validate_Password_text_field_for_Invalid_Password

2020-01-13 13:24:54 - [TEST_STEP][PASSED] - openBrowser(""): Browser is opened with url: ''

2020-01-13 13:24:54 - [MESSAGE][WARNING] - A browser is already opened. Closing browser and opening a new one

2020-01-13 13:24:55 - [MESSAGE][INFO] - Starting 'Chrome' driver

2020-01-13 13:24:55 - [MESSAGE][INFO] - User set preference: ['args', '[--start-maximized, --disable-web-security, --no-proxy-server]']

2020-01-13 13:24:55 - [MESSAGE][INFO] - User set preference: ['prefs', '{credentials_enable_service=false, profile.password_manager_enabled=false}']

2020-01-13 13:25:01 - [MESSAGE][PASSED] - Browser is opened with url: ''

2020-01-13 13:25:01 - [TEST_STEP][PASSED] - navigateToUrl("http://dqfn4clx0bazt.cloudfront.net/"): Navigate to 'http://dqfn4clx0bazt.cloudfront.net/' successfully

2020-01-13 13:25:05 - [MESSAGE][PASSED] - Navigate to 'http://dqfn4clx0bazt.cloudfront.net/' successfully

2020-01-13 13:25:05 - [TEST_STEP][PASSED] - setText(findTestObject("Login_Page/Page_/email address placeholder"), Email): Text 'amanda@toyota.com' is set on object 'Object Repository/Login_Page/Page_/email address placeholder'

2020-01-13 13:25:06 - [MESSAGE][PASSED] - Text 'amanda@toyota.com' is set on object 'Object Repository/Login_Page/Page_/email address placeholder'

2020-01-13 13:25:06 - [TEST_STEP][PASSED] - setText(findTestObject("Login_Page/Page_/Password placeholder"), Password): Text '123456789' is set on object 'Object Repository/Login_Page/Page_/Password placeholder'

2020-01-13 13:25:07 - [MESSAGE][PASSED] - Text '123456789' is set on object 'Object Repository/Login_Page/Page_/Password placeholder'

2020-01-13 13:25:07 - [TEST_STEP][PASSED] - click(findTestObject("Login_Page/Page_/Log In button")): Object: 'Object Repository/Login_Page/Page_/Log In button' is clicked on

2020-01-13 13:25:08 - [MESSAGE][PASSED] - Object: 'Object Repository/Login_Page/Page_/Log In button' is clicked on

2020-01-13 13:25:08 - [TEST_STEP][PASSED] - verifyElementPresent(findTestObject("Login_Page/Page_/Error Message_Password-Required field"), 30): Unable to find the element located by 'By.xpath: //span[text()='Required field']'. Please recheck the objects properties to make sure the desired element is located. 

2020-01-13 13:25:55 - [MESSAGE][INFO] - Unable to find the element located by 'By.xpath: //span[text()='Required field']'. Please recheck the objects properties to make sure the desired element is located. 

2020-01-13 13:25:55 - [TEST_STEP][PASSED] - Start listener action : sampleAfterTestCase: null

2020-01-13 13:25:55 - [TEST_STEP][PASSED] - println(testCaseContext.getTestCaseId()): null

2020-01-13 13:25:55 - [TEST_STEP][PASSED] - println(testCaseContext.getTestCaseStatus()): null

2020-01-13 13:25:55 - [TEST_STEP][PASSED] - println("On Failure Method is Calling : " + testCaseContext.getTestCaseStatus()): null

2020-01-13 13:25:55 - [TEST_STEP][PASSED] - if (!(getTestCaseStatus().equalsIgnoreCase("PASSED"))): null]]></system-out>
         <system-err><![CDATA[]]></system-err>
      </testcase>
      <testcase name="Test Cases/Atlas Platform/Platform Navigation/Login/Validate_Password_text_field_for_Invalid_Password" time="61.07" classname="Test Cases/Atlas Platform/Platform Navigation/Login/Validate_Password_text_field_for_Invalid_Password" status="PASSED">
         <system-out><![CDATA[2020-01-13 13:25:57 - [TEST_CASE][PASSED] - Test Cases/Atlas Platform/Platform Navigation/Login/Validate_Password_text_field_for_Invalid_Password: Test Cases/Atlas Platform/Platform Navigation/Login/Validate_Password_text_field_for_Invalid_Password

2020-01-13 13:25:57 - [TEST_STEP][PASSED] - openBrowser(""): Browser is opened with url: ''

2020-01-13 13:25:57 - [MESSAGE][WARNING] - A browser is already opened. Closing browser and opening a new one

2020-01-13 13:25:58 - [MESSAGE][INFO] - Starting 'Chrome' driver

2020-01-13 13:25:58 - [MESSAGE][INFO] - User set preference: ['args', '[--start-maximized, --disable-web-security, --no-proxy-server]']

2020-01-13 13:25:58 - [MESSAGE][INFO] - User set preference: ['prefs', '{credentials_enable_service=false, profile.password_manager_enabled=false}']

2020-01-13 13:26:04 - [MESSAGE][PASSED] - Browser is opened with url: ''

2020-01-13 13:26:04 - [TEST_STEP][PASSED] - navigateToUrl("http://dqfn4clx0bazt.cloudfront.net/"): Navigate to 'http://dqfn4clx0bazt.cloudfront.net/' successfully

2020-01-13 13:26:07 - [MESSAGE][PASSED] - Navigate to 'http://dqfn4clx0bazt.cloudfront.net/' successfully

2020-01-13 13:26:07 - [TEST_STEP][PASSED] - setText(findTestObject("Login_Page/Page_/email address placeholder"), Email): Text 'amanda@toyota.com' is set on object 'Object Repository/Login_Page/Page_/email address placeholder'

2020-01-13 13:26:08 - [MESSAGE][PASSED] - Text 'amanda@toyota.com' is set on object 'Object Repository/Login_Page/Page_/email address placeholder'

2020-01-13 13:26:08 - [TEST_STEP][PASSED] - setText(findTestObject("Login_Page/Page_/Password placeholder"), Password): Text '!@#$%&)' is set on object 'Object Repository/Login_Page/Page_/Password placeholder'

2020-01-13 13:26:09 - [MESSAGE][PASSED] - Text '!@#$%&)' is set on object 'Object Repository/Login_Page/Page_/Password placeholder'

2020-01-13 13:26:09 - [TEST_STEP][PASSED] - click(findTestObject("Login_Page/Page_/Log In button")): Object: 'Object Repository/Login_Page/Page_/Log In button' is clicked on

2020-01-13 13:26:09 - [MESSAGE][PASSED] - Object: 'Object Repository/Login_Page/Page_/Log In button' is clicked on

2020-01-13 13:26:09 - [TEST_STEP][PASSED] - verifyElementPresent(findTestObject("Login_Page/Page_/Error Message_Password-Required field"), 30): Unable to find the element located by 'By.xpath: //span[text()='Required field']'. Please recheck the objects properties to make sure the desired element is located. 

2020-01-13 13:26:56 - [MESSAGE][INFO] - Unable to find the element located by 'By.xpath: //span[text()='Required field']'. Please recheck the objects properties to make sure the desired element is located. 

2020-01-13 13:26:56 - [TEST_STEP][PASSED] - Start listener action : sampleAfterTestCase: null

2020-01-13 13:26:56 - [TEST_STEP][PASSED] - println(testCaseContext.getTestCaseId()): null

2020-01-13 13:26:56 - [TEST_STEP][PASSED] - println(testCaseContext.getTestCaseStatus()): null

2020-01-13 13:26:56 - [TEST_STEP][PASSED] - println("On Failure Method is Calling : " + testCaseContext.getTestCaseStatus()): null

2020-01-13 13:26:56 - [TEST_STEP][PASSED] - if (!(getTestCaseStatus().equalsIgnoreCase("PASSED"))): null]]></system-out>
         <system-err><![CDATA[]]></system-err>
      </testcase>
      <testcase name="Test Cases/Atlas Platform/Platform Navigation/Login/Validate_Password_text_field_for_Invalid_Password" time="62.065" classname="Test Cases/Atlas Platform/Platform Navigation/Login/Validate_Password_text_field_for_Invalid_Password" status="PASSED">
         <system-out><![CDATA[2020-01-13 13:26:58 - [TEST_CASE][PASSED] - Test Cases/Atlas Platform/Platform Navigation/Login/Validate_Password_text_field_for_Invalid_Password: Test Cases/Atlas Platform/Platform Navigation/Login/Validate_Password_text_field_for_Invalid_Password

2020-01-13 13:26:58 - [TEST_STEP][PASSED] - openBrowser(""): Browser is opened with url: ''

2020-01-13 13:26:58 - [MESSAGE][WARNING] - A browser is already opened. Closing browser and opening a new one

2020-01-13 13:26:59 - [MESSAGE][INFO] - Starting 'Chrome' driver

2020-01-13 13:26:59 - [MESSAGE][INFO] - User set preference: ['args', '[--start-maximized, --disable-web-security, --no-proxy-server]']

2020-01-13 13:26:59 - [MESSAGE][INFO] - User set preference: ['prefs', '{credentials_enable_service=false, profile.password_manager_enabled=false}']

2020-01-13 13:27:05 - [MESSAGE][PASSED] - Browser is opened with url: ''

2020-01-13 13:27:05 - [TEST_STEP][PASSED] - navigateToUrl("http://dqfn4clx0bazt.cloudfront.net/"): Navigate to 'http://dqfn4clx0bazt.cloudfront.net/' successfully

2020-01-13 13:27:08 - [MESSAGE][PASSED] - Navigate to 'http://dqfn4clx0bazt.cloudfront.net/' successfully

2020-01-13 13:27:08 - [TEST_STEP][PASSED] - setText(findTestObject("Login_Page/Page_/email address placeholder"), Email): Text 'amanda@toyota.com' is set on object 'Object Repository/Login_Page/Page_/email address placeholder'

2020-01-13 13:27:10 - [MESSAGE][PASSED] - Text 'amanda@toyota.com' is set on object 'Object Repository/Login_Page/Page_/email address placeholder'

2020-01-13 13:27:10 - [TEST_STEP][PASSED] - setText(findTestObject("Login_Page/Page_/Password placeholder"), Password): Text 'San@123' is set on object 'Object Repository/Login_Page/Page_/Password placeholder'

2020-01-13 13:27:11 - [MESSAGE][PASSED] - Text 'San@123' is set on object 'Object Repository/Login_Page/Page_/Password placeholder'

2020-01-13 13:27:11 - [TEST_STEP][PASSED] - click(findTestObject("Login_Page/Page_/Log In button")): Object: 'Object Repository/Login_Page/Page_/Log In button' is clicked on

2020-01-13 13:27:12 - [MESSAGE][PASSED] - Object: 'Object Repository/Login_Page/Page_/Log In button' is clicked on

2020-01-13 13:27:12 - [TEST_STEP][PASSED] - verifyElementPresent(findTestObject("Login_Page/Page_/Error Message_Password-Required field"), 30): Unable to find the element located by 'By.xpath: //span[text()='Required field']'. Please recheck the objects properties to make sure the desired element is located. 

2020-01-13 13:27:57 - [MESSAGE][INFO] - Unable to find the element located by 'By.xpath: //span[text()='Required field']'. Please recheck the objects properties to make sure the desired element is located. 

2020-01-13 13:27:57 - [TEST_STEP][PASSED] - Start listener action : sampleAfterTestCase: null

2020-01-13 13:27:57 - [TEST_STEP][PASSED] - println(testCaseContext.getTestCaseId()): null

2020-01-13 13:27:57 - [TEST_STEP][PASSED] - println(testCaseContext.getTestCaseStatus()): null

2020-01-13 13:27:57 - [TEST_STEP][PASSED] - println("On Failure Method is Calling : " + testCaseContext.getTestCaseStatus()): null

2020-01-13 13:27:57 - [TEST_STEP][PASSED] - if (!(getTestCaseStatus().equalsIgnoreCase("PASSED"))): null]]></system-out>
         <system-err><![CDATA[]]></system-err>
      </testcase>
      <system-out><![CDATA[2020-01-13 12:40:49 - [TEST_SUITE][FAILED] - Login_Valid and Invalid: Test Cases/Atlas Platform/Platform Navigation/Login/Validate_Password_text_field_for_Invalid_Password FAILED.
Reason:
com.kms.katalon.core.exception.StepFailedException: Unable to set text 'amanda@toyota.com' of object 'Object Repository/Login_Page/Page_/email address placeholder' (Root cause: com.kms.katalon.core.exception.StepFailedException: Unable to set text 'amanda@toyota.com' of object 'Object Repository/Login_Page/Page_/email address placeholder'
	at com.kms.katalon.core.webui.keyword.internal.WebUIKeywordMain.stepFailed(WebUIKeywordMain.groovy:64)
	at com.kms.katalon.core.webui.keyword.internal.WebUIKeywordMain.runKeyword(WebUIKeywordMain.groovy:26)
	at com.kms.katalon.core.webui.keyword.builtin.SetTextKeyword.setText(SetTextKeyword.groovy:66)
	at com.kms.katalon.core.webui.keyword.builtin.SetTextKeyword.execute(SetTextKeyword.groovy:37)
	at com.kms.katalon.core.keyword.internal.KeywordExecutor.executeKeywordForPlatform(KeywordExecutor.groovy:60)
	at com.kms.katalon.core.webui.keyword.WebUiBuiltInKeywords.setText(WebUiBuiltInKeywords.groovy:950)
	at com.kms.katalon.core.webui.keyword.WebUiBuiltInKeywords$setText$1.call(Unknown Source)
	at Validate_Password_text_field_for_Invalid_Password.run(Validate_Password_text_field_for_Invalid_Password:23)
	at com.kms.katalon.core.main.ScriptEngine.run(ScriptEngine.java:194)
	at com.kms.katalon.core.main.ScriptEngine.runScriptAsRawText(ScriptEngine.java:119)
	at com.kms.katalon.core.main.TestCaseExecutor.runScript(TestCaseExecutor.java:337)
	at com.kms.katalon.core.main.TestCaseExecutor.doExecute(TestCaseExecutor.java:328)
	at com.kms.katalon.core.main.TestCaseExecutor.processExecutionPhase(TestCaseExecutor.java:307)
	at com.kms.katalon.core.main.TestCaseExecutor.accessMainPhase(TestCaseExecutor.java:299)
	at com.kms.katalon.core.main.TestCaseExecutor.execute(TestCaseExecutor.java:233)
	at com.kms.katalon.core.main.TestSuiteExecutor.accessTestCaseMainPhase(TestSuiteExecutor.java:169)
	at com.kms.katalon.core.main.TestSuiteExecutor.accessTestSuiteMainPhase(TestSuiteExecutor.java:142)
	at com.kms.katalon.core.main.TestSuiteExecutor.execute(TestSuiteExecutor.java:91)
	at com.kms.katalon.core.main.TestCaseMain.startTestSuite(TestCaseMain.java:157)
	at com.kms.katalon.core.main.TestCaseMain$startTestSuite$0.call(Unknown Source)
	at TempTestSuite1578899438989.run(TempTestSuite1578899438989.groovy:36)
Caused by: com.kms.katalon.core.webui.exception.WebElementNotFoundException: Web element with id: 'Object Repository/Login_Page/Page_/email address placeholder' located by 'By.xpath: (.//*[normalize-space(text()) and normalize-space(.)='Email Address'])[1]/following::input[1]' not found
	at com.kms.katalon.core.webui.common.WebUiCommonHelper.findWebElement(WebUiCommonHelper.java:1113)
	at com.kms.katalon.core.webui.keyword.internal.WebUIAbstractKeyword.findWebElement(WebUIAbstractKeyword.groovy:27)
	at com.kms.katalon.core.webui.keyword.internal.WebUIAbstractKeyword.findWebElement(WebUIAbstractKeyword.groovy:26)
	at com.kms.katalon.core.webui.keyword.builtin.SetTextKeyword$_setText_closure1.doCall(SetTextKeyword.groovy:51)
	at com.kms.katalon.core.webui.keyword.builtin.SetTextKeyword$_setText_closure1.call(SetTextKeyword.groovy)
	at com.kms.katalon.core.webui.keyword.internal.WebUIKeywordMain.runKeyword(WebUIKeywordMain.groovy:20)
	at com.kms.katalon.core.webui.keyword.builtin.SetTextKeyword.setText(SetTextKeyword.groovy:66)
	at com.kms.katalon.core.webui.keyword.builtin.SetTextKeyword.execute(SetTextKeyword.groovy:37)
	at com.kms.katalon.core.keyword.internal.KeywordExecutor.executeKeywordForPlatform(KeywordExecutor.groovy:60)
	at com.kms.katalon.core.webui.keyword.WebUiBuiltInKeywords.setText(WebUiBuiltInKeywords.groovy:950)
	at com.kms.katalon.core.webui.keyword.WebUiBuiltInKeywords$setText$1.call(Unknown Source)
	at Script1578651678849.run(Script1578651678849.groovy:23)
	... 13 more
)
	at com.kms.katalon.core.keyword.internal.KeywordMain.stepFailed(KeywordMain.groovy:39)
	at com.kms.katalon.core.webui.keyword.internal.WebUIKeywordMain.stepFailed(WebUIKeywordMain.groovy:64)
	at com.kms.katalon.core.webui.keyword.internal.WebUIKeywordMain.runKeyword(WebUIKeywordMain.groovy:26)
	at com.kms.katalon.core.webui.keyword.builtin.SetTextKeyword.setText(SetTextKeyword.groovy:66)
	at com.kms.katalon.core.webui.keyword.builtin.SetTextKeyword.execute(SetTextKeyword.groovy:37)
	at com.kms.katalon.core.keyword.internal.KeywordExecutor.executeKeywordForPlatform(KeywordExecutor.groovy:60)
	at com.kms.katalon.core.webui.keyword.WebUiBuiltInKeywords.setText(WebUiBuiltInKeywords.groovy:950)
	at com.kms.katalon.core.webui.keyword.WebUiBuiltInKeywords$setText$1.call(Unknown Source)
	at Validate_Password_text_field_for_Invalid_Password.run(Validate_Password_text_field_for_Invalid_Password:23)
	at com.kms.katalon.core.main.ScriptEngine.run(ScriptEngine.java:194)
	at com.kms.katalon.core.main.ScriptEngine.runScriptAsRawText(ScriptEngine.java:119)
	at com.kms.katalon.core.main.TestCaseExecutor.runScript(TestCaseExecutor.java:337)
	at com.kms.katalon.core.main.TestCaseExecutor.doExecute(TestCaseExecutor.java:328)
	at com.kms.katalon.core.main.TestCaseExecutor.processExecutionPhase(TestCaseExecutor.java:307)
	at com.kms.katalon.core.main.TestCaseExecutor.accessMainPhase(TestCaseExecutor.java:299)
	at com.kms.katalon.core.main.TestCaseExecutor.execute(TestCaseExecutor.java:233)
	at com.kms.katalon.core.main.TestSuiteExecutor.accessTestCaseMainPhase(TestSuiteExecutor.java:169)
	at com.kms.katalon.core.main.TestSuiteExecutor.accessTestSuiteMainPhase(TestSuiteExecutor.java:142)
	at com.kms.katalon.core.main.TestSuiteExecutor.execute(TestSuiteExecutor.java:91)
	at com.kms.katalon.core.main.TestCaseMain.startTestSuite(TestCaseMain.java:157)
	at com.kms.katalon.core.main.TestCaseMain$startTestSuite$0.call(Unknown Source)
	at TempTestSuite1578899438989.run(TempTestSuite1578899438989.groovy:36)
Caused by: com.kms.katalon.core.exception.StepFailedException: Unable to set text 'amanda@toyota.com' of object 'Object Repository/Login_Page/Page_/email address placeholder'
	... 21 more
Caused by: com.kms.katalon.core.webui.exception.WebElementNotFoundException: Web element with id: 'Object Repository/Login_Page/Page_/email address placeholder' located by 'By.xpath: (.//*[normalize-space(text()) and normalize-space(.)='Email Address'])[1]/following::input[1]' not found
	at com.kms.katalon.core.webui.common.WebUiCommonHelper.findWebElement(WebUiCommonHelper.java:1113)
	at com.kms.katalon.core.webui.keyword.internal.WebUIAbstractKeyword.findWebElement(WebUIAbstractKeyword.groovy:27)
	at com.kms.katalon.core.webui.keyword.internal.WebUIAbstractKeyword.findWebElement(WebUIAbstractKeyword.groovy:26)
	at com.kms.katalon.core.webui.keyword.builtin.SetTextKeyword$_setText_closure1.doCall(SetTextKeyword.groovy:51)
	at com.kms.katalon.core.webui.keyword.builtin.SetTextKeyword$_setText_closure1.call(SetTextKeyword.groovy)
	at com.kms.katalon.core.webui.keyword.internal.WebUIKeywordMain.runKeyword(WebUIKeywordMain.groovy:20)
	... 19 more]]></system-out>
      <system-err><![CDATA[2020-01-13 12:40:49 - [TEST_SUITE][FAILED] - Login_Valid and Invalid: Test Cases/Atlas Platform/Platform Navigation/Login/Validate_Password_text_field_for_Invalid_Password FAILED.
Reason:
com.kms.katalon.core.exception.StepFailedException: Unable to set text 'amanda@toyota.com' of object 'Object Repository/Login_Page/Page_/email address placeholder' (Root cause: com.kms.katalon.core.exception.StepFailedException: Unable to set text 'amanda@toyota.com' of object 'Object Repository/Login_Page/Page_/email address placeholder'
	at com.kms.katalon.core.webui.keyword.internal.WebUIKeywordMain.stepFailed(WebUIKeywordMain.groovy:64)
	at com.kms.katalon.core.webui.keyword.internal.WebUIKeywordMain.runKeyword(WebUIKeywordMain.groovy:26)
	at com.kms.katalon.core.webui.keyword.builtin.SetTextKeyword.setText(SetTextKeyword.groovy:66)
	at com.kms.katalon.core.webui.keyword.builtin.SetTextKeyword.execute(SetTextKeyword.groovy:37)
	at com.kms.katalon.core.keyword.internal.KeywordExecutor.executeKeywordForPlatform(KeywordExecutor.groovy:60)
	at com.kms.katalon.core.webui.keyword.WebUiBuiltInKeywords.setText(WebUiBuiltInKeywords.groovy:950)
	at com.kms.katalon.core.webui.keyword.WebUiBuiltInKeywords$setText$1.call(Unknown Source)
	at Validate_Password_text_field_for_Invalid_Password.run(Validate_Password_text_field_for_Invalid_Password:23)
	at com.kms.katalon.core.main.ScriptEngine.run(ScriptEngine.java:194)
	at com.kms.katalon.core.main.ScriptEngine.runScriptAsRawText(ScriptEngine.java:119)
	at com.kms.katalon.core.main.TestCaseExecutor.runScript(TestCaseExecutor.java:337)
	at com.kms.katalon.core.main.TestCaseExecutor.doExecute(TestCaseExecutor.java:328)
	at com.kms.katalon.core.main.TestCaseExecutor.processExecutionPhase(TestCaseExecutor.java:307)
	at com.kms.katalon.core.main.TestCaseExecutor.accessMainPhase(TestCaseExecutor.java:299)
	at com.kms.katalon.core.main.TestCaseExecutor.execute(TestCaseExecutor.java:233)
	at com.kms.katalon.core.main.TestSuiteExecutor.accessTestCaseMainPhase(TestSuiteExecutor.java:169)
	at com.kms.katalon.core.main.TestSuiteExecutor.accessTestSuiteMainPhase(TestSuiteExecutor.java:142)
	at com.kms.katalon.core.main.TestSuiteExecutor.execute(TestSuiteExecutor.java:91)
	at com.kms.katalon.core.main.TestCaseMain.startTestSuite(TestCaseMain.java:157)
	at com.kms.katalon.core.main.TestCaseMain$startTestSuite$0.call(Unknown Source)
	at TempTestSuite1578899438989.run(TempTestSuite1578899438989.groovy:36)
Caused by: com.kms.katalon.core.webui.exception.WebElementNotFoundException: Web element with id: 'Object Repository/Login_Page/Page_/email address placeholder' located by 'By.xpath: (.//*[normalize-space(text()) and normalize-space(.)='Email Address'])[1]/following::input[1]' not found
	at com.kms.katalon.core.webui.common.WebUiCommonHelper.findWebElement(WebUiCommonHelper.java:1113)
	at com.kms.katalon.core.webui.keyword.internal.WebUIAbstractKeyword.findWebElement(WebUIAbstractKeyword.groovy:27)
	at com.kms.katalon.core.webui.keyword.internal.WebUIAbstractKeyword.findWebElement(WebUIAbstractKeyword.groovy:26)
	at com.kms.katalon.core.webui.keyword.builtin.SetTextKeyword$_setText_closure1.doCall(SetTextKeyword.groovy:51)
	at com.kms.katalon.core.webui.keyword.builtin.SetTextKeyword$_setText_closure1.call(SetTextKeyword.groovy)
	at com.kms.katalon.core.webui.keyword.internal.WebUIKeywordMain.runKeyword(WebUIKeywordMain.groovy:20)
	at com.kms.katalon.core.webui.keyword.builtin.SetTextKeyword.setText(SetTextKeyword.groovy:66)
	at com.kms.katalon.core.webui.keyword.builtin.SetTextKeyword.execute(SetTextKeyword.groovy:37)
	at com.kms.katalon.core.keyword.internal.KeywordExecutor.executeKeywordForPlatform(KeywordExecutor.groovy:60)
	at com.kms.katalon.core.webui.keyword.WebUiBuiltInKeywords.setText(WebUiBuiltInKeywords.groovy:950)
	at com.kms.katalon.core.webui.keyword.WebUiBuiltInKeywords$setText$1.call(Unknown Source)
	at Script1578651678849.run(Script1578651678849.groovy:23)
	... 13 more
)
	at com.kms.katalon.core.keyword.internal.KeywordMain.stepFailed(KeywordMain.groovy:39)
	at com.kms.katalon.core.webui.keyword.internal.WebUIKeywordMain.stepFailed(WebUIKeywordMain.groovy:64)
	at com.kms.katalon.core.webui.keyword.internal.WebUIKeywordMain.runKeyword(WebUIKeywordMain.groovy:26)
	at com.kms.katalon.core.webui.keyword.builtin.SetTextKeyword.setText(SetTextKeyword.groovy:66)
	at com.kms.katalon.core.webui.keyword.builtin.SetTextKeyword.execute(SetTextKeyword.groovy:37)
	at com.kms.katalon.core.keyword.internal.KeywordExecutor.executeKeywordForPlatform(KeywordExecutor.groovy:60)
	at com.kms.katalon.core.webui.keyword.WebUiBuiltInKeywords.setText(WebUiBuiltInKeywords.groovy:950)
	at com.kms.katalon.core.webui.keyword.WebUiBuiltInKeywords$setText$1.call(Unknown Source)
	at Validate_Password_text_field_for_Invalid_Password.run(Validate_Password_text_field_for_Invalid_Password:23)
	at com.kms.katalon.core.main.ScriptEngine.run(ScriptEngine.java:194)
	at com.kms.katalon.core.main.ScriptEngine.runScriptAsRawText(ScriptEngine.java:119)
	at com.kms.katalon.core.main.TestCaseExecutor.runScript(TestCaseExecutor.java:337)
	at com.kms.katalon.core.main.TestCaseExecutor.doExecute(TestCaseExecutor.java:328)
	at com.kms.katalon.core.main.TestCaseExecutor.processExecutionPhase(TestCaseExecutor.java:307)
	at com.kms.katalon.core.main.TestCaseExecutor.accessMainPhase(TestCaseExecutor.java:299)
	at com.kms.katalon.core.main.TestCaseExecutor.execute(TestCaseExecutor.java:233)
	at com.kms.katalon.core.main.TestSuiteExecutor.accessTestCaseMainPhase(TestSuiteExecutor.java:169)
	at com.kms.katalon.core.main.TestSuiteExecutor.accessTestSuiteMainPhase(TestSuiteExecutor.java:142)
	at com.kms.katalon.core.main.TestSuiteExecutor.execute(TestSuiteExecutor.java:91)
	at com.kms.katalon.core.main.TestCaseMain.startTestSuite(TestCaseMain.java:157)
	at com.kms.katalon.core.main.TestCaseMain$startTestSuite$0.call(Unknown Source)
	at TempTestSuite1578899438989.run(TempTestSuite1578899438989.groovy:36)
Caused by: com.kms.katalon.core.exception.StepFailedException: Unable to set text 'amanda@toyota.com' of object 'Object Repository/Login_Page/Page_/email address placeholder'
	... 21 more
Caused by: com.kms.katalon.core.webui.exception.WebElementNotFoundException: Web element with id: 'Object Repository/Login_Page/Page_/email address placeholder' located by 'By.xpath: (.//*[normalize-space(text()) and normalize-space(.)='Email Address'])[1]/following::input[1]' not found
	at com.kms.katalon.core.webui.common.WebUiCommonHelper.findWebElement(WebUiCommonHelper.java:1113)
	at com.kms.katalon.core.webui.keyword.internal.WebUIAbstractKeyword.findWebElement(WebUIAbstractKeyword.groovy:27)
	at com.kms.katalon.core.webui.keyword.internal.WebUIAbstractKeyword.findWebElement(WebUIAbstractKeyword.groovy:26)
	at com.kms.katalon.core.webui.keyword.builtin.SetTextKeyword$_setText_closure1.doCall(SetTextKeyword.groovy:51)
	at com.kms.katalon.core.webui.keyword.builtin.SetTextKeyword$_setText_closure1.call(SetTextKeyword.groovy)
	at com.kms.katalon.core.webui.keyword.internal.WebUIKeywordMain.runKeyword(WebUIKeywordMain.groovy:20)
	... 19 more]]></system-err>
   </testsuite>
</testsuites>
