<?xml version="1.0" encoding="UTF-8"?>
<testsuites name="Roles (sanity)" time="539.624" tests="11" failures="0" errors="0">
   <testsuite name="Roles (sanity)" tests="11" failures="0" errors="0" time="539.624" timestamp="2020-03-13 15:44:37" hostname="Dell - DESKTOP-8FKLJ50" id="Test Suites/ROLES/Roles (sanity)">
      <properties>
         <property name="deviceName" value=""/>
         <property name="devicePlatform" value=""/>
         <property name="logFolder" value="C:\\Users\\Dell\\git\\AtlasPlatform_QA\\Reports\\20200313_154422\\ROLES\\Roles (sanity)\\20200313_154422"/>
         <property name="logFiles" value="C:\\Users\\Dell\\git\\AtlasPlatform_QA\\Reports\\20200313_154422\\ROLES\\Roles (sanity)\\20200313_154422\\execution0.log"/>
         <property name="attachments" value=""/>
         <property name="hostName" value="Dell - DESKTOP-8FKLJ50"/>
         <property name="os" value="Windows 10 64bit"/>
         <property name="katalonVersion" value="7.2.1.1"/>
         <property name="browser" value="Chrome 80.0.3987.132"/>
         <property name="hostAddress" value="10.0.75.1"/>
         <property name="sessionId" value="bed9074409387e25e0669a401d55ed90"/>
         <property name="seleniumVersion" value="3.141.59"/>
         <property name="proxyInformation" value="ProxyInformation{proxyOption=NO_PROXY, proxyServerType=HTTP, password=, proxyServerAddress=, proxyServerPort=0, executionList=}"/>
         <property name="platform" value="Windows 10"/>
      </properties>
      <testcase name="Test Cases/Atlas Platform/Platform Navigation/Login/Default Logins/Default_Login_as_Root Admin" time="25.308" classname="Test Cases/Atlas Platform/Platform Navigation/Login/Default Logins/Default_Login_as_Root Admin" status="PASSED">
         <system-out><![CDATA[2020-03-13 15:44:37 - [TEST_CASE][PASSED] - Test Cases/Atlas Platform/Platform Navigation/Login/Default Logins/Default_Login_as_Root Admin: Test Cases/Atlas Platform/Platform Navigation/Login/Default Logins/Default_Login_as_Root Admin

2020-03-13 15:44:39 - [TEST_STEP][PASSED] - openBrowser(""): Browser is opened with url: ''

2020-03-13 15:44:40 - [MESSAGE][INFO] - Starting 'Chrome' driver

2020-03-13 15:44:40 - [MESSAGE][INFO] - User set preference: ['args', '[--start-maximized, --disable-web-security, --no-proxy-server]']

2020-03-13 15:44:40 - [MESSAGE][INFO] - User set preference: ['prefs', '{credentials_enable_service=false, profile.password_manager_enabled=false}']

2020-03-13 15:44:40 - [MESSAGE][INFO] - Action delay is set to 0 seconds

2020-03-13 15:44:49 - [MESSAGE][PASSED] - Browser is opened with url: ''

2020-03-13 15:44:49 - [TEST_STEP][NOT_RUN] - callTestCase(findTestCase("Atlas Platform/Platform Navigation/Login/Default Logins/TC_100_ForSecurityURLSAcceptance"), [:], CONTINUE_ON_FAILURE): NOT_RUN: callTestCase(findTestCase("Atlas Platform/Platform Navigation/Login/Default Logins/TC_100_ForSecurityURLSAcceptance"), [:], CONTINUE_ON_FAILURE)

2020-03-13 15:44:49 - [MESSAGE][NOT_RUN] - NOT_RUN: callTestCase(findTestCase("Atlas Platform/Platform Navigation/Login/Default Logins/TC_100_ForSecurityURLSAcceptance"), [:], CONTINUE_ON_FAILURE)

2020-03-13 15:44:49 - [TEST_STEP][PASSED] - navigateToUrl("https://atlas-dev.gsm.auto/"): Navigate to 'https://atlas-dev.gsm.auto/' successfully

2020-03-13 15:44:57 - [MESSAGE][PASSED] - Navigate to 'https://atlas-dev.gsm.auto/' successfully

2020-03-13 15:44:57 - [TEST_STEP][PASSED] - setText(findTestObject("Login_Page/Page_/email address placeholder"), Email): Text 'Navaraj@totient.co.in' is set on object 'Object Repository/Login_Page/Page_/email address placeholder'

2020-03-13 15:44:59 - [MESSAGE][PASSED] - Text 'Navaraj@totient.co.in' is set on object 'Object Repository/Login_Page/Page_/email address placeholder'

2020-03-13 15:44:59 - [TEST_STEP][PASSED] - setText(findTestObject("Login_Page/Page_/Password placeholder"), Password): Text 'Totient@123' is set on object 'Object Repository/Login_Page/Page_/Password placeholder'

2020-03-13 15:45:00 - [MESSAGE][PASSED] - Text 'Totient@123' is set on object 'Object Repository/Login_Page/Page_/Password placeholder'

2020-03-13 15:45:00 - [TEST_STEP][PASSED] - click(findTestObject("Login_Page/Page_/Log In button")): Object: 'Object Repository/Login_Page/Page_/Log In button' is clicked on

2020-03-13 15:45:00 - [MESSAGE][PASSED] - Object: 'Object Repository/Login_Page/Page_/Log In button' is clicked on

2020-03-13 15:45:00 - [TEST_STEP][PASSED] - dashboard_act_title = getWindowTitle(): Current window's title is: ''

2020-03-13 15:45:00 - [MESSAGE][PASSED] - Current window's title is: ''

2020-03-13 15:45:00 - [TEST_STEP][PASSED] - verifyEqual(dashboard_act_title, dashboard_exp_title): Actual object '' and expected object '' are equal

2020-03-13 15:45:00 - [MESSAGE][PASSED] - Actual object '' and expected object '' are equal

2020-03-13 15:45:00 - [TEST_STEP][PASSED] - Start listener action : sampleAfterTestCase: null

2020-03-13 15:45:00 - [TEST_STEP][PASSED] - println(testCaseContext.getTestCaseId()): null

2020-03-13 15:45:00 - [TEST_STEP][PASSED] - println(testCaseContext.getTestCaseStatus()): null

2020-03-13 15:45:00 - [TEST_STEP][PASSED] - println("On Failure Method is Calling : " + testCaseContext.getTestCaseStatus()): null

2020-03-13 15:45:00 - [TEST_STEP][PASSED] - if (!(getTestCaseStatus().equalsIgnoreCase("PASSED"))): null]]></system-out>
         <system-err><![CDATA[]]></system-err>
      </testcase>
      <testcase name="Test Cases/Atlas Platform/Configuration Management/Platform Management/ROLES/Create Role/Create a Role (sanity)" time="13.484" classname="Test Cases/Atlas Platform/Configuration Management/Platform Management/ROLES/Create Role/Create a Role (sanity)" status="PASSED">
         <system-out><![CDATA[2020-03-13 15:45:02 - [TEST_CASE][PASSED] - Test Cases/Atlas Platform/Configuration Management/Platform Management/ROLES/Create Role/Create a Role (sanity): Test Cases/Atlas Platform/Configuration Management/Platform Management/ROLES/Create Role/Create a Role (sanity)

2020-03-13 15:45:03 - [TEST_STEP][PASSED] - click(findTestObject("ROLES/Role_Navigation/a_ADMIN")): Object: 'Object Repository/ROLES/Role_Navigation/a_ADMIN' is clicked on

2020-03-13 15:45:03 - [MESSAGE][PASSED] - Object: 'Object Repository/ROLES/Role_Navigation/a_ADMIN' is clicked on

2020-03-13 15:45:03 - [TEST_STEP][PASSED] - click(findTestObject("ROLES/Roles_page/Create Role_button")): Object: 'Object Repository/ROLES/Roles_page/Create Role_button' is clicked on

2020-03-13 15:45:05 - [MESSAGE][PASSED] - Object: 'Object Repository/ROLES/Roles_page/Create Role_button' is clicked on

2020-03-13 15:45:05 - [TEST_STEP][PASSED] - ROLENAME1 = findTestData("Roles").getValue(3, 1): null

2020-03-13 15:45:06 - [TEST_STEP][PASSED] - sendKeys(findTestObject("ROLES/Create Role/New Role_page/input_Role Name_name"), ROLENAME1): Keys 'Role1 13-03-2020 15:45:06' sent to object: 'Object Repository/ROLES/Create Role/New Role_page/input_Role Name_name'

2020-03-13 15:45:07 - [MESSAGE][PASSED] - Keys 'Role1 13-03-2020 15:45:06' sent to object: 'Object Repository/ROLES/Create Role/New Role_page/input_Role Name_name'

2020-03-13 15:45:07 - [TEST_STEP][PASSED] - sendKeys(findTestObject("ROLES/Create Role/New Role_page/textarea_Role Description_description"), findTestData("Roles").getValue(4, 1)): Keys 'Role Description' sent to object: 'Object Repository/ROLES/Create Role/New Role_page/textarea_Role Description_description'

2020-03-13 15:45:08 - [MESSAGE][PASSED] - Keys 'Role Description' sent to object: 'Object Repository/ROLES/Create Role/New Role_page/textarea_Role Description_description'

2020-03-13 15:45:08 - [TEST_STEP][PASSED] - click(findTestObject("ROLES/Create Role/New Role_page/div_Create")): Object: 'Object Repository/ROLES/Create Role/New Role_page/div_Create' is clicked on

2020-03-13 15:45:09 - [MESSAGE][PASSED] - Object: 'Object Repository/ROLES/Create Role/New Role_page/div_Create' is clicked on

2020-03-13 15:45:09 - [TEST_STEP][PASSED] - verifyElementPresent(findTestObject("ROLES/Create Role/ConfirmationPopup_created"), 230): Object 'Object Repository/ROLES/Create Role/ConfirmationPopup_created' is present

2020-03-13 15:45:10 - [MESSAGE][PASSED] - Object 'Object Repository/ROLES/Create Role/ConfirmationPopup_created' is present

2020-03-13 15:45:10 - [TEST_STEP][PASSED] - delay(3): Delayed 3 second(s)

2020-03-13 15:45:13 - [MESSAGE][PASSED] - Delayed 3 second(s)

2020-03-13 15:45:13 - [TEST_STEP][PASSED] - verifyElementText(findTestObject("ROLES/Roles_page/1st Role name in grid"), ROLENAME1): Actual text and expected text of test object 'Object Repository/ROLES/Roles_page/1st Role name in grid' are matched.

2020-03-13 15:45:14 - [MESSAGE][PASSED] - Actual text and expected text of test object 'Object Repository/ROLES/Roles_page/1st Role name in grid' are matched.

2020-03-13 15:45:14 - [TEST_STEP][PASSED] - Start listener action : sampleAfterTestCase: null

2020-03-13 15:45:14 - [TEST_STEP][PASSED] - println(testCaseContext.getTestCaseId()): null

2020-03-13 15:45:14 - [TEST_STEP][PASSED] - println(testCaseContext.getTestCaseStatus()): null

2020-03-13 15:45:14 - [TEST_STEP][PASSED] - println("On Failure Method is Calling : " + testCaseContext.getTestCaseStatus()): null

2020-03-13 15:45:14 - [TEST_STEP][PASSED] - if (!(getTestCaseStatus().equalsIgnoreCase("PASSED"))): null]]></system-out>
         <system-err><![CDATA[]]></system-err>
      </testcase>
      <testcase name="Test Cases/Atlas Platform/Configuration Management/Platform Management/ROLES/Role Listing Grid/Search Role/Search the Created Role (sanity)" time="4.947" classname="Test Cases/Atlas Platform/Configuration Management/Platform Management/ROLES/Role Listing Grid/Search Role/Search the Created Role (sanity)" status="PASSED">
         <system-out><![CDATA[2020-03-13 15:45:16 - [TEST_CASE][PASSED] - Test Cases/Atlas Platform/Configuration Management/Platform Management/ROLES/Role Listing Grid/Search Role/Search the Created Role (sanity): Test Cases/Atlas Platform/Configuration Management/Platform Management/ROLES/Role Listing Grid/Search Role/Search the Created Role (sanity)

2020-03-13 15:45:16 - [TEST_STEP][PASSED] - sendKeys(findTestObject("ROLES/Roles_page/Search_placeholder"), ROLENAME1 + ENTER): Keys 'ENTER + Role1 13-03-2020 15:45:06' sent to object: 'Object Repository/ROLES/Roles_page/Search_placeholder'

2020-03-13 15:45:17 - [MESSAGE][PASSED] - Keys 'ENTER + Role1 13-03-2020 15:45:06' sent to object: 'Object Repository/ROLES/Roles_page/Search_placeholder'

2020-03-13 15:45:17 - [TEST_STEP][PASSED] - delay(1): Delayed 1 second(s)

2020-03-13 15:45:18 - [MESSAGE][PASSED] - Delayed 1 second(s)

2020-03-13 15:45:18 - [TEST_STEP][PASSED] - verifyElementText(findTestObject("ROLES/Roles_page/role name"), ROLENAME1): Actual text and expected text of test object 'Object Repository/ROLES/Roles_page/role name' are matched.

2020-03-13 15:45:18 - [MESSAGE][PASSED] - Actual text and expected text of test object 'Object Repository/ROLES/Roles_page/role name' are matched.

2020-03-13 15:45:18 - [TEST_STEP][PASSED] - click(findTestObject("ROLES/Roles_page/Search text field/clear button")): Object: 'Object Repository/ROLES/Roles_page/Search text field/clear button' is clicked on

2020-03-13 15:45:19 - [MESSAGE][PASSED] - Object: 'Object Repository/ROLES/Roles_page/Search text field/clear button' is clicked on

2020-03-13 15:45:19 - [TEST_STEP][PASSED] - Start listener action : sampleAfterTestCase: null

2020-03-13 15:45:19 - [TEST_STEP][PASSED] - println(testCaseContext.getTestCaseId()): null

2020-03-13 15:45:19 - [TEST_STEP][PASSED] - println(testCaseContext.getTestCaseStatus()): null

2020-03-13 15:45:19 - [TEST_STEP][PASSED] - println("On Failure Method is Calling : " + testCaseContext.getTestCaseStatus()): null

2020-03-13 15:45:19 - [TEST_STEP][PASSED] - if (!(getTestCaseStatus().equalsIgnoreCase("PASSED"))): null]]></system-out>
         <system-err><![CDATA[]]></system-err>
      </testcase>
      <testcase name="Test Cases/Atlas Platform/Configuration Management/Platform Management/ROLES/Edit Role/Edit a Role by changing the role name(sanity)" time="13.927" classname="Test Cases/Atlas Platform/Configuration Management/Platform Management/ROLES/Edit Role/Edit a Role by changing the role name(sanity)" status="PASSED">
         <system-out><![CDATA[2020-03-13 15:45:21 - [TEST_CASE][PASSED] - Test Cases/Atlas Platform/Configuration Management/Platform Management/ROLES/Edit Role/Edit a Role by changing the role name(sanity): Test Cases/Atlas Platform/Configuration Management/Platform Management/ROLES/Edit Role/Edit a Role by changing the role name(sanity)

2020-03-13 15:45:21 - [TEST_STEP][PASSED] - verifyElementText(findTestObject("ROLES/Roles_page/role name"), ROLENAME1): Actual text and expected text of test object 'Object Repository/ROLES/Roles_page/role name' are matched.

2020-03-13 15:45:22 - [MESSAGE][PASSED] - Actual text and expected text of test object 'Object Repository/ROLES/Roles_page/role name' are matched.

2020-03-13 15:45:22 - [TEST_STEP][PASSED] - click(findTestObject("ROLES/Roles_page/Hamburger/button_hamburger")): Object: 'Object Repository/ROLES/Roles_page/Hamburger/button_hamburger' is clicked on

2020-03-13 15:45:22 - [MESSAGE][PASSED] - Object: 'Object Repository/ROLES/Roles_page/Hamburger/button_hamburger' is clicked on

2020-03-13 15:45:22 - [TEST_STEP][PASSED] - click(findTestObject("ROLES/Edit Role/edit_link")): Object: 'Object Repository/ROLES/Edit Role/edit_link' is clicked on

2020-03-13 15:45:23 - [MESSAGE][PASSED] - Object: 'Object Repository/ROLES/Edit Role/edit_link' is clicked on

2020-03-13 15:45:23 - [TEST_STEP][PASSED] - click(findTestObject("ROLES/Create Role/New Role_page/input_Role Name_name")): Object: 'Object Repository/ROLES/Create Role/New Role_page/input_Role Name_name' is clicked on

2020-03-13 15:45:25 - [MESSAGE][PASSED] - Object: 'Object Repository/ROLES/Create Role/New Role_page/input_Role Name_name' is clicked on

2020-03-13 15:45:25 - [TEST_STEP][PASSED] - click(findTestObject("ROLES/Create Role/New Role_page/Clear_button")): Object: 'Object Repository/ROLES/Create Role/New Role_page/Clear_button' is clicked on

2020-03-13 15:45:25 - [MESSAGE][PASSED] - Object: 'Object Repository/ROLES/Create Role/New Role_page/Clear_button' is clicked on

2020-03-13 15:45:25 - [TEST_STEP][PASSED] - ROLENAME2 = findTestData("Roles").getValue(3, 2): null

2020-03-13 15:45:25 - [TEST_STEP][PASSED] - sendKeys(findTestObject("ROLES/Create Role/New Role_page/input_Role Name_name"), ROLENAME2): Keys 'Role2 13-03-2020 15:45:25' sent to object: 'Object Repository/ROLES/Create Role/New Role_page/input_Role Name_name'

2020-03-13 15:45:26 - [MESSAGE][PASSED] - Keys 'Role2 13-03-2020 15:45:25' sent to object: 'Object Repository/ROLES/Create Role/New Role_page/input_Role Name_name'

2020-03-13 15:45:26 - [TEST_STEP][PASSED] - click(findTestObject("ROLES/Edit Role/save button")): Object: 'Object Repository/ROLES/Edit Role/save button' is clicked on

2020-03-13 15:45:27 - [MESSAGE][PASSED] - Object: 'Object Repository/ROLES/Edit Role/save button' is clicked on

2020-03-13 15:45:27 - [TEST_STEP][PASSED] - click(findTestObject("ROLES/Create Role/New Role_page/Yes_Save_button")): Object: 'Object Repository/ROLES/Create Role/New Role_page/Yes_Save_button' is clicked on

2020-03-13 15:45:27 - [MESSAGE][PASSED] - Object: 'Object Repository/ROLES/Create Role/New Role_page/Yes_Save_button' is clicked on

2020-03-13 15:45:27 - [TEST_STEP][PASSED] - delay(5): Delayed 5 second(s)

2020-03-13 15:45:32 - [MESSAGE][PASSED] - Delayed 5 second(s)

2020-03-13 15:45:32 - [TEST_STEP][PASSED] - verifyElementText(findTestObject("ROLES/Edit Role/role name"), ROLENAME2): Actual text and expected text of test object 'Object Repository/ROLES/Edit Role/role name' are matched.

2020-03-13 15:45:33 - [MESSAGE][PASSED] - Actual text and expected text of test object 'Object Repository/ROLES/Edit Role/role name' are matched.

2020-03-13 15:45:33 - [TEST_STEP][PASSED] - Start listener action : sampleAfterTestCase: null

2020-03-13 15:45:33 - [TEST_STEP][PASSED] - println(testCaseContext.getTestCaseId()): null

2020-03-13 15:45:33 - [TEST_STEP][PASSED] - println(testCaseContext.getTestCaseStatus()): null

2020-03-13 15:45:33 - [TEST_STEP][PASSED] - println("On Failure Method is Calling : " + testCaseContext.getTestCaseStatus()): null

2020-03-13 15:45:33 - [TEST_STEP][PASSED] - if (!(getTestCaseStatus().equalsIgnoreCase("PASSED"))): null]]></system-out>
         <system-err><![CDATA[]]></system-err>
      </testcase>
      <testcase name="Test Cases/Atlas Platform/Configuration Management/Platform Management/ROLES/Change Status/Change the status of a Role from active to archived (sanity)" time="11.641" classname="Test Cases/Atlas Platform/Configuration Management/Platform Management/ROLES/Change Status/Change the status of a Role from active to archived (sanity)" status="PASSED">
         <system-out><![CDATA[2020-03-13 15:45:35 - [TEST_CASE][PASSED] - Test Cases/Atlas Platform/Configuration Management/Platform Management/ROLES/Change Status/Change the status of a Role from active to archived (sanity): Test Cases/Atlas Platform/Configuration Management/Platform Management/ROLES/Change Status/Change the status of a Role from active to archived (sanity)

2020-03-13 15:45:35 - [TEST_STEP][PASSED] - delay(2): Delayed 2 second(s)

2020-03-13 15:45:37 - [MESSAGE][PASSED] - Delayed 2 second(s)

2020-03-13 15:45:37 - [TEST_STEP][PASSED] - verifyElementText(findTestObject("ROLES/Change Status/role name"), ROLENAME2): Actual text and expected text of test object 'Object Repository/ROLES/Change Status/role name' are matched.

2020-03-13 15:45:37 - [MESSAGE][PASSED] - Actual text and expected text of test object 'Object Repository/ROLES/Change Status/role name' are matched.

2020-03-13 15:45:37 - [TEST_STEP][PASSED] - click(findTestObject("ROLES/Roles_page/Hamburger/button_hamburger")): Object: 'Object Repository/ROLES/Roles_page/Hamburger/button_hamburger' is clicked on

2020-03-13 15:45:38 - [MESSAGE][PASSED] - Object: 'Object Repository/ROLES/Roles_page/Hamburger/button_hamburger' is clicked on

2020-03-13 15:45:38 - [TEST_STEP][PASSED] - click(findTestObject("ROLES/Change Status/change status link")): Object: 'Object Repository/ROLES/Change Status/change status link' is clicked on

2020-03-13 15:45:38 - [MESSAGE][PASSED] - Object: 'Object Repository/ROLES/Change Status/change status link' is clicked on

2020-03-13 15:45:38 - [TEST_STEP][PASSED] - click(findTestObject("ROLES/Change Status/Archived")): Object: 'Object Repository/ROLES/Change Status/Archived' is clicked on

2020-03-13 15:45:39 - [MESSAGE][PASSED] - Object: 'Object Repository/ROLES/Change Status/Archived' is clicked on

2020-03-13 15:45:39 - [TEST_STEP][PASSED] - click(findTestObject("ROLES/Change Status/Confirm_button")): Object: 'Object Repository/ROLES/Change Status/Confirm_button' is clicked on

2020-03-13 15:45:40 - [MESSAGE][PASSED] - Object: 'Object Repository/ROLES/Change Status/Confirm_button' is clicked on

2020-03-13 15:45:40 - [TEST_STEP][PASSED] - delay(2): Delayed 2 second(s)

2020-03-13 15:45:42 - [MESSAGE][PASSED] - Delayed 2 second(s)

2020-03-13 15:45:42 - [TEST_STEP][PASSED] - verifyElementText(findTestObject("ROLES/Change Status/status_archived"), findTestData("Roles").getValue(5, 2)): Actual text and expected text of test object 'Object Repository/ROLES/Change Status/status_archived' are matched.

2020-03-13 15:45:42 - [MESSAGE][PASSED] - Actual text and expected text of test object 'Object Repository/ROLES/Change Status/status_archived' are matched.

2020-03-13 15:45:42 - [TEST_STEP][PASSED] - delay(2): Delayed 2 second(s)

2020-03-13 15:45:44 - [MESSAGE][PASSED] - Delayed 2 second(s)

2020-03-13 15:45:44 - [TEST_STEP][PASSED] - Start listener action : sampleAfterTestCase: null

2020-03-13 15:45:44 - [TEST_STEP][PASSED] - println(testCaseContext.getTestCaseId()): null

2020-03-13 15:45:44 - [TEST_STEP][PASSED] - println(testCaseContext.getTestCaseStatus()): null

2020-03-13 15:45:44 - [TEST_STEP][PASSED] - println("On Failure Method is Calling : " + testCaseContext.getTestCaseStatus()): null

2020-03-13 15:45:44 - [TEST_STEP][PASSED] - if (!(getTestCaseStatus().equalsIgnoreCase("PASSED"))): null]]></system-out>
         <system-err><![CDATA[]]></system-err>
      </testcase>
      <testcase name="Test Cases/Atlas Platform/Configuration Management/Platform Management/ROLES/Role Listing Grid/RLG-007 Verify sorting by CreatedDate" time="72.264" classname="Test Cases/Atlas Platform/Configuration Management/Platform Management/ROLES/Role Listing Grid/RLG-007 Verify sorting by CreatedDate" status="PASSED">
         <system-out><![CDATA[2020-03-13 15:45:46 - [TEST_CASE][PASSED] - Test Cases/Atlas Platform/Configuration Management/Platform Management/ROLES/Role Listing Grid/RLG-007 Verify sorting by CreatedDate: Test Cases/Atlas Platform/Configuration Management/Platform Management/ROLES/Role Listing Grid/RLG-007 Verify sorting by CreatedDate

2020-03-13 15:45:47 - [TEST_STEP][NOT_RUN] - callTestCase(findTestCase("Atlas Platform/Platform Navigation/Login/Default Logins/Default_Login_as_Root Admin"), ["Email":findTestData("AMP_Y").getValue(1, 1), "Password":findTestData("AMP_Y").getValue(2, 1), "dashboard_exp_title":""], CONTINUE_ON_FAILURE): NOT_RUN: callTestCase(findTestCase("Atlas Platform/Platform Navigation/Login/Default Logins/Default_Login_as_Root Admin"), ["Email":findTestData("AMP_Y").getValue(1, 1), "Password":findTestData("AMP_Y").getValue(2, 1), "dashboard_exp_title":""], CONTINUE_ON_FAILURE)

2020-03-13 15:45:47 - [MESSAGE][NOT_RUN] - NOT_RUN: callTestCase(findTestCase("Atlas Platform/Platform Navigation/Login/Default Logins/Default_Login_as_Root Admin"), ["Email":findTestData("AMP_Y").getValue(1, 1), "Password":findTestData("AMP_Y").getValue(2, 1), "dashboard_exp_title":""], CONTINUE_ON_FAILURE)

2020-03-13 15:45:47 - [TEST_STEP][NOT_RUN] - click(findTestObject("ROLES/Role_Navigation/a_ADMIN")): NOT_RUN: click(findTestObject("ROLES/Role_Navigation/a_ADMIN"))

2020-03-13 15:45:47 - [MESSAGE][NOT_RUN] - NOT_RUN: click(findTestObject("ROLES/Role_Navigation/a_ADMIN"))

2020-03-13 15:45:47 - [TEST_STEP][PASSED] - driver = getWebDriver(): null

2020-03-13 15:45:47 - [TEST_STEP][PASSED] - noOfPages_text = getText(findTestObject("ROLES/Roles_page/Pagination/label_of 10")): Text of object 'Object Repository/ROLES/Roles_page/Pagination/label_of 10' is: 'of 18'

2020-03-13 15:45:48 - [MESSAGE][PASSED] - Text of object 'Object Repository/ROLES/Roles_page/Pagination/label_of 10' is: 'of 18'

2020-03-13 15:45:48 - [TEST_STEP][PASSED] - noOfPages = Integer.parseInt(noOfPages_text.substring(3)): null

2020-03-13 15:45:48 - [TEST_STEP][PASSED] - println(noOfPages): null

2020-03-13 15:45:48 - [TEST_STEP][PASSED] - for ([j = 1, j < 3, (j++)]): Actual object 'true' and expected object 'true' are equal

2020-03-13 15:45:48 - [TEST_STEP][PASSED] - click(findTestObject("ROLES/Roles_page/sorting/Created_header")): Object: 'Object Repository/ROLES/Roles_page/sorting/Created_header' is clicked on

2020-03-13 15:45:48 - [MESSAGE][PASSED] - Object: 'Object Repository/ROLES/Roles_page/sorting/Created_header' is clicked on

2020-03-13 15:45:48 - [TEST_STEP][PASSED] - createdDate = <not implemented yet for class: org.codehaus.groovy.ast.expr.EmptyExpression>: null

2020-03-13 15:45:48 - [TEST_STEP][PASSED] - AllCreatedDate = new java.util.ArrayList(): null

2020-03-13 15:45:48 - [TEST_STEP][PASSED] - for ([i = 1, i <= noOfPages, (i++)]): Object: 'Object Repository/ROLES/Roles_page/Pagination/front_navigation' is clicked on

2020-03-13 15:45:48 - [TEST_STEP][PASSED] - createdDate = findWebElements(findTestObject("ROLES/Roles_page/sorting/created"), 2): null

2020-03-13 15:45:49 - [TEST_STEP][PASSED] - for (org.openqa.selenium.WebElement a : createdDate): null

2020-03-13 15:45:49 - [TEST_STEP][PASSED] - AllCreatedDate.add(a.getText()): null

2020-03-13 15:45:49 - [TEST_STEP][PASSED] - AllCreatedDate.add(a.getText()): null

2020-03-13 15:45:49 - [TEST_STEP][PASSED] - AllCreatedDate.add(a.getText()): null

2020-03-13 15:45:49 - [TEST_STEP][PASSED] - AllCreatedDate.add(a.getText()): null

2020-03-13 15:45:49 - [TEST_STEP][PASSED] - AllCreatedDate.add(a.getText()): null

2020-03-13 15:45:49 - [TEST_STEP][PASSED] - AllCreatedDate.add(a.getText()): null

2020-03-13 15:45:49 - [TEST_STEP][PASSED] - AllCreatedDate.add(a.getText()): null

2020-03-13 15:45:49 - [TEST_STEP][PASSED] - AllCreatedDate.add(a.getText()): null

2020-03-13 15:45:50 - [TEST_STEP][PASSED] - AllCreatedDate.add(a.getText()): null

2020-03-13 15:45:50 - [TEST_STEP][PASSED] - AllCreatedDate.add(a.getText()): null

2020-03-13 15:45:50 - [TEST_STEP][PASSED] - click(findTestObject("ROLES/Roles_page/Pagination/front_navigation")): Object: 'Object Repository/ROLES/Roles_page/Pagination/front_navigation' is clicked on

2020-03-13 15:45:50 - [MESSAGE][PASSED] - Object: 'Object Repository/ROLES/Roles_page/Pagination/front_navigation' is clicked on

2020-03-13 15:45:50 - [TEST_STEP][PASSED] - createdDate = findWebElements(findTestObject("ROLES/Roles_page/sorting/created"), 2): null

2020-03-13 15:45:51 - [TEST_STEP][PASSED] - for (org.openqa.selenium.WebElement a : createdDate): null

2020-03-13 15:45:51 - [TEST_STEP][PASSED] - AllCreatedDate.add(a.getText()): null

2020-03-13 15:45:51 - [TEST_STEP][PASSED] - AllCreatedDate.add(a.getText()): null

2020-03-13 15:45:51 - [TEST_STEP][PASSED] - AllCreatedDate.add(a.getText()): null

2020-03-13 15:45:51 - [TEST_STEP][PASSED] - AllCreatedDate.add(a.getText()): null

2020-03-13 15:45:51 - [TEST_STEP][PASSED] - AllCreatedDate.add(a.getText()): null

2020-03-13 15:45:51 - [TEST_STEP][PASSED] - AllCreatedDate.add(a.getText()): null

2020-03-13 15:45:51 - [TEST_STEP][PASSED] - AllCreatedDate.add(a.getText()): null

2020-03-13 15:45:51 - [TEST_STEP][PASSED] - AllCreatedDate.add(a.getText()): null

2020-03-13 15:45:51 - [TEST_STEP][PASSED] - AllCreatedDate.add(a.getText()): null

2020-03-13 15:45:51 - [TEST_STEP][PASSED] - AllCreatedDate.add(a.getText()): null

2020-03-13 15:45:51 - [TEST_STEP][PASSED] - click(findTestObject("ROLES/Roles_page/Pagination/front_navigation")): Object: 'Object Repository/ROLES/Roles_page/Pagination/front_navigation' is clicked on

2020-03-13 15:45:52 - [MESSAGE][PASSED] - Object: 'Object Repository/ROLES/Roles_page/Pagination/front_navigation' is clicked on

2020-03-13 15:45:52 - [TEST_STEP][PASSED] - createdDate = findWebElements(findTestObject("ROLES/Roles_page/sorting/created"), 2): null

2020-03-13 15:45:53 - [TEST_STEP][PASSED] - for (org.openqa.selenium.WebElement a : createdDate): null

2020-03-13 15:45:53 - [TEST_STEP][PASSED] - AllCreatedDate.add(a.getText()): null

2020-03-13 15:45:53 - [TEST_STEP][PASSED] - AllCreatedDate.add(a.getText()): null

2020-03-13 15:45:53 - [TEST_STEP][PASSED] - AllCreatedDate.add(a.getText()): null

2020-03-13 15:45:53 - [TEST_STEP][PASSED] - AllCreatedDate.add(a.getText()): null

2020-03-13 15:45:53 - [TEST_STEP][PASSED] - AllCreatedDate.add(a.getText()): null

2020-03-13 15:45:53 - [TEST_STEP][PASSED] - AllCreatedDate.add(a.getText()): null

2020-03-13 15:45:53 - [TEST_STEP][PASSED] - AllCreatedDate.add(a.getText()): null

2020-03-13 15:45:53 - [TEST_STEP][PASSED] - AllCreatedDate.add(a.getText()): null

2020-03-13 15:45:53 - [TEST_STEP][PASSED] - AllCreatedDate.add(a.getText()): null

2020-03-13 15:45:53 - [TEST_STEP][PASSED] - AllCreatedDate.add(a.getText()): null

2020-03-13 15:45:53 - [TEST_STEP][PASSED] - click(findTestObject("ROLES/Roles_page/Pagination/front_navigation")): Object: 'Object Repository/ROLES/Roles_page/Pagination/front_navigation' is clicked on

2020-03-13 15:45:53 - [MESSAGE][PASSED] - Object: 'Object Repository/ROLES/Roles_page/Pagination/front_navigation' is clicked on

2020-03-13 15:45:53 - [TEST_STEP][PASSED] - createdDate = findWebElements(findTestObject("ROLES/Roles_page/sorting/created"), 2): null

2020-03-13 15:45:54 - [TEST_STEP][PASSED] - for (org.openqa.selenium.WebElement a : createdDate): null

2020-03-13 15:45:54 - [TEST_STEP][PASSED] - AllCreatedDate.add(a.getText()): null

2020-03-13 15:45:54 - [TEST_STEP][PASSED] - AllCreatedDate.add(a.getText()): null

2020-03-13 15:45:54 - [TEST_STEP][PASSED] - AllCreatedDate.add(a.getText()): null

2020-03-13 15:45:54 - [TEST_STEP][PASSED] - AllCreatedDate.add(a.getText()): null

2020-03-13 15:45:54 - [TEST_STEP][PASSED] - AllCreatedDate.add(a.getText()): null

2020-03-13 15:45:54 - [TEST_STEP][PASSED] - AllCreatedDate.add(a.getText()): null

2020-03-13 15:45:54 - [TEST_STEP][PASSED] - AllCreatedDate.add(a.getText()): null

2020-03-13 15:45:54 - [TEST_STEP][PASSED] - AllCreatedDate.add(a.getText()): null

2020-03-13 15:45:54 - [TEST_STEP][PASSED] - AllCreatedDate.add(a.getText()): null

2020-03-13 15:45:54 - [TEST_STEP][PASSED] - AllCreatedDate.add(a.getText()): null

2020-03-13 15:45:55 - [TEST_STEP][PASSED] - click(findTestObject("ROLES/Roles_page/Pagination/front_navigation")): Object: 'Object Repository/ROLES/Roles_page/Pagination/front_navigation' is clicked on

2020-03-13 15:45:55 - [MESSAGE][PASSED] - Object: 'Object Repository/ROLES/Roles_page/Pagination/front_navigation' is clicked on

2020-03-13 15:45:55 - [TEST_STEP][PASSED] - createdDate = findWebElements(findTestObject("ROLES/Roles_page/sorting/created"), 2): null

2020-03-13 15:45:56 - [TEST_STEP][PASSED] - for (org.openqa.selenium.WebElement a : createdDate): null

2020-03-13 15:45:56 - [TEST_STEP][PASSED] - AllCreatedDate.add(a.getText()): null

2020-03-13 15:45:56 - [TEST_STEP][PASSED] - AllCreatedDate.add(a.getText()): null

2020-03-13 15:45:56 - [TEST_STEP][PASSED] - AllCreatedDate.add(a.getText()): null

2020-03-13 15:45:56 - [TEST_STEP][PASSED] - AllCreatedDate.add(a.getText()): null

2020-03-13 15:45:56 - [TEST_STEP][PASSED] - AllCreatedDate.add(a.getText()): null

2020-03-13 15:45:56 - [TEST_STEP][PASSED] - AllCreatedDate.add(a.getText()): null

2020-03-13 15:45:57 - [TEST_STEP][PASSED] - AllCreatedDate.add(a.getText()): null

2020-03-13 15:45:57 - [TEST_STEP][PASSED] - AllCreatedDate.add(a.getText()): null

2020-03-13 15:45:57 - [TEST_STEP][PASSED] - AllCreatedDate.add(a.getText()): null

2020-03-13 15:45:57 - [TEST_STEP][PASSED] - AllCreatedDate.add(a.getText()): null

2020-03-13 15:45:57 - [TEST_STEP][PASSED] - click(findTestObject("ROLES/Roles_page/Pagination/front_navigation")): Object: 'Object Repository/ROLES/Roles_page/Pagination/front_navigation' is clicked on

2020-03-13 15:45:57 - [MESSAGE][PASSED] - Object: 'Object Repository/ROLES/Roles_page/Pagination/front_navigation' is clicked on

2020-03-13 15:45:57 - [TEST_STEP][PASSED] - createdDate = findWebElements(findTestObject("ROLES/Roles_page/sorting/created"), 2): null

2020-03-13 15:45:58 - [TEST_STEP][PASSED] - for (org.openqa.selenium.WebElement a : createdDate): null

2020-03-13 15:45:58 - [TEST_STEP][PASSED] - AllCreatedDate.add(a.getText()): null

2020-03-13 15:45:58 - [TEST_STEP][PASSED] - AllCreatedDate.add(a.getText()): null

2020-03-13 15:45:58 - [TEST_STEP][PASSED] - AllCreatedDate.add(a.getText()): null

2020-03-13 15:45:58 - [TEST_STEP][PASSED] - AllCreatedDate.add(a.getText()): null

2020-03-13 15:45:58 - [TEST_STEP][PASSED] - AllCreatedDate.add(a.getText()): null

2020-03-13 15:45:58 - [TEST_STEP][PASSED] - AllCreatedDate.add(a.getText()): null

2020-03-13 15:45:58 - [TEST_STEP][PASSED] - AllCreatedDate.add(a.getText()): null

2020-03-13 15:45:58 - [TEST_STEP][PASSED] - AllCreatedDate.add(a.getText()): null

2020-03-13 15:45:58 - [TEST_STEP][PASSED] - AllCreatedDate.add(a.getText()): null

2020-03-13 15:45:58 - [TEST_STEP][PASSED] - AllCreatedDate.add(a.getText()): null

2020-03-13 15:45:58 - [TEST_STEP][PASSED] - click(findTestObject("ROLES/Roles_page/Pagination/front_navigation")): Object: 'Object Repository/ROLES/Roles_page/Pagination/front_navigation' is clicked on

2020-03-13 15:45:59 - [MESSAGE][PASSED] - Object: 'Object Repository/ROLES/Roles_page/Pagination/front_navigation' is clicked on

2020-03-13 15:45:59 - [TEST_STEP][PASSED] - createdDate = findWebElements(findTestObject("ROLES/Roles_page/sorting/created"), 2): null

2020-03-13 15:46:00 - [TEST_STEP][PASSED] - for (org.openqa.selenium.WebElement a : createdDate): null

2020-03-13 15:46:00 - [TEST_STEP][PASSED] - AllCreatedDate.add(a.getText()): null

2020-03-13 15:46:00 - [TEST_STEP][PASSED] - AllCreatedDate.add(a.getText()): null

2020-03-13 15:46:00 - [TEST_STEP][PASSED] - AllCreatedDate.add(a.getText()): null

2020-03-13 15:46:00 - [TEST_STEP][PASSED] - AllCreatedDate.add(a.getText()): null

2020-03-13 15:46:00 - [TEST_STEP][PASSED] - AllCreatedDate.add(a.getText()): null

2020-03-13 15:46:00 - [TEST_STEP][PASSED] - AllCreatedDate.add(a.getText()): null

2020-03-13 15:46:00 - [TEST_STEP][PASSED] - AllCreatedDate.add(a.getText()): null

2020-03-13 15:46:00 - [TEST_STEP][PASSED] - AllCreatedDate.add(a.getText()): null

2020-03-13 15:46:00 - [TEST_STEP][PASSED] - AllCreatedDate.add(a.getText()): null

2020-03-13 15:46:00 - [TEST_STEP][PASSED] - AllCreatedDate.add(a.getText()): null

2020-03-13 15:46:00 - [TEST_STEP][PASSED] - click(findTestObject("ROLES/Roles_page/Pagination/front_navigation")): Object: 'Object Repository/ROLES/Roles_page/Pagination/front_navigation' is clicked on

2020-03-13 15:46:00 - [MESSAGE][PASSED] - Object: 'Object Repository/ROLES/Roles_page/Pagination/front_navigation' is clicked on

2020-03-13 15:46:00 - [TEST_STEP][PASSED] - createdDate = findWebElements(findTestObject("ROLES/Roles_page/sorting/created"), 2): null

2020-03-13 15:46:01 - [TEST_STEP][PASSED] - for (org.openqa.selenium.WebElement a : createdDate): null

2020-03-13 15:46:01 - [TEST_STEP][PASSED] - AllCreatedDate.add(a.getText()): null

2020-03-13 15:46:01 - [TEST_STEP][PASSED] - AllCreatedDate.add(a.getText()): null

2020-03-13 15:46:01 - [TEST_STEP][PASSED] - AllCreatedDate.add(a.getText()): null

2020-03-13 15:46:01 - [TEST_STEP][PASSED] - AllCreatedDate.add(a.getText()): null

2020-03-13 15:46:01 - [TEST_STEP][PASSED] - AllCreatedDate.add(a.getText()): null

2020-03-13 15:46:01 - [TEST_STEP][PASSED] - AllCreatedDate.add(a.getText()): null

2020-03-13 15:46:01 - [TEST_STEP][PASSED] - AllCreatedDate.add(a.getText()): null

2020-03-13 15:46:01 - [TEST_STEP][PASSED] - AllCreatedDate.add(a.getText()): null

2020-03-13 15:46:01 - [TEST_STEP][PASSED] - AllCreatedDate.add(a.getText()): null

2020-03-13 15:46:01 - [TEST_STEP][PASSED] - AllCreatedDate.add(a.getText()): null

2020-03-13 15:46:01 - [TEST_STEP][PASSED] - click(findTestObject("ROLES/Roles_page/Pagination/front_navigation")): Object: 'Object Repository/ROLES/Roles_page/Pagination/front_navigation' is clicked on

2020-03-13 15:46:02 - [MESSAGE][PASSED] - Object: 'Object Repository/ROLES/Roles_page/Pagination/front_navigation' is clicked on

2020-03-13 15:46:02 - [TEST_STEP][PASSED] - createdDate = findWebElements(findTestObject("ROLES/Roles_page/sorting/created"), 2): null

2020-03-13 15:46:03 - [TEST_STEP][PASSED] - for (org.openqa.selenium.WebElement a : createdDate): null

2020-03-13 15:46:03 - [TEST_STEP][PASSED] - AllCreatedDate.add(a.getText()): null

2020-03-13 15:46:03 - [TEST_STEP][PASSED] - AllCreatedDate.add(a.getText()): null

2020-03-13 15:46:03 - [TEST_STEP][PASSED] - AllCreatedDate.add(a.getText()): null

2020-03-13 15:46:03 - [TEST_STEP][PASSED] - AllCreatedDate.add(a.getText()): null

2020-03-13 15:46:03 - [TEST_STEP][PASSED] - AllCreatedDate.add(a.getText()): null

2020-03-13 15:46:03 - [TEST_STEP][PASSED] - AllCreatedDate.add(a.getText()): null

2020-03-13 15:46:03 - [TEST_STEP][PASSED] - AllCreatedDate.add(a.getText()): null

2020-03-13 15:46:03 - [TEST_STEP][PASSED] - AllCreatedDate.add(a.getText()): null

2020-03-13 15:46:03 - [TEST_STEP][PASSED] - AllCreatedDate.add(a.getText()): null

2020-03-13 15:46:03 - [TEST_STEP][PASSED] - AllCreatedDate.add(a.getText()): null

2020-03-13 15:46:03 - [TEST_STEP][PASSED] - click(findTestObject("ROLES/Roles_page/Pagination/front_navigation")): Object: 'Object Repository/ROLES/Roles_page/Pagination/front_navigation' is clicked on

2020-03-13 15:46:04 - [MESSAGE][PASSED] - Object: 'Object Repository/ROLES/Roles_page/Pagination/front_navigation' is clicked on

2020-03-13 15:46:04 - [TEST_STEP][PASSED] - createdDate = findWebElements(findTestObject("ROLES/Roles_page/sorting/created"), 2): null

2020-03-13 15:46:05 - [TEST_STEP][PASSED] - for (org.openqa.selenium.WebElement a : createdDate): null

2020-03-13 15:46:05 - [TEST_STEP][PASSED] - AllCreatedDate.add(a.getText()): null

2020-03-13 15:46:05 - [TEST_STEP][PASSED] - AllCreatedDate.add(a.getText()): null

2020-03-13 15:46:05 - [TEST_STEP][PASSED] - AllCreatedDate.add(a.getText()): null

2020-03-13 15:46:05 - [TEST_STEP][PASSED] - AllCreatedDate.add(a.getText()): null

2020-03-13 15:46:05 - [TEST_STEP][PASSED] - AllCreatedDate.add(a.getText()): null

2020-03-13 15:46:05 - [TEST_STEP][PASSED] - AllCreatedDate.add(a.getText()): null

2020-03-13 15:46:05 - [TEST_STEP][PASSED] - AllCreatedDate.add(a.getText()): null

2020-03-13 15:46:05 - [TEST_STEP][PASSED] - AllCreatedDate.add(a.getText()): null

2020-03-13 15:46:05 - [TEST_STEP][PASSED] - AllCreatedDate.add(a.getText()): null

2020-03-13 15:46:05 - [TEST_STEP][PASSED] - AllCreatedDate.add(a.getText()): null

2020-03-13 15:46:05 - [TEST_STEP][PASSED] - click(findTestObject("ROLES/Roles_page/Pagination/front_navigation")): Object: 'Object Repository/ROLES/Roles_page/Pagination/front_navigation' is clicked on

2020-03-13 15:46:05 - [MESSAGE][PASSED] - Object: 'Object Repository/ROLES/Roles_page/Pagination/front_navigation' is clicked on

2020-03-13 15:46:05 - [TEST_STEP][PASSED] - createdDate = findWebElements(findTestObject("ROLES/Roles_page/sorting/created"), 2): null

2020-03-13 15:46:07 - [TEST_STEP][PASSED] - for (org.openqa.selenium.WebElement a : createdDate): null

2020-03-13 15:46:07 - [TEST_STEP][PASSED] - AllCreatedDate.add(a.getText()): null

2020-03-13 15:46:07 - [TEST_STEP][PASSED] - AllCreatedDate.add(a.getText()): null

2020-03-13 15:46:07 - [TEST_STEP][PASSED] - AllCreatedDate.add(a.getText()): null

2020-03-13 15:46:07 - [TEST_STEP][PASSED] - AllCreatedDate.add(a.getText()): null

2020-03-13 15:46:07 - [TEST_STEP][PASSED] - AllCreatedDate.add(a.getText()): null

2020-03-13 15:46:07 - [TEST_STEP][PASSED] - AllCreatedDate.add(a.getText()): null

2020-03-13 15:46:07 - [TEST_STEP][PASSED] - AllCreatedDate.add(a.getText()): null

2020-03-13 15:46:07 - [TEST_STEP][PASSED] - AllCreatedDate.add(a.getText()): null

2020-03-13 15:46:07 - [TEST_STEP][PASSED] - AllCreatedDate.add(a.getText()): null

2020-03-13 15:46:07 - [TEST_STEP][PASSED] - AllCreatedDate.add(a.getText()): null

2020-03-13 15:46:07 - [TEST_STEP][PASSED] - click(findTestObject("ROLES/Roles_page/Pagination/front_navigation")): Object: 'Object Repository/ROLES/Roles_page/Pagination/front_navigation' is clicked on

2020-03-13 15:46:08 - [MESSAGE][PASSED] - Object: 'Object Repository/ROLES/Roles_page/Pagination/front_navigation' is clicked on

2020-03-13 15:46:08 - [TEST_STEP][PASSED] - createdDate = findWebElements(findTestObject("ROLES/Roles_page/sorting/created"), 2): null

2020-03-13 15:46:09 - [TEST_STEP][PASSED] - for (org.openqa.selenium.WebElement a : createdDate): null

2020-03-13 15:46:09 - [TEST_STEP][PASSED] - AllCreatedDate.add(a.getText()): null

2020-03-13 15:46:09 - [TEST_STEP][PASSED] - AllCreatedDate.add(a.getText()): null

2020-03-13 15:46:09 - [TEST_STEP][PASSED] - AllCreatedDate.add(a.getText()): null

2020-03-13 15:46:09 - [TEST_STEP][PASSED] - AllCreatedDate.add(a.getText()): null

2020-03-13 15:46:09 - [TEST_STEP][PASSED] - AllCreatedDate.add(a.getText()): null

2020-03-13 15:46:09 - [TEST_STEP][PASSED] - AllCreatedDate.add(a.getText()): null

2020-03-13 15:46:09 - [TEST_STEP][PASSED] - AllCreatedDate.add(a.getText()): null

2020-03-13 15:46:09 - [TEST_STEP][PASSED] - AllCreatedDate.add(a.getText()): null

2020-03-13 15:46:09 - [TEST_STEP][PASSED] - AllCreatedDate.add(a.getText()): null

2020-03-13 15:46:09 - [TEST_STEP][PASSED] - AllCreatedDate.add(a.getText()): null

2020-03-13 15:46:09 - [TEST_STEP][PASSED] - click(findTestObject("ROLES/Roles_page/Pagination/front_navigation")): Object: 'Object Repository/ROLES/Roles_page/Pagination/front_navigation' is clicked on

2020-03-13 15:46:09 - [MESSAGE][PASSED] - Object: 'Object Repository/ROLES/Roles_page/Pagination/front_navigation' is clicked on

2020-03-13 15:46:09 - [TEST_STEP][PASSED] - createdDate = findWebElements(findTestObject("ROLES/Roles_page/sorting/created"), 2): null

2020-03-13 15:46:10 - [TEST_STEP][PASSED] - for (org.openqa.selenium.WebElement a : createdDate): null

2020-03-13 15:46:10 - [TEST_STEP][PASSED] - AllCreatedDate.add(a.getText()): null

2020-03-13 15:46:10 - [TEST_STEP][PASSED] - AllCreatedDate.add(a.getText()): null

2020-03-13 15:46:10 - [TEST_STEP][PASSED] - AllCreatedDate.add(a.getText()): null

2020-03-13 15:46:10 - [TEST_STEP][PASSED] - AllCreatedDate.add(a.getText()): null

2020-03-13 15:46:11 - [TEST_STEP][PASSED] - AllCreatedDate.add(a.getText()): null

2020-03-13 15:46:11 - [TEST_STEP][PASSED] - AllCreatedDate.add(a.getText()): null

2020-03-13 15:46:11 - [TEST_STEP][PASSED] - AllCreatedDate.add(a.getText()): null

2020-03-13 15:46:11 - [TEST_STEP][PASSED] - AllCreatedDate.add(a.getText()): null

2020-03-13 15:46:11 - [TEST_STEP][PASSED] - AllCreatedDate.add(a.getText()): null

2020-03-13 15:46:11 - [TEST_STEP][PASSED] - AllCreatedDate.add(a.getText()): null

2020-03-13 15:46:11 - [TEST_STEP][PASSED] - click(findTestObject("ROLES/Roles_page/Pagination/front_navigation")): Object: 'Object Repository/ROLES/Roles_page/Pagination/front_navigation' is clicked on

2020-03-13 15:46:11 - [MESSAGE][PASSED] - Object: 'Object Repository/ROLES/Roles_page/Pagination/front_navigation' is clicked on

2020-03-13 15:46:11 - [TEST_STEP][PASSED] - createdDate = findWebElements(findTestObject("ROLES/Roles_page/sorting/created"), 2): null

2020-03-13 15:46:12 - [TEST_STEP][PASSED] - for (org.openqa.selenium.WebElement a : createdDate): null

2020-03-13 15:46:12 - [TEST_STEP][PASSED] - AllCreatedDate.add(a.getText()): null

2020-03-13 15:46:12 - [TEST_STEP][PASSED] - AllCreatedDate.add(a.getText()): null

2020-03-13 15:46:12 - [TEST_STEP][PASSED] - AllCreatedDate.add(a.getText()): null

2020-03-13 15:46:12 - [TEST_STEP][PASSED] - AllCreatedDate.add(a.getText()): null

2020-03-13 15:46:12 - [TEST_STEP][PASSED] - AllCreatedDate.add(a.getText()): null

2020-03-13 15:46:12 - [TEST_STEP][PASSED] - AllCreatedDate.add(a.getText()): null

2020-03-13 15:46:12 - [TEST_STEP][PASSED] - AllCreatedDate.add(a.getText()): null

2020-03-13 15:46:12 - [TEST_STEP][PASSED] - AllCreatedDate.add(a.getText()): null

2020-03-13 15:46:12 - [TEST_STEP][PASSED] - AllCreatedDate.add(a.getText()): null

2020-03-13 15:46:12 - [TEST_STEP][PASSED] - AllCreatedDate.add(a.getText()): null

2020-03-13 15:46:12 - [TEST_STEP][PASSED] - click(findTestObject("ROLES/Roles_page/Pagination/front_navigation")): Object: 'Object Repository/ROLES/Roles_page/Pagination/front_navigation' is clicked on

2020-03-13 15:46:13 - [MESSAGE][PASSED] - Object: 'Object Repository/ROLES/Roles_page/Pagination/front_navigation' is clicked on

2020-03-13 15:46:13 - [TEST_STEP][PASSED] - createdDate = findWebElements(findTestObject("ROLES/Roles_page/sorting/created"), 2): null

2020-03-13 15:46:14 - [TEST_STEP][PASSED] - for (org.openqa.selenium.WebElement a : createdDate): null

2020-03-13 15:46:14 - [TEST_STEP][PASSED] - AllCreatedDate.add(a.getText()): null

2020-03-13 15:46:14 - [TEST_STEP][PASSED] - AllCreatedDate.add(a.getText()): null

2020-03-13 15:46:14 - [TEST_STEP][PASSED] - AllCreatedDate.add(a.getText()): null

2020-03-13 15:46:14 - [TEST_STEP][PASSED] - AllCreatedDate.add(a.getText()): null

2020-03-13 15:46:14 - [TEST_STEP][PASSED] - AllCreatedDate.add(a.getText()): null

2020-03-13 15:46:14 - [TEST_STEP][PASSED] - AllCreatedDate.add(a.getText()): null

2020-03-13 15:46:14 - [TEST_STEP][PASSED] - AllCreatedDate.add(a.getText()): null

2020-03-13 15:46:14 - [TEST_STEP][PASSED] - AllCreatedDate.add(a.getText()): null

2020-03-13 15:46:14 - [TEST_STEP][PASSED] - AllCreatedDate.add(a.getText()): null

2020-03-13 15:46:14 - [TEST_STEP][PASSED] - AllCreatedDate.add(a.getText()): null

2020-03-13 15:46:14 - [TEST_STEP][PASSED] - click(findTestObject("ROLES/Roles_page/Pagination/front_navigation")): Object: 'Object Repository/ROLES/Roles_page/Pagination/front_navigation' is clicked on

2020-03-13 15:46:14 - [MESSAGE][PASSED] - Object: 'Object Repository/ROLES/Roles_page/Pagination/front_navigation' is clicked on

2020-03-13 15:46:14 - [TEST_STEP][PASSED] - createdDate = findWebElements(findTestObject("ROLES/Roles_page/sorting/created"), 2): null

2020-03-13 15:46:15 - [TEST_STEP][PASSED] - for (org.openqa.selenium.WebElement a : createdDate): null

2020-03-13 15:46:15 - [TEST_STEP][PASSED] - AllCreatedDate.add(a.getText()): null

2020-03-13 15:46:15 - [TEST_STEP][PASSED] - AllCreatedDate.add(a.getText()): null

2020-03-13 15:46:15 - [TEST_STEP][PASSED] - AllCreatedDate.add(a.getText()): null

2020-03-13 15:46:15 - [TEST_STEP][PASSED] - AllCreatedDate.add(a.getText()): null

2020-03-13 15:46:15 - [TEST_STEP][PASSED] - AllCreatedDate.add(a.getText()): null

2020-03-13 15:46:15 - [TEST_STEP][PASSED] - AllCreatedDate.add(a.getText()): null

2020-03-13 15:46:15 - [TEST_STEP][PASSED] - AllCreatedDate.add(a.getText()): null

2020-03-13 15:46:15 - [TEST_STEP][PASSED] - AllCreatedDate.add(a.getText()): null

2020-03-13 15:46:15 - [TEST_STEP][PASSED] - AllCreatedDate.add(a.getText()): null

2020-03-13 15:46:15 - [TEST_STEP][PASSED] - AllCreatedDate.add(a.getText()): null

2020-03-13 15:46:15 - [TEST_STEP][PASSED] - click(findTestObject("ROLES/Roles_page/Pagination/front_navigation")): Object: 'Object Repository/ROLES/Roles_page/Pagination/front_navigation' is clicked on

2020-03-13 15:46:16 - [MESSAGE][PASSED] - Object: 'Object Repository/ROLES/Roles_page/Pagination/front_navigation' is clicked on

2020-03-13 15:46:16 - [TEST_STEP][PASSED] - createdDate = findWebElements(findTestObject("ROLES/Roles_page/sorting/created"), 2): null

2020-03-13 15:46:17 - [TEST_STEP][PASSED] - for (org.openqa.selenium.WebElement a : createdDate): null

2020-03-13 15:46:17 - [TEST_STEP][PASSED] - AllCreatedDate.add(a.getText()): null

2020-03-13 15:46:17 - [TEST_STEP][PASSED] - AllCreatedDate.add(a.getText()): null

2020-03-13 15:46:17 - [TEST_STEP][PASSED] - AllCreatedDate.add(a.getText()): null

2020-03-13 15:46:17 - [TEST_STEP][PASSED] - AllCreatedDate.add(a.getText()): null

2020-03-13 15:46:17 - [TEST_STEP][PASSED] - AllCreatedDate.add(a.getText()): null

2020-03-13 15:46:17 - [TEST_STEP][PASSED] - AllCreatedDate.add(a.getText()): null

2020-03-13 15:46:17 - [TEST_STEP][PASSED] - AllCreatedDate.add(a.getText()): null

2020-03-13 15:46:17 - [TEST_STEP][PASSED] - AllCreatedDate.add(a.getText()): null

2020-03-13 15:46:17 - [TEST_STEP][PASSED] - AllCreatedDate.add(a.getText()): null

2020-03-13 15:46:17 - [TEST_STEP][PASSED] - AllCreatedDate.add(a.getText()): null

2020-03-13 15:46:17 - [TEST_STEP][PASSED] - click(findTestObject("ROLES/Roles_page/Pagination/front_navigation")): Object: 'Object Repository/ROLES/Roles_page/Pagination/front_navigation' is clicked on

2020-03-13 15:46:17 - [MESSAGE][PASSED] - Object: 'Object Repository/ROLES/Roles_page/Pagination/front_navigation' is clicked on

2020-03-13 15:46:17 - [TEST_STEP][PASSED] - createdDate = findWebElements(findTestObject("ROLES/Roles_page/sorting/created"), 2): null

2020-03-13 15:46:18 - [TEST_STEP][PASSED] - for (org.openqa.selenium.WebElement a : createdDate): null

2020-03-13 15:46:18 - [TEST_STEP][PASSED] - AllCreatedDate.add(a.getText()): null

2020-03-13 15:46:18 - [TEST_STEP][PASSED] - AllCreatedDate.add(a.getText()): null

2020-03-13 15:46:18 - [TEST_STEP][PASSED] - AllCreatedDate.add(a.getText()): null

2020-03-13 15:46:18 - [TEST_STEP][PASSED] - AllCreatedDate.add(a.getText()): null

2020-03-13 15:46:18 - [TEST_STEP][PASSED] - AllCreatedDate.add(a.getText()): null

2020-03-13 15:46:18 - [TEST_STEP][PASSED] - AllCreatedDate.add(a.getText()): null

2020-03-13 15:46:18 - [TEST_STEP][PASSED] - AllCreatedDate.add(a.getText()): null

2020-03-13 15:46:18 - [TEST_STEP][PASSED] - AllCreatedDate.add(a.getText()): null

2020-03-13 15:46:18 - [TEST_STEP][PASSED] - click(findTestObject("ROLES/Roles_page/Pagination/front_navigation")): Object: 'Object Repository/ROLES/Roles_page/Pagination/front_navigation' is clicked on

2020-03-13 15:46:21 - [MESSAGE][PASSED] - Object: 'Object Repository/ROLES/Roles_page/Pagination/front_navigation' is clicked on

2020-03-13 15:46:21 - [TEST_STEP][PASSED] - if (j == 1): Text 'BACK_SPACE + BACK_SPACE + ENTER + 1' is set on object 'Object Repository/ROLES/Roles_page/Pagination/input_Page_form-control'

2020-03-13 15:46:21 - [TEST_STEP][PASSED] - isSorted = web.CustomKeyword.checkListDescending(AllCreatedDate): web.CustomKeyword.checkListDescending is PASSED

2020-03-13 15:46:21 - [MESSAGE][PASSED] - web.CustomKeyword.checkListDescending is PASSED

2020-03-13 15:46:21 - [TEST_STEP][PASSED] - println(AllCreatedDate.size()): null

2020-03-13 15:46:21 - [TEST_STEP][PASSED] - println(AllCreatedDate): null

2020-03-13 15:46:21 - [TEST_STEP][PASSED] - verifyEqual(isSorted, true): Actual object 'true' and expected object 'true' are equal

2020-03-13 15:46:21 - [MESSAGE][PASSED] - Actual object 'true' and expected object 'true' are equal

2020-03-13 15:46:21 - [TEST_STEP][PASSED] - clearText(findTestObject("Object Repository/ROLES/Roles_page/Pagination/input_Page_form-control")): Text of object 'Object Repository/ROLES/Roles_page/Pagination/input_Page_form-control' is cleared

2020-03-13 15:46:22 - [MESSAGE][PASSED] - Text of object 'Object Repository/ROLES/Roles_page/Pagination/input_Page_form-control' is cleared

2020-03-13 15:46:22 - [TEST_STEP][PASSED] - setText(findTestObject("Object Repository/ROLES/Roles_page/Pagination/input_Page_form-control"), BACK_SPACE + BACK_SPACE + "1" + ENTER): Text 'BACK_SPACE + BACK_SPACE + ENTER + 1' is set on object 'Object Repository/ROLES/Roles_page/Pagination/input_Page_form-control'

2020-03-13 15:46:22 - [MESSAGE][PASSED] - Text 'BACK_SPACE + BACK_SPACE + ENTER + 1' is set on object 'Object Repository/ROLES/Roles_page/Pagination/input_Page_form-control'

2020-03-13 15:46:22 - [TEST_STEP][PASSED] - if (j == 2): null

2020-03-13 15:46:22 - [TEST_STEP][PASSED] - click(findTestObject("ROLES/Roles_page/sorting/Created_header")): Object: 'Object Repository/ROLES/Roles_page/sorting/Created_header' is clicked on

2020-03-13 15:46:23 - [MESSAGE][PASSED] - Object: 'Object Repository/ROLES/Roles_page/sorting/Created_header' is clicked on

2020-03-13 15:46:23 - [TEST_STEP][PASSED] - createdDate = <not implemented yet for class: org.codehaus.groovy.ast.expr.EmptyExpression>: null

2020-03-13 15:46:23 - [TEST_STEP][PASSED] - AllCreatedDate = new java.util.ArrayList(): null

2020-03-13 15:46:23 - [TEST_STEP][PASSED] - for ([i = 1, i <= noOfPages, (i++)]): Object: 'Object Repository/ROLES/Roles_page/Pagination/front_navigation' is clicked on

2020-03-13 15:46:23 - [TEST_STEP][PASSED] - createdDate = findWebElements(findTestObject("ROLES/Roles_page/sorting/created"), 2): null

2020-03-13 15:46:24 - [TEST_STEP][PASSED] - for (org.openqa.selenium.WebElement a : createdDate): null

2020-03-13 15:46:24 - [TEST_STEP][PASSED] - AllCreatedDate.add(a.getText()): null

2020-03-13 15:46:24 - [TEST_STEP][PASSED] - AllCreatedDate.add(a.getText()): null

2020-03-13 15:46:24 - [TEST_STEP][PASSED] - AllCreatedDate.add(a.getText()): null

2020-03-13 15:46:24 - [TEST_STEP][PASSED] - AllCreatedDate.add(a.getText()): null

2020-03-13 15:46:24 - [TEST_STEP][PASSED] - AllCreatedDate.add(a.getText()): null

2020-03-13 15:46:25 - [TEST_STEP][PASSED] - AllCreatedDate.add(a.getText()): null

2020-03-13 15:46:25 - [TEST_STEP][PASSED] - AllCreatedDate.add(a.getText()): null

2020-03-13 15:46:25 - [TEST_STEP][PASSED] - AllCreatedDate.add(a.getText()): null

2020-03-13 15:46:25 - [TEST_STEP][PASSED] - AllCreatedDate.add(a.getText()): null

2020-03-13 15:46:25 - [TEST_STEP][PASSED] - AllCreatedDate.add(a.getText()): null

2020-03-13 15:46:25 - [TEST_STEP][PASSED] - click(findTestObject("ROLES/Roles_page/Pagination/front_navigation")): Object: 'Object Repository/ROLES/Roles_page/Pagination/front_navigation' is clicked on

2020-03-13 15:46:25 - [MESSAGE][PASSED] - Object: 'Object Repository/ROLES/Roles_page/Pagination/front_navigation' is clicked on

2020-03-13 15:46:25 - [TEST_STEP][PASSED] - createdDate = findWebElements(findTestObject("ROLES/Roles_page/sorting/created"), 2): null

2020-03-13 15:46:26 - [TEST_STEP][PASSED] - for (org.openqa.selenium.WebElement a : createdDate): null

2020-03-13 15:46:26 - [TEST_STEP][PASSED] - AllCreatedDate.add(a.getText()): null

2020-03-13 15:46:26 - [TEST_STEP][PASSED] - AllCreatedDate.add(a.getText()): null

2020-03-13 15:46:26 - [TEST_STEP][PASSED] - AllCreatedDate.add(a.getText()): null

2020-03-13 15:46:26 - [TEST_STEP][PASSED] - AllCreatedDate.add(a.getText()): null

2020-03-13 15:46:26 - [TEST_STEP][PASSED] - AllCreatedDate.add(a.getText()): null

2020-03-13 15:46:26 - [TEST_STEP][PASSED] - AllCreatedDate.add(a.getText()): null

2020-03-13 15:46:26 - [TEST_STEP][PASSED] - AllCreatedDate.add(a.getText()): null

2020-03-13 15:46:26 - [TEST_STEP][PASSED] - AllCreatedDate.add(a.getText()): null

2020-03-13 15:46:26 - [TEST_STEP][PASSED] - AllCreatedDate.add(a.getText()): null

2020-03-13 15:46:26 - [TEST_STEP][PASSED] - AllCreatedDate.add(a.getText()): null

2020-03-13 15:46:26 - [TEST_STEP][PASSED] - click(findTestObject("ROLES/Roles_page/Pagination/front_navigation")): Object: 'Object Repository/ROLES/Roles_page/Pagination/front_navigation' is clicked on

2020-03-13 15:46:27 - [MESSAGE][PASSED] - Object: 'Object Repository/ROLES/Roles_page/Pagination/front_navigation' is clicked on

2020-03-13 15:46:27 - [TEST_STEP][PASSED] - createdDate = findWebElements(findTestObject("ROLES/Roles_page/sorting/created"), 2): null

2020-03-13 15:46:28 - [TEST_STEP][PASSED] - for (org.openqa.selenium.WebElement a : createdDate): null

2020-03-13 15:46:28 - [TEST_STEP][PASSED] - AllCreatedDate.add(a.getText()): null

2020-03-13 15:46:28 - [TEST_STEP][PASSED] - AllCreatedDate.add(a.getText()): null

2020-03-13 15:46:28 - [TEST_STEP][PASSED] - AllCreatedDate.add(a.getText()): null

2020-03-13 15:46:28 - [TEST_STEP][PASSED] - AllCreatedDate.add(a.getText()): null

2020-03-13 15:46:28 - [TEST_STEP][PASSED] - AllCreatedDate.add(a.getText()): null

2020-03-13 15:46:28 - [TEST_STEP][PASSED] - AllCreatedDate.add(a.getText()): null

2020-03-13 15:46:28 - [TEST_STEP][PASSED] - AllCreatedDate.add(a.getText()): null

2020-03-13 15:46:28 - [TEST_STEP][PASSED] - AllCreatedDate.add(a.getText()): null

2020-03-13 15:46:28 - [TEST_STEP][PASSED] - AllCreatedDate.add(a.getText()): null

2020-03-13 15:46:28 - [TEST_STEP][PASSED] - AllCreatedDate.add(a.getText()): null

2020-03-13 15:46:28 - [TEST_STEP][PASSED] - click(findTestObject("ROLES/Roles_page/Pagination/front_navigation")): Object: 'Object Repository/ROLES/Roles_page/Pagination/front_navigation' is clicked on

2020-03-13 15:46:28 - [MESSAGE][PASSED] - Object: 'Object Repository/ROLES/Roles_page/Pagination/front_navigation' is clicked on

2020-03-13 15:46:28 - [TEST_STEP][PASSED] - createdDate = findWebElements(findTestObject("ROLES/Roles_page/sorting/created"), 2): null

2020-03-13 15:46:29 - [TEST_STEP][PASSED] - for (org.openqa.selenium.WebElement a : createdDate): null

2020-03-13 15:46:29 - [TEST_STEP][PASSED] - AllCreatedDate.add(a.getText()): null

2020-03-13 15:46:29 - [TEST_STEP][PASSED] - AllCreatedDate.add(a.getText()): null

2020-03-13 15:46:29 - [TEST_STEP][PASSED] - AllCreatedDate.add(a.getText()): null

2020-03-13 15:46:29 - [TEST_STEP][PASSED] - AllCreatedDate.add(a.getText()): null

2020-03-13 15:46:29 - [TEST_STEP][PASSED] - AllCreatedDate.add(a.getText()): null

2020-03-13 15:46:29 - [TEST_STEP][PASSED] - AllCreatedDate.add(a.getText()): null

2020-03-13 15:46:29 - [TEST_STEP][PASSED] - AllCreatedDate.add(a.getText()): null

2020-03-13 15:46:29 - [TEST_STEP][PASSED] - AllCreatedDate.add(a.getText()): null

2020-03-13 15:46:29 - [TEST_STEP][PASSED] - AllCreatedDate.add(a.getText()): null

2020-03-13 15:46:29 - [TEST_STEP][PASSED] - AllCreatedDate.add(a.getText()): null

2020-03-13 15:46:29 - [TEST_STEP][PASSED] - click(findTestObject("ROLES/Roles_page/Pagination/front_navigation")): Object: 'Object Repository/ROLES/Roles_page/Pagination/front_navigation' is clicked on

2020-03-13 15:46:30 - [MESSAGE][PASSED] - Object: 'Object Repository/ROLES/Roles_page/Pagination/front_navigation' is clicked on

2020-03-13 15:46:30 - [TEST_STEP][PASSED] - createdDate = findWebElements(findTestObject("ROLES/Roles_page/sorting/created"), 2): null

2020-03-13 15:46:31 - [TEST_STEP][PASSED] - for (org.openqa.selenium.WebElement a : createdDate): null

2020-03-13 15:46:31 - [TEST_STEP][PASSED] - AllCreatedDate.add(a.getText()): null

2020-03-13 15:46:31 - [TEST_STEP][PASSED] - AllCreatedDate.add(a.getText()): null

2020-03-13 15:46:31 - [TEST_STEP][PASSED] - AllCreatedDate.add(a.getText()): null

2020-03-13 15:46:31 - [TEST_STEP][PASSED] - AllCreatedDate.add(a.getText()): null

2020-03-13 15:46:31 - [TEST_STEP][PASSED] - AllCreatedDate.add(a.getText()): null

2020-03-13 15:46:31 - [TEST_STEP][PASSED] - AllCreatedDate.add(a.getText()): null

2020-03-13 15:46:31 - [TEST_STEP][PASSED] - AllCreatedDate.add(a.getText()): null

2020-03-13 15:46:31 - [TEST_STEP][PASSED] - AllCreatedDate.add(a.getText()): null

2020-03-13 15:46:31 - [TEST_STEP][PASSED] - AllCreatedDate.add(a.getText()): null

2020-03-13 15:46:31 - [TEST_STEP][PASSED] - AllCreatedDate.add(a.getText()): null

2020-03-13 15:46:31 - [TEST_STEP][PASSED] - click(findTestObject("ROLES/Roles_page/Pagination/front_navigation")): Object: 'Object Repository/ROLES/Roles_page/Pagination/front_navigation' is clicked on

2020-03-13 15:46:32 - [MESSAGE][PASSED] - Object: 'Object Repository/ROLES/Roles_page/Pagination/front_navigation' is clicked on

2020-03-13 15:46:32 - [TEST_STEP][PASSED] - createdDate = findWebElements(findTestObject("ROLES/Roles_page/sorting/created"), 2): null

2020-03-13 15:46:33 - [TEST_STEP][PASSED] - for (org.openqa.selenium.WebElement a : createdDate): null

2020-03-13 15:46:33 - [TEST_STEP][PASSED] - AllCreatedDate.add(a.getText()): null

2020-03-13 15:46:33 - [TEST_STEP][PASSED] - AllCreatedDate.add(a.getText()): null

2020-03-13 15:46:33 - [TEST_STEP][PASSED] - AllCreatedDate.add(a.getText()): null

2020-03-13 15:46:33 - [TEST_STEP][PASSED] - AllCreatedDate.add(a.getText()): null

2020-03-13 15:46:33 - [TEST_STEP][PASSED] - AllCreatedDate.add(a.getText()): null

2020-03-13 15:46:33 - [TEST_STEP][PASSED] - AllCreatedDate.add(a.getText()): null

2020-03-13 15:46:33 - [TEST_STEP][PASSED] - AllCreatedDate.add(a.getText()): null

2020-03-13 15:46:33 - [TEST_STEP][PASSED] - AllCreatedDate.add(a.getText()): null

2020-03-13 15:46:33 - [TEST_STEP][PASSED] - AllCreatedDate.add(a.getText()): null

2020-03-13 15:46:33 - [TEST_STEP][PASSED] - AllCreatedDate.add(a.getText()): null

2020-03-13 15:46:33 - [TEST_STEP][PASSED] - click(findTestObject("ROLES/Roles_page/Pagination/front_navigation")): Object: 'Object Repository/ROLES/Roles_page/Pagination/front_navigation' is clicked on

2020-03-13 15:46:33 - [MESSAGE][PASSED] - Object: 'Object Repository/ROLES/Roles_page/Pagination/front_navigation' is clicked on

2020-03-13 15:46:33 - [TEST_STEP][PASSED] - createdDate = findWebElements(findTestObject("ROLES/Roles_page/sorting/created"), 2): null

2020-03-13 15:46:34 - [TEST_STEP][PASSED] - for (org.openqa.selenium.WebElement a : createdDate): null

2020-03-13 15:46:34 - [TEST_STEP][PASSED] - AllCreatedDate.add(a.getText()): null

2020-03-13 15:46:34 - [TEST_STEP][PASSED] - AllCreatedDate.add(a.getText()): null

2020-03-13 15:46:34 - [TEST_STEP][PASSED] - AllCreatedDate.add(a.getText()): null

2020-03-13 15:46:34 - [TEST_STEP][PASSED] - AllCreatedDate.add(a.getText()): null

2020-03-13 15:46:34 - [TEST_STEP][PASSED] - AllCreatedDate.add(a.getText()): null

2020-03-13 15:46:34 - [TEST_STEP][PASSED] - AllCreatedDate.add(a.getText()): null

2020-03-13 15:46:34 - [TEST_STEP][PASSED] - AllCreatedDate.add(a.getText()): null

2020-03-13 15:46:34 - [TEST_STEP][PASSED] - AllCreatedDate.add(a.getText()): null

2020-03-13 15:46:34 - [TEST_STEP][PASSED] - AllCreatedDate.add(a.getText()): null

2020-03-13 15:46:34 - [TEST_STEP][PASSED] - AllCreatedDate.add(a.getText()): null

2020-03-13 15:46:34 - [TEST_STEP][PASSED] - click(findTestObject("ROLES/Roles_page/Pagination/front_navigation")): Object: 'Object Repository/ROLES/Roles_page/Pagination/front_navigation' is clicked on

2020-03-13 15:46:35 - [MESSAGE][PASSED] - Object: 'Object Repository/ROLES/Roles_page/Pagination/front_navigation' is clicked on

2020-03-13 15:46:35 - [TEST_STEP][PASSED] - createdDate = findWebElements(findTestObject("ROLES/Roles_page/sorting/created"), 2): null

2020-03-13 15:46:36 - [TEST_STEP][PASSED] - for (org.openqa.selenium.WebElement a : createdDate): null

2020-03-13 15:46:36 - [TEST_STEP][PASSED] - AllCreatedDate.add(a.getText()): null

2020-03-13 15:46:36 - [TEST_STEP][PASSED] - AllCreatedDate.add(a.getText()): null

2020-03-13 15:46:36 - [TEST_STEP][PASSED] - AllCreatedDate.add(a.getText()): null

2020-03-13 15:46:36 - [TEST_STEP][PASSED] - AllCreatedDate.add(a.getText()): null

2020-03-13 15:46:36 - [TEST_STEP][PASSED] - AllCreatedDate.add(a.getText()): null

2020-03-13 15:46:36 - [TEST_STEP][PASSED] - AllCreatedDate.add(a.getText()): null

2020-03-13 15:46:36 - [TEST_STEP][PASSED] - AllCreatedDate.add(a.getText()): null

2020-03-13 15:46:36 - [TEST_STEP][PASSED] - AllCreatedDate.add(a.getText()): null

2020-03-13 15:46:36 - [TEST_STEP][PASSED] - AllCreatedDate.add(a.getText()): null

2020-03-13 15:46:36 - [TEST_STEP][PASSED] - AllCreatedDate.add(a.getText()): null

2020-03-13 15:46:36 - [TEST_STEP][PASSED] - click(findTestObject("ROLES/Roles_page/Pagination/front_navigation")): Object: 'Object Repository/ROLES/Roles_page/Pagination/front_navigation' is clicked on

2020-03-13 15:46:37 - [MESSAGE][PASSED] - Object: 'Object Repository/ROLES/Roles_page/Pagination/front_navigation' is clicked on

2020-03-13 15:46:37 - [TEST_STEP][PASSED] - createdDate = findWebElements(findTestObject("ROLES/Roles_page/sorting/created"), 2): null

2020-03-13 15:46:38 - [TEST_STEP][PASSED] - for (org.openqa.selenium.WebElement a : createdDate): null

2020-03-13 15:46:38 - [TEST_STEP][PASSED] - AllCreatedDate.add(a.getText()): null

2020-03-13 15:46:38 - [TEST_STEP][PASSED] - AllCreatedDate.add(a.getText()): null

2020-03-13 15:46:38 - [TEST_STEP][PASSED] - AllCreatedDate.add(a.getText()): null

2020-03-13 15:46:38 - [TEST_STEP][PASSED] - AllCreatedDate.add(a.getText()): null

2020-03-13 15:46:38 - [TEST_STEP][PASSED] - AllCreatedDate.add(a.getText()): null

2020-03-13 15:46:38 - [TEST_STEP][PASSED] - AllCreatedDate.add(a.getText()): null

2020-03-13 15:46:38 - [TEST_STEP][PASSED] - AllCreatedDate.add(a.getText()): null

2020-03-13 15:46:38 - [TEST_STEP][PASSED] - AllCreatedDate.add(a.getText()): null

2020-03-13 15:46:38 - [TEST_STEP][PASSED] - AllCreatedDate.add(a.getText()): null

2020-03-13 15:46:38 - [TEST_STEP][PASSED] - AllCreatedDate.add(a.getText()): null

2020-03-13 15:46:38 - [TEST_STEP][PASSED] - click(findTestObject("ROLES/Roles_page/Pagination/front_navigation")): Object: 'Object Repository/ROLES/Roles_page/Pagination/front_navigation' is clicked on

2020-03-13 15:46:38 - [MESSAGE][PASSED] - Object: 'Object Repository/ROLES/Roles_page/Pagination/front_navigation' is clicked on

2020-03-13 15:46:38 - [TEST_STEP][PASSED] - createdDate = findWebElements(findTestObject("ROLES/Roles_page/sorting/created"), 2): null

2020-03-13 15:46:39 - [TEST_STEP][PASSED] - for (org.openqa.selenium.WebElement a : createdDate): null

2020-03-13 15:46:39 - [TEST_STEP][PASSED] - AllCreatedDate.add(a.getText()): null

2020-03-13 15:46:39 - [TEST_STEP][PASSED] - AllCreatedDate.add(a.getText()): null

2020-03-13 15:46:39 - [TEST_STEP][PASSED] - AllCreatedDate.add(a.getText()): null

2020-03-13 15:46:39 - [TEST_STEP][PASSED] - AllCreatedDate.add(a.getText()): null

2020-03-13 15:46:39 - [TEST_STEP][PASSED] - AllCreatedDate.add(a.getText()): null

2020-03-13 15:46:39 - [TEST_STEP][PASSED] - AllCreatedDate.add(a.getText()): null

2020-03-13 15:46:39 - [TEST_STEP][PASSED] - AllCreatedDate.add(a.getText()): null

2020-03-13 15:46:39 - [TEST_STEP][PASSED] - AllCreatedDate.add(a.getText()): null

2020-03-13 15:46:39 - [TEST_STEP][PASSED] - AllCreatedDate.add(a.getText()): null

2020-03-13 15:46:39 - [TEST_STEP][PASSED] - AllCreatedDate.add(a.getText()): null

2020-03-13 15:46:39 - [TEST_STEP][PASSED] - click(findTestObject("ROLES/Roles_page/Pagination/front_navigation")): Object: 'Object Repository/ROLES/Roles_page/Pagination/front_navigation' is clicked on

2020-03-13 15:46:40 - [MESSAGE][PASSED] - Object: 'Object Repository/ROLES/Roles_page/Pagination/front_navigation' is clicked on

2020-03-13 15:46:40 - [TEST_STEP][PASSED] - createdDate = findWebElements(findTestObject("ROLES/Roles_page/sorting/created"), 2): null

2020-03-13 15:46:41 - [TEST_STEP][PASSED] - for (org.openqa.selenium.WebElement a : createdDate): null

2020-03-13 15:46:41 - [TEST_STEP][PASSED] - AllCreatedDate.add(a.getText()): null

2020-03-13 15:46:41 - [TEST_STEP][PASSED] - AllCreatedDate.add(a.getText()): null

2020-03-13 15:46:41 - [TEST_STEP][PASSED] - AllCreatedDate.add(a.getText()): null

2020-03-13 15:46:41 - [TEST_STEP][PASSED] - AllCreatedDate.add(a.getText()): null

2020-03-13 15:46:41 - [TEST_STEP][PASSED] - AllCreatedDate.add(a.getText()): null

2020-03-13 15:46:41 - [TEST_STEP][PASSED] - AllCreatedDate.add(a.getText()): null

2020-03-13 15:46:41 - [TEST_STEP][PASSED] - AllCreatedDate.add(a.getText()): null

2020-03-13 15:46:41 - [TEST_STEP][PASSED] - AllCreatedDate.add(a.getText()): null

2020-03-13 15:46:41 - [TEST_STEP][PASSED] - AllCreatedDate.add(a.getText()): null

2020-03-13 15:46:41 - [TEST_STEP][PASSED] - AllCreatedDate.add(a.getText()): null

2020-03-13 15:46:41 - [TEST_STEP][PASSED] - click(findTestObject("ROLES/Roles_page/Pagination/front_navigation")): Object: 'Object Repository/ROLES/Roles_page/Pagination/front_navigation' is clicked on

2020-03-13 15:46:41 - [MESSAGE][PASSED] - Object: 'Object Repository/ROLES/Roles_page/Pagination/front_navigation' is clicked on

2020-03-13 15:46:41 - [TEST_STEP][PASSED] - createdDate = findWebElements(findTestObject("ROLES/Roles_page/sorting/created"), 2): null

2020-03-13 15:46:42 - [TEST_STEP][PASSED] - for (org.openqa.selenium.WebElement a : createdDate): null

2020-03-13 15:46:42 - [TEST_STEP][PASSED] - AllCreatedDate.add(a.getText()): null

2020-03-13 15:46:42 - [TEST_STEP][PASSED] - AllCreatedDate.add(a.getText()): null

2020-03-13 15:46:42 - [TEST_STEP][PASSED] - AllCreatedDate.add(a.getText()): null

2020-03-13 15:46:42 - [TEST_STEP][PASSED] - AllCreatedDate.add(a.getText()): null

2020-03-13 15:46:42 - [TEST_STEP][PASSED] - AllCreatedDate.add(a.getText()): null

2020-03-13 15:46:42 - [TEST_STEP][PASSED] - AllCreatedDate.add(a.getText()): null

2020-03-13 15:46:42 - [TEST_STEP][PASSED] - AllCreatedDate.add(a.getText()): null

2020-03-13 15:46:42 - [TEST_STEP][PASSED] - AllCreatedDate.add(a.getText()): null

2020-03-13 15:46:42 - [TEST_STEP][PASSED] - AllCreatedDate.add(a.getText()): null

2020-03-13 15:46:43 - [TEST_STEP][PASSED] - AllCreatedDate.add(a.getText()): null

2020-03-13 15:46:43 - [TEST_STEP][PASSED] - click(findTestObject("ROLES/Roles_page/Pagination/front_navigation")): Object: 'Object Repository/ROLES/Roles_page/Pagination/front_navigation' is clicked on

2020-03-13 15:46:43 - [MESSAGE][PASSED] - Object: 'Object Repository/ROLES/Roles_page/Pagination/front_navigation' is clicked on

2020-03-13 15:46:43 - [TEST_STEP][PASSED] - createdDate = findWebElements(findTestObject("ROLES/Roles_page/sorting/created"), 2): null

2020-03-13 15:46:44 - [TEST_STEP][PASSED] - for (org.openqa.selenium.WebElement a : createdDate): null

2020-03-13 15:46:44 - [TEST_STEP][PASSED] - AllCreatedDate.add(a.getText()): null

2020-03-13 15:46:44 - [TEST_STEP][PASSED] - AllCreatedDate.add(a.getText()): null

2020-03-13 15:46:44 - [TEST_STEP][PASSED] - AllCreatedDate.add(a.getText()): null

2020-03-13 15:46:44 - [TEST_STEP][PASSED] - AllCreatedDate.add(a.getText()): null

2020-03-13 15:46:44 - [TEST_STEP][PASSED] - AllCreatedDate.add(a.getText()): null

2020-03-13 15:46:44 - [TEST_STEP][PASSED] - AllCreatedDate.add(a.getText()): null

2020-03-13 15:46:45 - [TEST_STEP][PASSED] - AllCreatedDate.add(a.getText()): null

2020-03-13 15:46:45 - [TEST_STEP][PASSED] - AllCreatedDate.add(a.getText()): null

2020-03-13 15:46:45 - [TEST_STEP][PASSED] - AllCreatedDate.add(a.getText()): null

2020-03-13 15:46:45 - [TEST_STEP][PASSED] - AllCreatedDate.add(a.getText()): null

2020-03-13 15:46:45 - [TEST_STEP][PASSED] - click(findTestObject("ROLES/Roles_page/Pagination/front_navigation")): Object: 'Object Repository/ROLES/Roles_page/Pagination/front_navigation' is clicked on

2020-03-13 15:46:45 - [MESSAGE][PASSED] - Object: 'Object Repository/ROLES/Roles_page/Pagination/front_navigation' is clicked on

2020-03-13 15:46:45 - [TEST_STEP][PASSED] - createdDate = findWebElements(findTestObject("ROLES/Roles_page/sorting/created"), 2): null

2020-03-13 15:46:46 - [TEST_STEP][PASSED] - for (org.openqa.selenium.WebElement a : createdDate): null

2020-03-13 15:46:46 - [TEST_STEP][PASSED] - AllCreatedDate.add(a.getText()): null

2020-03-13 15:46:46 - [TEST_STEP][PASSED] - AllCreatedDate.add(a.getText()): null

2020-03-13 15:46:46 - [TEST_STEP][PASSED] - AllCreatedDate.add(a.getText()): null

2020-03-13 15:46:46 - [TEST_STEP][PASSED] - AllCreatedDate.add(a.getText()): null

2020-03-13 15:46:46 - [TEST_STEP][PASSED] - AllCreatedDate.add(a.getText()): null

2020-03-13 15:46:46 - [TEST_STEP][PASSED] - AllCreatedDate.add(a.getText()): null

2020-03-13 15:46:46 - [TEST_STEP][PASSED] - AllCreatedDate.add(a.getText()): null

2020-03-13 15:46:46 - [TEST_STEP][PASSED] - AllCreatedDate.add(a.getText()): null

2020-03-13 15:46:46 - [TEST_STEP][PASSED] - AllCreatedDate.add(a.getText()): null

2020-03-13 15:46:46 - [TEST_STEP][PASSED] - AllCreatedDate.add(a.getText()): null

2020-03-13 15:46:46 - [TEST_STEP][PASSED] - click(findTestObject("ROLES/Roles_page/Pagination/front_navigation")): Object: 'Object Repository/ROLES/Roles_page/Pagination/front_navigation' is clicked on

2020-03-13 15:46:47 - [MESSAGE][PASSED] - Object: 'Object Repository/ROLES/Roles_page/Pagination/front_navigation' is clicked on

2020-03-13 15:46:47 - [TEST_STEP][PASSED] - createdDate = findWebElements(findTestObject("ROLES/Roles_page/sorting/created"), 2): null

2020-03-13 15:46:48 - [TEST_STEP][PASSED] - for (org.openqa.selenium.WebElement a : createdDate): null

2020-03-13 15:46:48 - [TEST_STEP][PASSED] - AllCreatedDate.add(a.getText()): null

2020-03-13 15:46:48 - [TEST_STEP][PASSED] - AllCreatedDate.add(a.getText()): null

2020-03-13 15:46:48 - [TEST_STEP][PASSED] - AllCreatedDate.add(a.getText()): null

2020-03-13 15:46:48 - [TEST_STEP][PASSED] - AllCreatedDate.add(a.getText()): null

2020-03-13 15:46:48 - [TEST_STEP][PASSED] - AllCreatedDate.add(a.getText()): null

2020-03-13 15:46:48 - [TEST_STEP][PASSED] - AllCreatedDate.add(a.getText()): null

2020-03-13 15:46:48 - [TEST_STEP][PASSED] - AllCreatedDate.add(a.getText()): null

2020-03-13 15:46:48 - [TEST_STEP][PASSED] - AllCreatedDate.add(a.getText()): null

2020-03-13 15:46:48 - [TEST_STEP][PASSED] - AllCreatedDate.add(a.getText()): null

2020-03-13 15:46:48 - [TEST_STEP][PASSED] - AllCreatedDate.add(a.getText()): null

2020-03-13 15:46:48 - [TEST_STEP][PASSED] - click(findTestObject("ROLES/Roles_page/Pagination/front_navigation")): Object: 'Object Repository/ROLES/Roles_page/Pagination/front_navigation' is clicked on

2020-03-13 15:46:49 - [MESSAGE][PASSED] - Object: 'Object Repository/ROLES/Roles_page/Pagination/front_navigation' is clicked on

2020-03-13 15:46:49 - [TEST_STEP][PASSED] - createdDate = findWebElements(findTestObject("ROLES/Roles_page/sorting/created"), 2): null

2020-03-13 15:46:49 - [TEST_STEP][PASSED] - for (org.openqa.selenium.WebElement a : createdDate): null

2020-03-13 15:46:49 - [TEST_STEP][PASSED] - AllCreatedDate.add(a.getText()): null

2020-03-13 15:46:49 - [TEST_STEP][PASSED] - AllCreatedDate.add(a.getText()): null

2020-03-13 15:46:49 - [TEST_STEP][PASSED] - AllCreatedDate.add(a.getText()): null

2020-03-13 15:46:49 - [TEST_STEP][PASSED] - AllCreatedDate.add(a.getText()): null

2020-03-13 15:46:49 - [TEST_STEP][PASSED] - AllCreatedDate.add(a.getText()): null

2020-03-13 15:46:50 - [TEST_STEP][PASSED] - AllCreatedDate.add(a.getText()): null

2020-03-13 15:46:50 - [TEST_STEP][PASSED] - AllCreatedDate.add(a.getText()): null

2020-03-13 15:46:50 - [TEST_STEP][PASSED] - AllCreatedDate.add(a.getText()): null

2020-03-13 15:46:50 - [TEST_STEP][PASSED] - AllCreatedDate.add(a.getText()): null

2020-03-13 15:46:50 - [TEST_STEP][PASSED] - AllCreatedDate.add(a.getText()): null

2020-03-13 15:46:50 - [TEST_STEP][PASSED] - click(findTestObject("ROLES/Roles_page/Pagination/front_navigation")): Object: 'Object Repository/ROLES/Roles_page/Pagination/front_navigation' is clicked on

2020-03-13 15:46:50 - [MESSAGE][PASSED] - Object: 'Object Repository/ROLES/Roles_page/Pagination/front_navigation' is clicked on

2020-03-13 15:46:50 - [TEST_STEP][PASSED] - createdDate = findWebElements(findTestObject("ROLES/Roles_page/sorting/created"), 2): null

2020-03-13 15:46:51 - [TEST_STEP][PASSED] - for (org.openqa.selenium.WebElement a : createdDate): null

2020-03-13 15:46:51 - [TEST_STEP][PASSED] - AllCreatedDate.add(a.getText()): null

2020-03-13 15:46:51 - [TEST_STEP][PASSED] - AllCreatedDate.add(a.getText()): null

2020-03-13 15:46:51 - [TEST_STEP][PASSED] - AllCreatedDate.add(a.getText()): null

2020-03-13 15:46:51 - [TEST_STEP][PASSED] - AllCreatedDate.add(a.getText()): null

2020-03-13 15:46:51 - [TEST_STEP][PASSED] - AllCreatedDate.add(a.getText()): null

2020-03-13 15:46:51 - [TEST_STEP][PASSED] - AllCreatedDate.add(a.getText()): null

2020-03-13 15:46:51 - [TEST_STEP][PASSED] - AllCreatedDate.add(a.getText()): null

2020-03-13 15:46:51 - [TEST_STEP][PASSED] - AllCreatedDate.add(a.getText()): null

2020-03-13 15:46:51 - [TEST_STEP][PASSED] - AllCreatedDate.add(a.getText()): null

2020-03-13 15:46:51 - [TEST_STEP][PASSED] - AllCreatedDate.add(a.getText()): null

2020-03-13 15:46:51 - [TEST_STEP][PASSED] - click(findTestObject("ROLES/Roles_page/Pagination/front_navigation")): Object: 'Object Repository/ROLES/Roles_page/Pagination/front_navigation' is clicked on

2020-03-13 15:46:52 - [MESSAGE][PASSED] - Object: 'Object Repository/ROLES/Roles_page/Pagination/front_navigation' is clicked on

2020-03-13 15:46:52 - [TEST_STEP][PASSED] - createdDate = findWebElements(findTestObject("ROLES/Roles_page/sorting/created"), 2): null

2020-03-13 15:46:53 - [TEST_STEP][PASSED] - for (org.openqa.selenium.WebElement a : createdDate): null

2020-03-13 15:46:53 - [TEST_STEP][PASSED] - AllCreatedDate.add(a.getText()): null

2020-03-13 15:46:53 - [TEST_STEP][PASSED] - AllCreatedDate.add(a.getText()): null

2020-03-13 15:46:53 - [TEST_STEP][PASSED] - AllCreatedDate.add(a.getText()): null

2020-03-13 15:46:53 - [TEST_STEP][PASSED] - AllCreatedDate.add(a.getText()): null

2020-03-13 15:46:53 - [TEST_STEP][PASSED] - AllCreatedDate.add(a.getText()): null

2020-03-13 15:46:53 - [TEST_STEP][PASSED] - AllCreatedDate.add(a.getText()): null

2020-03-13 15:46:53 - [TEST_STEP][PASSED] - AllCreatedDate.add(a.getText()): null

2020-03-13 15:46:53 - [TEST_STEP][PASSED] - AllCreatedDate.add(a.getText()): null

2020-03-13 15:46:53 - [TEST_STEP][PASSED] - click(findTestObject("ROLES/Roles_page/Pagination/front_navigation")): Object: 'Object Repository/ROLES/Roles_page/Pagination/front_navigation' is clicked on

2020-03-13 15:46:56 - [MESSAGE][PASSED] - Object: 'Object Repository/ROLES/Roles_page/Pagination/front_navigation' is clicked on

2020-03-13 15:46:56 - [TEST_STEP][PASSED] - if (j == 1): null

2020-03-13 15:46:56 - [TEST_STEP][PASSED] - if (j == 2): Actual object 'true' and expected object 'true' are equal

2020-03-13 15:46:56 - [TEST_STEP][PASSED] - isSorted = web.CustomKeyword.checkListAscendingOrder(AllCreatedDate): web.CustomKeyword.checkListAscendingOrder is PASSED

2020-03-13 15:46:56 - [MESSAGE][PASSED] - web.CustomKeyword.checkListAscendingOrder is PASSED

2020-03-13 15:46:56 - [TEST_STEP][PASSED] - println(AllCreatedDate.size()): null

2020-03-13 15:46:56 - [TEST_STEP][PASSED] - println(AllCreatedDate): null

2020-03-13 15:46:56 - [TEST_STEP][PASSED] - verifyEqual(isSorted, true): Actual object 'true' and expected object 'true' are equal

2020-03-13 15:46:56 - [MESSAGE][PASSED] - Actual object 'true' and expected object 'true' are equal

2020-03-13 15:46:56 - [TEST_STEP][PASSED] - clearText(findTestObject("Object Repository/ROLES/Roles_page/Pagination/input_Page_form-control")): Text of object 'Object Repository/ROLES/Roles_page/Pagination/input_Page_form-control' is cleared

2020-03-13 15:46:56 - [MESSAGE][PASSED] - Text of object 'Object Repository/ROLES/Roles_page/Pagination/input_Page_form-control' is cleared

2020-03-13 15:46:56 - [TEST_STEP][PASSED] - setText(findTestObject("Object Repository/ROLES/Roles_page/Pagination/input_Page_form-control"), BACK_SPACE + BACK_SPACE + "1" + ENTER): Text 'BACK_SPACE + BACK_SPACE + ENTER + 1' is set on object 'Object Repository/ROLES/Roles_page/Pagination/input_Page_form-control'

2020-03-13 15:46:57 - [MESSAGE][PASSED] - Text 'BACK_SPACE + BACK_SPACE + ENTER + 1' is set on object 'Object Repository/ROLES/Roles_page/Pagination/input_Page_form-control'

2020-03-13 15:46:57 - [TEST_STEP][PASSED] - Start listener action : sampleAfterTestCase: null

2020-03-13 15:46:57 - [TEST_STEP][PASSED] - println(testCaseContext.getTestCaseId()): null

2020-03-13 15:46:57 - [TEST_STEP][PASSED] - println(testCaseContext.getTestCaseStatus()): null

2020-03-13 15:46:57 - [TEST_STEP][PASSED] - println("On Failure Method is Calling : " + testCaseContext.getTestCaseStatus()): null

2020-03-13 15:46:57 - [TEST_STEP][PASSED] - if (!(getTestCaseStatus().equalsIgnoreCase("PASSED"))): null]]></system-out>
         <system-err><![CDATA[]]></system-err>
      </testcase>
      <testcase name="Test Cases/Atlas Platform/Configuration Management/Platform Management/ROLES/Role Listing Grid/RLG-008 Verify sorting by ModifiedDate" time="70.453" classname="Test Cases/Atlas Platform/Configuration Management/Platform Management/ROLES/Role Listing Grid/RLG-008 Verify sorting by ModifiedDate" status="PASSED">
         <system-out><![CDATA[2020-03-13 15:46:59 - [TEST_CASE][PASSED] - Test Cases/Atlas Platform/Configuration Management/Platform Management/ROLES/Role Listing Grid/RLG-008 Verify sorting by ModifiedDate: Test Cases/Atlas Platform/Configuration Management/Platform Management/ROLES/Role Listing Grid/RLG-008 Verify sorting by ModifiedDate

2020-03-13 15:46:59 - [TEST_STEP][NOT_RUN] - callTestCase(findTestCase("Atlas Platform/Platform Navigation/Login/Default Logins/Default_Login_as_Root Admin"), ["Email":findTestData("AMP_Y").getValue(1, 1), "Password":findTestData("AMP_Y").getValue(2, 1), "dashboard_exp_title":""], CONTINUE_ON_FAILURE): NOT_RUN: callTestCase(findTestCase("Atlas Platform/Platform Navigation/Login/Default Logins/Default_Login_as_Root Admin"), ["Email":findTestData("AMP_Y").getValue(1, 1), "Password":findTestData("AMP_Y").getValue(2, 1), "dashboard_exp_title":""], CONTINUE_ON_FAILURE)

2020-03-13 15:46:59 - [MESSAGE][NOT_RUN] - NOT_RUN: callTestCase(findTestCase("Atlas Platform/Platform Navigation/Login/Default Logins/Default_Login_as_Root Admin"), ["Email":findTestData("AMP_Y").getValue(1, 1), "Password":findTestData("AMP_Y").getValue(2, 1), "dashboard_exp_title":""], CONTINUE_ON_FAILURE)

2020-03-13 15:46:59 - [TEST_STEP][NOT_RUN] - click(findTestObject("ROLES/Role_Navigation/a_ADMIN")): NOT_RUN: click(findTestObject("ROLES/Role_Navigation/a_ADMIN"))

2020-03-13 15:46:59 - [MESSAGE][NOT_RUN] - NOT_RUN: click(findTestObject("ROLES/Role_Navigation/a_ADMIN"))

2020-03-13 15:46:59 - [TEST_STEP][PASSED] - driver = getWebDriver(): null

2020-03-13 15:46:59 - [TEST_STEP][PASSED] - noOfPages_text = getText(findTestObject("ROLES/Roles_page/Pagination/label_of 10")): Text of object 'Object Repository/ROLES/Roles_page/Pagination/label_of 10' is: 'of 18'

2020-03-13 15:46:59 - [MESSAGE][PASSED] - Text of object 'Object Repository/ROLES/Roles_page/Pagination/label_of 10' is: 'of 18'

2020-03-13 15:46:59 - [TEST_STEP][PASSED] - noOfPages = Integer.parseInt(noOfPages_text.substring(3)): null

2020-03-13 15:46:59 - [TEST_STEP][PASSED] - println(noOfPages): null

2020-03-13 15:46:59 - [TEST_STEP][PASSED] - for ([j = 1, j < 3, (j++)]): Actual object 'true' and expected object 'true' are equal

2020-03-13 15:46:59 - [TEST_STEP][PASSED] - click(findTestObject("ROLES/Roles_page/sorting/Modified_header")): Object: 'Object Repository/ROLES/Roles_page/sorting/Modified_header' is clicked on

2020-03-13 15:47:00 - [MESSAGE][PASSED] - Object: 'Object Repository/ROLES/Roles_page/sorting/Modified_header' is clicked on

2020-03-13 15:47:00 - [TEST_STEP][PASSED] - modifiedDate = <not implemented yet for class: org.codehaus.groovy.ast.expr.EmptyExpression>: null

2020-03-13 15:47:00 - [TEST_STEP][PASSED] - AllModifiedDate = new java.util.ArrayList(): null

2020-03-13 15:47:00 - [TEST_STEP][PASSED] - for ([i = 1, i <= noOfPages, (i++)]): Object: 'Object Repository/ROLES/Roles_page/Pagination/front_navigation' is clicked on

2020-03-13 15:47:00 - [TEST_STEP][PASSED] - modifiedDate = findWebElements(findTestObject("ROLES/Roles_page/sorting/modified"), 2): null

2020-03-13 15:47:01 - [TEST_STEP][PASSED] - for (org.openqa.selenium.WebElement a : modifiedDate): null

2020-03-13 15:47:01 - [TEST_STEP][PASSED] - AllModifiedDate.add(a.getText()): null

2020-03-13 15:47:01 - [TEST_STEP][PASSED] - AllModifiedDate.add(a.getText()): null

2020-03-13 15:47:01 - [TEST_STEP][PASSED] - AllModifiedDate.add(a.getText()): null

2020-03-13 15:47:01 - [TEST_STEP][PASSED] - AllModifiedDate.add(a.getText()): null

2020-03-13 15:47:01 - [TEST_STEP][PASSED] - AllModifiedDate.add(a.getText()): null

2020-03-13 15:47:01 - [TEST_STEP][PASSED] - AllModifiedDate.add(a.getText()): null

2020-03-13 15:47:01 - [TEST_STEP][PASSED] - AllModifiedDate.add(a.getText()): null

2020-03-13 15:47:01 - [TEST_STEP][PASSED] - AllModifiedDate.add(a.getText()): null

2020-03-13 15:47:01 - [TEST_STEP][PASSED] - AllModifiedDate.add(a.getText()): null

2020-03-13 15:47:01 - [TEST_STEP][PASSED] - AllModifiedDate.add(a.getText()): null

2020-03-13 15:47:01 - [TEST_STEP][PASSED] - click(findTestObject("ROLES/Roles_page/Pagination/front_navigation")): Object: 'Object Repository/ROLES/Roles_page/Pagination/front_navigation' is clicked on

2020-03-13 15:47:01 - [MESSAGE][PASSED] - Object: 'Object Repository/ROLES/Roles_page/Pagination/front_navigation' is clicked on

2020-03-13 15:47:02 - [TEST_STEP][PASSED] - modifiedDate = findWebElements(findTestObject("ROLES/Roles_page/sorting/modified"), 2): null

2020-03-13 15:47:03 - [TEST_STEP][PASSED] - for (org.openqa.selenium.WebElement a : modifiedDate): null

2020-03-13 15:47:03 - [TEST_STEP][PASSED] - AllModifiedDate.add(a.getText()): null

2020-03-13 15:47:03 - [TEST_STEP][PASSED] - AllModifiedDate.add(a.getText()): null

2020-03-13 15:47:03 - [TEST_STEP][PASSED] - AllModifiedDate.add(a.getText()): null

2020-03-13 15:47:03 - [TEST_STEP][PASSED] - AllModifiedDate.add(a.getText()): null

2020-03-13 15:47:03 - [TEST_STEP][PASSED] - AllModifiedDate.add(a.getText()): null

2020-03-13 15:47:03 - [TEST_STEP][PASSED] - AllModifiedDate.add(a.getText()): null

2020-03-13 15:47:03 - [TEST_STEP][PASSED] - AllModifiedDate.add(a.getText()): null

2020-03-13 15:47:03 - [TEST_STEP][PASSED] - AllModifiedDate.add(a.getText()): null

2020-03-13 15:47:03 - [TEST_STEP][PASSED] - AllModifiedDate.add(a.getText()): null

2020-03-13 15:47:03 - [TEST_STEP][PASSED] - AllModifiedDate.add(a.getText()): null

2020-03-13 15:47:03 - [TEST_STEP][PASSED] - click(findTestObject("ROLES/Roles_page/Pagination/front_navigation")): Object: 'Object Repository/ROLES/Roles_page/Pagination/front_navigation' is clicked on

2020-03-13 15:47:03 - [MESSAGE][PASSED] - Object: 'Object Repository/ROLES/Roles_page/Pagination/front_navigation' is clicked on

2020-03-13 15:47:03 - [TEST_STEP][PASSED] - modifiedDate = findWebElements(findTestObject("ROLES/Roles_page/sorting/modified"), 2): null

2020-03-13 15:47:04 - [TEST_STEP][PASSED] - for (org.openqa.selenium.WebElement a : modifiedDate): null

2020-03-13 15:47:04 - [TEST_STEP][PASSED] - AllModifiedDate.add(a.getText()): null

2020-03-13 15:47:04 - [TEST_STEP][PASSED] - AllModifiedDate.add(a.getText()): null

2020-03-13 15:47:04 - [TEST_STEP][PASSED] - AllModifiedDate.add(a.getText()): null

2020-03-13 15:47:04 - [TEST_STEP][PASSED] - AllModifiedDate.add(a.getText()): null

2020-03-13 15:47:04 - [TEST_STEP][PASSED] - AllModifiedDate.add(a.getText()): null

2020-03-13 15:47:04 - [TEST_STEP][PASSED] - AllModifiedDate.add(a.getText()): null

2020-03-13 15:47:04 - [TEST_STEP][PASSED] - AllModifiedDate.add(a.getText()): null

2020-03-13 15:47:05 - [TEST_STEP][PASSED] - AllModifiedDate.add(a.getText()): null

2020-03-13 15:47:05 - [TEST_STEP][PASSED] - AllModifiedDate.add(a.getText()): null

2020-03-13 15:47:05 - [TEST_STEP][PASSED] - AllModifiedDate.add(a.getText()): null

2020-03-13 15:47:05 - [TEST_STEP][PASSED] - click(findTestObject("ROLES/Roles_page/Pagination/front_navigation")): Object: 'Object Repository/ROLES/Roles_page/Pagination/front_navigation' is clicked on

2020-03-13 15:47:05 - [MESSAGE][PASSED] - Object: 'Object Repository/ROLES/Roles_page/Pagination/front_navigation' is clicked on

2020-03-13 15:47:05 - [TEST_STEP][PASSED] - modifiedDate = findWebElements(findTestObject("ROLES/Roles_page/sorting/modified"), 2): null

2020-03-13 15:47:06 - [TEST_STEP][PASSED] - for (org.openqa.selenium.WebElement a : modifiedDate): null

2020-03-13 15:47:06 - [TEST_STEP][PASSED] - AllModifiedDate.add(a.getText()): null

2020-03-13 15:47:06 - [TEST_STEP][PASSED] - AllModifiedDate.add(a.getText()): null

2020-03-13 15:47:06 - [TEST_STEP][PASSED] - AllModifiedDate.add(a.getText()): null

2020-03-13 15:47:06 - [TEST_STEP][PASSED] - AllModifiedDate.add(a.getText()): null

2020-03-13 15:47:06 - [TEST_STEP][PASSED] - AllModifiedDate.add(a.getText()): null

2020-03-13 15:47:06 - [TEST_STEP][PASSED] - AllModifiedDate.add(a.getText()): null

2020-03-13 15:47:06 - [TEST_STEP][PASSED] - AllModifiedDate.add(a.getText()): null

2020-03-13 15:47:06 - [TEST_STEP][PASSED] - AllModifiedDate.add(a.getText()): null

2020-03-13 15:47:06 - [TEST_STEP][PASSED] - AllModifiedDate.add(a.getText()): null

2020-03-13 15:47:06 - [TEST_STEP][PASSED] - AllModifiedDate.add(a.getText()): null

2020-03-13 15:47:06 - [TEST_STEP][PASSED] - click(findTestObject("ROLES/Roles_page/Pagination/front_navigation")): Object: 'Object Repository/ROLES/Roles_page/Pagination/front_navigation' is clicked on

2020-03-13 15:47:07 - [MESSAGE][PASSED] - Object: 'Object Repository/ROLES/Roles_page/Pagination/front_navigation' is clicked on

2020-03-13 15:47:07 - [TEST_STEP][PASSED] - modifiedDate = findWebElements(findTestObject("ROLES/Roles_page/sorting/modified"), 2): null

2020-03-13 15:47:08 - [TEST_STEP][PASSED] - for (org.openqa.selenium.WebElement a : modifiedDate): null

2020-03-13 15:47:08 - [TEST_STEP][PASSED] - AllModifiedDate.add(a.getText()): null

2020-03-13 15:47:08 - [TEST_STEP][PASSED] - AllModifiedDate.add(a.getText()): null

2020-03-13 15:47:08 - [TEST_STEP][PASSED] - AllModifiedDate.add(a.getText()): null

2020-03-13 15:47:08 - [TEST_STEP][PASSED] - AllModifiedDate.add(a.getText()): null

2020-03-13 15:47:08 - [TEST_STEP][PASSED] - AllModifiedDate.add(a.getText()): null

2020-03-13 15:47:08 - [TEST_STEP][PASSED] - AllModifiedDate.add(a.getText()): null

2020-03-13 15:47:08 - [TEST_STEP][PASSED] - AllModifiedDate.add(a.getText()): null

2020-03-13 15:47:08 - [TEST_STEP][PASSED] - AllModifiedDate.add(a.getText()): null

2020-03-13 15:47:08 - [TEST_STEP][PASSED] - AllModifiedDate.add(a.getText()): null

2020-03-13 15:47:08 - [TEST_STEP][PASSED] - AllModifiedDate.add(a.getText()): null

2020-03-13 15:47:08 - [TEST_STEP][PASSED] - click(findTestObject("ROLES/Roles_page/Pagination/front_navigation")): Object: 'Object Repository/ROLES/Roles_page/Pagination/front_navigation' is clicked on

2020-03-13 15:47:08 - [MESSAGE][PASSED] - Object: 'Object Repository/ROLES/Roles_page/Pagination/front_navigation' is clicked on

2020-03-13 15:47:08 - [TEST_STEP][PASSED] - modifiedDate = findWebElements(findTestObject("ROLES/Roles_page/sorting/modified"), 2): null

2020-03-13 15:47:10 - [TEST_STEP][PASSED] - for (org.openqa.selenium.WebElement a : modifiedDate): null

2020-03-13 15:47:10 - [TEST_STEP][PASSED] - AllModifiedDate.add(a.getText()): null

2020-03-13 15:47:10 - [TEST_STEP][PASSED] - AllModifiedDate.add(a.getText()): null

2020-03-13 15:47:10 - [TEST_STEP][PASSED] - AllModifiedDate.add(a.getText()): null

2020-03-13 15:47:10 - [TEST_STEP][PASSED] - AllModifiedDate.add(a.getText()): null

2020-03-13 15:47:10 - [TEST_STEP][PASSED] - AllModifiedDate.add(a.getText()): null

2020-03-13 15:47:10 - [TEST_STEP][PASSED] - AllModifiedDate.add(a.getText()): null

2020-03-13 15:47:10 - [TEST_STEP][PASSED] - AllModifiedDate.add(a.getText()): null

2020-03-13 15:47:10 - [TEST_STEP][PASSED] - AllModifiedDate.add(a.getText()): null

2020-03-13 15:47:10 - [TEST_STEP][PASSED] - AllModifiedDate.add(a.getText()): null

2020-03-13 15:47:10 - [TEST_STEP][PASSED] - AllModifiedDate.add(a.getText()): null

2020-03-13 15:47:10 - [TEST_STEP][PASSED] - click(findTestObject("ROLES/Roles_page/Pagination/front_navigation")): Object: 'Object Repository/ROLES/Roles_page/Pagination/front_navigation' is clicked on

2020-03-13 15:47:10 - [MESSAGE][PASSED] - Object: 'Object Repository/ROLES/Roles_page/Pagination/front_navigation' is clicked on

2020-03-13 15:47:10 - [TEST_STEP][PASSED] - modifiedDate = findWebElements(findTestObject("ROLES/Roles_page/sorting/modified"), 2): null

2020-03-13 15:47:11 - [TEST_STEP][PASSED] - for (org.openqa.selenium.WebElement a : modifiedDate): null

2020-03-13 15:47:11 - [TEST_STEP][PASSED] - AllModifiedDate.add(a.getText()): null

2020-03-13 15:47:11 - [TEST_STEP][PASSED] - AllModifiedDate.add(a.getText()): null

2020-03-13 15:47:11 - [TEST_STEP][PASSED] - AllModifiedDate.add(a.getText()): null

2020-03-13 15:47:11 - [TEST_STEP][PASSED] - AllModifiedDate.add(a.getText()): null

2020-03-13 15:47:11 - [TEST_STEP][PASSED] - AllModifiedDate.add(a.getText()): null

2020-03-13 15:47:11 - [TEST_STEP][PASSED] - AllModifiedDate.add(a.getText()): null

2020-03-13 15:47:11 - [TEST_STEP][PASSED] - AllModifiedDate.add(a.getText()): null

2020-03-13 15:47:11 - [TEST_STEP][PASSED] - AllModifiedDate.add(a.getText()): null

2020-03-13 15:47:11 - [TEST_STEP][PASSED] - AllModifiedDate.add(a.getText()): null

2020-03-13 15:47:11 - [TEST_STEP][PASSED] - AllModifiedDate.add(a.getText()): null

2020-03-13 15:47:11 - [TEST_STEP][PASSED] - click(findTestObject("ROLES/Roles_page/Pagination/front_navigation")): Object: 'Object Repository/ROLES/Roles_page/Pagination/front_navigation' is clicked on

2020-03-13 15:47:12 - [MESSAGE][PASSED] - Object: 'Object Repository/ROLES/Roles_page/Pagination/front_navigation' is clicked on

2020-03-13 15:47:12 - [TEST_STEP][PASSED] - modifiedDate = findWebElements(findTestObject("ROLES/Roles_page/sorting/modified"), 2): null

2020-03-13 15:47:13 - [TEST_STEP][PASSED] - for (org.openqa.selenium.WebElement a : modifiedDate): null

2020-03-13 15:47:13 - [TEST_STEP][PASSED] - AllModifiedDate.add(a.getText()): null

2020-03-13 15:47:13 - [TEST_STEP][PASSED] - AllModifiedDate.add(a.getText()): null

2020-03-13 15:47:13 - [TEST_STEP][PASSED] - AllModifiedDate.add(a.getText()): null

2020-03-13 15:47:13 - [TEST_STEP][PASSED] - AllModifiedDate.add(a.getText()): null

2020-03-13 15:47:13 - [TEST_STEP][PASSED] - AllModifiedDate.add(a.getText()): null

2020-03-13 15:47:13 - [TEST_STEP][PASSED] - AllModifiedDate.add(a.getText()): null

2020-03-13 15:47:13 - [TEST_STEP][PASSED] - AllModifiedDate.add(a.getText()): null

2020-03-13 15:47:13 - [TEST_STEP][PASSED] - AllModifiedDate.add(a.getText()): null

2020-03-13 15:47:13 - [TEST_STEP][PASSED] - AllModifiedDate.add(a.getText()): null

2020-03-13 15:47:13 - [TEST_STEP][PASSED] - AllModifiedDate.add(a.getText()): null

2020-03-13 15:47:13 - [TEST_STEP][PASSED] - click(findTestObject("ROLES/Roles_page/Pagination/front_navigation")): Object: 'Object Repository/ROLES/Roles_page/Pagination/front_navigation' is clicked on

2020-03-13 15:47:14 - [MESSAGE][PASSED] - Object: 'Object Repository/ROLES/Roles_page/Pagination/front_navigation' is clicked on

2020-03-13 15:47:14 - [TEST_STEP][PASSED] - modifiedDate = findWebElements(findTestObject("ROLES/Roles_page/sorting/modified"), 2): null

2020-03-13 15:47:14 - [TEST_STEP][PASSED] - for (org.openqa.selenium.WebElement a : modifiedDate): null

2020-03-13 15:47:14 - [TEST_STEP][PASSED] - AllModifiedDate.add(a.getText()): null

2020-03-13 15:47:14 - [TEST_STEP][PASSED] - AllModifiedDate.add(a.getText()): null

2020-03-13 15:47:14 - [TEST_STEP][PASSED] - AllModifiedDate.add(a.getText()): null

2020-03-13 15:47:14 - [TEST_STEP][PASSED] - AllModifiedDate.add(a.getText()): null

2020-03-13 15:47:15 - [TEST_STEP][PASSED] - AllModifiedDate.add(a.getText()): null

2020-03-13 15:47:15 - [TEST_STEP][PASSED] - AllModifiedDate.add(a.getText()): null

2020-03-13 15:47:15 - [TEST_STEP][PASSED] - AllModifiedDate.add(a.getText()): null

2020-03-13 15:47:15 - [TEST_STEP][PASSED] - AllModifiedDate.add(a.getText()): null

2020-03-13 15:47:15 - [TEST_STEP][PASSED] - AllModifiedDate.add(a.getText()): null

2020-03-13 15:47:15 - [TEST_STEP][PASSED] - AllModifiedDate.add(a.getText()): null

2020-03-13 15:47:15 - [TEST_STEP][PASSED] - click(findTestObject("ROLES/Roles_page/Pagination/front_navigation")): Object: 'Object Repository/ROLES/Roles_page/Pagination/front_navigation' is clicked on

2020-03-13 15:47:15 - [MESSAGE][PASSED] - Object: 'Object Repository/ROLES/Roles_page/Pagination/front_navigation' is clicked on

2020-03-13 15:47:15 - [TEST_STEP][PASSED] - modifiedDate = findWebElements(findTestObject("ROLES/Roles_page/sorting/modified"), 2): null

2020-03-13 15:47:16 - [TEST_STEP][PASSED] - for (org.openqa.selenium.WebElement a : modifiedDate): null

2020-03-13 15:47:16 - [TEST_STEP][PASSED] - AllModifiedDate.add(a.getText()): null

2020-03-13 15:47:16 - [TEST_STEP][PASSED] - AllModifiedDate.add(a.getText()): null

2020-03-13 15:47:16 - [TEST_STEP][PASSED] - AllModifiedDate.add(a.getText()): null

2020-03-13 15:47:16 - [TEST_STEP][PASSED] - AllModifiedDate.add(a.getText()): null

2020-03-13 15:47:16 - [TEST_STEP][PASSED] - AllModifiedDate.add(a.getText()): null

2020-03-13 15:47:16 - [TEST_STEP][PASSED] - AllModifiedDate.add(a.getText()): null

2020-03-13 15:47:16 - [TEST_STEP][PASSED] - AllModifiedDate.add(a.getText()): null

2020-03-13 15:47:16 - [TEST_STEP][PASSED] - AllModifiedDate.add(a.getText()): null

2020-03-13 15:47:16 - [TEST_STEP][PASSED] - AllModifiedDate.add(a.getText()): null

2020-03-13 15:47:16 - [TEST_STEP][PASSED] - AllModifiedDate.add(a.getText()): null

2020-03-13 15:47:16 - [TEST_STEP][PASSED] - click(findTestObject("ROLES/Roles_page/Pagination/front_navigation")): Object: 'Object Repository/ROLES/Roles_page/Pagination/front_navigation' is clicked on

2020-03-13 15:47:17 - [MESSAGE][PASSED] - Object: 'Object Repository/ROLES/Roles_page/Pagination/front_navigation' is clicked on

2020-03-13 15:47:17 - [TEST_STEP][PASSED] - modifiedDate = findWebElements(findTestObject("ROLES/Roles_page/sorting/modified"), 2): null

2020-03-13 15:47:18 - [TEST_STEP][PASSED] - for (org.openqa.selenium.WebElement a : modifiedDate): null

2020-03-13 15:47:18 - [TEST_STEP][PASSED] - AllModifiedDate.add(a.getText()): null

2020-03-13 15:47:18 - [TEST_STEP][PASSED] - AllModifiedDate.add(a.getText()): null

2020-03-13 15:47:18 - [TEST_STEP][PASSED] - AllModifiedDate.add(a.getText()): null

2020-03-13 15:47:18 - [TEST_STEP][PASSED] - AllModifiedDate.add(a.getText()): null

2020-03-13 15:47:18 - [TEST_STEP][PASSED] - AllModifiedDate.add(a.getText()): null

2020-03-13 15:47:18 - [TEST_STEP][PASSED] - AllModifiedDate.add(a.getText()): null

2020-03-13 15:47:18 - [TEST_STEP][PASSED] - AllModifiedDate.add(a.getText()): null

2020-03-13 15:47:18 - [TEST_STEP][PASSED] - AllModifiedDate.add(a.getText()): null

2020-03-13 15:47:18 - [TEST_STEP][PASSED] - AllModifiedDate.add(a.getText()): null

2020-03-13 15:47:18 - [TEST_STEP][PASSED] - AllModifiedDate.add(a.getText()): null

2020-03-13 15:47:18 - [TEST_STEP][PASSED] - click(findTestObject("ROLES/Roles_page/Pagination/front_navigation")): Object: 'Object Repository/ROLES/Roles_page/Pagination/front_navigation' is clicked on

2020-03-13 15:47:18 - [MESSAGE][PASSED] - Object: 'Object Repository/ROLES/Roles_page/Pagination/front_navigation' is clicked on

2020-03-13 15:47:18 - [TEST_STEP][PASSED] - modifiedDate = findWebElements(findTestObject("ROLES/Roles_page/sorting/modified"), 2): null

2020-03-13 15:47:19 - [TEST_STEP][PASSED] - for (org.openqa.selenium.WebElement a : modifiedDate): null

2020-03-13 15:47:19 - [TEST_STEP][PASSED] - AllModifiedDate.add(a.getText()): null

2020-03-13 15:47:19 - [TEST_STEP][PASSED] - AllModifiedDate.add(a.getText()): null

2020-03-13 15:47:19 - [TEST_STEP][PASSED] - AllModifiedDate.add(a.getText()): null

2020-03-13 15:47:19 - [TEST_STEP][PASSED] - AllModifiedDate.add(a.getText()): null

2020-03-13 15:47:19 - [TEST_STEP][PASSED] - AllModifiedDate.add(a.getText()): null

2020-03-13 15:47:19 - [TEST_STEP][PASSED] - AllModifiedDate.add(a.getText()): null

2020-03-13 15:47:19 - [TEST_STEP][PASSED] - AllModifiedDate.add(a.getText()): null

2020-03-13 15:47:19 - [TEST_STEP][PASSED] - AllModifiedDate.add(a.getText()): null

2020-03-13 15:47:19 - [TEST_STEP][PASSED] - AllModifiedDate.add(a.getText()): null

2020-03-13 15:47:19 - [TEST_STEP][PASSED] - AllModifiedDate.add(a.getText()): null

2020-03-13 15:47:19 - [TEST_STEP][PASSED] - click(findTestObject("ROLES/Roles_page/Pagination/front_navigation")): Object: 'Object Repository/ROLES/Roles_page/Pagination/front_navigation' is clicked on

2020-03-13 15:47:20 - [MESSAGE][PASSED] - Object: 'Object Repository/ROLES/Roles_page/Pagination/front_navigation' is clicked on

2020-03-13 15:47:20 - [TEST_STEP][PASSED] - modifiedDate = findWebElements(findTestObject("ROLES/Roles_page/sorting/modified"), 2): null

2020-03-13 15:47:21 - [TEST_STEP][PASSED] - for (org.openqa.selenium.WebElement a : modifiedDate): null

2020-03-13 15:47:21 - [TEST_STEP][PASSED] - AllModifiedDate.add(a.getText()): null

2020-03-13 15:47:21 - [TEST_STEP][PASSED] - AllModifiedDate.add(a.getText()): null

2020-03-13 15:47:21 - [TEST_STEP][PASSED] - AllModifiedDate.add(a.getText()): null

2020-03-13 15:47:21 - [TEST_STEP][PASSED] - AllModifiedDate.add(a.getText()): null

2020-03-13 15:47:21 - [TEST_STEP][PASSED] - AllModifiedDate.add(a.getText()): null

2020-03-13 15:47:21 - [TEST_STEP][PASSED] - AllModifiedDate.add(a.getText()): null

2020-03-13 15:47:21 - [TEST_STEP][PASSED] - AllModifiedDate.add(a.getText()): null

2020-03-13 15:47:21 - [TEST_STEP][PASSED] - AllModifiedDate.add(a.getText()): null

2020-03-13 15:47:21 - [TEST_STEP][PASSED] - AllModifiedDate.add(a.getText()): null

2020-03-13 15:47:21 - [TEST_STEP][PASSED] - AllModifiedDate.add(a.getText()): null

2020-03-13 15:47:21 - [TEST_STEP][PASSED] - click(findTestObject("ROLES/Roles_page/Pagination/front_navigation")): Object: 'Object Repository/ROLES/Roles_page/Pagination/front_navigation' is clicked on

2020-03-13 15:47:22 - [MESSAGE][PASSED] - Object: 'Object Repository/ROLES/Roles_page/Pagination/front_navigation' is clicked on

2020-03-13 15:47:22 - [TEST_STEP][PASSED] - modifiedDate = findWebElements(findTestObject("ROLES/Roles_page/sorting/modified"), 2): null

2020-03-13 15:47:23 - [TEST_STEP][PASSED] - for (org.openqa.selenium.WebElement a : modifiedDate): null

2020-03-13 15:47:23 - [TEST_STEP][PASSED] - AllModifiedDate.add(a.getText()): null

2020-03-13 15:47:23 - [TEST_STEP][PASSED] - AllModifiedDate.add(a.getText()): null

2020-03-13 15:47:23 - [TEST_STEP][PASSED] - AllModifiedDate.add(a.getText()): null

2020-03-13 15:47:23 - [TEST_STEP][PASSED] - AllModifiedDate.add(a.getText()): null

2020-03-13 15:47:23 - [TEST_STEP][PASSED] - AllModifiedDate.add(a.getText()): null

2020-03-13 15:47:23 - [TEST_STEP][PASSED] - AllModifiedDate.add(a.getText()): null

2020-03-13 15:47:23 - [TEST_STEP][PASSED] - AllModifiedDate.add(a.getText()): null

2020-03-13 15:47:23 - [TEST_STEP][PASSED] - AllModifiedDate.add(a.getText()): null

2020-03-13 15:47:23 - [TEST_STEP][PASSED] - AllModifiedDate.add(a.getText()): null

2020-03-13 15:47:23 - [TEST_STEP][PASSED] - AllModifiedDate.add(a.getText()): null

2020-03-13 15:47:23 - [TEST_STEP][PASSED] - click(findTestObject("ROLES/Roles_page/Pagination/front_navigation")): Object: 'Object Repository/ROLES/Roles_page/Pagination/front_navigation' is clicked on

2020-03-13 15:47:23 - [MESSAGE][PASSED] - Object: 'Object Repository/ROLES/Roles_page/Pagination/front_navigation' is clicked on

2020-03-13 15:47:23 - [TEST_STEP][PASSED] - modifiedDate = findWebElements(findTestObject("ROLES/Roles_page/sorting/modified"), 2): null

2020-03-13 15:47:25 - [TEST_STEP][PASSED] - for (org.openqa.selenium.WebElement a : modifiedDate): null

2020-03-13 15:47:25 - [TEST_STEP][PASSED] - AllModifiedDate.add(a.getText()): null

2020-03-13 15:47:25 - [TEST_STEP][PASSED] - AllModifiedDate.add(a.getText()): null

2020-03-13 15:47:25 - [TEST_STEP][PASSED] - AllModifiedDate.add(a.getText()): null

2020-03-13 15:47:25 - [TEST_STEP][PASSED] - AllModifiedDate.add(a.getText()): null

2020-03-13 15:47:25 - [TEST_STEP][PASSED] - AllModifiedDate.add(a.getText()): null

2020-03-13 15:47:25 - [TEST_STEP][PASSED] - AllModifiedDate.add(a.getText()): null

2020-03-13 15:47:25 - [TEST_STEP][PASSED] - AllModifiedDate.add(a.getText()): null

2020-03-13 15:47:25 - [TEST_STEP][PASSED] - AllModifiedDate.add(a.getText()): null

2020-03-13 15:47:25 - [TEST_STEP][PASSED] - AllModifiedDate.add(a.getText()): null

2020-03-13 15:47:25 - [TEST_STEP][PASSED] - AllModifiedDate.add(a.getText()): null

2020-03-13 15:47:25 - [TEST_STEP][PASSED] - click(findTestObject("ROLES/Roles_page/Pagination/front_navigation")): Object: 'Object Repository/ROLES/Roles_page/Pagination/front_navigation' is clicked on

2020-03-13 15:47:25 - [MESSAGE][PASSED] - Object: 'Object Repository/ROLES/Roles_page/Pagination/front_navigation' is clicked on

2020-03-13 15:47:25 - [TEST_STEP][PASSED] - modifiedDate = findWebElements(findTestObject("ROLES/Roles_page/sorting/modified"), 2): null

2020-03-13 15:47:26 - [TEST_STEP][PASSED] - for (org.openqa.selenium.WebElement a : modifiedDate): null

2020-03-13 15:47:26 - [TEST_STEP][PASSED] - AllModifiedDate.add(a.getText()): null

2020-03-13 15:47:27 - [TEST_STEP][PASSED] - AllModifiedDate.add(a.getText()): null

2020-03-13 15:47:27 - [TEST_STEP][PASSED] - AllModifiedDate.add(a.getText()): null

2020-03-13 15:47:27 - [TEST_STEP][PASSED] - AllModifiedDate.add(a.getText()): null

2020-03-13 15:47:27 - [TEST_STEP][PASSED] - AllModifiedDate.add(a.getText()): null

2020-03-13 15:47:27 - [TEST_STEP][PASSED] - AllModifiedDate.add(a.getText()): null

2020-03-13 15:47:27 - [TEST_STEP][PASSED] - AllModifiedDate.add(a.getText()): null

2020-03-13 15:47:27 - [TEST_STEP][PASSED] - AllModifiedDate.add(a.getText()): null

2020-03-13 15:47:27 - [TEST_STEP][PASSED] - AllModifiedDate.add(a.getText()): null

2020-03-13 15:47:27 - [TEST_STEP][PASSED] - AllModifiedDate.add(a.getText()): null

2020-03-13 15:47:27 - [TEST_STEP][PASSED] - click(findTestObject("ROLES/Roles_page/Pagination/front_navigation")): Object: 'Object Repository/ROLES/Roles_page/Pagination/front_navigation' is clicked on

2020-03-13 15:47:27 - [MESSAGE][PASSED] - Object: 'Object Repository/ROLES/Roles_page/Pagination/front_navigation' is clicked on

2020-03-13 15:47:27 - [TEST_STEP][PASSED] - modifiedDate = findWebElements(findTestObject("ROLES/Roles_page/sorting/modified"), 2): null

2020-03-13 15:47:28 - [TEST_STEP][PASSED] - for (org.openqa.selenium.WebElement a : modifiedDate): null

2020-03-13 15:47:28 - [TEST_STEP][PASSED] - AllModifiedDate.add(a.getText()): null

2020-03-13 15:47:28 - [TEST_STEP][PASSED] - AllModifiedDate.add(a.getText()): null

2020-03-13 15:47:28 - [TEST_STEP][PASSED] - AllModifiedDate.add(a.getText()): null

2020-03-13 15:47:28 - [TEST_STEP][PASSED] - AllModifiedDate.add(a.getText()): null

2020-03-13 15:47:28 - [TEST_STEP][PASSED] - AllModifiedDate.add(a.getText()): null

2020-03-13 15:47:28 - [TEST_STEP][PASSED] - AllModifiedDate.add(a.getText()): null

2020-03-13 15:47:28 - [TEST_STEP][PASSED] - AllModifiedDate.add(a.getText()): null

2020-03-13 15:47:28 - [TEST_STEP][PASSED] - AllModifiedDate.add(a.getText()): null

2020-03-13 15:47:28 - [TEST_STEP][PASSED] - AllModifiedDate.add(a.getText()): null

2020-03-13 15:47:28 - [TEST_STEP][PASSED] - AllModifiedDate.add(a.getText()): null

2020-03-13 15:47:28 - [TEST_STEP][PASSED] - click(findTestObject("ROLES/Roles_page/Pagination/front_navigation")): Object: 'Object Repository/ROLES/Roles_page/Pagination/front_navigation' is clicked on

2020-03-13 15:47:29 - [MESSAGE][PASSED] - Object: 'Object Repository/ROLES/Roles_page/Pagination/front_navigation' is clicked on

2020-03-13 15:47:29 - [TEST_STEP][PASSED] - modifiedDate = findWebElements(findTestObject("ROLES/Roles_page/sorting/modified"), 2): null

2020-03-13 15:47:30 - [TEST_STEP][PASSED] - for (org.openqa.selenium.WebElement a : modifiedDate): null

2020-03-13 15:47:30 - [TEST_STEP][PASSED] - AllModifiedDate.add(a.getText()): null

2020-03-13 15:47:30 - [TEST_STEP][PASSED] - AllModifiedDate.add(a.getText()): null

2020-03-13 15:47:30 - [TEST_STEP][PASSED] - AllModifiedDate.add(a.getText()): null

2020-03-13 15:47:30 - [TEST_STEP][PASSED] - AllModifiedDate.add(a.getText()): null

2020-03-13 15:47:30 - [TEST_STEP][PASSED] - AllModifiedDate.add(a.getText()): null

2020-03-13 15:47:30 - [TEST_STEP][PASSED] - AllModifiedDate.add(a.getText()): null

2020-03-13 15:47:30 - [TEST_STEP][PASSED] - AllModifiedDate.add(a.getText()): null

2020-03-13 15:47:30 - [TEST_STEP][PASSED] - AllModifiedDate.add(a.getText()): null

2020-03-13 15:47:30 - [TEST_STEP][PASSED] - click(findTestObject("ROLES/Roles_page/Pagination/front_navigation")): Object: 'Object Repository/ROLES/Roles_page/Pagination/front_navigation' is clicked on

2020-03-13 15:47:33 - [MESSAGE][PASSED] - Object: 'Object Repository/ROLES/Roles_page/Pagination/front_navigation' is clicked on

2020-03-13 15:47:33 - [TEST_STEP][PASSED] - if (j == 1): Text 'BACK_SPACE + BACK_SPACE + ENTER + 1' is set on object 'Object Repository/ROLES/Roles_page/Pagination/input_Page_form-control'

2020-03-13 15:47:33 - [TEST_STEP][PASSED] - isSorted = web.CustomKeyword.checkListDescending(AllModifiedDate): web.CustomKeyword.checkListDescending is PASSED

2020-03-13 15:47:33 - [MESSAGE][PASSED] - web.CustomKeyword.checkListDescending is PASSED

2020-03-13 15:47:33 - [TEST_STEP][PASSED] - println(AllModifiedDate.size()): null

2020-03-13 15:47:33 - [TEST_STEP][PASSED] - println(AllModifiedDate): null

2020-03-13 15:47:33 - [TEST_STEP][PASSED] - verifyEqual(isSorted, true): Actual object 'true' and expected object 'true' are equal

2020-03-13 15:47:33 - [MESSAGE][PASSED] - Actual object 'true' and expected object 'true' are equal

2020-03-13 15:47:33 - [TEST_STEP][PASSED] - clearText(findTestObject("Object Repository/ROLES/Roles_page/Pagination/input_Page_form-control")): Text of object 'Object Repository/ROLES/Roles_page/Pagination/input_Page_form-control' is cleared

2020-03-13 15:47:33 - [MESSAGE][PASSED] - Text of object 'Object Repository/ROLES/Roles_page/Pagination/input_Page_form-control' is cleared

2020-03-13 15:47:33 - [TEST_STEP][PASSED] - setText(findTestObject("Object Repository/ROLES/Roles_page/Pagination/input_Page_form-control"), BACK_SPACE + BACK_SPACE + "1" + ENTER): Text 'BACK_SPACE + BACK_SPACE + ENTER + 1' is set on object 'Object Repository/ROLES/Roles_page/Pagination/input_Page_form-control'

2020-03-13 15:47:34 - [MESSAGE][PASSED] - Text 'BACK_SPACE + BACK_SPACE + ENTER + 1' is set on object 'Object Repository/ROLES/Roles_page/Pagination/input_Page_form-control'

2020-03-13 15:47:34 - [TEST_STEP][PASSED] - if (j == 2): null

2020-03-13 15:47:34 - [TEST_STEP][PASSED] - click(findTestObject("ROLES/Roles_page/sorting/Modified_header")): Object: 'Object Repository/ROLES/Roles_page/sorting/Modified_header' is clicked on

2020-03-13 15:47:35 - [MESSAGE][PASSED] - Object: 'Object Repository/ROLES/Roles_page/sorting/Modified_header' is clicked on

2020-03-13 15:47:35 - [TEST_STEP][PASSED] - modifiedDate = <not implemented yet for class: org.codehaus.groovy.ast.expr.EmptyExpression>: null

2020-03-13 15:47:35 - [TEST_STEP][PASSED] - AllModifiedDate = new java.util.ArrayList(): null

2020-03-13 15:47:35 - [TEST_STEP][PASSED] - for ([i = 1, i <= noOfPages, (i++)]): Object: 'Object Repository/ROLES/Roles_page/Pagination/front_navigation' is clicked on

2020-03-13 15:47:35 - [TEST_STEP][PASSED] - modifiedDate = findWebElements(findTestObject("ROLES/Roles_page/sorting/modified"), 2): null

2020-03-13 15:47:36 - [TEST_STEP][PASSED] - for (org.openqa.selenium.WebElement a : modifiedDate): null

2020-03-13 15:47:36 - [TEST_STEP][PASSED] - AllModifiedDate.add(a.getText()): null

2020-03-13 15:47:36 - [TEST_STEP][PASSED] - AllModifiedDate.add(a.getText()): null

2020-03-13 15:47:36 - [TEST_STEP][PASSED] - AllModifiedDate.add(a.getText()): null

2020-03-13 15:47:36 - [TEST_STEP][PASSED] - AllModifiedDate.add(a.getText()): null

2020-03-13 15:47:36 - [TEST_STEP][PASSED] - AllModifiedDate.add(a.getText()): null

2020-03-13 15:47:36 - [TEST_STEP][PASSED] - AllModifiedDate.add(a.getText()): null

2020-03-13 15:47:36 - [TEST_STEP][PASSED] - AllModifiedDate.add(a.getText()): null

2020-03-13 15:47:36 - [TEST_STEP][PASSED] - AllModifiedDate.add(a.getText()): null

2020-03-13 15:47:36 - [TEST_STEP][PASSED] - AllModifiedDate.add(a.getText()): null

2020-03-13 15:47:36 - [TEST_STEP][PASSED] - AllModifiedDate.add(a.getText()): null

2020-03-13 15:47:36 - [TEST_STEP][PASSED] - click(findTestObject("ROLES/Roles_page/Pagination/front_navigation")): Object: 'Object Repository/ROLES/Roles_page/Pagination/front_navigation' is clicked on

2020-03-13 15:47:36 - [MESSAGE][PASSED] - Object: 'Object Repository/ROLES/Roles_page/Pagination/front_navigation' is clicked on

2020-03-13 15:47:36 - [TEST_STEP][PASSED] - modifiedDate = findWebElements(findTestObject("ROLES/Roles_page/sorting/modified"), 2): null

2020-03-13 15:47:37 - [TEST_STEP][PASSED] - for (org.openqa.selenium.WebElement a : modifiedDate): null

2020-03-13 15:47:37 - [TEST_STEP][PASSED] - AllModifiedDate.add(a.getText()): null

2020-03-13 15:47:37 - [TEST_STEP][PASSED] - AllModifiedDate.add(a.getText()): null

2020-03-13 15:47:37 - [TEST_STEP][PASSED] - AllModifiedDate.add(a.getText()): null

2020-03-13 15:47:37 - [TEST_STEP][PASSED] - AllModifiedDate.add(a.getText()): null

2020-03-13 15:47:37 - [TEST_STEP][PASSED] - AllModifiedDate.add(a.getText()): null

2020-03-13 15:47:37 - [TEST_STEP][PASSED] - AllModifiedDate.add(a.getText()): null

2020-03-13 15:47:37 - [TEST_STEP][PASSED] - AllModifiedDate.add(a.getText()): null

2020-03-13 15:47:37 - [TEST_STEP][PASSED] - AllModifiedDate.add(a.getText()): null

2020-03-13 15:47:37 - [TEST_STEP][PASSED] - AllModifiedDate.add(a.getText()): null

2020-03-13 15:47:37 - [TEST_STEP][PASSED] - AllModifiedDate.add(a.getText()): null

2020-03-13 15:47:38 - [TEST_STEP][PASSED] - click(findTestObject("ROLES/Roles_page/Pagination/front_navigation")): Object: 'Object Repository/ROLES/Roles_page/Pagination/front_navigation' is clicked on

2020-03-13 15:47:38 - [MESSAGE][PASSED] - Object: 'Object Repository/ROLES/Roles_page/Pagination/front_navigation' is clicked on

2020-03-13 15:47:38 - [TEST_STEP][PASSED] - modifiedDate = findWebElements(findTestObject("ROLES/Roles_page/sorting/modified"), 2): null

2020-03-13 15:47:39 - [TEST_STEP][PASSED] - for (org.openqa.selenium.WebElement a : modifiedDate): null

2020-03-13 15:47:39 - [TEST_STEP][PASSED] - AllModifiedDate.add(a.getText()): null

2020-03-13 15:47:39 - [TEST_STEP][PASSED] - AllModifiedDate.add(a.getText()): null

2020-03-13 15:47:39 - [TEST_STEP][PASSED] - AllModifiedDate.add(a.getText()): null

2020-03-13 15:47:39 - [TEST_STEP][PASSED] - AllModifiedDate.add(a.getText()): null

2020-03-13 15:47:39 - [TEST_STEP][PASSED] - AllModifiedDate.add(a.getText()): null

2020-03-13 15:47:39 - [TEST_STEP][PASSED] - AllModifiedDate.add(a.getText()): null

2020-03-13 15:47:39 - [TEST_STEP][PASSED] - AllModifiedDate.add(a.getText()): null

2020-03-13 15:47:39 - [TEST_STEP][PASSED] - AllModifiedDate.add(a.getText()): null

2020-03-13 15:47:39 - [TEST_STEP][PASSED] - AllModifiedDate.add(a.getText()): null

2020-03-13 15:47:39 - [TEST_STEP][PASSED] - AllModifiedDate.add(a.getText()): null

2020-03-13 15:47:39 - [TEST_STEP][PASSED] - click(findTestObject("ROLES/Roles_page/Pagination/front_navigation")): Object: 'Object Repository/ROLES/Roles_page/Pagination/front_navigation' is clicked on

2020-03-13 15:47:39 - [MESSAGE][PASSED] - Object: 'Object Repository/ROLES/Roles_page/Pagination/front_navigation' is clicked on

2020-03-13 15:47:39 - [TEST_STEP][PASSED] - modifiedDate = findWebElements(findTestObject("ROLES/Roles_page/sorting/modified"), 2): null

2020-03-13 15:47:40 - [TEST_STEP][PASSED] - for (org.openqa.selenium.WebElement a : modifiedDate): null

2020-03-13 15:47:40 - [TEST_STEP][PASSED] - AllModifiedDate.add(a.getText()): null

2020-03-13 15:47:41 - [TEST_STEP][PASSED] - AllModifiedDate.add(a.getText()): null

2020-03-13 15:47:41 - [TEST_STEP][PASSED] - AllModifiedDate.add(a.getText()): null

2020-03-13 15:47:41 - [TEST_STEP][PASSED] - AllModifiedDate.add(a.getText()): null

2020-03-13 15:47:41 - [TEST_STEP][PASSED] - AllModifiedDate.add(a.getText()): null

2020-03-13 15:47:41 - [TEST_STEP][PASSED] - AllModifiedDate.add(a.getText()): null

2020-03-13 15:47:41 - [TEST_STEP][PASSED] - AllModifiedDate.add(a.getText()): null

2020-03-13 15:47:41 - [TEST_STEP][PASSED] - AllModifiedDate.add(a.getText()): null

2020-03-13 15:47:41 - [TEST_STEP][PASSED] - AllModifiedDate.add(a.getText()): null

2020-03-13 15:47:41 - [TEST_STEP][PASSED] - AllModifiedDate.add(a.getText()): null

2020-03-13 15:47:41 - [TEST_STEP][PASSED] - click(findTestObject("ROLES/Roles_page/Pagination/front_navigation")): Object: 'Object Repository/ROLES/Roles_page/Pagination/front_navigation' is clicked on

2020-03-13 15:47:41 - [MESSAGE][PASSED] - Object: 'Object Repository/ROLES/Roles_page/Pagination/front_navigation' is clicked on

2020-03-13 15:47:41 - [TEST_STEP][PASSED] - modifiedDate = findWebElements(findTestObject("ROLES/Roles_page/sorting/modified"), 2): null

2020-03-13 15:47:42 - [TEST_STEP][PASSED] - for (org.openqa.selenium.WebElement a : modifiedDate): null

2020-03-13 15:47:42 - [TEST_STEP][PASSED] - AllModifiedDate.add(a.getText()): null

2020-03-13 15:47:42 - [TEST_STEP][PASSED] - AllModifiedDate.add(a.getText()): null

2020-03-13 15:47:42 - [TEST_STEP][PASSED] - AllModifiedDate.add(a.getText()): null

2020-03-13 15:47:42 - [TEST_STEP][PASSED] - AllModifiedDate.add(a.getText()): null

2020-03-13 15:47:42 - [TEST_STEP][PASSED] - AllModifiedDate.add(a.getText()): null

2020-03-13 15:47:42 - [TEST_STEP][PASSED] - AllModifiedDate.add(a.getText()): null

2020-03-13 15:47:42 - [TEST_STEP][PASSED] - AllModifiedDate.add(a.getText()): null

2020-03-13 15:47:42 - [TEST_STEP][PASSED] - AllModifiedDate.add(a.getText()): null

2020-03-13 15:47:42 - [TEST_STEP][PASSED] - AllModifiedDate.add(a.getText()): null

2020-03-13 15:47:42 - [TEST_STEP][PASSED] - AllModifiedDate.add(a.getText()): null

2020-03-13 15:47:43 - [TEST_STEP][PASSED] - click(findTestObject("ROLES/Roles_page/Pagination/front_navigation")): Object: 'Object Repository/ROLES/Roles_page/Pagination/front_navigation' is clicked on

2020-03-13 15:47:43 - [MESSAGE][PASSED] - Object: 'Object Repository/ROLES/Roles_page/Pagination/front_navigation' is clicked on

2020-03-13 15:47:43 - [TEST_STEP][PASSED] - modifiedDate = findWebElements(findTestObject("ROLES/Roles_page/sorting/modified"), 2): null

2020-03-13 15:47:44 - [TEST_STEP][PASSED] - for (org.openqa.selenium.WebElement a : modifiedDate): null

2020-03-13 15:47:44 - [TEST_STEP][PASSED] - AllModifiedDate.add(a.getText()): null

2020-03-13 15:47:44 - [TEST_STEP][PASSED] - AllModifiedDate.add(a.getText()): null

2020-03-13 15:47:44 - [TEST_STEP][PASSED] - AllModifiedDate.add(a.getText()): null

2020-03-13 15:47:44 - [TEST_STEP][PASSED] - AllModifiedDate.add(a.getText()): null

2020-03-13 15:47:44 - [TEST_STEP][PASSED] - AllModifiedDate.add(a.getText()): null

2020-03-13 15:47:44 - [TEST_STEP][PASSED] - AllModifiedDate.add(a.getText()): null

2020-03-13 15:47:44 - [TEST_STEP][PASSED] - AllModifiedDate.add(a.getText()): null

2020-03-13 15:47:44 - [TEST_STEP][PASSED] - AllModifiedDate.add(a.getText()): null

2020-03-13 15:47:44 - [TEST_STEP][PASSED] - AllModifiedDate.add(a.getText()): null

2020-03-13 15:47:44 - [TEST_STEP][PASSED] - AllModifiedDate.add(a.getText()): null

2020-03-13 15:47:44 - [TEST_STEP][PASSED] - click(findTestObject("ROLES/Roles_page/Pagination/front_navigation")): Object: 'Object Repository/ROLES/Roles_page/Pagination/front_navigation' is clicked on

2020-03-13 15:47:45 - [MESSAGE][PASSED] - Object: 'Object Repository/ROLES/Roles_page/Pagination/front_navigation' is clicked on

2020-03-13 15:47:45 - [TEST_STEP][PASSED] - modifiedDate = findWebElements(findTestObject("ROLES/Roles_page/sorting/modified"), 2): null

2020-03-13 15:47:45 - [TEST_STEP][PASSED] - for (org.openqa.selenium.WebElement a : modifiedDate): null

2020-03-13 15:47:46 - [TEST_STEP][PASSED] - AllModifiedDate.add(a.getText()): null

2020-03-13 15:47:46 - [TEST_STEP][PASSED] - AllModifiedDate.add(a.getText()): null

2020-03-13 15:47:46 - [TEST_STEP][PASSED] - AllModifiedDate.add(a.getText()): null

2020-03-13 15:47:46 - [TEST_STEP][PASSED] - AllModifiedDate.add(a.getText()): null

2020-03-13 15:47:46 - [TEST_STEP][PASSED] - AllModifiedDate.add(a.getText()): null

2020-03-13 15:47:46 - [TEST_STEP][PASSED] - AllModifiedDate.add(a.getText()): null

2020-03-13 15:47:46 - [TEST_STEP][PASSED] - AllModifiedDate.add(a.getText()): null

2020-03-13 15:47:46 - [TEST_STEP][PASSED] - AllModifiedDate.add(a.getText()): null

2020-03-13 15:47:46 - [TEST_STEP][PASSED] - AllModifiedDate.add(a.getText()): null

2020-03-13 15:47:46 - [TEST_STEP][PASSED] - AllModifiedDate.add(a.getText()): null

2020-03-13 15:47:46 - [TEST_STEP][PASSED] - click(findTestObject("ROLES/Roles_page/Pagination/front_navigation")): Object: 'Object Repository/ROLES/Roles_page/Pagination/front_navigation' is clicked on

2020-03-13 15:47:46 - [MESSAGE][PASSED] - Object: 'Object Repository/ROLES/Roles_page/Pagination/front_navigation' is clicked on

2020-03-13 15:47:46 - [TEST_STEP][PASSED] - modifiedDate = findWebElements(findTestObject("ROLES/Roles_page/sorting/modified"), 2): null

2020-03-13 15:47:47 - [TEST_STEP][PASSED] - for (org.openqa.selenium.WebElement a : modifiedDate): null

2020-03-13 15:47:47 - [TEST_STEP][PASSED] - AllModifiedDate.add(a.getText()): null

2020-03-13 15:47:47 - [TEST_STEP][PASSED] - AllModifiedDate.add(a.getText()): null

2020-03-13 15:47:47 - [TEST_STEP][PASSED] - AllModifiedDate.add(a.getText()): null

2020-03-13 15:47:47 - [TEST_STEP][PASSED] - AllModifiedDate.add(a.getText()): null

2020-03-13 15:47:47 - [TEST_STEP][PASSED] - AllModifiedDate.add(a.getText()): null

2020-03-13 15:47:47 - [TEST_STEP][PASSED] - AllModifiedDate.add(a.getText()): null

2020-03-13 15:47:47 - [TEST_STEP][PASSED] - AllModifiedDate.add(a.getText()): null

2020-03-13 15:47:47 - [TEST_STEP][PASSED] - AllModifiedDate.add(a.getText()): null

2020-03-13 15:47:47 - [TEST_STEP][PASSED] - AllModifiedDate.add(a.getText()): null

2020-03-13 15:47:47 - [TEST_STEP][PASSED] - AllModifiedDate.add(a.getText()): null

2020-03-13 15:47:47 - [TEST_STEP][PASSED] - click(findTestObject("ROLES/Roles_page/Pagination/front_navigation")): Object: 'Object Repository/ROLES/Roles_page/Pagination/front_navigation' is clicked on

2020-03-13 15:47:48 - [MESSAGE][PASSED] - Object: 'Object Repository/ROLES/Roles_page/Pagination/front_navigation' is clicked on

2020-03-13 15:47:48 - [TEST_STEP][PASSED] - modifiedDate = findWebElements(findTestObject("ROLES/Roles_page/sorting/modified"), 2): null

2020-03-13 15:47:49 - [TEST_STEP][PASSED] - for (org.openqa.selenium.WebElement a : modifiedDate): null

2020-03-13 15:47:49 - [TEST_STEP][PASSED] - AllModifiedDate.add(a.getText()): null

2020-03-13 15:47:49 - [TEST_STEP][PASSED] - AllModifiedDate.add(a.getText()): null

2020-03-13 15:47:49 - [TEST_STEP][PASSED] - AllModifiedDate.add(a.getText()): null

2020-03-13 15:47:49 - [TEST_STEP][PASSED] - AllModifiedDate.add(a.getText()): null

2020-03-13 15:47:49 - [TEST_STEP][PASSED] - AllModifiedDate.add(a.getText()): null

2020-03-13 15:47:49 - [TEST_STEP][PASSED] - AllModifiedDate.add(a.getText()): null

2020-03-13 15:47:49 - [TEST_STEP][PASSED] - AllModifiedDate.add(a.getText()): null

2020-03-13 15:47:49 - [TEST_STEP][PASSED] - AllModifiedDate.add(a.getText()): null

2020-03-13 15:47:49 - [TEST_STEP][PASSED] - AllModifiedDate.add(a.getText()): null

2020-03-13 15:47:49 - [TEST_STEP][PASSED] - AllModifiedDate.add(a.getText()): null

2020-03-13 15:47:49 - [TEST_STEP][PASSED] - click(findTestObject("ROLES/Roles_page/Pagination/front_navigation")): Object: 'Object Repository/ROLES/Roles_page/Pagination/front_navigation' is clicked on

2020-03-13 15:47:49 - [MESSAGE][PASSED] - Object: 'Object Repository/ROLES/Roles_page/Pagination/front_navigation' is clicked on

2020-03-13 15:47:49 - [TEST_STEP][PASSED] - modifiedDate = findWebElements(findTestObject("ROLES/Roles_page/sorting/modified"), 2): null

2020-03-13 15:47:50 - [TEST_STEP][PASSED] - for (org.openqa.selenium.WebElement a : modifiedDate): null

2020-03-13 15:47:50 - [TEST_STEP][PASSED] - AllModifiedDate.add(a.getText()): null

2020-03-13 15:47:50 - [TEST_STEP][PASSED] - AllModifiedDate.add(a.getText()): null

2020-03-13 15:47:50 - [TEST_STEP][PASSED] - AllModifiedDate.add(a.getText()): null

2020-03-13 15:47:50 - [TEST_STEP][PASSED] - AllModifiedDate.add(a.getText()): null

2020-03-13 15:47:51 - [TEST_STEP][PASSED] - AllModifiedDate.add(a.getText()): null

2020-03-13 15:47:51 - [TEST_STEP][PASSED] - AllModifiedDate.add(a.getText()): null

2020-03-13 15:47:51 - [TEST_STEP][PASSED] - AllModifiedDate.add(a.getText()): null

2020-03-13 15:47:51 - [TEST_STEP][PASSED] - AllModifiedDate.add(a.getText()): null

2020-03-13 15:47:51 - [TEST_STEP][PASSED] - AllModifiedDate.add(a.getText()): null

2020-03-13 15:47:51 - [TEST_STEP][PASSED] - AllModifiedDate.add(a.getText()): null

2020-03-13 15:47:51 - [TEST_STEP][PASSED] - click(findTestObject("ROLES/Roles_page/Pagination/front_navigation")): Object: 'Object Repository/ROLES/Roles_page/Pagination/front_navigation' is clicked on

2020-03-13 15:47:51 - [MESSAGE][PASSED] - Object: 'Object Repository/ROLES/Roles_page/Pagination/front_navigation' is clicked on

2020-03-13 15:47:51 - [TEST_STEP][PASSED] - modifiedDate = findWebElements(findTestObject("ROLES/Roles_page/sorting/modified"), 2): null

2020-03-13 15:47:52 - [TEST_STEP][PASSED] - for (org.openqa.selenium.WebElement a : modifiedDate): null

2020-03-13 15:47:52 - [TEST_STEP][PASSED] - AllModifiedDate.add(a.getText()): null

2020-03-13 15:47:52 - [TEST_STEP][PASSED] - AllModifiedDate.add(a.getText()): null

2020-03-13 15:47:52 - [TEST_STEP][PASSED] - AllModifiedDate.add(a.getText()): null

2020-03-13 15:47:52 - [TEST_STEP][PASSED] - AllModifiedDate.add(a.getText()): null

2020-03-13 15:47:52 - [TEST_STEP][PASSED] - AllModifiedDate.add(a.getText()): null

2020-03-13 15:47:52 - [TEST_STEP][PASSED] - AllModifiedDate.add(a.getText()): null

2020-03-13 15:47:52 - [TEST_STEP][PASSED] - AllModifiedDate.add(a.getText()): null

2020-03-13 15:47:52 - [TEST_STEP][PASSED] - AllModifiedDate.add(a.getText()): null

2020-03-13 15:47:52 - [TEST_STEP][PASSED] - AllModifiedDate.add(a.getText()): null

2020-03-13 15:47:52 - [TEST_STEP][PASSED] - AllModifiedDate.add(a.getText()): null

2020-03-13 15:47:52 - [TEST_STEP][PASSED] - click(findTestObject("ROLES/Roles_page/Pagination/front_navigation")): Object: 'Object Repository/ROLES/Roles_page/Pagination/front_navigation' is clicked on

2020-03-13 15:47:53 - [MESSAGE][PASSED] - Object: 'Object Repository/ROLES/Roles_page/Pagination/front_navigation' is clicked on

2020-03-13 15:47:53 - [TEST_STEP][PASSED] - modifiedDate = findWebElements(findTestObject("ROLES/Roles_page/sorting/modified"), 2): null

2020-03-13 15:47:54 - [TEST_STEP][PASSED] - for (org.openqa.selenium.WebElement a : modifiedDate): null

2020-03-13 15:47:54 - [TEST_STEP][PASSED] - AllModifiedDate.add(a.getText()): null

2020-03-13 15:47:54 - [TEST_STEP][PASSED] - AllModifiedDate.add(a.getText()): null

2020-03-13 15:47:54 - [TEST_STEP][PASSED] - AllModifiedDate.add(a.getText()): null

2020-03-13 15:47:54 - [TEST_STEP][PASSED] - AllModifiedDate.add(a.getText()): null

2020-03-13 15:47:54 - [TEST_STEP][PASSED] - AllModifiedDate.add(a.getText()): null

2020-03-13 15:47:54 - [TEST_STEP][PASSED] - AllModifiedDate.add(a.getText()): null

2020-03-13 15:47:54 - [TEST_STEP][PASSED] - AllModifiedDate.add(a.getText()): null

2020-03-13 15:47:54 - [TEST_STEP][PASSED] - AllModifiedDate.add(a.getText()): null

2020-03-13 15:47:54 - [TEST_STEP][PASSED] - AllModifiedDate.add(a.getText()): null

2020-03-13 15:47:54 - [TEST_STEP][PASSED] - AllModifiedDate.add(a.getText()): null

2020-03-13 15:47:54 - [TEST_STEP][PASSED] - click(findTestObject("ROLES/Roles_page/Pagination/front_navigation")): Object: 'Object Repository/ROLES/Roles_page/Pagination/front_navigation' is clicked on

2020-03-13 15:47:54 - [MESSAGE][PASSED] - Object: 'Object Repository/ROLES/Roles_page/Pagination/front_navigation' is clicked on

2020-03-13 15:47:54 - [TEST_STEP][PASSED] - modifiedDate = findWebElements(findTestObject("ROLES/Roles_page/sorting/modified"), 2): null

2020-03-13 15:47:55 - [TEST_STEP][PASSED] - for (org.openqa.selenium.WebElement a : modifiedDate): null

2020-03-13 15:47:55 - [TEST_STEP][PASSED] - AllModifiedDate.add(a.getText()): null

2020-03-13 15:47:55 - [TEST_STEP][PASSED] - AllModifiedDate.add(a.getText()): null

2020-03-13 15:47:55 - [TEST_STEP][PASSED] - AllModifiedDate.add(a.getText()): null

2020-03-13 15:47:55 - [TEST_STEP][PASSED] - AllModifiedDate.add(a.getText()): null

2020-03-13 15:47:55 - [TEST_STEP][PASSED] - AllModifiedDate.add(a.getText()): null

2020-03-13 15:47:55 - [TEST_STEP][PASSED] - AllModifiedDate.add(a.getText()): null

2020-03-13 15:47:55 - [TEST_STEP][PASSED] - AllModifiedDate.add(a.getText()): null

2020-03-13 15:47:55 - [TEST_STEP][PASSED] - AllModifiedDate.add(a.getText()): null

2020-03-13 15:47:55 - [TEST_STEP][PASSED] - AllModifiedDate.add(a.getText()): null

2020-03-13 15:47:55 - [TEST_STEP][PASSED] - AllModifiedDate.add(a.getText()): null

2020-03-13 15:47:55 - [TEST_STEP][PASSED] - click(findTestObject("ROLES/Roles_page/Pagination/front_navigation")): Object: 'Object Repository/ROLES/Roles_page/Pagination/front_navigation' is clicked on

2020-03-13 15:47:56 - [MESSAGE][PASSED] - Object: 'Object Repository/ROLES/Roles_page/Pagination/front_navigation' is clicked on

2020-03-13 15:47:56 - [TEST_STEP][PASSED] - modifiedDate = findWebElements(findTestObject("ROLES/Roles_page/sorting/modified"), 2): null

2020-03-13 15:47:57 - [TEST_STEP][PASSED] - for (org.openqa.selenium.WebElement a : modifiedDate): null

2020-03-13 15:47:57 - [TEST_STEP][PASSED] - AllModifiedDate.add(a.getText()): null

2020-03-13 15:47:57 - [TEST_STEP][PASSED] - AllModifiedDate.add(a.getText()): null

2020-03-13 15:47:57 - [TEST_STEP][PASSED] - AllModifiedDate.add(a.getText()): null

2020-03-13 15:47:57 - [TEST_STEP][PASSED] - AllModifiedDate.add(a.getText()): null

2020-03-13 15:47:57 - [TEST_STEP][PASSED] - AllModifiedDate.add(a.getText()): null

2020-03-13 15:47:57 - [TEST_STEP][PASSED] - AllModifiedDate.add(a.getText()): null

2020-03-13 15:47:57 - [TEST_STEP][PASSED] - AllModifiedDate.add(a.getText()): null

2020-03-13 15:47:57 - [TEST_STEP][PASSED] - AllModifiedDate.add(a.getText()): null

2020-03-13 15:47:57 - [TEST_STEP][PASSED] - AllModifiedDate.add(a.getText()): null

2020-03-13 15:47:57 - [TEST_STEP][PASSED] - AllModifiedDate.add(a.getText()): null

2020-03-13 15:47:57 - [TEST_STEP][PASSED] - click(findTestObject("ROLES/Roles_page/Pagination/front_navigation")): Object: 'Object Repository/ROLES/Roles_page/Pagination/front_navigation' is clicked on

2020-03-13 15:47:57 - [MESSAGE][PASSED] - Object: 'Object Repository/ROLES/Roles_page/Pagination/front_navigation' is clicked on

2020-03-13 15:47:57 - [TEST_STEP][PASSED] - modifiedDate = findWebElements(findTestObject("ROLES/Roles_page/sorting/modified"), 2): null

2020-03-13 15:47:58 - [TEST_STEP][PASSED] - for (org.openqa.selenium.WebElement a : modifiedDate): null

2020-03-13 15:47:58 - [TEST_STEP][PASSED] - AllModifiedDate.add(a.getText()): null

2020-03-13 15:47:58 - [TEST_STEP][PASSED] - AllModifiedDate.add(a.getText()): null

2020-03-13 15:47:58 - [TEST_STEP][PASSED] - AllModifiedDate.add(a.getText()): null

2020-03-13 15:47:58 - [TEST_STEP][PASSED] - AllModifiedDate.add(a.getText()): null

2020-03-13 15:47:58 - [TEST_STEP][PASSED] - AllModifiedDate.add(a.getText()): null

2020-03-13 15:47:58 - [TEST_STEP][PASSED] - AllModifiedDate.add(a.getText()): null

2020-03-13 15:47:58 - [TEST_STEP][PASSED] - AllModifiedDate.add(a.getText()): null

2020-03-13 15:47:58 - [TEST_STEP][PASSED] - AllModifiedDate.add(a.getText()): null

2020-03-13 15:47:58 - [TEST_STEP][PASSED] - AllModifiedDate.add(a.getText()): null

2020-03-13 15:47:58 - [TEST_STEP][PASSED] - AllModifiedDate.add(a.getText()): null

2020-03-13 15:47:59 - [TEST_STEP][PASSED] - click(findTestObject("ROLES/Roles_page/Pagination/front_navigation")): Object: 'Object Repository/ROLES/Roles_page/Pagination/front_navigation' is clicked on

2020-03-13 15:47:59 - [MESSAGE][PASSED] - Object: 'Object Repository/ROLES/Roles_page/Pagination/front_navigation' is clicked on

2020-03-13 15:47:59 - [TEST_STEP][PASSED] - modifiedDate = findWebElements(findTestObject("ROLES/Roles_page/sorting/modified"), 2): null

2020-03-13 15:48:00 - [TEST_STEP][PASSED] - for (org.openqa.selenium.WebElement a : modifiedDate): null

2020-03-13 15:48:00 - [TEST_STEP][PASSED] - AllModifiedDate.add(a.getText()): null

2020-03-13 15:48:00 - [TEST_STEP][PASSED] - AllModifiedDate.add(a.getText()): null

2020-03-13 15:48:00 - [TEST_STEP][PASSED] - AllModifiedDate.add(a.getText()): null

2020-03-13 15:48:00 - [TEST_STEP][PASSED] - AllModifiedDate.add(a.getText()): null

2020-03-13 15:48:00 - [TEST_STEP][PASSED] - AllModifiedDate.add(a.getText()): null

2020-03-13 15:48:00 - [TEST_STEP][PASSED] - AllModifiedDate.add(a.getText()): null

2020-03-13 15:48:00 - [TEST_STEP][PASSED] - AllModifiedDate.add(a.getText()): null

2020-03-13 15:48:00 - [TEST_STEP][PASSED] - AllModifiedDate.add(a.getText()): null

2020-03-13 15:48:00 - [TEST_STEP][PASSED] - AllModifiedDate.add(a.getText()): null

2020-03-13 15:48:00 - [TEST_STEP][PASSED] - AllModifiedDate.add(a.getText()): null

2020-03-13 15:48:00 - [TEST_STEP][PASSED] - click(findTestObject("ROLES/Roles_page/Pagination/front_navigation")): Object: 'Object Repository/ROLES/Roles_page/Pagination/front_navigation' is clicked on

2020-03-13 15:48:01 - [MESSAGE][PASSED] - Object: 'Object Repository/ROLES/Roles_page/Pagination/front_navigation' is clicked on

2020-03-13 15:48:01 - [TEST_STEP][PASSED] - modifiedDate = findWebElements(findTestObject("ROLES/Roles_page/sorting/modified"), 2): null

2020-03-13 15:48:02 - [TEST_STEP][PASSED] - for (org.openqa.selenium.WebElement a : modifiedDate): null

2020-03-13 15:48:02 - [TEST_STEP][PASSED] - AllModifiedDate.add(a.getText()): null

2020-03-13 15:48:02 - [TEST_STEP][PASSED] - AllModifiedDate.add(a.getText()): null

2020-03-13 15:48:02 - [TEST_STEP][PASSED] - AllModifiedDate.add(a.getText()): null

2020-03-13 15:48:02 - [TEST_STEP][PASSED] - AllModifiedDate.add(a.getText()): null

2020-03-13 15:48:02 - [TEST_STEP][PASSED] - AllModifiedDate.add(a.getText()): null

2020-03-13 15:48:02 - [TEST_STEP][PASSED] - AllModifiedDate.add(a.getText()): null

2020-03-13 15:48:02 - [TEST_STEP][PASSED] - AllModifiedDate.add(a.getText()): null

2020-03-13 15:48:02 - [TEST_STEP][PASSED] - AllModifiedDate.add(a.getText()): null

2020-03-13 15:48:02 - [TEST_STEP][PASSED] - AllModifiedDate.add(a.getText()): null

2020-03-13 15:48:02 - [TEST_STEP][PASSED] - AllModifiedDate.add(a.getText()): null

2020-03-13 15:48:02 - [TEST_STEP][PASSED] - click(findTestObject("ROLES/Roles_page/Pagination/front_navigation")): Object: 'Object Repository/ROLES/Roles_page/Pagination/front_navigation' is clicked on

2020-03-13 15:48:02 - [MESSAGE][PASSED] - Object: 'Object Repository/ROLES/Roles_page/Pagination/front_navigation' is clicked on

2020-03-13 15:48:02 - [TEST_STEP][PASSED] - modifiedDate = findWebElements(findTestObject("ROLES/Roles_page/sorting/modified"), 2): null

2020-03-13 15:48:03 - [TEST_STEP][PASSED] - for (org.openqa.selenium.WebElement a : modifiedDate): null

2020-03-13 15:48:03 - [TEST_STEP][PASSED] - AllModifiedDate.add(a.getText()): null

2020-03-13 15:48:03 - [TEST_STEP][PASSED] - AllModifiedDate.add(a.getText()): null

2020-03-13 15:48:03 - [TEST_STEP][PASSED] - AllModifiedDate.add(a.getText()): null

2020-03-13 15:48:03 - [TEST_STEP][PASSED] - AllModifiedDate.add(a.getText()): null

2020-03-13 15:48:03 - [TEST_STEP][PASSED] - AllModifiedDate.add(a.getText()): null

2020-03-13 15:48:03 - [TEST_STEP][PASSED] - AllModifiedDate.add(a.getText()): null

2020-03-13 15:48:03 - [TEST_STEP][PASSED] - AllModifiedDate.add(a.getText()): null

2020-03-13 15:48:03 - [TEST_STEP][PASSED] - AllModifiedDate.add(a.getText()): null

2020-03-13 15:48:03 - [TEST_STEP][PASSED] - click(findTestObject("ROLES/Roles_page/Pagination/front_navigation")): Object: 'Object Repository/ROLES/Roles_page/Pagination/front_navigation' is clicked on

2020-03-13 15:48:06 - [MESSAGE][PASSED] - Object: 'Object Repository/ROLES/Roles_page/Pagination/front_navigation' is clicked on

2020-03-13 15:48:06 - [TEST_STEP][PASSED] - if (j == 1): null

2020-03-13 15:48:06 - [TEST_STEP][PASSED] - if (j == 2): Actual object 'true' and expected object 'true' are equal

2020-03-13 15:48:06 - [TEST_STEP][PASSED] - isSorted = web.CustomKeyword.checkListAscendingOrder(AllModifiedDate): web.CustomKeyword.checkListAscendingOrder is PASSED

2020-03-13 15:48:06 - [MESSAGE][PASSED] - web.CustomKeyword.checkListAscendingOrder is PASSED

2020-03-13 15:48:06 - [TEST_STEP][PASSED] - println(AllModifiedDate.size()): null

2020-03-13 15:48:06 - [TEST_STEP][PASSED] - println(AllModifiedDate): null

2020-03-13 15:48:06 - [TEST_STEP][PASSED] - verifyEqual(isSorted, true): Actual object 'true' and expected object 'true' are equal

2020-03-13 15:48:06 - [MESSAGE][PASSED] - Actual object 'true' and expected object 'true' are equal

2020-03-13 15:48:06 - [TEST_STEP][PASSED] - clearText(findTestObject("Object Repository/ROLES/Roles_page/Pagination/input_Page_form-control")): Text of object 'Object Repository/ROLES/Roles_page/Pagination/input_Page_form-control' is cleared

2020-03-13 15:48:06 - [MESSAGE][PASSED] - Text of object 'Object Repository/ROLES/Roles_page/Pagination/input_Page_form-control' is cleared

2020-03-13 15:48:06 - [TEST_STEP][PASSED] - setText(findTestObject("Object Repository/ROLES/Roles_page/Pagination/input_Page_form-control"), BACK_SPACE + BACK_SPACE + "1" + ENTER): Text 'BACK_SPACE + BACK_SPACE + ENTER + 1' is set on object 'Object Repository/ROLES/Roles_page/Pagination/input_Page_form-control'

2020-03-13 15:48:07 - [MESSAGE][PASSED] - Text 'BACK_SPACE + BACK_SPACE + ENTER + 1' is set on object 'Object Repository/ROLES/Roles_page/Pagination/input_Page_form-control'

2020-03-13 15:48:07 - [TEST_STEP][PASSED] - Start listener action : sampleAfterTestCase: null

2020-03-13 15:48:07 - [TEST_STEP][PASSED] - println(testCaseContext.getTestCaseId()): null

2020-03-13 15:48:07 - [TEST_STEP][PASSED] - println(testCaseContext.getTestCaseStatus()): null

2020-03-13 15:48:07 - [TEST_STEP][PASSED] - println("On Failure Method is Calling : " + testCaseContext.getTestCaseStatus()): null

2020-03-13 15:48:07 - [TEST_STEP][PASSED] - if (!(getTestCaseStatus().equalsIgnoreCase("PASSED"))): null]]></system-out>
         <system-err><![CDATA[]]></system-err>
      </testcase>
      <testcase name="Test Cases/Atlas Platform/Configuration Management/Platform Management/ROLES/Role Listing Grid/RLG-009 Verify sorting by No of Users" time="77.651" classname="Test Cases/Atlas Platform/Configuration Management/Platform Management/ROLES/Role Listing Grid/RLG-009 Verify sorting by No of Users" status="PASSED">
         <system-out><![CDATA[2020-03-13 15:48:09 - [TEST_CASE][PASSED] - Test Cases/Atlas Platform/Configuration Management/Platform Management/ROLES/Role Listing Grid/RLG-009 Verify sorting by No of Users: Test Cases/Atlas Platform/Configuration Management/Platform Management/ROLES/Role Listing Grid/RLG-009 Verify sorting by No of Users

2020-03-13 15:48:10 - [TEST_STEP][NOT_RUN] - callTestCase(findTestCase("Atlas Platform/Platform Navigation/Login/Default Logins/Default_Login_as_Root Admin"), ["Email":findTestData("AMP_Y").getValue(1, 1), "Password":findTestData("AMP_Y").getValue(2, 1), "dashboard_exp_title":""], CONTINUE_ON_FAILURE): NOT_RUN: callTestCase(findTestCase("Atlas Platform/Platform Navigation/Login/Default Logins/Default_Login_as_Root Admin"), ["Email":findTestData("AMP_Y").getValue(1, 1), "Password":findTestData("AMP_Y").getValue(2, 1), "dashboard_exp_title":""], CONTINUE_ON_FAILURE)

2020-03-13 15:48:10 - [MESSAGE][NOT_RUN] - NOT_RUN: callTestCase(findTestCase("Atlas Platform/Platform Navigation/Login/Default Logins/Default_Login_as_Root Admin"), ["Email":findTestData("AMP_Y").getValue(1, 1), "Password":findTestData("AMP_Y").getValue(2, 1), "dashboard_exp_title":""], CONTINUE_ON_FAILURE)

2020-03-13 15:48:10 - [TEST_STEP][PASSED] - driver = getWebDriver(): null

2020-03-13 15:48:10 - [TEST_STEP][NOT_RUN] - click(findTestObject("ROLES/Role_Navigation/a_ADMIN")): NOT_RUN: click(findTestObject("ROLES/Role_Navigation/a_ADMIN"))

2020-03-13 15:48:10 - [MESSAGE][NOT_RUN] - NOT_RUN: click(findTestObject("ROLES/Role_Navigation/a_ADMIN"))

2020-03-13 15:48:10 - [TEST_STEP][PASSED] - noOfPages_text = getText(findTestObject("ROLES/Roles_page/Pagination/label_of 10")): Text of object 'Object Repository/ROLES/Roles_page/Pagination/label_of 10' is: 'of 18'

2020-03-13 15:48:10 - [MESSAGE][PASSED] - Text of object 'Object Repository/ROLES/Roles_page/Pagination/label_of 10' is: 'of 18'

2020-03-13 15:48:10 - [TEST_STEP][PASSED] - noOfPages = Integer.parseInt(noOfPages_text.substring(3)): null

2020-03-13 15:48:10 - [TEST_STEP][PASSED] - println(noOfPages): null

2020-03-13 15:48:10 - [TEST_STEP][PASSED] - for ([j = 1, j < 3, (j++)]): Actual object 'true' and expected object 'true' are equal

2020-03-13 15:48:10 - [TEST_STEP][PASSED] - click(findTestObject("ROLES/Roles_page/sorting/No.Users_header")): Object: 'Object Repository/ROLES/Roles_page/sorting/No.Users_header' is clicked on

2020-03-13 15:48:11 - [MESSAGE][PASSED] - Object: 'Object Repository/ROLES/Roles_page/sorting/No.Users_header' is clicked on

2020-03-13 15:48:11 - [TEST_STEP][PASSED] - NoOfUsers = <not implemented yet for class: org.codehaus.groovy.ast.expr.EmptyExpression>: null

2020-03-13 15:48:11 - [TEST_STEP][PASSED] - AllNoOfUsers = new java.util.ArrayList(): null

2020-03-13 15:48:11 - [TEST_STEP][PASSED] - for ([i = 1, i <= noOfPages, (i++)]): Object: 'Object Repository/ROLES/Roles_page/Pagination/front_navigation' is clicked on

2020-03-13 15:48:11 - [TEST_STEP][PASSED] - NoOfUsers = findWebElements(findTestObject("ROLES/Roles_page/sorting/No.Users"), 2): null

2020-03-13 15:48:12 - [TEST_STEP][PASSED] - for (org.openqa.selenium.WebElement a : NoOfUsers): null

2020-03-13 15:48:12 - [TEST_STEP][PASSED] - AllNoOfUsers.add(getText().toLowerCase()): null

2020-03-13 15:48:12 - [TEST_STEP][PASSED] - AllNoOfUsers.add(getText().toLowerCase()): null

2020-03-13 15:48:12 - [TEST_STEP][PASSED] - AllNoOfUsers.add(getText().toLowerCase()): null

2020-03-13 15:48:12 - [TEST_STEP][PASSED] - AllNoOfUsers.add(getText().toLowerCase()): null

2020-03-13 15:48:12 - [TEST_STEP][PASSED] - AllNoOfUsers.add(getText().toLowerCase()): null

2020-03-13 15:48:12 - [TEST_STEP][PASSED] - AllNoOfUsers.add(getText().toLowerCase()): null

2020-03-13 15:48:12 - [TEST_STEP][PASSED] - AllNoOfUsers.add(getText().toLowerCase()): null

2020-03-13 15:48:12 - [TEST_STEP][PASSED] - AllNoOfUsers.add(getText().toLowerCase()): null

2020-03-13 15:48:12 - [TEST_STEP][PASSED] - AllNoOfUsers.add(getText().toLowerCase()): null

2020-03-13 15:48:12 - [TEST_STEP][PASSED] - AllNoOfUsers.add(getText().toLowerCase()): null

2020-03-13 15:48:12 - [TEST_STEP][PASSED] - click(findTestObject("ROLES/Roles_page/Pagination/front_navigation")): Object: 'Object Repository/ROLES/Roles_page/Pagination/front_navigation' is clicked on

2020-03-13 15:48:13 - [MESSAGE][PASSED] - Object: 'Object Repository/ROLES/Roles_page/Pagination/front_navigation' is clicked on

2020-03-13 15:48:13 - [TEST_STEP][PASSED] - NoOfUsers = findWebElements(findTestObject("ROLES/Roles_page/sorting/No.Users"), 2): null

2020-03-13 15:48:13 - [TEST_STEP][PASSED] - for (org.openqa.selenium.WebElement a : NoOfUsers): null

2020-03-13 15:48:13 - [TEST_STEP][PASSED] - AllNoOfUsers.add(getText().toLowerCase()): null

2020-03-13 15:48:13 - [TEST_STEP][PASSED] - AllNoOfUsers.add(getText().toLowerCase()): null

2020-03-13 15:48:13 - [TEST_STEP][PASSED] - AllNoOfUsers.add(getText().toLowerCase()): null

2020-03-13 15:48:14 - [TEST_STEP][PASSED] - AllNoOfUsers.add(getText().toLowerCase()): null

2020-03-13 15:48:14 - [TEST_STEP][PASSED] - AllNoOfUsers.add(getText().toLowerCase()): null

2020-03-13 15:48:14 - [TEST_STEP][PASSED] - AllNoOfUsers.add(getText().toLowerCase()): null

2020-03-13 15:48:14 - [TEST_STEP][PASSED] - AllNoOfUsers.add(getText().toLowerCase()): null

2020-03-13 15:48:14 - [TEST_STEP][PASSED] - AllNoOfUsers.add(getText().toLowerCase()): null

2020-03-13 15:48:14 - [TEST_STEP][PASSED] - AllNoOfUsers.add(getText().toLowerCase()): null

2020-03-13 15:48:14 - [TEST_STEP][PASSED] - AllNoOfUsers.add(getText().toLowerCase()): null

2020-03-13 15:48:14 - [TEST_STEP][PASSED] - click(findTestObject("ROLES/Roles_page/Pagination/front_navigation")): Object: 'Object Repository/ROLES/Roles_page/Pagination/front_navigation' is clicked on

2020-03-13 15:48:14 - [MESSAGE][PASSED] - Object: 'Object Repository/ROLES/Roles_page/Pagination/front_navigation' is clicked on

2020-03-13 15:48:14 - [TEST_STEP][PASSED] - NoOfUsers = findWebElements(findTestObject("ROLES/Roles_page/sorting/No.Users"), 2): null

2020-03-13 15:48:15 - [TEST_STEP][PASSED] - for (org.openqa.selenium.WebElement a : NoOfUsers): null

2020-03-13 15:48:15 - [TEST_STEP][PASSED] - AllNoOfUsers.add(getText().toLowerCase()): null

2020-03-13 15:48:15 - [TEST_STEP][PASSED] - AllNoOfUsers.add(getText().toLowerCase()): null

2020-03-13 15:48:15 - [TEST_STEP][PASSED] - AllNoOfUsers.add(getText().toLowerCase()): null

2020-03-13 15:48:15 - [TEST_STEP][PASSED] - AllNoOfUsers.add(getText().toLowerCase()): null

2020-03-13 15:48:15 - [TEST_STEP][PASSED] - AllNoOfUsers.add(getText().toLowerCase()): null

2020-03-13 15:48:15 - [TEST_STEP][PASSED] - AllNoOfUsers.add(getText().toLowerCase()): null

2020-03-13 15:48:15 - [TEST_STEP][PASSED] - AllNoOfUsers.add(getText().toLowerCase()): null

2020-03-13 15:48:15 - [TEST_STEP][PASSED] - AllNoOfUsers.add(getText().toLowerCase()): null

2020-03-13 15:48:15 - [TEST_STEP][PASSED] - AllNoOfUsers.add(getText().toLowerCase()): null

2020-03-13 15:48:15 - [TEST_STEP][PASSED] - AllNoOfUsers.add(getText().toLowerCase()): null

2020-03-13 15:48:15 - [TEST_STEP][PASSED] - click(findTestObject("ROLES/Roles_page/Pagination/front_navigation")): Object: 'Object Repository/ROLES/Roles_page/Pagination/front_navigation' is clicked on

2020-03-13 15:48:16 - [MESSAGE][PASSED] - Object: 'Object Repository/ROLES/Roles_page/Pagination/front_navigation' is clicked on

2020-03-13 15:48:16 - [TEST_STEP][PASSED] - NoOfUsers = findWebElements(findTestObject("ROLES/Roles_page/sorting/No.Users"), 2): null

2020-03-13 15:48:17 - [TEST_STEP][PASSED] - for (org.openqa.selenium.WebElement a : NoOfUsers): null

2020-03-13 15:48:17 - [TEST_STEP][PASSED] - AllNoOfUsers.add(getText().toLowerCase()): null

2020-03-13 15:48:17 - [TEST_STEP][PASSED] - AllNoOfUsers.add(getText().toLowerCase()): null

2020-03-13 15:48:17 - [TEST_STEP][PASSED] - AllNoOfUsers.add(getText().toLowerCase()): null

2020-03-13 15:48:17 - [TEST_STEP][PASSED] - AllNoOfUsers.add(getText().toLowerCase()): null

2020-03-13 15:48:17 - [TEST_STEP][PASSED] - AllNoOfUsers.add(getText().toLowerCase()): null

2020-03-13 15:48:17 - [TEST_STEP][PASSED] - AllNoOfUsers.add(getText().toLowerCase()): null

2020-03-13 15:48:17 - [TEST_STEP][PASSED] - AllNoOfUsers.add(getText().toLowerCase()): null

2020-03-13 15:48:17 - [TEST_STEP][PASSED] - AllNoOfUsers.add(getText().toLowerCase()): null

2020-03-13 15:48:17 - [TEST_STEP][PASSED] - AllNoOfUsers.add(getText().toLowerCase()): null

2020-03-13 15:48:17 - [TEST_STEP][PASSED] - AllNoOfUsers.add(getText().toLowerCase()): null

2020-03-13 15:48:17 - [TEST_STEP][PASSED] - click(findTestObject("ROLES/Roles_page/Pagination/front_navigation")): Object: 'Object Repository/ROLES/Roles_page/Pagination/front_navigation' is clicked on

2020-03-13 15:48:17 - [MESSAGE][PASSED] - Object: 'Object Repository/ROLES/Roles_page/Pagination/front_navigation' is clicked on

2020-03-13 15:48:17 - [TEST_STEP][PASSED] - NoOfUsers = findWebElements(findTestObject("ROLES/Roles_page/sorting/No.Users"), 2): null

2020-03-13 15:48:18 - [TEST_STEP][PASSED] - for (org.openqa.selenium.WebElement a : NoOfUsers): null

2020-03-13 15:48:18 - [TEST_STEP][PASSED] - AllNoOfUsers.add(getText().toLowerCase()): null

2020-03-13 15:48:18 - [TEST_STEP][PASSED] - AllNoOfUsers.add(getText().toLowerCase()): null

2020-03-13 15:48:18 - [TEST_STEP][PASSED] - AllNoOfUsers.add(getText().toLowerCase()): null

2020-03-13 15:48:18 - [TEST_STEP][PASSED] - AllNoOfUsers.add(getText().toLowerCase()): null

2020-03-13 15:48:18 - [TEST_STEP][PASSED] - AllNoOfUsers.add(getText().toLowerCase()): null

2020-03-13 15:48:18 - [TEST_STEP][PASSED] - AllNoOfUsers.add(getText().toLowerCase()): null

2020-03-13 15:48:18 - [TEST_STEP][PASSED] - AllNoOfUsers.add(getText().toLowerCase()): null

2020-03-13 15:48:18 - [TEST_STEP][PASSED] - AllNoOfUsers.add(getText().toLowerCase()): null

2020-03-13 15:48:18 - [TEST_STEP][PASSED] - AllNoOfUsers.add(getText().toLowerCase()): null

2020-03-13 15:48:18 - [TEST_STEP][PASSED] - AllNoOfUsers.add(getText().toLowerCase()): null

2020-03-13 15:48:18 - [TEST_STEP][PASSED] - click(findTestObject("ROLES/Roles_page/Pagination/front_navigation")): Object: 'Object Repository/ROLES/Roles_page/Pagination/front_navigation' is clicked on

2020-03-13 15:48:19 - [MESSAGE][PASSED] - Object: 'Object Repository/ROLES/Roles_page/Pagination/front_navigation' is clicked on

2020-03-13 15:48:19 - [TEST_STEP][PASSED] - NoOfUsers = findWebElements(findTestObject("ROLES/Roles_page/sorting/No.Users"), 2): null

2020-03-13 15:48:19 - [TEST_STEP][PASSED] - for (org.openqa.selenium.WebElement a : NoOfUsers): null

2020-03-13 15:48:19 - [TEST_STEP][PASSED] - AllNoOfUsers.add(getText().toLowerCase()): null

2020-03-13 15:48:20 - [TEST_STEP][PASSED] - AllNoOfUsers.add(getText().toLowerCase()): null

2020-03-13 15:48:20 - [TEST_STEP][PASSED] - AllNoOfUsers.add(getText().toLowerCase()): null

2020-03-13 15:48:20 - [TEST_STEP][PASSED] - AllNoOfUsers.add(getText().toLowerCase()): null

2020-03-13 15:48:20 - [TEST_STEP][PASSED] - AllNoOfUsers.add(getText().toLowerCase()): null

2020-03-13 15:48:20 - [TEST_STEP][PASSED] - AllNoOfUsers.add(getText().toLowerCase()): null

2020-03-13 15:48:20 - [TEST_STEP][PASSED] - AllNoOfUsers.add(getText().toLowerCase()): null

2020-03-13 15:48:20 - [TEST_STEP][PASSED] - AllNoOfUsers.add(getText().toLowerCase()): null

2020-03-13 15:48:20 - [TEST_STEP][PASSED] - AllNoOfUsers.add(getText().toLowerCase()): null

2020-03-13 15:48:20 - [TEST_STEP][PASSED] - AllNoOfUsers.add(getText().toLowerCase()): null

2020-03-13 15:48:20 - [TEST_STEP][PASSED] - click(findTestObject("ROLES/Roles_page/Pagination/front_navigation")): Object: 'Object Repository/ROLES/Roles_page/Pagination/front_navigation' is clicked on

2020-03-13 15:48:20 - [MESSAGE][PASSED] - Object: 'Object Repository/ROLES/Roles_page/Pagination/front_navigation' is clicked on

2020-03-13 15:48:20 - [TEST_STEP][PASSED] - NoOfUsers = findWebElements(findTestObject("ROLES/Roles_page/sorting/No.Users"), 2): null

2020-03-13 15:48:21 - [TEST_STEP][PASSED] - for (org.openqa.selenium.WebElement a : NoOfUsers): null

2020-03-13 15:48:21 - [TEST_STEP][PASSED] - AllNoOfUsers.add(getText().toLowerCase()): null

2020-03-13 15:48:21 - [TEST_STEP][PASSED] - AllNoOfUsers.add(getText().toLowerCase()): null

2020-03-13 15:48:22 - [TEST_STEP][PASSED] - AllNoOfUsers.add(getText().toLowerCase()): null

2020-03-13 15:48:22 - [TEST_STEP][PASSED] - AllNoOfUsers.add(getText().toLowerCase()): null

2020-03-13 15:48:22 - [TEST_STEP][PASSED] - AllNoOfUsers.add(getText().toLowerCase()): null

2020-03-13 15:48:22 - [TEST_STEP][PASSED] - AllNoOfUsers.add(getText().toLowerCase()): null

2020-03-13 15:48:22 - [TEST_STEP][PASSED] - AllNoOfUsers.add(getText().toLowerCase()): null

2020-03-13 15:48:22 - [TEST_STEP][PASSED] - AllNoOfUsers.add(getText().toLowerCase()): null

2020-03-13 15:48:22 - [TEST_STEP][PASSED] - AllNoOfUsers.add(getText().toLowerCase()): null

2020-03-13 15:48:22 - [TEST_STEP][PASSED] - AllNoOfUsers.add(getText().toLowerCase()): null

2020-03-13 15:48:22 - [TEST_STEP][PASSED] - click(findTestObject("ROLES/Roles_page/Pagination/front_navigation")): Object: 'Object Repository/ROLES/Roles_page/Pagination/front_navigation' is clicked on

2020-03-13 15:48:22 - [MESSAGE][PASSED] - Object: 'Object Repository/ROLES/Roles_page/Pagination/front_navigation' is clicked on

2020-03-13 15:48:22 - [TEST_STEP][PASSED] - NoOfUsers = findWebElements(findTestObject("ROLES/Roles_page/sorting/No.Users"), 2): null

2020-03-13 15:48:23 - [TEST_STEP][PASSED] - for (org.openqa.selenium.WebElement a : NoOfUsers): null

2020-03-13 15:48:23 - [TEST_STEP][PASSED] - AllNoOfUsers.add(getText().toLowerCase()): null

2020-03-13 15:48:23 - [TEST_STEP][PASSED] - AllNoOfUsers.add(getText().toLowerCase()): null

2020-03-13 15:48:23 - [TEST_STEP][PASSED] - AllNoOfUsers.add(getText().toLowerCase()): null

2020-03-13 15:48:23 - [TEST_STEP][PASSED] - AllNoOfUsers.add(getText().toLowerCase()): null

2020-03-13 15:48:23 - [TEST_STEP][PASSED] - AllNoOfUsers.add(getText().toLowerCase()): null

2020-03-13 15:48:23 - [TEST_STEP][PASSED] - AllNoOfUsers.add(getText().toLowerCase()): null

2020-03-13 15:48:23 - [TEST_STEP][PASSED] - AllNoOfUsers.add(getText().toLowerCase()): null

2020-03-13 15:48:23 - [TEST_STEP][PASSED] - AllNoOfUsers.add(getText().toLowerCase()): null

2020-03-13 15:48:23 - [TEST_STEP][PASSED] - AllNoOfUsers.add(getText().toLowerCase()): null

2020-03-13 15:48:23 - [TEST_STEP][PASSED] - AllNoOfUsers.add(getText().toLowerCase()): null

2020-03-13 15:48:23 - [TEST_STEP][PASSED] - click(findTestObject("ROLES/Roles_page/Pagination/front_navigation")): Object: 'Object Repository/ROLES/Roles_page/Pagination/front_navigation' is clicked on

2020-03-13 15:48:24 - [MESSAGE][PASSED] - Object: 'Object Repository/ROLES/Roles_page/Pagination/front_navigation' is clicked on

2020-03-13 15:48:24 - [TEST_STEP][PASSED] - NoOfUsers = findWebElements(findTestObject("ROLES/Roles_page/sorting/No.Users"), 2): null

2020-03-13 15:48:24 - [TEST_STEP][PASSED] - for (org.openqa.selenium.WebElement a : NoOfUsers): null

2020-03-13 15:48:24 - [TEST_STEP][PASSED] - AllNoOfUsers.add(getText().toLowerCase()): null

2020-03-13 15:48:24 - [TEST_STEP][PASSED] - AllNoOfUsers.add(getText().toLowerCase()): null

2020-03-13 15:48:25 - [TEST_STEP][PASSED] - AllNoOfUsers.add(getText().toLowerCase()): null

2020-03-13 15:48:25 - [TEST_STEP][PASSED] - AllNoOfUsers.add(getText().toLowerCase()): null

2020-03-13 15:48:25 - [TEST_STEP][PASSED] - AllNoOfUsers.add(getText().toLowerCase()): null

2020-03-13 15:48:25 - [TEST_STEP][PASSED] - AllNoOfUsers.add(getText().toLowerCase()): null

2020-03-13 15:48:25 - [TEST_STEP][PASSED] - AllNoOfUsers.add(getText().toLowerCase()): null

2020-03-13 15:48:25 - [TEST_STEP][PASSED] - AllNoOfUsers.add(getText().toLowerCase()): null

2020-03-13 15:48:25 - [TEST_STEP][PASSED] - AllNoOfUsers.add(getText().toLowerCase()): null

2020-03-13 15:48:25 - [TEST_STEP][PASSED] - AllNoOfUsers.add(getText().toLowerCase()): null

2020-03-13 15:48:25 - [TEST_STEP][PASSED] - click(findTestObject("ROLES/Roles_page/Pagination/front_navigation")): Object: 'Object Repository/ROLES/Roles_page/Pagination/front_navigation' is clicked on

2020-03-13 15:48:25 - [MESSAGE][PASSED] - Object: 'Object Repository/ROLES/Roles_page/Pagination/front_navigation' is clicked on

2020-03-13 15:48:25 - [TEST_STEP][PASSED] - NoOfUsers = findWebElements(findTestObject("ROLES/Roles_page/sorting/No.Users"), 2): null

2020-03-13 15:48:26 - [TEST_STEP][PASSED] - for (org.openqa.selenium.WebElement a : NoOfUsers): null

2020-03-13 15:48:26 - [TEST_STEP][PASSED] - AllNoOfUsers.add(getText().toLowerCase()): null

2020-03-13 15:48:26 - [TEST_STEP][PASSED] - AllNoOfUsers.add(getText().toLowerCase()): null

2020-03-13 15:48:26 - [TEST_STEP][PASSED] - AllNoOfUsers.add(getText().toLowerCase()): null

2020-03-13 15:48:26 - [TEST_STEP][PASSED] - AllNoOfUsers.add(getText().toLowerCase()): null

2020-03-13 15:48:26 - [TEST_STEP][PASSED] - AllNoOfUsers.add(getText().toLowerCase()): null

2020-03-13 15:48:26 - [TEST_STEP][PASSED] - AllNoOfUsers.add(getText().toLowerCase()): null

2020-03-13 15:48:26 - [TEST_STEP][PASSED] - AllNoOfUsers.add(getText().toLowerCase()): null

2020-03-13 15:48:26 - [TEST_STEP][PASSED] - AllNoOfUsers.add(getText().toLowerCase()): null

2020-03-13 15:48:26 - [TEST_STEP][PASSED] - AllNoOfUsers.add(getText().toLowerCase()): null

2020-03-13 15:48:26 - [TEST_STEP][PASSED] - AllNoOfUsers.add(getText().toLowerCase()): null

2020-03-13 15:48:26 - [TEST_STEP][PASSED] - click(findTestObject("ROLES/Roles_page/Pagination/front_navigation")): Object: 'Object Repository/ROLES/Roles_page/Pagination/front_navigation' is clicked on

2020-03-13 15:48:27 - [MESSAGE][PASSED] - Object: 'Object Repository/ROLES/Roles_page/Pagination/front_navigation' is clicked on

2020-03-13 15:48:27 - [TEST_STEP][PASSED] - NoOfUsers = findWebElements(findTestObject("ROLES/Roles_page/sorting/No.Users"), 2): null

2020-03-13 15:48:28 - [TEST_STEP][PASSED] - for (org.openqa.selenium.WebElement a : NoOfUsers): null

2020-03-13 15:48:28 - [TEST_STEP][PASSED] - AllNoOfUsers.add(getText().toLowerCase()): null

2020-03-13 15:48:28 - [TEST_STEP][PASSED] - AllNoOfUsers.add(getText().toLowerCase()): null

2020-03-13 15:48:28 - [TEST_STEP][PASSED] - AllNoOfUsers.add(getText().toLowerCase()): null

2020-03-13 15:48:28 - [TEST_STEP][PASSED] - AllNoOfUsers.add(getText().toLowerCase()): null

2020-03-13 15:48:28 - [TEST_STEP][PASSED] - AllNoOfUsers.add(getText().toLowerCase()): null

2020-03-13 15:48:28 - [TEST_STEP][PASSED] - AllNoOfUsers.add(getText().toLowerCase()): null

2020-03-13 15:48:28 - [TEST_STEP][PASSED] - AllNoOfUsers.add(getText().toLowerCase()): null

2020-03-13 15:48:28 - [TEST_STEP][PASSED] - AllNoOfUsers.add(getText().toLowerCase()): null

2020-03-13 15:48:28 - [TEST_STEP][PASSED] - AllNoOfUsers.add(getText().toLowerCase()): null

2020-03-13 15:48:28 - [TEST_STEP][PASSED] - AllNoOfUsers.add(getText().toLowerCase()): null

2020-03-13 15:48:28 - [TEST_STEP][PASSED] - click(findTestObject("ROLES/Roles_page/Pagination/front_navigation")): Object: 'Object Repository/ROLES/Roles_page/Pagination/front_navigation' is clicked on

2020-03-13 15:48:28 - [MESSAGE][PASSED] - Object: 'Object Repository/ROLES/Roles_page/Pagination/front_navigation' is clicked on

2020-03-13 15:48:28 - [TEST_STEP][PASSED] - NoOfUsers = findWebElements(findTestObject("ROLES/Roles_page/sorting/No.Users"), 2): null

2020-03-13 15:48:29 - [TEST_STEP][PASSED] - for (org.openqa.selenium.WebElement a : NoOfUsers): null

2020-03-13 15:48:29 - [TEST_STEP][PASSED] - AllNoOfUsers.add(getText().toLowerCase()): null

2020-03-13 15:48:29 - [TEST_STEP][PASSED] - AllNoOfUsers.add(getText().toLowerCase()): null

2020-03-13 15:48:29 - [TEST_STEP][PASSED] - AllNoOfUsers.add(getText().toLowerCase()): null

2020-03-13 15:48:29 - [TEST_STEP][PASSED] - AllNoOfUsers.add(getText().toLowerCase()): null

2020-03-13 15:48:29 - [TEST_STEP][PASSED] - AllNoOfUsers.add(getText().toLowerCase()): null

2020-03-13 15:48:29 - [TEST_STEP][PASSED] - AllNoOfUsers.add(getText().toLowerCase()): null

2020-03-13 15:48:29 - [TEST_STEP][PASSED] - AllNoOfUsers.add(getText().toLowerCase()): null

2020-03-13 15:48:29 - [TEST_STEP][PASSED] - AllNoOfUsers.add(getText().toLowerCase()): null

2020-03-13 15:48:29 - [TEST_STEP][PASSED] - AllNoOfUsers.add(getText().toLowerCase()): null

2020-03-13 15:48:29 - [TEST_STEP][PASSED] - AllNoOfUsers.add(getText().toLowerCase()): null

2020-03-13 15:48:29 - [TEST_STEP][PASSED] - click(findTestObject("ROLES/Roles_page/Pagination/front_navigation")): Object: 'Object Repository/ROLES/Roles_page/Pagination/front_navigation' is clicked on

2020-03-13 15:48:30 - [MESSAGE][PASSED] - Object: 'Object Repository/ROLES/Roles_page/Pagination/front_navigation' is clicked on

2020-03-13 15:48:30 - [TEST_STEP][PASSED] - NoOfUsers = findWebElements(findTestObject("ROLES/Roles_page/sorting/No.Users"), 2): null

2020-03-13 15:48:31 - [TEST_STEP][PASSED] - for (org.openqa.selenium.WebElement a : NoOfUsers): null

2020-03-13 15:48:31 - [TEST_STEP][PASSED] - AllNoOfUsers.add(getText().toLowerCase()): null

2020-03-13 15:48:31 - [TEST_STEP][PASSED] - AllNoOfUsers.add(getText().toLowerCase()): null

2020-03-13 15:48:31 - [TEST_STEP][PASSED] - AllNoOfUsers.add(getText().toLowerCase()): null

2020-03-13 15:48:31 - [TEST_STEP][PASSED] - AllNoOfUsers.add(getText().toLowerCase()): null

2020-03-13 15:48:31 - [TEST_STEP][PASSED] - AllNoOfUsers.add(getText().toLowerCase()): null

2020-03-13 15:48:31 - [TEST_STEP][PASSED] - AllNoOfUsers.add(getText().toLowerCase()): null

2020-03-13 15:48:31 - [TEST_STEP][PASSED] - AllNoOfUsers.add(getText().toLowerCase()): null

2020-03-13 15:48:31 - [TEST_STEP][PASSED] - AllNoOfUsers.add(getText().toLowerCase()): null

2020-03-13 15:48:31 - [TEST_STEP][PASSED] - AllNoOfUsers.add(getText().toLowerCase()): null

2020-03-13 15:48:31 - [TEST_STEP][PASSED] - AllNoOfUsers.add(getText().toLowerCase()): null

2020-03-13 15:48:31 - [TEST_STEP][PASSED] - click(findTestObject("ROLES/Roles_page/Pagination/front_navigation")): Object: 'Object Repository/ROLES/Roles_page/Pagination/front_navigation' is clicked on

2020-03-13 15:48:32 - [MESSAGE][PASSED] - Object: 'Object Repository/ROLES/Roles_page/Pagination/front_navigation' is clicked on

2020-03-13 15:48:32 - [TEST_STEP][PASSED] - NoOfUsers = findWebElements(findTestObject("ROLES/Roles_page/sorting/No.Users"), 2): null

2020-03-13 15:48:33 - [TEST_STEP][PASSED] - for (org.openqa.selenium.WebElement a : NoOfUsers): null

2020-03-13 15:48:33 - [TEST_STEP][PASSED] - AllNoOfUsers.add(getText().toLowerCase()): null

2020-03-13 15:48:33 - [TEST_STEP][PASSED] - AllNoOfUsers.add(getText().toLowerCase()): null

2020-03-13 15:48:33 - [TEST_STEP][PASSED] - AllNoOfUsers.add(getText().toLowerCase()): null

2020-03-13 15:48:33 - [TEST_STEP][PASSED] - AllNoOfUsers.add(getText().toLowerCase()): null

2020-03-13 15:48:33 - [TEST_STEP][PASSED] - AllNoOfUsers.add(getText().toLowerCase()): null

2020-03-13 15:48:33 - [TEST_STEP][PASSED] - AllNoOfUsers.add(getText().toLowerCase()): null

2020-03-13 15:48:33 - [TEST_STEP][PASSED] - AllNoOfUsers.add(getText().toLowerCase()): null

2020-03-13 15:48:33 - [TEST_STEP][PASSED] - AllNoOfUsers.add(getText().toLowerCase()): null

2020-03-13 15:48:33 - [TEST_STEP][PASSED] - AllNoOfUsers.add(getText().toLowerCase()): null

2020-03-13 15:48:33 - [TEST_STEP][PASSED] - AllNoOfUsers.add(getText().toLowerCase()): null

2020-03-13 15:48:33 - [TEST_STEP][PASSED] - click(findTestObject("ROLES/Roles_page/Pagination/front_navigation")): Object: 'Object Repository/ROLES/Roles_page/Pagination/front_navigation' is clicked on

2020-03-13 15:48:33 - [MESSAGE][PASSED] - Object: 'Object Repository/ROLES/Roles_page/Pagination/front_navigation' is clicked on

2020-03-13 15:48:33 - [TEST_STEP][PASSED] - NoOfUsers = findWebElements(findTestObject("ROLES/Roles_page/sorting/No.Users"), 2): null

2020-03-13 15:48:34 - [TEST_STEP][PASSED] - for (org.openqa.selenium.WebElement a : NoOfUsers): null

2020-03-13 15:48:34 - [TEST_STEP][PASSED] - AllNoOfUsers.add(getText().toLowerCase()): null

2020-03-13 15:48:34 - [TEST_STEP][PASSED] - AllNoOfUsers.add(getText().toLowerCase()): null

2020-03-13 15:48:34 - [TEST_STEP][PASSED] - AllNoOfUsers.add(getText().toLowerCase()): null

2020-03-13 15:48:34 - [TEST_STEP][PASSED] - AllNoOfUsers.add(getText().toLowerCase()): null

2020-03-13 15:48:34 - [TEST_STEP][PASSED] - AllNoOfUsers.add(getText().toLowerCase()): null

2020-03-13 15:48:34 - [TEST_STEP][PASSED] - AllNoOfUsers.add(getText().toLowerCase()): null

2020-03-13 15:48:34 - [TEST_STEP][PASSED] - AllNoOfUsers.add(getText().toLowerCase()): null

2020-03-13 15:48:34 - [TEST_STEP][PASSED] - AllNoOfUsers.add(getText().toLowerCase()): null

2020-03-13 15:48:34 - [TEST_STEP][PASSED] - AllNoOfUsers.add(getText().toLowerCase()): null

2020-03-13 15:48:34 - [TEST_STEP][PASSED] - AllNoOfUsers.add(getText().toLowerCase()): null

2020-03-13 15:48:34 - [TEST_STEP][PASSED] - click(findTestObject("ROLES/Roles_page/Pagination/front_navigation")): Object: 'Object Repository/ROLES/Roles_page/Pagination/front_navigation' is clicked on

2020-03-13 15:48:35 - [MESSAGE][PASSED] - Object: 'Object Repository/ROLES/Roles_page/Pagination/front_navigation' is clicked on

2020-03-13 15:48:35 - [TEST_STEP][PASSED] - NoOfUsers = findWebElements(findTestObject("ROLES/Roles_page/sorting/No.Users"), 2): null

2020-03-13 15:48:36 - [TEST_STEP][PASSED] - for (org.openqa.selenium.WebElement a : NoOfUsers): null

2020-03-13 15:48:36 - [TEST_STEP][PASSED] - AllNoOfUsers.add(getText().toLowerCase()): null

2020-03-13 15:48:36 - [TEST_STEP][PASSED] - AllNoOfUsers.add(getText().toLowerCase()): null

2020-03-13 15:48:36 - [TEST_STEP][PASSED] - AllNoOfUsers.add(getText().toLowerCase()): null

2020-03-13 15:48:36 - [TEST_STEP][PASSED] - AllNoOfUsers.add(getText().toLowerCase()): null

2020-03-13 15:48:36 - [TEST_STEP][PASSED] - AllNoOfUsers.add(getText().toLowerCase()): null

2020-03-13 15:48:36 - [TEST_STEP][PASSED] - AllNoOfUsers.add(getText().toLowerCase()): null

2020-03-13 15:48:36 - [TEST_STEP][PASSED] - AllNoOfUsers.add(getText().toLowerCase()): null

2020-03-13 15:48:36 - [TEST_STEP][PASSED] - AllNoOfUsers.add(getText().toLowerCase()): null

2020-03-13 15:48:36 - [TEST_STEP][PASSED] - AllNoOfUsers.add(getText().toLowerCase()): null

2020-03-13 15:48:36 - [TEST_STEP][PASSED] - AllNoOfUsers.add(getText().toLowerCase()): null

2020-03-13 15:48:36 - [TEST_STEP][PASSED] - click(findTestObject("ROLES/Roles_page/Pagination/front_navigation")): Object: 'Object Repository/ROLES/Roles_page/Pagination/front_navigation' is clicked on

2020-03-13 15:48:36 - [MESSAGE][PASSED] - Object: 'Object Repository/ROLES/Roles_page/Pagination/front_navigation' is clicked on

2020-03-13 15:48:36 - [TEST_STEP][PASSED] - NoOfUsers = findWebElements(findTestObject("ROLES/Roles_page/sorting/No.Users"), 2): null

2020-03-13 15:48:37 - [TEST_STEP][PASSED] - for (org.openqa.selenium.WebElement a : NoOfUsers): null

2020-03-13 15:48:37 - [TEST_STEP][PASSED] - AllNoOfUsers.add(getText().toLowerCase()): null

2020-03-13 15:48:37 - [TEST_STEP][PASSED] - AllNoOfUsers.add(getText().toLowerCase()): null

2020-03-13 15:48:37 - [TEST_STEP][PASSED] - AllNoOfUsers.add(getText().toLowerCase()): null

2020-03-13 15:48:37 - [TEST_STEP][PASSED] - AllNoOfUsers.add(getText().toLowerCase()): null

2020-03-13 15:48:37 - [TEST_STEP][PASSED] - AllNoOfUsers.add(getText().toLowerCase()): null

2020-03-13 15:48:37 - [TEST_STEP][PASSED] - AllNoOfUsers.add(getText().toLowerCase()): null

2020-03-13 15:48:37 - [TEST_STEP][PASSED] - AllNoOfUsers.add(getText().toLowerCase()): null

2020-03-13 15:48:37 - [TEST_STEP][PASSED] - AllNoOfUsers.add(getText().toLowerCase()): null

2020-03-13 15:48:38 - [TEST_STEP][PASSED] - AllNoOfUsers.add(getText().toLowerCase()): null

2020-03-13 15:48:38 - [TEST_STEP][PASSED] - AllNoOfUsers.add(getText().toLowerCase()): null

2020-03-13 15:48:38 - [TEST_STEP][PASSED] - click(findTestObject("ROLES/Roles_page/Pagination/front_navigation")): Object: 'Object Repository/ROLES/Roles_page/Pagination/front_navigation' is clicked on

2020-03-13 15:48:38 - [MESSAGE][PASSED] - Object: 'Object Repository/ROLES/Roles_page/Pagination/front_navigation' is clicked on

2020-03-13 15:48:38 - [TEST_STEP][PASSED] - NoOfUsers = findWebElements(findTestObject("ROLES/Roles_page/sorting/No.Users"), 2): null

2020-03-13 15:48:39 - [TEST_STEP][PASSED] - for (org.openqa.selenium.WebElement a : NoOfUsers): null

2020-03-13 15:48:39 - [TEST_STEP][PASSED] - AllNoOfUsers.add(getText().toLowerCase()): null

2020-03-13 15:48:39 - [TEST_STEP][PASSED] - AllNoOfUsers.add(getText().toLowerCase()): null

2020-03-13 15:48:39 - [TEST_STEP][PASSED] - AllNoOfUsers.add(getText().toLowerCase()): null

2020-03-13 15:48:39 - [TEST_STEP][PASSED] - AllNoOfUsers.add(getText().toLowerCase()): null

2020-03-13 15:48:39 - [TEST_STEP][PASSED] - AllNoOfUsers.add(getText().toLowerCase()): null

2020-03-13 15:48:39 - [TEST_STEP][PASSED] - AllNoOfUsers.add(getText().toLowerCase()): null

2020-03-13 15:48:39 - [TEST_STEP][PASSED] - AllNoOfUsers.add(getText().toLowerCase()): null

2020-03-13 15:48:39 - [TEST_STEP][PASSED] - AllNoOfUsers.add(getText().toLowerCase()): null

2020-03-13 15:48:39 - [TEST_STEP][PASSED] - click(findTestObject("ROLES/Roles_page/Pagination/front_navigation")): Object: 'Object Repository/ROLES/Roles_page/Pagination/front_navigation' is clicked on

2020-03-13 15:48:42 - [MESSAGE][PASSED] - Object: 'Object Repository/ROLES/Roles_page/Pagination/front_navigation' is clicked on

2020-03-13 15:48:42 - [TEST_STEP][PASSED] - if (j == 1): Text 'BACK_SPACE + BACK_SPACE + ENTER + 1' is set on object 'Object Repository/ROLES/Roles_page/Pagination/input_Page_form-control'

2020-03-13 15:48:42 - [TEST_STEP][PASSED] - isSorted = web.CustomKeyword.checkListDescending(AllNoOfUsers): web.CustomKeyword.checkListDescending is PASSED

2020-03-13 15:48:42 - [MESSAGE][PASSED] - web.CustomKeyword.checkListDescending is PASSED

2020-03-13 15:48:42 - [TEST_STEP][PASSED] - println(AllNoOfUsers.size()): null

2020-03-13 15:48:42 - [TEST_STEP][PASSED] - println(AllNoOfUsers): null

2020-03-13 15:48:42 - [TEST_STEP][PASSED] - verifyEqual(isSorted, true): Actual object 'true' and expected object 'true' are equal

2020-03-13 15:48:42 - [MESSAGE][PASSED] - Actual object 'true' and expected object 'true' are equal

2020-03-13 15:48:42 - [TEST_STEP][PASSED] - clearText(findTestObject("Object Repository/ROLES/Roles_page/Pagination/input_Page_form-control")): Text of object 'Object Repository/ROLES/Roles_page/Pagination/input_Page_form-control' is cleared

2020-03-13 15:48:42 - [MESSAGE][PASSED] - Text of object 'Object Repository/ROLES/Roles_page/Pagination/input_Page_form-control' is cleared

2020-03-13 15:48:42 - [TEST_STEP][PASSED] - setText(findTestObject("Object Repository/ROLES/Roles_page/Pagination/input_Page_form-control"), BACK_SPACE + BACK_SPACE + "1" + ENTER): Text 'BACK_SPACE + BACK_SPACE + ENTER + 1' is set on object 'Object Repository/ROLES/Roles_page/Pagination/input_Page_form-control'

2020-03-13 15:48:43 - [MESSAGE][PASSED] - Text 'BACK_SPACE + BACK_SPACE + ENTER + 1' is set on object 'Object Repository/ROLES/Roles_page/Pagination/input_Page_form-control'

2020-03-13 15:48:43 - [TEST_STEP][PASSED] - if (j == 2): null

2020-03-13 15:48:43 - [TEST_STEP][PASSED] - click(findTestObject("ROLES/Roles_page/sorting/No.Users_header")): Object: 'Object Repository/ROLES/Roles_page/sorting/No.Users_header' is clicked on

2020-03-13 15:48:44 - [MESSAGE][PASSED] - Object: 'Object Repository/ROLES/Roles_page/sorting/No.Users_header' is clicked on

2020-03-13 15:48:44 - [TEST_STEP][PASSED] - NoOfUsers = <not implemented yet for class: org.codehaus.groovy.ast.expr.EmptyExpression>: null

2020-03-13 15:48:44 - [TEST_STEP][PASSED] - AllNoOfUsers = new java.util.ArrayList(): null

2020-03-13 15:48:44 - [TEST_STEP][PASSED] - for ([i = 1, i <= noOfPages, (i++)]): Object: 'Object Repository/ROLES/Roles_page/Pagination/front_navigation' is clicked on

2020-03-13 15:48:44 - [TEST_STEP][PASSED] - NoOfUsers = findWebElements(findTestObject("ROLES/Roles_page/sorting/No.Users"), 2): null

2020-03-13 15:48:45 - [TEST_STEP][PASSED] - for (org.openqa.selenium.WebElement a : NoOfUsers): null

2020-03-13 15:48:45 - [TEST_STEP][PASSED] - AllNoOfUsers.add(getText().toLowerCase()): null

2020-03-13 15:48:45 - [TEST_STEP][PASSED] - AllNoOfUsers.add(getText().toLowerCase()): null

2020-03-13 15:48:45 - [TEST_STEP][PASSED] - AllNoOfUsers.add(getText().toLowerCase()): null

2020-03-13 15:48:45 - [TEST_STEP][PASSED] - AllNoOfUsers.add(getText().toLowerCase()): null

2020-03-13 15:48:45 - [TEST_STEP][PASSED] - AllNoOfUsers.add(getText().toLowerCase()): null

2020-03-13 15:48:45 - [TEST_STEP][PASSED] - AllNoOfUsers.add(getText().toLowerCase()): null

2020-03-13 15:48:45 - [TEST_STEP][PASSED] - AllNoOfUsers.add(getText().toLowerCase()): null

2020-03-13 15:48:45 - [TEST_STEP][PASSED] - AllNoOfUsers.add(getText().toLowerCase()): null

2020-03-13 15:48:45 - [TEST_STEP][PASSED] - AllNoOfUsers.add(getText().toLowerCase()): null

2020-03-13 15:48:45 - [TEST_STEP][PASSED] - AllNoOfUsers.add(getText().toLowerCase()): null

2020-03-13 15:48:45 - [TEST_STEP][PASSED] - click(findTestObject("ROLES/Roles_page/Pagination/front_navigation")): Object: 'Object Repository/ROLES/Roles_page/Pagination/front_navigation' is clicked on

2020-03-13 15:48:46 - [MESSAGE][PASSED] - Object: 'Object Repository/ROLES/Roles_page/Pagination/front_navigation' is clicked on

2020-03-13 15:48:46 - [TEST_STEP][PASSED] - NoOfUsers = findWebElements(findTestObject("ROLES/Roles_page/sorting/No.Users"), 2): null

2020-03-13 15:48:47 - [TEST_STEP][PASSED] - for (org.openqa.selenium.WebElement a : NoOfUsers): null

2020-03-13 15:48:47 - [TEST_STEP][PASSED] - AllNoOfUsers.add(getText().toLowerCase()): null

2020-03-13 15:48:47 - [TEST_STEP][PASSED] - AllNoOfUsers.add(getText().toLowerCase()): null

2020-03-13 15:48:47 - [TEST_STEP][PASSED] - AllNoOfUsers.add(getText().toLowerCase()): null

2020-03-13 15:48:47 - [TEST_STEP][PASSED] - AllNoOfUsers.add(getText().toLowerCase()): null

2020-03-13 15:48:47 - [TEST_STEP][PASSED] - AllNoOfUsers.add(getText().toLowerCase()): null

2020-03-13 15:48:47 - [TEST_STEP][PASSED] - AllNoOfUsers.add(getText().toLowerCase()): null

2020-03-13 15:48:47 - [TEST_STEP][PASSED] - AllNoOfUsers.add(getText().toLowerCase()): null

2020-03-13 15:48:47 - [TEST_STEP][PASSED] - AllNoOfUsers.add(getText().toLowerCase()): null

2020-03-13 15:48:47 - [TEST_STEP][PASSED] - AllNoOfUsers.add(getText().toLowerCase()): null

2020-03-13 15:48:47 - [TEST_STEP][PASSED] - AllNoOfUsers.add(getText().toLowerCase()): null

2020-03-13 15:48:47 - [TEST_STEP][PASSED] - click(findTestObject("ROLES/Roles_page/Pagination/front_navigation")): Object: 'Object Repository/ROLES/Roles_page/Pagination/front_navigation' is clicked on

2020-03-13 15:48:47 - [MESSAGE][PASSED] - Object: 'Object Repository/ROLES/Roles_page/Pagination/front_navigation' is clicked on

2020-03-13 15:48:47 - [TEST_STEP][PASSED] - NoOfUsers = findWebElements(findTestObject("ROLES/Roles_page/sorting/No.Users"), 2): null

2020-03-13 15:48:48 - [TEST_STEP][PASSED] - for (org.openqa.selenium.WebElement a : NoOfUsers): null

2020-03-13 15:48:48 - [TEST_STEP][PASSED] - AllNoOfUsers.add(getText().toLowerCase()): null

2020-03-13 15:48:48 - [TEST_STEP][PASSED] - AllNoOfUsers.add(getText().toLowerCase()): null

2020-03-13 15:48:48 - [TEST_STEP][PASSED] - AllNoOfUsers.add(getText().toLowerCase()): null

2020-03-13 15:48:48 - [TEST_STEP][PASSED] - AllNoOfUsers.add(getText().toLowerCase()): null

2020-03-13 15:48:48 - [TEST_STEP][PASSED] - AllNoOfUsers.add(getText().toLowerCase()): null

2020-03-13 15:48:48 - [TEST_STEP][PASSED] - AllNoOfUsers.add(getText().toLowerCase()): null

2020-03-13 15:48:48 - [TEST_STEP][PASSED] - AllNoOfUsers.add(getText().toLowerCase()): null

2020-03-13 15:48:48 - [TEST_STEP][PASSED] - AllNoOfUsers.add(getText().toLowerCase()): null

2020-03-13 15:48:49 - [TEST_STEP][PASSED] - AllNoOfUsers.add(getText().toLowerCase()): null

2020-03-13 15:48:49 - [TEST_STEP][PASSED] - AllNoOfUsers.add(getText().toLowerCase()): null

2020-03-13 15:48:49 - [TEST_STEP][PASSED] - click(findTestObject("ROLES/Roles_page/Pagination/front_navigation")): Object: 'Object Repository/ROLES/Roles_page/Pagination/front_navigation' is clicked on

2020-03-13 15:48:49 - [MESSAGE][PASSED] - Object: 'Object Repository/ROLES/Roles_page/Pagination/front_navigation' is clicked on

2020-03-13 15:48:49 - [TEST_STEP][PASSED] - NoOfUsers = findWebElements(findTestObject("ROLES/Roles_page/sorting/No.Users"), 2): null

2020-03-13 15:48:50 - [TEST_STEP][PASSED] - for (org.openqa.selenium.WebElement a : NoOfUsers): null

2020-03-13 15:48:50 - [TEST_STEP][PASSED] - AllNoOfUsers.add(getText().toLowerCase()): null

2020-03-13 15:48:50 - [TEST_STEP][PASSED] - AllNoOfUsers.add(getText().toLowerCase()): null

2020-03-13 15:48:50 - [TEST_STEP][PASSED] - AllNoOfUsers.add(getText().toLowerCase()): null

2020-03-13 15:48:50 - [TEST_STEP][PASSED] - AllNoOfUsers.add(getText().toLowerCase()): null

2020-03-13 15:48:50 - [TEST_STEP][PASSED] - AllNoOfUsers.add(getText().toLowerCase()): null

2020-03-13 15:48:50 - [TEST_STEP][PASSED] - AllNoOfUsers.add(getText().toLowerCase()): null

2020-03-13 15:48:50 - [TEST_STEP][PASSED] - AllNoOfUsers.add(getText().toLowerCase()): null

2020-03-13 15:48:50 - [TEST_STEP][PASSED] - AllNoOfUsers.add(getText().toLowerCase()): null

2020-03-13 15:48:50 - [TEST_STEP][PASSED] - AllNoOfUsers.add(getText().toLowerCase()): null

2020-03-13 15:48:50 - [TEST_STEP][PASSED] - AllNoOfUsers.add(getText().toLowerCase()): null

2020-03-13 15:48:50 - [TEST_STEP][PASSED] - click(findTestObject("ROLES/Roles_page/Pagination/front_navigation")): Object: 'Object Repository/ROLES/Roles_page/Pagination/front_navigation' is clicked on

2020-03-13 15:48:51 - [MESSAGE][PASSED] - Object: 'Object Repository/ROLES/Roles_page/Pagination/front_navigation' is clicked on

2020-03-13 15:48:51 - [TEST_STEP][PASSED] - NoOfUsers = findWebElements(findTestObject("ROLES/Roles_page/sorting/No.Users"), 2): null

2020-03-13 15:48:52 - [TEST_STEP][PASSED] - for (org.openqa.selenium.WebElement a : NoOfUsers): null

2020-03-13 15:48:52 - [TEST_STEP][PASSED] - AllNoOfUsers.add(getText().toLowerCase()): null

2020-03-13 15:48:52 - [TEST_STEP][PASSED] - AllNoOfUsers.add(getText().toLowerCase()): null

2020-03-13 15:48:52 - [TEST_STEP][PASSED] - AllNoOfUsers.add(getText().toLowerCase()): null

2020-03-13 15:48:52 - [TEST_STEP][PASSED] - AllNoOfUsers.add(getText().toLowerCase()): null

2020-03-13 15:48:52 - [TEST_STEP][PASSED] - AllNoOfUsers.add(getText().toLowerCase()): null

2020-03-13 15:48:52 - [TEST_STEP][PASSED] - AllNoOfUsers.add(getText().toLowerCase()): null

2020-03-13 15:48:52 - [TEST_STEP][PASSED] - AllNoOfUsers.add(getText().toLowerCase()): null

2020-03-13 15:48:52 - [TEST_STEP][PASSED] - AllNoOfUsers.add(getText().toLowerCase()): null

2020-03-13 15:48:52 - [TEST_STEP][PASSED] - AllNoOfUsers.add(getText().toLowerCase()): null

2020-03-13 15:48:52 - [TEST_STEP][PASSED] - AllNoOfUsers.add(getText().toLowerCase()): null

2020-03-13 15:48:52 - [TEST_STEP][PASSED] - click(findTestObject("ROLES/Roles_page/Pagination/front_navigation")): Object: 'Object Repository/ROLES/Roles_page/Pagination/front_navigation' is clicked on

2020-03-13 15:48:53 - [MESSAGE][PASSED] - Object: 'Object Repository/ROLES/Roles_page/Pagination/front_navigation' is clicked on

2020-03-13 15:48:53 - [TEST_STEP][PASSED] - NoOfUsers = findWebElements(findTestObject("ROLES/Roles_page/sorting/No.Users"), 2): null

2020-03-13 15:48:54 - [TEST_STEP][PASSED] - for (org.openqa.selenium.WebElement a : NoOfUsers): null

2020-03-13 15:48:54 - [TEST_STEP][PASSED] - AllNoOfUsers.add(getText().toLowerCase()): null

2020-03-13 15:48:54 - [TEST_STEP][PASSED] - AllNoOfUsers.add(getText().toLowerCase()): null

2020-03-13 15:48:54 - [TEST_STEP][PASSED] - AllNoOfUsers.add(getText().toLowerCase()): null

2020-03-13 15:48:54 - [TEST_STEP][PASSED] - AllNoOfUsers.add(getText().toLowerCase()): null

2020-03-13 15:48:54 - [TEST_STEP][PASSED] - AllNoOfUsers.add(getText().toLowerCase()): null

2020-03-13 15:48:54 - [TEST_STEP][PASSED] - AllNoOfUsers.add(getText().toLowerCase()): null

2020-03-13 15:48:54 - [TEST_STEP][PASSED] - AllNoOfUsers.add(getText().toLowerCase()): null

2020-03-13 15:48:54 - [TEST_STEP][PASSED] - AllNoOfUsers.add(getText().toLowerCase()): null

2020-03-13 15:48:54 - [TEST_STEP][PASSED] - AllNoOfUsers.add(getText().toLowerCase()): null

2020-03-13 15:48:54 - [TEST_STEP][PASSED] - AllNoOfUsers.add(getText().toLowerCase()): null

2020-03-13 15:48:54 - [TEST_STEP][PASSED] - click(findTestObject("ROLES/Roles_page/Pagination/front_navigation")): Object: 'Object Repository/ROLES/Roles_page/Pagination/front_navigation' is clicked on

2020-03-13 15:48:55 - [MESSAGE][PASSED] - Object: 'Object Repository/ROLES/Roles_page/Pagination/front_navigation' is clicked on

2020-03-13 15:48:55 - [TEST_STEP][PASSED] - NoOfUsers = findWebElements(findTestObject("ROLES/Roles_page/sorting/No.Users"), 2): null

2020-03-13 15:48:56 - [TEST_STEP][PASSED] - for (org.openqa.selenium.WebElement a : NoOfUsers): null

2020-03-13 15:48:56 - [TEST_STEP][PASSED] - AllNoOfUsers.add(getText().toLowerCase()): null

2020-03-13 15:48:56 - [TEST_STEP][PASSED] - AllNoOfUsers.add(getText().toLowerCase()): null

2020-03-13 15:48:56 - [TEST_STEP][PASSED] - AllNoOfUsers.add(getText().toLowerCase()): null

2020-03-13 15:48:56 - [TEST_STEP][PASSED] - AllNoOfUsers.add(getText().toLowerCase()): null

2020-03-13 15:48:56 - [TEST_STEP][PASSED] - AllNoOfUsers.add(getText().toLowerCase()): null

2020-03-13 15:48:56 - [TEST_STEP][PASSED] - AllNoOfUsers.add(getText().toLowerCase()): null

2020-03-13 15:48:56 - [TEST_STEP][PASSED] - AllNoOfUsers.add(getText().toLowerCase()): null

2020-03-13 15:48:56 - [TEST_STEP][PASSED] - AllNoOfUsers.add(getText().toLowerCase()): null

2020-03-13 15:48:56 - [TEST_STEP][PASSED] - AllNoOfUsers.add(getText().toLowerCase()): null

2020-03-13 15:48:56 - [TEST_STEP][PASSED] - AllNoOfUsers.add(getText().toLowerCase()): null

2020-03-13 15:48:56 - [TEST_STEP][PASSED] - click(findTestObject("ROLES/Roles_page/Pagination/front_navigation")): Object: 'Object Repository/ROLES/Roles_page/Pagination/front_navigation' is clicked on

2020-03-13 15:48:57 - [MESSAGE][PASSED] - Object: 'Object Repository/ROLES/Roles_page/Pagination/front_navigation' is clicked on

2020-03-13 15:48:57 - [TEST_STEP][PASSED] - NoOfUsers = findWebElements(findTestObject("ROLES/Roles_page/sorting/No.Users"), 2): null

2020-03-13 15:48:58 - [TEST_STEP][PASSED] - for (org.openqa.selenium.WebElement a : NoOfUsers): null

2020-03-13 15:48:58 - [TEST_STEP][PASSED] - AllNoOfUsers.add(getText().toLowerCase()): null

2020-03-13 15:48:58 - [TEST_STEP][PASSED] - AllNoOfUsers.add(getText().toLowerCase()): null

2020-03-13 15:48:58 - [TEST_STEP][PASSED] - AllNoOfUsers.add(getText().toLowerCase()): null

2020-03-13 15:48:58 - [TEST_STEP][PASSED] - AllNoOfUsers.add(getText().toLowerCase()): null

2020-03-13 15:48:58 - [TEST_STEP][PASSED] - AllNoOfUsers.add(getText().toLowerCase()): null

2020-03-13 15:48:58 - [TEST_STEP][PASSED] - AllNoOfUsers.add(getText().toLowerCase()): null

2020-03-13 15:48:58 - [TEST_STEP][PASSED] - AllNoOfUsers.add(getText().toLowerCase()): null

2020-03-13 15:48:58 - [TEST_STEP][PASSED] - AllNoOfUsers.add(getText().toLowerCase()): null

2020-03-13 15:48:58 - [TEST_STEP][PASSED] - AllNoOfUsers.add(getText().toLowerCase()): null

2020-03-13 15:48:58 - [TEST_STEP][PASSED] - AllNoOfUsers.add(getText().toLowerCase()): null

2020-03-13 15:48:58 - [TEST_STEP][PASSED] - click(findTestObject("ROLES/Roles_page/Pagination/front_navigation")): Object: 'Object Repository/ROLES/Roles_page/Pagination/front_navigation' is clicked on

2020-03-13 15:48:58 - [MESSAGE][PASSED] - Object: 'Object Repository/ROLES/Roles_page/Pagination/front_navigation' is clicked on

2020-03-13 15:48:58 - [TEST_STEP][PASSED] - NoOfUsers = findWebElements(findTestObject("ROLES/Roles_page/sorting/No.Users"), 2): null

2020-03-13 15:49:00 - [TEST_STEP][PASSED] - for (org.openqa.selenium.WebElement a : NoOfUsers): null

2020-03-13 15:49:00 - [TEST_STEP][PASSED] - AllNoOfUsers.add(getText().toLowerCase()): null

2020-03-13 15:49:00 - [TEST_STEP][PASSED] - AllNoOfUsers.add(getText().toLowerCase()): null

2020-03-13 15:49:00 - [TEST_STEP][PASSED] - AllNoOfUsers.add(getText().toLowerCase()): null

2020-03-13 15:49:00 - [TEST_STEP][PASSED] - AllNoOfUsers.add(getText().toLowerCase()): null

2020-03-13 15:49:00 - [TEST_STEP][PASSED] - AllNoOfUsers.add(getText().toLowerCase()): null

2020-03-13 15:49:00 - [TEST_STEP][PASSED] - AllNoOfUsers.add(getText().toLowerCase()): null

2020-03-13 15:49:00 - [TEST_STEP][PASSED] - AllNoOfUsers.add(getText().toLowerCase()): null

2020-03-13 15:49:00 - [TEST_STEP][PASSED] - AllNoOfUsers.add(getText().toLowerCase()): null

2020-03-13 15:49:00 - [TEST_STEP][PASSED] - AllNoOfUsers.add(getText().toLowerCase()): null

2020-03-13 15:49:00 - [TEST_STEP][PASSED] - AllNoOfUsers.add(getText().toLowerCase()): null

2020-03-13 15:49:00 - [TEST_STEP][PASSED] - click(findTestObject("ROLES/Roles_page/Pagination/front_navigation")): Object: 'Object Repository/ROLES/Roles_page/Pagination/front_navigation' is clicked on

2020-03-13 15:49:00 - [MESSAGE][PASSED] - Object: 'Object Repository/ROLES/Roles_page/Pagination/front_navigation' is clicked on

2020-03-13 15:49:00 - [TEST_STEP][PASSED] - NoOfUsers = findWebElements(findTestObject("ROLES/Roles_page/sorting/No.Users"), 2): null

2020-03-13 15:49:03 - [TEST_STEP][PASSED] - for (org.openqa.selenium.WebElement a : NoOfUsers): null

2020-03-13 15:49:03 - [TEST_STEP][PASSED] - AllNoOfUsers.add(getText().toLowerCase()): null

2020-03-13 15:49:03 - [TEST_STEP][PASSED] - AllNoOfUsers.add(getText().toLowerCase()): null

2020-03-13 15:49:03 - [TEST_STEP][PASSED] - AllNoOfUsers.add(getText().toLowerCase()): null

2020-03-13 15:49:03 - [TEST_STEP][PASSED] - AllNoOfUsers.add(getText().toLowerCase()): null

2020-03-13 15:49:03 - [TEST_STEP][PASSED] - AllNoOfUsers.add(getText().toLowerCase()): null

2020-03-13 15:49:03 - [TEST_STEP][PASSED] - AllNoOfUsers.add(getText().toLowerCase()): null

2020-03-13 15:49:03 - [TEST_STEP][PASSED] - AllNoOfUsers.add(getText().toLowerCase()): null

2020-03-13 15:49:03 - [TEST_STEP][PASSED] - AllNoOfUsers.add(getText().toLowerCase()): null

2020-03-13 15:49:03 - [TEST_STEP][PASSED] - AllNoOfUsers.add(getText().toLowerCase()): null

2020-03-13 15:49:03 - [TEST_STEP][PASSED] - AllNoOfUsers.add(getText().toLowerCase()): null

2020-03-13 15:49:03 - [TEST_STEP][PASSED] - click(findTestObject("ROLES/Roles_page/Pagination/front_navigation")): Object: 'Object Repository/ROLES/Roles_page/Pagination/front_navigation' is clicked on

2020-03-13 15:49:03 - [MESSAGE][PASSED] - Object: 'Object Repository/ROLES/Roles_page/Pagination/front_navigation' is clicked on

2020-03-13 15:49:03 - [TEST_STEP][PASSED] - NoOfUsers = findWebElements(findTestObject("ROLES/Roles_page/sorting/No.Users"), 2): null

2020-03-13 15:49:05 - [TEST_STEP][PASSED] - for (org.openqa.selenium.WebElement a : NoOfUsers): null

2020-03-13 15:49:05 - [TEST_STEP][PASSED] - AllNoOfUsers.add(getText().toLowerCase()): null

2020-03-13 15:49:05 - [TEST_STEP][PASSED] - AllNoOfUsers.add(getText().toLowerCase()): null

2020-03-13 15:49:05 - [TEST_STEP][PASSED] - AllNoOfUsers.add(getText().toLowerCase()): null

2020-03-13 15:49:05 - [TEST_STEP][PASSED] - AllNoOfUsers.add(getText().toLowerCase()): null

2020-03-13 15:49:05 - [TEST_STEP][PASSED] - AllNoOfUsers.add(getText().toLowerCase()): null

2020-03-13 15:49:05 - [TEST_STEP][PASSED] - AllNoOfUsers.add(getText().toLowerCase()): null

2020-03-13 15:49:05 - [TEST_STEP][PASSED] - AllNoOfUsers.add(getText().toLowerCase()): null

2020-03-13 15:49:05 - [TEST_STEP][PASSED] - AllNoOfUsers.add(getText().toLowerCase()): null

2020-03-13 15:49:05 - [TEST_STEP][PASSED] - AllNoOfUsers.add(getText().toLowerCase()): null

2020-03-13 15:49:05 - [TEST_STEP][PASSED] - AllNoOfUsers.add(getText().toLowerCase()): null

2020-03-13 15:49:05 - [TEST_STEP][PASSED] - click(findTestObject("ROLES/Roles_page/Pagination/front_navigation")): Object: 'Object Repository/ROLES/Roles_page/Pagination/front_navigation' is clicked on

2020-03-13 15:49:06 - [MESSAGE][PASSED] - Object: 'Object Repository/ROLES/Roles_page/Pagination/front_navigation' is clicked on

2020-03-13 15:49:06 - [TEST_STEP][PASSED] - NoOfUsers = findWebElements(findTestObject("ROLES/Roles_page/sorting/No.Users"), 2): null

2020-03-13 15:49:07 - [TEST_STEP][PASSED] - for (org.openqa.selenium.WebElement a : NoOfUsers): null

2020-03-13 15:49:07 - [TEST_STEP][PASSED] - AllNoOfUsers.add(getText().toLowerCase()): null

2020-03-13 15:49:07 - [TEST_STEP][PASSED] - AllNoOfUsers.add(getText().toLowerCase()): null

2020-03-13 15:49:07 - [TEST_STEP][PASSED] - AllNoOfUsers.add(getText().toLowerCase()): null

2020-03-13 15:49:07 - [TEST_STEP][PASSED] - AllNoOfUsers.add(getText().toLowerCase()): null

2020-03-13 15:49:07 - [TEST_STEP][PASSED] - AllNoOfUsers.add(getText().toLowerCase()): null

2020-03-13 15:49:07 - [TEST_STEP][PASSED] - AllNoOfUsers.add(getText().toLowerCase()): null

2020-03-13 15:49:07 - [TEST_STEP][PASSED] - AllNoOfUsers.add(getText().toLowerCase()): null

2020-03-13 15:49:07 - [TEST_STEP][PASSED] - AllNoOfUsers.add(getText().toLowerCase()): null

2020-03-13 15:49:07 - [TEST_STEP][PASSED] - AllNoOfUsers.add(getText().toLowerCase()): null

2020-03-13 15:49:07 - [TEST_STEP][PASSED] - AllNoOfUsers.add(getText().toLowerCase()): null

2020-03-13 15:49:07 - [TEST_STEP][PASSED] - click(findTestObject("ROLES/Roles_page/Pagination/front_navigation")): Object: 'Object Repository/ROLES/Roles_page/Pagination/front_navigation' is clicked on

2020-03-13 15:49:07 - [MESSAGE][PASSED] - Object: 'Object Repository/ROLES/Roles_page/Pagination/front_navigation' is clicked on

2020-03-13 15:49:07 - [TEST_STEP][PASSED] - NoOfUsers = findWebElements(findTestObject("ROLES/Roles_page/sorting/No.Users"), 2): null

2020-03-13 15:49:09 - [TEST_STEP][PASSED] - for (org.openqa.selenium.WebElement a : NoOfUsers): null

2020-03-13 15:49:09 - [TEST_STEP][PASSED] - AllNoOfUsers.add(getText().toLowerCase()): null

2020-03-13 15:49:09 - [TEST_STEP][PASSED] - AllNoOfUsers.add(getText().toLowerCase()): null

2020-03-13 15:49:09 - [TEST_STEP][PASSED] - AllNoOfUsers.add(getText().toLowerCase()): null

2020-03-13 15:49:09 - [TEST_STEP][PASSED] - AllNoOfUsers.add(getText().toLowerCase()): null

2020-03-13 15:49:09 - [TEST_STEP][PASSED] - AllNoOfUsers.add(getText().toLowerCase()): null

2020-03-13 15:49:09 - [TEST_STEP][PASSED] - AllNoOfUsers.add(getText().toLowerCase()): null

2020-03-13 15:49:09 - [TEST_STEP][PASSED] - AllNoOfUsers.add(getText().toLowerCase()): null

2020-03-13 15:49:09 - [TEST_STEP][PASSED] - AllNoOfUsers.add(getText().toLowerCase()): null

2020-03-13 15:49:09 - [TEST_STEP][PASSED] - AllNoOfUsers.add(getText().toLowerCase()): null

2020-03-13 15:49:09 - [TEST_STEP][PASSED] - AllNoOfUsers.add(getText().toLowerCase()): null

2020-03-13 15:49:09 - [TEST_STEP][PASSED] - click(findTestObject("ROLES/Roles_page/Pagination/front_navigation")): Object: 'Object Repository/ROLES/Roles_page/Pagination/front_navigation' is clicked on

2020-03-13 15:49:09 - [MESSAGE][PASSED] - Object: 'Object Repository/ROLES/Roles_page/Pagination/front_navigation' is clicked on

2020-03-13 15:49:09 - [TEST_STEP][PASSED] - NoOfUsers = findWebElements(findTestObject("ROLES/Roles_page/sorting/No.Users"), 2): null

2020-03-13 15:49:12 - [TEST_STEP][PASSED] - for (org.openqa.selenium.WebElement a : NoOfUsers): null

2020-03-13 15:49:12 - [TEST_STEP][PASSED] - AllNoOfUsers.add(getText().toLowerCase()): null

2020-03-13 15:49:12 - [TEST_STEP][PASSED] - AllNoOfUsers.add(getText().toLowerCase()): null

2020-03-13 15:49:12 - [TEST_STEP][PASSED] - AllNoOfUsers.add(getText().toLowerCase()): null

2020-03-13 15:49:12 - [TEST_STEP][PASSED] - AllNoOfUsers.add(getText().toLowerCase()): null

2020-03-13 15:49:12 - [TEST_STEP][PASSED] - AllNoOfUsers.add(getText().toLowerCase()): null

2020-03-13 15:49:12 - [TEST_STEP][PASSED] - AllNoOfUsers.add(getText().toLowerCase()): null

2020-03-13 15:49:12 - [TEST_STEP][PASSED] - AllNoOfUsers.add(getText().toLowerCase()): null

2020-03-13 15:49:12 - [TEST_STEP][PASSED] - AllNoOfUsers.add(getText().toLowerCase()): null

2020-03-13 15:49:12 - [TEST_STEP][PASSED] - AllNoOfUsers.add(getText().toLowerCase()): null

2020-03-13 15:49:12 - [TEST_STEP][PASSED] - AllNoOfUsers.add(getText().toLowerCase()): null

2020-03-13 15:49:12 - [TEST_STEP][PASSED] - click(findTestObject("ROLES/Roles_page/Pagination/front_navigation")): Object: 'Object Repository/ROLES/Roles_page/Pagination/front_navigation' is clicked on

2020-03-13 15:49:12 - [MESSAGE][PASSED] - Object: 'Object Repository/ROLES/Roles_page/Pagination/front_navigation' is clicked on

2020-03-13 15:49:12 - [TEST_STEP][PASSED] - NoOfUsers = findWebElements(findTestObject("ROLES/Roles_page/sorting/No.Users"), 2): null

2020-03-13 15:49:14 - [TEST_STEP][PASSED] - for (org.openqa.selenium.WebElement a : NoOfUsers): null

2020-03-13 15:49:14 - [TEST_STEP][PASSED] - AllNoOfUsers.add(getText().toLowerCase()): null

2020-03-13 15:49:14 - [TEST_STEP][PASSED] - AllNoOfUsers.add(getText().toLowerCase()): null

2020-03-13 15:49:14 - [TEST_STEP][PASSED] - AllNoOfUsers.add(getText().toLowerCase()): null

2020-03-13 15:49:14 - [TEST_STEP][PASSED] - AllNoOfUsers.add(getText().toLowerCase()): null

2020-03-13 15:49:14 - [TEST_STEP][PASSED] - AllNoOfUsers.add(getText().toLowerCase()): null

2020-03-13 15:49:14 - [TEST_STEP][PASSED] - AllNoOfUsers.add(getText().toLowerCase()): null

2020-03-13 15:49:14 - [TEST_STEP][PASSED] - AllNoOfUsers.add(getText().toLowerCase()): null

2020-03-13 15:49:14 - [TEST_STEP][PASSED] - AllNoOfUsers.add(getText().toLowerCase()): null

2020-03-13 15:49:14 - [TEST_STEP][PASSED] - AllNoOfUsers.add(getText().toLowerCase()): null

2020-03-13 15:49:14 - [TEST_STEP][PASSED] - AllNoOfUsers.add(getText().toLowerCase()): null

2020-03-13 15:49:14 - [TEST_STEP][PASSED] - click(findTestObject("ROLES/Roles_page/Pagination/front_navigation")): Object: 'Object Repository/ROLES/Roles_page/Pagination/front_navigation' is clicked on

2020-03-13 15:49:14 - [MESSAGE][PASSED] - Object: 'Object Repository/ROLES/Roles_page/Pagination/front_navigation' is clicked on

2020-03-13 15:49:14 - [TEST_STEP][PASSED] - NoOfUsers = findWebElements(findTestObject("ROLES/Roles_page/sorting/No.Users"), 2): null

2020-03-13 15:49:16 - [TEST_STEP][PASSED] - for (org.openqa.selenium.WebElement a : NoOfUsers): null

2020-03-13 15:49:16 - [TEST_STEP][PASSED] - AllNoOfUsers.add(getText().toLowerCase()): null

2020-03-13 15:49:16 - [TEST_STEP][PASSED] - AllNoOfUsers.add(getText().toLowerCase()): null

2020-03-13 15:49:16 - [TEST_STEP][PASSED] - AllNoOfUsers.add(getText().toLowerCase()): null

2020-03-13 15:49:16 - [TEST_STEP][PASSED] - AllNoOfUsers.add(getText().toLowerCase()): null

2020-03-13 15:49:17 - [TEST_STEP][PASSED] - AllNoOfUsers.add(getText().toLowerCase()): null

2020-03-13 15:49:17 - [TEST_STEP][PASSED] - AllNoOfUsers.add(getText().toLowerCase()): null

2020-03-13 15:49:17 - [TEST_STEP][PASSED] - AllNoOfUsers.add(getText().toLowerCase()): null

2020-03-13 15:49:17 - [TEST_STEP][PASSED] - AllNoOfUsers.add(getText().toLowerCase()): null

2020-03-13 15:49:17 - [TEST_STEP][PASSED] - AllNoOfUsers.add(getText().toLowerCase()): null

2020-03-13 15:49:17 - [TEST_STEP][PASSED] - AllNoOfUsers.add(getText().toLowerCase()): null

2020-03-13 15:49:17 - [TEST_STEP][PASSED] - click(findTestObject("ROLES/Roles_page/Pagination/front_navigation")): Object: 'Object Repository/ROLES/Roles_page/Pagination/front_navigation' is clicked on

2020-03-13 15:49:17 - [MESSAGE][PASSED] - Object: 'Object Repository/ROLES/Roles_page/Pagination/front_navigation' is clicked on

2020-03-13 15:49:17 - [TEST_STEP][PASSED] - NoOfUsers = findWebElements(findTestObject("ROLES/Roles_page/sorting/No.Users"), 2): null

2020-03-13 15:49:19 - [TEST_STEP][PASSED] - for (org.openqa.selenium.WebElement a : NoOfUsers): null

2020-03-13 15:49:19 - [TEST_STEP][PASSED] - AllNoOfUsers.add(getText().toLowerCase()): null

2020-03-13 15:49:19 - [TEST_STEP][PASSED] - AllNoOfUsers.add(getText().toLowerCase()): null

2020-03-13 15:49:19 - [TEST_STEP][PASSED] - AllNoOfUsers.add(getText().toLowerCase()): null

2020-03-13 15:49:19 - [TEST_STEP][PASSED] - AllNoOfUsers.add(getText().toLowerCase()): null

2020-03-13 15:49:19 - [TEST_STEP][PASSED] - AllNoOfUsers.add(getText().toLowerCase()): null

2020-03-13 15:49:19 - [TEST_STEP][PASSED] - AllNoOfUsers.add(getText().toLowerCase()): null

2020-03-13 15:49:19 - [TEST_STEP][PASSED] - AllNoOfUsers.add(getText().toLowerCase()): null

2020-03-13 15:49:19 - [TEST_STEP][PASSED] - AllNoOfUsers.add(getText().toLowerCase()): null

2020-03-13 15:49:19 - [TEST_STEP][PASSED] - AllNoOfUsers.add(getText().toLowerCase()): null

2020-03-13 15:49:19 - [TEST_STEP][PASSED] - AllNoOfUsers.add(getText().toLowerCase()): null

2020-03-13 15:49:19 - [TEST_STEP][PASSED] - click(findTestObject("ROLES/Roles_page/Pagination/front_navigation")): Object: 'Object Repository/ROLES/Roles_page/Pagination/front_navigation' is clicked on

2020-03-13 15:49:20 - [MESSAGE][PASSED] - Object: 'Object Repository/ROLES/Roles_page/Pagination/front_navigation' is clicked on

2020-03-13 15:49:20 - [TEST_STEP][PASSED] - NoOfUsers = findWebElements(findTestObject("ROLES/Roles_page/sorting/No.Users"), 2): null

2020-03-13 15:49:21 - [TEST_STEP][PASSED] - for (org.openqa.selenium.WebElement a : NoOfUsers): null

2020-03-13 15:49:21 - [TEST_STEP][PASSED] - AllNoOfUsers.add(getText().toLowerCase()): null

2020-03-13 15:49:21 - [TEST_STEP][PASSED] - AllNoOfUsers.add(getText().toLowerCase()): null

2020-03-13 15:49:21 - [TEST_STEP][PASSED] - AllNoOfUsers.add(getText().toLowerCase()): null

2020-03-13 15:49:21 - [TEST_STEP][PASSED] - AllNoOfUsers.add(getText().toLowerCase()): null

2020-03-13 15:49:21 - [TEST_STEP][PASSED] - AllNoOfUsers.add(getText().toLowerCase()): null

2020-03-13 15:49:21 - [TEST_STEP][PASSED] - AllNoOfUsers.add(getText().toLowerCase()): null

2020-03-13 15:49:21 - [TEST_STEP][PASSED] - AllNoOfUsers.add(getText().toLowerCase()): null

2020-03-13 15:49:21 - [TEST_STEP][PASSED] - AllNoOfUsers.add(getText().toLowerCase()): null

2020-03-13 15:49:21 - [TEST_STEP][PASSED] - click(findTestObject("ROLES/Roles_page/Pagination/front_navigation")): Object: 'Object Repository/ROLES/Roles_page/Pagination/front_navigation' is clicked on

2020-03-13 15:49:24 - [MESSAGE][PASSED] - Object: 'Object Repository/ROLES/Roles_page/Pagination/front_navigation' is clicked on

2020-03-13 15:49:24 - [TEST_STEP][PASSED] - if (j == 1): null

2020-03-13 15:49:24 - [TEST_STEP][PASSED] - if (j == 2): Actual object 'true' and expected object 'true' are equal

2020-03-13 15:49:24 - [TEST_STEP][PASSED] - isSorted = web.CustomKeyword.checkListAscendingOrder(AllNoOfUsers): web.CustomKeyword.checkListAscendingOrder is PASSED

2020-03-13 15:49:24 - [MESSAGE][PASSED] - web.CustomKeyword.checkListAscendingOrder is PASSED

2020-03-13 15:49:24 - [TEST_STEP][PASSED] - println(AllNoOfUsers.size()): null

2020-03-13 15:49:24 - [TEST_STEP][PASSED] - println(AllNoOfUsers): null

2020-03-13 15:49:24 - [TEST_STEP][PASSED] - verifyEqual(isSorted, true): Actual object 'true' and expected object 'true' are equal

2020-03-13 15:49:24 - [MESSAGE][PASSED] - Actual object 'true' and expected object 'true' are equal

2020-03-13 15:49:24 - [TEST_STEP][PASSED] - clearText(findTestObject("Object Repository/ROLES/Roles_page/Pagination/input_Page_form-control")): Text of object 'Object Repository/ROLES/Roles_page/Pagination/input_Page_form-control' is cleared

2020-03-13 15:49:24 - [MESSAGE][PASSED] - Text of object 'Object Repository/ROLES/Roles_page/Pagination/input_Page_form-control' is cleared

2020-03-13 15:49:24 - [TEST_STEP][PASSED] - setText(findTestObject("Object Repository/ROLES/Roles_page/Pagination/input_Page_form-control"), BACK_SPACE + BACK_SPACE + "1" + ENTER): Text 'BACK_SPACE + BACK_SPACE + ENTER + 1' is set on object 'Object Repository/ROLES/Roles_page/Pagination/input_Page_form-control'

2020-03-13 15:49:25 - [MESSAGE][PASSED] - Text 'BACK_SPACE + BACK_SPACE + ENTER + 1' is set on object 'Object Repository/ROLES/Roles_page/Pagination/input_Page_form-control'

2020-03-13 15:49:25 - [TEST_STEP][PASSED] - Start listener action : sampleAfterTestCase: null

2020-03-13 15:49:25 - [TEST_STEP][PASSED] - println(testCaseContext.getTestCaseId()): null

2020-03-13 15:49:25 - [TEST_STEP][PASSED] - println(testCaseContext.getTestCaseStatus()): null

2020-03-13 15:49:25 - [TEST_STEP][PASSED] - println("On Failure Method is Calling : " + testCaseContext.getTestCaseStatus()): null

2020-03-13 15:49:25 - [TEST_STEP][PASSED] - if (!(getTestCaseStatus().equalsIgnoreCase("PASSED"))): null]]></system-out>
         <system-err><![CDATA[]]></system-err>
      </testcase>
      <testcase name="Test Cases/Atlas Platform/Configuration Management/Platform Management/ROLES/Role Listing Grid/RLG-010 Verify sorting by RoleName" time="164.017" classname="Test Cases/Atlas Platform/Configuration Management/Platform Management/ROLES/Role Listing Grid/RLG-010 Verify sorting by RoleName" status="PASSED">
         <system-out><![CDATA[2020-03-13 15:49:27 - [TEST_CASE][PASSED] - Test Cases/Atlas Platform/Configuration Management/Platform Management/ROLES/Role Listing Grid/RLG-010 Verify sorting by RoleName: Test Cases/Atlas Platform/Configuration Management/Platform Management/ROLES/Role Listing Grid/RLG-010 Verify sorting by RoleName

2020-03-13 15:49:27 - [TEST_STEP][NOT_RUN] - callTestCase(findTestCase("Atlas Platform/Platform Navigation/Login/Default Logins/Default_Login_as_Root Admin"), ["Email":findTestData("AMP_Y").getValue(1, 1), "Password":findTestData("AMP_Y").getValue(2, 1), "dashboard_exp_title":""], CONTINUE_ON_FAILURE): NOT_RUN: callTestCase(findTestCase("Atlas Platform/Platform Navigation/Login/Default Logins/Default_Login_as_Root Admin"), ["Email":findTestData("AMP_Y").getValue(1, 1), "Password":findTestData("AMP_Y").getValue(2, 1), "dashboard_exp_title":""], CONTINUE_ON_FAILURE)

2020-03-13 15:49:27 - [MESSAGE][NOT_RUN] - NOT_RUN: callTestCase(findTestCase("Atlas Platform/Platform Navigation/Login/Default Logins/Default_Login_as_Root Admin"), ["Email":findTestData("AMP_Y").getValue(1, 1), "Password":findTestData("AMP_Y").getValue(2, 1), "dashboard_exp_title":""], CONTINUE_ON_FAILURE)

2020-03-13 15:49:27 - [TEST_STEP][PASSED] - driver = getWebDriver(): null

2020-03-13 15:49:27 - [TEST_STEP][NOT_RUN] - click(findTestObject("ROLES/Role_Navigation/a_ADMIN")): NOT_RUN: click(findTestObject("ROLES/Role_Navigation/a_ADMIN"))

2020-03-13 15:49:27 - [MESSAGE][NOT_RUN] - NOT_RUN: click(findTestObject("ROLES/Role_Navigation/a_ADMIN"))

2020-03-13 15:49:27 - [TEST_STEP][PASSED] - noOfPages_text = getText(findTestObject("ROLES/Roles_page/Pagination/label_of 10")): Text of object 'Object Repository/ROLES/Roles_page/Pagination/label_of 10' is: 'of 18'

2020-03-13 15:49:28 - [MESSAGE][PASSED] - Text of object 'Object Repository/ROLES/Roles_page/Pagination/label_of 10' is: 'of 18'

2020-03-13 15:49:28 - [TEST_STEP][PASSED] - noOfPages = Integer.parseInt(noOfPages_text.substring(3)): null

2020-03-13 15:49:28 - [TEST_STEP][PASSED] - println(noOfPages): null

2020-03-13 15:49:28 - [TEST_STEP][PASSED] - for ([j = 1, j < 3, (j++)]): Actual object 'true' and expected object 'true' are equal

2020-03-13 15:49:28 - [TEST_STEP][PASSED] - click(findTestObject("ROLES/Roles_page/sorting/RoleName_header")): Object: 'Object Repository/ROLES/Roles_page/sorting/RoleName_header' is clicked on

2020-03-13 15:49:28 - [MESSAGE][PASSED] - Object: 'Object Repository/ROLES/Roles_page/sorting/RoleName_header' is clicked on

2020-03-13 15:49:28 - [TEST_STEP][PASSED] - RoleNames = <not implemented yet for class: org.codehaus.groovy.ast.expr.EmptyExpression>: null

2020-03-13 15:49:28 - [TEST_STEP][PASSED] - AllRoleNames = new java.util.ArrayList(): null

2020-03-13 15:49:28 - [TEST_STEP][PASSED] - for ([i = 1, i <= noOfPages, (i++)]): Object: 'Object Repository/ROLES/Roles_page/Pagination/front_navigation' is clicked on

2020-03-13 15:49:28 - [TEST_STEP][PASSED] - RoleNames = findWebElements(findTestObject("ROLES/Roles_page/Role Names"), 2): null

2020-03-13 15:49:29 - [TEST_STEP][PASSED] - for (org.openqa.selenium.WebElement a : RoleNames): null

2020-03-13 15:49:29 - [TEST_STEP][PASSED] - AllRoleNames.add(getText().toLowerCase()): null

2020-03-13 15:49:29 - [TEST_STEP][PASSED] - println(a.getText()): null

2020-03-13 15:49:29 - [TEST_STEP][PASSED] - AllRoleNames.add(getText().toLowerCase()): null

2020-03-13 15:49:29 - [TEST_STEP][PASSED] - println(a.getText()): null

2020-03-13 15:49:29 - [TEST_STEP][PASSED] - AllRoleNames.add(getText().toLowerCase()): null

2020-03-13 15:49:29 - [TEST_STEP][PASSED] - println(a.getText()): null

2020-03-13 15:49:29 - [TEST_STEP][PASSED] - AllRoleNames.add(getText().toLowerCase()): null

2020-03-13 15:49:29 - [TEST_STEP][PASSED] - println(a.getText()): null

2020-03-13 15:49:29 - [TEST_STEP][PASSED] - AllRoleNames.add(getText().toLowerCase()): null

2020-03-13 15:49:29 - [TEST_STEP][PASSED] - println(a.getText()): null

2020-03-13 15:49:29 - [TEST_STEP][PASSED] - AllRoleNames.add(getText().toLowerCase()): null

2020-03-13 15:49:29 - [TEST_STEP][PASSED] - println(a.getText()): null

2020-03-13 15:49:29 - [TEST_STEP][PASSED] - AllRoleNames.add(getText().toLowerCase()): null

2020-03-13 15:49:29 - [TEST_STEP][PASSED] - println(a.getText()): null

2020-03-13 15:49:29 - [TEST_STEP][PASSED] - AllRoleNames.add(getText().toLowerCase()): null

2020-03-13 15:49:29 - [TEST_STEP][PASSED] - println(a.getText()): null

2020-03-13 15:49:29 - [TEST_STEP][PASSED] - AllRoleNames.add(getText().toLowerCase()): null

2020-03-13 15:49:29 - [TEST_STEP][PASSED] - println(a.getText()): null

2020-03-13 15:49:29 - [TEST_STEP][PASSED] - AllRoleNames.add(getText().toLowerCase()): null

2020-03-13 15:49:29 - [TEST_STEP][PASSED] - println(a.getText()): null

2020-03-13 15:49:29 - [TEST_STEP][PASSED] - delay(2): Delayed 2 second(s)

2020-03-13 15:49:31 - [MESSAGE][PASSED] - Delayed 2 second(s)

2020-03-13 15:49:31 - [TEST_STEP][PASSED] - click(findTestObject("ROLES/Roles_page/Pagination/front_navigation")): Object: 'Object Repository/ROLES/Roles_page/Pagination/front_navigation' is clicked on

2020-03-13 15:49:32 - [MESSAGE][PASSED] - Object: 'Object Repository/ROLES/Roles_page/Pagination/front_navigation' is clicked on

2020-03-13 15:49:32 - [TEST_STEP][PASSED] - RoleNames = findWebElements(findTestObject("ROLES/Roles_page/Role Names"), 2): null

2020-03-13 15:49:33 - [TEST_STEP][PASSED] - for (org.openqa.selenium.WebElement a : RoleNames): null

2020-03-13 15:49:33 - [TEST_STEP][PASSED] - AllRoleNames.add(getText().toLowerCase()): null

2020-03-13 15:49:33 - [TEST_STEP][PASSED] - println(a.getText()): null

2020-03-13 15:49:33 - [TEST_STEP][PASSED] - AllRoleNames.add(getText().toLowerCase()): null

2020-03-13 15:49:33 - [TEST_STEP][PASSED] - println(a.getText()): null

2020-03-13 15:49:33 - [TEST_STEP][PASSED] - AllRoleNames.add(getText().toLowerCase()): null

2020-03-13 15:49:33 - [TEST_STEP][PASSED] - println(a.getText()): null

2020-03-13 15:49:33 - [TEST_STEP][PASSED] - AllRoleNames.add(getText().toLowerCase()): null

2020-03-13 15:49:33 - [TEST_STEP][PASSED] - println(a.getText()): null

2020-03-13 15:49:33 - [TEST_STEP][PASSED] - AllRoleNames.add(getText().toLowerCase()): null

2020-03-13 15:49:33 - [TEST_STEP][PASSED] - println(a.getText()): null

2020-03-13 15:49:33 - [TEST_STEP][PASSED] - AllRoleNames.add(getText().toLowerCase()): null

2020-03-13 15:49:33 - [TEST_STEP][PASSED] - println(a.getText()): null

2020-03-13 15:49:33 - [TEST_STEP][PASSED] - AllRoleNames.add(getText().toLowerCase()): null

2020-03-13 15:49:33 - [TEST_STEP][PASSED] - println(a.getText()): null

2020-03-13 15:49:33 - [TEST_STEP][PASSED] - AllRoleNames.add(getText().toLowerCase()): null

2020-03-13 15:49:33 - [TEST_STEP][PASSED] - println(a.getText()): null

2020-03-13 15:49:33 - [TEST_STEP][PASSED] - AllRoleNames.add(getText().toLowerCase()): null

2020-03-13 15:49:33 - [TEST_STEP][PASSED] - println(a.getText()): null

2020-03-13 15:49:33 - [TEST_STEP][PASSED] - AllRoleNames.add(getText().toLowerCase()): null

2020-03-13 15:49:33 - [TEST_STEP][PASSED] - println(a.getText()): null

2020-03-13 15:49:33 - [TEST_STEP][PASSED] - delay(2): Delayed 2 second(s)

2020-03-13 15:49:35 - [MESSAGE][PASSED] - Delayed 2 second(s)

2020-03-13 15:49:35 - [TEST_STEP][PASSED] - click(findTestObject("ROLES/Roles_page/Pagination/front_navigation")): Object: 'Object Repository/ROLES/Roles_page/Pagination/front_navigation' is clicked on

2020-03-13 15:49:36 - [MESSAGE][PASSED] - Object: 'Object Repository/ROLES/Roles_page/Pagination/front_navigation' is clicked on

2020-03-13 15:49:36 - [TEST_STEP][PASSED] - RoleNames = findWebElements(findTestObject("ROLES/Roles_page/Role Names"), 2): null

2020-03-13 15:49:36 - [TEST_STEP][PASSED] - for (org.openqa.selenium.WebElement a : RoleNames): null

2020-03-13 15:49:36 - [TEST_STEP][PASSED] - AllRoleNames.add(getText().toLowerCase()): null

2020-03-13 15:49:37 - [TEST_STEP][PASSED] - println(a.getText()): null

2020-03-13 15:49:37 - [TEST_STEP][PASSED] - AllRoleNames.add(getText().toLowerCase()): null

2020-03-13 15:49:37 - [TEST_STEP][PASSED] - println(a.getText()): null

2020-03-13 15:49:37 - [TEST_STEP][PASSED] - AllRoleNames.add(getText().toLowerCase()): null

2020-03-13 15:49:37 - [TEST_STEP][PASSED] - println(a.getText()): null

2020-03-13 15:49:37 - [TEST_STEP][PASSED] - AllRoleNames.add(getText().toLowerCase()): null

2020-03-13 15:49:37 - [TEST_STEP][PASSED] - println(a.getText()): null

2020-03-13 15:49:37 - [TEST_STEP][PASSED] - AllRoleNames.add(getText().toLowerCase()): null

2020-03-13 15:49:37 - [TEST_STEP][PASSED] - println(a.getText()): null

2020-03-13 15:49:37 - [TEST_STEP][PASSED] - AllRoleNames.add(getText().toLowerCase()): null

2020-03-13 15:49:37 - [TEST_STEP][PASSED] - println(a.getText()): null

2020-03-13 15:49:37 - [TEST_STEP][PASSED] - AllRoleNames.add(getText().toLowerCase()): null

2020-03-13 15:49:37 - [TEST_STEP][PASSED] - println(a.getText()): null

2020-03-13 15:49:37 - [TEST_STEP][PASSED] - AllRoleNames.add(getText().toLowerCase()): null

2020-03-13 15:49:37 - [TEST_STEP][PASSED] - println(a.getText()): null

2020-03-13 15:49:37 - [TEST_STEP][PASSED] - AllRoleNames.add(getText().toLowerCase()): null

2020-03-13 15:49:37 - [TEST_STEP][PASSED] - println(a.getText()): null

2020-03-13 15:49:37 - [TEST_STEP][PASSED] - AllRoleNames.add(getText().toLowerCase()): null

2020-03-13 15:49:37 - [TEST_STEP][PASSED] - println(a.getText()): null

2020-03-13 15:49:37 - [TEST_STEP][PASSED] - delay(2): Delayed 2 second(s)

2020-03-13 15:49:39 - [MESSAGE][PASSED] - Delayed 2 second(s)

2020-03-13 15:49:39 - [TEST_STEP][PASSED] - click(findTestObject("ROLES/Roles_page/Pagination/front_navigation")): Object: 'Object Repository/ROLES/Roles_page/Pagination/front_navigation' is clicked on

2020-03-13 15:49:39 - [MESSAGE][PASSED] - Object: 'Object Repository/ROLES/Roles_page/Pagination/front_navigation' is clicked on

2020-03-13 15:49:39 - [TEST_STEP][PASSED] - RoleNames = findWebElements(findTestObject("ROLES/Roles_page/Role Names"), 2): null

2020-03-13 15:49:41 - [TEST_STEP][PASSED] - for (org.openqa.selenium.WebElement a : RoleNames): null

2020-03-13 15:49:41 - [TEST_STEP][PASSED] - AllRoleNames.add(getText().toLowerCase()): null

2020-03-13 15:49:41 - [TEST_STEP][PASSED] - println(a.getText()): null

2020-03-13 15:49:41 - [TEST_STEP][PASSED] - AllRoleNames.add(getText().toLowerCase()): null

2020-03-13 15:49:41 - [TEST_STEP][PASSED] - println(a.getText()): null

2020-03-13 15:49:41 - [TEST_STEP][PASSED] - AllRoleNames.add(getText().toLowerCase()): null

2020-03-13 15:49:41 - [TEST_STEP][PASSED] - println(a.getText()): null

2020-03-13 15:49:41 - [TEST_STEP][PASSED] - AllRoleNames.add(getText().toLowerCase()): null

2020-03-13 15:49:41 - [TEST_STEP][PASSED] - println(a.getText()): null

2020-03-13 15:49:41 - [TEST_STEP][PASSED] - AllRoleNames.add(getText().toLowerCase()): null

2020-03-13 15:49:41 - [TEST_STEP][PASSED] - println(a.getText()): null

2020-03-13 15:49:41 - [TEST_STEP][PASSED] - AllRoleNames.add(getText().toLowerCase()): null

2020-03-13 15:49:41 - [TEST_STEP][PASSED] - println(a.getText()): null

2020-03-13 15:49:41 - [TEST_STEP][PASSED] - AllRoleNames.add(getText().toLowerCase()): null

2020-03-13 15:49:41 - [TEST_STEP][PASSED] - println(a.getText()): null

2020-03-13 15:49:41 - [TEST_STEP][PASSED] - AllRoleNames.add(getText().toLowerCase()): null

2020-03-13 15:49:41 - [TEST_STEP][PASSED] - println(a.getText()): null

2020-03-13 15:49:41 - [TEST_STEP][PASSED] - AllRoleNames.add(getText().toLowerCase()): null

2020-03-13 15:49:41 - [TEST_STEP][PASSED] - println(a.getText()): null

2020-03-13 15:49:41 - [TEST_STEP][PASSED] - AllRoleNames.add(getText().toLowerCase()): null

2020-03-13 15:49:41 - [TEST_STEP][PASSED] - println(a.getText()): null

2020-03-13 15:49:41 - [TEST_STEP][PASSED] - delay(2): Delayed 2 second(s)

2020-03-13 15:49:43 - [MESSAGE][PASSED] - Delayed 2 second(s)

2020-03-13 15:49:43 - [TEST_STEP][PASSED] - click(findTestObject("ROLES/Roles_page/Pagination/front_navigation")): Object: 'Object Repository/ROLES/Roles_page/Pagination/front_navigation' is clicked on

2020-03-13 15:49:44 - [MESSAGE][PASSED] - Object: 'Object Repository/ROLES/Roles_page/Pagination/front_navigation' is clicked on

2020-03-13 15:49:44 - [TEST_STEP][PASSED] - RoleNames = findWebElements(findTestObject("ROLES/Roles_page/Role Names"), 2): null

2020-03-13 15:49:46 - [TEST_STEP][PASSED] - for (org.openqa.selenium.WebElement a : RoleNames): null

2020-03-13 15:49:46 - [TEST_STEP][PASSED] - AllRoleNames.add(getText().toLowerCase()): null

2020-03-13 15:49:46 - [TEST_STEP][PASSED] - println(a.getText()): null

2020-03-13 15:49:46 - [TEST_STEP][PASSED] - AllRoleNames.add(getText().toLowerCase()): null

2020-03-13 15:49:46 - [TEST_STEP][PASSED] - println(a.getText()): null

2020-03-13 15:49:46 - [TEST_STEP][PASSED] - AllRoleNames.add(getText().toLowerCase()): null

2020-03-13 15:49:47 - [TEST_STEP][PASSED] - println(a.getText()): null

2020-03-13 15:49:47 - [TEST_STEP][PASSED] - AllRoleNames.add(getText().toLowerCase()): null

2020-03-13 15:49:47 - [TEST_STEP][PASSED] - println(a.getText()): null

2020-03-13 15:49:47 - [TEST_STEP][PASSED] - AllRoleNames.add(getText().toLowerCase()): null

2020-03-13 15:49:47 - [TEST_STEP][PASSED] - println(a.getText()): null

2020-03-13 15:49:47 - [TEST_STEP][PASSED] - AllRoleNames.add(getText().toLowerCase()): null

2020-03-13 15:49:47 - [TEST_STEP][PASSED] - println(a.getText()): null

2020-03-13 15:49:47 - [TEST_STEP][PASSED] - AllRoleNames.add(getText().toLowerCase()): null

2020-03-13 15:49:47 - [TEST_STEP][PASSED] - println(a.getText()): null

2020-03-13 15:49:47 - [TEST_STEP][PASSED] - AllRoleNames.add(getText().toLowerCase()): null

2020-03-13 15:49:47 - [TEST_STEP][PASSED] - println(a.getText()): null

2020-03-13 15:49:47 - [TEST_STEP][PASSED] - AllRoleNames.add(getText().toLowerCase()): null

2020-03-13 15:49:47 - [TEST_STEP][PASSED] - println(a.getText()): null

2020-03-13 15:49:47 - [TEST_STEP][PASSED] - AllRoleNames.add(getText().toLowerCase()): null

2020-03-13 15:49:47 - [TEST_STEP][PASSED] - println(a.getText()): null

2020-03-13 15:49:47 - [TEST_STEP][PASSED] - delay(2): Delayed 2 second(s)

2020-03-13 15:49:49 - [MESSAGE][PASSED] - Delayed 2 second(s)

2020-03-13 15:49:49 - [TEST_STEP][PASSED] - click(findTestObject("ROLES/Roles_page/Pagination/front_navigation")): Object: 'Object Repository/ROLES/Roles_page/Pagination/front_navigation' is clicked on

2020-03-13 15:49:49 - [MESSAGE][PASSED] - Object: 'Object Repository/ROLES/Roles_page/Pagination/front_navigation' is clicked on

2020-03-13 15:49:49 - [TEST_STEP][PASSED] - RoleNames = findWebElements(findTestObject("ROLES/Roles_page/Role Names"), 2): null

2020-03-13 15:49:51 - [TEST_STEP][PASSED] - for (org.openqa.selenium.WebElement a : RoleNames): null

2020-03-13 15:49:51 - [TEST_STEP][PASSED] - AllRoleNames.add(getText().toLowerCase()): null

2020-03-13 15:49:51 - [TEST_STEP][PASSED] - println(a.getText()): null

2020-03-13 15:49:51 - [TEST_STEP][PASSED] - AllRoleNames.add(getText().toLowerCase()): null

2020-03-13 15:49:51 - [TEST_STEP][PASSED] - println(a.getText()): null

2020-03-13 15:49:51 - [TEST_STEP][PASSED] - AllRoleNames.add(getText().toLowerCase()): null

2020-03-13 15:49:51 - [TEST_STEP][PASSED] - println(a.getText()): null

2020-03-13 15:49:51 - [TEST_STEP][PASSED] - AllRoleNames.add(getText().toLowerCase()): null

2020-03-13 15:49:51 - [TEST_STEP][PASSED] - println(a.getText()): null

2020-03-13 15:49:51 - [TEST_STEP][PASSED] - AllRoleNames.add(getText().toLowerCase()): null

2020-03-13 15:49:51 - [TEST_STEP][PASSED] - println(a.getText()): null

2020-03-13 15:49:51 - [TEST_STEP][PASSED] - AllRoleNames.add(getText().toLowerCase()): null

2020-03-13 15:49:51 - [TEST_STEP][PASSED] - println(a.getText()): null

2020-03-13 15:49:51 - [TEST_STEP][PASSED] - AllRoleNames.add(getText().toLowerCase()): null

2020-03-13 15:49:51 - [TEST_STEP][PASSED] - println(a.getText()): null

2020-03-13 15:49:51 - [TEST_STEP][PASSED] - AllRoleNames.add(getText().toLowerCase()): null

2020-03-13 15:49:51 - [TEST_STEP][PASSED] - println(a.getText()): null

2020-03-13 15:49:51 - [TEST_STEP][PASSED] - AllRoleNames.add(getText().toLowerCase()): null

2020-03-13 15:49:51 - [TEST_STEP][PASSED] - println(a.getText()): null

2020-03-13 15:49:51 - [TEST_STEP][PASSED] - AllRoleNames.add(getText().toLowerCase()): null

2020-03-13 15:49:52 - [TEST_STEP][PASSED] - println(a.getText()): null

2020-03-13 15:49:52 - [TEST_STEP][PASSED] - delay(2): Delayed 2 second(s)

2020-03-13 15:49:54 - [MESSAGE][PASSED] - Delayed 2 second(s)

2020-03-13 15:49:54 - [TEST_STEP][PASSED] - click(findTestObject("ROLES/Roles_page/Pagination/front_navigation")): Object: 'Object Repository/ROLES/Roles_page/Pagination/front_navigation' is clicked on

2020-03-13 15:49:54 - [MESSAGE][PASSED] - Object: 'Object Repository/ROLES/Roles_page/Pagination/front_navigation' is clicked on

2020-03-13 15:49:54 - [TEST_STEP][PASSED] - RoleNames = findWebElements(findTestObject("ROLES/Roles_page/Role Names"), 2): null

2020-03-13 15:49:56 - [TEST_STEP][PASSED] - for (org.openqa.selenium.WebElement a : RoleNames): null

2020-03-13 15:49:56 - [TEST_STEP][PASSED] - AllRoleNames.add(getText().toLowerCase()): null

2020-03-13 15:49:56 - [TEST_STEP][PASSED] - println(a.getText()): null

2020-03-13 15:49:56 - [TEST_STEP][PASSED] - AllRoleNames.add(getText().toLowerCase()): null

2020-03-13 15:49:56 - [TEST_STEP][PASSED] - println(a.getText()): null

2020-03-13 15:49:56 - [TEST_STEP][PASSED] - AllRoleNames.add(getText().toLowerCase()): null

2020-03-13 15:49:56 - [TEST_STEP][PASSED] - println(a.getText()): null

2020-03-13 15:49:56 - [TEST_STEP][PASSED] - AllRoleNames.add(getText().toLowerCase()): null

2020-03-13 15:49:56 - [TEST_STEP][PASSED] - println(a.getText()): null

2020-03-13 15:49:56 - [TEST_STEP][PASSED] - AllRoleNames.add(getText().toLowerCase()): null

2020-03-13 15:49:56 - [TEST_STEP][PASSED] - println(a.getText()): null

2020-03-13 15:49:56 - [TEST_STEP][PASSED] - AllRoleNames.add(getText().toLowerCase()): null

2020-03-13 15:49:56 - [TEST_STEP][PASSED] - println(a.getText()): null

2020-03-13 15:49:56 - [TEST_STEP][PASSED] - AllRoleNames.add(getText().toLowerCase()): null

2020-03-13 15:49:56 - [TEST_STEP][PASSED] - println(a.getText()): null

2020-03-13 15:49:56 - [TEST_STEP][PASSED] - AllRoleNames.add(getText().toLowerCase()): null

2020-03-13 15:49:56 - [TEST_STEP][PASSED] - println(a.getText()): null

2020-03-13 15:49:56 - [TEST_STEP][PASSED] - AllRoleNames.add(getText().toLowerCase()): null

2020-03-13 15:49:56 - [TEST_STEP][PASSED] - println(a.getText()): null

2020-03-13 15:49:56 - [TEST_STEP][PASSED] - AllRoleNames.add(getText().toLowerCase()): null

2020-03-13 15:49:56 - [TEST_STEP][PASSED] - println(a.getText()): null

2020-03-13 15:49:56 - [TEST_STEP][PASSED] - delay(2): Delayed 2 second(s)

2020-03-13 15:49:58 - [MESSAGE][PASSED] - Delayed 2 second(s)

2020-03-13 15:49:58 - [TEST_STEP][PASSED] - click(findTestObject("ROLES/Roles_page/Pagination/front_navigation")): Object: 'Object Repository/ROLES/Roles_page/Pagination/front_navigation' is clicked on

2020-03-13 15:49:59 - [MESSAGE][PASSED] - Object: 'Object Repository/ROLES/Roles_page/Pagination/front_navigation' is clicked on

2020-03-13 15:49:59 - [TEST_STEP][PASSED] - RoleNames = findWebElements(findTestObject("ROLES/Roles_page/Role Names"), 2): null

2020-03-13 15:50:00 - [TEST_STEP][PASSED] - for (org.openqa.selenium.WebElement a : RoleNames): null

2020-03-13 15:50:00 - [TEST_STEP][PASSED] - AllRoleNames.add(getText().toLowerCase()): null

2020-03-13 15:50:00 - [TEST_STEP][PASSED] - println(a.getText()): null

2020-03-13 15:50:00 - [TEST_STEP][PASSED] - AllRoleNames.add(getText().toLowerCase()): null

2020-03-13 15:50:00 - [TEST_STEP][PASSED] - println(a.getText()): null

2020-03-13 15:50:00 - [TEST_STEP][PASSED] - AllRoleNames.add(getText().toLowerCase()): null

2020-03-13 15:50:00 - [TEST_STEP][PASSED] - println(a.getText()): null

2020-03-13 15:50:00 - [TEST_STEP][PASSED] - AllRoleNames.add(getText().toLowerCase()): null

2020-03-13 15:50:00 - [TEST_STEP][PASSED] - println(a.getText()): null

2020-03-13 15:50:00 - [TEST_STEP][PASSED] - AllRoleNames.add(getText().toLowerCase()): null

2020-03-13 15:50:00 - [TEST_STEP][PASSED] - println(a.getText()): null

2020-03-13 15:50:00 - [TEST_STEP][PASSED] - AllRoleNames.add(getText().toLowerCase()): null

2020-03-13 15:50:00 - [TEST_STEP][PASSED] - println(a.getText()): null

2020-03-13 15:50:00 - [TEST_STEP][PASSED] - AllRoleNames.add(getText().toLowerCase()): null

2020-03-13 15:50:00 - [TEST_STEP][PASSED] - println(a.getText()): null

2020-03-13 15:50:00 - [TEST_STEP][PASSED] - AllRoleNames.add(getText().toLowerCase()): null

2020-03-13 15:50:00 - [TEST_STEP][PASSED] - println(a.getText()): null

2020-03-13 15:50:00 - [TEST_STEP][PASSED] - AllRoleNames.add(getText().toLowerCase()): null

2020-03-13 15:50:00 - [TEST_STEP][PASSED] - println(a.getText()): null

2020-03-13 15:50:00 - [TEST_STEP][PASSED] - AllRoleNames.add(getText().toLowerCase()): null

2020-03-13 15:50:00 - [TEST_STEP][PASSED] - println(a.getText()): null

2020-03-13 15:50:00 - [TEST_STEP][PASSED] - delay(2): Delayed 2 second(s)

2020-03-13 15:50:02 - [MESSAGE][PASSED] - Delayed 2 second(s)

2020-03-13 15:50:02 - [TEST_STEP][PASSED] - click(findTestObject("ROLES/Roles_page/Pagination/front_navigation")): Object: 'Object Repository/ROLES/Roles_page/Pagination/front_navigation' is clicked on

2020-03-13 15:50:03 - [MESSAGE][PASSED] - Object: 'Object Repository/ROLES/Roles_page/Pagination/front_navigation' is clicked on

2020-03-13 15:50:03 - [TEST_STEP][PASSED] - RoleNames = findWebElements(findTestObject("ROLES/Roles_page/Role Names"), 2): null

2020-03-13 15:50:05 - [TEST_STEP][PASSED] - for (org.openqa.selenium.WebElement a : RoleNames): null

2020-03-13 15:50:05 - [TEST_STEP][PASSED] - AllRoleNames.add(getText().toLowerCase()): null

2020-03-13 15:50:05 - [TEST_STEP][PASSED] - println(a.getText()): null

2020-03-13 15:50:05 - [TEST_STEP][PASSED] - AllRoleNames.add(getText().toLowerCase()): null

2020-03-13 15:50:05 - [TEST_STEP][PASSED] - println(a.getText()): null

2020-03-13 15:50:05 - [TEST_STEP][PASSED] - AllRoleNames.add(getText().toLowerCase()): null

2020-03-13 15:50:05 - [TEST_STEP][PASSED] - println(a.getText()): null

2020-03-13 15:50:05 - [TEST_STEP][PASSED] - AllRoleNames.add(getText().toLowerCase()): null

2020-03-13 15:50:05 - [TEST_STEP][PASSED] - println(a.getText()): null

2020-03-13 15:50:05 - [TEST_STEP][PASSED] - AllRoleNames.add(getText().toLowerCase()): null

2020-03-13 15:50:05 - [TEST_STEP][PASSED] - println(a.getText()): null

2020-03-13 15:50:05 - [TEST_STEP][PASSED] - AllRoleNames.add(getText().toLowerCase()): null

2020-03-13 15:50:05 - [TEST_STEP][PASSED] - println(a.getText()): null

2020-03-13 15:50:05 - [TEST_STEP][PASSED] - AllRoleNames.add(getText().toLowerCase()): null

2020-03-13 15:50:05 - [TEST_STEP][PASSED] - println(a.getText()): null

2020-03-13 15:50:05 - [TEST_STEP][PASSED] - AllRoleNames.add(getText().toLowerCase()): null

2020-03-13 15:50:05 - [TEST_STEP][PASSED] - println(a.getText()): null

2020-03-13 15:50:05 - [TEST_STEP][PASSED] - AllRoleNames.add(getText().toLowerCase()): null

2020-03-13 15:50:05 - [TEST_STEP][PASSED] - println(a.getText()): null

2020-03-13 15:50:05 - [TEST_STEP][PASSED] - AllRoleNames.add(getText().toLowerCase()): null

2020-03-13 15:50:05 - [TEST_STEP][PASSED] - println(a.getText()): null

2020-03-13 15:50:05 - [TEST_STEP][PASSED] - delay(2): Delayed 2 second(s)

2020-03-13 15:50:07 - [MESSAGE][PASSED] - Delayed 2 second(s)

2020-03-13 15:50:07 - [TEST_STEP][PASSED] - click(findTestObject("ROLES/Roles_page/Pagination/front_navigation")): Object: 'Object Repository/ROLES/Roles_page/Pagination/front_navigation' is clicked on

2020-03-13 15:50:07 - [MESSAGE][PASSED] - Object: 'Object Repository/ROLES/Roles_page/Pagination/front_navigation' is clicked on

2020-03-13 15:50:07 - [TEST_STEP][PASSED] - RoleNames = findWebElements(findTestObject("ROLES/Roles_page/Role Names"), 2): null

2020-03-13 15:50:09 - [TEST_STEP][PASSED] - for (org.openqa.selenium.WebElement a : RoleNames): null

2020-03-13 15:50:09 - [TEST_STEP][PASSED] - AllRoleNames.add(getText().toLowerCase()): null

2020-03-13 15:50:09 - [TEST_STEP][PASSED] - println(a.getText()): null

2020-03-13 15:50:09 - [TEST_STEP][PASSED] - AllRoleNames.add(getText().toLowerCase()): null

2020-03-13 15:50:09 - [TEST_STEP][PASSED] - println(a.getText()): null

2020-03-13 15:50:09 - [TEST_STEP][PASSED] - AllRoleNames.add(getText().toLowerCase()): null

2020-03-13 15:50:09 - [TEST_STEP][PASSED] - println(a.getText()): null

2020-03-13 15:50:09 - [TEST_STEP][PASSED] - AllRoleNames.add(getText().toLowerCase()): null

2020-03-13 15:50:09 - [TEST_STEP][PASSED] - println(a.getText()): null

2020-03-13 15:50:09 - [TEST_STEP][PASSED] - AllRoleNames.add(getText().toLowerCase()): null

2020-03-13 15:50:09 - [TEST_STEP][PASSED] - println(a.getText()): null

2020-03-13 15:50:09 - [TEST_STEP][PASSED] - AllRoleNames.add(getText().toLowerCase()): null

2020-03-13 15:50:09 - [TEST_STEP][PASSED] - println(a.getText()): null

2020-03-13 15:50:09 - [TEST_STEP][PASSED] - AllRoleNames.add(getText().toLowerCase()): null

2020-03-13 15:50:09 - [TEST_STEP][PASSED] - println(a.getText()): null

2020-03-13 15:50:09 - [TEST_STEP][PASSED] - AllRoleNames.add(getText().toLowerCase()): null

2020-03-13 15:50:09 - [TEST_STEP][PASSED] - println(a.getText()): null

2020-03-13 15:50:09 - [TEST_STEP][PASSED] - AllRoleNames.add(getText().toLowerCase()): null

2020-03-13 15:50:09 - [TEST_STEP][PASSED] - println(a.getText()): null

2020-03-13 15:50:09 - [TEST_STEP][PASSED] - AllRoleNames.add(getText().toLowerCase()): null

2020-03-13 15:50:10 - [TEST_STEP][PASSED] - println(a.getText()): null

2020-03-13 15:50:10 - [TEST_STEP][PASSED] - delay(2): Delayed 2 second(s)

2020-03-13 15:50:12 - [MESSAGE][PASSED] - Delayed 2 second(s)

2020-03-13 15:50:12 - [TEST_STEP][PASSED] - click(findTestObject("ROLES/Roles_page/Pagination/front_navigation")): Object: 'Object Repository/ROLES/Roles_page/Pagination/front_navigation' is clicked on

2020-03-13 15:50:12 - [MESSAGE][PASSED] - Object: 'Object Repository/ROLES/Roles_page/Pagination/front_navigation' is clicked on

2020-03-13 15:50:12 - [TEST_STEP][PASSED] - RoleNames = findWebElements(findTestObject("ROLES/Roles_page/Role Names"), 2): null

2020-03-13 15:50:14 - [TEST_STEP][PASSED] - for (org.openqa.selenium.WebElement a : RoleNames): null

2020-03-13 15:50:14 - [TEST_STEP][PASSED] - AllRoleNames.add(getText().toLowerCase()): null

2020-03-13 15:50:14 - [TEST_STEP][PASSED] - println(a.getText()): null

2020-03-13 15:50:14 - [TEST_STEP][PASSED] - AllRoleNames.add(getText().toLowerCase()): null

2020-03-13 15:50:14 - [TEST_STEP][PASSED] - println(a.getText()): null

2020-03-13 15:50:14 - [TEST_STEP][PASSED] - AllRoleNames.add(getText().toLowerCase()): null

2020-03-13 15:50:14 - [TEST_STEP][PASSED] - println(a.getText()): null

2020-03-13 15:50:14 - [TEST_STEP][PASSED] - AllRoleNames.add(getText().toLowerCase()): null

2020-03-13 15:50:14 - [TEST_STEP][PASSED] - println(a.getText()): null

2020-03-13 15:50:14 - [TEST_STEP][PASSED] - AllRoleNames.add(getText().toLowerCase()): null

2020-03-13 15:50:14 - [TEST_STEP][PASSED] - println(a.getText()): null

2020-03-13 15:50:14 - [TEST_STEP][PASSED] - AllRoleNames.add(getText().toLowerCase()): null

2020-03-13 15:50:14 - [TEST_STEP][PASSED] - println(a.getText()): null

2020-03-13 15:50:14 - [TEST_STEP][PASSED] - AllRoleNames.add(getText().toLowerCase()): null

2020-03-13 15:50:14 - [TEST_STEP][PASSED] - println(a.getText()): null

2020-03-13 15:50:14 - [TEST_STEP][PASSED] - AllRoleNames.add(getText().toLowerCase()): null

2020-03-13 15:50:14 - [TEST_STEP][PASSED] - println(a.getText()): null

2020-03-13 15:50:14 - [TEST_STEP][PASSED] - AllRoleNames.add(getText().toLowerCase()): null

2020-03-13 15:50:14 - [TEST_STEP][PASSED] - println(a.getText()): null

2020-03-13 15:50:14 - [TEST_STEP][PASSED] - AllRoleNames.add(getText().toLowerCase()): null

2020-03-13 15:50:14 - [TEST_STEP][PASSED] - println(a.getText()): null

2020-03-13 15:50:14 - [TEST_STEP][PASSED] - delay(2): Delayed 2 second(s)

2020-03-13 15:50:16 - [MESSAGE][PASSED] - Delayed 2 second(s)

2020-03-13 15:50:16 - [TEST_STEP][PASSED] - click(findTestObject("ROLES/Roles_page/Pagination/front_navigation")): Object: 'Object Repository/ROLES/Roles_page/Pagination/front_navigation' is clicked on

2020-03-13 15:50:16 - [MESSAGE][PASSED] - Object: 'Object Repository/ROLES/Roles_page/Pagination/front_navigation' is clicked on

2020-03-13 15:50:16 - [TEST_STEP][PASSED] - RoleNames = findWebElements(findTestObject("ROLES/Roles_page/Role Names"), 2): null

2020-03-13 15:50:18 - [TEST_STEP][PASSED] - for (org.openqa.selenium.WebElement a : RoleNames): null

2020-03-13 15:50:18 - [TEST_STEP][PASSED] - AllRoleNames.add(getText().toLowerCase()): null

2020-03-13 15:50:18 - [TEST_STEP][PASSED] - println(a.getText()): null

2020-03-13 15:50:18 - [TEST_STEP][PASSED] - AllRoleNames.add(getText().toLowerCase()): null

2020-03-13 15:50:18 - [TEST_STEP][PASSED] - println(a.getText()): null

2020-03-13 15:50:18 - [TEST_STEP][PASSED] - AllRoleNames.add(getText().toLowerCase()): null

2020-03-13 15:50:18 - [TEST_STEP][PASSED] - println(a.getText()): null

2020-03-13 15:50:18 - [TEST_STEP][PASSED] - AllRoleNames.add(getText().toLowerCase()): null

2020-03-13 15:50:18 - [TEST_STEP][PASSED] - println(a.getText()): null

2020-03-13 15:50:18 - [TEST_STEP][PASSED] - AllRoleNames.add(getText().toLowerCase()): null

2020-03-13 15:50:18 - [TEST_STEP][PASSED] - println(a.getText()): null

2020-03-13 15:50:18 - [TEST_STEP][PASSED] - AllRoleNames.add(getText().toLowerCase()): null

2020-03-13 15:50:18 - [TEST_STEP][PASSED] - println(a.getText()): null

2020-03-13 15:50:18 - [TEST_STEP][PASSED] - AllRoleNames.add(getText().toLowerCase()): null

2020-03-13 15:50:18 - [TEST_STEP][PASSED] - println(a.getText()): null

2020-03-13 15:50:18 - [TEST_STEP][PASSED] - AllRoleNames.add(getText().toLowerCase()): null

2020-03-13 15:50:18 - [TEST_STEP][PASSED] - println(a.getText()): null

2020-03-13 15:50:18 - [TEST_STEP][PASSED] - AllRoleNames.add(getText().toLowerCase()): null

2020-03-13 15:50:19 - [TEST_STEP][PASSED] - println(a.getText()): null

2020-03-13 15:50:19 - [TEST_STEP][PASSED] - AllRoleNames.add(getText().toLowerCase()): null

2020-03-13 15:50:19 - [TEST_STEP][PASSED] - println(a.getText()): null

2020-03-13 15:50:19 - [TEST_STEP][PASSED] - delay(2): Delayed 2 second(s)

2020-03-13 15:50:21 - [MESSAGE][PASSED] - Delayed 2 second(s)

2020-03-13 15:50:21 - [TEST_STEP][PASSED] - click(findTestObject("ROLES/Roles_page/Pagination/front_navigation")): Object: 'Object Repository/ROLES/Roles_page/Pagination/front_navigation' is clicked on

2020-03-13 15:50:21 - [MESSAGE][PASSED] - Object: 'Object Repository/ROLES/Roles_page/Pagination/front_navigation' is clicked on

2020-03-13 15:50:21 - [TEST_STEP][PASSED] - RoleNames = findWebElements(findTestObject("ROLES/Roles_page/Role Names"), 2): null

2020-03-13 15:50:23 - [TEST_STEP][PASSED] - for (org.openqa.selenium.WebElement a : RoleNames): null

2020-03-13 15:50:23 - [TEST_STEP][PASSED] - AllRoleNames.add(getText().toLowerCase()): null

2020-03-13 15:50:23 - [TEST_STEP][PASSED] - println(a.getText()): null

2020-03-13 15:50:23 - [TEST_STEP][PASSED] - AllRoleNames.add(getText().toLowerCase()): null

2020-03-13 15:50:23 - [TEST_STEP][PASSED] - println(a.getText()): null

2020-03-13 15:50:23 - [TEST_STEP][PASSED] - AllRoleNames.add(getText().toLowerCase()): null

2020-03-13 15:50:23 - [TEST_STEP][PASSED] - println(a.getText()): null

2020-03-13 15:50:23 - [TEST_STEP][PASSED] - AllRoleNames.add(getText().toLowerCase()): null

2020-03-13 15:50:23 - [TEST_STEP][PASSED] - println(a.getText()): null

2020-03-13 15:50:23 - [TEST_STEP][PASSED] - AllRoleNames.add(getText().toLowerCase()): null

2020-03-13 15:50:23 - [TEST_STEP][PASSED] - println(a.getText()): null

2020-03-13 15:50:23 - [TEST_STEP][PASSED] - AllRoleNames.add(getText().toLowerCase()): null

2020-03-13 15:50:23 - [TEST_STEP][PASSED] - println(a.getText()): null

2020-03-13 15:50:23 - [TEST_STEP][PASSED] - AllRoleNames.add(getText().toLowerCase()): null

2020-03-13 15:50:23 - [TEST_STEP][PASSED] - println(a.getText()): null

2020-03-13 15:50:23 - [TEST_STEP][PASSED] - AllRoleNames.add(getText().toLowerCase()): null

2020-03-13 15:50:23 - [TEST_STEP][PASSED] - println(a.getText()): null

2020-03-13 15:50:23 - [TEST_STEP][PASSED] - AllRoleNames.add(getText().toLowerCase()): null

2020-03-13 15:50:23 - [TEST_STEP][PASSED] - println(a.getText()): null

2020-03-13 15:50:23 - [TEST_STEP][PASSED] - AllRoleNames.add(getText().toLowerCase()): null

2020-03-13 15:50:23 - [TEST_STEP][PASSED] - println(a.getText()): null

2020-03-13 15:50:23 - [TEST_STEP][PASSED] - delay(2): Delayed 2 second(s)

2020-03-13 15:50:25 - [MESSAGE][PASSED] - Delayed 2 second(s)

2020-03-13 15:50:25 - [TEST_STEP][PASSED] - click(findTestObject("ROLES/Roles_page/Pagination/front_navigation")): Object: 'Object Repository/ROLES/Roles_page/Pagination/front_navigation' is clicked on

2020-03-13 15:50:26 - [MESSAGE][PASSED] - Object: 'Object Repository/ROLES/Roles_page/Pagination/front_navigation' is clicked on

2020-03-13 15:50:26 - [TEST_STEP][PASSED] - RoleNames = findWebElements(findTestObject("ROLES/Roles_page/Role Names"), 2): null

2020-03-13 15:50:27 - [TEST_STEP][PASSED] - for (org.openqa.selenium.WebElement a : RoleNames): null

2020-03-13 15:50:27 - [TEST_STEP][PASSED] - AllRoleNames.add(getText().toLowerCase()): null

2020-03-13 15:50:27 - [TEST_STEP][PASSED] - println(a.getText()): null

2020-03-13 15:50:27 - [TEST_STEP][PASSED] - AllRoleNames.add(getText().toLowerCase()): null

2020-03-13 15:50:27 - [TEST_STEP][PASSED] - println(a.getText()): null

2020-03-13 15:50:28 - [TEST_STEP][PASSED] - AllRoleNames.add(getText().toLowerCase()): null

2020-03-13 15:50:28 - [TEST_STEP][PASSED] - println(a.getText()): null

2020-03-13 15:50:28 - [TEST_STEP][PASSED] - AllRoleNames.add(getText().toLowerCase()): null

2020-03-13 15:50:28 - [TEST_STEP][PASSED] - println(a.getText()): null

2020-03-13 15:50:28 - [TEST_STEP][PASSED] - AllRoleNames.add(getText().toLowerCase()): null

2020-03-13 15:50:28 - [TEST_STEP][PASSED] - println(a.getText()): null

2020-03-13 15:50:28 - [TEST_STEP][PASSED] - AllRoleNames.add(getText().toLowerCase()): null

2020-03-13 15:50:28 - [TEST_STEP][PASSED] - println(a.getText()): null

2020-03-13 15:50:28 - [TEST_STEP][PASSED] - AllRoleNames.add(getText().toLowerCase()): null

2020-03-13 15:50:28 - [TEST_STEP][PASSED] - println(a.getText()): null

2020-03-13 15:50:28 - [TEST_STEP][PASSED] - AllRoleNames.add(getText().toLowerCase()): null

2020-03-13 15:50:28 - [TEST_STEP][PASSED] - println(a.getText()): null

2020-03-13 15:50:28 - [TEST_STEP][PASSED] - AllRoleNames.add(getText().toLowerCase()): null

2020-03-13 15:50:28 - [TEST_STEP][PASSED] - println(a.getText()): null

2020-03-13 15:50:28 - [TEST_STEP][PASSED] - AllRoleNames.add(getText().toLowerCase()): null

2020-03-13 15:50:28 - [TEST_STEP][PASSED] - println(a.getText()): null

2020-03-13 15:50:28 - [TEST_STEP][PASSED] - delay(2): Delayed 2 second(s)

2020-03-13 15:50:30 - [MESSAGE][PASSED] - Delayed 2 second(s)

2020-03-13 15:50:30 - [TEST_STEP][PASSED] - click(findTestObject("ROLES/Roles_page/Pagination/front_navigation")): Object: 'Object Repository/ROLES/Roles_page/Pagination/front_navigation' is clicked on

2020-03-13 15:50:30 - [MESSAGE][PASSED] - Object: 'Object Repository/ROLES/Roles_page/Pagination/front_navigation' is clicked on

2020-03-13 15:50:30 - [TEST_STEP][PASSED] - RoleNames = findWebElements(findTestObject("ROLES/Roles_page/Role Names"), 2): null

2020-03-13 15:50:32 - [TEST_STEP][PASSED] - for (org.openqa.selenium.WebElement a : RoleNames): null

2020-03-13 15:50:32 - [TEST_STEP][PASSED] - AllRoleNames.add(getText().toLowerCase()): null

2020-03-13 15:50:32 - [TEST_STEP][PASSED] - println(a.getText()): null

2020-03-13 15:50:32 - [TEST_STEP][PASSED] - AllRoleNames.add(getText().toLowerCase()): null

2020-03-13 15:50:32 - [TEST_STEP][PASSED] - println(a.getText()): null

2020-03-13 15:50:32 - [TEST_STEP][PASSED] - AllRoleNames.add(getText().toLowerCase()): null

2020-03-13 15:50:32 - [TEST_STEP][PASSED] - println(a.getText()): null

2020-03-13 15:50:32 - [TEST_STEP][PASSED] - AllRoleNames.add(getText().toLowerCase()): null

2020-03-13 15:50:32 - [TEST_STEP][PASSED] - println(a.getText()): null

2020-03-13 15:50:32 - [TEST_STEP][PASSED] - AllRoleNames.add(getText().toLowerCase()): null

2020-03-13 15:50:32 - [TEST_STEP][PASSED] - println(a.getText()): null

2020-03-13 15:50:32 - [TEST_STEP][PASSED] - AllRoleNames.add(getText().toLowerCase()): null

2020-03-13 15:50:32 - [TEST_STEP][PASSED] - println(a.getText()): null

2020-03-13 15:50:32 - [TEST_STEP][PASSED] - AllRoleNames.add(getText().toLowerCase()): null

2020-03-13 15:50:32 - [TEST_STEP][PASSED] - println(a.getText()): null

2020-03-13 15:50:32 - [TEST_STEP][PASSED] - AllRoleNames.add(getText().toLowerCase()): null

2020-03-13 15:50:32 - [TEST_STEP][PASSED] - println(a.getText()): null

2020-03-13 15:50:32 - [TEST_STEP][PASSED] - AllRoleNames.add(getText().toLowerCase()): null

2020-03-13 15:50:32 - [TEST_STEP][PASSED] - println(a.getText()): null

2020-03-13 15:50:32 - [TEST_STEP][PASSED] - AllRoleNames.add(getText().toLowerCase()): null

2020-03-13 15:50:32 - [TEST_STEP][PASSED] - println(a.getText()): null

2020-03-13 15:50:32 - [TEST_STEP][PASSED] - delay(2): Delayed 2 second(s)

2020-03-13 15:50:34 - [MESSAGE][PASSED] - Delayed 2 second(s)

2020-03-13 15:50:34 - [TEST_STEP][PASSED] - click(findTestObject("ROLES/Roles_page/Pagination/front_navigation")): Object: 'Object Repository/ROLES/Roles_page/Pagination/front_navigation' is clicked on

2020-03-13 15:50:35 - [MESSAGE][PASSED] - Object: 'Object Repository/ROLES/Roles_page/Pagination/front_navigation' is clicked on

2020-03-13 15:50:35 - [TEST_STEP][PASSED] - RoleNames = findWebElements(findTestObject("ROLES/Roles_page/Role Names"), 2): null

2020-03-13 15:50:37 - [TEST_STEP][PASSED] - for (org.openqa.selenium.WebElement a : RoleNames): null

2020-03-13 15:50:37 - [TEST_STEP][PASSED] - AllRoleNames.add(getText().toLowerCase()): null

2020-03-13 15:50:37 - [TEST_STEP][PASSED] - println(a.getText()): null

2020-03-13 15:50:37 - [TEST_STEP][PASSED] - AllRoleNames.add(getText().toLowerCase()): null

2020-03-13 15:50:37 - [TEST_STEP][PASSED] - println(a.getText()): null

2020-03-13 15:50:37 - [TEST_STEP][PASSED] - AllRoleNames.add(getText().toLowerCase()): null

2020-03-13 15:50:37 - [TEST_STEP][PASSED] - println(a.getText()): null

2020-03-13 15:50:37 - [TEST_STEP][PASSED] - AllRoleNames.add(getText().toLowerCase()): null

2020-03-13 15:50:37 - [TEST_STEP][PASSED] - println(a.getText()): null

2020-03-13 15:50:37 - [TEST_STEP][PASSED] - AllRoleNames.add(getText().toLowerCase()): null

2020-03-13 15:50:37 - [TEST_STEP][PASSED] - println(a.getText()): null

2020-03-13 15:50:37 - [TEST_STEP][PASSED] - AllRoleNames.add(getText().toLowerCase()): null

2020-03-13 15:50:37 - [TEST_STEP][PASSED] - println(a.getText()): null

2020-03-13 15:50:37 - [TEST_STEP][PASSED] - AllRoleNames.add(getText().toLowerCase()): null

2020-03-13 15:50:37 - [TEST_STEP][PASSED] - println(a.getText()): null

2020-03-13 15:50:37 - [TEST_STEP][PASSED] - AllRoleNames.add(getText().toLowerCase()): null

2020-03-13 15:50:37 - [TEST_STEP][PASSED] - println(a.getText()): null

2020-03-13 15:50:37 - [TEST_STEP][PASSED] - AllRoleNames.add(getText().toLowerCase()): null

2020-03-13 15:50:37 - [TEST_STEP][PASSED] - println(a.getText()): null

2020-03-13 15:50:37 - [TEST_STEP][PASSED] - AllRoleNames.add(getText().toLowerCase()): null

2020-03-13 15:50:37 - [TEST_STEP][PASSED] - println(a.getText()): null

2020-03-13 15:50:37 - [TEST_STEP][PASSED] - delay(2): Delayed 2 second(s)

2020-03-13 15:50:39 - [MESSAGE][PASSED] - Delayed 2 second(s)

2020-03-13 15:50:39 - [TEST_STEP][PASSED] - click(findTestObject("ROLES/Roles_page/Pagination/front_navigation")): Object: 'Object Repository/ROLES/Roles_page/Pagination/front_navigation' is clicked on

2020-03-13 15:50:40 - [MESSAGE][PASSED] - Object: 'Object Repository/ROLES/Roles_page/Pagination/front_navigation' is clicked on

2020-03-13 15:50:40 - [TEST_STEP][PASSED] - RoleNames = findWebElements(findTestObject("ROLES/Roles_page/Role Names"), 2): null

2020-03-13 15:50:42 - [TEST_STEP][PASSED] - for (org.openqa.selenium.WebElement a : RoleNames): null

2020-03-13 15:50:42 - [TEST_STEP][PASSED] - AllRoleNames.add(getText().toLowerCase()): null

2020-03-13 15:50:42 - [TEST_STEP][PASSED] - println(a.getText()): null

2020-03-13 15:50:42 - [TEST_STEP][PASSED] - AllRoleNames.add(getText().toLowerCase()): null

2020-03-13 15:50:42 - [TEST_STEP][PASSED] - println(a.getText()): null

2020-03-13 15:50:42 - [TEST_STEP][PASSED] - AllRoleNames.add(getText().toLowerCase()): null

2020-03-13 15:50:42 - [TEST_STEP][PASSED] - println(a.getText()): null

2020-03-13 15:50:42 - [TEST_STEP][PASSED] - AllRoleNames.add(getText().toLowerCase()): null

2020-03-13 15:50:42 - [TEST_STEP][PASSED] - println(a.getText()): null

2020-03-13 15:50:42 - [TEST_STEP][PASSED] - AllRoleNames.add(getText().toLowerCase()): null

2020-03-13 15:50:42 - [TEST_STEP][PASSED] - println(a.getText()): null

2020-03-13 15:50:42 - [TEST_STEP][PASSED] - AllRoleNames.add(getText().toLowerCase()): null

2020-03-13 15:50:42 - [TEST_STEP][PASSED] - println(a.getText()): null

2020-03-13 15:50:42 - [TEST_STEP][PASSED] - AllRoleNames.add(getText().toLowerCase()): null

2020-03-13 15:50:42 - [TEST_STEP][PASSED] - println(a.getText()): null

2020-03-13 15:50:42 - [TEST_STEP][PASSED] - AllRoleNames.add(getText().toLowerCase()): null

2020-03-13 15:50:42 - [TEST_STEP][PASSED] - println(a.getText()): null

2020-03-13 15:50:42 - [TEST_STEP][PASSED] - AllRoleNames.add(getText().toLowerCase()): null

2020-03-13 15:50:42 - [TEST_STEP][PASSED] - println(a.getText()): null

2020-03-13 15:50:42 - [TEST_STEP][PASSED] - AllRoleNames.add(getText().toLowerCase()): null

2020-03-13 15:50:42 - [TEST_STEP][PASSED] - println(a.getText()): null

2020-03-13 15:50:42 - [TEST_STEP][PASSED] - delay(2): Delayed 2 second(s)

2020-03-13 15:50:44 - [MESSAGE][PASSED] - Delayed 2 second(s)

2020-03-13 15:50:44 - [TEST_STEP][PASSED] - click(findTestObject("ROLES/Roles_page/Pagination/front_navigation")): Object: 'Object Repository/ROLES/Roles_page/Pagination/front_navigation' is clicked on

2020-03-13 15:50:45 - [MESSAGE][PASSED] - Object: 'Object Repository/ROLES/Roles_page/Pagination/front_navigation' is clicked on

2020-03-13 15:50:45 - [TEST_STEP][PASSED] - RoleNames = findWebElements(findTestObject("ROLES/Roles_page/Role Names"), 2): null

2020-03-13 15:50:47 - [TEST_STEP][PASSED] - for (org.openqa.selenium.WebElement a : RoleNames): null

2020-03-13 15:50:47 - [TEST_STEP][PASSED] - AllRoleNames.add(getText().toLowerCase()): null

2020-03-13 15:50:47 - [TEST_STEP][PASSED] - println(a.getText()): null

2020-03-13 15:50:47 - [TEST_STEP][PASSED] - AllRoleNames.add(getText().toLowerCase()): null

2020-03-13 15:50:47 - [TEST_STEP][PASSED] - println(a.getText()): null

2020-03-13 15:50:47 - [TEST_STEP][PASSED] - AllRoleNames.add(getText().toLowerCase()): null

2020-03-13 15:50:48 - [TEST_STEP][PASSED] - println(a.getText()): null

2020-03-13 15:50:48 - [TEST_STEP][PASSED] - AllRoleNames.add(getText().toLowerCase()): null

2020-03-13 15:50:48 - [TEST_STEP][PASSED] - println(a.getText()): null

2020-03-13 15:50:48 - [TEST_STEP][PASSED] - AllRoleNames.add(getText().toLowerCase()): null

2020-03-13 15:50:48 - [TEST_STEP][PASSED] - println(a.getText()): null

2020-03-13 15:50:48 - [TEST_STEP][PASSED] - AllRoleNames.add(getText().toLowerCase()): null

2020-03-13 15:50:48 - [TEST_STEP][PASSED] - println(a.getText()): null

2020-03-13 15:50:48 - [TEST_STEP][PASSED] - AllRoleNames.add(getText().toLowerCase()): null

2020-03-13 15:50:48 - [TEST_STEP][PASSED] - println(a.getText()): null

2020-03-13 15:50:48 - [TEST_STEP][PASSED] - AllRoleNames.add(getText().toLowerCase()): null

2020-03-13 15:50:48 - [TEST_STEP][PASSED] - println(a.getText()): null

2020-03-13 15:50:48 - [TEST_STEP][PASSED] - delay(2): Delayed 2 second(s)

2020-03-13 15:50:50 - [MESSAGE][PASSED] - Delayed 2 second(s)

2020-03-13 15:50:50 - [TEST_STEP][PASSED] - click(findTestObject("ROLES/Roles_page/Pagination/front_navigation")): Object: 'Object Repository/ROLES/Roles_page/Pagination/front_navigation' is clicked on

2020-03-13 15:50:53 - [MESSAGE][PASSED] - Object: 'Object Repository/ROLES/Roles_page/Pagination/front_navigation' is clicked on

2020-03-13 15:50:53 - [TEST_STEP][PASSED] - if (j == 1): Text 'BACK_SPACE + BACK_SPACE + ENTER + 1' is set on object 'Object Repository/ROLES/Roles_page/Pagination/input_Page_form-control'

2020-03-13 15:50:53 - [TEST_STEP][PASSED] - isSorted = web.CustomKeyword.checkListDescending(AllRoleNames): web.CustomKeyword.checkListDescending is PASSED

2020-03-13 15:50:53 - [MESSAGE][PASSED] - web.CustomKeyword.checkListDescending is PASSED

2020-03-13 15:50:53 - [TEST_STEP][PASSED] - println(AllRoleNames.size()): null

2020-03-13 15:50:53 - [TEST_STEP][PASSED] - println(AllRoleNames): null

2020-03-13 15:50:53 - [TEST_STEP][PASSED] - verifyEqual(isSorted, true): Actual object 'true' and expected object 'true' are equal

2020-03-13 15:50:53 - [MESSAGE][PASSED] - Actual object 'true' and expected object 'true' are equal

2020-03-13 15:50:53 - [TEST_STEP][PASSED] - clearText(findTestObject("Object Repository/ROLES/Roles_page/Pagination/input_Page_form-control")): Text of object 'Object Repository/ROLES/Roles_page/Pagination/input_Page_form-control' is cleared

2020-03-13 15:50:53 - [MESSAGE][PASSED] - Text of object 'Object Repository/ROLES/Roles_page/Pagination/input_Page_form-control' is cleared

2020-03-13 15:50:53 - [TEST_STEP][PASSED] - setText(findTestObject("Object Repository/ROLES/Roles_page/Pagination/input_Page_form-control"), BACK_SPACE + BACK_SPACE + "1" + ENTER): Text 'BACK_SPACE + BACK_SPACE + ENTER + 1' is set on object 'Object Repository/ROLES/Roles_page/Pagination/input_Page_form-control'

2020-03-13 15:50:54 - [MESSAGE][PASSED] - Text 'BACK_SPACE + BACK_SPACE + ENTER + 1' is set on object 'Object Repository/ROLES/Roles_page/Pagination/input_Page_form-control'

2020-03-13 15:50:54 - [TEST_STEP][PASSED] - if (j == 2): null

2020-03-13 15:50:54 - [TEST_STEP][PASSED] - click(findTestObject("ROLES/Roles_page/sorting/RoleName_header")): Object: 'Object Repository/ROLES/Roles_page/sorting/RoleName_header' is clicked on

2020-03-13 15:50:55 - [MESSAGE][PASSED] - Object: 'Object Repository/ROLES/Roles_page/sorting/RoleName_header' is clicked on

2020-03-13 15:50:55 - [TEST_STEP][PASSED] - RoleNames = <not implemented yet for class: org.codehaus.groovy.ast.expr.EmptyExpression>: null

2020-03-13 15:50:55 - [TEST_STEP][PASSED] - AllRoleNames = new java.util.ArrayList(): null

2020-03-13 15:50:55 - [TEST_STEP][PASSED] - for ([i = 1, i <= noOfPages, (i++)]): Object: 'Object Repository/ROLES/Roles_page/Pagination/front_navigation' is clicked on

2020-03-13 15:50:55 - [TEST_STEP][PASSED] - RoleNames = findWebElements(findTestObject("ROLES/Roles_page/Role Names"), 2): null

2020-03-13 15:50:57 - [TEST_STEP][PASSED] - for (org.openqa.selenium.WebElement a : RoleNames): null

2020-03-13 15:50:57 - [TEST_STEP][PASSED] - AllRoleNames.add(getText().toLowerCase()): null

2020-03-13 15:50:57 - [TEST_STEP][PASSED] - println(a.getText()): null

2020-03-13 15:50:57 - [TEST_STEP][PASSED] - AllRoleNames.add(getText().toLowerCase()): null

2020-03-13 15:50:57 - [TEST_STEP][PASSED] - println(a.getText()): null

2020-03-13 15:50:57 - [TEST_STEP][PASSED] - AllRoleNames.add(getText().toLowerCase()): null

2020-03-13 15:50:57 - [TEST_STEP][PASSED] - println(a.getText()): null

2020-03-13 15:50:57 - [TEST_STEP][PASSED] - AllRoleNames.add(getText().toLowerCase()): null

2020-03-13 15:50:57 - [TEST_STEP][PASSED] - println(a.getText()): null

2020-03-13 15:50:57 - [TEST_STEP][PASSED] - AllRoleNames.add(getText().toLowerCase()): null

2020-03-13 15:50:57 - [TEST_STEP][PASSED] - println(a.getText()): null

2020-03-13 15:50:57 - [TEST_STEP][PASSED] - AllRoleNames.add(getText().toLowerCase()): null

2020-03-13 15:50:57 - [TEST_STEP][PASSED] - println(a.getText()): null

2020-03-13 15:50:57 - [TEST_STEP][PASSED] - AllRoleNames.add(getText().toLowerCase()): null

2020-03-13 15:50:57 - [TEST_STEP][PASSED] - println(a.getText()): null

2020-03-13 15:50:57 - [TEST_STEP][PASSED] - AllRoleNames.add(getText().toLowerCase()): null

2020-03-13 15:50:57 - [TEST_STEP][PASSED] - println(a.getText()): null

2020-03-13 15:50:57 - [TEST_STEP][PASSED] - AllRoleNames.add(getText().toLowerCase()): null

2020-03-13 15:50:57 - [TEST_STEP][PASSED] - println(a.getText()): null

2020-03-13 15:50:57 - [TEST_STEP][PASSED] - AllRoleNames.add(getText().toLowerCase()): null

2020-03-13 15:50:57 - [TEST_STEP][PASSED] - println(a.getText()): null

2020-03-13 15:50:57 - [TEST_STEP][PASSED] - delay(2): Delayed 2 second(s)

2020-03-13 15:50:59 - [MESSAGE][PASSED] - Delayed 2 second(s)

2020-03-13 15:50:59 - [TEST_STEP][PASSED] - click(findTestObject("ROLES/Roles_page/Pagination/front_navigation")): Object: 'Object Repository/ROLES/Roles_page/Pagination/front_navigation' is clicked on

2020-03-13 15:51:00 - [MESSAGE][PASSED] - Object: 'Object Repository/ROLES/Roles_page/Pagination/front_navigation' is clicked on

2020-03-13 15:51:00 - [TEST_STEP][PASSED] - RoleNames = findWebElements(findTestObject("ROLES/Roles_page/Role Names"), 2): null

2020-03-13 15:51:01 - [TEST_STEP][PASSED] - for (org.openqa.selenium.WebElement a : RoleNames): null

2020-03-13 15:51:01 - [TEST_STEP][PASSED] - AllRoleNames.add(getText().toLowerCase()): null

2020-03-13 15:51:01 - [TEST_STEP][PASSED] - println(a.getText()): null

2020-03-13 15:51:01 - [TEST_STEP][PASSED] - AllRoleNames.add(getText().toLowerCase()): null

2020-03-13 15:51:01 - [TEST_STEP][PASSED] - println(a.getText()): null

2020-03-13 15:51:01 - [TEST_STEP][PASSED] - AllRoleNames.add(getText().toLowerCase()): null

2020-03-13 15:51:01 - [TEST_STEP][PASSED] - println(a.getText()): null

2020-03-13 15:51:01 - [TEST_STEP][PASSED] - AllRoleNames.add(getText().toLowerCase()): null

2020-03-13 15:51:01 - [TEST_STEP][PASSED] - println(a.getText()): null

2020-03-13 15:51:01 - [TEST_STEP][PASSED] - AllRoleNames.add(getText().toLowerCase()): null

2020-03-13 15:51:01 - [TEST_STEP][PASSED] - println(a.getText()): null

2020-03-13 15:51:01 - [TEST_STEP][PASSED] - AllRoleNames.add(getText().toLowerCase()): null

2020-03-13 15:51:01 - [TEST_STEP][PASSED] - println(a.getText()): null

2020-03-13 15:51:01 - [TEST_STEP][PASSED] - AllRoleNames.add(getText().toLowerCase()): null

2020-03-13 15:51:01 - [TEST_STEP][PASSED] - println(a.getText()): null

2020-03-13 15:51:02 - [TEST_STEP][PASSED] - AllRoleNames.add(getText().toLowerCase()): null

2020-03-13 15:51:02 - [TEST_STEP][PASSED] - println(a.getText()): null

2020-03-13 15:51:02 - [TEST_STEP][PASSED] - AllRoleNames.add(getText().toLowerCase()): null

2020-03-13 15:51:02 - [TEST_STEP][PASSED] - println(a.getText()): null

2020-03-13 15:51:02 - [TEST_STEP][PASSED] - AllRoleNames.add(getText().toLowerCase()): null

2020-03-13 15:51:02 - [TEST_STEP][PASSED] - println(a.getText()): null

2020-03-13 15:51:02 - [TEST_STEP][PASSED] - delay(2): Delayed 2 second(s)

2020-03-13 15:51:04 - [MESSAGE][PASSED] - Delayed 2 second(s)

2020-03-13 15:51:04 - [TEST_STEP][PASSED] - click(findTestObject("ROLES/Roles_page/Pagination/front_navigation")): Object: 'Object Repository/ROLES/Roles_page/Pagination/front_navigation' is clicked on

2020-03-13 15:51:04 - [MESSAGE][PASSED] - Object: 'Object Repository/ROLES/Roles_page/Pagination/front_navigation' is clicked on

2020-03-13 15:51:04 - [TEST_STEP][PASSED] - RoleNames = findWebElements(findTestObject("ROLES/Roles_page/Role Names"), 2): null

2020-03-13 15:51:05 - [TEST_STEP][PASSED] - for (org.openqa.selenium.WebElement a : RoleNames): null

2020-03-13 15:51:05 - [TEST_STEP][PASSED] - AllRoleNames.add(getText().toLowerCase()): null

2020-03-13 15:51:05 - [TEST_STEP][PASSED] - println(a.getText()): null

2020-03-13 15:51:05 - [TEST_STEP][PASSED] - AllRoleNames.add(getText().toLowerCase()): null

2020-03-13 15:51:05 - [TEST_STEP][PASSED] - println(a.getText()): null

2020-03-13 15:51:05 - [TEST_STEP][PASSED] - AllRoleNames.add(getText().toLowerCase()): null

2020-03-13 15:51:05 - [TEST_STEP][PASSED] - println(a.getText()): null

2020-03-13 15:51:05 - [TEST_STEP][PASSED] - AllRoleNames.add(getText().toLowerCase()): null

2020-03-13 15:51:05 - [TEST_STEP][PASSED] - println(a.getText()): null

2020-03-13 15:51:05 - [TEST_STEP][PASSED] - AllRoleNames.add(getText().toLowerCase()): null

2020-03-13 15:51:05 - [TEST_STEP][PASSED] - println(a.getText()): null

2020-03-13 15:51:05 - [TEST_STEP][PASSED] - AllRoleNames.add(getText().toLowerCase()): null

2020-03-13 15:51:05 - [TEST_STEP][PASSED] - println(a.getText()): null

2020-03-13 15:51:05 - [TEST_STEP][PASSED] - AllRoleNames.add(getText().toLowerCase()): null

2020-03-13 15:51:06 - [TEST_STEP][PASSED] - println(a.getText()): null

2020-03-13 15:51:06 - [TEST_STEP][PASSED] - AllRoleNames.add(getText().toLowerCase()): null

2020-03-13 15:51:06 - [TEST_STEP][PASSED] - println(a.getText()): null

2020-03-13 15:51:06 - [TEST_STEP][PASSED] - AllRoleNames.add(getText().toLowerCase()): null

2020-03-13 15:51:06 - [TEST_STEP][PASSED] - println(a.getText()): null

2020-03-13 15:51:06 - [TEST_STEP][PASSED] - AllRoleNames.add(getText().toLowerCase()): null

2020-03-13 15:51:06 - [TEST_STEP][PASSED] - println(a.getText()): null

2020-03-13 15:51:06 - [TEST_STEP][PASSED] - delay(2): Delayed 2 second(s)

2020-03-13 15:51:08 - [MESSAGE][PASSED] - Delayed 2 second(s)

2020-03-13 15:51:08 - [TEST_STEP][PASSED] - click(findTestObject("ROLES/Roles_page/Pagination/front_navigation")): Object: 'Object Repository/ROLES/Roles_page/Pagination/front_navigation' is clicked on

2020-03-13 15:51:08 - [MESSAGE][PASSED] - Object: 'Object Repository/ROLES/Roles_page/Pagination/front_navigation' is clicked on

2020-03-13 15:51:08 - [TEST_STEP][PASSED] - RoleNames = findWebElements(findTestObject("ROLES/Roles_page/Role Names"), 2): null

2020-03-13 15:51:09 - [TEST_STEP][PASSED] - for (org.openqa.selenium.WebElement a : RoleNames): null

2020-03-13 15:51:09 - [TEST_STEP][PASSED] - AllRoleNames.add(getText().toLowerCase()): null

2020-03-13 15:51:09 - [TEST_STEP][PASSED] - println(a.getText()): null

2020-03-13 15:51:09 - [TEST_STEP][PASSED] - AllRoleNames.add(getText().toLowerCase()): null

2020-03-13 15:51:09 - [TEST_STEP][PASSED] - println(a.getText()): null

2020-03-13 15:51:09 - [TEST_STEP][PASSED] - AllRoleNames.add(getText().toLowerCase()): null

2020-03-13 15:51:09 - [TEST_STEP][PASSED] - println(a.getText()): null

2020-03-13 15:51:09 - [TEST_STEP][PASSED] - AllRoleNames.add(getText().toLowerCase()): null

2020-03-13 15:51:09 - [TEST_STEP][PASSED] - println(a.getText()): null

2020-03-13 15:51:09 - [TEST_STEP][PASSED] - AllRoleNames.add(getText().toLowerCase()): null

2020-03-13 15:51:09 - [TEST_STEP][PASSED] - println(a.getText()): null

2020-03-13 15:51:09 - [TEST_STEP][PASSED] - AllRoleNames.add(getText().toLowerCase()): null

2020-03-13 15:51:09 - [TEST_STEP][PASSED] - println(a.getText()): null

2020-03-13 15:51:09 - [TEST_STEP][PASSED] - AllRoleNames.add(getText().toLowerCase()): null

2020-03-13 15:51:09 - [TEST_STEP][PASSED] - println(a.getText()): null

2020-03-13 15:51:09 - [TEST_STEP][PASSED] - AllRoleNames.add(getText().toLowerCase()): null

2020-03-13 15:51:09 - [TEST_STEP][PASSED] - println(a.getText()): null

2020-03-13 15:51:09 - [TEST_STEP][PASSED] - AllRoleNames.add(getText().toLowerCase()): null

2020-03-13 15:51:09 - [TEST_STEP][PASSED] - println(a.getText()): null

2020-03-13 15:51:09 - [TEST_STEP][PASSED] - AllRoleNames.add(getText().toLowerCase()): null

2020-03-13 15:51:09 - [TEST_STEP][PASSED] - println(a.getText()): null

2020-03-13 15:51:09 - [TEST_STEP][PASSED] - delay(2): Delayed 2 second(s)

2020-03-13 15:51:11 - [MESSAGE][PASSED] - Delayed 2 second(s)

2020-03-13 15:51:11 - [TEST_STEP][PASSED] - click(findTestObject("ROLES/Roles_page/Pagination/front_navigation")): Object: 'Object Repository/ROLES/Roles_page/Pagination/front_navigation' is clicked on

2020-03-13 15:51:12 - [MESSAGE][PASSED] - Object: 'Object Repository/ROLES/Roles_page/Pagination/front_navigation' is clicked on

2020-03-13 15:51:12 - [TEST_STEP][PASSED] - RoleNames = findWebElements(findTestObject("ROLES/Roles_page/Role Names"), 2): null

2020-03-13 15:51:13 - [TEST_STEP][PASSED] - for (org.openqa.selenium.WebElement a : RoleNames): null

2020-03-13 15:51:13 - [TEST_STEP][PASSED] - AllRoleNames.add(getText().toLowerCase()): null

2020-03-13 15:51:13 - [TEST_STEP][PASSED] - println(a.getText()): null

2020-03-13 15:51:13 - [TEST_STEP][PASSED] - AllRoleNames.add(getText().toLowerCase()): null

2020-03-13 15:51:13 - [TEST_STEP][PASSED] - println(a.getText()): null

2020-03-13 15:51:13 - [TEST_STEP][PASSED] - AllRoleNames.add(getText().toLowerCase()): null

2020-03-13 15:51:13 - [TEST_STEP][PASSED] - println(a.getText()): null

2020-03-13 15:51:13 - [TEST_STEP][PASSED] - AllRoleNames.add(getText().toLowerCase()): null

2020-03-13 15:51:13 - [TEST_STEP][PASSED] - println(a.getText()): null

2020-03-13 15:51:13 - [TEST_STEP][PASSED] - AllRoleNames.add(getText().toLowerCase()): null

2020-03-13 15:51:13 - [TEST_STEP][PASSED] - println(a.getText()): null

2020-03-13 15:51:13 - [TEST_STEP][PASSED] - AllRoleNames.add(getText().toLowerCase()): null

2020-03-13 15:51:13 - [TEST_STEP][PASSED] - println(a.getText()): null

2020-03-13 15:51:13 - [TEST_STEP][PASSED] - AllRoleNames.add(getText().toLowerCase()): null

2020-03-13 15:51:13 - [TEST_STEP][PASSED] - println(a.getText()): null

2020-03-13 15:51:13 - [TEST_STEP][PASSED] - AllRoleNames.add(getText().toLowerCase()): null

2020-03-13 15:51:13 - [TEST_STEP][PASSED] - println(a.getText()): null

2020-03-13 15:51:13 - [TEST_STEP][PASSED] - AllRoleNames.add(getText().toLowerCase()): null

2020-03-13 15:51:13 - [TEST_STEP][PASSED] - println(a.getText()): null

2020-03-13 15:51:13 - [TEST_STEP][PASSED] - AllRoleNames.add(getText().toLowerCase()): null

2020-03-13 15:51:13 - [TEST_STEP][PASSED] - println(a.getText()): null

2020-03-13 15:51:13 - [TEST_STEP][PASSED] - delay(2): Delayed 2 second(s)

2020-03-13 15:51:15 - [MESSAGE][PASSED] - Delayed 2 second(s)

2020-03-13 15:51:15 - [TEST_STEP][PASSED] - click(findTestObject("ROLES/Roles_page/Pagination/front_navigation")): Object: 'Object Repository/ROLES/Roles_page/Pagination/front_navigation' is clicked on

2020-03-13 15:51:16 - [MESSAGE][PASSED] - Object: 'Object Repository/ROLES/Roles_page/Pagination/front_navigation' is clicked on

2020-03-13 15:51:16 - [TEST_STEP][PASSED] - RoleNames = findWebElements(findTestObject("ROLES/Roles_page/Role Names"), 2): null

2020-03-13 15:51:17 - [TEST_STEP][PASSED] - for (org.openqa.selenium.WebElement a : RoleNames): null

2020-03-13 15:51:17 - [TEST_STEP][PASSED] - AllRoleNames.add(getText().toLowerCase()): null

2020-03-13 15:51:17 - [TEST_STEP][PASSED] - println(a.getText()): null

2020-03-13 15:51:17 - [TEST_STEP][PASSED] - AllRoleNames.add(getText().toLowerCase()): null

2020-03-13 15:51:17 - [TEST_STEP][PASSED] - println(a.getText()): null

2020-03-13 15:51:17 - [TEST_STEP][PASSED] - AllRoleNames.add(getText().toLowerCase()): null

2020-03-13 15:51:17 - [TEST_STEP][PASSED] - println(a.getText()): null

2020-03-13 15:51:17 - [TEST_STEP][PASSED] - AllRoleNames.add(getText().toLowerCase()): null

2020-03-13 15:51:17 - [TEST_STEP][PASSED] - println(a.getText()): null

2020-03-13 15:51:17 - [TEST_STEP][PASSED] - AllRoleNames.add(getText().toLowerCase()): null

2020-03-13 15:51:17 - [TEST_STEP][PASSED] - println(a.getText()): null

2020-03-13 15:51:17 - [TEST_STEP][PASSED] - AllRoleNames.add(getText().toLowerCase()): null

2020-03-13 15:51:17 - [TEST_STEP][PASSED] - println(a.getText()): null

2020-03-13 15:51:17 - [TEST_STEP][PASSED] - AllRoleNames.add(getText().toLowerCase()): null

2020-03-13 15:51:17 - [TEST_STEP][PASSED] - println(a.getText()): null

2020-03-13 15:51:17 - [TEST_STEP][PASSED] - AllRoleNames.add(getText().toLowerCase()): null

2020-03-13 15:51:17 - [TEST_STEP][PASSED] - println(a.getText()): null

2020-03-13 15:51:17 - [TEST_STEP][PASSED] - AllRoleNames.add(getText().toLowerCase()): null

2020-03-13 15:51:17 - [TEST_STEP][PASSED] - println(a.getText()): null

2020-03-13 15:51:17 - [TEST_STEP][PASSED] - AllRoleNames.add(getText().toLowerCase()): null

2020-03-13 15:51:17 - [TEST_STEP][PASSED] - println(a.getText()): null

2020-03-13 15:51:17 - [TEST_STEP][PASSED] - delay(2): Delayed 2 second(s)

2020-03-13 15:51:19 - [MESSAGE][PASSED] - Delayed 2 second(s)

2020-03-13 15:51:19 - [TEST_STEP][PASSED] - click(findTestObject("ROLES/Roles_page/Pagination/front_navigation")): Object: 'Object Repository/ROLES/Roles_page/Pagination/front_navigation' is clicked on

2020-03-13 15:51:20 - [MESSAGE][PASSED] - Object: 'Object Repository/ROLES/Roles_page/Pagination/front_navigation' is clicked on

2020-03-13 15:51:20 - [TEST_STEP][PASSED] - RoleNames = findWebElements(findTestObject("ROLES/Roles_page/Role Names"), 2): null

2020-03-13 15:51:21 - [TEST_STEP][PASSED] - for (org.openqa.selenium.WebElement a : RoleNames): null

2020-03-13 15:51:21 - [TEST_STEP][PASSED] - AllRoleNames.add(getText().toLowerCase()): null

2020-03-13 15:51:21 - [TEST_STEP][PASSED] - println(a.getText()): null

2020-03-13 15:51:21 - [TEST_STEP][PASSED] - AllRoleNames.add(getText().toLowerCase()): null

2020-03-13 15:51:21 - [TEST_STEP][PASSED] - println(a.getText()): null

2020-03-13 15:51:21 - [TEST_STEP][PASSED] - AllRoleNames.add(getText().toLowerCase()): null

2020-03-13 15:51:21 - [TEST_STEP][PASSED] - println(a.getText()): null

2020-03-13 15:51:21 - [TEST_STEP][PASSED] - AllRoleNames.add(getText().toLowerCase()): null

2020-03-13 15:51:21 - [TEST_STEP][PASSED] - println(a.getText()): null

2020-03-13 15:51:21 - [TEST_STEP][PASSED] - AllRoleNames.add(getText().toLowerCase()): null

2020-03-13 15:51:21 - [TEST_STEP][PASSED] - println(a.getText()): null

2020-03-13 15:51:21 - [TEST_STEP][PASSED] - AllRoleNames.add(getText().toLowerCase()): null

2020-03-13 15:51:21 - [TEST_STEP][PASSED] - println(a.getText()): null

2020-03-13 15:51:21 - [TEST_STEP][PASSED] - AllRoleNames.add(getText().toLowerCase()): null

2020-03-13 15:51:21 - [TEST_STEP][PASSED] - println(a.getText()): null

2020-03-13 15:51:21 - [TEST_STEP][PASSED] - AllRoleNames.add(getText().toLowerCase()): null

2020-03-13 15:51:21 - [TEST_STEP][PASSED] - println(a.getText()): null

2020-03-13 15:51:21 - [TEST_STEP][PASSED] - AllRoleNames.add(getText().toLowerCase()): null

2020-03-13 15:51:21 - [TEST_STEP][PASSED] - println(a.getText()): null

2020-03-13 15:51:21 - [TEST_STEP][PASSED] - AllRoleNames.add(getText().toLowerCase()): null

2020-03-13 15:51:21 - [TEST_STEP][PASSED] - println(a.getText()): null

2020-03-13 15:51:21 - [TEST_STEP][PASSED] - delay(2): Delayed 2 second(s)

2020-03-13 15:51:23 - [MESSAGE][PASSED] - Delayed 2 second(s)

2020-03-13 15:51:23 - [TEST_STEP][PASSED] - click(findTestObject("ROLES/Roles_page/Pagination/front_navigation")): Object: 'Object Repository/ROLES/Roles_page/Pagination/front_navigation' is clicked on

2020-03-13 15:51:24 - [MESSAGE][PASSED] - Object: 'Object Repository/ROLES/Roles_page/Pagination/front_navigation' is clicked on

2020-03-13 15:51:24 - [TEST_STEP][PASSED] - RoleNames = findWebElements(findTestObject("ROLES/Roles_page/Role Names"), 2): null

2020-03-13 15:51:25 - [TEST_STEP][PASSED] - for (org.openqa.selenium.WebElement a : RoleNames): null

2020-03-13 15:51:25 - [TEST_STEP][PASSED] - AllRoleNames.add(getText().toLowerCase()): null

2020-03-13 15:51:25 - [TEST_STEP][PASSED] - println(a.getText()): null

2020-03-13 15:51:25 - [TEST_STEP][PASSED] - AllRoleNames.add(getText().toLowerCase()): null

2020-03-13 15:51:25 - [TEST_STEP][PASSED] - println(a.getText()): null

2020-03-13 15:51:25 - [TEST_STEP][PASSED] - AllRoleNames.add(getText().toLowerCase()): null

2020-03-13 15:51:25 - [TEST_STEP][PASSED] - println(a.getText()): null

2020-03-13 15:51:25 - [TEST_STEP][PASSED] - AllRoleNames.add(getText().toLowerCase()): null

2020-03-13 15:51:25 - [TEST_STEP][PASSED] - println(a.getText()): null

2020-03-13 15:51:25 - [TEST_STEP][PASSED] - AllRoleNames.add(getText().toLowerCase()): null

2020-03-13 15:51:25 - [TEST_STEP][PASSED] - println(a.getText()): null

2020-03-13 15:51:25 - [TEST_STEP][PASSED] - AllRoleNames.add(getText().toLowerCase()): null

2020-03-13 15:51:25 - [TEST_STEP][PASSED] - println(a.getText()): null

2020-03-13 15:51:25 - [TEST_STEP][PASSED] - AllRoleNames.add(getText().toLowerCase()): null

2020-03-13 15:51:25 - [TEST_STEP][PASSED] - println(a.getText()): null

2020-03-13 15:51:25 - [TEST_STEP][PASSED] - AllRoleNames.add(getText().toLowerCase()): null

2020-03-13 15:51:25 - [TEST_STEP][PASSED] - println(a.getText()): null

2020-03-13 15:51:25 - [TEST_STEP][PASSED] - AllRoleNames.add(getText().toLowerCase()): null

2020-03-13 15:51:25 - [TEST_STEP][PASSED] - println(a.getText()): null

2020-03-13 15:51:25 - [TEST_STEP][PASSED] - AllRoleNames.add(getText().toLowerCase()): null

2020-03-13 15:51:25 - [TEST_STEP][PASSED] - println(a.getText()): null

2020-03-13 15:51:25 - [TEST_STEP][PASSED] - delay(2): Delayed 2 second(s)

2020-03-13 15:51:27 - [MESSAGE][PASSED] - Delayed 2 second(s)

2020-03-13 15:51:27 - [TEST_STEP][PASSED] - click(findTestObject("ROLES/Roles_page/Pagination/front_navigation")): Object: 'Object Repository/ROLES/Roles_page/Pagination/front_navigation' is clicked on

2020-03-13 15:51:28 - [MESSAGE][PASSED] - Object: 'Object Repository/ROLES/Roles_page/Pagination/front_navigation' is clicked on

2020-03-13 15:51:28 - [TEST_STEP][PASSED] - RoleNames = findWebElements(findTestObject("ROLES/Roles_page/Role Names"), 2): null

2020-03-13 15:51:29 - [TEST_STEP][PASSED] - for (org.openqa.selenium.WebElement a : RoleNames): null

2020-03-13 15:51:29 - [TEST_STEP][PASSED] - AllRoleNames.add(getText().toLowerCase()): null

2020-03-13 15:51:29 - [TEST_STEP][PASSED] - println(a.getText()): null

2020-03-13 15:51:29 - [TEST_STEP][PASSED] - AllRoleNames.add(getText().toLowerCase()): null

2020-03-13 15:51:29 - [TEST_STEP][PASSED] - println(a.getText()): null

2020-03-13 15:51:29 - [TEST_STEP][PASSED] - AllRoleNames.add(getText().toLowerCase()): null

2020-03-13 15:51:29 - [TEST_STEP][PASSED] - println(a.getText()): null

2020-03-13 15:51:29 - [TEST_STEP][PASSED] - AllRoleNames.add(getText().toLowerCase()): null

2020-03-13 15:51:29 - [TEST_STEP][PASSED] - println(a.getText()): null

2020-03-13 15:51:29 - [TEST_STEP][PASSED] - AllRoleNames.add(getText().toLowerCase()): null

2020-03-13 15:51:29 - [TEST_STEP][PASSED] - println(a.getText()): null

2020-03-13 15:51:29 - [TEST_STEP][PASSED] - AllRoleNames.add(getText().toLowerCase()): null

2020-03-13 15:51:29 - [TEST_STEP][PASSED] - println(a.getText()): null

2020-03-13 15:51:29 - [TEST_STEP][PASSED] - AllRoleNames.add(getText().toLowerCase()): null

2020-03-13 15:51:29 - [TEST_STEP][PASSED] - println(a.getText()): null

2020-03-13 15:51:29 - [TEST_STEP][PASSED] - AllRoleNames.add(getText().toLowerCase()): null

2020-03-13 15:51:29 - [TEST_STEP][PASSED] - println(a.getText()): null

2020-03-13 15:51:29 - [TEST_STEP][PASSED] - AllRoleNames.add(getText().toLowerCase()): null

2020-03-13 15:51:29 - [TEST_STEP][PASSED] - println(a.getText()): null

2020-03-13 15:51:29 - [TEST_STEP][PASSED] - AllRoleNames.add(getText().toLowerCase()): null

2020-03-13 15:51:29 - [TEST_STEP][PASSED] - println(a.getText()): null

2020-03-13 15:51:29 - [TEST_STEP][PASSED] - delay(2): Delayed 2 second(s)

2020-03-13 15:51:31 - [MESSAGE][PASSED] - Delayed 2 second(s)

2020-03-13 15:51:31 - [TEST_STEP][PASSED] - click(findTestObject("ROLES/Roles_page/Pagination/front_navigation")): Object: 'Object Repository/ROLES/Roles_page/Pagination/front_navigation' is clicked on

2020-03-13 15:51:31 - [MESSAGE][PASSED] - Object: 'Object Repository/ROLES/Roles_page/Pagination/front_navigation' is clicked on

2020-03-13 15:51:31 - [TEST_STEP][PASSED] - RoleNames = findWebElements(findTestObject("ROLES/Roles_page/Role Names"), 2): null

2020-03-13 15:51:33 - [TEST_STEP][PASSED] - for (org.openqa.selenium.WebElement a : RoleNames): null

2020-03-13 15:51:33 - [TEST_STEP][PASSED] - AllRoleNames.add(getText().toLowerCase()): null

2020-03-13 15:51:33 - [TEST_STEP][PASSED] - println(a.getText()): null

2020-03-13 15:51:33 - [TEST_STEP][PASSED] - AllRoleNames.add(getText().toLowerCase()): null

2020-03-13 15:51:33 - [TEST_STEP][PASSED] - println(a.getText()): null

2020-03-13 15:51:33 - [TEST_STEP][PASSED] - AllRoleNames.add(getText().toLowerCase()): null

2020-03-13 15:51:33 - [TEST_STEP][PASSED] - println(a.getText()): null

2020-03-13 15:51:33 - [TEST_STEP][PASSED] - AllRoleNames.add(getText().toLowerCase()): null

2020-03-13 15:51:33 - [TEST_STEP][PASSED] - println(a.getText()): null

2020-03-13 15:51:33 - [TEST_STEP][PASSED] - AllRoleNames.add(getText().toLowerCase()): null

2020-03-13 15:51:33 - [TEST_STEP][PASSED] - println(a.getText()): null

2020-03-13 15:51:33 - [TEST_STEP][PASSED] - AllRoleNames.add(getText().toLowerCase()): null

2020-03-13 15:51:33 - [TEST_STEP][PASSED] - println(a.getText()): null

2020-03-13 15:51:33 - [TEST_STEP][PASSED] - AllRoleNames.add(getText().toLowerCase()): null

2020-03-13 15:51:33 - [TEST_STEP][PASSED] - println(a.getText()): null

2020-03-13 15:51:33 - [TEST_STEP][PASSED] - AllRoleNames.add(getText().toLowerCase()): null

2020-03-13 15:51:33 - [TEST_STEP][PASSED] - println(a.getText()): null

2020-03-13 15:51:33 - [TEST_STEP][PASSED] - AllRoleNames.add(getText().toLowerCase()): null

2020-03-13 15:51:33 - [TEST_STEP][PASSED] - println(a.getText()): null

2020-03-13 15:51:33 - [TEST_STEP][PASSED] - AllRoleNames.add(getText().toLowerCase()): null

2020-03-13 15:51:33 - [TEST_STEP][PASSED] - println(a.getText()): null

2020-03-13 15:51:33 - [TEST_STEP][PASSED] - delay(2): Delayed 2 second(s)

2020-03-13 15:51:35 - [MESSAGE][PASSED] - Delayed 2 second(s)

2020-03-13 15:51:35 - [TEST_STEP][PASSED] - click(findTestObject("ROLES/Roles_page/Pagination/front_navigation")): Object: 'Object Repository/ROLES/Roles_page/Pagination/front_navigation' is clicked on

2020-03-13 15:51:35 - [MESSAGE][PASSED] - Object: 'Object Repository/ROLES/Roles_page/Pagination/front_navigation' is clicked on

2020-03-13 15:51:35 - [TEST_STEP][PASSED] - RoleNames = findWebElements(findTestObject("ROLES/Roles_page/Role Names"), 2): null

2020-03-13 15:51:36 - [TEST_STEP][PASSED] - for (org.openqa.selenium.WebElement a : RoleNames): null

2020-03-13 15:51:36 - [TEST_STEP][PASSED] - AllRoleNames.add(getText().toLowerCase()): null

2020-03-13 15:51:36 - [TEST_STEP][PASSED] - println(a.getText()): null

2020-03-13 15:51:36 - [TEST_STEP][PASSED] - AllRoleNames.add(getText().toLowerCase()): null

2020-03-13 15:51:36 - [TEST_STEP][PASSED] - println(a.getText()): null

2020-03-13 15:51:36 - [TEST_STEP][PASSED] - AllRoleNames.add(getText().toLowerCase()): null

2020-03-13 15:51:36 - [TEST_STEP][PASSED] - println(a.getText()): null

2020-03-13 15:51:36 - [TEST_STEP][PASSED] - AllRoleNames.add(getText().toLowerCase()): null

2020-03-13 15:51:37 - [TEST_STEP][PASSED] - println(a.getText()): null

2020-03-13 15:51:37 - [TEST_STEP][PASSED] - AllRoleNames.add(getText().toLowerCase()): null

2020-03-13 15:51:37 - [TEST_STEP][PASSED] - println(a.getText()): null

2020-03-13 15:51:37 - [TEST_STEP][PASSED] - AllRoleNames.add(getText().toLowerCase()): null

2020-03-13 15:51:37 - [TEST_STEP][PASSED] - println(a.getText()): null

2020-03-13 15:51:37 - [TEST_STEP][PASSED] - AllRoleNames.add(getText().toLowerCase()): null

2020-03-13 15:51:37 - [TEST_STEP][PASSED] - println(a.getText()): null

2020-03-13 15:51:37 - [TEST_STEP][PASSED] - AllRoleNames.add(getText().toLowerCase()): null

2020-03-13 15:51:37 - [TEST_STEP][PASSED] - println(a.getText()): null

2020-03-13 15:51:37 - [TEST_STEP][PASSED] - AllRoleNames.add(getText().toLowerCase()): null

2020-03-13 15:51:37 - [TEST_STEP][PASSED] - println(a.getText()): null

2020-03-13 15:51:37 - [TEST_STEP][PASSED] - AllRoleNames.add(getText().toLowerCase()): null

2020-03-13 15:51:37 - [TEST_STEP][PASSED] - println(a.getText()): null

2020-03-13 15:51:37 - [TEST_STEP][PASSED] - delay(2): Delayed 2 second(s)

2020-03-13 15:51:39 - [MESSAGE][PASSED] - Delayed 2 second(s)

2020-03-13 15:51:39 - [TEST_STEP][PASSED] - click(findTestObject("ROLES/Roles_page/Pagination/front_navigation")): Object: 'Object Repository/ROLES/Roles_page/Pagination/front_navigation' is clicked on

2020-03-13 15:51:39 - [MESSAGE][PASSED] - Object: 'Object Repository/ROLES/Roles_page/Pagination/front_navigation' is clicked on

2020-03-13 15:51:39 - [TEST_STEP][PASSED] - RoleNames = findWebElements(findTestObject("ROLES/Roles_page/Role Names"), 2): null

2020-03-13 15:51:40 - [TEST_STEP][PASSED] - for (org.openqa.selenium.WebElement a : RoleNames): null

2020-03-13 15:51:40 - [TEST_STEP][PASSED] - AllRoleNames.add(getText().toLowerCase()): null

2020-03-13 15:51:40 - [TEST_STEP][PASSED] - println(a.getText()): null

2020-03-13 15:51:40 - [TEST_STEP][PASSED] - AllRoleNames.add(getText().toLowerCase()): null

2020-03-13 15:51:40 - [TEST_STEP][PASSED] - println(a.getText()): null

2020-03-13 15:51:40 - [TEST_STEP][PASSED] - AllRoleNames.add(getText().toLowerCase()): null

2020-03-13 15:51:40 - [TEST_STEP][PASSED] - println(a.getText()): null

2020-03-13 15:51:40 - [TEST_STEP][PASSED] - AllRoleNames.add(getText().toLowerCase()): null

2020-03-13 15:51:40 - [TEST_STEP][PASSED] - println(a.getText()): null

2020-03-13 15:51:40 - [TEST_STEP][PASSED] - AllRoleNames.add(getText().toLowerCase()): null

2020-03-13 15:51:40 - [TEST_STEP][PASSED] - println(a.getText()): null

2020-03-13 15:51:40 - [TEST_STEP][PASSED] - AllRoleNames.add(getText().toLowerCase()): null

2020-03-13 15:51:40 - [TEST_STEP][PASSED] - println(a.getText()): null

2020-03-13 15:51:41 - [TEST_STEP][PASSED] - AllRoleNames.add(getText().toLowerCase()): null

2020-03-13 15:51:41 - [TEST_STEP][PASSED] - println(a.getText()): null

2020-03-13 15:51:41 - [TEST_STEP][PASSED] - AllRoleNames.add(getText().toLowerCase()): null

2020-03-13 15:51:41 - [TEST_STEP][PASSED] - println(a.getText()): null

2020-03-13 15:51:41 - [TEST_STEP][PASSED] - AllRoleNames.add(getText().toLowerCase()): null

2020-03-13 15:51:41 - [TEST_STEP][PASSED] - println(a.getText()): null

2020-03-13 15:51:41 - [TEST_STEP][PASSED] - AllRoleNames.add(getText().toLowerCase()): null

2020-03-13 15:51:41 - [TEST_STEP][PASSED] - println(a.getText()): null

2020-03-13 15:51:41 - [TEST_STEP][PASSED] - delay(2): Delayed 2 second(s)

2020-03-13 15:51:43 - [MESSAGE][PASSED] - Delayed 2 second(s)

2020-03-13 15:51:43 - [TEST_STEP][PASSED] - click(findTestObject("ROLES/Roles_page/Pagination/front_navigation")): Object: 'Object Repository/ROLES/Roles_page/Pagination/front_navigation' is clicked on

2020-03-13 15:51:43 - [MESSAGE][PASSED] - Object: 'Object Repository/ROLES/Roles_page/Pagination/front_navigation' is clicked on

2020-03-13 15:51:43 - [TEST_STEP][PASSED] - RoleNames = findWebElements(findTestObject("ROLES/Roles_page/Role Names"), 2): null

2020-03-13 15:51:44 - [TEST_STEP][PASSED] - for (org.openqa.selenium.WebElement a : RoleNames): null

2020-03-13 15:51:44 - [TEST_STEP][PASSED] - AllRoleNames.add(getText().toLowerCase()): null

2020-03-13 15:51:44 - [TEST_STEP][PASSED] - println(a.getText()): null

2020-03-13 15:51:44 - [TEST_STEP][PASSED] - AllRoleNames.add(getText().toLowerCase()): null

2020-03-13 15:51:44 - [TEST_STEP][PASSED] - println(a.getText()): null

2020-03-13 15:51:44 - [TEST_STEP][PASSED] - AllRoleNames.add(getText().toLowerCase()): null

2020-03-13 15:51:44 - [TEST_STEP][PASSED] - println(a.getText()): null

2020-03-13 15:51:44 - [TEST_STEP][PASSED] - AllRoleNames.add(getText().toLowerCase()): null

2020-03-13 15:51:44 - [TEST_STEP][PASSED] - println(a.getText()): null

2020-03-13 15:51:44 - [TEST_STEP][PASSED] - AllRoleNames.add(getText().toLowerCase()): null

2020-03-13 15:51:44 - [TEST_STEP][PASSED] - println(a.getText()): null

2020-03-13 15:51:44 - [TEST_STEP][PASSED] - AllRoleNames.add(getText().toLowerCase()): null

2020-03-13 15:51:45 - [TEST_STEP][PASSED] - println(a.getText()): null

2020-03-13 15:51:45 - [TEST_STEP][PASSED] - AllRoleNames.add(getText().toLowerCase()): null

2020-03-13 15:51:45 - [TEST_STEP][PASSED] - println(a.getText()): null

2020-03-13 15:51:45 - [TEST_STEP][PASSED] - AllRoleNames.add(getText().toLowerCase()): null

2020-03-13 15:51:45 - [TEST_STEP][PASSED] - println(a.getText()): null

2020-03-13 15:51:45 - [TEST_STEP][PASSED] - AllRoleNames.add(getText().toLowerCase()): null

2020-03-13 15:51:45 - [TEST_STEP][PASSED] - println(a.getText()): null

2020-03-13 15:51:45 - [TEST_STEP][PASSED] - AllRoleNames.add(getText().toLowerCase()): null

2020-03-13 15:51:45 - [TEST_STEP][PASSED] - println(a.getText()): null

2020-03-13 15:51:45 - [TEST_STEP][PASSED] - delay(2): Delayed 2 second(s)

2020-03-13 15:51:47 - [MESSAGE][PASSED] - Delayed 2 second(s)

2020-03-13 15:51:47 - [TEST_STEP][PASSED] - click(findTestObject("ROLES/Roles_page/Pagination/front_navigation")): Object: 'Object Repository/ROLES/Roles_page/Pagination/front_navigation' is clicked on

2020-03-13 15:51:47 - [MESSAGE][PASSED] - Object: 'Object Repository/ROLES/Roles_page/Pagination/front_navigation' is clicked on

2020-03-13 15:51:47 - [TEST_STEP][PASSED] - RoleNames = findWebElements(findTestObject("ROLES/Roles_page/Role Names"), 2): null

2020-03-13 15:51:48 - [TEST_STEP][PASSED] - for (org.openqa.selenium.WebElement a : RoleNames): null

2020-03-13 15:51:48 - [TEST_STEP][PASSED] - AllRoleNames.add(getText().toLowerCase()): null

2020-03-13 15:51:48 - [TEST_STEP][PASSED] - println(a.getText()): null

2020-03-13 15:51:48 - [TEST_STEP][PASSED] - AllRoleNames.add(getText().toLowerCase()): null

2020-03-13 15:51:48 - [TEST_STEP][PASSED] - println(a.getText()): null

2020-03-13 15:51:48 - [TEST_STEP][PASSED] - AllRoleNames.add(getText().toLowerCase()): null

2020-03-13 15:51:48 - [TEST_STEP][PASSED] - println(a.getText()): null

2020-03-13 15:51:48 - [TEST_STEP][PASSED] - AllRoleNames.add(getText().toLowerCase()): null

2020-03-13 15:51:48 - [TEST_STEP][PASSED] - println(a.getText()): null

2020-03-13 15:51:48 - [TEST_STEP][PASSED] - AllRoleNames.add(getText().toLowerCase()): null

2020-03-13 15:51:48 - [TEST_STEP][PASSED] - println(a.getText()): null

2020-03-13 15:51:48 - [TEST_STEP][PASSED] - AllRoleNames.add(getText().toLowerCase()): null

2020-03-13 15:51:48 - [TEST_STEP][PASSED] - println(a.getText()): null

2020-03-13 15:51:48 - [TEST_STEP][PASSED] - AllRoleNames.add(getText().toLowerCase()): null

2020-03-13 15:51:48 - [TEST_STEP][PASSED] - println(a.getText()): null

2020-03-13 15:51:48 - [TEST_STEP][PASSED] - AllRoleNames.add(getText().toLowerCase()): null

2020-03-13 15:51:48 - [TEST_STEP][PASSED] - println(a.getText()): null

2020-03-13 15:51:48 - [TEST_STEP][PASSED] - AllRoleNames.add(getText().toLowerCase()): null

2020-03-13 15:51:48 - [TEST_STEP][PASSED] - println(a.getText()): null

2020-03-13 15:51:48 - [TEST_STEP][PASSED] - AllRoleNames.add(getText().toLowerCase()): null

2020-03-13 15:51:48 - [TEST_STEP][PASSED] - println(a.getText()): null

2020-03-13 15:51:48 - [TEST_STEP][PASSED] - delay(2): Delayed 2 second(s)

2020-03-13 15:51:50 - [MESSAGE][PASSED] - Delayed 2 second(s)

2020-03-13 15:51:50 - [TEST_STEP][PASSED] - click(findTestObject("ROLES/Roles_page/Pagination/front_navigation")): Object: 'Object Repository/ROLES/Roles_page/Pagination/front_navigation' is clicked on

2020-03-13 15:51:51 - [MESSAGE][PASSED] - Object: 'Object Repository/ROLES/Roles_page/Pagination/front_navigation' is clicked on

2020-03-13 15:51:51 - [TEST_STEP][PASSED] - RoleNames = findWebElements(findTestObject("ROLES/Roles_page/Role Names"), 2): null

2020-03-13 15:51:52 - [TEST_STEP][PASSED] - for (org.openqa.selenium.WebElement a : RoleNames): null

2020-03-13 15:51:52 - [TEST_STEP][PASSED] - AllRoleNames.add(getText().toLowerCase()): null

2020-03-13 15:51:52 - [TEST_STEP][PASSED] - println(a.getText()): null

2020-03-13 15:51:52 - [TEST_STEP][PASSED] - AllRoleNames.add(getText().toLowerCase()): null

2020-03-13 15:51:52 - [TEST_STEP][PASSED] - println(a.getText()): null

2020-03-13 15:51:52 - [TEST_STEP][PASSED] - AllRoleNames.add(getText().toLowerCase()): null

2020-03-13 15:51:52 - [TEST_STEP][PASSED] - println(a.getText()): null

2020-03-13 15:51:52 - [TEST_STEP][PASSED] - AllRoleNames.add(getText().toLowerCase()): null

2020-03-13 15:51:52 - [TEST_STEP][PASSED] - println(a.getText()): null

2020-03-13 15:51:52 - [TEST_STEP][PASSED] - AllRoleNames.add(getText().toLowerCase()): null

2020-03-13 15:51:52 - [TEST_STEP][PASSED] - println(a.getText()): null

2020-03-13 15:51:52 - [TEST_STEP][PASSED] - AllRoleNames.add(getText().toLowerCase()): null

2020-03-13 15:51:52 - [TEST_STEP][PASSED] - println(a.getText()): null

2020-03-13 15:51:52 - [TEST_STEP][PASSED] - AllRoleNames.add(getText().toLowerCase()): null

2020-03-13 15:51:52 - [TEST_STEP][PASSED] - println(a.getText()): null

2020-03-13 15:51:52 - [TEST_STEP][PASSED] - AllRoleNames.add(getText().toLowerCase()): null

2020-03-13 15:51:52 - [TEST_STEP][PASSED] - println(a.getText()): null

2020-03-13 15:51:52 - [TEST_STEP][PASSED] - AllRoleNames.add(getText().toLowerCase()): null

2020-03-13 15:51:52 - [TEST_STEP][PASSED] - println(a.getText()): null

2020-03-13 15:51:52 - [TEST_STEP][PASSED] - AllRoleNames.add(getText().toLowerCase()): null

2020-03-13 15:51:52 - [TEST_STEP][PASSED] - println(a.getText()): null

2020-03-13 15:51:52 - [TEST_STEP][PASSED] - delay(2): Delayed 2 second(s)

2020-03-13 15:51:54 - [MESSAGE][PASSED] - Delayed 2 second(s)

2020-03-13 15:51:54 - [TEST_STEP][PASSED] - click(findTestObject("ROLES/Roles_page/Pagination/front_navigation")): Object: 'Object Repository/ROLES/Roles_page/Pagination/front_navigation' is clicked on

2020-03-13 15:51:54 - [MESSAGE][PASSED] - Object: 'Object Repository/ROLES/Roles_page/Pagination/front_navigation' is clicked on

2020-03-13 15:51:54 - [TEST_STEP][PASSED] - RoleNames = findWebElements(findTestObject("ROLES/Roles_page/Role Names"), 2): null

2020-03-13 15:51:55 - [TEST_STEP][PASSED] - for (org.openqa.selenium.WebElement a : RoleNames): null

2020-03-13 15:51:55 - [TEST_STEP][PASSED] - AllRoleNames.add(getText().toLowerCase()): null

2020-03-13 15:51:55 - [TEST_STEP][PASSED] - println(a.getText()): null

2020-03-13 15:51:55 - [TEST_STEP][PASSED] - AllRoleNames.add(getText().toLowerCase()): null

2020-03-13 15:51:55 - [TEST_STEP][PASSED] - println(a.getText()): null

2020-03-13 15:51:55 - [TEST_STEP][PASSED] - AllRoleNames.add(getText().toLowerCase()): null

2020-03-13 15:51:55 - [TEST_STEP][PASSED] - println(a.getText()): null

2020-03-13 15:51:55 - [TEST_STEP][PASSED] - AllRoleNames.add(getText().toLowerCase()): null

2020-03-13 15:51:55 - [TEST_STEP][PASSED] - println(a.getText()): null

2020-03-13 15:51:55 - [TEST_STEP][PASSED] - AllRoleNames.add(getText().toLowerCase()): null

2020-03-13 15:51:55 - [TEST_STEP][PASSED] - println(a.getText()): null

2020-03-13 15:51:55 - [TEST_STEP][PASSED] - AllRoleNames.add(getText().toLowerCase()): null

2020-03-13 15:51:55 - [TEST_STEP][PASSED] - println(a.getText()): null

2020-03-13 15:51:55 - [TEST_STEP][PASSED] - AllRoleNames.add(getText().toLowerCase()): null

2020-03-13 15:51:55 - [TEST_STEP][PASSED] - println(a.getText()): null

2020-03-13 15:51:56 - [TEST_STEP][PASSED] - AllRoleNames.add(getText().toLowerCase()): null

2020-03-13 15:51:56 - [TEST_STEP][PASSED] - println(a.getText()): null

2020-03-13 15:51:56 - [TEST_STEP][PASSED] - AllRoleNames.add(getText().toLowerCase()): null

2020-03-13 15:51:56 - [TEST_STEP][PASSED] - println(a.getText()): null

2020-03-13 15:51:56 - [TEST_STEP][PASSED] - AllRoleNames.add(getText().toLowerCase()): null

2020-03-13 15:51:56 - [TEST_STEP][PASSED] - println(a.getText()): null

2020-03-13 15:51:56 - [TEST_STEP][PASSED] - delay(2): Delayed 2 second(s)

2020-03-13 15:51:58 - [MESSAGE][PASSED] - Delayed 2 second(s)

2020-03-13 15:51:58 - [TEST_STEP][PASSED] - click(findTestObject("ROLES/Roles_page/Pagination/front_navigation")): Object: 'Object Repository/ROLES/Roles_page/Pagination/front_navigation' is clicked on

2020-03-13 15:51:58 - [MESSAGE][PASSED] - Object: 'Object Repository/ROLES/Roles_page/Pagination/front_navigation' is clicked on

2020-03-13 15:51:58 - [TEST_STEP][PASSED] - RoleNames = findWebElements(findTestObject("ROLES/Roles_page/Role Names"), 2): null

2020-03-13 15:51:59 - [TEST_STEP][PASSED] - for (org.openqa.selenium.WebElement a : RoleNames): null

2020-03-13 15:51:59 - [TEST_STEP][PASSED] - AllRoleNames.add(getText().toLowerCase()): null

2020-03-13 15:51:59 - [TEST_STEP][PASSED] - println(a.getText()): null

2020-03-13 15:51:59 - [TEST_STEP][PASSED] - AllRoleNames.add(getText().toLowerCase()): null

2020-03-13 15:51:59 - [TEST_STEP][PASSED] - println(a.getText()): null

2020-03-13 15:51:59 - [TEST_STEP][PASSED] - AllRoleNames.add(getText().toLowerCase()): null

2020-03-13 15:51:59 - [TEST_STEP][PASSED] - println(a.getText()): null

2020-03-13 15:51:59 - [TEST_STEP][PASSED] - AllRoleNames.add(getText().toLowerCase()): null

2020-03-13 15:51:59 - [TEST_STEP][PASSED] - println(a.getText()): null

2020-03-13 15:51:59 - [TEST_STEP][PASSED] - AllRoleNames.add(getText().toLowerCase()): null

2020-03-13 15:51:59 - [TEST_STEP][PASSED] - println(a.getText()): null

2020-03-13 15:51:59 - [TEST_STEP][PASSED] - AllRoleNames.add(getText().toLowerCase()): null

2020-03-13 15:51:59 - [TEST_STEP][PASSED] - println(a.getText()): null

2020-03-13 15:51:59 - [TEST_STEP][PASSED] - AllRoleNames.add(getText().toLowerCase()): null

2020-03-13 15:51:59 - [TEST_STEP][PASSED] - println(a.getText()): null

2020-03-13 15:51:59 - [TEST_STEP][PASSED] - AllRoleNames.add(getText().toLowerCase()): null

2020-03-13 15:51:59 - [TEST_STEP][PASSED] - println(a.getText()): null

2020-03-13 15:51:59 - [TEST_STEP][PASSED] - AllRoleNames.add(getText().toLowerCase()): null

2020-03-13 15:51:59 - [TEST_STEP][PASSED] - println(a.getText()): null

2020-03-13 15:51:59 - [TEST_STEP][PASSED] - AllRoleNames.add(getText().toLowerCase()): null

2020-03-13 15:51:59 - [TEST_STEP][PASSED] - println(a.getText()): null

2020-03-13 15:51:59 - [TEST_STEP][PASSED] - delay(2): Delayed 2 second(s)

2020-03-13 15:52:01 - [MESSAGE][PASSED] - Delayed 2 second(s)

2020-03-13 15:52:01 - [TEST_STEP][PASSED] - click(findTestObject("ROLES/Roles_page/Pagination/front_navigation")): Object: 'Object Repository/ROLES/Roles_page/Pagination/front_navigation' is clicked on

2020-03-13 15:52:02 - [MESSAGE][PASSED] - Object: 'Object Repository/ROLES/Roles_page/Pagination/front_navigation' is clicked on

2020-03-13 15:52:02 - [TEST_STEP][PASSED] - RoleNames = findWebElements(findTestObject("ROLES/Roles_page/Role Names"), 2): null

2020-03-13 15:52:03 - [TEST_STEP][PASSED] - for (org.openqa.selenium.WebElement a : RoleNames): null

2020-03-13 15:52:03 - [TEST_STEP][PASSED] - AllRoleNames.add(getText().toLowerCase()): null

2020-03-13 15:52:03 - [TEST_STEP][PASSED] - println(a.getText()): null

2020-03-13 15:52:03 - [TEST_STEP][PASSED] - AllRoleNames.add(getText().toLowerCase()): null

2020-03-13 15:52:03 - [TEST_STEP][PASSED] - println(a.getText()): null

2020-03-13 15:52:03 - [TEST_STEP][PASSED] - AllRoleNames.add(getText().toLowerCase()): null

2020-03-13 15:52:03 - [TEST_STEP][PASSED] - println(a.getText()): null

2020-03-13 15:52:03 - [TEST_STEP][PASSED] - AllRoleNames.add(getText().toLowerCase()): null

2020-03-13 15:52:03 - [TEST_STEP][PASSED] - println(a.getText()): null

2020-03-13 15:52:03 - [TEST_STEP][PASSED] - AllRoleNames.add(getText().toLowerCase()): null

2020-03-13 15:52:03 - [TEST_STEP][PASSED] - println(a.getText()): null

2020-03-13 15:52:03 - [TEST_STEP][PASSED] - AllRoleNames.add(getText().toLowerCase()): null

2020-03-13 15:52:03 - [TEST_STEP][PASSED] - println(a.getText()): null

2020-03-13 15:52:03 - [TEST_STEP][PASSED] - AllRoleNames.add(getText().toLowerCase()): null

2020-03-13 15:52:03 - [TEST_STEP][PASSED] - println(a.getText()): null

2020-03-13 15:52:03 - [TEST_STEP][PASSED] - AllRoleNames.add(getText().toLowerCase()): null

2020-03-13 15:52:03 - [TEST_STEP][PASSED] - println(a.getText()): null

2020-03-13 15:52:03 - [TEST_STEP][PASSED] - delay(2): Delayed 2 second(s)

2020-03-13 15:52:05 - [MESSAGE][PASSED] - Delayed 2 second(s)

2020-03-13 15:52:05 - [TEST_STEP][PASSED] - click(findTestObject("ROLES/Roles_page/Pagination/front_navigation")): Object: 'Object Repository/ROLES/Roles_page/Pagination/front_navigation' is clicked on

2020-03-13 15:52:08 - [MESSAGE][PASSED] - Object: 'Object Repository/ROLES/Roles_page/Pagination/front_navigation' is clicked on

2020-03-13 15:52:08 - [TEST_STEP][PASSED] - if (j == 1): null

2020-03-13 15:52:08 - [TEST_STEP][PASSED] - if (j == 2): Actual object 'true' and expected object 'true' are equal

2020-03-13 15:52:08 - [TEST_STEP][PASSED] - isSorted = web.CustomKeyword.checkListAscendingOrder(AllRoleNames): web.CustomKeyword.checkListAscendingOrder is PASSED

2020-03-13 15:52:08 - [MESSAGE][PASSED] - web.CustomKeyword.checkListAscendingOrder is PASSED

2020-03-13 15:52:08 - [TEST_STEP][PASSED] - println(AllRoleNames.size()): null

2020-03-13 15:52:08 - [TEST_STEP][PASSED] - println(AllRoleNames): null

2020-03-13 15:52:08 - [TEST_STEP][PASSED] - verifyEqual(isSorted, true): Actual object 'true' and expected object 'true' are equal

2020-03-13 15:52:08 - [MESSAGE][PASSED] - Actual object 'true' and expected object 'true' are equal

2020-03-13 15:52:08 - [TEST_STEP][PASSED] - clearText(findTestObject("Object Repository/ROLES/Roles_page/Pagination/input_Page_form-control")): Text of object 'Object Repository/ROLES/Roles_page/Pagination/input_Page_form-control' is cleared

2020-03-13 15:52:08 - [MESSAGE][PASSED] - Text of object 'Object Repository/ROLES/Roles_page/Pagination/input_Page_form-control' is cleared

2020-03-13 15:52:08 - [TEST_STEP][PASSED] - setText(findTestObject("Object Repository/ROLES/Roles_page/Pagination/input_Page_form-control"), BACK_SPACE + BACK_SPACE + "1" + ENTER): Text 'BACK_SPACE + BACK_SPACE + ENTER + 1' is set on object 'Object Repository/ROLES/Roles_page/Pagination/input_Page_form-control'

2020-03-13 15:52:08 - [MESSAGE][PASSED] - Text 'BACK_SPACE + BACK_SPACE + ENTER + 1' is set on object 'Object Repository/ROLES/Roles_page/Pagination/input_Page_form-control'

2020-03-13 15:52:08 - [TEST_STEP][PASSED] - Start listener action : sampleAfterTestCase: null

2020-03-13 15:52:08 - [TEST_STEP][PASSED] - println(testCaseContext.getTestCaseId()): null

2020-03-13 15:52:09 - [TEST_STEP][PASSED] - println(testCaseContext.getTestCaseStatus()): null

2020-03-13 15:52:09 - [TEST_STEP][PASSED] - println("On Failure Method is Calling : " + testCaseContext.getTestCaseStatus()): null

2020-03-13 15:52:09 - [TEST_STEP][PASSED] - if (!(getTestCaseStatus().equalsIgnoreCase("PASSED"))): null]]></system-out>
         <system-err><![CDATA[]]></system-err>
      </testcase>
      <testcase name="Test Cases/Atlas Platform/Configuration Management/Platform Management/ROLES/Role Listing Grid/RLG-011 Verify sorting by Status" time="81.865" classname="Test Cases/Atlas Platform/Configuration Management/Platform Management/ROLES/Role Listing Grid/RLG-011 Verify sorting by Status" status="PASSED">
         <system-out><![CDATA[2020-03-13 15:52:11 - [TEST_CASE][PASSED] - Test Cases/Atlas Platform/Configuration Management/Platform Management/ROLES/Role Listing Grid/RLG-011 Verify sorting by Status: Test Cases/Atlas Platform/Configuration Management/Platform Management/ROLES/Role Listing Grid/RLG-011 Verify sorting by Status

2020-03-13 15:52:11 - [TEST_STEP][NOT_RUN] - callTestCase(findTestCase("Atlas Platform/Platform Navigation/Login/Default Logins/Default_Login_as_Root Admin"), ["Email":findTestData("AMP_Y").getValue(1, 1), "Password":findTestData("AMP_Y").getValue(2, 1), "dashboard_exp_title":""], CONTINUE_ON_FAILURE): NOT_RUN: callTestCase(findTestCase("Atlas Platform/Platform Navigation/Login/Default Logins/Default_Login_as_Root Admin"), ["Email":findTestData("AMP_Y").getValue(1, 1), "Password":findTestData("AMP_Y").getValue(2, 1), "dashboard_exp_title":""], CONTINUE_ON_FAILURE)

2020-03-13 15:52:11 - [MESSAGE][NOT_RUN] - NOT_RUN: callTestCase(findTestCase("Atlas Platform/Platform Navigation/Login/Default Logins/Default_Login_as_Root Admin"), ["Email":findTestData("AMP_Y").getValue(1, 1), "Password":findTestData("AMP_Y").getValue(2, 1), "dashboard_exp_title":""], CONTINUE_ON_FAILURE)

2020-03-13 15:52:11 - [TEST_STEP][PASSED] - driver = getWebDriver(): null

2020-03-13 15:52:11 - [TEST_STEP][NOT_RUN] - click(findTestObject("ROLES/Role_Navigation/a_ADMIN")): NOT_RUN: click(findTestObject("ROLES/Role_Navigation/a_ADMIN"))

2020-03-13 15:52:11 - [MESSAGE][NOT_RUN] - NOT_RUN: click(findTestObject("ROLES/Role_Navigation/a_ADMIN"))

2020-03-13 15:52:11 - [TEST_STEP][PASSED] - noOfPages_text = getText(findTestObject("ROLES/Roles_page/Pagination/label_of 10")): Text of object 'Object Repository/ROLES/Roles_page/Pagination/label_of 10' is: 'of 18'

2020-03-13 15:52:12 - [MESSAGE][PASSED] - Text of object 'Object Repository/ROLES/Roles_page/Pagination/label_of 10' is: 'of 18'

2020-03-13 15:52:12 - [TEST_STEP][PASSED] - noOfPages = Integer.parseInt(noOfPages_text.substring(3)): null

2020-03-13 15:52:12 - [TEST_STEP][PASSED] - println(noOfPages): null

2020-03-13 15:52:12 - [TEST_STEP][PASSED] - for ([j = 1, j < 3, (j++)]): Actual object 'true' and expected object 'true' are equal

2020-03-13 15:52:12 - [TEST_STEP][PASSED] - click(findTestObject("ROLES/Roles_page/sorting/Status_header")): Object: 'Object Repository/ROLES/Roles_page/sorting/Status_header' is clicked on

2020-03-13 15:52:12 - [MESSAGE][PASSED] - Object: 'Object Repository/ROLES/Roles_page/sorting/Status_header' is clicked on

2020-03-13 15:52:12 - [TEST_STEP][PASSED] - status = <not implemented yet for class: org.codehaus.groovy.ast.expr.EmptyExpression>: null

2020-03-13 15:52:12 - [TEST_STEP][PASSED] - AllStatus = new java.util.ArrayList(): null

2020-03-13 15:52:12 - [TEST_STEP][PASSED] - for ([i = 1, i <= noOfPages, (i++)]): Object: 'Object Repository/ROLES/Roles_page/Pagination/front_navigation' is clicked on

2020-03-13 15:52:12 - [TEST_STEP][PASSED] - status = findWebElements(findTestObject("ROLES/Roles_page/sorting/status"), 2): null

2020-03-13 15:52:13 - [TEST_STEP][PASSED] - for (org.openqa.selenium.WebElement a : status): null

2020-03-13 15:52:13 - [TEST_STEP][PASSED] - AllStatus.add(a.getText()): null

2020-03-13 15:52:13 - [TEST_STEP][PASSED] - AllStatus.add(a.getText()): null

2020-03-13 15:52:13 - [TEST_STEP][PASSED] - AllStatus.add(a.getText()): null

2020-03-13 15:52:13 - [TEST_STEP][PASSED] - AllStatus.add(a.getText()): null

2020-03-13 15:52:13 - [TEST_STEP][PASSED] - AllStatus.add(a.getText()): null

2020-03-13 15:52:13 - [TEST_STEP][PASSED] - AllStatus.add(a.getText()): null

2020-03-13 15:52:13 - [TEST_STEP][PASSED] - AllStatus.add(a.getText()): null

2020-03-13 15:52:13 - [TEST_STEP][PASSED] - AllStatus.add(a.getText()): null

2020-03-13 15:52:13 - [TEST_STEP][PASSED] - AllStatus.add(a.getText()): null

2020-03-13 15:52:13 - [TEST_STEP][PASSED] - AllStatus.add(a.getText()): null

2020-03-13 15:52:13 - [TEST_STEP][PASSED] - click(findTestObject("ROLES/Roles_page/Pagination/front_navigation")): Object: 'Object Repository/ROLES/Roles_page/Pagination/front_navigation' is clicked on

2020-03-13 15:52:14 - [MESSAGE][PASSED] - Object: 'Object Repository/ROLES/Roles_page/Pagination/front_navigation' is clicked on

2020-03-13 15:52:14 - [TEST_STEP][PASSED] - status = findWebElements(findTestObject("ROLES/Roles_page/sorting/status"), 2): null

2020-03-13 15:52:15 - [TEST_STEP][PASSED] - for (org.openqa.selenium.WebElement a : status): null

2020-03-13 15:52:15 - [TEST_STEP][PASSED] - AllStatus.add(a.getText()): null

2020-03-13 15:52:15 - [TEST_STEP][PASSED] - AllStatus.add(a.getText()): null

2020-03-13 15:52:15 - [TEST_STEP][PASSED] - AllStatus.add(a.getText()): null

2020-03-13 15:52:15 - [TEST_STEP][PASSED] - AllStatus.add(a.getText()): null

2020-03-13 15:52:15 - [TEST_STEP][PASSED] - AllStatus.add(a.getText()): null

2020-03-13 15:52:15 - [TEST_STEP][PASSED] - AllStatus.add(a.getText()): null

2020-03-13 15:52:15 - [TEST_STEP][PASSED] - AllStatus.add(a.getText()): null

2020-03-13 15:52:15 - [TEST_STEP][PASSED] - AllStatus.add(a.getText()): null

2020-03-13 15:52:15 - [TEST_STEP][PASSED] - AllStatus.add(a.getText()): null

2020-03-13 15:52:15 - [TEST_STEP][PASSED] - AllStatus.add(a.getText()): null

2020-03-13 15:52:15 - [TEST_STEP][PASSED] - click(findTestObject("ROLES/Roles_page/Pagination/front_navigation")): Object: 'Object Repository/ROLES/Roles_page/Pagination/front_navigation' is clicked on

2020-03-13 15:52:15 - [MESSAGE][PASSED] - Object: 'Object Repository/ROLES/Roles_page/Pagination/front_navigation' is clicked on

2020-03-13 15:52:15 - [TEST_STEP][PASSED] - status = findWebElements(findTestObject("ROLES/Roles_page/sorting/status"), 2): null

2020-03-13 15:52:18 - [TEST_STEP][PASSED] - for (org.openqa.selenium.WebElement a : status): null

2020-03-13 15:52:18 - [TEST_STEP][PASSED] - AllStatus.add(a.getText()): null

2020-03-13 15:52:18 - [TEST_STEP][PASSED] - AllStatus.add(a.getText()): null

2020-03-13 15:52:18 - [TEST_STEP][PASSED] - AllStatus.add(a.getText()): null

2020-03-13 15:52:18 - [TEST_STEP][PASSED] - AllStatus.add(a.getText()): null

2020-03-13 15:52:18 - [TEST_STEP][PASSED] - AllStatus.add(a.getText()): null

2020-03-13 15:52:18 - [TEST_STEP][PASSED] - AllStatus.add(a.getText()): null

2020-03-13 15:52:18 - [TEST_STEP][PASSED] - AllStatus.add(a.getText()): null

2020-03-13 15:52:18 - [TEST_STEP][PASSED] - AllStatus.add(a.getText()): null

2020-03-13 15:52:18 - [TEST_STEP][PASSED] - AllStatus.add(a.getText()): null

2020-03-13 15:52:18 - [TEST_STEP][PASSED] - AllStatus.add(a.getText()): null

2020-03-13 15:52:18 - [TEST_STEP][PASSED] - click(findTestObject("ROLES/Roles_page/Pagination/front_navigation")): Object: 'Object Repository/ROLES/Roles_page/Pagination/front_navigation' is clicked on

2020-03-13 15:52:19 - [MESSAGE][PASSED] - Object: 'Object Repository/ROLES/Roles_page/Pagination/front_navigation' is clicked on

2020-03-13 15:52:19 - [TEST_STEP][PASSED] - status = findWebElements(findTestObject("ROLES/Roles_page/sorting/status"), 2): null

2020-03-13 15:52:20 - [TEST_STEP][PASSED] - for (org.openqa.selenium.WebElement a : status): null

2020-03-13 15:52:20 - [TEST_STEP][PASSED] - AllStatus.add(a.getText()): null

2020-03-13 15:52:20 - [TEST_STEP][PASSED] - AllStatus.add(a.getText()): null

2020-03-13 15:52:20 - [TEST_STEP][PASSED] - AllStatus.add(a.getText()): null

2020-03-13 15:52:20 - [TEST_STEP][PASSED] - AllStatus.add(a.getText()): null

2020-03-13 15:52:20 - [TEST_STEP][PASSED] - AllStatus.add(a.getText()): null

2020-03-13 15:52:20 - [TEST_STEP][PASSED] - AllStatus.add(a.getText()): null

2020-03-13 15:52:20 - [TEST_STEP][PASSED] - AllStatus.add(a.getText()): null

2020-03-13 15:52:20 - [TEST_STEP][PASSED] - AllStatus.add(a.getText()): null

2020-03-13 15:52:20 - [TEST_STEP][PASSED] - AllStatus.add(a.getText()): null

2020-03-13 15:52:20 - [TEST_STEP][PASSED] - AllStatus.add(a.getText()): null

2020-03-13 15:52:20 - [TEST_STEP][PASSED] - click(findTestObject("ROLES/Roles_page/Pagination/front_navigation")): Object: 'Object Repository/ROLES/Roles_page/Pagination/front_navigation' is clicked on

2020-03-13 15:52:21 - [MESSAGE][PASSED] - Object: 'Object Repository/ROLES/Roles_page/Pagination/front_navigation' is clicked on

2020-03-13 15:52:21 - [TEST_STEP][PASSED] - status = findWebElements(findTestObject("ROLES/Roles_page/sorting/status"), 2): null

2020-03-13 15:52:22 - [TEST_STEP][PASSED] - for (org.openqa.selenium.WebElement a : status): null

2020-03-13 15:52:22 - [TEST_STEP][PASSED] - AllStatus.add(a.getText()): null

2020-03-13 15:52:22 - [TEST_STEP][PASSED] - AllStatus.add(a.getText()): null

2020-03-13 15:52:22 - [TEST_STEP][PASSED] - AllStatus.add(a.getText()): null

2020-03-13 15:52:22 - [TEST_STEP][PASSED] - AllStatus.add(a.getText()): null

2020-03-13 15:52:22 - [TEST_STEP][PASSED] - AllStatus.add(a.getText()): null

2020-03-13 15:52:22 - [TEST_STEP][PASSED] - AllStatus.add(a.getText()): null

2020-03-13 15:52:22 - [TEST_STEP][PASSED] - AllStatus.add(a.getText()): null

2020-03-13 15:52:22 - [TEST_STEP][PASSED] - AllStatus.add(a.getText()): null

2020-03-13 15:52:22 - [TEST_STEP][PASSED] - AllStatus.add(a.getText()): null

2020-03-13 15:52:22 - [TEST_STEP][PASSED] - AllStatus.add(a.getText()): null

2020-03-13 15:52:22 - [TEST_STEP][PASSED] - click(findTestObject("ROLES/Roles_page/Pagination/front_navigation")): Object: 'Object Repository/ROLES/Roles_page/Pagination/front_navigation' is clicked on

2020-03-13 15:52:23 - [MESSAGE][PASSED] - Object: 'Object Repository/ROLES/Roles_page/Pagination/front_navigation' is clicked on

2020-03-13 15:52:23 - [TEST_STEP][PASSED] - status = findWebElements(findTestObject("ROLES/Roles_page/sorting/status"), 2): null

2020-03-13 15:52:24 - [TEST_STEP][PASSED] - for (org.openqa.selenium.WebElement a : status): null

2020-03-13 15:52:24 - [TEST_STEP][PASSED] - AllStatus.add(a.getText()): null

2020-03-13 15:52:24 - [TEST_STEP][PASSED] - AllStatus.add(a.getText()): null

2020-03-13 15:52:24 - [TEST_STEP][PASSED] - AllStatus.add(a.getText()): null

2020-03-13 15:52:24 - [TEST_STEP][PASSED] - AllStatus.add(a.getText()): null

2020-03-13 15:52:24 - [TEST_STEP][PASSED] - AllStatus.add(a.getText()): null

2020-03-13 15:52:24 - [TEST_STEP][PASSED] - AllStatus.add(a.getText()): null

2020-03-13 15:52:24 - [TEST_STEP][PASSED] - AllStatus.add(a.getText()): null

2020-03-13 15:52:24 - [TEST_STEP][PASSED] - AllStatus.add(a.getText()): null

2020-03-13 15:52:24 - [TEST_STEP][PASSED] - AllStatus.add(a.getText()): null

2020-03-13 15:52:24 - [TEST_STEP][PASSED] - AllStatus.add(a.getText()): null

2020-03-13 15:52:24 - [TEST_STEP][PASSED] - click(findTestObject("ROLES/Roles_page/Pagination/front_navigation")): Object: 'Object Repository/ROLES/Roles_page/Pagination/front_navigation' is clicked on

2020-03-13 15:52:24 - [MESSAGE][PASSED] - Object: 'Object Repository/ROLES/Roles_page/Pagination/front_navigation' is clicked on

2020-03-13 15:52:24 - [TEST_STEP][PASSED] - status = findWebElements(findTestObject("ROLES/Roles_page/sorting/status"), 2): null

2020-03-13 15:52:26 - [TEST_STEP][PASSED] - for (org.openqa.selenium.WebElement a : status): null

2020-03-13 15:52:26 - [TEST_STEP][PASSED] - AllStatus.add(a.getText()): null

2020-03-13 15:52:26 - [TEST_STEP][PASSED] - AllStatus.add(a.getText()): null

2020-03-13 15:52:26 - [TEST_STEP][PASSED] - AllStatus.add(a.getText()): null

2020-03-13 15:52:26 - [TEST_STEP][PASSED] - AllStatus.add(a.getText()): null

2020-03-13 15:52:26 - [TEST_STEP][PASSED] - AllStatus.add(a.getText()): null

2020-03-13 15:52:27 - [TEST_STEP][PASSED] - AllStatus.add(a.getText()): null

2020-03-13 15:52:27 - [TEST_STEP][PASSED] - AllStatus.add(a.getText()): null

2020-03-13 15:52:27 - [TEST_STEP][PASSED] - AllStatus.add(a.getText()): null

2020-03-13 15:52:27 - [TEST_STEP][PASSED] - AllStatus.add(a.getText()): null

2020-03-13 15:52:27 - [TEST_STEP][PASSED] - AllStatus.add(a.getText()): null

2020-03-13 15:52:27 - [TEST_STEP][PASSED] - click(findTestObject("ROLES/Roles_page/Pagination/front_navigation")): Object: 'Object Repository/ROLES/Roles_page/Pagination/front_navigation' is clicked on

2020-03-13 15:52:27 - [MESSAGE][PASSED] - Object: 'Object Repository/ROLES/Roles_page/Pagination/front_navigation' is clicked on

2020-03-13 15:52:27 - [TEST_STEP][PASSED] - status = findWebElements(findTestObject("ROLES/Roles_page/sorting/status"), 2): null

2020-03-13 15:52:28 - [TEST_STEP][PASSED] - for (org.openqa.selenium.WebElement a : status): null

2020-03-13 15:52:28 - [TEST_STEP][PASSED] - AllStatus.add(a.getText()): null

2020-03-13 15:52:28 - [TEST_STEP][PASSED] - AllStatus.add(a.getText()): null

2020-03-13 15:52:28 - [TEST_STEP][PASSED] - AllStatus.add(a.getText()): null

2020-03-13 15:52:28 - [TEST_STEP][PASSED] - AllStatus.add(a.getText()): null

2020-03-13 15:52:28 - [TEST_STEP][PASSED] - AllStatus.add(a.getText()): null

2020-03-13 15:52:28 - [TEST_STEP][PASSED] - AllStatus.add(a.getText()): null

2020-03-13 15:52:29 - [TEST_STEP][PASSED] - AllStatus.add(a.getText()): null

2020-03-13 15:52:29 - [TEST_STEP][PASSED] - AllStatus.add(a.getText()): null

2020-03-13 15:52:29 - [TEST_STEP][PASSED] - AllStatus.add(a.getText()): null

2020-03-13 15:52:29 - [TEST_STEP][PASSED] - AllStatus.add(a.getText()): null

2020-03-13 15:52:29 - [TEST_STEP][PASSED] - click(findTestObject("ROLES/Roles_page/Pagination/front_navigation")): Object: 'Object Repository/ROLES/Roles_page/Pagination/front_navigation' is clicked on

2020-03-13 15:52:29 - [MESSAGE][PASSED] - Object: 'Object Repository/ROLES/Roles_page/Pagination/front_navigation' is clicked on

2020-03-13 15:52:29 - [TEST_STEP][PASSED] - status = findWebElements(findTestObject("ROLES/Roles_page/sorting/status"), 2): null

2020-03-13 15:52:30 - [TEST_STEP][PASSED] - for (org.openqa.selenium.WebElement a : status): null

2020-03-13 15:52:30 - [TEST_STEP][PASSED] - AllStatus.add(a.getText()): null

2020-03-13 15:52:30 - [TEST_STEP][PASSED] - AllStatus.add(a.getText()): null

2020-03-13 15:52:30 - [TEST_STEP][PASSED] - AllStatus.add(a.getText()): null

2020-03-13 15:52:30 - [TEST_STEP][PASSED] - AllStatus.add(a.getText()): null

2020-03-13 15:52:30 - [TEST_STEP][PASSED] - AllStatus.add(a.getText()): null

2020-03-13 15:52:30 - [TEST_STEP][PASSED] - AllStatus.add(a.getText()): null

2020-03-13 15:52:30 - [TEST_STEP][PASSED] - AllStatus.add(a.getText()): null

2020-03-13 15:52:30 - [TEST_STEP][PASSED] - AllStatus.add(a.getText()): null

2020-03-13 15:52:30 - [TEST_STEP][PASSED] - AllStatus.add(a.getText()): null

2020-03-13 15:52:30 - [TEST_STEP][PASSED] - AllStatus.add(a.getText()): null

2020-03-13 15:52:30 - [TEST_STEP][PASSED] - click(findTestObject("ROLES/Roles_page/Pagination/front_navigation")): Object: 'Object Repository/ROLES/Roles_page/Pagination/front_navigation' is clicked on

2020-03-13 15:52:31 - [MESSAGE][PASSED] - Object: 'Object Repository/ROLES/Roles_page/Pagination/front_navigation' is clicked on

2020-03-13 15:52:31 - [TEST_STEP][PASSED] - status = findWebElements(findTestObject("ROLES/Roles_page/sorting/status"), 2): null

2020-03-13 15:52:33 - [TEST_STEP][PASSED] - for (org.openqa.selenium.WebElement a : status): null

2020-03-13 15:52:33 - [TEST_STEP][PASSED] - AllStatus.add(a.getText()): null

2020-03-13 15:52:33 - [TEST_STEP][PASSED] - AllStatus.add(a.getText()): null

2020-03-13 15:52:33 - [TEST_STEP][PASSED] - AllStatus.add(a.getText()): null

2020-03-13 15:52:33 - [TEST_STEP][PASSED] - AllStatus.add(a.getText()): null

2020-03-13 15:52:33 - [TEST_STEP][PASSED] - AllStatus.add(a.getText()): null

2020-03-13 15:52:33 - [TEST_STEP][PASSED] - AllStatus.add(a.getText()): null

2020-03-13 15:52:33 - [TEST_STEP][PASSED] - AllStatus.add(a.getText()): null

2020-03-13 15:52:33 - [TEST_STEP][PASSED] - AllStatus.add(a.getText()): null

2020-03-13 15:52:33 - [TEST_STEP][PASSED] - AllStatus.add(a.getText()): null

2020-03-13 15:52:33 - [TEST_STEP][PASSED] - AllStatus.add(a.getText()): null

2020-03-13 15:52:33 - [TEST_STEP][PASSED] - click(findTestObject("ROLES/Roles_page/Pagination/front_navigation")): Object: 'Object Repository/ROLES/Roles_page/Pagination/front_navigation' is clicked on

2020-03-13 15:52:34 - [MESSAGE][PASSED] - Object: 'Object Repository/ROLES/Roles_page/Pagination/front_navigation' is clicked on

2020-03-13 15:52:34 - [TEST_STEP][PASSED] - status = findWebElements(findTestObject("ROLES/Roles_page/sorting/status"), 2): null

2020-03-13 15:52:35 - [TEST_STEP][PASSED] - for (org.openqa.selenium.WebElement a : status): null

2020-03-13 15:52:35 - [TEST_STEP][PASSED] - AllStatus.add(a.getText()): null

2020-03-13 15:52:35 - [TEST_STEP][PASSED] - AllStatus.add(a.getText()): null

2020-03-13 15:52:35 - [TEST_STEP][PASSED] - AllStatus.add(a.getText()): null

2020-03-13 15:52:35 - [TEST_STEP][PASSED] - AllStatus.add(a.getText()): null

2020-03-13 15:52:35 - [TEST_STEP][PASSED] - AllStatus.add(a.getText()): null

2020-03-13 15:52:35 - [TEST_STEP][PASSED] - AllStatus.add(a.getText()): null

2020-03-13 15:52:35 - [TEST_STEP][PASSED] - AllStatus.add(a.getText()): null

2020-03-13 15:52:35 - [TEST_STEP][PASSED] - AllStatus.add(a.getText()): null

2020-03-13 15:52:35 - [TEST_STEP][PASSED] - AllStatus.add(a.getText()): null

2020-03-13 15:52:35 - [TEST_STEP][PASSED] - AllStatus.add(a.getText()): null

2020-03-13 15:52:35 - [TEST_STEP][PASSED] - click(findTestObject("ROLES/Roles_page/Pagination/front_navigation")): Object: 'Object Repository/ROLES/Roles_page/Pagination/front_navigation' is clicked on

2020-03-13 15:52:35 - [MESSAGE][PASSED] - Object: 'Object Repository/ROLES/Roles_page/Pagination/front_navigation' is clicked on

2020-03-13 15:52:35 - [TEST_STEP][PASSED] - status = findWebElements(findTestObject("ROLES/Roles_page/sorting/status"), 2): null

2020-03-13 15:52:37 - [TEST_STEP][PASSED] - for (org.openqa.selenium.WebElement a : status): null

2020-03-13 15:52:37 - [TEST_STEP][PASSED] - AllStatus.add(a.getText()): null

2020-03-13 15:52:37 - [TEST_STEP][PASSED] - AllStatus.add(a.getText()): null

2020-03-13 15:52:37 - [TEST_STEP][PASSED] - AllStatus.add(a.getText()): null

2020-03-13 15:52:37 - [TEST_STEP][PASSED] - AllStatus.add(a.getText()): null

2020-03-13 15:52:37 - [TEST_STEP][PASSED] - AllStatus.add(a.getText()): null

2020-03-13 15:52:37 - [TEST_STEP][PASSED] - AllStatus.add(a.getText()): null

2020-03-13 15:52:37 - [TEST_STEP][PASSED] - AllStatus.add(a.getText()): null

2020-03-13 15:52:37 - [TEST_STEP][PASSED] - AllStatus.add(a.getText()): null

2020-03-13 15:52:37 - [TEST_STEP][PASSED] - AllStatus.add(a.getText()): null

2020-03-13 15:52:37 - [TEST_STEP][PASSED] - AllStatus.add(a.getText()): null

2020-03-13 15:52:37 - [TEST_STEP][PASSED] - click(findTestObject("ROLES/Roles_page/Pagination/front_navigation")): Object: 'Object Repository/ROLES/Roles_page/Pagination/front_navigation' is clicked on

2020-03-13 15:52:38 - [MESSAGE][PASSED] - Object: 'Object Repository/ROLES/Roles_page/Pagination/front_navigation' is clicked on

2020-03-13 15:52:38 - [TEST_STEP][PASSED] - status = findWebElements(findTestObject("ROLES/Roles_page/sorting/status"), 2): null

2020-03-13 15:52:39 - [TEST_STEP][PASSED] - for (org.openqa.selenium.WebElement a : status): null

2020-03-13 15:52:39 - [TEST_STEP][PASSED] - AllStatus.add(a.getText()): null

2020-03-13 15:52:39 - [TEST_STEP][PASSED] - AllStatus.add(a.getText()): null

2020-03-13 15:52:39 - [TEST_STEP][PASSED] - AllStatus.add(a.getText()): null

2020-03-13 15:52:39 - [TEST_STEP][PASSED] - AllStatus.add(a.getText()): null

2020-03-13 15:52:39 - [TEST_STEP][PASSED] - AllStatus.add(a.getText()): null

2020-03-13 15:52:39 - [TEST_STEP][PASSED] - AllStatus.add(a.getText()): null

2020-03-13 15:52:39 - [TEST_STEP][PASSED] - AllStatus.add(a.getText()): null

2020-03-13 15:52:39 - [TEST_STEP][PASSED] - AllStatus.add(a.getText()): null

2020-03-13 15:52:39 - [TEST_STEP][PASSED] - AllStatus.add(a.getText()): null

2020-03-13 15:52:39 - [TEST_STEP][PASSED] - AllStatus.add(a.getText()): null

2020-03-13 15:52:39 - [TEST_STEP][PASSED] - click(findTestObject("ROLES/Roles_page/Pagination/front_navigation")): Object: 'Object Repository/ROLES/Roles_page/Pagination/front_navigation' is clicked on

2020-03-13 15:52:40 - [MESSAGE][PASSED] - Object: 'Object Repository/ROLES/Roles_page/Pagination/front_navigation' is clicked on

2020-03-13 15:52:40 - [TEST_STEP][PASSED] - status = findWebElements(findTestObject("ROLES/Roles_page/sorting/status"), 2): null

2020-03-13 15:52:40 - [TEST_STEP][PASSED] - for (org.openqa.selenium.WebElement a : status): null

2020-03-13 15:52:40 - [TEST_STEP][PASSED] - AllStatus.add(a.getText()): null

2020-03-13 15:52:40 - [TEST_STEP][PASSED] - AllStatus.add(a.getText()): null

2020-03-13 15:52:41 - [TEST_STEP][PASSED] - AllStatus.add(a.getText()): null

2020-03-13 15:52:41 - [TEST_STEP][PASSED] - AllStatus.add(a.getText()): null

2020-03-13 15:52:41 - [TEST_STEP][PASSED] - AllStatus.add(a.getText()): null

2020-03-13 15:52:41 - [TEST_STEP][PASSED] - AllStatus.add(a.getText()): null

2020-03-13 15:52:41 - [TEST_STEP][PASSED] - AllStatus.add(a.getText()): null

2020-03-13 15:52:41 - [TEST_STEP][PASSED] - AllStatus.add(a.getText()): null

2020-03-13 15:52:41 - [TEST_STEP][PASSED] - AllStatus.add(a.getText()): null

2020-03-13 15:52:41 - [TEST_STEP][PASSED] - AllStatus.add(a.getText()): null

2020-03-13 15:52:41 - [TEST_STEP][PASSED] - click(findTestObject("ROLES/Roles_page/Pagination/front_navigation")): Object: 'Object Repository/ROLES/Roles_page/Pagination/front_navigation' is clicked on

2020-03-13 15:52:41 - [MESSAGE][PASSED] - Object: 'Object Repository/ROLES/Roles_page/Pagination/front_navigation' is clicked on

2020-03-13 15:52:41 - [TEST_STEP][PASSED] - status = findWebElements(findTestObject("ROLES/Roles_page/sorting/status"), 2): null

2020-03-13 15:52:42 - [TEST_STEP][PASSED] - for (org.openqa.selenium.WebElement a : status): null

2020-03-13 15:52:42 - [TEST_STEP][PASSED] - AllStatus.add(a.getText()): null

2020-03-13 15:52:42 - [TEST_STEP][PASSED] - AllStatus.add(a.getText()): null

2020-03-13 15:52:42 - [TEST_STEP][PASSED] - AllStatus.add(a.getText()): null

2020-03-13 15:52:42 - [TEST_STEP][PASSED] - AllStatus.add(a.getText()): null

2020-03-13 15:52:42 - [TEST_STEP][PASSED] - AllStatus.add(a.getText()): null

2020-03-13 15:52:42 - [TEST_STEP][PASSED] - AllStatus.add(a.getText()): null

2020-03-13 15:52:42 - [TEST_STEP][PASSED] - AllStatus.add(a.getText()): null

2020-03-13 15:52:42 - [TEST_STEP][PASSED] - AllStatus.add(a.getText()): null

2020-03-13 15:52:42 - [TEST_STEP][PASSED] - AllStatus.add(a.getText()): null

2020-03-13 15:52:42 - [TEST_STEP][PASSED] - AllStatus.add(a.getText()): null

2020-03-13 15:52:42 - [TEST_STEP][PASSED] - click(findTestObject("ROLES/Roles_page/Pagination/front_navigation")): Object: 'Object Repository/ROLES/Roles_page/Pagination/front_navigation' is clicked on

2020-03-13 15:52:43 - [MESSAGE][PASSED] - Object: 'Object Repository/ROLES/Roles_page/Pagination/front_navigation' is clicked on

2020-03-13 15:52:43 - [TEST_STEP][PASSED] - status = findWebElements(findTestObject("ROLES/Roles_page/sorting/status"), 2): null

2020-03-13 15:52:44 - [TEST_STEP][PASSED] - for (org.openqa.selenium.WebElement a : status): null

2020-03-13 15:52:44 - [TEST_STEP][PASSED] - AllStatus.add(a.getText()): null

2020-03-13 15:52:44 - [TEST_STEP][PASSED] - AllStatus.add(a.getText()): null

2020-03-13 15:52:44 - [TEST_STEP][PASSED] - AllStatus.add(a.getText()): null

2020-03-13 15:52:44 - [TEST_STEP][PASSED] - AllStatus.add(a.getText()): null

2020-03-13 15:52:44 - [TEST_STEP][PASSED] - AllStatus.add(a.getText()): null

2020-03-13 15:52:44 - [TEST_STEP][PASSED] - AllStatus.add(a.getText()): null

2020-03-13 15:52:44 - [TEST_STEP][PASSED] - AllStatus.add(a.getText()): null

2020-03-13 15:52:44 - [TEST_STEP][PASSED] - AllStatus.add(a.getText()): null

2020-03-13 15:52:44 - [TEST_STEP][PASSED] - AllStatus.add(a.getText()): null

2020-03-13 15:52:44 - [TEST_STEP][PASSED] - AllStatus.add(a.getText()): null

2020-03-13 15:52:44 - [TEST_STEP][PASSED] - click(findTestObject("ROLES/Roles_page/Pagination/front_navigation")): Object: 'Object Repository/ROLES/Roles_page/Pagination/front_navigation' is clicked on

2020-03-13 15:52:45 - [MESSAGE][PASSED] - Object: 'Object Repository/ROLES/Roles_page/Pagination/front_navigation' is clicked on

2020-03-13 15:52:45 - [TEST_STEP][PASSED] - status = findWebElements(findTestObject("ROLES/Roles_page/sorting/status"), 2): null

2020-03-13 15:52:46 - [TEST_STEP][PASSED] - for (org.openqa.selenium.WebElement a : status): null

2020-03-13 15:52:46 - [TEST_STEP][PASSED] - AllStatus.add(a.getText()): null

2020-03-13 15:52:46 - [TEST_STEP][PASSED] - AllStatus.add(a.getText()): null

2020-03-13 15:52:46 - [TEST_STEP][PASSED] - AllStatus.add(a.getText()): null

2020-03-13 15:52:46 - [TEST_STEP][PASSED] - AllStatus.add(a.getText()): null

2020-03-13 15:52:46 - [TEST_STEP][PASSED] - AllStatus.add(a.getText()): null

2020-03-13 15:52:46 - [TEST_STEP][PASSED] - AllStatus.add(a.getText()): null

2020-03-13 15:52:46 - [TEST_STEP][PASSED] - AllStatus.add(a.getText()): null

2020-03-13 15:52:46 - [TEST_STEP][PASSED] - AllStatus.add(a.getText()): null

2020-03-13 15:52:46 - [TEST_STEP][PASSED] - AllStatus.add(a.getText()): null

2020-03-13 15:52:46 - [TEST_STEP][PASSED] - AllStatus.add(a.getText()): null

2020-03-13 15:52:46 - [TEST_STEP][PASSED] - click(findTestObject("ROLES/Roles_page/Pagination/front_navigation")): Object: 'Object Repository/ROLES/Roles_page/Pagination/front_navigation' is clicked on

2020-03-13 15:52:47 - [MESSAGE][PASSED] - Object: 'Object Repository/ROLES/Roles_page/Pagination/front_navigation' is clicked on

2020-03-13 15:52:47 - [TEST_STEP][PASSED] - status = findWebElements(findTestObject("ROLES/Roles_page/sorting/status"), 2): null

2020-03-13 15:52:48 - [TEST_STEP][PASSED] - for (org.openqa.selenium.WebElement a : status): null

2020-03-13 15:52:48 - [TEST_STEP][PASSED] - AllStatus.add(a.getText()): null

2020-03-13 15:52:48 - [TEST_STEP][PASSED] - AllStatus.add(a.getText()): null

2020-03-13 15:52:48 - [TEST_STEP][PASSED] - AllStatus.add(a.getText()): null

2020-03-13 15:52:48 - [TEST_STEP][PASSED] - AllStatus.add(a.getText()): null

2020-03-13 15:52:48 - [TEST_STEP][PASSED] - AllStatus.add(a.getText()): null

2020-03-13 15:52:48 - [TEST_STEP][PASSED] - AllStatus.add(a.getText()): null

2020-03-13 15:52:48 - [TEST_STEP][PASSED] - AllStatus.add(a.getText()): null

2020-03-13 15:52:48 - [TEST_STEP][PASSED] - AllStatus.add(a.getText()): null

2020-03-13 15:52:48 - [TEST_STEP][PASSED] - click(findTestObject("ROLES/Roles_page/Pagination/front_navigation")): Object: 'Object Repository/ROLES/Roles_page/Pagination/front_navigation' is clicked on

2020-03-13 15:52:51 - [MESSAGE][PASSED] - Object: 'Object Repository/ROLES/Roles_page/Pagination/front_navigation' is clicked on

2020-03-13 15:52:51 - [TEST_STEP][PASSED] - if (j == 1): Text 'BACK_SPACE + BACK_SPACE + ENTER + 1' is set on object 'Object Repository/ROLES/Roles_page/Pagination/input_Page_form-control'

2020-03-13 15:52:51 - [TEST_STEP][PASSED] - isSorted = web.CustomKeyword.checkListDescending(AllStatus): web.CustomKeyword.checkListDescending is PASSED

2020-03-13 15:52:51 - [MESSAGE][PASSED] - web.CustomKeyword.checkListDescending is PASSED

2020-03-13 15:52:51 - [TEST_STEP][PASSED] - println(AllStatus.size()): null

2020-03-13 15:52:51 - [TEST_STEP][PASSED] - println(AllStatus): null

2020-03-13 15:52:51 - [TEST_STEP][PASSED] - verifyEqual(isSorted, true): Actual object 'true' and expected object 'true' are equal

2020-03-13 15:52:51 - [MESSAGE][PASSED] - Actual object 'true' and expected object 'true' are equal

2020-03-13 15:52:51 - [TEST_STEP][PASSED] - clearText(findTestObject("Object Repository/ROLES/Roles_page/Pagination/input_Page_form-control")): Text of object 'Object Repository/ROLES/Roles_page/Pagination/input_Page_form-control' is cleared

2020-03-13 15:52:52 - [MESSAGE][PASSED] - Text of object 'Object Repository/ROLES/Roles_page/Pagination/input_Page_form-control' is cleared

2020-03-13 15:52:52 - [TEST_STEP][PASSED] - setText(findTestObject("Object Repository/ROLES/Roles_page/Pagination/input_Page_form-control"), BACK_SPACE + BACK_SPACE + "1" + ENTER): Text 'BACK_SPACE + BACK_SPACE + ENTER + 1' is set on object 'Object Repository/ROLES/Roles_page/Pagination/input_Page_form-control'

2020-03-13 15:52:52 - [MESSAGE][PASSED] - Text 'BACK_SPACE + BACK_SPACE + ENTER + 1' is set on object 'Object Repository/ROLES/Roles_page/Pagination/input_Page_form-control'

2020-03-13 15:52:52 - [TEST_STEP][PASSED] - if (j == 2): null

2020-03-13 15:52:52 - [TEST_STEP][PASSED] - click(findTestObject("ROLES/Roles_page/sorting/Status_header")): Object: 'Object Repository/ROLES/Roles_page/sorting/Status_header' is clicked on

2020-03-13 15:52:53 - [MESSAGE][PASSED] - Object: 'Object Repository/ROLES/Roles_page/sorting/Status_header' is clicked on

2020-03-13 15:52:53 - [TEST_STEP][PASSED] - status = <not implemented yet for class: org.codehaus.groovy.ast.expr.EmptyExpression>: null

2020-03-13 15:52:53 - [TEST_STEP][PASSED] - AllStatus = new java.util.ArrayList(): null

2020-03-13 15:52:53 - [TEST_STEP][PASSED] - for ([i = 1, i <= noOfPages, (i++)]): Object: 'Object Repository/ROLES/Roles_page/Pagination/front_navigation' is clicked on

2020-03-13 15:52:53 - [TEST_STEP][PASSED] - status = findWebElements(findTestObject("ROLES/Roles_page/sorting/status"), 2): null

2020-03-13 15:52:55 - [TEST_STEP][PASSED] - for (org.openqa.selenium.WebElement a : status): null

2020-03-13 15:52:55 - [TEST_STEP][PASSED] - AllStatus.add(a.getText()): null

2020-03-13 15:52:55 - [TEST_STEP][PASSED] - AllStatus.add(a.getText()): null

2020-03-13 15:52:55 - [TEST_STEP][PASSED] - AllStatus.add(a.getText()): null

2020-03-13 15:52:55 - [TEST_STEP][PASSED] - AllStatus.add(a.getText()): null

2020-03-13 15:52:55 - [TEST_STEP][PASSED] - AllStatus.add(a.getText()): null

2020-03-13 15:52:55 - [TEST_STEP][PASSED] - AllStatus.add(a.getText()): null

2020-03-13 15:52:55 - [TEST_STEP][PASSED] - AllStatus.add(a.getText()): null

2020-03-13 15:52:55 - [TEST_STEP][PASSED] - AllStatus.add(a.getText()): null

2020-03-13 15:52:55 - [TEST_STEP][PASSED] - AllStatus.add(a.getText()): null

2020-03-13 15:52:55 - [TEST_STEP][PASSED] - AllStatus.add(a.getText()): null

2020-03-13 15:52:55 - [TEST_STEP][PASSED] - click(findTestObject("ROLES/Roles_page/Pagination/front_navigation")): Object: 'Object Repository/ROLES/Roles_page/Pagination/front_navigation' is clicked on

2020-03-13 15:52:55 - [MESSAGE][PASSED] - Object: 'Object Repository/ROLES/Roles_page/Pagination/front_navigation' is clicked on

2020-03-13 15:52:55 - [TEST_STEP][PASSED] - status = findWebElements(findTestObject("ROLES/Roles_page/sorting/status"), 2): null

2020-03-13 15:52:57 - [TEST_STEP][PASSED] - for (org.openqa.selenium.WebElement a : status): null

2020-03-13 15:52:57 - [TEST_STEP][PASSED] - AllStatus.add(a.getText()): null

2020-03-13 15:52:57 - [TEST_STEP][PASSED] - AllStatus.add(a.getText()): null

2020-03-13 15:52:57 - [TEST_STEP][PASSED] - AllStatus.add(a.getText()): null

2020-03-13 15:52:57 - [TEST_STEP][PASSED] - AllStatus.add(a.getText()): null

2020-03-13 15:52:57 - [TEST_STEP][PASSED] - AllStatus.add(a.getText()): null

2020-03-13 15:52:57 - [TEST_STEP][PASSED] - AllStatus.add(a.getText()): null

2020-03-13 15:52:57 - [TEST_STEP][PASSED] - AllStatus.add(a.getText()): null

2020-03-13 15:52:57 - [TEST_STEP][PASSED] - AllStatus.add(a.getText()): null

2020-03-13 15:52:57 - [TEST_STEP][PASSED] - AllStatus.add(a.getText()): null

2020-03-13 15:52:57 - [TEST_STEP][PASSED] - AllStatus.add(a.getText()): null

2020-03-13 15:52:57 - [TEST_STEP][PASSED] - click(findTestObject("ROLES/Roles_page/Pagination/front_navigation")): Object: 'Object Repository/ROLES/Roles_page/Pagination/front_navigation' is clicked on

2020-03-13 15:52:58 - [MESSAGE][PASSED] - Object: 'Object Repository/ROLES/Roles_page/Pagination/front_navigation' is clicked on

2020-03-13 15:52:58 - [TEST_STEP][PASSED] - status = findWebElements(findTestObject("ROLES/Roles_page/sorting/status"), 2): null

2020-03-13 15:52:59 - [TEST_STEP][PASSED] - for (org.openqa.selenium.WebElement a : status): null

2020-03-13 15:52:59 - [TEST_STEP][PASSED] - AllStatus.add(a.getText()): null

2020-03-13 15:52:59 - [TEST_STEP][PASSED] - AllStatus.add(a.getText()): null

2020-03-13 15:52:59 - [TEST_STEP][PASSED] - AllStatus.add(a.getText()): null

2020-03-13 15:52:59 - [TEST_STEP][PASSED] - AllStatus.add(a.getText()): null

2020-03-13 15:52:59 - [TEST_STEP][PASSED] - AllStatus.add(a.getText()): null

2020-03-13 15:52:59 - [TEST_STEP][PASSED] - AllStatus.add(a.getText()): null

2020-03-13 15:52:59 - [TEST_STEP][PASSED] - AllStatus.add(a.getText()): null

2020-03-13 15:52:59 - [TEST_STEP][PASSED] - AllStatus.add(a.getText()): null

2020-03-13 15:52:59 - [TEST_STEP][PASSED] - AllStatus.add(a.getText()): null

2020-03-13 15:52:59 - [TEST_STEP][PASSED] - AllStatus.add(a.getText()): null

2020-03-13 15:52:59 - [TEST_STEP][PASSED] - click(findTestObject("ROLES/Roles_page/Pagination/front_navigation")): Object: 'Object Repository/ROLES/Roles_page/Pagination/front_navigation' is clicked on

2020-03-13 15:53:00 - [MESSAGE][PASSED] - Object: 'Object Repository/ROLES/Roles_page/Pagination/front_navigation' is clicked on

2020-03-13 15:53:00 - [TEST_STEP][PASSED] - status = findWebElements(findTestObject("ROLES/Roles_page/sorting/status"), 2): null

2020-03-13 15:53:01 - [TEST_STEP][PASSED] - for (org.openqa.selenium.WebElement a : status): null

2020-03-13 15:53:01 - [TEST_STEP][PASSED] - AllStatus.add(a.getText()): null

2020-03-13 15:53:01 - [TEST_STEP][PASSED] - AllStatus.add(a.getText()): null

2020-03-13 15:53:01 - [TEST_STEP][PASSED] - AllStatus.add(a.getText()): null

2020-03-13 15:53:01 - [TEST_STEP][PASSED] - AllStatus.add(a.getText()): null

2020-03-13 15:53:01 - [TEST_STEP][PASSED] - AllStatus.add(a.getText()): null

2020-03-13 15:53:01 - [TEST_STEP][PASSED] - AllStatus.add(a.getText()): null

2020-03-13 15:53:01 - [TEST_STEP][PASSED] - AllStatus.add(a.getText()): null

2020-03-13 15:53:01 - [TEST_STEP][PASSED] - AllStatus.add(a.getText()): null

2020-03-13 15:53:01 - [TEST_STEP][PASSED] - AllStatus.add(a.getText()): null

2020-03-13 15:53:01 - [TEST_STEP][PASSED] - AllStatus.add(a.getText()): null

2020-03-13 15:53:01 - [TEST_STEP][PASSED] - click(findTestObject("ROLES/Roles_page/Pagination/front_navigation")): Object: 'Object Repository/ROLES/Roles_page/Pagination/front_navigation' is clicked on

2020-03-13 15:53:01 - [MESSAGE][PASSED] - Object: 'Object Repository/ROLES/Roles_page/Pagination/front_navigation' is clicked on

2020-03-13 15:53:01 - [TEST_STEP][PASSED] - status = findWebElements(findTestObject("ROLES/Roles_page/sorting/status"), 2): null

2020-03-13 15:53:02 - [TEST_STEP][PASSED] - for (org.openqa.selenium.WebElement a : status): null

2020-03-13 15:53:02 - [TEST_STEP][PASSED] - AllStatus.add(a.getText()): null

2020-03-13 15:53:02 - [TEST_STEP][PASSED] - AllStatus.add(a.getText()): null

2020-03-13 15:53:02 - [TEST_STEP][PASSED] - AllStatus.add(a.getText()): null

2020-03-13 15:53:02 - [TEST_STEP][PASSED] - AllStatus.add(a.getText()): null

2020-03-13 15:53:02 - [TEST_STEP][PASSED] - AllStatus.add(a.getText()): null

2020-03-13 15:53:03 - [TEST_STEP][PASSED] - AllStatus.add(a.getText()): null

2020-03-13 15:53:03 - [TEST_STEP][PASSED] - AllStatus.add(a.getText()): null

2020-03-13 15:53:03 - [TEST_STEP][PASSED] - AllStatus.add(a.getText()): null

2020-03-13 15:53:03 - [TEST_STEP][PASSED] - AllStatus.add(a.getText()): null

2020-03-13 15:53:03 - [TEST_STEP][PASSED] - AllStatus.add(a.getText()): null

2020-03-13 15:53:03 - [TEST_STEP][PASSED] - click(findTestObject("ROLES/Roles_page/Pagination/front_navigation")): Object: 'Object Repository/ROLES/Roles_page/Pagination/front_navigation' is clicked on

2020-03-13 15:53:03 - [MESSAGE][PASSED] - Object: 'Object Repository/ROLES/Roles_page/Pagination/front_navigation' is clicked on

2020-03-13 15:53:03 - [TEST_STEP][PASSED] - status = findWebElements(findTestObject("ROLES/Roles_page/sorting/status"), 2): null

2020-03-13 15:53:04 - [TEST_STEP][PASSED] - for (org.openqa.selenium.WebElement a : status): null

2020-03-13 15:53:04 - [TEST_STEP][PASSED] - AllStatus.add(a.getText()): null

2020-03-13 15:53:04 - [TEST_STEP][PASSED] - AllStatus.add(a.getText()): null

2020-03-13 15:53:04 - [TEST_STEP][PASSED] - AllStatus.add(a.getText()): null

2020-03-13 15:53:04 - [TEST_STEP][PASSED] - AllStatus.add(a.getText()): null

2020-03-13 15:53:04 - [TEST_STEP][PASSED] - AllStatus.add(a.getText()): null

2020-03-13 15:53:04 - [TEST_STEP][PASSED] - AllStatus.add(a.getText()): null

2020-03-13 15:53:04 - [TEST_STEP][PASSED] - AllStatus.add(a.getText()): null

2020-03-13 15:53:04 - [TEST_STEP][PASSED] - AllStatus.add(a.getText()): null

2020-03-13 15:53:04 - [TEST_STEP][PASSED] - AllStatus.add(a.getText()): null

2020-03-13 15:53:04 - [TEST_STEP][PASSED] - AllStatus.add(a.getText()): null

2020-03-13 15:53:04 - [TEST_STEP][PASSED] - click(findTestObject("ROLES/Roles_page/Pagination/front_navigation")): Object: 'Object Repository/ROLES/Roles_page/Pagination/front_navigation' is clicked on

2020-03-13 15:53:05 - [MESSAGE][PASSED] - Object: 'Object Repository/ROLES/Roles_page/Pagination/front_navigation' is clicked on

2020-03-13 15:53:05 - [TEST_STEP][PASSED] - status = findWebElements(findTestObject("ROLES/Roles_page/sorting/status"), 2): null

2020-03-13 15:53:07 - [TEST_STEP][PASSED] - for (org.openqa.selenium.WebElement a : status): null

2020-03-13 15:53:07 - [TEST_STEP][PASSED] - AllStatus.add(a.getText()): null

2020-03-13 15:53:07 - [TEST_STEP][PASSED] - AllStatus.add(a.getText()): null

2020-03-13 15:53:07 - [TEST_STEP][PASSED] - AllStatus.add(a.getText()): null

2020-03-13 15:53:07 - [TEST_STEP][PASSED] - AllStatus.add(a.getText()): null

2020-03-13 15:53:07 - [TEST_STEP][PASSED] - AllStatus.add(a.getText()): null

2020-03-13 15:53:07 - [TEST_STEP][PASSED] - AllStatus.add(a.getText()): null

2020-03-13 15:53:07 - [TEST_STEP][PASSED] - AllStatus.add(a.getText()): null

2020-03-13 15:53:07 - [TEST_STEP][PASSED] - AllStatus.add(a.getText()): null

2020-03-13 15:53:07 - [TEST_STEP][PASSED] - AllStatus.add(a.getText()): null

2020-03-13 15:53:07 - [TEST_STEP][PASSED] - AllStatus.add(a.getText()): null

2020-03-13 15:53:07 - [TEST_STEP][PASSED] - click(findTestObject("ROLES/Roles_page/Pagination/front_navigation")): Object: 'Object Repository/ROLES/Roles_page/Pagination/front_navigation' is clicked on

2020-03-13 15:53:07 - [MESSAGE][PASSED] - Object: 'Object Repository/ROLES/Roles_page/Pagination/front_navigation' is clicked on

2020-03-13 15:53:07 - [TEST_STEP][PASSED] - status = findWebElements(findTestObject("ROLES/Roles_page/sorting/status"), 2): null

2020-03-13 15:53:08 - [TEST_STEP][PASSED] - for (org.openqa.selenium.WebElement a : status): null

2020-03-13 15:53:08 - [TEST_STEP][PASSED] - AllStatus.add(a.getText()): null

2020-03-13 15:53:08 - [TEST_STEP][PASSED] - AllStatus.add(a.getText()): null

2020-03-13 15:53:08 - [TEST_STEP][PASSED] - AllStatus.add(a.getText()): null

2020-03-13 15:53:08 - [TEST_STEP][PASSED] - AllStatus.add(a.getText()): null

2020-03-13 15:53:08 - [TEST_STEP][PASSED] - AllStatus.add(a.getText()): null

2020-03-13 15:53:08 - [TEST_STEP][PASSED] - AllStatus.add(a.getText()): null

2020-03-13 15:53:09 - [TEST_STEP][PASSED] - AllStatus.add(a.getText()): null

2020-03-13 15:53:09 - [TEST_STEP][PASSED] - AllStatus.add(a.getText()): null

2020-03-13 15:53:09 - [TEST_STEP][PASSED] - AllStatus.add(a.getText()): null

2020-03-13 15:53:09 - [TEST_STEP][PASSED] - AllStatus.add(a.getText()): null

2020-03-13 15:53:09 - [TEST_STEP][PASSED] - click(findTestObject("ROLES/Roles_page/Pagination/front_navigation")): Object: 'Object Repository/ROLES/Roles_page/Pagination/front_navigation' is clicked on

2020-03-13 15:53:09 - [MESSAGE][PASSED] - Object: 'Object Repository/ROLES/Roles_page/Pagination/front_navigation' is clicked on

2020-03-13 15:53:09 - [TEST_STEP][PASSED] - status = findWebElements(findTestObject("ROLES/Roles_page/sorting/status"), 2): null

2020-03-13 15:53:10 - [TEST_STEP][PASSED] - for (org.openqa.selenium.WebElement a : status): null

2020-03-13 15:53:10 - [TEST_STEP][PASSED] - AllStatus.add(a.getText()): null

2020-03-13 15:53:10 - [TEST_STEP][PASSED] - AllStatus.add(a.getText()): null

2020-03-13 15:53:10 - [TEST_STEP][PASSED] - AllStatus.add(a.getText()): null

2020-03-13 15:53:10 - [TEST_STEP][PASSED] - AllStatus.add(a.getText()): null

2020-03-13 15:53:10 - [TEST_STEP][PASSED] - AllStatus.add(a.getText()): null

2020-03-13 15:53:10 - [TEST_STEP][PASSED] - AllStatus.add(a.getText()): null

2020-03-13 15:53:10 - [TEST_STEP][PASSED] - AllStatus.add(a.getText()): null

2020-03-13 15:53:10 - [TEST_STEP][PASSED] - AllStatus.add(a.getText()): null

2020-03-13 15:53:10 - [TEST_STEP][PASSED] - AllStatus.add(a.getText()): null

2020-03-13 15:53:10 - [TEST_STEP][PASSED] - AllStatus.add(a.getText()): null

2020-03-13 15:53:10 - [TEST_STEP][PASSED] - click(findTestObject("ROLES/Roles_page/Pagination/front_navigation")): Object: 'Object Repository/ROLES/Roles_page/Pagination/front_navigation' is clicked on

2020-03-13 15:53:11 - [MESSAGE][PASSED] - Object: 'Object Repository/ROLES/Roles_page/Pagination/front_navigation' is clicked on

2020-03-13 15:53:11 - [TEST_STEP][PASSED] - status = findWebElements(findTestObject("ROLES/Roles_page/sorting/status"), 2): null

2020-03-13 15:53:12 - [TEST_STEP][PASSED] - for (org.openqa.selenium.WebElement a : status): null

2020-03-13 15:53:12 - [TEST_STEP][PASSED] - AllStatus.add(a.getText()): null

2020-03-13 15:53:12 - [TEST_STEP][PASSED] - AllStatus.add(a.getText()): null

2020-03-13 15:53:12 - [TEST_STEP][PASSED] - AllStatus.add(a.getText()): null

2020-03-13 15:53:12 - [TEST_STEP][PASSED] - AllStatus.add(a.getText()): null

2020-03-13 15:53:12 - [TEST_STEP][PASSED] - AllStatus.add(a.getText()): null

2020-03-13 15:53:12 - [TEST_STEP][PASSED] - AllStatus.add(a.getText()): null

2020-03-13 15:53:12 - [TEST_STEP][PASSED] - AllStatus.add(a.getText()): null

2020-03-13 15:53:12 - [TEST_STEP][PASSED] - AllStatus.add(a.getText()): null

2020-03-13 15:53:12 - [TEST_STEP][PASSED] - AllStatus.add(a.getText()): null

2020-03-13 15:53:12 - [TEST_STEP][PASSED] - AllStatus.add(a.getText()): null

2020-03-13 15:53:12 - [TEST_STEP][PASSED] - click(findTestObject("ROLES/Roles_page/Pagination/front_navigation")): Object: 'Object Repository/ROLES/Roles_page/Pagination/front_navigation' is clicked on

2020-03-13 15:53:13 - [MESSAGE][PASSED] - Object: 'Object Repository/ROLES/Roles_page/Pagination/front_navigation' is clicked on

2020-03-13 15:53:13 - [TEST_STEP][PASSED] - status = findWebElements(findTestObject("ROLES/Roles_page/sorting/status"), 2): null

2020-03-13 15:53:13 - [TEST_STEP][PASSED] - for (org.openqa.selenium.WebElement a : status): null

2020-03-13 15:53:13 - [TEST_STEP][PASSED] - AllStatus.add(a.getText()): null

2020-03-13 15:53:13 - [TEST_STEP][PASSED] - AllStatus.add(a.getText()): null

2020-03-13 15:53:13 - [TEST_STEP][PASSED] - AllStatus.add(a.getText()): null

2020-03-13 15:53:13 - [TEST_STEP][PASSED] - AllStatus.add(a.getText()): null

2020-03-13 15:53:13 - [TEST_STEP][PASSED] - AllStatus.add(a.getText()): null

2020-03-13 15:53:13 - [TEST_STEP][PASSED] - AllStatus.add(a.getText()): null

2020-03-13 15:53:14 - [TEST_STEP][PASSED] - AllStatus.add(a.getText()): null

2020-03-13 15:53:14 - [TEST_STEP][PASSED] - AllStatus.add(a.getText()): null

2020-03-13 15:53:14 - [TEST_STEP][PASSED] - AllStatus.add(a.getText()): null

2020-03-13 15:53:14 - [TEST_STEP][PASSED] - AllStatus.add(a.getText()): null

2020-03-13 15:53:14 - [TEST_STEP][PASSED] - click(findTestObject("ROLES/Roles_page/Pagination/front_navigation")): Object: 'Object Repository/ROLES/Roles_page/Pagination/front_navigation' is clicked on

2020-03-13 15:53:14 - [MESSAGE][PASSED] - Object: 'Object Repository/ROLES/Roles_page/Pagination/front_navigation' is clicked on

2020-03-13 15:53:14 - [TEST_STEP][PASSED] - status = findWebElements(findTestObject("ROLES/Roles_page/sorting/status"), 2): null

2020-03-13 15:53:15 - [TEST_STEP][PASSED] - for (org.openqa.selenium.WebElement a : status): null

2020-03-13 15:53:15 - [TEST_STEP][PASSED] - AllStatus.add(a.getText()): null

2020-03-13 15:53:15 - [TEST_STEP][PASSED] - AllStatus.add(a.getText()): null

2020-03-13 15:53:15 - [TEST_STEP][PASSED] - AllStatus.add(a.getText()): null

2020-03-13 15:53:15 - [TEST_STEP][PASSED] - AllStatus.add(a.getText()): null

2020-03-13 15:53:15 - [TEST_STEP][PASSED] - AllStatus.add(a.getText()): null

2020-03-13 15:53:15 - [TEST_STEP][PASSED] - AllStatus.add(a.getText()): null

2020-03-13 15:53:15 - [TEST_STEP][PASSED] - AllStatus.add(a.getText()): null

2020-03-13 15:53:15 - [TEST_STEP][PASSED] - AllStatus.add(a.getText()): null

2020-03-13 15:53:15 - [TEST_STEP][PASSED] - AllStatus.add(a.getText()): null

2020-03-13 15:53:15 - [TEST_STEP][PASSED] - AllStatus.add(a.getText()): null

2020-03-13 15:53:15 - [TEST_STEP][PASSED] - click(findTestObject("ROLES/Roles_page/Pagination/front_navigation")): Object: 'Object Repository/ROLES/Roles_page/Pagination/front_navigation' is clicked on

2020-03-13 15:53:16 - [MESSAGE][PASSED] - Object: 'Object Repository/ROLES/Roles_page/Pagination/front_navigation' is clicked on

2020-03-13 15:53:16 - [TEST_STEP][PASSED] - status = findWebElements(findTestObject("ROLES/Roles_page/sorting/status"), 2): null

2020-03-13 15:53:17 - [TEST_STEP][PASSED] - for (org.openqa.selenium.WebElement a : status): null

2020-03-13 15:53:17 - [TEST_STEP][PASSED] - AllStatus.add(a.getText()): null

2020-03-13 15:53:17 - [TEST_STEP][PASSED] - AllStatus.add(a.getText()): null

2020-03-13 15:53:17 - [TEST_STEP][PASSED] - AllStatus.add(a.getText()): null

2020-03-13 15:53:17 - [TEST_STEP][PASSED] - AllStatus.add(a.getText()): null

2020-03-13 15:53:17 - [TEST_STEP][PASSED] - AllStatus.add(a.getText()): null

2020-03-13 15:53:17 - [TEST_STEP][PASSED] - AllStatus.add(a.getText()): null

2020-03-13 15:53:17 - [TEST_STEP][PASSED] - AllStatus.add(a.getText()): null

2020-03-13 15:53:17 - [TEST_STEP][PASSED] - AllStatus.add(a.getText()): null

2020-03-13 15:53:17 - [TEST_STEP][PASSED] - AllStatus.add(a.getText()): null

2020-03-13 15:53:17 - [TEST_STEP][PASSED] - AllStatus.add(a.getText()): null

2020-03-13 15:53:17 - [TEST_STEP][PASSED] - click(findTestObject("ROLES/Roles_page/Pagination/front_navigation")): Object: 'Object Repository/ROLES/Roles_page/Pagination/front_navigation' is clicked on

2020-03-13 15:53:18 - [MESSAGE][PASSED] - Object: 'Object Repository/ROLES/Roles_page/Pagination/front_navigation' is clicked on

2020-03-13 15:53:18 - [TEST_STEP][PASSED] - status = findWebElements(findTestObject("ROLES/Roles_page/sorting/status"), 2): null

2020-03-13 15:53:18 - [TEST_STEP][PASSED] - for (org.openqa.selenium.WebElement a : status): null

2020-03-13 15:53:18 - [TEST_STEP][PASSED] - AllStatus.add(a.getText()): null

2020-03-13 15:53:18 - [TEST_STEP][PASSED] - AllStatus.add(a.getText()): null

2020-03-13 15:53:19 - [TEST_STEP][PASSED] - AllStatus.add(a.getText()): null

2020-03-13 15:53:19 - [TEST_STEP][PASSED] - AllStatus.add(a.getText()): null

2020-03-13 15:53:19 - [TEST_STEP][PASSED] - AllStatus.add(a.getText()): null

2020-03-13 15:53:19 - [TEST_STEP][PASSED] - AllStatus.add(a.getText()): null

2020-03-13 15:53:19 - [TEST_STEP][PASSED] - AllStatus.add(a.getText()): null

2020-03-13 15:53:19 - [TEST_STEP][PASSED] - AllStatus.add(a.getText()): null

2020-03-13 15:53:19 - [TEST_STEP][PASSED] - AllStatus.add(a.getText()): null

2020-03-13 15:53:19 - [TEST_STEP][PASSED] - AllStatus.add(a.getText()): null

2020-03-13 15:53:19 - [TEST_STEP][PASSED] - click(findTestObject("ROLES/Roles_page/Pagination/front_navigation")): Object: 'Object Repository/ROLES/Roles_page/Pagination/front_navigation' is clicked on

2020-03-13 15:53:19 - [MESSAGE][PASSED] - Object: 'Object Repository/ROLES/Roles_page/Pagination/front_navigation' is clicked on

2020-03-13 15:53:19 - [TEST_STEP][PASSED] - status = findWebElements(findTestObject("ROLES/Roles_page/sorting/status"), 2): null

2020-03-13 15:53:20 - [TEST_STEP][PASSED] - for (org.openqa.selenium.WebElement a : status): null

2020-03-13 15:53:20 - [TEST_STEP][PASSED] - AllStatus.add(a.getText()): null

2020-03-13 15:53:20 - [TEST_STEP][PASSED] - AllStatus.add(a.getText()): null

2020-03-13 15:53:20 - [TEST_STEP][PASSED] - AllStatus.add(a.getText()): null

2020-03-13 15:53:20 - [TEST_STEP][PASSED] - AllStatus.add(a.getText()): null

2020-03-13 15:53:20 - [TEST_STEP][PASSED] - AllStatus.add(a.getText()): null

2020-03-13 15:53:20 - [TEST_STEP][PASSED] - AllStatus.add(a.getText()): null

2020-03-13 15:53:20 - [TEST_STEP][PASSED] - AllStatus.add(a.getText()): null

2020-03-13 15:53:20 - [TEST_STEP][PASSED] - AllStatus.add(a.getText()): null

2020-03-13 15:53:20 - [TEST_STEP][PASSED] - AllStatus.add(a.getText()): null

2020-03-13 15:53:20 - [TEST_STEP][PASSED] - AllStatus.add(a.getText()): null

2020-03-13 15:53:20 - [TEST_STEP][PASSED] - click(findTestObject("ROLES/Roles_page/Pagination/front_navigation")): Object: 'Object Repository/ROLES/Roles_page/Pagination/front_navigation' is clicked on

2020-03-13 15:53:21 - [MESSAGE][PASSED] - Object: 'Object Repository/ROLES/Roles_page/Pagination/front_navigation' is clicked on

2020-03-13 15:53:21 - [TEST_STEP][PASSED] - status = findWebElements(findTestObject("ROLES/Roles_page/sorting/status"), 2): null

2020-03-13 15:53:22 - [TEST_STEP][PASSED] - for (org.openqa.selenium.WebElement a : status): null

2020-03-13 15:53:22 - [TEST_STEP][PASSED] - AllStatus.add(a.getText()): null

2020-03-13 15:53:22 - [TEST_STEP][PASSED] - AllStatus.add(a.getText()): null

2020-03-13 15:53:22 - [TEST_STEP][PASSED] - AllStatus.add(a.getText()): null

2020-03-13 15:53:22 - [TEST_STEP][PASSED] - AllStatus.add(a.getText()): null

2020-03-13 15:53:22 - [TEST_STEP][PASSED] - AllStatus.add(a.getText()): null

2020-03-13 15:53:22 - [TEST_STEP][PASSED] - AllStatus.add(a.getText()): null

2020-03-13 15:53:22 - [TEST_STEP][PASSED] - AllStatus.add(a.getText()): null

2020-03-13 15:53:22 - [TEST_STEP][PASSED] - AllStatus.add(a.getText()): null

2020-03-13 15:53:22 - [TEST_STEP][PASSED] - AllStatus.add(a.getText()): null

2020-03-13 15:53:22 - [TEST_STEP][PASSED] - AllStatus.add(a.getText()): null

2020-03-13 15:53:22 - [TEST_STEP][PASSED] - click(findTestObject("ROLES/Roles_page/Pagination/front_navigation")): Object: 'Object Repository/ROLES/Roles_page/Pagination/front_navigation' is clicked on

2020-03-13 15:53:23 - [MESSAGE][PASSED] - Object: 'Object Repository/ROLES/Roles_page/Pagination/front_navigation' is clicked on

2020-03-13 15:53:23 - [TEST_STEP][PASSED] - status = findWebElements(findTestObject("ROLES/Roles_page/sorting/status"), 2): null

2020-03-13 15:53:24 - [TEST_STEP][PASSED] - for (org.openqa.selenium.WebElement a : status): null

2020-03-13 15:53:24 - [TEST_STEP][PASSED] - AllStatus.add(a.getText()): null

2020-03-13 15:53:24 - [TEST_STEP][PASSED] - AllStatus.add(a.getText()): null

2020-03-13 15:53:24 - [TEST_STEP][PASSED] - AllStatus.add(a.getText()): null

2020-03-13 15:53:24 - [TEST_STEP][PASSED] - AllStatus.add(a.getText()): null

2020-03-13 15:53:24 - [TEST_STEP][PASSED] - AllStatus.add(a.getText()): null

2020-03-13 15:53:24 - [TEST_STEP][PASSED] - AllStatus.add(a.getText()): null

2020-03-13 15:53:24 - [TEST_STEP][PASSED] - AllStatus.add(a.getText()): null

2020-03-13 15:53:24 - [TEST_STEP][PASSED] - AllStatus.add(a.getText()): null

2020-03-13 15:53:24 - [TEST_STEP][PASSED] - AllStatus.add(a.getText()): null

2020-03-13 15:53:24 - [TEST_STEP][PASSED] - AllStatus.add(a.getText()): null

2020-03-13 15:53:24 - [TEST_STEP][PASSED] - click(findTestObject("ROLES/Roles_page/Pagination/front_navigation")): Object: 'Object Repository/ROLES/Roles_page/Pagination/front_navigation' is clicked on

2020-03-13 15:53:25 - [MESSAGE][PASSED] - Object: 'Object Repository/ROLES/Roles_page/Pagination/front_navigation' is clicked on

2020-03-13 15:53:25 - [TEST_STEP][PASSED] - status = findWebElements(findTestObject("ROLES/Roles_page/sorting/status"), 2): null

2020-03-13 15:53:27 - [TEST_STEP][PASSED] - for (org.openqa.selenium.WebElement a : status): null

2020-03-13 15:53:27 - [TEST_STEP][PASSED] - AllStatus.add(a.getText()): null

2020-03-13 15:53:27 - [TEST_STEP][PASSED] - AllStatus.add(a.getText()): null

2020-03-13 15:53:27 - [TEST_STEP][PASSED] - AllStatus.add(a.getText()): null

2020-03-13 15:53:27 - [TEST_STEP][PASSED] - AllStatus.add(a.getText()): null

2020-03-13 15:53:27 - [TEST_STEP][PASSED] - AllStatus.add(a.getText()): null

2020-03-13 15:53:27 - [TEST_STEP][PASSED] - AllStatus.add(a.getText()): null

2020-03-13 15:53:27 - [TEST_STEP][PASSED] - AllStatus.add(a.getText()): null

2020-03-13 15:53:27 - [TEST_STEP][PASSED] - AllStatus.add(a.getText()): null

2020-03-13 15:53:27 - [TEST_STEP][PASSED] - click(findTestObject("ROLES/Roles_page/Pagination/front_navigation")): Object: 'Object Repository/ROLES/Roles_page/Pagination/front_navigation' is clicked on

2020-03-13 15:53:30 - [MESSAGE][PASSED] - Object: 'Object Repository/ROLES/Roles_page/Pagination/front_navigation' is clicked on

2020-03-13 15:53:30 - [TEST_STEP][PASSED] - if (j == 1): null

2020-03-13 15:53:30 - [TEST_STEP][PASSED] - if (j == 2): Actual object 'true' and expected object 'true' are equal

2020-03-13 15:53:30 - [TEST_STEP][PASSED] - isSorted = web.CustomKeyword.checkListAscendingOrder(AllStatus): web.CustomKeyword.checkListAscendingOrder is PASSED

2020-03-13 15:53:30 - [MESSAGE][PASSED] - web.CustomKeyword.checkListAscendingOrder is PASSED

2020-03-13 15:53:30 - [TEST_STEP][PASSED] - println(AllStatus.size()): null

2020-03-13 15:53:30 - [TEST_STEP][PASSED] - println(AllStatus): null

2020-03-13 15:53:30 - [TEST_STEP][PASSED] - verifyEqual(isSorted, true): Actual object 'true' and expected object 'true' are equal

2020-03-13 15:53:30 - [MESSAGE][PASSED] - Actual object 'true' and expected object 'true' are equal

2020-03-13 15:53:30 - [TEST_STEP][PASSED] - clearText(findTestObject("Object Repository/ROLES/Roles_page/Pagination/input_Page_form-control")): Text of object 'Object Repository/ROLES/Roles_page/Pagination/input_Page_form-control' is cleared

2020-03-13 15:53:30 - [MESSAGE][PASSED] - Text of object 'Object Repository/ROLES/Roles_page/Pagination/input_Page_form-control' is cleared

2020-03-13 15:53:30 - [TEST_STEP][PASSED] - setText(findTestObject("Object Repository/ROLES/Roles_page/Pagination/input_Page_form-control"), BACK_SPACE + BACK_SPACE + "1" + ENTER): Text 'BACK_SPACE + BACK_SPACE + ENTER + 1' is set on object 'Object Repository/ROLES/Roles_page/Pagination/input_Page_form-control'

2020-03-13 15:53:30 - [MESSAGE][PASSED] - Text 'BACK_SPACE + BACK_SPACE + ENTER + 1' is set on object 'Object Repository/ROLES/Roles_page/Pagination/input_Page_form-control'

2020-03-13 15:53:30 - [TEST_STEP][PASSED] - Start listener action : sampleAfterTestCase: null

2020-03-13 15:53:30 - [TEST_STEP][PASSED] - println(testCaseContext.getTestCaseId()): null

2020-03-13 15:53:30 - [TEST_STEP][PASSED] - println(testCaseContext.getTestCaseStatus()): null

2020-03-13 15:53:30 - [TEST_STEP][PASSED] - println("On Failure Method is Calling : " + testCaseContext.getTestCaseStatus()): null

2020-03-13 15:53:30 - [TEST_STEP][PASSED] - if (!(getTestCaseStatus().equalsIgnoreCase("PASSED"))): null]]></system-out>
         <system-err><![CDATA[]]></system-err>
      </testcase>
      <testcase name="Test Cases/Atlas Platform/Platform Navigation/Logout/Logout" time="3.641" classname="Test Cases/Atlas Platform/Platform Navigation/Logout/Logout" status="PASSED">
         <system-out><![CDATA[2020-03-13 15:53:33 - [TEST_CASE][PASSED] - Test Cases/Atlas Platform/Platform Navigation/Logout/Logout: Test Cases/Atlas Platform/Platform Navigation/Logout/Logout

2020-03-13 15:53:33 - [TEST_STEP][PASSED] - click(findTestObject("Logout/My Account")): Object: 'Object Repository/Logout/My Account' is clicked on

2020-03-13 15:53:34 - [MESSAGE][PASSED] - Object: 'Object Repository/Logout/My Account' is clicked on

2020-03-13 15:53:34 - [TEST_STEP][PASSED] - click(findTestObject("Logout/li_Log Out")): Object: 'Object Repository/Logout/li_Log Out' is clicked on

2020-03-13 15:53:34 - [MESSAGE][PASSED] - Object: 'Object Repository/Logout/li_Log Out' is clicked on

2020-03-13 15:53:34 - [TEST_STEP][PASSED] - Start listener action : sampleAfterTestCase: null

2020-03-13 15:53:34 - [TEST_STEP][PASSED] - println(testCaseContext.getTestCaseId()): null

2020-03-13 15:53:34 - [TEST_STEP][PASSED] - println(testCaseContext.getTestCaseStatus()): null

2020-03-13 15:53:34 - [TEST_STEP][PASSED] - println("On Failure Method is Calling : " + testCaseContext.getTestCaseStatus()): null

2020-03-13 15:53:34 - [TEST_STEP][PASSED] - if (!(getTestCaseStatus().equalsIgnoreCase("PASSED"))): null]]></system-out>
         <system-err><![CDATA[]]></system-err>
      </testcase>
      <system-out><![CDATA[2020-03-13 15:44:37 - [TEST_SUITE][PASSED] - Roles (sanity): Test Cases/Atlas Platform/Platform Navigation/Logout/Logout]]></system-out>
      <system-err><![CDATA[]]></system-err>
   </testsuite>
</testsuites>
